[2023-06-16T01:13:58.992+0000] {taskinstance.py:1103} INFO - Dependencies all met for dep_context=non-requeueable deps ti=<TaskInstance: demo_dag.executor_task scheduled__2023-06-16T00:00:00+00:00 [queued]>
[2023-06-16T01:13:59.310+0000] {taskinstance.py:1103} INFO - Dependencies all met for dep_context=requeueable deps ti=<TaskInstance: demo_dag.executor_task scheduled__2023-06-16T00:00:00+00:00 [queued]>
[2023-06-16T01:13:59.310+0000] {taskinstance.py:1308} INFO - Starting attempt 1 of 4
[2023-06-16T01:13:59.354+0000] {taskinstance.py:1327} INFO - Executing <Task(BashOperator): executor_task> on 2023-06-16 00:00:00+00:00
[2023-06-16T01:13:59.362+0000] {standard_task_runner.py:57} INFO - Started process 3967 to run task
[2023-06-16T01:13:59.365+0000] {standard_task_runner.py:84} INFO - Running: ['***', 'tasks', 'run', 'demo_dag', 'executor_task', 'scheduled__2023-06-16T00:00:00+00:00', '--job-id', '7', '--raw', '--subdir', 'DAGS_FOLDER/demo_dag.py', '--cfg-path', '/tmp/tmpnfugkskt']
[2023-06-16T01:13:59.367+0000] {standard_task_runner.py:85} INFO - Job 7: Subtask executor_task
[2023-06-16T01:13:59.428+0000] {task_command.py:410} INFO - Running <TaskInstance: demo_dag.executor_task scheduled__2023-06-16T00:00:00+00:00 [running]> on host c01f9dbc1aeb
[2023-06-16T01:13:59.546+0000] {taskinstance.py:1547} INFO - Exporting env vars: AIRFLOW_CTX_DAG_EMAIL='personaltraingcp@gmail.com' AIRFLOW_CTX_DAG_OWNER='Leyner_Bejarano' AIRFLOW_CTX_DAG_ID='demo_dag' AIRFLOW_CTX_TASK_ID='executor_task' AIRFLOW_CTX_EXECUTION_DATE='2023-06-16T00:00:00+00:00' AIRFLOW_CTX_TRY_NUMBER='1' AIRFLOW_CTX_DAG_RUN_ID='scheduled__2023-06-16T00:00:00+00:00'
[2023-06-16T01:13:59.671+0000] {subprocess.py:63} INFO - Tmp dir root location: 
 /tmp
[2023-06-16T01:13:59.689+0000] {subprocess.py:75} INFO - Running command: ['/bin/bash', '-c', '\n        cd /opt/***/dags &&\n        echo $(pwd) &&\n        ls -ltr &&\n        python --version &&\n        python3 --version \n        ']
[2023-06-16T01:13:59.740+0000] {subprocess.py:86} INFO - Output:
[2023-06-16T01:13:59.752+0000] {subprocess.py:93} INFO - /opt/***/dags
[2023-06-16T01:13:59.928+0000] {subprocess.py:93} INFO - total 8
[2023-06-16T01:13:59.928+0000] {subprocess.py:93} INFO - -rw-rw-r-- 1 default 1001    0 Jun 15 23:58 random.txt
[2023-06-16T01:13:59.929+0000] {subprocess.py:93} INFO - -rw-rw-r-- 1 default 1001 1186 Jun 15 23:58 demo_dag.py
[2023-06-16T01:13:59.929+0000] {subprocess.py:93} INFO - drwxrwxr-x 2 default root 4096 Jun 15 23:58 __pycache__
[2023-06-16T01:13:59.938+0000] {subprocess.py:93} INFO - Python 3.7.16
[2023-06-16T01:13:59.940+0000] {subprocess.py:93} INFO - Python 3.7.16
[2023-06-16T01:13:59.940+0000] {subprocess.py:97} INFO - Command exited with return code 0
[2023-06-16T01:14:00.006+0000] {taskinstance.py:1350} INFO - Marking task as SUCCESS. dag_id=demo_dag, task_id=executor_task, execution_date=20230616T000000, start_date=20230616T011359, end_date=20230616T011400
[2023-06-16T01:14:00.057+0000] {local_task_job_runner.py:225} INFO - Task exited with return code 0
[2023-06-16T01:14:00.081+0000] {taskinstance.py:2651} INFO - 0 downstream tasks scheduled from follow-on schedule check
