[2023-06-15T23:48:17.702+0000] {taskinstance.py:1103} INFO - Dependencies all met for dep_context=non-requeueable deps ti=<TaskInstance: demo_dag.executor_task scheduled__2023-06-15T22:00:00+00:00 [queued]>
[2023-06-15T23:48:22.946+0000] {taskinstance.py:1103} INFO - Dependencies all met for dep_context=requeueable deps ti=<TaskInstance: demo_dag.executor_task scheduled__2023-06-15T22:00:00+00:00 [queued]>
[2023-06-15T23:48:22.946+0000] {taskinstance.py:1308} INFO - Starting attempt 2 of 4
[2023-06-15T23:49:25.815+0000] {taskinstance.py:1327} INFO - Executing <Task(BashOperator): executor_task> on 2023-06-15 22:00:00+00:00
[2023-06-15T23:49:25.821+0000] {standard_task_runner.py:57} INFO - Started process 2806 to run task
[2023-06-15T23:49:25.824+0000] {standard_task_runner.py:84} INFO - Running: ['***', 'tasks', 'run', 'demo_dag', 'executor_task', 'scheduled__2023-06-15T22:00:00+00:00', '--job-id', '3', '--raw', '--subdir', 'DAGS_FOLDER/demo_dag.py', '--cfg-path', '/tmp/tmpxtp1ti_9']
[2023-06-15T23:49:25.826+0000] {standard_task_runner.py:85} INFO - Job 3: Subtask executor_task
[2023-06-15T23:49:25.899+0000] {task_command.py:410} INFO - Running <TaskInstance: demo_dag.executor_task scheduled__2023-06-15T22:00:00+00:00 [running]> on host c01f9dbc1aeb
[2023-06-15T23:49:26.125+0000] {taskinstance.py:1547} INFO - Exporting env vars: AIRFLOW_CTX_DAG_EMAIL='personaltraingcp@gmail.com' AIRFLOW_CTX_DAG_OWNER='Leyner_Bejarano' AIRFLOW_CTX_DAG_ID='demo_dag' AIRFLOW_CTX_TASK_ID='executor_task' AIRFLOW_CTX_EXECUTION_DATE='2023-06-15T22:00:00+00:00' AIRFLOW_CTX_TRY_NUMBER='2' AIRFLOW_CTX_DAG_RUN_ID='scheduled__2023-06-15T22:00:00+00:00'
[2023-06-15T23:49:26.126+0000] {subprocess.py:63} INFO - Tmp dir root location: 
 /tmp
[2023-06-15T23:49:26.127+0000] {subprocess.py:75} INFO - Running command: ['/bin/bash', '-c', '\n        echo $(pwd) &&\n        ls -ltr &&\n        python --version &&\n        python3 --version \n        ']
[2023-06-15T23:49:26.152+0000] {subprocess.py:86} INFO - Output:
[2023-06-15T23:49:26.182+0000] {subprocess.py:93} INFO - /tmp/***tmpjtaw3m7u
[2023-06-15T23:49:26.256+0000] {subprocess.py:93} INFO - total 0
[2023-06-15T23:49:26.258+0000] {subprocess.py:93} INFO - Python 3.7.16
[2023-06-15T23:49:26.260+0000] {subprocess.py:93} INFO - Python 3.7.16
[2023-06-15T23:49:26.261+0000] {subprocess.py:97} INFO - Command exited with return code 0
[2023-06-15T23:49:26.315+0000] {taskinstance.py:1350} INFO - Marking task as SUCCESS. dag_id=demo_dag, task_id=executor_task, execution_date=20230615T220000, start_date=20230615T234821, end_date=20230615T234926
[2023-06-15T23:49:27.078+0000] {local_task_job_runner.py:225} INFO - Task exited with return code 0
[2023-06-15T23:49:27.130+0000] {taskinstance.py:2651} INFO - 0 downstream tasks scheduled from follow-on schedule check
