[2023-06-15T23:59:20.529+0000] {taskinstance.py:1103} INFO - Dependencies all met for dep_context=non-requeueable deps ti=<TaskInstance: demo_dag.executor_task manual__2023-06-15T23:55:13.031396+00:00 [queued]>
[2023-06-15T23:59:20.545+0000] {taskinstance.py:1103} INFO - Dependencies all met for dep_context=requeueable deps ti=<TaskInstance: demo_dag.executor_task manual__2023-06-15T23:55:13.031396+00:00 [queued]>
[2023-06-15T23:59:20.545+0000] {taskinstance.py:1308} INFO - Starting attempt 2 of 5
[2023-06-15T23:59:20.596+0000] {taskinstance.py:1327} INFO - Executing <Task(BashOperator): executor_task> on 2023-06-15 23:55:13.031396+00:00
[2023-06-15T23:59:20.635+0000] {standard_task_runner.py:57} INFO - Started process 2987 to run task
[2023-06-15T23:59:20.640+0000] {standard_task_runner.py:84} INFO - Running: ['***', 'tasks', 'run', 'demo_dag', 'executor_task', 'manual__2023-06-15T23:55:13.031396+00:00', '--job-id', '5', '--raw', '--subdir', 'DAGS_FOLDER/demo_dag.py', '--cfg-path', '/tmp/tmpyslax5cl']
[2023-06-15T23:59:20.644+0000] {standard_task_runner.py:85} INFO - Job 5: Subtask executor_task
[2023-06-15T23:59:20.746+0000] {task_command.py:410} INFO - Running <TaskInstance: demo_dag.executor_task manual__2023-06-15T23:55:13.031396+00:00 [running]> on host c01f9dbc1aeb
[2023-06-15T23:59:21.017+0000] {taskinstance.py:1547} INFO - Exporting env vars: AIRFLOW_CTX_DAG_EMAIL='personaltraingcp@gmail.com' AIRFLOW_CTX_DAG_OWNER='Leyner_Bejarano' AIRFLOW_CTX_DAG_ID='demo_dag' AIRFLOW_CTX_TASK_ID='executor_task' AIRFLOW_CTX_EXECUTION_DATE='2023-06-15T23:55:13.031396+00:00' AIRFLOW_CTX_TRY_NUMBER='2' AIRFLOW_CTX_DAG_RUN_ID='manual__2023-06-15T23:55:13.031396+00:00'
[2023-06-15T23:59:21.021+0000] {subprocess.py:63} INFO - Tmp dir root location: 
 /tmp
[2023-06-15T23:59:21.022+0000] {subprocess.py:75} INFO - Running command: ['/bin/bash', '-c', '\n        cd /opt/***/dags &&\n        echo $(pwd) &&\n        ls -ltr &&\n        python --version &&\n        python3 --version \n        ']
[2023-06-15T23:59:21.048+0000] {subprocess.py:86} INFO - Output:
[2023-06-15T23:59:21.053+0000] {subprocess.py:93} INFO - /opt/***/dags
[2023-06-15T23:59:21.057+0000] {subprocess.py:93} INFO - total 8
[2023-06-15T23:59:21.058+0000] {subprocess.py:93} INFO - -rw-rw-r-- 1 default 1001    0 Jun 15 23:58 random.txt
[2023-06-15T23:59:21.058+0000] {subprocess.py:93} INFO - -rw-rw-r-- 1 default 1001 1186 Jun 15 23:58 demo_dag.py
[2023-06-15T23:59:21.058+0000] {subprocess.py:93} INFO - drwxrwxr-x 2 default root 4096 Jun 15 23:58 __pycache__
[2023-06-15T23:59:21.063+0000] {subprocess.py:93} INFO - Python 3.7.16
[2023-06-15T23:59:21.069+0000] {subprocess.py:93} INFO - Python 3.7.16
[2023-06-15T23:59:21.070+0000] {subprocess.py:97} INFO - Command exited with return code 0
[2023-06-15T23:59:21.136+0000] {taskinstance.py:1350} INFO - Marking task as SUCCESS. dag_id=demo_dag, task_id=executor_task, execution_date=20230615T235513, start_date=20230615T235920, end_date=20230615T235921
[2023-06-15T23:59:21.219+0000] {local_task_job_runner.py:225} INFO - Task exited with return code 0
[2023-06-15T23:59:21.272+0000] {taskinstance.py:2651} INFO - 0 downstream tasks scheduled from follow-on schedule check
