[2023-06-16T03:00:03.174+0000] {taskinstance.py:1103} INFO - Dependencies all met for dep_context=non-requeueable deps ti=<TaskInstance: demo_dag.executor_task scheduled__2023-06-16T02:00:00+00:00 [queued]>
[2023-06-16T03:00:03.189+0000] {taskinstance.py:1103} INFO - Dependencies all met for dep_context=requeueable deps ti=<TaskInstance: demo_dag.executor_task scheduled__2023-06-16T02:00:00+00:00 [queued]>
[2023-06-16T03:00:03.189+0000] {taskinstance.py:1308} INFO - Starting attempt 1 of 4
[2023-06-16T03:00:03.314+0000] {taskinstance.py:1327} INFO - Executing <Task(BashOperator): executor_task> on 2023-06-16 02:00:00+00:00
[2023-06-16T03:00:03.322+0000] {standard_task_runner.py:57} INFO - Started process 4505 to run task
[2023-06-16T03:00:03.326+0000] {standard_task_runner.py:84} INFO - Running: ['***', 'tasks', 'run', 'demo_dag', 'executor_task', 'scheduled__2023-06-16T02:00:00+00:00', '--job-id', '10', '--raw', '--subdir', 'DAGS_FOLDER/demo_dag.py', '--cfg-path', '/tmp/tmpw9wwttp5']
[2023-06-16T03:00:03.328+0000] {standard_task_runner.py:85} INFO - Job 10: Subtask executor_task
[2023-06-16T03:00:03.392+0000] {task_command.py:410} INFO - Running <TaskInstance: demo_dag.executor_task scheduled__2023-06-16T02:00:00+00:00 [running]> on host c01f9dbc1aeb
[2023-06-16T03:00:03.472+0000] {warnings.py:110} WARNING - /home/***/.local/lib/python3.7/site-packages/***/utils/context.py:205: AirflowContextDeprecationWarning: Accessing 'execution_date' from the template is deprecated and will be removed in a future version. Please use 'data_interval_start' or 'logical_date' instead.
  warnings.warn(_create_deprecation_warning(key, self._deprecation_replacements[key]))

[2023-06-16T03:00:03.541+0000] {taskinstance.py:1547} INFO - Exporting env vars: AIRFLOW_CTX_DAG_EMAIL='personaltraingcp@gmail.com' AIRFLOW_CTX_DAG_OWNER='Leyner_Bejarano' AIRFLOW_CTX_DAG_ID='demo_dag' AIRFLOW_CTX_TASK_ID='executor_task' AIRFLOW_CTX_EXECUTION_DATE='2023-06-16T02:00:00+00:00' AIRFLOW_CTX_TRY_NUMBER='1' AIRFLOW_CTX_DAG_RUN_ID='scheduled__2023-06-16T02:00:00+00:00'
[2023-06-16T03:00:03.542+0000] {subprocess.py:63} INFO - Tmp dir root location: 
 /tmp
[2023-06-16T03:00:03.543+0000] {subprocess.py:75} INFO - Running command: ['/bin/bash', '-c', '\n        echo "if I have the deal I would not care" &&\n        echo "2023-06-16" &&\n        echo "02" && \n        cd /opt/***/dags &&\n        echo $(pwd) &&\n        ls -ltr &&\n        python --version &&\n        python3 --version \n        ']
[2023-06-16T03:00:03.557+0000] {subprocess.py:86} INFO - Output:
[2023-06-16T03:00:03.559+0000] {subprocess.py:93} INFO - if I have the deal I would not care
[2023-06-16T03:00:03.560+0000] {subprocess.py:93} INFO - 2023-06-16
[2023-06-16T03:00:03.560+0000] {subprocess.py:93} INFO - 02
[2023-06-16T03:00:03.560+0000] {subprocess.py:93} INFO - /opt/***/dags
[2023-06-16T03:00:03.562+0000] {subprocess.py:93} INFO - total 8
[2023-06-16T03:00:03.563+0000] {subprocess.py:93} INFO - -rw-rw-r-- 1 default 1001    0 Jun 15 23:58 random.txt
[2023-06-16T03:00:03.563+0000] {subprocess.py:93} INFO - -rw-rw-r-- 1 default 1001 1442 Jun 16 02:59 demo_dag.py
[2023-06-16T03:00:03.563+0000] {subprocess.py:93} INFO - drwxrwxr-x 2 default root 4096 Jun 16 02:59 __pycache__
[2023-06-16T03:00:03.565+0000] {subprocess.py:93} INFO - Python 3.7.16
[2023-06-16T03:00:03.568+0000] {subprocess.py:93} INFO - Python 3.7.16
[2023-06-16T03:00:03.568+0000] {subprocess.py:97} INFO - Command exited with return code 0
[2023-06-16T03:00:03.605+0000] {taskinstance.py:1350} INFO - Marking task as SUCCESS. dag_id=demo_dag, task_id=executor_task, execution_date=20230616T020000, start_date=20230616T030003, end_date=20230616T030003
[2023-06-16T03:00:03.656+0000] {local_task_job_runner.py:225} INFO - Task exited with return code 0
[2023-06-16T03:00:03.681+0000] {taskinstance.py:2651} INFO - 0 downstream tasks scheduled from follow-on schedule check
