[2023-06-16T19:20:58.435+0000] {taskinstance.py:1103} INFO - Dependencies all met for dep_context=non-requeueable deps ti=<TaskInstance: demo_dag.executor_task scheduled__2023-06-16T18:00:00+00:00 [queued]>
[2023-06-16T19:20:58.448+0000] {taskinstance.py:1103} INFO - Dependencies all met for dep_context=requeueable deps ti=<TaskInstance: demo_dag.executor_task scheduled__2023-06-16T18:00:00+00:00 [queued]>
[2023-06-16T19:20:58.448+0000] {taskinstance.py:1308} INFO - Starting attempt 3 of 4
[2023-06-16T19:20:58.479+0000] {taskinstance.py:1327} INFO - Executing <Task(BashOperator): executor_task> on 2023-06-16 18:00:00+00:00
[2023-06-16T19:20:58.485+0000] {standard_task_runner.py:57} INFO - Started process 1002 to run task
[2023-06-16T19:20:58.490+0000] {standard_task_runner.py:84} INFO - Running: ['***', 'tasks', 'run', 'demo_dag', 'executor_task', 'scheduled__2023-06-16T18:00:00+00:00', '--job-id', '79', '--raw', '--subdir', 'DAGS_FOLDER/demo_dag.py', '--cfg-path', '/tmp/tmp3x_yzsn_']
[2023-06-16T19:20:58.493+0000] {standard_task_runner.py:85} INFO - Job 79: Subtask executor_task
[2023-06-16T19:20:58.561+0000] {task_command.py:410} INFO - Running <TaskInstance: demo_dag.executor_task scheduled__2023-06-16T18:00:00+00:00 [running]> on host 8a083ed08814
[2023-06-16T19:20:58.647+0000] {warnings.py:110} WARNING - /home/***/.local/lib/python3.7/site-packages/***/utils/context.py:205: AirflowContextDeprecationWarning: Accessing 'execution_date' from the template is deprecated and will be removed in a future version. Please use 'data_interval_start' or 'logical_date' instead.
  warnings.warn(_create_deprecation_warning(key, self._deprecation_replacements[key]))

[2023-06-16T19:20:58.700+0000] {taskinstance.py:1547} INFO - Exporting env vars: AIRFLOW_CTX_DAG_EMAIL='personaltraingcp@gmail.com' AIRFLOW_CTX_DAG_OWNER='Leyner_Bejarano' AIRFLOW_CTX_DAG_ID='demo_dag' AIRFLOW_CTX_TASK_ID='executor_task' AIRFLOW_CTX_EXECUTION_DATE='2023-06-16T18:00:00+00:00' AIRFLOW_CTX_TRY_NUMBER='3' AIRFLOW_CTX_DAG_RUN_ID='scheduled__2023-06-16T18:00:00+00:00'
[2023-06-16T19:20:58.701+0000] {subprocess.py:63} INFO - Tmp dir root location: 
 /tmp
[2023-06-16T19:20:58.702+0000] {subprocess.py:75} INFO - Running command: ['/bin/bash', '-c', ' \n        cd /opt/***/dags/scripts &&\n        pip install -r requirements.txt &&\n        python lambdaExecutor.py -dt 2023-06-16 -dh 18 -q https://sqs.us-east-2.amazonaws.com/147929168898/lokaInterviewSQS &&\n        pip freeze\n        ']
[2023-06-16T19:20:58.715+0000] {subprocess.py:86} INFO - Output:
[2023-06-16T19:20:59.895+0000] {subprocess.py:93} INFO - Defaulting to user installation because normal site-packages is not writeable
[2023-06-16T19:21:00.159+0000] {subprocess.py:93} INFO - Requirement already satisfied: boto3==1.26.151 in /home/***/.local/lib/python3.7/site-packages (from -r requirements.txt (line 1)) (1.26.151)
[2023-06-16T19:21:00.160+0000] {subprocess.py:93} INFO - Requirement already satisfied: botocore==1.29.151 in /home/***/.local/lib/python3.7/site-packages (from -r requirements.txt (line 2)) (1.29.151)
[2023-06-16T19:21:00.162+0000] {subprocess.py:93} INFO - Requirement already satisfied: fastavro==1.7.4 in /home/***/.local/lib/python3.7/site-packages (from -r requirements.txt (line 3)) (1.7.4)
[2023-06-16T19:21:00.162+0000] {subprocess.py:93} INFO - Requirement already satisfied: pandas in /home/***/.local/lib/python3.7/site-packages (from -r requirements.txt (line 4)) (1.3.5)
[2023-06-16T19:21:00.164+0000] {subprocess.py:93} INFO - Requirement already satisfied: python-dateutil==2.8.2 in /home/***/.local/lib/python3.7/site-packages (from -r requirements.txt (line 5)) (2.8.2)
[2023-06-16T19:21:00.165+0000] {subprocess.py:93} INFO - Requirement already satisfied: pytz==2023.3 in /home/***/.local/lib/python3.7/site-packages (from -r requirements.txt (line 6)) (2023.3)
[2023-06-16T19:21:00.166+0000] {subprocess.py:93} INFO - Requirement already satisfied: s3transfer==0.6.1 in /home/***/.local/lib/python3.7/site-packages (from -r requirements.txt (line 7)) (0.6.1)
[2023-06-16T19:21:00.168+0000] {subprocess.py:93} INFO - Requirement already satisfied: six==1.16.0 in /home/***/.local/lib/python3.7/site-packages (from -r requirements.txt (line 8)) (1.16.0)
[2023-06-16T19:21:00.169+0000] {subprocess.py:93} INFO - Requirement already satisfied: tzdata==2023.3 in /home/***/.local/lib/python3.7/site-packages (from -r requirements.txt (line 9)) (2023.3)
[2023-06-16T19:21:00.170+0000] {subprocess.py:93} INFO - Requirement already satisfied: urllib3==1.26.16 in /home/***/.local/lib/python3.7/site-packages (from -r requirements.txt (line 10)) (1.26.16)
[2023-06-16T19:21:00.182+0000] {subprocess.py:93} INFO - Requirement already satisfied: jmespath<2.0.0,>=0.7.1 in /home/***/.local/lib/python3.7/site-packages (from boto3==1.26.151->-r requirements.txt (line 1)) (0.10.0)
[2023-06-16T19:21:00.287+0000] {subprocess.py:93} INFO - Requirement already satisfied: numpy>=1.17.3 in /home/***/.local/lib/python3.7/site-packages (from pandas->-r requirements.txt (line 4)) (1.21.6)
[2023-06-16T19:21:11.032+0000] {subprocess.py:93} INFO - Traceback (most recent call last):
[2023-06-16T19:21:11.032+0000] {subprocess.py:93} INFO -   File "lambdaExecutor.py", line 25, in <module>
[2023-06-16T19:21:11.033+0000] {subprocess.py:93} INFO -     vArgs = ArgParser.fn_get_args()
[2023-06-16T19:21:11.033+0000] {subprocess.py:93} INFO -   File "/opt/***/dags/scripts/lambdaExecutorUT.py", line 19, in fn_get_args
[2023-06-16T19:21:11.033+0000] {subprocess.py:93} INFO -     epilog = cls.MODULE_EPILOG, version = cls.MODULE_VERSION)
[2023-06-16T19:21:11.033+0000] {subprocess.py:93} INFO - TypeError: __init__() got an unexpected keyword argument 'version'
[2023-06-16T19:21:11.103+0000] {subprocess.py:97} INFO - Command exited with return code 1
[2023-06-16T19:21:11.127+0000] {taskinstance.py:1824} ERROR - Task failed with exception
Traceback (most recent call last):
  File "/home/airflow/.local/lib/python3.7/site-packages/airflow/operators/bash.py", line 211, in execute
    f"Bash command failed. The command returned a non-zero exit code {result.exit_code}."
airflow.exceptions.AirflowException: Bash command failed. The command returned a non-zero exit code 1.
[2023-06-16T19:21:11.136+0000] {taskinstance.py:1350} INFO - Marking task as UP_FOR_RETRY. dag_id=demo_dag, task_id=executor_task, execution_date=20230616T180000, start_date=20230616T192058, end_date=20230616T192111
[2023-06-16T19:21:11.174+0000] {standard_task_runner.py:109} ERROR - Failed to execute job 79 for task executor_task (Bash command failed. The command returned a non-zero exit code 1.; 1002)
[2023-06-16T19:21:11.213+0000] {local_task_job_runner.py:225} INFO - Task exited with return code 1
[2023-06-16T19:21:11.259+0000] {taskinstance.py:2651} INFO - 0 downstream tasks scheduled from follow-on schedule check
