[2023-06-17T02:18:23.816+0000] {taskinstance.py:1103} INFO - Dependencies all met for dep_context=non-requeueable deps ti=<TaskInstance: demo_dag.executor_task scheduled__2023-06-17T01:00:00+00:00 [queued]>
[2023-06-17T02:18:25.045+0000] {taskinstance.py:1103} INFO - Dependencies all met for dep_context=requeueable deps ti=<TaskInstance: demo_dag.executor_task scheduled__2023-06-17T01:00:00+00:00 [queued]>
[2023-06-17T02:18:25.046+0000] {taskinstance.py:1308} INFO - Starting attempt 1 of 4
[2023-06-17T02:18:25.259+0000] {taskinstance.py:1327} INFO - Executing <Task(BashOperator): executor_task> on 2023-06-17 01:00:00+00:00
[2023-06-17T02:18:25.277+0000] {standard_task_runner.py:57} INFO - Started process 76 to run task
[2023-06-17T02:18:25.289+0000] {standard_task_runner.py:84} INFO - Running: ['***', 'tasks', 'run', 'demo_dag', 'executor_task', 'scheduled__2023-06-17T01:00:00+00:00', '--job-id', '114', '--raw', '--subdir', 'DAGS_FOLDER/demo_dag.py', '--cfg-path', '/tmp/tmpc0w2xfvb']
[2023-06-17T02:18:25.291+0000] {standard_task_runner.py:85} INFO - Job 114: Subtask executor_task
[2023-06-17T02:18:25.515+0000] {task_command.py:410} INFO - Running <TaskInstance: demo_dag.executor_task scheduled__2023-06-17T01:00:00+00:00 [running]> on host 69b08131bb85
[2023-06-17T02:18:26.092+0000] {warnings.py:110} WARNING - /home/***/.local/lib/python3.7/site-packages/***/utils/context.py:205: AirflowContextDeprecationWarning: Accessing 'execution_date' from the template is deprecated and will be removed in a future version. Please use 'data_interval_start' or 'logical_date' instead.
  warnings.warn(_create_deprecation_warning(key, self._deprecation_replacements[key]))

[2023-06-17T02:18:26.728+0000] {taskinstance.py:1547} INFO - Exporting env vars: AIRFLOW_CTX_DAG_EMAIL='personaltraingcp@gmail.com' AIRFLOW_CTX_DAG_OWNER='Leyner_Bejarano' AIRFLOW_CTX_DAG_ID='demo_dag' AIRFLOW_CTX_TASK_ID='executor_task' AIRFLOW_CTX_EXECUTION_DATE='2023-06-17T01:00:00+00:00' AIRFLOW_CTX_TRY_NUMBER='1' AIRFLOW_CTX_DAG_RUN_ID='scheduled__2023-06-17T01:00:00+00:00'
[2023-06-17T02:18:26.729+0000] {subprocess.py:63} INFO - Tmp dir root location: 
 /tmp
[2023-06-17T02:18:26.729+0000] {subprocess.py:75} INFO - Running command: ['/bin/bash', '-c', ' \n        cd /opt/***/dags/scripts &&\n        pip install -r requirements.txt &&\n        python lambdaExecutor.py -dt 2023-06-17 -dh 01 -q https://sqs.us-east-2.amazonaws.com/147929168898/lokaInterviewSQS -ak AKIASE4KD7QBGVHE4G7U -sk *** &&\n        pip freeze\n        ']
[2023-06-17T02:18:27.185+0000] {subprocess.py:86} INFO - Output:
[2023-06-17T02:18:46.634+0000] {subprocess.py:93} INFO - Defaulting to user installation because normal site-packages is not writeable
[2023-06-17T02:18:54.836+0000] {subprocess.py:93} INFO - Collecting boto3==1.26.151 (from -r requirements.txt (line 1))
[2023-06-17T02:18:55.276+0000] {subprocess.py:93} INFO -   Downloading boto3-1.26.151-py3-none-any.whl (135 kB)
[2023-06-17T02:18:55.595+0000] {subprocess.py:93} INFO -      ━━━━━━━━━━━━━━━━━━━━━━━━━━━━━━━━━━━━━ 135.6/135.6 kB 413.0 kB/s eta 0:00:00
[2023-06-17T02:18:57.000+0000] {subprocess.py:93} INFO - Collecting botocore<1.30.0,>=1.29.151 (from boto3==1.26.151->-r requirements.txt (line 1))
[2023-06-17T02:18:57.026+0000] {subprocess.py:93} INFO -   Downloading botocore-1.29.155-py3-none-any.whl (10.9 MB)
[2023-06-17T02:18:59.263+0000] {subprocess.py:93} INFO -      ━━━━━━━━━━━━━━━━━━━━━━━━━━━━━━━━━━━━━━━━ 10.9/10.9 MB 4.8 MB/s eta 0:00:00
[2023-06-17T02:18:59.350+0000] {subprocess.py:93} INFO - Requirement already satisfied: jmespath<2.0.0,>=0.7.1 in /home/***/.local/lib/python3.7/site-packages (from boto3==1.26.151->-r requirements.txt (line 1)) (0.10.0)
[2023-06-17T02:18:59.351+0000] {subprocess.py:93} INFO - Requirement already satisfied: s3transfer<0.7.0,>=0.6.0 in /home/***/.local/lib/python3.7/site-packages (from boto3==1.26.151->-r requirements.txt (line 1)) (0.6.1)
[2023-06-17T02:18:59.358+0000] {subprocess.py:93} INFO - Requirement already satisfied: python-dateutil<3.0.0,>=2.1 in /home/***/.local/lib/python3.7/site-packages (from botocore<1.30.0,>=1.29.151->boto3==1.26.151->-r requirements.txt (line 1)) (2.8.2)
[2023-06-17T02:18:59.359+0000] {subprocess.py:93} INFO - Requirement already satisfied: urllib3<1.27,>=1.25.4 in /home/***/.local/lib/python3.7/site-packages (from botocore<1.30.0,>=1.29.151->boto3==1.26.151->-r requirements.txt (line 1)) (1.26.15)
[2023-06-17T02:19:00.363+0000] {subprocess.py:93} INFO - Requirement already satisfied: six>=1.5 in /home/***/.local/lib/python3.7/site-packages (from python-dateutil<3.0.0,>=2.1->botocore<1.30.0,>=1.29.151->boto3==1.26.151->-r requirements.txt (line 1)) (1.16.0)
[2023-06-17T02:19:27.790+0000] {subprocess.py:93} INFO - Installing collected packages: botocore, boto3
[2023-06-17T02:19:27.790+0000] {subprocess.py:93} INFO -   Attempting uninstall: botocore
[2023-06-17T02:19:27.792+0000] {subprocess.py:93} INFO -     Found existing installation: botocore 1.29.76
[2023-06-17T02:19:29.788+0000] {subprocess.py:93} INFO -     Uninstalling botocore-1.29.76:
[2023-06-17T02:20:15.227+0000] {subprocess.py:93} INFO -       Successfully uninstalled botocore-1.29.76
[2023-06-17T02:20:25.053+0000] {subprocess.py:93} INFO -   Attempting uninstall: boto3
[2023-06-17T02:20:25.188+0000] {subprocess.py:93} INFO -     Found existing installation: boto3 1.26.76
[2023-06-17T02:20:25.377+0000] {subprocess.py:93} INFO -     Uninstalling boto3-1.26.76:
[2023-06-17T02:20:27.733+0000] {subprocess.py:93} INFO -       Successfully uninstalled boto3-1.26.76
[2023-06-17T02:20:31.861+0000] {subprocess.py:93} INFO - ERROR: pip's dependency resolver does not currently take into account all the packages that are installed. This behaviour is the source of the following dependency conflicts.
[2023-06-17T02:20:31.862+0000] {subprocess.py:93} INFO - aiobotocore 2.5.0 requires botocore<1.29.77,>=1.29.76, but you have botocore 1.29.155 which is incompatible.
[2023-06-17T02:20:31.862+0000] {subprocess.py:93} INFO - Successfully installed boto3-1.26.151 botocore-1.29.155
[2023-06-17T02:23:43.524+0000] {subprocess.py:93} INFO - adal==1.2.7
[2023-06-17T02:23:43.597+0000] {subprocess.py:93} INFO - aiobotocore==2.5.0
[2023-06-17T02:23:43.598+0000] {subprocess.py:93} INFO - aiofiles==23.1.0
[2023-06-17T02:23:43.598+0000] {subprocess.py:93} INFO - aiohttp==3.8.4
[2023-06-17T02:23:43.599+0000] {subprocess.py:93} INFO - aioitertools==0.11.0
[2023-06-17T02:23:43.599+0000] {subprocess.py:93} INFO - aiosignal==1.3.1
[2023-06-17T02:23:43.599+0000] {subprocess.py:93} INFO - alembic==1.10.4
[2023-06-17T02:23:43.600+0000] {subprocess.py:93} INFO - amqp==5.1.1
[2023-06-17T02:23:43.600+0000] {subprocess.py:93} INFO - anyio==3.6.2
[2023-06-17T02:23:43.600+0000] {subprocess.py:93} INFO - apache-***==2.6.1
[2023-06-17T02:23:43.601+0000] {subprocess.py:93} INFO - apache-***-providers-amazon==8.0.0
[2023-06-17T02:23:43.601+0000] {subprocess.py:93} INFO - apache-***-providers-celery==3.1.0
[2023-06-17T02:23:43.601+0000] {subprocess.py:93} INFO - apache-***-providers-cncf-kubernetes==6.1.0
[2023-06-17T02:23:43.602+0000] {subprocess.py:93} INFO - apache-***-providers-common-sql==1.4.0
[2023-06-17T02:23:43.602+0000] {subprocess.py:93} INFO - apache-***-providers-docker==3.6.0
[2023-06-17T02:23:43.602+0000] {subprocess.py:93} INFO - apache-***-providers-elasticsearch==4.4.0
[2023-06-17T02:23:43.602+0000] {subprocess.py:93} INFO - apache-***-providers-ftp==3.3.1
[2023-06-17T02:23:43.603+0000] {subprocess.py:93} INFO - apache-***-providers-google==10.0.0
[2023-06-17T02:23:43.603+0000] {subprocess.py:93} INFO - apache-***-providers-grpc==3.1.0
[2023-06-17T02:23:43.603+0000] {subprocess.py:93} INFO - apache-***-providers-hashicorp==3.3.1
[2023-06-17T02:23:43.603+0000] {subprocess.py:93} INFO - apache-***-providers-http==4.3.0
[2023-06-17T02:23:43.604+0000] {subprocess.py:93} INFO - apache-***-providers-imap==3.1.1
[2023-06-17T02:23:43.604+0000] {subprocess.py:93} INFO - apache-***-providers-microsoft-azure==6.0.0
[2023-06-17T02:23:43.604+0000] {subprocess.py:93} INFO - apache-***-providers-mysql==5.0.0
[2023-06-17T02:23:43.604+0000] {subprocess.py:93} INFO - apache-***-providers-odbc==3.2.1
[2023-06-17T02:23:43.605+0000] {subprocess.py:93} INFO - apache-***-providers-postgres==5.4.0
[2023-06-17T02:23:43.605+0000] {subprocess.py:93} INFO - apache-***-providers-redis==3.1.0
[2023-06-17T02:23:43.605+0000] {subprocess.py:93} INFO - apache-***-providers-sendgrid==3.1.0
[2023-06-17T02:23:43.606+0000] {subprocess.py:93} INFO - apache-***-providers-sftp==4.2.4
[2023-06-17T02:23:43.606+0000] {subprocess.py:93} INFO - apache-***-providers-slack==7.2.0
[2023-06-17T02:23:43.606+0000] {subprocess.py:93} INFO - apache-***-providers-snowflake==4.0.5
[2023-06-17T02:23:43.606+0000] {subprocess.py:93} INFO - apache-***-providers-sqlite==3.3.2
[2023-06-17T02:23:43.607+0000] {subprocess.py:93} INFO - apache-***-providers-ssh==3.6.0
[2023-06-17T02:23:43.607+0000] {subprocess.py:93} INFO - apispec==5.2.2
[2023-06-17T02:23:43.607+0000] {subprocess.py:93} INFO - argcomplete==3.0.8
[2023-06-17T02:23:43.607+0000] {subprocess.py:93} INFO - asgiref==3.6.0
[2023-06-17T02:23:43.608+0000] {subprocess.py:93} INFO - asn1crypto==1.5.1
[2023-06-17T02:23:43.608+0000] {subprocess.py:93} INFO - async-timeout==4.0.2
[2023-06-17T02:23:43.608+0000] {subprocess.py:93} INFO - asynctest==0.13.0
[2023-06-17T02:23:43.609+0000] {subprocess.py:93} INFO - attrs==23.1.0
[2023-06-17T02:23:43.609+0000] {subprocess.py:93} INFO - Authlib==1.2.0
[2023-06-17T02:23:43.609+0000] {subprocess.py:93} INFO - azure-batch==13.0.0
[2023-06-17T02:23:43.610+0000] {subprocess.py:93} INFO - azure-common==1.1.28
[2023-06-17T02:23:43.610+0000] {subprocess.py:93} INFO - azure-core==1.26.4
[2023-06-17T02:23:43.610+0000] {subprocess.py:93} INFO - azure-cosmos==4.3.1
[2023-06-17T02:23:43.610+0000] {subprocess.py:93} INFO - azure-datalake-store==0.0.53
[2023-06-17T02:23:43.611+0000] {subprocess.py:93} INFO - azure-identity==1.13.0
[2023-06-17T02:23:43.611+0000] {subprocess.py:93} INFO - azure-keyvault-secrets==4.7.0
[2023-06-17T02:23:43.611+0000] {subprocess.py:93} INFO - azure-kusto-data==0.0.45
[2023-06-17T02:23:43.611+0000] {subprocess.py:93} INFO - azure-mgmt-containerinstance==1.5.0
[2023-06-17T02:23:43.612+0000] {subprocess.py:93} INFO - azure-mgmt-core==1.4.0
[2023-06-17T02:23:43.612+0000] {subprocess.py:93} INFO - azure-mgmt-datafactory==1.1.0
[2023-06-17T02:23:43.612+0000] {subprocess.py:93} INFO - azure-mgmt-datalake-nspkg==3.0.1
[2023-06-17T02:23:43.613+0000] {subprocess.py:93} INFO - azure-mgmt-datalake-store==0.5.0
[2023-06-17T02:23:43.613+0000] {subprocess.py:93} INFO - azure-mgmt-nspkg==3.0.2
[2023-06-17T02:23:43.613+0000] {subprocess.py:93} INFO - azure-mgmt-resource==23.0.0
[2023-06-17T02:23:43.613+0000] {subprocess.py:93} INFO - azure-nspkg==3.0.2
[2023-06-17T02:23:43.614+0000] {subprocess.py:93} INFO - azure-servicebus==7.10.0
[2023-06-17T02:23:43.614+0000] {subprocess.py:93} INFO - azure-storage-blob==12.16.0
[2023-06-17T02:23:43.615+0000] {subprocess.py:93} INFO - azure-storage-common==2.1.0
[2023-06-17T02:23:43.615+0000] {subprocess.py:93} INFO - azure-storage-file==2.1.0
[2023-06-17T02:23:43.615+0000] {subprocess.py:93} INFO - azure-storage-file-datalake==12.11.0
[2023-06-17T02:23:43.615+0000] {subprocess.py:93} INFO - azure-synapse-spark==0.7.0
[2023-06-17T02:23:43.616+0000] {subprocess.py:93} INFO - Babel==2.12.1
[2023-06-17T02:23:43.616+0000] {subprocess.py:93} INFO - backoff==1.10.0
[2023-06-17T02:23:43.616+0000] {subprocess.py:93} INFO - bcrypt==4.0.1
[2023-06-17T02:23:43.616+0000] {subprocess.py:93} INFO - beautifulsoup4==4.12.2
[2023-06-17T02:23:43.617+0000] {subprocess.py:93} INFO - billiard==3.6.4.0
[2023-06-17T02:23:43.617+0000] {subprocess.py:93} INFO - blinker==1.6.2
[2023-06-17T02:23:43.617+0000] {subprocess.py:93} INFO - boto3==1.26.151
[2023-06-17T02:23:43.618+0000] {subprocess.py:93} INFO - botocore==1.29.155
[2023-06-17T02:23:43.618+0000] {subprocess.py:93} INFO - cached-property==1.5.2
[2023-06-17T02:23:43.618+0000] {subprocess.py:93} INFO - cachelib==0.9.0
[2023-06-17T02:23:43.618+0000] {subprocess.py:93} INFO - cachetools==5.3.0
[2023-06-17T02:23:43.619+0000] {subprocess.py:93} INFO - cattrs==22.2.0
[2023-06-17T02:23:43.619+0000] {subprocess.py:93} INFO - celery==5.2.7
[2023-06-17T02:23:43.619+0000] {subprocess.py:93} INFO - certifi==2023.5.7
[2023-06-17T02:23:43.619+0000] {subprocess.py:93} INFO - cffi==1.15.1
[2023-06-17T02:23:43.619+0000] {subprocess.py:93} INFO - chardet==5.1.0
[2023-06-17T02:23:43.620+0000] {subprocess.py:93} INFO - charset-normalizer==2.1.1
[2023-06-17T02:23:43.620+0000] {subprocess.py:93} INFO - click==8.1.3
[2023-06-17T02:23:43.620+0000] {subprocess.py:93} INFO - click-didyoumean==0.3.0
[2023-06-17T02:23:43.620+0000] {subprocess.py:93} INFO - click-plugins==1.1.1
[2023-06-17T02:23:43.621+0000] {subprocess.py:93} INFO - click-repl==0.2.0
[2023-06-17T02:23:43.621+0000] {subprocess.py:93} INFO - clickclick==20.10.2
[2023-06-17T02:23:43.621+0000] {subprocess.py:93} INFO - cloudpickle==2.2.1
[2023-06-17T02:23:43.621+0000] {subprocess.py:93} INFO - colorama==0.4.6
[2023-06-17T02:23:43.621+0000] {subprocess.py:93} INFO - colorlog==4.8.0
[2023-06-17T02:23:43.622+0000] {subprocess.py:93} INFO - ConfigUpdater==3.1.1
[2023-06-17T02:23:43.622+0000] {subprocess.py:93} INFO - connexion==2.14.2
[2023-06-17T02:23:43.622+0000] {subprocess.py:93} INFO - cron-descriptor==1.3.0
[2023-06-17T02:23:43.622+0000] {subprocess.py:93} INFO - croniter==1.3.14
[2023-06-17T02:23:43.622+0000] {subprocess.py:93} INFO - cryptography==40.0.2
[2023-06-17T02:23:43.623+0000] {subprocess.py:93} INFO - dask==2022.2.0
[2023-06-17T02:23:43.623+0000] {subprocess.py:93} INFO - db-dtypes==1.1.1
[2023-06-17T02:23:43.623+0000] {subprocess.py:93} INFO - decorator==5.1.1
[2023-06-17T02:23:43.623+0000] {subprocess.py:93} INFO - Deprecated==1.2.13
[2023-06-17T02:23:43.623+0000] {subprocess.py:93} INFO - dill==0.3.1.1
[2023-06-17T02:23:43.624+0000] {subprocess.py:93} INFO - distlib==0.3.6
[2023-06-17T02:23:43.624+0000] {subprocess.py:93} INFO - distributed==2022.2.0
[2023-06-17T02:23:43.624+0000] {subprocess.py:93} INFO - dnspython==2.3.0
[2023-06-17T02:23:43.624+0000] {subprocess.py:93} INFO - docker==6.1.2
[2023-06-17T02:23:43.624+0000] {subprocess.py:93} INFO - docutils==0.20
[2023-06-17T02:23:43.625+0000] {subprocess.py:93} INFO - elasticsearch==7.13.4
[2023-06-17T02:23:43.625+0000] {subprocess.py:93} INFO - elasticsearch-dbapi==0.2.10
[2023-06-17T02:23:43.625+0000] {subprocess.py:93} INFO - elasticsearch-dsl==7.4.1
[2023-06-17T02:23:43.625+0000] {subprocess.py:93} INFO - email-validator==1.3.1
[2023-06-17T02:23:43.625+0000] {subprocess.py:93} INFO - eventlet==0.33.3
[2023-06-17T02:23:43.626+0000] {subprocess.py:93} INFO - exceptiongroup==1.1.1
[2023-06-17T02:23:43.626+0000] {subprocess.py:93} INFO - filelock==3.12.0
[2023-06-17T02:23:43.626+0000] {subprocess.py:93} INFO - Flask==2.2.5
[2023-06-17T02:23:43.626+0000] {subprocess.py:93} INFO - Flask-AppBuilder==4.3.0
[2023-06-17T02:23:43.626+0000] {subprocess.py:93} INFO - Flask-Babel==2.0.0
[2023-06-17T02:23:43.626+0000] {subprocess.py:93} INFO - Flask-Caching==2.0.2
[2023-06-17T02:23:43.627+0000] {subprocess.py:93} INFO - Flask-JWT-Extended==4.4.4
[2023-06-17T02:23:43.627+0000] {subprocess.py:93} INFO - Flask-Limiter==3.3.1
[2023-06-17T02:23:43.627+0000] {subprocess.py:93} INFO - Flask-Login==0.6.2
[2023-06-17T02:23:43.627+0000] {subprocess.py:93} INFO - Flask-Session==0.5.0
[2023-06-17T02:23:43.627+0000] {subprocess.py:93} INFO - Flask-SQLAlchemy==2.5.1
[2023-06-17T02:23:43.627+0000] {subprocess.py:93} INFO - Flask-WTF==1.1.1
[2023-06-17T02:23:43.627+0000] {subprocess.py:93} INFO - flower==1.2.0
[2023-06-17T02:23:43.628+0000] {subprocess.py:93} INFO - frozenlist==1.3.3
[2023-06-17T02:23:43.628+0000] {subprocess.py:93} INFO - fsspec==2023.1.0
[2023-06-17T02:23:43.628+0000] {subprocess.py:93} INFO - future==0.18.3
[2023-06-17T02:23:43.628+0000] {subprocess.py:93} INFO - gcloud-aio-auth==4.2.1
[2023-06-17T02:23:43.628+0000] {subprocess.py:93} INFO - gcloud-aio-bigquery==6.3.0
[2023-06-17T02:23:43.628+0000] {subprocess.py:93} INFO - gcloud-aio-storage==8.2.0
[2023-06-17T02:23:43.628+0000] {subprocess.py:93} INFO - gevent==22.10.2
[2023-06-17T02:23:43.629+0000] {subprocess.py:93} INFO - google-api-core==2.8.2
[2023-06-17T02:23:43.629+0000] {subprocess.py:93} INFO - google-api-python-client==1.12.11
[2023-06-17T02:23:43.629+0000] {subprocess.py:93} INFO - google-auth==2.18.0
[2023-06-17T02:23:43.629+0000] {subprocess.py:93} INFO - google-auth-httplib2==0.1.0
[2023-06-17T02:23:43.629+0000] {subprocess.py:93} INFO - google-auth-oauthlib==0.8.0
[2023-06-17T02:23:43.629+0000] {subprocess.py:93} INFO - google-cloud-aiplatform==1.16.1
[2023-06-17T02:23:43.629+0000] {subprocess.py:93} INFO - google-cloud-appengine-logging==1.1.3
[2023-06-17T02:23:43.630+0000] {subprocess.py:93} INFO - google-cloud-audit-log==0.2.4
[2023-06-17T02:23:43.630+0000] {subprocess.py:93} INFO - google-cloud-automl==2.8.0
[2023-06-17T02:23:43.630+0000] {subprocess.py:93} INFO - google-cloud-bigquery==2.34.4
[2023-06-17T02:23:43.630+0000] {subprocess.py:93} INFO - google-cloud-bigquery-datatransfer==3.7.0
[2023-06-17T02:23:43.630+0000] {subprocess.py:93} INFO - google-cloud-bigquery-storage==2.14.1
[2023-06-17T02:23:43.630+0000] {subprocess.py:93} INFO - google-cloud-bigtable==2.11.1
[2023-06-17T02:23:43.631+0000] {subprocess.py:93} INFO - google-cloud-build==3.9.0
[2023-06-17T02:23:43.631+0000] {subprocess.py:93} INFO - google-cloud-compute==0.7.0
[2023-06-17T02:23:43.631+0000] {subprocess.py:93} INFO - google-cloud-container==2.11.1
[2023-06-17T02:23:43.632+0000] {subprocess.py:93} INFO - google-cloud-core==2.3.2
[2023-06-17T02:23:43.632+0000] {subprocess.py:93} INFO - google-cloud-datacatalog==3.9.0
[2023-06-17T02:23:43.632+0000] {subprocess.py:93} INFO - google-cloud-dataflow-client==0.5.4
[2023-06-17T02:23:43.632+0000] {subprocess.py:93} INFO - google-cloud-dataform==0.2.0
[2023-06-17T02:23:43.632+0000] {subprocess.py:93} INFO - google-cloud-dataplex==1.1.0
[2023-06-17T02:23:43.632+0000] {subprocess.py:93} INFO - google-cloud-dataproc==5.0.0
[2023-06-17T02:23:43.633+0000] {subprocess.py:93} INFO - google-cloud-dataproc-metastore==1.6.0
[2023-06-17T02:23:43.633+0000] {subprocess.py:93} INFO - google-cloud-dlp==3.8.0
[2023-06-17T02:23:43.633+0000] {subprocess.py:93} INFO - google-cloud-kms==2.12.0
[2023-06-17T02:23:43.633+0000] {subprocess.py:93} INFO - google-cloud-language==1.3.2
[2023-06-17T02:23:43.633+0000] {subprocess.py:93} INFO - google-cloud-logging==3.2.1
[2023-06-17T02:23:43.633+0000] {subprocess.py:93} INFO - google-cloud-memcache==1.4.1
[2023-06-17T02:23:43.634+0000] {subprocess.py:93} INFO - google-cloud-monitoring==2.11.0
[2023-06-17T02:23:43.634+0000] {subprocess.py:93} INFO - google-cloud-orchestration-***==1.4.1
[2023-06-17T02:23:43.634+0000] {subprocess.py:93} INFO - google-cloud-os-login==2.7.1
[2023-06-17T02:23:43.634+0000] {subprocess.py:93} INFO - google-cloud-pubsub==2.13.5
[2023-06-17T02:23:43.634+0000] {subprocess.py:93} INFO - google-cloud-redis==2.9.0
[2023-06-17T02:23:43.634+0000] {subprocess.py:93} INFO - google-cloud-resource-manager==1.6.0
[2023-06-17T02:23:43.635+0000] {subprocess.py:93} INFO - google-cloud-secret-manager==1.0.2
[2023-06-17T02:23:43.635+0000] {subprocess.py:93} INFO - google-cloud-spanner==1.19.3
[2023-06-17T02:23:43.635+0000] {subprocess.py:93} INFO - google-cloud-speech==1.3.4
[2023-06-17T02:23:43.635+0000] {subprocess.py:93} INFO - google-cloud-storage==2.9.0
[2023-06-17T02:23:43.635+0000] {subprocess.py:93} INFO - google-cloud-tasks==2.10.1
[2023-06-17T02:23:43.635+0000] {subprocess.py:93} INFO - google-cloud-texttospeech==1.0.3
[2023-06-17T02:23:43.635+0000] {subprocess.py:93} INFO - google-cloud-translate==1.7.2
[2023-06-17T02:23:43.635+0000] {subprocess.py:93} INFO - google-cloud-videointelligence==1.16.3
[2023-06-17T02:23:43.636+0000] {subprocess.py:93} INFO - google-cloud-vision==1.0.2
[2023-06-17T02:23:43.636+0000] {subprocess.py:93} INFO - google-cloud-workflows==1.7.1
[2023-06-17T02:23:43.636+0000] {subprocess.py:93} INFO - google-crc32c==1.5.0
[2023-06-17T02:23:43.636+0000] {subprocess.py:93} INFO - google-resumable-media==2.5.0
[2023-06-17T02:23:43.636+0000] {subprocess.py:93} INFO - googleapis-common-protos==1.56.4
[2023-06-17T02:23:43.636+0000] {subprocess.py:93} INFO - graphviz==0.20.1
[2023-06-17T02:23:43.636+0000] {subprocess.py:93} INFO - greenlet==2.0.2
[2023-06-17T02:23:43.637+0000] {subprocess.py:93} INFO - grpc-google-iam-v1==0.12.4
[2023-06-17T02:23:43.637+0000] {subprocess.py:93} INFO - grpcio==1.54.2
[2023-06-17T02:23:43.637+0000] {subprocess.py:93} INFO - grpcio-gcp==0.2.2
[2023-06-17T02:23:43.637+0000] {subprocess.py:93} INFO - grpcio-status==1.48.2
[2023-06-17T02:23:43.637+0000] {subprocess.py:93} INFO - gunicorn==20.1.0
[2023-06-17T02:23:43.637+0000] {subprocess.py:93} INFO - h11==0.14.0
[2023-06-17T02:23:43.637+0000] {subprocess.py:93} INFO - HeapDict==1.0.1
[2023-06-17T02:23:43.637+0000] {subprocess.py:93} INFO - httpcore==0.16.3
[2023-06-17T02:23:43.638+0000] {subprocess.py:93} INFO - httplib2==0.21.0
[2023-06-17T02:23:43.638+0000] {subprocess.py:93} INFO - httpx==0.23.3
[2023-06-17T02:23:43.638+0000] {subprocess.py:93} INFO - humanize==4.6.0
[2023-06-17T02:23:43.638+0000] {subprocess.py:93} INFO - hvac==1.1.0
[2023-06-17T02:23:43.638+0000] {subprocess.py:93} INFO - idna==3.4
[2023-06-17T02:23:43.638+0000] {subprocess.py:93} INFO - importlib-metadata==4.13.0
[2023-06-17T02:23:43.638+0000] {subprocess.py:93} INFO - importlib-resources==5.12.0
[2023-06-17T02:23:43.638+0000] {subprocess.py:93} INFO - inflection==0.5.1
[2023-06-17T02:23:43.639+0000] {subprocess.py:93} INFO - isodate==0.6.1
[2023-06-17T02:23:43.639+0000] {subprocess.py:93} INFO - itsdangerous==2.1.2
[2023-06-17T02:23:43.639+0000] {subprocess.py:93} INFO - Jinja2==3.1.2
[2023-06-17T02:23:43.639+0000] {subprocess.py:93} INFO - jmespath==0.10.0
[2023-06-17T02:23:43.639+0000] {subprocess.py:93} INFO - json-merge-patch==0.2
[2023-06-17T02:23:43.639+0000] {subprocess.py:93} INFO - jsonpath-ng==1.5.3
[2023-06-17T02:23:43.639+0000] {subprocess.py:93} INFO - jsonschema==4.17.3
[2023-06-17T02:23:43.639+0000] {subprocess.py:93} INFO - kombu==5.2.4
[2023-06-17T02:23:43.640+0000] {subprocess.py:93} INFO - kubernetes==23.6.0
[2023-06-17T02:23:43.640+0000] {subprocess.py:93} INFO - kubernetes-asyncio==24.2.3
[2023-06-17T02:23:43.640+0000] {subprocess.py:93} INFO - lazy-object-proxy==1.9.0
[2023-06-17T02:23:43.640+0000] {subprocess.py:93} INFO - ldap3==2.9.1
[2023-06-17T02:23:43.640+0000] {subprocess.py:93} INFO - limits==3.4.0
[2023-06-17T02:23:43.640+0000] {subprocess.py:93} INFO - linkify-it-py==2.0.2
[2023-06-17T02:23:43.640+0000] {subprocess.py:93} INFO - locket==1.0.0
[2023-06-17T02:23:43.640+0000] {subprocess.py:93} INFO - lockfile==0.12.2
[2023-06-17T02:23:43.640+0000] {subprocess.py:93} INFO - looker-sdk==23.8.1
[2023-06-17T02:23:43.641+0000] {subprocess.py:93} INFO - lxml==4.9.2
[2023-06-17T02:23:43.641+0000] {subprocess.py:93} INFO - Mako==1.2.4
[2023-06-17T02:23:43.641+0000] {subprocess.py:93} INFO - Markdown==3.4.3
[2023-06-17T02:23:43.641+0000] {subprocess.py:93} INFO - markdown-it-py==2.2.0
[2023-06-17T02:23:43.641+0000] {subprocess.py:93} INFO - MarkupSafe==2.1.2
[2023-06-17T02:23:43.641+0000] {subprocess.py:93} INFO - marshmallow==3.19.0
[2023-06-17T02:23:43.641+0000] {subprocess.py:93} INFO - marshmallow-enum==1.5.1
[2023-06-17T02:23:43.642+0000] {subprocess.py:93} INFO - marshmallow-oneofschema==3.0.1
[2023-06-17T02:23:43.642+0000] {subprocess.py:93} INFO - marshmallow-sqlalchemy==0.26.1
[2023-06-17T02:23:43.642+0000] {subprocess.py:93} INFO - mdit-py-plugins==0.3.5
[2023-06-17T02:23:43.642+0000] {subprocess.py:93} INFO - mdurl==0.1.2
[2023-06-17T02:23:43.642+0000] {subprocess.py:93} INFO - msal==1.22.0
[2023-06-17T02:23:43.642+0000] {subprocess.py:93} INFO - msal-extensions==1.0.0
[2023-06-17T02:23:43.642+0000] {subprocess.py:93} INFO - msgpack==1.0.5
[2023-06-17T02:23:43.642+0000] {subprocess.py:93} INFO - msrest==0.7.1
[2023-06-17T02:23:43.643+0000] {subprocess.py:93} INFO - msrestazure==0.6.4
[2023-06-17T02:23:43.643+0000] {subprocess.py:93} INFO - multidict==6.0.4
[2023-06-17T02:23:43.643+0000] {subprocess.py:93} INFO - mypy-boto3-appflow==1.26.125
[2023-06-17T02:23:43.643+0000] {subprocess.py:93} INFO - mypy-boto3-rds==1.26.132
[2023-06-17T02:23:43.643+0000] {subprocess.py:93} INFO - mypy-boto3-redshift-data==1.26.109
[2023-06-17T02:23:43.643+0000] {subprocess.py:93} INFO - mysqlclient==2.1.1
[2023-06-17T02:23:43.643+0000] {subprocess.py:93} INFO - numpy==1.21.6
[2023-06-17T02:23:43.643+0000] {subprocess.py:93} INFO - oauthlib==3.2.2
[2023-06-17T02:23:43.643+0000] {subprocess.py:93} INFO - ordered-set==4.1.0
[2023-06-17T02:23:43.644+0000] {subprocess.py:93} INFO - oscrypto==1.3.0
[2023-06-17T02:23:43.644+0000] {subprocess.py:93} INFO - packaging==21.3
[2023-06-17T02:23:43.644+0000] {subprocess.py:93} INFO - pandas==1.3.5
[2023-06-17T02:23:43.644+0000] {subprocess.py:93} INFO - pandas-gbq==0.17.9
[2023-06-17T02:23:43.644+0000] {subprocess.py:93} INFO - paramiko==3.1.0
[2023-06-17T02:23:43.644+0000] {subprocess.py:93} INFO - partd==1.4.0
[2023-06-17T02:23:43.644+0000] {subprocess.py:93} INFO - pathspec==0.9.0
[2023-06-17T02:23:43.644+0000] {subprocess.py:93} INFO - pendulum==2.1.2
[2023-06-17T02:23:43.644+0000] {subprocess.py:93} INFO - pkgutil_resolve_name==1.3.10
[2023-06-17T02:23:43.644+0000] {subprocess.py:93} INFO - platformdirs==3.5.1
[2023-06-17T02:23:43.645+0000] {subprocess.py:93} INFO - pluggy==1.0.0
[2023-06-17T02:23:43.645+0000] {subprocess.py:93} INFO - ply==3.11
[2023-06-17T02:23:43.645+0000] {subprocess.py:93} INFO - portalocker==2.7.0
[2023-06-17T02:23:43.645+0000] {subprocess.py:93} INFO - prison==0.2.1
[2023-06-17T02:23:43.645+0000] {subprocess.py:93} INFO - prometheus-client==0.16.0
[2023-06-17T02:23:43.645+0000] {subprocess.py:93} INFO - prompt-toolkit==3.0.38
[2023-06-17T02:23:43.645+0000] {subprocess.py:93} INFO - proto-plus==1.19.6
[2023-06-17T02:23:43.645+0000] {subprocess.py:93} INFO - protobuf==3.20.0
[2023-06-17T02:23:43.645+0000] {subprocess.py:93} INFO - psutil==5.9.5
[2023-06-17T02:23:43.646+0000] {subprocess.py:93} INFO - psycopg2-binary==2.9.6
[2023-06-17T02:23:43.646+0000] {subprocess.py:93} INFO - pyarrow==9.0.0
[2023-06-17T02:23:43.646+0000] {subprocess.py:93} INFO - pyasn1==0.4.8
[2023-06-17T02:23:43.646+0000] {subprocess.py:93} INFO - pyasn1-modules==0.2.8
[2023-06-17T02:23:43.646+0000] {subprocess.py:93} INFO - pycparser==2.21
[2023-06-17T02:23:43.646+0000] {subprocess.py:93} INFO - pycryptodomex==3.17
[2023-06-17T02:23:43.646+0000] {subprocess.py:93} INFO - pydantic==1.10.7
[2023-06-17T02:23:43.646+0000] {subprocess.py:93} INFO - pydata-google-auth==1.8.0
[2023-06-17T02:23:43.646+0000] {subprocess.py:93} INFO - Pygments==2.15.1
[2023-06-17T02:23:43.646+0000] {subprocess.py:93} INFO - pyhcl==0.4.4
[2023-06-17T02:23:43.647+0000] {subprocess.py:93} INFO - PyJWT==2.7.0
[2023-06-17T02:23:43.647+0000] {subprocess.py:93} INFO - PyNaCl==1.5.0
[2023-06-17T02:23:43.647+0000] {subprocess.py:93} INFO - pyodbc==4.0.39
[2023-06-17T02:23:43.647+0000] {subprocess.py:93} INFO - pyOpenSSL==23.1.1
[2023-06-17T02:23:43.647+0000] {subprocess.py:93} INFO - pyparsing==3.0.9
[2023-06-17T02:23:43.647+0000] {subprocess.py:93} INFO - pyrsistent==0.19.3
[2023-06-17T02:23:43.647+0000] {subprocess.py:93} INFO - python-daemon==3.0.1
[2023-06-17T02:23:43.647+0000] {subprocess.py:93} INFO - python-dateutil==2.8.2
[2023-06-17T02:23:43.647+0000] {subprocess.py:93} INFO - python-dotenv==0.21.1
[2023-06-17T02:23:43.648+0000] {subprocess.py:93} INFO - python-http-client==3.3.7
[2023-06-17T02:23:43.648+0000] {subprocess.py:93} INFO - python-ldap==3.4.3
[2023-06-17T02:23:43.648+0000] {subprocess.py:93} INFO - python-nvd3==0.15.0
[2023-06-17T02:23:43.648+0000] {subprocess.py:93} INFO - python-slugify==8.0.1
[2023-06-17T02:23:43.648+0000] {subprocess.py:93} INFO - pytz==2023.3
[2023-06-17T02:23:43.648+0000] {subprocess.py:93} INFO - pytzdata==2020.1
[2023-06-17T02:23:43.648+0000] {subprocess.py:93} INFO - PyYAML==6.0
[2023-06-17T02:23:43.648+0000] {subprocess.py:93} INFO - redis==3.5.3
[2023-06-17T02:23:43.648+0000] {subprocess.py:93} INFO - redshift-connector==2.0.910
[2023-06-17T02:23:43.648+0000] {subprocess.py:93} INFO - requests==2.30.0
[2023-06-17T02:23:43.649+0000] {subprocess.py:93} INFO - requests-oauthlib==1.3.1
[2023-06-17T02:23:43.649+0000] {subprocess.py:93} INFO - requests-toolbelt==1.0.0
[2023-06-17T02:23:43.649+0000] {subprocess.py:93} INFO - rfc3339-validator==0.1.4
[2023-06-17T02:23:43.649+0000] {subprocess.py:93} INFO - rfc3986==1.5.0
[2023-06-17T02:23:43.649+0000] {subprocess.py:93} INFO - rich==13.3.5
[2023-06-17T02:23:43.649+0000] {subprocess.py:93} INFO - rich_argparse==1.1.0
[2023-06-17T02:23:43.649+0000] {subprocess.py:93} INFO - rsa==4.9
[2023-06-17T02:23:43.649+0000] {subprocess.py:93} INFO - s3transfer==0.6.1
[2023-06-17T02:23:43.650+0000] {subprocess.py:93} INFO - scramp==1.4.4
[2023-06-17T02:23:43.650+0000] {subprocess.py:93} INFO - sendgrid==6.10.0
[2023-06-17T02:23:43.650+0000] {subprocess.py:93} INFO - setproctitle==1.3.2
[2023-06-17T02:23:43.650+0000] {subprocess.py:93} INFO - six==1.16.0
[2023-06-17T02:23:43.650+0000] {subprocess.py:93} INFO - slack-sdk==3.21.3
[2023-06-17T02:23:43.650+0000] {subprocess.py:93} INFO - sniffio==1.3.0
[2023-06-17T02:23:43.650+0000] {subprocess.py:93} INFO - snowflake-connector-python==3.0.3
[2023-06-17T02:23:43.650+0000] {subprocess.py:93} INFO - snowflake-sqlalchemy==1.4.7
[2023-06-17T02:23:43.650+0000] {subprocess.py:93} INFO - sortedcontainers==2.4.0
[2023-06-17T02:23:43.651+0000] {subprocess.py:93} INFO - soupsieve==2.4.1
[2023-06-17T02:23:43.651+0000] {subprocess.py:93} INFO - SQLAlchemy==1.4.48
[2023-06-17T02:23:43.651+0000] {subprocess.py:93} INFO - sqlalchemy-bigquery==1.6.1
[2023-06-17T02:23:43.651+0000] {subprocess.py:93} INFO - SQLAlchemy-JSONField==1.0.1.post0
[2023-06-17T02:23:43.651+0000] {subprocess.py:93} INFO - sqlalchemy-redshift==0.8.14
[2023-06-17T02:23:43.651+0000] {subprocess.py:93} INFO - SQLAlchemy-Utils==0.41.1
[2023-06-17T02:23:43.651+0000] {subprocess.py:93} INFO - sqlparse==0.4.4
[2023-06-17T02:23:43.651+0000] {subprocess.py:93} INFO - sshtunnel==0.4.0
[2023-06-17T02:23:43.651+0000] {subprocess.py:93} INFO - starkbank-ecdsa==2.2.0
[2023-06-17T02:23:43.651+0000] {subprocess.py:93} INFO - statsd==4.0.1
[2023-06-17T02:23:43.652+0000] {subprocess.py:93} INFO - tabulate==0.9.0
[2023-06-17T02:23:43.652+0000] {subprocess.py:93} INFO - tblib==1.7.0
[2023-06-17T02:23:43.652+0000] {subprocess.py:93} INFO - tenacity==8.2.2
[2023-06-17T02:23:43.652+0000] {subprocess.py:93} INFO - termcolor==2.3.0
[2023-06-17T02:23:43.652+0000] {subprocess.py:93} INFO - text-unidecode==1.3
[2023-06-17T02:23:43.652+0000] {subprocess.py:93} INFO - toolz==0.12.0
[2023-06-17T02:23:43.652+0000] {subprocess.py:93} INFO - tornado==6.2
[2023-06-17T02:23:43.652+0000] {subprocess.py:93} INFO - typing_extensions==4.5.0
[2023-06-17T02:23:43.652+0000] {subprocess.py:93} INFO - uc-micro-py==1.0.2
[2023-06-17T02:23:43.652+0000] {subprocess.py:93} INFO - unicodecsv==0.14.1
[2023-06-17T02:23:43.652+0000] {subprocess.py:93} INFO - uritemplate==3.0.1
[2023-06-17T02:23:43.653+0000] {subprocess.py:93} INFO - urllib3==1.26.15
[2023-06-17T02:23:43.653+0000] {subprocess.py:93} INFO - vine==5.0.0
[2023-06-17T02:23:43.653+0000] {subprocess.py:93} INFO - virtualenv==20.21.1
[2023-06-17T02:23:43.653+0000] {subprocess.py:93} INFO - watchtower==2.0.1
[2023-06-17T02:23:43.653+0000] {subprocess.py:93} INFO - wcwidth==0.2.6
[2023-06-17T02:23:43.653+0000] {subprocess.py:93} INFO - websocket-client==1.5.1
[2023-06-17T02:23:43.653+0000] {subprocess.py:93} INFO - Werkzeug==2.2.3
[2023-06-17T02:23:43.653+0000] {subprocess.py:93} INFO - wrapt==1.15.0
[2023-06-17T02:23:43.653+0000] {subprocess.py:93} INFO - WTForms==3.0.1
[2023-06-17T02:23:43.653+0000] {subprocess.py:93} INFO - yarl==1.9.2
[2023-06-17T02:23:43.653+0000] {subprocess.py:93} INFO - zict==2.2.0
[2023-06-17T02:23:43.654+0000] {subprocess.py:93} INFO - zipp==3.15.0
[2023-06-17T02:23:43.654+0000] {subprocess.py:93} INFO - zope.event==4.6
[2023-06-17T02:23:43.654+0000] {subprocess.py:93} INFO - zope.interface==6.0
[2023-06-17T02:23:43.654+0000] {subprocess.py:97} INFO - Command exited with return code 0
[2023-06-17T02:23:43.843+0000] {taskinstance.py:1350} INFO - Marking task as SUCCESS. dag_id=demo_dag, task_id=executor_task, execution_date=20230617T010000, start_date=20230617T021825, end_date=20230617T022343
[2023-06-17T02:23:44.073+0000] {local_task_job_runner.py:225} INFO - Task exited with return code 0
[2023-06-17T02:23:44.101+0000] {taskinstance.py:2651} INFO - 0 downstream tasks scheduled from follow-on schedule check
[2023-06-17T02:28:44.228+0000] {taskinstance.py:1103} INFO - Dependencies all met for dep_context=non-requeueable deps ti=<TaskInstance: demo_dag.executor_task scheduled__2023-06-17T01:00:00+00:00 [queued]>
[2023-06-17T02:28:44.313+0000] {taskinstance.py:1103} INFO - Dependencies all met for dep_context=requeueable deps ti=<TaskInstance: demo_dag.executor_task scheduled__2023-06-17T01:00:00+00:00 [queued]>
[2023-06-17T02:28:44.313+0000] {taskinstance.py:1308} INFO - Starting attempt 1 of 4
[2023-06-17T02:28:44.384+0000] {taskinstance.py:1327} INFO - Executing <Task(BashOperator): executor_task> on 2023-06-17 01:00:00+00:00
[2023-06-17T02:28:44.390+0000] {standard_task_runner.py:57} INFO - Started process 3851 to run task
[2023-06-17T02:28:44.393+0000] {standard_task_runner.py:84} INFO - Running: ['***', 'tasks', 'run', 'demo_dag', 'executor_task', 'scheduled__2023-06-17T01:00:00+00:00', '--job-id', '116', '--raw', '--subdir', 'DAGS_FOLDER/demo_dag.py', '--cfg-path', '/tmp/tmp5xfkgxvq']
[2023-06-17T02:28:44.394+0000] {standard_task_runner.py:85} INFO - Job 116: Subtask executor_task
[2023-06-17T02:28:44.518+0000] {task_command.py:410} INFO - Running <TaskInstance: demo_dag.executor_task scheduled__2023-06-17T01:00:00+00:00 [running]> on host 69b08131bb85
[2023-06-17T02:28:44.584+0000] {warnings.py:110} WARNING - /home/***/.local/lib/python3.7/site-packages/***/utils/context.py:205: AirflowContextDeprecationWarning: Accessing 'execution_date' from the template is deprecated and will be removed in a future version. Please use 'data_interval_start' or 'logical_date' instead.
  warnings.warn(_create_deprecation_warning(key, self._deprecation_replacements[key]))

[2023-06-17T02:28:44.641+0000] {taskinstance.py:1547} INFO - Exporting env vars: AIRFLOW_CTX_DAG_EMAIL='personaltraingcp@gmail.com' AIRFLOW_CTX_DAG_OWNER='Leyner_Bejarano' AIRFLOW_CTX_DAG_ID='demo_dag' AIRFLOW_CTX_TASK_ID='executor_task' AIRFLOW_CTX_EXECUTION_DATE='2023-06-17T01:00:00+00:00' AIRFLOW_CTX_TRY_NUMBER='1' AIRFLOW_CTX_DAG_RUN_ID='scheduled__2023-06-17T01:00:00+00:00'
[2023-06-17T02:28:44.642+0000] {subprocess.py:63} INFO - Tmp dir root location: 
 /tmp
[2023-06-17T02:28:44.643+0000] {subprocess.py:75} INFO - Running command: ['/bin/bash', '-c', ' \n        cd /opt/***/dags/scripts &&\n        pip install -r requirements.txt &&\n        python lambdaExecutor.py -dt 2023-06-17 -dh 01 -q https://sqs.us-east-2.amazonaws.com/147929168898/lokaInterviewSQS -ak AKIASE4KD7QBGVHE4G7U -sk *** &&\n        pip freeze\n        ']
[2023-06-17T02:28:44.655+0000] {subprocess.py:86} INFO - Output:
[2023-06-17T02:28:45.914+0000] {subprocess.py:93} INFO - Defaulting to user installation because normal site-packages is not writeable
[2023-06-17T02:28:47.811+0000] {subprocess.py:93} INFO - Requirement already satisfied: boto3==1.26.151 in /home/***/.local/lib/python3.7/site-packages (from -r requirements.txt (line 1)) (1.26.151)
[2023-06-17T02:28:47.831+0000] {subprocess.py:93} INFO - Requirement already satisfied: botocore<1.30.0,>=1.29.151 in /home/***/.local/lib/python3.7/site-packages (from boto3==1.26.151->-r requirements.txt (line 1)) (1.29.155)
[2023-06-17T02:28:47.832+0000] {subprocess.py:93} INFO - Requirement already satisfied: jmespath<2.0.0,>=0.7.1 in /home/***/.local/lib/python3.7/site-packages (from boto3==1.26.151->-r requirements.txt (line 1)) (0.10.0)
[2023-06-17T02:28:47.833+0000] {subprocess.py:93} INFO - Requirement already satisfied: s3transfer<0.7.0,>=0.6.0 in /home/***/.local/lib/python3.7/site-packages (from boto3==1.26.151->-r requirements.txt (line 1)) (0.6.1)
[2023-06-17T02:28:47.845+0000] {subprocess.py:93} INFO - Requirement already satisfied: python-dateutil<3.0.0,>=2.1 in /home/***/.local/lib/python3.7/site-packages (from botocore<1.30.0,>=1.29.151->boto3==1.26.151->-r requirements.txt (line 1)) (2.8.2)
[2023-06-17T02:28:47.846+0000] {subprocess.py:93} INFO - Requirement already satisfied: urllib3<1.27,>=1.25.4 in /home/***/.local/lib/python3.7/site-packages (from botocore<1.30.0,>=1.29.151->boto3==1.26.151->-r requirements.txt (line 1)) (1.26.15)
[2023-06-17T02:28:48.024+0000] {subprocess.py:93} INFO - Requirement already satisfied: six>=1.5 in /home/***/.local/lib/python3.7/site-packages (from python-dateutil<3.0.0,>=2.1->botocore<1.30.0,>=1.29.151->boto3==1.26.151->-r requirements.txt (line 1)) (1.16.0)
[2023-06-17T02:32:38.283+0000] {subprocess.py:93} INFO - adal==1.2.7
[2023-06-17T02:32:38.506+0000] {subprocess.py:93} INFO - aiobotocore==2.5.0
[2023-06-17T02:32:38.507+0000] {subprocess.py:93} INFO - aiofiles==23.1.0
[2023-06-17T02:32:38.508+0000] {subprocess.py:93} INFO - aiohttp==3.8.4
[2023-06-17T02:32:38.508+0000] {subprocess.py:93} INFO - aioitertools==0.11.0
[2023-06-17T02:32:38.509+0000] {subprocess.py:93} INFO - aiosignal==1.3.1
[2023-06-17T02:32:38.509+0000] {subprocess.py:93} INFO - alembic==1.10.4
[2023-06-17T02:32:38.509+0000] {subprocess.py:93} INFO - amqp==5.1.1
[2023-06-17T02:32:38.510+0000] {subprocess.py:93} INFO - anyio==3.6.2
[2023-06-17T02:32:38.510+0000] {subprocess.py:93} INFO - apache-***==2.6.1
[2023-06-17T02:32:38.511+0000] {subprocess.py:93} INFO - apache-***-providers-amazon==8.0.0
[2023-06-17T02:32:38.511+0000] {subprocess.py:93} INFO - apache-***-providers-celery==3.1.0
[2023-06-17T02:32:38.511+0000] {subprocess.py:93} INFO - apache-***-providers-cncf-kubernetes==6.1.0
[2023-06-17T02:32:38.512+0000] {subprocess.py:93} INFO - apache-***-providers-common-sql==1.4.0
[2023-06-17T02:32:38.512+0000] {subprocess.py:93} INFO - apache-***-providers-docker==3.6.0
[2023-06-17T02:32:38.513+0000] {subprocess.py:93} INFO - apache-***-providers-elasticsearch==4.4.0
[2023-06-17T02:32:38.513+0000] {subprocess.py:93} INFO - apache-***-providers-ftp==3.3.1
[2023-06-17T02:32:38.514+0000] {subprocess.py:93} INFO - apache-***-providers-google==10.0.0
[2023-06-17T02:32:38.514+0000] {subprocess.py:93} INFO - apache-***-providers-grpc==3.1.0
[2023-06-17T02:32:38.514+0000] {subprocess.py:93} INFO - apache-***-providers-hashicorp==3.3.1
[2023-06-17T02:32:38.515+0000] {subprocess.py:93} INFO - apache-***-providers-http==4.3.0
[2023-06-17T02:32:38.515+0000] {subprocess.py:93} INFO - apache-***-providers-imap==3.1.1
[2023-06-17T02:32:38.516+0000] {subprocess.py:93} INFO - apache-***-providers-microsoft-azure==6.0.0
[2023-06-17T02:32:38.516+0000] {subprocess.py:93} INFO - apache-***-providers-mysql==5.0.0
[2023-06-17T02:32:38.517+0000] {subprocess.py:93} INFO - apache-***-providers-odbc==3.2.1
[2023-06-17T02:32:38.517+0000] {subprocess.py:93} INFO - apache-***-providers-postgres==5.4.0
[2023-06-17T02:32:38.517+0000] {subprocess.py:93} INFO - apache-***-providers-redis==3.1.0
[2023-06-17T02:32:38.517+0000] {subprocess.py:93} INFO - apache-***-providers-sendgrid==3.1.0
[2023-06-17T02:32:38.518+0000] {subprocess.py:93} INFO - apache-***-providers-sftp==4.2.4
[2023-06-17T02:32:38.518+0000] {subprocess.py:93} INFO - apache-***-providers-slack==7.2.0
[2023-06-17T02:32:38.518+0000] {subprocess.py:93} INFO - apache-***-providers-snowflake==4.0.5
[2023-06-17T02:32:38.518+0000] {subprocess.py:93} INFO - apache-***-providers-sqlite==3.3.2
[2023-06-17T02:32:38.519+0000] {subprocess.py:93} INFO - apache-***-providers-ssh==3.6.0
[2023-06-17T02:32:38.519+0000] {subprocess.py:93} INFO - apispec==5.2.2
[2023-06-17T02:32:38.519+0000] {subprocess.py:93} INFO - argcomplete==3.0.8
[2023-06-17T02:32:38.520+0000] {subprocess.py:93} INFO - asgiref==3.6.0
[2023-06-17T02:32:38.520+0000] {subprocess.py:93} INFO - asn1crypto==1.5.1
[2023-06-17T02:32:38.520+0000] {subprocess.py:93} INFO - async-timeout==4.0.2
[2023-06-17T02:32:38.520+0000] {subprocess.py:93} INFO - asynctest==0.13.0
[2023-06-17T02:32:38.521+0000] {subprocess.py:93} INFO - attrs==23.1.0
[2023-06-17T02:32:38.521+0000] {subprocess.py:93} INFO - Authlib==1.2.0
[2023-06-17T02:32:38.521+0000] {subprocess.py:93} INFO - azure-batch==13.0.0
[2023-06-17T02:32:38.521+0000] {subprocess.py:93} INFO - azure-common==1.1.28
[2023-06-17T02:32:38.522+0000] {subprocess.py:93} INFO - azure-core==1.26.4
[2023-06-17T02:32:38.522+0000] {subprocess.py:93} INFO - azure-cosmos==4.3.1
[2023-06-17T02:32:38.522+0000] {subprocess.py:93} INFO - azure-datalake-store==0.0.53
[2023-06-17T02:32:38.522+0000] {subprocess.py:93} INFO - azure-identity==1.13.0
[2023-06-17T02:32:38.522+0000] {subprocess.py:93} INFO - azure-keyvault-secrets==4.7.0
[2023-06-17T02:32:38.523+0000] {subprocess.py:93} INFO - azure-kusto-data==0.0.45
[2023-06-17T02:32:38.523+0000] {subprocess.py:93} INFO - azure-mgmt-containerinstance==1.5.0
[2023-06-17T02:32:38.523+0000] {subprocess.py:93} INFO - azure-mgmt-core==1.4.0
[2023-06-17T02:32:38.523+0000] {subprocess.py:93} INFO - azure-mgmt-datafactory==1.1.0
[2023-06-17T02:32:38.523+0000] {subprocess.py:93} INFO - azure-mgmt-datalake-nspkg==3.0.1
[2023-06-17T02:32:38.524+0000] {subprocess.py:93} INFO - azure-mgmt-datalake-store==0.5.0
[2023-06-17T02:32:38.524+0000] {subprocess.py:93} INFO - azure-mgmt-nspkg==3.0.2
[2023-06-17T02:32:38.524+0000] {subprocess.py:93} INFO - azure-mgmt-resource==23.0.0
[2023-06-17T02:32:38.524+0000] {subprocess.py:93} INFO - azure-nspkg==3.0.2
[2023-06-17T02:32:38.524+0000] {subprocess.py:93} INFO - azure-servicebus==7.10.0
[2023-06-17T02:32:38.525+0000] {subprocess.py:93} INFO - azure-storage-blob==12.16.0
[2023-06-17T02:32:38.525+0000] {subprocess.py:93} INFO - azure-storage-common==2.1.0
[2023-06-17T02:32:38.525+0000] {subprocess.py:93} INFO - azure-storage-file==2.1.0
[2023-06-17T02:32:38.525+0000] {subprocess.py:93} INFO - azure-storage-file-datalake==12.11.0
[2023-06-17T02:32:38.525+0000] {subprocess.py:93} INFO - azure-synapse-spark==0.7.0
[2023-06-17T02:32:38.526+0000] {subprocess.py:93} INFO - Babel==2.12.1
[2023-06-17T02:32:38.526+0000] {subprocess.py:93} INFO - backoff==1.10.0
[2023-06-17T02:32:38.526+0000] {subprocess.py:93} INFO - bcrypt==4.0.1
[2023-06-17T02:32:38.526+0000] {subprocess.py:93} INFO - beautifulsoup4==4.12.2
[2023-06-17T02:32:38.526+0000] {subprocess.py:93} INFO - billiard==3.6.4.0
[2023-06-17T02:32:38.527+0000] {subprocess.py:93} INFO - blinker==1.6.2
[2023-06-17T02:32:38.527+0000] {subprocess.py:93} INFO - boto3==1.26.151
[2023-06-17T02:32:38.527+0000] {subprocess.py:93} INFO - botocore==1.29.155
[2023-06-17T02:32:38.527+0000] {subprocess.py:93} INFO - cached-property==1.5.2
[2023-06-17T02:32:38.527+0000] {subprocess.py:93} INFO - cachelib==0.9.0
[2023-06-17T02:32:38.527+0000] {subprocess.py:93} INFO - cachetools==5.3.0
[2023-06-17T02:32:38.528+0000] {subprocess.py:93} INFO - cattrs==22.2.0
[2023-06-17T02:32:38.528+0000] {subprocess.py:93} INFO - celery==5.2.7
[2023-06-17T02:32:38.528+0000] {subprocess.py:93} INFO - certifi==2023.5.7
[2023-06-17T02:32:38.528+0000] {subprocess.py:93} INFO - cffi==1.15.1
[2023-06-17T02:32:38.528+0000] {subprocess.py:93} INFO - chardet==5.1.0
[2023-06-17T02:32:38.528+0000] {subprocess.py:93} INFO - charset-normalizer==2.1.1
[2023-06-17T02:32:38.528+0000] {subprocess.py:93} INFO - click==8.1.3
[2023-06-17T02:32:38.529+0000] {subprocess.py:93} INFO - click-didyoumean==0.3.0
[2023-06-17T02:32:38.529+0000] {subprocess.py:93} INFO - click-plugins==1.1.1
[2023-06-17T02:32:38.529+0000] {subprocess.py:93} INFO - click-repl==0.2.0
[2023-06-17T02:32:38.529+0000] {subprocess.py:93} INFO - clickclick==20.10.2
[2023-06-17T02:32:38.529+0000] {subprocess.py:93} INFO - cloudpickle==2.2.1
[2023-06-17T02:32:38.529+0000] {subprocess.py:93} INFO - colorama==0.4.6
[2023-06-17T02:32:38.529+0000] {subprocess.py:93} INFO - colorlog==4.8.0
[2023-06-17T02:32:38.530+0000] {subprocess.py:93} INFO - ConfigUpdater==3.1.1
[2023-06-17T02:32:38.530+0000] {subprocess.py:93} INFO - connexion==2.14.2
[2023-06-17T02:32:38.530+0000] {subprocess.py:93} INFO - cron-descriptor==1.3.0
[2023-06-17T02:32:38.530+0000] {subprocess.py:93} INFO - croniter==1.3.14
[2023-06-17T02:32:38.530+0000] {subprocess.py:93} INFO - cryptography==40.0.2
[2023-06-17T02:32:38.530+0000] {subprocess.py:93} INFO - dask==2022.2.0
[2023-06-17T02:32:38.531+0000] {subprocess.py:93} INFO - db-dtypes==1.1.1
[2023-06-17T02:32:38.531+0000] {subprocess.py:93} INFO - decorator==5.1.1
[2023-06-17T02:32:38.531+0000] {subprocess.py:93} INFO - Deprecated==1.2.13
[2023-06-17T02:32:38.531+0000] {subprocess.py:93} INFO - dill==0.3.1.1
[2023-06-17T02:32:38.531+0000] {subprocess.py:93} INFO - distlib==0.3.6
[2023-06-17T02:32:38.531+0000] {subprocess.py:93} INFO - distributed==2022.2.0
[2023-06-17T02:32:38.531+0000] {subprocess.py:93} INFO - dnspython==2.3.0
[2023-06-17T02:32:38.532+0000] {subprocess.py:93} INFO - docker==6.1.2
[2023-06-17T02:32:38.532+0000] {subprocess.py:93} INFO - docutils==0.20
[2023-06-17T02:32:38.532+0000] {subprocess.py:93} INFO - elasticsearch==7.13.4
[2023-06-17T02:32:38.532+0000] {subprocess.py:93} INFO - elasticsearch-dbapi==0.2.10
[2023-06-17T02:32:38.532+0000] {subprocess.py:93} INFO - elasticsearch-dsl==7.4.1
[2023-06-17T02:32:38.532+0000] {subprocess.py:93} INFO - email-validator==1.3.1
[2023-06-17T02:32:38.532+0000] {subprocess.py:93} INFO - eventlet==0.33.3
[2023-06-17T02:32:38.533+0000] {subprocess.py:93} INFO - exceptiongroup==1.1.1
[2023-06-17T02:32:38.533+0000] {subprocess.py:93} INFO - filelock==3.12.0
[2023-06-17T02:32:38.533+0000] {subprocess.py:93} INFO - Flask==2.2.5
[2023-06-17T02:32:38.533+0000] {subprocess.py:93} INFO - Flask-AppBuilder==4.3.0
[2023-06-17T02:32:38.533+0000] {subprocess.py:93} INFO - Flask-Babel==2.0.0
[2023-06-17T02:32:38.533+0000] {subprocess.py:93} INFO - Flask-Caching==2.0.2
[2023-06-17T02:32:38.533+0000] {subprocess.py:93} INFO - Flask-JWT-Extended==4.4.4
[2023-06-17T02:32:38.533+0000] {subprocess.py:93} INFO - Flask-Limiter==3.3.1
[2023-06-17T02:32:38.533+0000] {subprocess.py:93} INFO - Flask-Login==0.6.2
[2023-06-17T02:32:38.533+0000] {subprocess.py:93} INFO - Flask-Session==0.5.0
[2023-06-17T02:32:38.534+0000] {subprocess.py:93} INFO - Flask-SQLAlchemy==2.5.1
[2023-06-17T02:32:38.534+0000] {subprocess.py:93} INFO - Flask-WTF==1.1.1
[2023-06-17T02:32:38.534+0000] {subprocess.py:93} INFO - flower==1.2.0
[2023-06-17T02:32:38.534+0000] {subprocess.py:93} INFO - frozenlist==1.3.3
[2023-06-17T02:32:38.534+0000] {subprocess.py:93} INFO - fsspec==2023.1.0
[2023-06-17T02:32:38.534+0000] {subprocess.py:93} INFO - future==0.18.3
[2023-06-17T02:32:38.534+0000] {subprocess.py:93} INFO - gcloud-aio-auth==4.2.1
[2023-06-17T02:32:38.534+0000] {subprocess.py:93} INFO - gcloud-aio-bigquery==6.3.0
[2023-06-17T02:32:38.534+0000] {subprocess.py:93} INFO - gcloud-aio-storage==8.2.0
[2023-06-17T02:32:38.534+0000] {subprocess.py:93} INFO - gevent==22.10.2
[2023-06-17T02:32:38.534+0000] {subprocess.py:93} INFO - google-api-core==2.8.2
[2023-06-17T02:32:38.535+0000] {subprocess.py:93} INFO - google-api-python-client==1.12.11
[2023-06-17T02:32:38.535+0000] {subprocess.py:93} INFO - google-auth==2.18.0
[2023-06-17T02:32:38.535+0000] {subprocess.py:93} INFO - google-auth-httplib2==0.1.0
[2023-06-17T02:32:38.535+0000] {subprocess.py:93} INFO - google-auth-oauthlib==0.8.0
[2023-06-17T02:32:38.535+0000] {subprocess.py:93} INFO - google-cloud-aiplatform==1.16.1
[2023-06-17T02:32:38.535+0000] {subprocess.py:93} INFO - google-cloud-appengine-logging==1.1.3
[2023-06-17T02:32:38.535+0000] {subprocess.py:93} INFO - google-cloud-audit-log==0.2.4
[2023-06-17T02:32:38.535+0000] {subprocess.py:93} INFO - google-cloud-automl==2.8.0
[2023-06-17T02:32:38.535+0000] {subprocess.py:93} INFO - google-cloud-bigquery==2.34.4
[2023-06-17T02:32:38.536+0000] {subprocess.py:93} INFO - google-cloud-bigquery-datatransfer==3.7.0
[2023-06-17T02:32:38.536+0000] {subprocess.py:93} INFO - google-cloud-bigquery-storage==2.14.1
[2023-06-17T02:32:38.536+0000] {subprocess.py:93} INFO - google-cloud-bigtable==2.11.1
[2023-06-17T02:32:38.536+0000] {subprocess.py:93} INFO - google-cloud-build==3.9.0
[2023-06-17T02:32:38.536+0000] {subprocess.py:93} INFO - google-cloud-compute==0.7.0
[2023-06-17T02:32:38.536+0000] {subprocess.py:93} INFO - google-cloud-container==2.11.1
[2023-06-17T02:32:38.536+0000] {subprocess.py:93} INFO - google-cloud-core==2.3.2
[2023-06-17T02:32:38.536+0000] {subprocess.py:93} INFO - google-cloud-datacatalog==3.9.0
[2023-06-17T02:32:38.536+0000] {subprocess.py:93} INFO - google-cloud-dataflow-client==0.5.4
[2023-06-17T02:32:38.536+0000] {subprocess.py:93} INFO - google-cloud-dataform==0.2.0
[2023-06-17T02:32:38.537+0000] {subprocess.py:93} INFO - google-cloud-dataplex==1.1.0
[2023-06-17T02:32:38.537+0000] {subprocess.py:93} INFO - google-cloud-dataproc==5.0.0
[2023-06-17T02:32:38.537+0000] {subprocess.py:93} INFO - google-cloud-dataproc-metastore==1.6.0
[2023-06-17T02:32:38.537+0000] {subprocess.py:93} INFO - google-cloud-dlp==3.8.0
[2023-06-17T02:32:38.537+0000] {subprocess.py:93} INFO - google-cloud-kms==2.12.0
[2023-06-17T02:32:38.537+0000] {subprocess.py:93} INFO - google-cloud-language==1.3.2
[2023-06-17T02:32:38.537+0000] {subprocess.py:93} INFO - google-cloud-logging==3.2.1
[2023-06-17T02:32:38.537+0000] {subprocess.py:93} INFO - google-cloud-memcache==1.4.1
[2023-06-17T02:32:38.537+0000] {subprocess.py:93} INFO - google-cloud-monitoring==2.11.0
[2023-06-17T02:32:38.537+0000] {subprocess.py:93} INFO - google-cloud-orchestration-***==1.4.1
[2023-06-17T02:32:38.538+0000] {subprocess.py:93} INFO - google-cloud-os-login==2.7.1
[2023-06-17T02:32:38.538+0000] {subprocess.py:93} INFO - google-cloud-pubsub==2.13.5
[2023-06-17T02:32:38.538+0000] {subprocess.py:93} INFO - google-cloud-redis==2.9.0
[2023-06-17T02:32:38.538+0000] {subprocess.py:93} INFO - google-cloud-resource-manager==1.6.0
[2023-06-17T02:32:38.538+0000] {subprocess.py:93} INFO - google-cloud-secret-manager==1.0.2
[2023-06-17T02:32:38.538+0000] {subprocess.py:93} INFO - google-cloud-spanner==1.19.3
[2023-06-17T02:32:38.538+0000] {subprocess.py:93} INFO - google-cloud-speech==1.3.4
[2023-06-17T02:32:38.538+0000] {subprocess.py:93} INFO - google-cloud-storage==2.9.0
[2023-06-17T02:32:38.538+0000] {subprocess.py:93} INFO - google-cloud-tasks==2.10.1
[2023-06-17T02:32:38.539+0000] {subprocess.py:93} INFO - google-cloud-texttospeech==1.0.3
[2023-06-17T02:32:38.539+0000] {subprocess.py:93} INFO - google-cloud-translate==1.7.2
[2023-06-17T02:32:38.539+0000] {subprocess.py:93} INFO - google-cloud-videointelligence==1.16.3
[2023-06-17T02:32:38.539+0000] {subprocess.py:93} INFO - google-cloud-vision==1.0.2
[2023-06-17T02:32:38.539+0000] {subprocess.py:93} INFO - google-cloud-workflows==1.7.1
[2023-06-17T02:32:38.539+0000] {subprocess.py:93} INFO - google-crc32c==1.5.0
[2023-06-17T02:32:38.539+0000] {subprocess.py:93} INFO - google-resumable-media==2.5.0
[2023-06-17T02:32:38.539+0000] {subprocess.py:93} INFO - googleapis-common-protos==1.56.4
[2023-06-17T02:32:38.539+0000] {subprocess.py:93} INFO - graphviz==0.20.1
[2023-06-17T02:32:38.539+0000] {subprocess.py:93} INFO - greenlet==2.0.2
[2023-06-17T02:32:38.540+0000] {subprocess.py:93} INFO - grpc-google-iam-v1==0.12.4
[2023-06-17T02:32:38.540+0000] {subprocess.py:93} INFO - grpcio==1.54.2
[2023-06-17T02:32:38.540+0000] {subprocess.py:93} INFO - grpcio-gcp==0.2.2
[2023-06-17T02:32:38.540+0000] {subprocess.py:93} INFO - grpcio-status==1.48.2
[2023-06-17T02:32:38.540+0000] {subprocess.py:93} INFO - gunicorn==20.1.0
[2023-06-17T02:32:38.540+0000] {subprocess.py:93} INFO - h11==0.14.0
[2023-06-17T02:32:38.540+0000] {subprocess.py:93} INFO - HeapDict==1.0.1
[2023-06-17T02:32:38.540+0000] {subprocess.py:93} INFO - httpcore==0.16.3
[2023-06-17T02:32:38.540+0000] {subprocess.py:93} INFO - httplib2==0.21.0
[2023-06-17T02:32:38.540+0000] {subprocess.py:93} INFO - httpx==0.23.3
[2023-06-17T02:32:38.541+0000] {subprocess.py:93} INFO - humanize==4.6.0
[2023-06-17T02:32:38.541+0000] {subprocess.py:93} INFO - hvac==1.1.0
[2023-06-17T02:32:38.541+0000] {subprocess.py:93} INFO - idna==3.4
[2023-06-17T02:32:38.541+0000] {subprocess.py:93} INFO - importlib-metadata==4.13.0
[2023-06-17T02:32:38.541+0000] {subprocess.py:93} INFO - importlib-resources==5.12.0
[2023-06-17T02:32:38.541+0000] {subprocess.py:93} INFO - inflection==0.5.1
[2023-06-17T02:32:38.541+0000] {subprocess.py:93} INFO - isodate==0.6.1
[2023-06-17T02:32:38.541+0000] {subprocess.py:93} INFO - itsdangerous==2.1.2
[2023-06-17T02:32:38.541+0000] {subprocess.py:93} INFO - Jinja2==3.1.2
[2023-06-17T02:32:38.541+0000] {subprocess.py:93} INFO - jmespath==0.10.0
[2023-06-17T02:32:38.542+0000] {subprocess.py:93} INFO - json-merge-patch==0.2
[2023-06-17T02:32:38.542+0000] {subprocess.py:93} INFO - jsonpath-ng==1.5.3
[2023-06-17T02:32:38.542+0000] {subprocess.py:93} INFO - jsonschema==4.17.3
[2023-06-17T02:32:38.542+0000] {subprocess.py:93} INFO - kombu==5.2.4
[2023-06-17T02:32:38.542+0000] {subprocess.py:93} INFO - kubernetes==23.6.0
[2023-06-17T02:32:38.542+0000] {subprocess.py:93} INFO - kubernetes-asyncio==24.2.3
[2023-06-17T02:32:38.542+0000] {subprocess.py:93} INFO - lazy-object-proxy==1.9.0
[2023-06-17T02:32:38.542+0000] {subprocess.py:93} INFO - ldap3==2.9.1
[2023-06-17T02:32:38.542+0000] {subprocess.py:93} INFO - limits==3.4.0
[2023-06-17T02:32:38.542+0000] {subprocess.py:93} INFO - linkify-it-py==2.0.2
[2023-06-17T02:32:38.543+0000] {subprocess.py:93} INFO - locket==1.0.0
[2023-06-17T02:32:38.543+0000] {subprocess.py:93} INFO - lockfile==0.12.2
[2023-06-17T02:32:38.543+0000] {subprocess.py:93} INFO - looker-sdk==23.8.1
[2023-06-17T02:32:38.543+0000] {subprocess.py:93} INFO - lxml==4.9.2
[2023-06-17T02:32:38.543+0000] {subprocess.py:93} INFO - Mako==1.2.4
[2023-06-17T02:32:38.543+0000] {subprocess.py:93} INFO - Markdown==3.4.3
[2023-06-17T02:32:38.543+0000] {subprocess.py:93} INFO - markdown-it-py==2.2.0
[2023-06-17T02:32:38.543+0000] {subprocess.py:93} INFO - MarkupSafe==2.1.2
[2023-06-17T02:32:38.543+0000] {subprocess.py:93} INFO - marshmallow==3.19.0
[2023-06-17T02:32:38.543+0000] {subprocess.py:93} INFO - marshmallow-enum==1.5.1
[2023-06-17T02:32:38.543+0000] {subprocess.py:93} INFO - marshmallow-oneofschema==3.0.1
[2023-06-17T02:32:38.544+0000] {subprocess.py:93} INFO - marshmallow-sqlalchemy==0.26.1
[2023-06-17T02:32:38.544+0000] {subprocess.py:93} INFO - mdit-py-plugins==0.3.5
[2023-06-17T02:32:38.544+0000] {subprocess.py:93} INFO - mdurl==0.1.2
[2023-06-17T02:32:38.544+0000] {subprocess.py:93} INFO - msal==1.22.0
[2023-06-17T02:32:38.544+0000] {subprocess.py:93} INFO - msal-extensions==1.0.0
[2023-06-17T02:32:38.544+0000] {subprocess.py:93} INFO - msgpack==1.0.5
[2023-06-17T02:32:38.544+0000] {subprocess.py:93} INFO - msrest==0.7.1
[2023-06-17T02:32:38.544+0000] {subprocess.py:93} INFO - msrestazure==0.6.4
[2023-06-17T02:32:38.544+0000] {subprocess.py:93} INFO - multidict==6.0.4
[2023-06-17T02:32:38.544+0000] {subprocess.py:93} INFO - mypy-boto3-appflow==1.26.125
[2023-06-17T02:32:38.545+0000] {subprocess.py:93} INFO - mypy-boto3-rds==1.26.132
[2023-06-17T02:32:38.545+0000] {subprocess.py:93} INFO - mypy-boto3-redshift-data==1.26.109
[2023-06-17T02:32:38.545+0000] {subprocess.py:93} INFO - mysqlclient==2.1.1
[2023-06-17T02:32:38.545+0000] {subprocess.py:93} INFO - numpy==1.21.6
[2023-06-17T02:32:38.545+0000] {subprocess.py:93} INFO - oauthlib==3.2.2
[2023-06-17T02:32:38.545+0000] {subprocess.py:93} INFO - ordered-set==4.1.0
[2023-06-17T02:32:38.545+0000] {subprocess.py:93} INFO - oscrypto==1.3.0
[2023-06-17T02:32:38.545+0000] {subprocess.py:93} INFO - packaging==21.3
[2023-06-17T02:32:38.545+0000] {subprocess.py:93} INFO - pandas==1.3.5
[2023-06-17T02:32:38.545+0000] {subprocess.py:93} INFO - pandas-gbq==0.17.9
[2023-06-17T02:32:38.546+0000] {subprocess.py:93} INFO - paramiko==3.1.0
[2023-06-17T02:32:38.546+0000] {subprocess.py:93} INFO - partd==1.4.0
[2023-06-17T02:32:38.546+0000] {subprocess.py:93} INFO - pathspec==0.9.0
[2023-06-17T02:32:38.546+0000] {subprocess.py:93} INFO - pendulum==2.1.2
[2023-06-17T02:32:38.546+0000] {subprocess.py:93} INFO - pkgutil_resolve_name==1.3.10
[2023-06-17T02:32:38.546+0000] {subprocess.py:93} INFO - platformdirs==3.5.1
[2023-06-17T02:32:38.546+0000] {subprocess.py:93} INFO - pluggy==1.0.0
[2023-06-17T02:32:38.546+0000] {subprocess.py:93} INFO - ply==3.11
[2023-06-17T02:32:38.546+0000] {subprocess.py:93} INFO - portalocker==2.7.0
[2023-06-17T02:32:38.546+0000] {subprocess.py:93} INFO - prison==0.2.1
[2023-06-17T02:32:38.547+0000] {subprocess.py:93} INFO - prometheus-client==0.16.0
[2023-06-17T02:32:38.547+0000] {subprocess.py:93} INFO - prompt-toolkit==3.0.38
[2023-06-17T02:32:38.547+0000] {subprocess.py:93} INFO - proto-plus==1.19.6
[2023-06-17T02:32:38.547+0000] {subprocess.py:93} INFO - protobuf==3.20.0
[2023-06-17T02:32:38.547+0000] {subprocess.py:93} INFO - psutil==5.9.5
[2023-06-17T02:32:38.547+0000] {subprocess.py:93} INFO - psycopg2-binary==2.9.6
[2023-06-17T02:32:38.547+0000] {subprocess.py:93} INFO - pyarrow==9.0.0
[2023-06-17T02:32:38.547+0000] {subprocess.py:93} INFO - pyasn1==0.4.8
[2023-06-17T02:32:38.547+0000] {subprocess.py:93} INFO - pyasn1-modules==0.2.8
[2023-06-17T02:32:38.547+0000] {subprocess.py:93} INFO - pycparser==2.21
[2023-06-17T02:32:38.548+0000] {subprocess.py:93} INFO - pycryptodomex==3.17
[2023-06-17T02:32:38.548+0000] {subprocess.py:93} INFO - pydantic==1.10.7
[2023-06-17T02:32:38.548+0000] {subprocess.py:93} INFO - pydata-google-auth==1.8.0
[2023-06-17T02:32:38.548+0000] {subprocess.py:93} INFO - Pygments==2.15.1
[2023-06-17T02:32:38.548+0000] {subprocess.py:93} INFO - pyhcl==0.4.4
[2023-06-17T02:32:38.548+0000] {subprocess.py:93} INFO - PyJWT==2.7.0
[2023-06-17T02:32:38.548+0000] {subprocess.py:93} INFO - PyNaCl==1.5.0
[2023-06-17T02:32:38.548+0000] {subprocess.py:93} INFO - pyodbc==4.0.39
[2023-06-17T02:32:38.548+0000] {subprocess.py:93} INFO - pyOpenSSL==23.1.1
[2023-06-17T02:32:38.548+0000] {subprocess.py:93} INFO - pyparsing==3.0.9
[2023-06-17T02:32:38.549+0000] {subprocess.py:93} INFO - pyrsistent==0.19.3
[2023-06-17T02:32:38.549+0000] {subprocess.py:93} INFO - python-daemon==3.0.1
[2023-06-17T02:32:38.549+0000] {subprocess.py:93} INFO - python-dateutil==2.8.2
[2023-06-17T02:32:38.549+0000] {subprocess.py:93} INFO - python-dotenv==0.21.1
[2023-06-17T02:32:38.549+0000] {subprocess.py:93} INFO - python-http-client==3.3.7
[2023-06-17T02:32:38.549+0000] {subprocess.py:93} INFO - python-ldap==3.4.3
[2023-06-17T02:32:38.549+0000] {subprocess.py:93} INFO - python-nvd3==0.15.0
[2023-06-17T02:32:38.549+0000] {subprocess.py:93} INFO - python-slugify==8.0.1
[2023-06-17T02:32:38.549+0000] {subprocess.py:93} INFO - pytz==2023.3
[2023-06-17T02:32:38.549+0000] {subprocess.py:93} INFO - pytzdata==2020.1
[2023-06-17T02:32:38.550+0000] {subprocess.py:93} INFO - PyYAML==6.0
[2023-06-17T02:32:38.550+0000] {subprocess.py:93} INFO - redis==3.5.3
[2023-06-17T02:32:38.550+0000] {subprocess.py:93} INFO - redshift-connector==2.0.910
[2023-06-17T02:32:38.550+0000] {subprocess.py:93} INFO - requests==2.30.0
[2023-06-17T02:32:38.550+0000] {subprocess.py:93} INFO - requests-oauthlib==1.3.1
[2023-06-17T02:32:38.550+0000] {subprocess.py:93} INFO - requests-toolbelt==1.0.0
[2023-06-17T02:32:38.550+0000] {subprocess.py:93} INFO - rfc3339-validator==0.1.4
[2023-06-17T02:32:38.550+0000] {subprocess.py:93} INFO - rfc3986==1.5.0
[2023-06-17T02:32:38.550+0000] {subprocess.py:93} INFO - rich==13.3.5
[2023-06-17T02:32:38.550+0000] {subprocess.py:93} INFO - rich_argparse==1.1.0
[2023-06-17T02:32:38.550+0000] {subprocess.py:93} INFO - rsa==4.9
[2023-06-17T02:32:38.551+0000] {subprocess.py:93} INFO - s3transfer==0.6.1
[2023-06-17T02:32:38.551+0000] {subprocess.py:93} INFO - scramp==1.4.4
[2023-06-17T02:32:38.551+0000] {subprocess.py:93} INFO - sendgrid==6.10.0
[2023-06-17T02:32:38.551+0000] {subprocess.py:93} INFO - setproctitle==1.3.2
[2023-06-17T02:32:38.551+0000] {subprocess.py:93} INFO - six==1.16.0
[2023-06-17T02:32:38.551+0000] {subprocess.py:93} INFO - slack-sdk==3.21.3
[2023-06-17T02:32:38.551+0000] {subprocess.py:93} INFO - sniffio==1.3.0
[2023-06-17T02:32:38.551+0000] {subprocess.py:93} INFO - snowflake-connector-python==3.0.3
[2023-06-17T02:32:38.551+0000] {subprocess.py:93} INFO - snowflake-sqlalchemy==1.4.7
[2023-06-17T02:32:38.551+0000] {subprocess.py:93} INFO - sortedcontainers==2.4.0
[2023-06-17T02:32:38.552+0000] {subprocess.py:93} INFO - soupsieve==2.4.1
[2023-06-17T02:32:38.552+0000] {subprocess.py:93} INFO - SQLAlchemy==1.4.48
[2023-06-17T02:32:38.552+0000] {subprocess.py:93} INFO - sqlalchemy-bigquery==1.6.1
[2023-06-17T02:32:38.552+0000] {subprocess.py:93} INFO - SQLAlchemy-JSONField==1.0.1.post0
[2023-06-17T02:32:38.552+0000] {subprocess.py:93} INFO - sqlalchemy-redshift==0.8.14
[2023-06-17T02:32:38.552+0000] {subprocess.py:93} INFO - SQLAlchemy-Utils==0.41.1
[2023-06-17T02:32:38.552+0000] {subprocess.py:93} INFO - sqlparse==0.4.4
[2023-06-17T02:32:38.552+0000] {subprocess.py:93} INFO - sshtunnel==0.4.0
[2023-06-17T02:32:38.552+0000] {subprocess.py:93} INFO - starkbank-ecdsa==2.2.0
[2023-06-17T02:32:38.552+0000] {subprocess.py:93} INFO - statsd==4.0.1
[2023-06-17T02:32:38.553+0000] {subprocess.py:93} INFO - tabulate==0.9.0
[2023-06-17T02:32:38.553+0000] {subprocess.py:93} INFO - tblib==1.7.0
[2023-06-17T02:32:38.553+0000] {subprocess.py:93} INFO - tenacity==8.2.2
[2023-06-17T02:32:38.553+0000] {subprocess.py:93} INFO - termcolor==2.3.0
[2023-06-17T02:32:38.553+0000] {subprocess.py:93} INFO - text-unidecode==1.3
[2023-06-17T02:32:38.553+0000] {subprocess.py:93} INFO - toolz==0.12.0
[2023-06-17T02:32:38.553+0000] {subprocess.py:93} INFO - tornado==6.2
[2023-06-17T02:32:38.553+0000] {subprocess.py:93} INFO - typing_extensions==4.5.0
[2023-06-17T02:32:38.553+0000] {subprocess.py:93} INFO - uc-micro-py==1.0.2
[2023-06-17T02:32:38.553+0000] {subprocess.py:93} INFO - unicodecsv==0.14.1
[2023-06-17T02:32:38.554+0000] {subprocess.py:93} INFO - uritemplate==3.0.1
[2023-06-17T02:32:38.554+0000] {subprocess.py:93} INFO - urllib3==1.26.15
[2023-06-17T02:32:38.554+0000] {subprocess.py:93} INFO - vine==5.0.0
[2023-06-17T02:32:38.554+0000] {subprocess.py:93} INFO - virtualenv==20.21.1
[2023-06-17T02:32:38.554+0000] {subprocess.py:93} INFO - watchtower==2.0.1
[2023-06-17T02:32:38.554+0000] {subprocess.py:93} INFO - wcwidth==0.2.6
[2023-06-17T02:32:38.554+0000] {subprocess.py:93} INFO - websocket-client==1.5.1
[2023-06-17T02:32:38.554+0000] {subprocess.py:93} INFO - Werkzeug==2.2.3
[2023-06-17T02:32:38.554+0000] {subprocess.py:93} INFO - wrapt==1.15.0
[2023-06-17T02:32:38.554+0000] {subprocess.py:93} INFO - WTForms==3.0.1
[2023-06-17T02:32:38.555+0000] {subprocess.py:93} INFO - yarl==1.9.2
[2023-06-17T02:32:38.555+0000] {subprocess.py:93} INFO - zict==2.2.0
[2023-06-17T02:32:38.555+0000] {subprocess.py:93} INFO - zipp==3.15.0
[2023-06-17T02:32:38.555+0000] {subprocess.py:93} INFO - zope.event==4.6
[2023-06-17T02:32:38.555+0000] {subprocess.py:93} INFO - zope.interface==6.0
[2023-06-17T02:32:38.555+0000] {subprocess.py:97} INFO - Command exited with return code 0
[2023-06-17T02:32:38.943+0000] {taskinstance.py:1350} INFO - Marking task as SUCCESS. dag_id=demo_dag, task_id=executor_task, execution_date=20230617T010000, start_date=20230617T022844, end_date=20230617T023238
[2023-06-17T02:32:39.244+0000] {local_task_job_runner.py:225} INFO - Task exited with return code 0
[2023-06-17T02:32:39.296+0000] {taskinstance.py:2651} INFO - 0 downstream tasks scheduled from follow-on schedule check
