[2023-06-16T02:45:11.898+0000] {taskinstance.py:1103} INFO - Dependencies all met for dep_context=non-requeueable deps ti=<TaskInstance: demo_dag.executor_task scheduled__2023-06-16T01:00:00+00:00 [queued]>
[2023-06-16T02:45:12.027+0000] {taskinstance.py:1103} INFO - Dependencies all met for dep_context=requeueable deps ti=<TaskInstance: demo_dag.executor_task scheduled__2023-06-16T01:00:00+00:00 [queued]>
[2023-06-16T02:45:12.027+0000] {taskinstance.py:1308} INFO - Starting attempt 1 of 4
[2023-06-16T02:45:12.269+0000] {taskinstance.py:1327} INFO - Executing <Task(BashOperator): executor_task> on 2023-06-16 01:00:00+00:00
[2023-06-16T02:45:12.276+0000] {standard_task_runner.py:57} INFO - Started process 4249 to run task
[2023-06-16T02:45:12.280+0000] {standard_task_runner.py:84} INFO - Running: ['***', 'tasks', 'run', 'demo_dag', 'executor_task', 'scheduled__2023-06-16T01:00:00+00:00', '--job-id', '8', '--raw', '--subdir', 'DAGS_FOLDER/demo_dag.py', '--cfg-path', '/tmp/tmpqp316wxc']
[2023-06-16T02:45:12.282+0000] {standard_task_runner.py:85} INFO - Job 8: Subtask executor_task
[2023-06-16T02:45:12.505+0000] {task_command.py:410} INFO - Running <TaskInstance: demo_dag.executor_task scheduled__2023-06-16T01:00:00+00:00 [running]> on host c01f9dbc1aeb
[2023-06-16T02:45:12.948+0000] {taskinstance.py:1547} INFO - Exporting env vars: AIRFLOW_CTX_DAG_EMAIL='personaltraingcp@gmail.com' AIRFLOW_CTX_DAG_OWNER='Leyner_Bejarano' AIRFLOW_CTX_DAG_ID='demo_dag' AIRFLOW_CTX_TASK_ID='executor_task' AIRFLOW_CTX_EXECUTION_DATE='2023-06-16T01:00:00+00:00' AIRFLOW_CTX_TRY_NUMBER='1' AIRFLOW_CTX_DAG_RUN_ID='scheduled__2023-06-16T01:00:00+00:00'
[2023-06-16T02:45:12.950+0000] {subprocess.py:63} INFO - Tmp dir root location: 
 /tmp
[2023-06-16T02:45:12.950+0000] {subprocess.py:75} INFO - Running command: ['/bin/bash', '-c', '\n        cd /opt/***/dags &&\n        echo $(pwd) &&\n        ls -ltr &&\n        python --version &&\n        python3 --version \n        ']
[2023-06-16T02:45:12.969+0000] {subprocess.py:86} INFO - Output:
[2023-06-16T02:45:12.971+0000] {subprocess.py:93} INFO - /opt/***/dags
[2023-06-16T02:45:12.978+0000] {subprocess.py:93} INFO - total 8
[2023-06-16T02:45:12.978+0000] {subprocess.py:93} INFO - -rw-rw-r-- 1 default 1001    0 Jun 15 23:58 random.txt
[2023-06-16T02:45:12.978+0000] {subprocess.py:93} INFO - -rw-rw-r-- 1 default 1001 1186 Jun 15 23:58 demo_dag.py
[2023-06-16T02:45:12.978+0000] {subprocess.py:93} INFO - drwxrwxr-x 2 default root 4096 Jun 15 23:58 __pycache__
[2023-06-16T02:45:12.981+0000] {subprocess.py:93} INFO - Python 3.7.16
[2023-06-16T02:45:12.983+0000] {subprocess.py:93} INFO - Python 3.7.16
[2023-06-16T02:45:12.984+0000] {subprocess.py:97} INFO - Command exited with return code 0
[2023-06-16T02:45:13.035+0000] {taskinstance.py:1350} INFO - Marking task as SUCCESS. dag_id=demo_dag, task_id=executor_task, execution_date=20230616T010000, start_date=20230616T024511, end_date=20230616T024513
[2023-06-16T02:45:13.092+0000] {local_task_job_runner.py:225} INFO - Task exited with return code 0
[2023-06-16T02:45:13.118+0000] {taskinstance.py:2651} INFO - 0 downstream tasks scheduled from follow-on schedule check
