[2023-06-16T05:28:06.834+0000] {taskinstance.py:1103} INFO - Dependencies all met for dep_context=non-requeueable deps ti=<TaskInstance: demo_dag.executor_task manual__2019-06-01T16:00:00+00:00 [queued]>
[2023-06-16T05:28:06.911+0000] {taskinstance.py:1103} INFO - Dependencies all met for dep_context=requeueable deps ti=<TaskInstance: demo_dag.executor_task manual__2019-06-01T16:00:00+00:00 [queued]>
[2023-06-16T05:28:06.911+0000] {taskinstance.py:1308} INFO - Starting attempt 5 of 8
[2023-06-16T05:28:06.973+0000] {taskinstance.py:1327} INFO - Executing <Task(BashOperator): executor_task> on 2019-06-01 16:00:00+00:00
[2023-06-16T05:28:06.979+0000] {standard_task_runner.py:57} INFO - Started process 6538 to run task
[2023-06-16T05:28:06.982+0000] {standard_task_runner.py:84} INFO - Running: ['***', 'tasks', 'run', 'demo_dag', 'executor_task', 'manual__2019-06-01T16:00:00+00:00', '--job-id', '17', '--raw', '--subdir', 'DAGS_FOLDER/demo_dag.py', '--cfg-path', '/tmp/tmpc15ojde2']
[2023-06-16T05:28:06.983+0000] {standard_task_runner.py:85} INFO - Job 17: Subtask executor_task
[2023-06-16T05:28:07.068+0000] {task_command.py:410} INFO - Running <TaskInstance: demo_dag.executor_task manual__2019-06-01T16:00:00+00:00 [running]> on host c01f9dbc1aeb
[2023-06-16T05:28:07.426+0000] {warnings.py:110} WARNING - /home/***/.local/lib/python3.7/site-packages/***/utils/context.py:205: AirflowContextDeprecationWarning: Accessing 'execution_date' from the template is deprecated and will be removed in a future version. Please use 'data_interval_start' or 'logical_date' instead.
  warnings.warn(_create_deprecation_warning(key, self._deprecation_replacements[key]))

[2023-06-16T05:28:07.463+0000] {taskinstance.py:1547} INFO - Exporting env vars: AIRFLOW_CTX_DAG_EMAIL='personaltraingcp@gmail.com' AIRFLOW_CTX_DAG_OWNER='Leyner_Bejarano' AIRFLOW_CTX_DAG_ID='demo_dag' AIRFLOW_CTX_TASK_ID='executor_task' AIRFLOW_CTX_EXECUTION_DATE='2019-06-01T16:00:00+00:00' AIRFLOW_CTX_TRY_NUMBER='5' AIRFLOW_CTX_DAG_RUN_ID='manual__2019-06-01T16:00:00+00:00'
[2023-06-16T05:28:07.464+0000] {subprocess.py:63} INFO - Tmp dir root location: 
 /tmp
[2023-06-16T05:28:07.465+0000] {subprocess.py:75} INFO - Running command: ['/bin/bash', '-c', ' \n        cd /opt/***/dags &&\n        pip install -r requirements.txt &&\n        python lambdaExecutor.py -dt 2019-06-01 -dh 16 -q https://sqs.us-east-2.amazonaws.com/147929168898/lokaInterviewSQS\n        ']
[2023-06-16T05:28:07.509+0000] {subprocess.py:86} INFO - Output:
[2023-06-16T05:28:15.258+0000] {subprocess.py:93} INFO - Defaulting to user installation because normal site-packages is not writeable
[2023-06-16T05:28:25.148+0000] {subprocess.py:93} INFO - Requirement already satisfied: boto3==1.26.151 in /home/***/.local/lib/python3.7/site-packages (from -r requirements.txt (line 1)) (1.26.151)
[2023-06-16T05:28:25.187+0000] {subprocess.py:93} INFO - Requirement already satisfied: botocore==1.29.151 in /home/***/.local/lib/python3.7/site-packages (from -r requirements.txt (line 2)) (1.29.151)
[2023-06-16T05:28:25.187+0000] {subprocess.py:93} INFO - Requirement already satisfied: fastavro==1.7.4 in /home/***/.local/lib/python3.7/site-packages (from -r requirements.txt (line 3)) (1.7.4)
[2023-06-16T05:28:25.187+0000] {subprocess.py:93} INFO - Requirement already satisfied: pandas in /home/***/.local/lib/python3.7/site-packages (from -r requirements.txt (line 4)) (1.3.5)
[2023-06-16T05:28:25.188+0000] {subprocess.py:93} INFO - Requirement already satisfied: python-dateutil==2.8.2 in /home/***/.local/lib/python3.7/site-packages (from -r requirements.txt (line 5)) (2.8.2)
[2023-06-16T05:28:25.188+0000] {subprocess.py:93} INFO - Requirement already satisfied: pytz==2023.3 in /home/***/.local/lib/python3.7/site-packages (from -r requirements.txt (line 6)) (2023.3)
[2023-06-16T05:28:25.188+0000] {subprocess.py:93} INFO - Requirement already satisfied: s3transfer==0.6.1 in /home/***/.local/lib/python3.7/site-packages (from -r requirements.txt (line 7)) (0.6.1)
[2023-06-16T05:28:25.188+0000] {subprocess.py:93} INFO - Requirement already satisfied: six==1.16.0 in /home/***/.local/lib/python3.7/site-packages (from -r requirements.txt (line 8)) (1.16.0)
[2023-06-16T05:28:25.188+0000] {subprocess.py:93} INFO - Requirement already satisfied: tzdata==2023.3 in /home/***/.local/lib/python3.7/site-packages (from -r requirements.txt (line 9)) (2023.3)
[2023-06-16T05:28:25.188+0000] {subprocess.py:93} INFO - Requirement already satisfied: urllib3==1.26.16 in /home/***/.local/lib/python3.7/site-packages (from -r requirements.txt (line 10)) (1.26.16)
[2023-06-16T05:28:25.188+0000] {subprocess.py:93} INFO - Requirement already satisfied: jmespath<2.0.0,>=0.7.1 in /home/***/.local/lib/python3.7/site-packages (from boto3==1.26.151->-r requirements.txt (line 1)) (0.10.0)
[2023-06-16T05:28:26.753+0000] {subprocess.py:93} INFO - Requirement already satisfied: numpy>=1.17.3 in /home/***/.local/lib/python3.7/site-packages (from pandas->-r requirements.txt (line 4)) (1.21.6)
