[2023-06-17T02:16:43.005+0000] {processor.py:157} INFO - Started process (PID=45) to work on /home/airflow/.local/lib/python3.7/site-packages/airflow/example_dags/example_params_trigger_ui.py
[2023-06-17T02:16:43.006+0000] {processor.py:826} INFO - Processing file /home/airflow/.local/lib/python3.7/site-packages/airflow/example_dags/example_params_trigger_ui.py for tasks to queue
[2023-06-17T02:16:43.008+0000] {logging_mixin.py:149} INFO - [2023-06-17T02:16:43.007+0000] {dagbag.py:541} INFO - Filling up the DagBag from /home/airflow/.local/lib/python3.7/site-packages/airflow/example_dags/example_params_trigger_ui.py
[2023-06-17T02:16:43.074+0000] {processor.py:836} INFO - DAG(s) dict_keys(['example_params_trigger_ui']) retrieved from /home/airflow/.local/lib/python3.7/site-packages/airflow/example_dags/example_params_trigger_ui.py
[2023-06-17T02:16:43.381+0000] {logging_mixin.py:149} INFO - [2023-06-17T02:16:43.381+0000] {dag.py:2726} INFO - Sync 1 DAGs
[2023-06-17T02:16:43.456+0000] {logging_mixin.py:149} INFO - [2023-06-17T02:16:43.456+0000] {dag.py:3490} INFO - Setting next_dagrun for example_params_trigger_ui to None, run_after=None
[2023-06-17T02:16:43.572+0000] {processor.py:179} INFO - Processing /home/airflow/.local/lib/python3.7/site-packages/airflow/example_dags/example_params_trigger_ui.py took 0.572 seconds
[2023-06-17T02:17:32.348+0000] {processor.py:157} INFO - Started process (PID=111) to work on /home/airflow/.local/lib/python3.7/site-packages/airflow/example_dags/example_params_trigger_ui.py
[2023-06-17T02:17:33.128+0000] {processor.py:826} INFO - Processing file /home/airflow/.local/lib/python3.7/site-packages/airflow/example_dags/example_params_trigger_ui.py for tasks to queue
[2023-06-17T02:17:33.131+0000] {logging_mixin.py:149} INFO - [2023-06-17T02:17:33.130+0000] {dagbag.py:541} INFO - Filling up the DagBag from /home/airflow/.local/lib/python3.7/site-packages/airflow/example_dags/example_params_trigger_ui.py
[2023-06-17T02:17:33.992+0000] {processor.py:836} INFO - DAG(s) dict_keys(['example_params_trigger_ui']) retrieved from /home/airflow/.local/lib/python3.7/site-packages/airflow/example_dags/example_params_trigger_ui.py
[2023-06-17T02:17:34.088+0000] {logging_mixin.py:149} INFO - [2023-06-17T02:17:34.088+0000] {dag.py:2726} INFO - Sync 1 DAGs
[2023-06-17T02:17:34.113+0000] {logging_mixin.py:149} INFO - [2023-06-17T02:17:34.113+0000] {dag.py:3490} INFO - Setting next_dagrun for example_params_trigger_ui to None, run_after=None
[2023-06-17T02:17:34.499+0000] {processor.py:179} INFO - Processing /home/airflow/.local/lib/python3.7/site-packages/airflow/example_dags/example_params_trigger_ui.py took 2.161 seconds
[2023-06-17T02:18:19.250+0000] {processor.py:157} INFO - Started process (PID=169) to work on /home/airflow/.local/lib/python3.7/site-packages/airflow/example_dags/example_params_trigger_ui.py
[2023-06-17T02:18:19.620+0000] {processor.py:826} INFO - Processing file /home/airflow/.local/lib/python3.7/site-packages/airflow/example_dags/example_params_trigger_ui.py for tasks to queue
[2023-06-17T02:18:19.623+0000] {logging_mixin.py:149} INFO - [2023-06-17T02:18:19.622+0000] {dagbag.py:541} INFO - Filling up the DagBag from /home/airflow/.local/lib/python3.7/site-packages/airflow/example_dags/example_params_trigger_ui.py
[2023-06-17T02:18:19.664+0000] {processor.py:836} INFO - DAG(s) dict_keys(['example_params_trigger_ui']) retrieved from /home/airflow/.local/lib/python3.7/site-packages/airflow/example_dags/example_params_trigger_ui.py
[2023-06-17T02:18:19.764+0000] {logging_mixin.py:149} INFO - [2023-06-17T02:18:19.764+0000] {dag.py:2726} INFO - Sync 1 DAGs
[2023-06-17T02:18:19.790+0000] {logging_mixin.py:149} INFO - [2023-06-17T02:18:19.790+0000] {dag.py:3490} INFO - Setting next_dagrun for example_params_trigger_ui to None, run_after=None
[2023-06-17T02:18:19.973+0000] {processor.py:179} INFO - Processing /home/airflow/.local/lib/python3.7/site-packages/airflow/example_dags/example_params_trigger_ui.py took 0.727 seconds
[2023-06-17T02:18:50.691+0000] {processor.py:157} INFO - Started process (PID=215) to work on /home/airflow/.local/lib/python3.7/site-packages/airflow/example_dags/example_params_trigger_ui.py
[2023-06-17T02:18:50.804+0000] {processor.py:826} INFO - Processing file /home/airflow/.local/lib/python3.7/site-packages/airflow/example_dags/example_params_trigger_ui.py for tasks to queue
[2023-06-17T02:18:50.807+0000] {logging_mixin.py:149} INFO - [2023-06-17T02:18:50.806+0000] {dagbag.py:541} INFO - Filling up the DagBag from /home/airflow/.local/lib/python3.7/site-packages/airflow/example_dags/example_params_trigger_ui.py
[2023-06-17T02:18:50.846+0000] {processor.py:836} INFO - DAG(s) dict_keys(['example_params_trigger_ui']) retrieved from /home/airflow/.local/lib/python3.7/site-packages/airflow/example_dags/example_params_trigger_ui.py
[2023-06-17T02:18:50.955+0000] {logging_mixin.py:149} INFO - [2023-06-17T02:18:50.955+0000] {dag.py:2726} INFO - Sync 1 DAGs
[2023-06-17T02:18:50.980+0000] {logging_mixin.py:149} INFO - [2023-06-17T02:18:50.979+0000] {dag.py:3490} INFO - Setting next_dagrun for example_params_trigger_ui to None, run_after=None
[2023-06-17T02:18:51.217+0000] {processor.py:179} INFO - Processing /home/airflow/.local/lib/python3.7/site-packages/airflow/example_dags/example_params_trigger_ui.py took 0.530 seconds
[2023-06-17T02:19:21.572+0000] {processor.py:157} INFO - Started process (PID=275) to work on /home/airflow/.local/lib/python3.7/site-packages/airflow/example_dags/example_params_trigger_ui.py
[2023-06-17T02:19:21.725+0000] {processor.py:826} INFO - Processing file /home/airflow/.local/lib/python3.7/site-packages/airflow/example_dags/example_params_trigger_ui.py for tasks to queue
[2023-06-17T02:19:21.726+0000] {logging_mixin.py:149} INFO - [2023-06-17T02:19:21.726+0000] {dagbag.py:541} INFO - Filling up the DagBag from /home/airflow/.local/lib/python3.7/site-packages/airflow/example_dags/example_params_trigger_ui.py
[2023-06-17T02:19:21.907+0000] {processor.py:836} INFO - DAG(s) dict_keys(['example_params_trigger_ui']) retrieved from /home/airflow/.local/lib/python3.7/site-packages/airflow/example_dags/example_params_trigger_ui.py
[2023-06-17T02:19:22.088+0000] {logging_mixin.py:149} INFO - [2023-06-17T02:19:22.088+0000] {dag.py:2726} INFO - Sync 1 DAGs
[2023-06-17T02:19:22.128+0000] {logging_mixin.py:149} INFO - [2023-06-17T02:19:22.128+0000] {dag.py:3490} INFO - Setting next_dagrun for example_params_trigger_ui to None, run_after=None
[2023-06-17T02:19:22.405+0000] {processor.py:179} INFO - Processing /home/airflow/.local/lib/python3.7/site-packages/airflow/example_dags/example_params_trigger_ui.py took 0.836 seconds
[2023-06-17T02:19:53.084+0000] {processor.py:157} INFO - Started process (PID=328) to work on /home/airflow/.local/lib/python3.7/site-packages/airflow/example_dags/example_params_trigger_ui.py
[2023-06-17T02:19:53.134+0000] {processor.py:826} INFO - Processing file /home/airflow/.local/lib/python3.7/site-packages/airflow/example_dags/example_params_trigger_ui.py for tasks to queue
[2023-06-17T02:19:53.135+0000] {logging_mixin.py:149} INFO - [2023-06-17T02:19:53.135+0000] {dagbag.py:541} INFO - Filling up the DagBag from /home/airflow/.local/lib/python3.7/site-packages/airflow/example_dags/example_params_trigger_ui.py
[2023-06-17T02:19:53.156+0000] {processor.py:836} INFO - DAG(s) dict_keys(['example_params_trigger_ui']) retrieved from /home/airflow/.local/lib/python3.7/site-packages/airflow/example_dags/example_params_trigger_ui.py
[2023-06-17T02:19:53.252+0000] {logging_mixin.py:149} INFO - [2023-06-17T02:19:53.252+0000] {dag.py:2726} INFO - Sync 1 DAGs
[2023-06-17T02:19:53.277+0000] {logging_mixin.py:149} INFO - [2023-06-17T02:19:53.277+0000] {dag.py:3490} INFO - Setting next_dagrun for example_params_trigger_ui to None, run_after=None
[2023-06-17T02:19:53.400+0000] {processor.py:179} INFO - Processing /home/airflow/.local/lib/python3.7/site-packages/airflow/example_dags/example_params_trigger_ui.py took 0.319 seconds
[2023-06-17T02:20:26.299+0000] {processor.py:157} INFO - Started process (PID=396) to work on /home/airflow/.local/lib/python3.7/site-packages/airflow/example_dags/example_params_trigger_ui.py
[2023-06-17T02:20:26.473+0000] {processor.py:826} INFO - Processing file /home/airflow/.local/lib/python3.7/site-packages/airflow/example_dags/example_params_trigger_ui.py for tasks to queue
[2023-06-17T02:20:26.474+0000] {logging_mixin.py:149} INFO - [2023-06-17T02:20:26.474+0000] {dagbag.py:541} INFO - Filling up the DagBag from /home/airflow/.local/lib/python3.7/site-packages/airflow/example_dags/example_params_trigger_ui.py
[2023-06-17T02:20:26.501+0000] {processor.py:836} INFO - DAG(s) dict_keys(['example_params_trigger_ui']) retrieved from /home/airflow/.local/lib/python3.7/site-packages/airflow/example_dags/example_params_trigger_ui.py
[2023-06-17T02:20:26.637+0000] {logging_mixin.py:149} INFO - [2023-06-17T02:20:26.636+0000] {dag.py:2726} INFO - Sync 1 DAGs
[2023-06-17T02:20:26.672+0000] {logging_mixin.py:149} INFO - [2023-06-17T02:20:26.672+0000] {dag.py:3490} INFO - Setting next_dagrun for example_params_trigger_ui to None, run_after=None
[2023-06-17T02:20:27.060+0000] {processor.py:179} INFO - Processing /home/airflow/.local/lib/python3.7/site-packages/airflow/example_dags/example_params_trigger_ui.py took 0.764 seconds
[2023-06-17T02:20:59.472+0000] {processor.py:157} INFO - Started process (PID=452) to work on /home/airflow/.local/lib/python3.7/site-packages/airflow/example_dags/example_params_trigger_ui.py
[2023-06-17T02:20:59.649+0000] {processor.py:826} INFO - Processing file /home/airflow/.local/lib/python3.7/site-packages/airflow/example_dags/example_params_trigger_ui.py for tasks to queue
[2023-06-17T02:20:59.650+0000] {logging_mixin.py:149} INFO - [2023-06-17T02:20:59.650+0000] {dagbag.py:541} INFO - Filling up the DagBag from /home/airflow/.local/lib/python3.7/site-packages/airflow/example_dags/example_params_trigger_ui.py
[2023-06-17T02:20:59.679+0000] {processor.py:836} INFO - DAG(s) dict_keys(['example_params_trigger_ui']) retrieved from /home/airflow/.local/lib/python3.7/site-packages/airflow/example_dags/example_params_trigger_ui.py
[2023-06-17T02:20:59.813+0000] {logging_mixin.py:149} INFO - [2023-06-17T02:20:59.813+0000] {dag.py:2726} INFO - Sync 1 DAGs
[2023-06-17T02:20:59.848+0000] {logging_mixin.py:149} INFO - [2023-06-17T02:20:59.848+0000] {dag.py:3490} INFO - Setting next_dagrun for example_params_trigger_ui to None, run_after=None
[2023-06-17T02:20:59.958+0000] {processor.py:179} INFO - Processing /home/airflow/.local/lib/python3.7/site-packages/airflow/example_dags/example_params_trigger_ui.py took 0.488 seconds
[2023-06-17T02:21:30.035+0000] {processor.py:157} INFO - Started process (PID=503) to work on /home/airflow/.local/lib/python3.7/site-packages/airflow/example_dags/example_params_trigger_ui.py
[2023-06-17T02:21:30.047+0000] {processor.py:826} INFO - Processing file /home/airflow/.local/lib/python3.7/site-packages/airflow/example_dags/example_params_trigger_ui.py for tasks to queue
[2023-06-17T02:21:30.047+0000] {logging_mixin.py:149} INFO - [2023-06-17T02:21:30.047+0000] {dagbag.py:541} INFO - Filling up the DagBag from /home/airflow/.local/lib/python3.7/site-packages/airflow/example_dags/example_params_trigger_ui.py
[2023-06-17T02:21:30.900+0000] {processor.py:836} INFO - DAG(s) dict_keys(['example_params_trigger_ui']) retrieved from /home/airflow/.local/lib/python3.7/site-packages/airflow/example_dags/example_params_trigger_ui.py
[2023-06-17T02:21:31.004+0000] {logging_mixin.py:149} INFO - [2023-06-17T02:21:31.004+0000] {dag.py:2726} INFO - Sync 1 DAGs
[2023-06-17T02:21:31.030+0000] {logging_mixin.py:149} INFO - [2023-06-17T02:21:31.030+0000] {dag.py:3490} INFO - Setting next_dagrun for example_params_trigger_ui to None, run_after=None
[2023-06-17T02:21:31.134+0000] {processor.py:179} INFO - Processing /home/airflow/.local/lib/python3.7/site-packages/airflow/example_dags/example_params_trigger_ui.py took 1.102 seconds
[2023-06-17T02:22:01.219+0000] {processor.py:157} INFO - Started process (PID=558) to work on /home/airflow/.local/lib/python3.7/site-packages/airflow/example_dags/example_params_trigger_ui.py
[2023-06-17T02:22:01.289+0000] {processor.py:826} INFO - Processing file /home/airflow/.local/lib/python3.7/site-packages/airflow/example_dags/example_params_trigger_ui.py for tasks to queue
[2023-06-17T02:22:01.290+0000] {logging_mixin.py:149} INFO - [2023-06-17T02:22:01.290+0000] {dagbag.py:541} INFO - Filling up the DagBag from /home/airflow/.local/lib/python3.7/site-packages/airflow/example_dags/example_params_trigger_ui.py
[2023-06-17T02:22:01.318+0000] {processor.py:836} INFO - DAG(s) dict_keys(['example_params_trigger_ui']) retrieved from /home/airflow/.local/lib/python3.7/site-packages/airflow/example_dags/example_params_trigger_ui.py
[2023-06-17T02:22:01.420+0000] {logging_mixin.py:149} INFO - [2023-06-17T02:22:01.420+0000] {dag.py:2726} INFO - Sync 1 DAGs
[2023-06-17T02:22:01.445+0000] {logging_mixin.py:149} INFO - [2023-06-17T02:22:01.445+0000] {dag.py:3490} INFO - Setting next_dagrun for example_params_trigger_ui to None, run_after=None
[2023-06-17T02:22:01.517+0000] {processor.py:179} INFO - Processing /home/airflow/.local/lib/python3.7/site-packages/airflow/example_dags/example_params_trigger_ui.py took 0.301 seconds
[2023-06-17T02:22:32.212+0000] {processor.py:157} INFO - Started process (PID=625) to work on /home/airflow/.local/lib/python3.7/site-packages/airflow/example_dags/example_params_trigger_ui.py
[2023-06-17T02:22:32.285+0000] {processor.py:826} INFO - Processing file /home/airflow/.local/lib/python3.7/site-packages/airflow/example_dags/example_params_trigger_ui.py for tasks to queue
[2023-06-17T02:22:32.287+0000] {logging_mixin.py:149} INFO - [2023-06-17T02:22:32.286+0000] {dagbag.py:541} INFO - Filling up the DagBag from /home/airflow/.local/lib/python3.7/site-packages/airflow/example_dags/example_params_trigger_ui.py
[2023-06-17T02:22:32.332+0000] {processor.py:836} INFO - DAG(s) dict_keys(['example_params_trigger_ui']) retrieved from /home/airflow/.local/lib/python3.7/site-packages/airflow/example_dags/example_params_trigger_ui.py
[2023-06-17T02:22:32.428+0000] {logging_mixin.py:149} INFO - [2023-06-17T02:22:32.428+0000] {dag.py:2726} INFO - Sync 1 DAGs
[2023-06-17T02:22:32.585+0000] {logging_mixin.py:149} INFO - [2023-06-17T02:22:32.585+0000] {dag.py:3490} INFO - Setting next_dagrun for example_params_trigger_ui to None, run_after=None
[2023-06-17T02:22:32.856+0000] {processor.py:179} INFO - Processing /home/airflow/.local/lib/python3.7/site-packages/airflow/example_dags/example_params_trigger_ui.py took 0.649 seconds
[2023-06-17T02:23:18.829+0000] {processor.py:157} INFO - Started process (PID=674) to work on /home/airflow/.local/lib/python3.7/site-packages/airflow/example_dags/example_params_trigger_ui.py
[2023-06-17T02:23:18.956+0000] {processor.py:826} INFO - Processing file /home/airflow/.local/lib/python3.7/site-packages/airflow/example_dags/example_params_trigger_ui.py for tasks to queue
[2023-06-17T02:23:18.956+0000] {logging_mixin.py:149} INFO - [2023-06-17T02:23:18.956+0000] {dagbag.py:541} INFO - Filling up the DagBag from /home/airflow/.local/lib/python3.7/site-packages/airflow/example_dags/example_params_trigger_ui.py
[2023-06-17T02:23:18.977+0000] {processor.py:836} INFO - DAG(s) dict_keys(['example_params_trigger_ui']) retrieved from /home/airflow/.local/lib/python3.7/site-packages/airflow/example_dags/example_params_trigger_ui.py
[2023-06-17T02:23:19.076+0000] {logging_mixin.py:149} INFO - [2023-06-17T02:23:19.076+0000] {dag.py:2726} INFO - Sync 1 DAGs
[2023-06-17T02:23:19.102+0000] {logging_mixin.py:149} INFO - [2023-06-17T02:23:19.102+0000] {dag.py:3490} INFO - Setting next_dagrun for example_params_trigger_ui to None, run_after=None
[2023-06-17T02:23:19.268+0000] {processor.py:179} INFO - Processing /home/airflow/.local/lib/python3.7/site-packages/airflow/example_dags/example_params_trigger_ui.py took 0.443 seconds
[2023-06-17T02:23:49.332+0000] {processor.py:157} INFO - Started process (PID=735) to work on /home/airflow/.local/lib/python3.7/site-packages/airflow/example_dags/example_params_trigger_ui.py
[2023-06-17T02:23:49.333+0000] {processor.py:826} INFO - Processing file /home/airflow/.local/lib/python3.7/site-packages/airflow/example_dags/example_params_trigger_ui.py for tasks to queue
[2023-06-17T02:23:49.333+0000] {logging_mixin.py:149} INFO - [2023-06-17T02:23:49.333+0000] {dagbag.py:541} INFO - Filling up the DagBag from /home/airflow/.local/lib/python3.7/site-packages/airflow/example_dags/example_params_trigger_ui.py
[2023-06-17T02:23:49.353+0000] {processor.py:836} INFO - DAG(s) dict_keys(['example_params_trigger_ui']) retrieved from /home/airflow/.local/lib/python3.7/site-packages/airflow/example_dags/example_params_trigger_ui.py
[2023-06-17T02:23:49.450+0000] {logging_mixin.py:149} INFO - [2023-06-17T02:23:49.450+0000] {dag.py:2726} INFO - Sync 1 DAGs
[2023-06-17T02:23:49.478+0000] {logging_mixin.py:149} INFO - [2023-06-17T02:23:49.478+0000] {dag.py:3490} INFO - Setting next_dagrun for example_params_trigger_ui to None, run_after=None
[2023-06-17T02:23:49.528+0000] {processor.py:179} INFO - Processing /home/airflow/.local/lib/python3.7/site-packages/airflow/example_dags/example_params_trigger_ui.py took 0.198 seconds
[2023-06-17T02:24:20.503+0000] {processor.py:157} INFO - Started process (PID=796) to work on /home/airflow/.local/lib/python3.7/site-packages/airflow/example_dags/example_params_trigger_ui.py
[2023-06-17T02:24:20.508+0000] {processor.py:826} INFO - Processing file /home/airflow/.local/lib/python3.7/site-packages/airflow/example_dags/example_params_trigger_ui.py for tasks to queue
[2023-06-17T02:24:20.509+0000] {logging_mixin.py:149} INFO - [2023-06-17T02:24:20.509+0000] {dagbag.py:541} INFO - Filling up the DagBag from /home/airflow/.local/lib/python3.7/site-packages/airflow/example_dags/example_params_trigger_ui.py
[2023-06-17T02:24:20.545+0000] {processor.py:836} INFO - DAG(s) dict_keys(['example_params_trigger_ui']) retrieved from /home/airflow/.local/lib/python3.7/site-packages/airflow/example_dags/example_params_trigger_ui.py
[2023-06-17T02:24:20.705+0000] {logging_mixin.py:149} INFO - [2023-06-17T02:24:20.705+0000] {dag.py:2726} INFO - Sync 1 DAGs
[2023-06-17T02:24:20.745+0000] {logging_mixin.py:149} INFO - [2023-06-17T02:24:20.745+0000] {dag.py:3490} INFO - Setting next_dagrun for example_params_trigger_ui to None, run_after=None
[2023-06-17T02:24:20.790+0000] {processor.py:179} INFO - Processing /home/airflow/.local/lib/python3.7/site-packages/airflow/example_dags/example_params_trigger_ui.py took 0.292 seconds
[2023-06-17T02:24:52.959+0000] {processor.py:157} INFO - Started process (PID=849) to work on /home/airflow/.local/lib/python3.7/site-packages/airflow/example_dags/example_params_trigger_ui.py
[2023-06-17T02:24:52.964+0000] {processor.py:826} INFO - Processing file /home/airflow/.local/lib/python3.7/site-packages/airflow/example_dags/example_params_trigger_ui.py for tasks to queue
[2023-06-17T02:24:52.965+0000] {logging_mixin.py:149} INFO - [2023-06-17T02:24:52.965+0000] {dagbag.py:541} INFO - Filling up the DagBag from /home/airflow/.local/lib/python3.7/site-packages/airflow/example_dags/example_params_trigger_ui.py
[2023-06-17T02:24:52.994+0000] {processor.py:836} INFO - DAG(s) dict_keys(['example_params_trigger_ui']) retrieved from /home/airflow/.local/lib/python3.7/site-packages/airflow/example_dags/example_params_trigger_ui.py
[2023-06-17T02:24:53.104+0000] {logging_mixin.py:149} INFO - [2023-06-17T02:24:53.103+0000] {dag.py:2726} INFO - Sync 1 DAGs
[2023-06-17T02:24:53.143+0000] {logging_mixin.py:149} INFO - [2023-06-17T02:24:53.142+0000] {dag.py:3490} INFO - Setting next_dagrun for example_params_trigger_ui to None, run_after=None
[2023-06-17T02:24:53.388+0000] {processor.py:179} INFO - Processing /home/airflow/.local/lib/python3.7/site-packages/airflow/example_dags/example_params_trigger_ui.py took 0.433 seconds
[2023-06-17T02:25:28.958+0000] {processor.py:157} INFO - Started process (PID=901) to work on /home/airflow/.local/lib/python3.7/site-packages/airflow/example_dags/example_params_trigger_ui.py
[2023-06-17T02:25:28.990+0000] {processor.py:826} INFO - Processing file /home/airflow/.local/lib/python3.7/site-packages/airflow/example_dags/example_params_trigger_ui.py for tasks to queue
[2023-06-17T02:25:28.994+0000] {logging_mixin.py:149} INFO - [2023-06-17T02:25:28.993+0000] {dagbag.py:541} INFO - Filling up the DagBag from /home/airflow/.local/lib/python3.7/site-packages/airflow/example_dags/example_params_trigger_ui.py
[2023-06-17T02:25:29.027+0000] {processor.py:836} INFO - DAG(s) dict_keys(['example_params_trigger_ui']) retrieved from /home/airflow/.local/lib/python3.7/site-packages/airflow/example_dags/example_params_trigger_ui.py
[2023-06-17T02:25:29.127+0000] {logging_mixin.py:149} INFO - [2023-06-17T02:25:29.127+0000] {dag.py:2726} INFO - Sync 1 DAGs
[2023-06-17T02:25:29.155+0000] {logging_mixin.py:149} INFO - [2023-06-17T02:25:29.154+0000] {dag.py:3490} INFO - Setting next_dagrun for example_params_trigger_ui to None, run_after=None
[2023-06-17T02:25:29.303+0000] {processor.py:179} INFO - Processing /home/airflow/.local/lib/python3.7/site-packages/airflow/example_dags/example_params_trigger_ui.py took 0.348 seconds
[2023-06-17T02:26:00.175+0000] {processor.py:157} INFO - Started process (PID=962) to work on /home/airflow/.local/lib/python3.7/site-packages/airflow/example_dags/example_params_trigger_ui.py
[2023-06-17T02:26:00.187+0000] {processor.py:826} INFO - Processing file /home/airflow/.local/lib/python3.7/site-packages/airflow/example_dags/example_params_trigger_ui.py for tasks to queue
[2023-06-17T02:26:00.193+0000] {logging_mixin.py:149} INFO - [2023-06-17T02:26:00.193+0000] {dagbag.py:541} INFO - Filling up the DagBag from /home/airflow/.local/lib/python3.7/site-packages/airflow/example_dags/example_params_trigger_ui.py
[2023-06-17T02:26:00.261+0000] {processor.py:836} INFO - DAG(s) dict_keys(['example_params_trigger_ui']) retrieved from /home/airflow/.local/lib/python3.7/site-packages/airflow/example_dags/example_params_trigger_ui.py
[2023-06-17T02:26:00.601+0000] {logging_mixin.py:149} INFO - [2023-06-17T02:26:00.600+0000] {dag.py:2726} INFO - Sync 1 DAGs
[2023-06-17T02:26:00.684+0000] {logging_mixin.py:149} INFO - [2023-06-17T02:26:00.684+0000] {dag.py:3490} INFO - Setting next_dagrun for example_params_trigger_ui to None, run_after=None
[2023-06-17T02:26:00.747+0000] {processor.py:179} INFO - Processing /home/airflow/.local/lib/python3.7/site-packages/airflow/example_dags/example_params_trigger_ui.py took 0.581 seconds
[2023-06-17T02:26:31.007+0000] {processor.py:157} INFO - Started process (PID=1023) to work on /home/airflow/.local/lib/python3.7/site-packages/airflow/example_dags/example_params_trigger_ui.py
[2023-06-17T02:26:31.017+0000] {processor.py:826} INFO - Processing file /home/airflow/.local/lib/python3.7/site-packages/airflow/example_dags/example_params_trigger_ui.py for tasks to queue
[2023-06-17T02:26:31.017+0000] {logging_mixin.py:149} INFO - [2023-06-17T02:26:31.017+0000] {dagbag.py:541} INFO - Filling up the DagBag from /home/airflow/.local/lib/python3.7/site-packages/airflow/example_dags/example_params_trigger_ui.py
[2023-06-17T02:26:31.046+0000] {processor.py:836} INFO - DAG(s) dict_keys(['example_params_trigger_ui']) retrieved from /home/airflow/.local/lib/python3.7/site-packages/airflow/example_dags/example_params_trigger_ui.py
[2023-06-17T02:26:31.204+0000] {logging_mixin.py:149} INFO - [2023-06-17T02:26:31.204+0000] {dag.py:2726} INFO - Sync 1 DAGs
[2023-06-17T02:26:31.246+0000] {logging_mixin.py:149} INFO - [2023-06-17T02:26:31.246+0000] {dag.py:3490} INFO - Setting next_dagrun for example_params_trigger_ui to None, run_after=None
[2023-06-17T02:26:31.289+0000] {processor.py:179} INFO - Processing /home/airflow/.local/lib/python3.7/site-packages/airflow/example_dags/example_params_trigger_ui.py took 0.285 seconds
[2023-06-17T02:27:14.707+0000] {processor.py:157} INFO - Started process (PID=1087) to work on /home/airflow/.local/lib/python3.7/site-packages/airflow/example_dags/example_params_trigger_ui.py
[2023-06-17T02:27:14.894+0000] {processor.py:826} INFO - Processing file /home/airflow/.local/lib/python3.7/site-packages/airflow/example_dags/example_params_trigger_ui.py for tasks to queue
[2023-06-17T02:27:14.896+0000] {logging_mixin.py:149} INFO - [2023-06-17T02:27:14.896+0000] {dagbag.py:541} INFO - Filling up the DagBag from /home/airflow/.local/lib/python3.7/site-packages/airflow/example_dags/example_params_trigger_ui.py
[2023-06-17T02:27:15.612+0000] {processor.py:836} INFO - DAG(s) dict_keys(['example_params_trigger_ui']) retrieved from /home/airflow/.local/lib/python3.7/site-packages/airflow/example_dags/example_params_trigger_ui.py
[2023-06-17T02:27:15.707+0000] {logging_mixin.py:149} INFO - [2023-06-17T02:27:15.707+0000] {dag.py:2726} INFO - Sync 1 DAGs
[2023-06-17T02:27:15.865+0000] {logging_mixin.py:149} INFO - [2023-06-17T02:27:15.865+0000] {dag.py:3490} INFO - Setting next_dagrun for example_params_trigger_ui to None, run_after=None
[2023-06-17T02:27:16.005+0000] {processor.py:179} INFO - Processing /home/airflow/.local/lib/python3.7/site-packages/airflow/example_dags/example_params_trigger_ui.py took 1.309 seconds
[2023-06-17T02:27:46.874+0000] {processor.py:157} INFO - Started process (PID=1148) to work on /home/airflow/.local/lib/python3.7/site-packages/airflow/example_dags/example_params_trigger_ui.py
[2023-06-17T02:27:47.014+0000] {processor.py:826} INFO - Processing file /home/airflow/.local/lib/python3.7/site-packages/airflow/example_dags/example_params_trigger_ui.py for tasks to queue
[2023-06-17T02:27:47.018+0000] {logging_mixin.py:149} INFO - [2023-06-17T02:27:47.017+0000] {dagbag.py:541} INFO - Filling up the DagBag from /home/airflow/.local/lib/python3.7/site-packages/airflow/example_dags/example_params_trigger_ui.py
[2023-06-17T02:27:47.073+0000] {processor.py:836} INFO - DAG(s) dict_keys(['example_params_trigger_ui']) retrieved from /home/airflow/.local/lib/python3.7/site-packages/airflow/example_dags/example_params_trigger_ui.py
[2023-06-17T02:27:47.186+0000] {logging_mixin.py:149} INFO - [2023-06-17T02:27:47.186+0000] {dag.py:2726} INFO - Sync 1 DAGs
[2023-06-17T02:27:47.215+0000] {logging_mixin.py:149} INFO - [2023-06-17T02:27:47.215+0000] {dag.py:3490} INFO - Setting next_dagrun for example_params_trigger_ui to None, run_after=None
[2023-06-17T02:27:47.354+0000] {processor.py:179} INFO - Processing /home/airflow/.local/lib/python3.7/site-packages/airflow/example_dags/example_params_trigger_ui.py took 0.482 seconds
[2023-06-17T02:28:18.129+0000] {processor.py:157} INFO - Started process (PID=1200) to work on /home/airflow/.local/lib/python3.7/site-packages/airflow/example_dags/example_params_trigger_ui.py
[2023-06-17T02:28:18.197+0000] {processor.py:826} INFO - Processing file /home/airflow/.local/lib/python3.7/site-packages/airflow/example_dags/example_params_trigger_ui.py for tasks to queue
[2023-06-17T02:28:18.198+0000] {logging_mixin.py:149} INFO - [2023-06-17T02:28:18.197+0000] {dagbag.py:541} INFO - Filling up the DagBag from /home/airflow/.local/lib/python3.7/site-packages/airflow/example_dags/example_params_trigger_ui.py
[2023-06-17T02:28:18.219+0000] {processor.py:836} INFO - DAG(s) dict_keys(['example_params_trigger_ui']) retrieved from /home/airflow/.local/lib/python3.7/site-packages/airflow/example_dags/example_params_trigger_ui.py
[2023-06-17T02:28:18.349+0000] {logging_mixin.py:149} INFO - [2023-06-17T02:28:18.349+0000] {dag.py:2726} INFO - Sync 1 DAGs
[2023-06-17T02:28:18.379+0000] {logging_mixin.py:149} INFO - [2023-06-17T02:28:18.379+0000] {dag.py:3490} INFO - Setting next_dagrun for example_params_trigger_ui to None, run_after=None
[2023-06-17T02:28:18.402+0000] {processor.py:179} INFO - Processing /home/airflow/.local/lib/python3.7/site-packages/airflow/example_dags/example_params_trigger_ui.py took 0.275 seconds
[2023-06-17T02:28:49.081+0000] {processor.py:157} INFO - Started process (PID=1261) to work on /home/airflow/.local/lib/python3.7/site-packages/airflow/example_dags/example_params_trigger_ui.py
[2023-06-17T02:28:49.147+0000] {processor.py:826} INFO - Processing file /home/airflow/.local/lib/python3.7/site-packages/airflow/example_dags/example_params_trigger_ui.py for tasks to queue
[2023-06-17T02:28:49.147+0000] {logging_mixin.py:149} INFO - [2023-06-17T02:28:49.147+0000] {dagbag.py:541} INFO - Filling up the DagBag from /home/airflow/.local/lib/python3.7/site-packages/airflow/example_dags/example_params_trigger_ui.py
[2023-06-17T02:28:49.177+0000] {processor.py:836} INFO - DAG(s) dict_keys(['example_params_trigger_ui']) retrieved from /home/airflow/.local/lib/python3.7/site-packages/airflow/example_dags/example_params_trigger_ui.py
[2023-06-17T02:28:49.335+0000] {logging_mixin.py:149} INFO - [2023-06-17T02:28:49.335+0000] {dag.py:2726} INFO - Sync 1 DAGs
[2023-06-17T02:28:49.378+0000] {logging_mixin.py:149} INFO - [2023-06-17T02:28:49.378+0000] {dag.py:3490} INFO - Setting next_dagrun for example_params_trigger_ui to None, run_after=None
[2023-06-17T02:28:49.412+0000] {processor.py:179} INFO - Processing /home/airflow/.local/lib/python3.7/site-packages/airflow/example_dags/example_params_trigger_ui.py took 0.334 seconds
[2023-06-17T02:29:20.310+0000] {processor.py:157} INFO - Started process (PID=1322) to work on /home/airflow/.local/lib/python3.7/site-packages/airflow/example_dags/example_params_trigger_ui.py
[2023-06-17T02:29:20.770+0000] {processor.py:826} INFO - Processing file /home/airflow/.local/lib/python3.7/site-packages/airflow/example_dags/example_params_trigger_ui.py for tasks to queue
[2023-06-17T02:29:20.773+0000] {logging_mixin.py:149} INFO - [2023-06-17T02:29:20.772+0000] {dagbag.py:541} INFO - Filling up the DagBag from /home/airflow/.local/lib/python3.7/site-packages/airflow/example_dags/example_params_trigger_ui.py
[2023-06-17T02:29:20.825+0000] {processor.py:836} INFO - DAG(s) dict_keys(['example_params_trigger_ui']) retrieved from /home/airflow/.local/lib/python3.7/site-packages/airflow/example_dags/example_params_trigger_ui.py
[2023-06-17T02:29:20.956+0000] {logging_mixin.py:149} INFO - [2023-06-17T02:29:20.956+0000] {dag.py:2726} INFO - Sync 1 DAGs
[2023-06-17T02:29:20.980+0000] {logging_mixin.py:149} INFO - [2023-06-17T02:29:20.980+0000] {dag.py:3490} INFO - Setting next_dagrun for example_params_trigger_ui to None, run_after=None
[2023-06-17T02:29:21.214+0000] {processor.py:179} INFO - Processing /home/airflow/.local/lib/python3.7/site-packages/airflow/example_dags/example_params_trigger_ui.py took 0.911 seconds
[2023-06-17T02:31:50.019+0000] {processor.py:157} INFO - Started process (PID=1394) to work on /home/airflow/.local/lib/python3.7/site-packages/airflow/example_dags/example_params_trigger_ui.py
[2023-06-17T02:31:50.584+0000] {processor.py:826} INFO - Processing file /home/airflow/.local/lib/python3.7/site-packages/airflow/example_dags/example_params_trigger_ui.py for tasks to queue
[2023-06-17T02:31:50.586+0000] {logging_mixin.py:149} INFO - [2023-06-17T02:31:50.586+0000] {dagbag.py:541} INFO - Filling up the DagBag from /home/airflow/.local/lib/python3.7/site-packages/airflow/example_dags/example_params_trigger_ui.py
[2023-06-17T02:31:53.443+0000] {processor.py:836} INFO - DAG(s) dict_keys(['example_params_trigger_ui']) retrieved from /home/airflow/.local/lib/python3.7/site-packages/airflow/example_dags/example_params_trigger_ui.py
[2023-06-17T02:31:53.544+0000] {logging_mixin.py:149} INFO - [2023-06-17T02:31:53.544+0000] {dag.py:2726} INFO - Sync 1 DAGs
[2023-06-17T02:31:53.569+0000] {logging_mixin.py:149} INFO - [2023-06-17T02:31:53.568+0000] {dag.py:3490} INFO - Setting next_dagrun for example_params_trigger_ui to None, run_after=None
[2023-06-17T02:31:53.997+0000] {processor.py:179} INFO - Processing /home/airflow/.local/lib/python3.7/site-packages/airflow/example_dags/example_params_trigger_ui.py took 3.981 seconds
[2023-06-17T02:32:37.790+0000] {processor.py:157} INFO - Started process (PID=1458) to work on /home/airflow/.local/lib/python3.7/site-packages/airflow/example_dags/example_params_trigger_ui.py
[2023-06-17T02:32:37.854+0000] {processor.py:826} INFO - Processing file /home/airflow/.local/lib/python3.7/site-packages/airflow/example_dags/example_params_trigger_ui.py for tasks to queue
[2023-06-17T02:32:37.857+0000] {logging_mixin.py:149} INFO - [2023-06-17T02:32:37.856+0000] {dagbag.py:541} INFO - Filling up the DagBag from /home/airflow/.local/lib/python3.7/site-packages/airflow/example_dags/example_params_trigger_ui.py
[2023-06-17T02:32:37.909+0000] {processor.py:836} INFO - DAG(s) dict_keys(['example_params_trigger_ui']) retrieved from /home/airflow/.local/lib/python3.7/site-packages/airflow/example_dags/example_params_trigger_ui.py
[2023-06-17T02:32:38.020+0000] {logging_mixin.py:149} INFO - [2023-06-17T02:32:38.020+0000] {dag.py:2726} INFO - Sync 1 DAGs
[2023-06-17T02:32:38.046+0000] {logging_mixin.py:149} INFO - [2023-06-17T02:32:38.046+0000] {dag.py:3490} INFO - Setting next_dagrun for example_params_trigger_ui to None, run_after=None
[2023-06-17T02:32:38.251+0000] {processor.py:179} INFO - Processing /home/airflow/.local/lib/python3.7/site-packages/airflow/example_dags/example_params_trigger_ui.py took 0.466 seconds
[2023-06-17T02:33:08.397+0000] {processor.py:157} INFO - Started process (PID=1511) to work on /home/airflow/.local/lib/python3.7/site-packages/airflow/example_dags/example_params_trigger_ui.py
[2023-06-17T02:33:08.405+0000] {processor.py:826} INFO - Processing file /home/airflow/.local/lib/python3.7/site-packages/airflow/example_dags/example_params_trigger_ui.py for tasks to queue
[2023-06-17T02:33:08.407+0000] {logging_mixin.py:149} INFO - [2023-06-17T02:33:08.406+0000] {dagbag.py:541} INFO - Filling up the DagBag from /home/airflow/.local/lib/python3.7/site-packages/airflow/example_dags/example_params_trigger_ui.py
[2023-06-17T02:33:08.466+0000] {processor.py:836} INFO - DAG(s) dict_keys(['example_params_trigger_ui']) retrieved from /home/airflow/.local/lib/python3.7/site-packages/airflow/example_dags/example_params_trigger_ui.py
[2023-06-17T02:33:08.779+0000] {logging_mixin.py:149} INFO - [2023-06-17T02:33:08.778+0000] {dag.py:2726} INFO - Sync 1 DAGs
[2023-06-17T02:33:08.862+0000] {logging_mixin.py:149} INFO - [2023-06-17T02:33:08.862+0000] {dag.py:3490} INFO - Setting next_dagrun for example_params_trigger_ui to None, run_after=None
[2023-06-17T02:33:08.965+0000] {processor.py:179} INFO - Processing /home/airflow/.local/lib/python3.7/site-packages/airflow/example_dags/example_params_trigger_ui.py took 0.576 seconds
[2023-06-17T02:33:39.393+0000] {processor.py:157} INFO - Started process (PID=1572) to work on /home/airflow/.local/lib/python3.7/site-packages/airflow/example_dags/example_params_trigger_ui.py
[2023-06-17T02:33:39.409+0000] {processor.py:826} INFO - Processing file /home/airflow/.local/lib/python3.7/site-packages/airflow/example_dags/example_params_trigger_ui.py for tasks to queue
[2023-06-17T02:33:39.410+0000] {logging_mixin.py:149} INFO - [2023-06-17T02:33:39.410+0000] {dagbag.py:541} INFO - Filling up the DagBag from /home/airflow/.local/lib/python3.7/site-packages/airflow/example_dags/example_params_trigger_ui.py
[2023-06-17T02:33:39.441+0000] {processor.py:836} INFO - DAG(s) dict_keys(['example_params_trigger_ui']) retrieved from /home/airflow/.local/lib/python3.7/site-packages/airflow/example_dags/example_params_trigger_ui.py
[2023-06-17T02:33:39.596+0000] {logging_mixin.py:149} INFO - [2023-06-17T02:33:39.595+0000] {dag.py:2726} INFO - Sync 1 DAGs
[2023-06-17T02:33:39.638+0000] {logging_mixin.py:149} INFO - [2023-06-17T02:33:39.638+0000] {dag.py:3490} INFO - Setting next_dagrun for example_params_trigger_ui to None, run_after=None
[2023-06-17T02:33:39.692+0000] {processor.py:179} INFO - Processing /home/airflow/.local/lib/python3.7/site-packages/airflow/example_dags/example_params_trigger_ui.py took 0.302 seconds
[2023-06-17T02:34:09.902+0000] {processor.py:157} INFO - Started process (PID=1624) to work on /home/airflow/.local/lib/python3.7/site-packages/airflow/example_dags/example_params_trigger_ui.py
[2023-06-17T02:34:09.908+0000] {processor.py:826} INFO - Processing file /home/airflow/.local/lib/python3.7/site-packages/airflow/example_dags/example_params_trigger_ui.py for tasks to queue
[2023-06-17T02:34:09.909+0000] {logging_mixin.py:149} INFO - [2023-06-17T02:34:09.909+0000] {dagbag.py:541} INFO - Filling up the DagBag from /home/airflow/.local/lib/python3.7/site-packages/airflow/example_dags/example_params_trigger_ui.py
[2023-06-17T02:34:09.944+0000] {processor.py:836} INFO - DAG(s) dict_keys(['example_params_trigger_ui']) retrieved from /home/airflow/.local/lib/python3.7/site-packages/airflow/example_dags/example_params_trigger_ui.py
[2023-06-17T02:34:10.087+0000] {logging_mixin.py:149} INFO - [2023-06-17T02:34:10.087+0000] {dag.py:2726} INFO - Sync 1 DAGs
[2023-06-17T02:34:10.124+0000] {logging_mixin.py:149} INFO - [2023-06-17T02:34:10.124+0000] {dag.py:3490} INFO - Setting next_dagrun for example_params_trigger_ui to None, run_after=None
[2023-06-17T02:34:10.166+0000] {processor.py:179} INFO - Processing /home/airflow/.local/lib/python3.7/site-packages/airflow/example_dags/example_params_trigger_ui.py took 0.268 seconds
[2023-06-17T02:34:40.234+0000] {processor.py:157} INFO - Started process (PID=1685) to work on /home/airflow/.local/lib/python3.7/site-packages/airflow/example_dags/example_params_trigger_ui.py
[2023-06-17T02:34:40.235+0000] {processor.py:826} INFO - Processing file /home/airflow/.local/lib/python3.7/site-packages/airflow/example_dags/example_params_trigger_ui.py for tasks to queue
[2023-06-17T02:34:40.236+0000] {logging_mixin.py:149} INFO - [2023-06-17T02:34:40.236+0000] {dagbag.py:541} INFO - Filling up the DagBag from /home/airflow/.local/lib/python3.7/site-packages/airflow/example_dags/example_params_trigger_ui.py
[2023-06-17T02:34:40.264+0000] {processor.py:836} INFO - DAG(s) dict_keys(['example_params_trigger_ui']) retrieved from /home/airflow/.local/lib/python3.7/site-packages/airflow/example_dags/example_params_trigger_ui.py
[2023-06-17T02:34:40.403+0000] {logging_mixin.py:149} INFO - [2023-06-17T02:34:40.403+0000] {dag.py:2726} INFO - Sync 1 DAGs
[2023-06-17T02:34:40.437+0000] {logging_mixin.py:149} INFO - [2023-06-17T02:34:40.437+0000] {dag.py:3490} INFO - Setting next_dagrun for example_params_trigger_ui to None, run_after=None
[2023-06-17T02:34:40.465+0000] {processor.py:179} INFO - Processing /home/airflow/.local/lib/python3.7/site-packages/airflow/example_dags/example_params_trigger_ui.py took 0.234 seconds
[2023-06-17T02:35:10.898+0000] {processor.py:157} INFO - Started process (PID=1745) to work on /home/airflow/.local/lib/python3.7/site-packages/airflow/example_dags/example_params_trigger_ui.py
[2023-06-17T02:35:10.899+0000] {processor.py:826} INFO - Processing file /home/airflow/.local/lib/python3.7/site-packages/airflow/example_dags/example_params_trigger_ui.py for tasks to queue
[2023-06-17T02:35:10.899+0000] {logging_mixin.py:149} INFO - [2023-06-17T02:35:10.899+0000] {dagbag.py:541} INFO - Filling up the DagBag from /home/airflow/.local/lib/python3.7/site-packages/airflow/example_dags/example_params_trigger_ui.py
[2023-06-17T02:35:10.934+0000] {processor.py:836} INFO - DAG(s) dict_keys(['example_params_trigger_ui']) retrieved from /home/airflow/.local/lib/python3.7/site-packages/airflow/example_dags/example_params_trigger_ui.py
[2023-06-17T02:35:11.074+0000] {logging_mixin.py:149} INFO - [2023-06-17T02:35:11.073+0000] {dag.py:2726} INFO - Sync 1 DAGs
[2023-06-17T02:35:11.108+0000] {logging_mixin.py:149} INFO - [2023-06-17T02:35:11.108+0000] {dag.py:3490} INFO - Setting next_dagrun for example_params_trigger_ui to None, run_after=None
[2023-06-17T02:35:11.234+0000] {processor.py:179} INFO - Processing /home/airflow/.local/lib/python3.7/site-packages/airflow/example_dags/example_params_trigger_ui.py took 0.340 seconds
[2023-06-17T02:35:42.083+0000] {processor.py:157} INFO - Started process (PID=1806) to work on /home/airflow/.local/lib/python3.7/site-packages/airflow/example_dags/example_params_trigger_ui.py
[2023-06-17T02:35:42.083+0000] {processor.py:826} INFO - Processing file /home/airflow/.local/lib/python3.7/site-packages/airflow/example_dags/example_params_trigger_ui.py for tasks to queue
[2023-06-17T02:35:42.084+0000] {logging_mixin.py:149} INFO - [2023-06-17T02:35:42.084+0000] {dagbag.py:541} INFO - Filling up the DagBag from /home/airflow/.local/lib/python3.7/site-packages/airflow/example_dags/example_params_trigger_ui.py
[2023-06-17T02:35:42.108+0000] {processor.py:836} INFO - DAG(s) dict_keys(['example_params_trigger_ui']) retrieved from /home/airflow/.local/lib/python3.7/site-packages/airflow/example_dags/example_params_trigger_ui.py
[2023-06-17T02:35:42.205+0000] {logging_mixin.py:149} INFO - [2023-06-17T02:35:42.205+0000] {dag.py:2726} INFO - Sync 1 DAGs
[2023-06-17T02:35:42.235+0000] {logging_mixin.py:149} INFO - [2023-06-17T02:35:42.235+0000] {dag.py:3490} INFO - Setting next_dagrun for example_params_trigger_ui to None, run_after=None
[2023-06-17T02:35:42.268+0000] {processor.py:179} INFO - Processing /home/airflow/.local/lib/python3.7/site-packages/airflow/example_dags/example_params_trigger_ui.py took 0.188 seconds
[2023-06-17T02:36:12.650+0000] {processor.py:157} INFO - Started process (PID=1867) to work on /home/airflow/.local/lib/python3.7/site-packages/airflow/example_dags/example_params_trigger_ui.py
[2023-06-17T02:36:12.733+0000] {processor.py:826} INFO - Processing file /home/airflow/.local/lib/python3.7/site-packages/airflow/example_dags/example_params_trigger_ui.py for tasks to queue
[2023-06-17T02:36:12.734+0000] {logging_mixin.py:149} INFO - [2023-06-17T02:36:12.734+0000] {dagbag.py:541} INFO - Filling up the DagBag from /home/airflow/.local/lib/python3.7/site-packages/airflow/example_dags/example_params_trigger_ui.py
[2023-06-17T02:36:12.760+0000] {processor.py:836} INFO - DAG(s) dict_keys(['example_params_trigger_ui']) retrieved from /home/airflow/.local/lib/python3.7/site-packages/airflow/example_dags/example_params_trigger_ui.py
[2023-06-17T02:36:12.898+0000] {logging_mixin.py:149} INFO - [2023-06-17T02:36:12.898+0000] {dag.py:2726} INFO - Sync 1 DAGs
[2023-06-17T02:36:12.936+0000] {logging_mixin.py:149} INFO - [2023-06-17T02:36:12.936+0000] {dag.py:3490} INFO - Setting next_dagrun for example_params_trigger_ui to None, run_after=None
[2023-06-17T02:36:12.971+0000] {processor.py:179} INFO - Processing /home/airflow/.local/lib/python3.7/site-packages/airflow/example_dags/example_params_trigger_ui.py took 0.324 seconds
[2023-06-17T02:36:43.022+0000] {processor.py:157} INFO - Started process (PID=1928) to work on /home/airflow/.local/lib/python3.7/site-packages/airflow/example_dags/example_params_trigger_ui.py
[2023-06-17T02:36:43.023+0000] {processor.py:826} INFO - Processing file /home/airflow/.local/lib/python3.7/site-packages/airflow/example_dags/example_params_trigger_ui.py for tasks to queue
[2023-06-17T02:36:43.023+0000] {logging_mixin.py:149} INFO - [2023-06-17T02:36:43.023+0000] {dagbag.py:541} INFO - Filling up the DagBag from /home/airflow/.local/lib/python3.7/site-packages/airflow/example_dags/example_params_trigger_ui.py
[2023-06-17T02:36:43.050+0000] {processor.py:836} INFO - DAG(s) dict_keys(['example_params_trigger_ui']) retrieved from /home/airflow/.local/lib/python3.7/site-packages/airflow/example_dags/example_params_trigger_ui.py
[2023-06-17T02:36:43.166+0000] {logging_mixin.py:149} INFO - [2023-06-17T02:36:43.165+0000] {dag.py:2726} INFO - Sync 1 DAGs
[2023-06-17T02:36:43.192+0000] {logging_mixin.py:149} INFO - [2023-06-17T02:36:43.192+0000] {dag.py:3490} INFO - Setting next_dagrun for example_params_trigger_ui to None, run_after=None
[2023-06-17T02:36:43.218+0000] {processor.py:179} INFO - Processing /home/airflow/.local/lib/python3.7/site-packages/airflow/example_dags/example_params_trigger_ui.py took 0.200 seconds
[2023-06-17T02:37:13.523+0000] {processor.py:157} INFO - Started process (PID=1989) to work on /home/airflow/.local/lib/python3.7/site-packages/airflow/example_dags/example_params_trigger_ui.py
[2023-06-17T02:37:13.524+0000] {processor.py:826} INFO - Processing file /home/airflow/.local/lib/python3.7/site-packages/airflow/example_dags/example_params_trigger_ui.py for tasks to queue
[2023-06-17T02:37:13.525+0000] {logging_mixin.py:149} INFO - [2023-06-17T02:37:13.525+0000] {dagbag.py:541} INFO - Filling up the DagBag from /home/airflow/.local/lib/python3.7/site-packages/airflow/example_dags/example_params_trigger_ui.py
[2023-06-17T02:37:13.552+0000] {processor.py:836} INFO - DAG(s) dict_keys(['example_params_trigger_ui']) retrieved from /home/airflow/.local/lib/python3.7/site-packages/airflow/example_dags/example_params_trigger_ui.py
[2023-06-17T02:37:13.683+0000] {logging_mixin.py:149} INFO - [2023-06-17T02:37:13.683+0000] {dag.py:2726} INFO - Sync 1 DAGs
[2023-06-17T02:37:13.720+0000] {logging_mixin.py:149} INFO - [2023-06-17T02:37:13.720+0000] {dag.py:3490} INFO - Setting next_dagrun for example_params_trigger_ui to None, run_after=None
[2023-06-17T02:37:13.753+0000] {processor.py:179} INFO - Processing /home/airflow/.local/lib/python3.7/site-packages/airflow/example_dags/example_params_trigger_ui.py took 0.233 seconds
[2023-06-17T02:37:44.220+0000] {processor.py:157} INFO - Started process (PID=2051) to work on /home/airflow/.local/lib/python3.7/site-packages/airflow/example_dags/example_params_trigger_ui.py
[2023-06-17T02:37:44.333+0000] {processor.py:826} INFO - Processing file /home/airflow/.local/lib/python3.7/site-packages/airflow/example_dags/example_params_trigger_ui.py for tasks to queue
[2023-06-17T02:37:44.334+0000] {logging_mixin.py:149} INFO - [2023-06-17T02:37:44.334+0000] {dagbag.py:541} INFO - Filling up the DagBag from /home/airflow/.local/lib/python3.7/site-packages/airflow/example_dags/example_params_trigger_ui.py
[2023-06-17T02:37:44.357+0000] {processor.py:836} INFO - DAG(s) dict_keys(['example_params_trigger_ui']) retrieved from /home/airflow/.local/lib/python3.7/site-packages/airflow/example_dags/example_params_trigger_ui.py
[2023-06-17T02:37:44.450+0000] {logging_mixin.py:149} INFO - [2023-06-17T02:37:44.450+0000] {dag.py:2726} INFO - Sync 1 DAGs
[2023-06-17T02:37:44.634+0000] {logging_mixin.py:149} INFO - [2023-06-17T02:37:44.634+0000] {dag.py:3490} INFO - Setting next_dagrun for example_params_trigger_ui to None, run_after=None
[2023-06-17T02:37:44.942+0000] {processor.py:179} INFO - Processing /home/airflow/.local/lib/python3.7/site-packages/airflow/example_dags/example_params_trigger_ui.py took 0.724 seconds
[2023-06-17T03:24:49.108+0000] {processor.py:157} INFO - Started process (PID=2122) to work on /home/airflow/.local/lib/python3.7/site-packages/airflow/example_dags/example_params_trigger_ui.py
[2023-06-17T03:24:49.392+0000] {processor.py:826} INFO - Processing file /home/airflow/.local/lib/python3.7/site-packages/airflow/example_dags/example_params_trigger_ui.py for tasks to queue
[2023-06-17T03:24:49.395+0000] {logging_mixin.py:149} INFO - [2023-06-17T03:24:49.394+0000] {dagbag.py:541} INFO - Filling up the DagBag from /home/airflow/.local/lib/python3.7/site-packages/airflow/example_dags/example_params_trigger_ui.py
[2023-06-17T03:24:49.447+0000] {processor.py:836} INFO - DAG(s) dict_keys(['example_params_trigger_ui']) retrieved from /home/airflow/.local/lib/python3.7/site-packages/airflow/example_dags/example_params_trigger_ui.py
[2023-06-17T03:24:49.540+0000] {logging_mixin.py:149} INFO - [2023-06-17T03:24:49.540+0000] {dag.py:2726} INFO - Sync 1 DAGs
[2023-06-17T03:24:49.565+0000] {logging_mixin.py:149} INFO - [2023-06-17T03:24:49.565+0000] {dag.py:3490} INFO - Setting next_dagrun for example_params_trigger_ui to None, run_after=None
[2023-06-17T03:24:49.853+0000] {processor.py:179} INFO - Processing /home/airflow/.local/lib/python3.7/site-packages/airflow/example_dags/example_params_trigger_ui.py took 0.748 seconds
[2023-06-17T03:25:19.900+0000] {processor.py:157} INFO - Started process (PID=2183) to work on /home/airflow/.local/lib/python3.7/site-packages/airflow/example_dags/example_params_trigger_ui.py
[2023-06-17T03:25:19.911+0000] {processor.py:826} INFO - Processing file /home/airflow/.local/lib/python3.7/site-packages/airflow/example_dags/example_params_trigger_ui.py for tasks to queue
[2023-06-17T03:25:19.912+0000] {logging_mixin.py:149} INFO - [2023-06-17T03:25:19.912+0000] {dagbag.py:541} INFO - Filling up the DagBag from /home/airflow/.local/lib/python3.7/site-packages/airflow/example_dags/example_params_trigger_ui.py
[2023-06-17T03:25:19.963+0000] {processor.py:836} INFO - DAG(s) dict_keys(['example_params_trigger_ui']) retrieved from /home/airflow/.local/lib/python3.7/site-packages/airflow/example_dags/example_params_trigger_ui.py
[2023-06-17T03:25:20.207+0000] {logging_mixin.py:149} INFO - [2023-06-17T03:25:20.206+0000] {dag.py:2726} INFO - Sync 1 DAGs
[2023-06-17T03:25:20.286+0000] {logging_mixin.py:149} INFO - [2023-06-17T03:25:20.286+0000] {dag.py:3490} INFO - Setting next_dagrun for example_params_trigger_ui to None, run_after=None
[2023-06-17T03:25:20.346+0000] {processor.py:179} INFO - Processing /home/airflow/.local/lib/python3.7/site-packages/airflow/example_dags/example_params_trigger_ui.py took 0.452 seconds
[2023-06-17T03:35:53.452+0000] {processor.py:157} INFO - Started process (PID=66) to work on /home/airflow/.local/lib/python3.7/site-packages/airflow/example_dags/example_params_trigger_ui.py
[2023-06-17T03:35:53.602+0000] {processor.py:826} INFO - Processing file /home/airflow/.local/lib/python3.7/site-packages/airflow/example_dags/example_params_trigger_ui.py for tasks to queue
[2023-06-17T03:35:53.604+0000] {logging_mixin.py:149} INFO - [2023-06-17T03:35:53.604+0000] {dagbag.py:541} INFO - Filling up the DagBag from /home/airflow/.local/lib/python3.7/site-packages/airflow/example_dags/example_params_trigger_ui.py
[2023-06-17T03:35:53.759+0000] {processor.py:836} INFO - DAG(s) dict_keys(['example_params_trigger_ui']) retrieved from /home/airflow/.local/lib/python3.7/site-packages/airflow/example_dags/example_params_trigger_ui.py
[2023-06-17T03:35:53.895+0000] {logging_mixin.py:149} INFO - [2023-06-17T03:35:53.895+0000] {dag.py:2726} INFO - Sync 1 DAGs
[2023-06-17T03:35:53.929+0000] {logging_mixin.py:149} INFO - [2023-06-17T03:35:53.929+0000] {dag.py:3490} INFO - Setting next_dagrun for example_params_trigger_ui to None, run_after=None
[2023-06-17T03:35:54.024+0000] {processor.py:179} INFO - Processing /home/airflow/.local/lib/python3.7/site-packages/airflow/example_dags/example_params_trigger_ui.py took 0.575 seconds
[2023-06-17T03:36:27.038+0000] {processor.py:157} INFO - Started process (PID=125) to work on /home/airflow/.local/lib/python3.7/site-packages/airflow/example_dags/example_params_trigger_ui.py
[2023-06-17T03:36:27.212+0000] {processor.py:826} INFO - Processing file /home/airflow/.local/lib/python3.7/site-packages/airflow/example_dags/example_params_trigger_ui.py for tasks to queue
[2023-06-17T03:36:27.311+0000] {logging_mixin.py:149} INFO - [2023-06-17T03:36:27.310+0000] {dagbag.py:541} INFO - Filling up the DagBag from /home/airflow/.local/lib/python3.7/site-packages/airflow/example_dags/example_params_trigger_ui.py
[2023-06-17T03:36:27.367+0000] {processor.py:836} INFO - DAG(s) dict_keys(['example_params_trigger_ui']) retrieved from /home/airflow/.local/lib/python3.7/site-packages/airflow/example_dags/example_params_trigger_ui.py
[2023-06-17T03:36:27.464+0000] {logging_mixin.py:149} INFO - [2023-06-17T03:36:27.464+0000] {dag.py:2726} INFO - Sync 1 DAGs
[2023-06-17T03:36:27.492+0000] {logging_mixin.py:149} INFO - [2023-06-17T03:36:27.492+0000] {dag.py:3490} INFO - Setting next_dagrun for example_params_trigger_ui to None, run_after=None
[2023-06-17T03:36:28.062+0000] {processor.py:179} INFO - Processing /home/airflow/.local/lib/python3.7/site-packages/airflow/example_dags/example_params_trigger_ui.py took 1.026 seconds
[2023-06-17T03:36:58.252+0000] {processor.py:157} INFO - Started process (PID=180) to work on /home/airflow/.local/lib/python3.7/site-packages/airflow/example_dags/example_params_trigger_ui.py
[2023-06-17T03:36:58.285+0000] {processor.py:826} INFO - Processing file /home/airflow/.local/lib/python3.7/site-packages/airflow/example_dags/example_params_trigger_ui.py for tasks to queue
[2023-06-17T03:36:58.286+0000] {logging_mixin.py:149} INFO - [2023-06-17T03:36:58.285+0000] {dagbag.py:541} INFO - Filling up the DagBag from /home/airflow/.local/lib/python3.7/site-packages/airflow/example_dags/example_params_trigger_ui.py
[2023-06-17T03:36:58.317+0000] {processor.py:836} INFO - DAG(s) dict_keys(['example_params_trigger_ui']) retrieved from /home/airflow/.local/lib/python3.7/site-packages/airflow/example_dags/example_params_trigger_ui.py
[2023-06-17T03:36:58.561+0000] {logging_mixin.py:149} INFO - [2023-06-17T03:36:58.560+0000] {dag.py:2726} INFO - Sync 1 DAGs
[2023-06-17T03:36:58.591+0000] {logging_mixin.py:149} INFO - [2023-06-17T03:36:58.591+0000] {dag.py:3490} INFO - Setting next_dagrun for example_params_trigger_ui to None, run_after=None
[2023-06-17T03:36:58.690+0000] {processor.py:179} INFO - Processing /home/airflow/.local/lib/python3.7/site-packages/airflow/example_dags/example_params_trigger_ui.py took 0.441 seconds
[2023-06-17T03:37:29.683+0000] {processor.py:157} INFO - Started process (PID=234) to work on /home/airflow/.local/lib/python3.7/site-packages/airflow/example_dags/example_params_trigger_ui.py
[2023-06-17T03:37:29.697+0000] {processor.py:826} INFO - Processing file /home/airflow/.local/lib/python3.7/site-packages/airflow/example_dags/example_params_trigger_ui.py for tasks to queue
[2023-06-17T03:37:29.698+0000] {logging_mixin.py:149} INFO - [2023-06-17T03:37:29.698+0000] {dagbag.py:541} INFO - Filling up the DagBag from /home/airflow/.local/lib/python3.7/site-packages/airflow/example_dags/example_params_trigger_ui.py
[2023-06-17T03:37:29.827+0000] {processor.py:836} INFO - DAG(s) dict_keys(['example_params_trigger_ui']) retrieved from /home/airflow/.local/lib/python3.7/site-packages/airflow/example_dags/example_params_trigger_ui.py
[2023-06-17T03:37:29.964+0000] {logging_mixin.py:149} INFO - [2023-06-17T03:37:29.963+0000] {dag.py:2726} INFO - Sync 1 DAGs
[2023-06-17T03:37:29.999+0000] {logging_mixin.py:149} INFO - [2023-06-17T03:37:29.999+0000] {dag.py:3490} INFO - Setting next_dagrun for example_params_trigger_ui to None, run_after=None
[2023-06-17T03:37:30.036+0000] {processor.py:179} INFO - Processing /home/airflow/.local/lib/python3.7/site-packages/airflow/example_dags/example_params_trigger_ui.py took 0.356 seconds
[2023-06-17T03:38:00.391+0000] {processor.py:157} INFO - Started process (PID=295) to work on /home/airflow/.local/lib/python3.7/site-packages/airflow/example_dags/example_params_trigger_ui.py
[2023-06-17T03:38:00.394+0000] {processor.py:826} INFO - Processing file /home/airflow/.local/lib/python3.7/site-packages/airflow/example_dags/example_params_trigger_ui.py for tasks to queue
[2023-06-17T03:38:00.395+0000] {logging_mixin.py:149} INFO - [2023-06-17T03:38:00.395+0000] {dagbag.py:541} INFO - Filling up the DagBag from /home/airflow/.local/lib/python3.7/site-packages/airflow/example_dags/example_params_trigger_ui.py
[2023-06-17T03:38:00.421+0000] {processor.py:836} INFO - DAG(s) dict_keys(['example_params_trigger_ui']) retrieved from /home/airflow/.local/lib/python3.7/site-packages/airflow/example_dags/example_params_trigger_ui.py
[2023-06-17T03:38:00.560+0000] {logging_mixin.py:149} INFO - [2023-06-17T03:38:00.560+0000] {dag.py:2726} INFO - Sync 1 DAGs
[2023-06-17T03:38:00.597+0000] {logging_mixin.py:149} INFO - [2023-06-17T03:38:00.597+0000] {dag.py:3490} INFO - Setting next_dagrun for example_params_trigger_ui to None, run_after=None
[2023-06-17T03:38:00.632+0000] {processor.py:179} INFO - Processing /home/airflow/.local/lib/python3.7/site-packages/airflow/example_dags/example_params_trigger_ui.py took 0.244 seconds
[2023-06-17T03:38:31.058+0000] {processor.py:157} INFO - Started process (PID=356) to work on /home/airflow/.local/lib/python3.7/site-packages/airflow/example_dags/example_params_trigger_ui.py
[2023-06-17T03:38:31.276+0000] {processor.py:826} INFO - Processing file /home/airflow/.local/lib/python3.7/site-packages/airflow/example_dags/example_params_trigger_ui.py for tasks to queue
[2023-06-17T03:38:31.277+0000] {logging_mixin.py:149} INFO - [2023-06-17T03:38:31.277+0000] {dagbag.py:541} INFO - Filling up the DagBag from /home/airflow/.local/lib/python3.7/site-packages/airflow/example_dags/example_params_trigger_ui.py
[2023-06-17T03:38:31.303+0000] {processor.py:836} INFO - DAG(s) dict_keys(['example_params_trigger_ui']) retrieved from /home/airflow/.local/lib/python3.7/site-packages/airflow/example_dags/example_params_trigger_ui.py
[2023-06-17T03:38:31.438+0000] {logging_mixin.py:149} INFO - [2023-06-17T03:38:31.438+0000] {dag.py:2726} INFO - Sync 1 DAGs
[2023-06-17T03:38:31.468+0000] {logging_mixin.py:149} INFO - [2023-06-17T03:38:31.468+0000] {dag.py:3490} INFO - Setting next_dagrun for example_params_trigger_ui to None, run_after=None
[2023-06-17T03:38:31.588+0000] {processor.py:179} INFO - Processing /home/airflow/.local/lib/python3.7/site-packages/airflow/example_dags/example_params_trigger_ui.py took 0.533 seconds
[2023-06-17T03:39:01.616+0000] {processor.py:157} INFO - Started process (PID=418) to work on /home/airflow/.local/lib/python3.7/site-packages/airflow/example_dags/example_params_trigger_ui.py
[2023-06-17T03:39:01.617+0000] {processor.py:826} INFO - Processing file /home/airflow/.local/lib/python3.7/site-packages/airflow/example_dags/example_params_trigger_ui.py for tasks to queue
[2023-06-17T03:39:01.617+0000] {logging_mixin.py:149} INFO - [2023-06-17T03:39:01.617+0000] {dagbag.py:541} INFO - Filling up the DagBag from /home/airflow/.local/lib/python3.7/site-packages/airflow/example_dags/example_params_trigger_ui.py
[2023-06-17T03:39:01.641+0000] {processor.py:836} INFO - DAG(s) dict_keys(['example_params_trigger_ui']) retrieved from /home/airflow/.local/lib/python3.7/site-packages/airflow/example_dags/example_params_trigger_ui.py
[2023-06-17T03:39:01.769+0000] {logging_mixin.py:149} INFO - [2023-06-17T03:39:01.768+0000] {dag.py:2726} INFO - Sync 1 DAGs
[2023-06-17T03:39:01.801+0000] {logging_mixin.py:149} INFO - [2023-06-17T03:39:01.801+0000] {dag.py:3490} INFO - Setting next_dagrun for example_params_trigger_ui to None, run_after=None
[2023-06-17T03:39:01.887+0000] {processor.py:179} INFO - Processing /home/airflow/.local/lib/python3.7/site-packages/airflow/example_dags/example_params_trigger_ui.py took 0.274 seconds
[2023-06-17T03:39:32.203+0000] {processor.py:157} INFO - Started process (PID=478) to work on /home/airflow/.local/lib/python3.7/site-packages/airflow/example_dags/example_params_trigger_ui.py
[2023-06-17T03:39:32.204+0000] {processor.py:826} INFO - Processing file /home/airflow/.local/lib/python3.7/site-packages/airflow/example_dags/example_params_trigger_ui.py for tasks to queue
[2023-06-17T03:39:32.205+0000] {logging_mixin.py:149} INFO - [2023-06-17T03:39:32.205+0000] {dagbag.py:541} INFO - Filling up the DagBag from /home/airflow/.local/lib/python3.7/site-packages/airflow/example_dags/example_params_trigger_ui.py
[2023-06-17T03:39:32.228+0000] {processor.py:836} INFO - DAG(s) dict_keys(['example_params_trigger_ui']) retrieved from /home/airflow/.local/lib/python3.7/site-packages/airflow/example_dags/example_params_trigger_ui.py
[2023-06-17T03:39:32.334+0000] {logging_mixin.py:149} INFO - [2023-06-17T03:39:32.334+0000] {dag.py:2726} INFO - Sync 1 DAGs
[2023-06-17T03:39:32.360+0000] {logging_mixin.py:149} INFO - [2023-06-17T03:39:32.360+0000] {dag.py:3490} INFO - Setting next_dagrun for example_params_trigger_ui to None, run_after=None
[2023-06-17T03:39:32.448+0000] {processor.py:179} INFO - Processing /home/airflow/.local/lib/python3.7/site-packages/airflow/example_dags/example_params_trigger_ui.py took 0.248 seconds
[2023-06-17T03:40:03.347+0000] {processor.py:157} INFO - Started process (PID=539) to work on /home/airflow/.local/lib/python3.7/site-packages/airflow/example_dags/example_params_trigger_ui.py
[2023-06-17T03:40:03.348+0000] {processor.py:826} INFO - Processing file /home/airflow/.local/lib/python3.7/site-packages/airflow/example_dags/example_params_trigger_ui.py for tasks to queue
[2023-06-17T03:40:03.348+0000] {logging_mixin.py:149} INFO - [2023-06-17T03:40:03.348+0000] {dagbag.py:541} INFO - Filling up the DagBag from /home/airflow/.local/lib/python3.7/site-packages/airflow/example_dags/example_params_trigger_ui.py
[2023-06-17T03:40:03.372+0000] {processor.py:836} INFO - DAG(s) dict_keys(['example_params_trigger_ui']) retrieved from /home/airflow/.local/lib/python3.7/site-packages/airflow/example_dags/example_params_trigger_ui.py
[2023-06-17T03:40:03.483+0000] {logging_mixin.py:149} INFO - [2023-06-17T03:40:03.483+0000] {dag.py:2726} INFO - Sync 1 DAGs
[2023-06-17T03:40:03.511+0000] {logging_mixin.py:149} INFO - [2023-06-17T03:40:03.511+0000] {dag.py:3490} INFO - Setting next_dagrun for example_params_trigger_ui to None, run_after=None
[2023-06-17T03:40:03.544+0000] {processor.py:179} INFO - Processing /home/airflow/.local/lib/python3.7/site-packages/airflow/example_dags/example_params_trigger_ui.py took 0.199 seconds
[2023-06-17T03:40:33.942+0000] {processor.py:157} INFO - Started process (PID=600) to work on /home/airflow/.local/lib/python3.7/site-packages/airflow/example_dags/example_params_trigger_ui.py
[2023-06-17T03:40:33.943+0000] {processor.py:826} INFO - Processing file /home/airflow/.local/lib/python3.7/site-packages/airflow/example_dags/example_params_trigger_ui.py for tasks to queue
[2023-06-17T03:40:33.944+0000] {logging_mixin.py:149} INFO - [2023-06-17T03:40:33.943+0000] {dagbag.py:541} INFO - Filling up the DagBag from /home/airflow/.local/lib/python3.7/site-packages/airflow/example_dags/example_params_trigger_ui.py
[2023-06-17T03:40:33.964+0000] {processor.py:836} INFO - DAG(s) dict_keys(['example_params_trigger_ui']) retrieved from /home/airflow/.local/lib/python3.7/site-packages/airflow/example_dags/example_params_trigger_ui.py
[2023-06-17T03:40:34.063+0000] {logging_mixin.py:149} INFO - [2023-06-17T03:40:34.063+0000] {dag.py:2726} INFO - Sync 1 DAGs
[2023-06-17T03:40:34.091+0000] {logging_mixin.py:149} INFO - [2023-06-17T03:40:34.091+0000] {dag.py:3490} INFO - Setting next_dagrun for example_params_trigger_ui to None, run_after=None
[2023-06-17T03:40:34.119+0000] {processor.py:179} INFO - Processing /home/airflow/.local/lib/python3.7/site-packages/airflow/example_dags/example_params_trigger_ui.py took 0.179 seconds
[2023-06-17T03:41:04.666+0000] {processor.py:157} INFO - Started process (PID=662) to work on /home/airflow/.local/lib/python3.7/site-packages/airflow/example_dags/example_params_trigger_ui.py
[2023-06-17T03:41:04.667+0000] {processor.py:826} INFO - Processing file /home/airflow/.local/lib/python3.7/site-packages/airflow/example_dags/example_params_trigger_ui.py for tasks to queue
[2023-06-17T03:41:04.668+0000] {logging_mixin.py:149} INFO - [2023-06-17T03:41:04.667+0000] {dagbag.py:541} INFO - Filling up the DagBag from /home/airflow/.local/lib/python3.7/site-packages/airflow/example_dags/example_params_trigger_ui.py
[2023-06-17T03:41:04.688+0000] {processor.py:836} INFO - DAG(s) dict_keys(['example_params_trigger_ui']) retrieved from /home/airflow/.local/lib/python3.7/site-packages/airflow/example_dags/example_params_trigger_ui.py
[2023-06-17T03:41:04.796+0000] {logging_mixin.py:149} INFO - [2023-06-17T03:41:04.796+0000] {dag.py:2726} INFO - Sync 1 DAGs
[2023-06-17T03:41:04.822+0000] {logging_mixin.py:149} INFO - [2023-06-17T03:41:04.822+0000] {dag.py:3490} INFO - Setting next_dagrun for example_params_trigger_ui to None, run_after=None
[2023-06-17T03:41:04.855+0000] {processor.py:179} INFO - Processing /home/airflow/.local/lib/python3.7/site-packages/airflow/example_dags/example_params_trigger_ui.py took 0.192 seconds
[2023-06-17T03:41:34.947+0000] {processor.py:157} INFO - Started process (PID=723) to work on /home/airflow/.local/lib/python3.7/site-packages/airflow/example_dags/example_params_trigger_ui.py
[2023-06-17T03:41:34.977+0000] {processor.py:826} INFO - Processing file /home/airflow/.local/lib/python3.7/site-packages/airflow/example_dags/example_params_trigger_ui.py for tasks to queue
[2023-06-17T03:41:34.978+0000] {logging_mixin.py:149} INFO - [2023-06-17T03:41:34.978+0000] {dagbag.py:541} INFO - Filling up the DagBag from /home/airflow/.local/lib/python3.7/site-packages/airflow/example_dags/example_params_trigger_ui.py
[2023-06-17T03:41:34.999+0000] {processor.py:836} INFO - DAG(s) dict_keys(['example_params_trigger_ui']) retrieved from /home/airflow/.local/lib/python3.7/site-packages/airflow/example_dags/example_params_trigger_ui.py
[2023-06-17T03:41:35.104+0000] {logging_mixin.py:149} INFO - [2023-06-17T03:41:35.104+0000] {dag.py:2726} INFO - Sync 1 DAGs
[2023-06-17T03:41:35.131+0000] {logging_mixin.py:149} INFO - [2023-06-17T03:41:35.131+0000] {dag.py:3490} INFO - Setting next_dagrun for example_params_trigger_ui to None, run_after=None
[2023-06-17T03:41:35.155+0000] {processor.py:179} INFO - Processing /home/airflow/.local/lib/python3.7/site-packages/airflow/example_dags/example_params_trigger_ui.py took 0.210 seconds
[2023-06-17T03:42:05.196+0000] {processor.py:157} INFO - Started process (PID=784) to work on /home/airflow/.local/lib/python3.7/site-packages/airflow/example_dags/example_params_trigger_ui.py
[2023-06-17T03:42:05.209+0000] {processor.py:826} INFO - Processing file /home/airflow/.local/lib/python3.7/site-packages/airflow/example_dags/example_params_trigger_ui.py for tasks to queue
[2023-06-17T03:42:05.209+0000] {logging_mixin.py:149} INFO - [2023-06-17T03:42:05.209+0000] {dagbag.py:541} INFO - Filling up the DagBag from /home/airflow/.local/lib/python3.7/site-packages/airflow/example_dags/example_params_trigger_ui.py
[2023-06-17T03:42:05.239+0000] {processor.py:836} INFO - DAG(s) dict_keys(['example_params_trigger_ui']) retrieved from /home/airflow/.local/lib/python3.7/site-packages/airflow/example_dags/example_params_trigger_ui.py
[2023-06-17T03:42:05.391+0000] {logging_mixin.py:149} INFO - [2023-06-17T03:42:05.391+0000] {dag.py:2726} INFO - Sync 1 DAGs
[2023-06-17T03:42:05.433+0000] {logging_mixin.py:149} INFO - [2023-06-17T03:42:05.433+0000] {dag.py:3490} INFO - Setting next_dagrun for example_params_trigger_ui to None, run_after=None
[2023-06-17T03:42:05.474+0000] {processor.py:179} INFO - Processing /home/airflow/.local/lib/python3.7/site-packages/airflow/example_dags/example_params_trigger_ui.py took 0.281 seconds
[2023-06-17T03:42:35.936+0000] {processor.py:157} INFO - Started process (PID=845) to work on /home/airflow/.local/lib/python3.7/site-packages/airflow/example_dags/example_params_trigger_ui.py
[2023-06-17T03:42:35.988+0000] {processor.py:826} INFO - Processing file /home/airflow/.local/lib/python3.7/site-packages/airflow/example_dags/example_params_trigger_ui.py for tasks to queue
[2023-06-17T03:42:35.989+0000] {logging_mixin.py:149} INFO - [2023-06-17T03:42:35.989+0000] {dagbag.py:541} INFO - Filling up the DagBag from /home/airflow/.local/lib/python3.7/site-packages/airflow/example_dags/example_params_trigger_ui.py
[2023-06-17T03:42:36.021+0000] {processor.py:836} INFO - DAG(s) dict_keys(['example_params_trigger_ui']) retrieved from /home/airflow/.local/lib/python3.7/site-packages/airflow/example_dags/example_params_trigger_ui.py
[2023-06-17T03:42:36.135+0000] {logging_mixin.py:149} INFO - [2023-06-17T03:42:36.135+0000] {dag.py:2726} INFO - Sync 1 DAGs
[2023-06-17T03:42:36.173+0000] {logging_mixin.py:149} INFO - [2023-06-17T03:42:36.173+0000] {dag.py:3490} INFO - Setting next_dagrun for example_params_trigger_ui to None, run_after=None
[2023-06-17T03:42:36.217+0000] {processor.py:179} INFO - Processing /home/airflow/.local/lib/python3.7/site-packages/airflow/example_dags/example_params_trigger_ui.py took 0.284 seconds
[2023-06-17T03:43:06.473+0000] {processor.py:157} INFO - Started process (PID=906) to work on /home/airflow/.local/lib/python3.7/site-packages/airflow/example_dags/example_params_trigger_ui.py
[2023-06-17T03:43:06.473+0000] {processor.py:826} INFO - Processing file /home/airflow/.local/lib/python3.7/site-packages/airflow/example_dags/example_params_trigger_ui.py for tasks to queue
[2023-06-17T03:43:06.474+0000] {logging_mixin.py:149} INFO - [2023-06-17T03:43:06.474+0000] {dagbag.py:541} INFO - Filling up the DagBag from /home/airflow/.local/lib/python3.7/site-packages/airflow/example_dags/example_params_trigger_ui.py
[2023-06-17T03:43:06.495+0000] {processor.py:836} INFO - DAG(s) dict_keys(['example_params_trigger_ui']) retrieved from /home/airflow/.local/lib/python3.7/site-packages/airflow/example_dags/example_params_trigger_ui.py
[2023-06-17T03:43:06.598+0000] {logging_mixin.py:149} INFO - [2023-06-17T03:43:06.597+0000] {dag.py:2726} INFO - Sync 1 DAGs
[2023-06-17T03:43:06.625+0000] {logging_mixin.py:149} INFO - [2023-06-17T03:43:06.625+0000] {dag.py:3490} INFO - Setting next_dagrun for example_params_trigger_ui to None, run_after=None
[2023-06-17T03:43:06.656+0000] {processor.py:179} INFO - Processing /home/airflow/.local/lib/python3.7/site-packages/airflow/example_dags/example_params_trigger_ui.py took 0.186 seconds
[2023-06-17T03:43:37.268+0000] {processor.py:157} INFO - Started process (PID=967) to work on /home/airflow/.local/lib/python3.7/site-packages/airflow/example_dags/example_params_trigger_ui.py
[2023-06-17T03:43:37.351+0000] {processor.py:826} INFO - Processing file /home/airflow/.local/lib/python3.7/site-packages/airflow/example_dags/example_params_trigger_ui.py for tasks to queue
[2023-06-17T03:43:37.352+0000] {logging_mixin.py:149} INFO - [2023-06-17T03:43:37.352+0000] {dagbag.py:541} INFO - Filling up the DagBag from /home/airflow/.local/lib/python3.7/site-packages/airflow/example_dags/example_params_trigger_ui.py
[2023-06-17T03:43:37.385+0000] {processor.py:836} INFO - DAG(s) dict_keys(['example_params_trigger_ui']) retrieved from /home/airflow/.local/lib/python3.7/site-packages/airflow/example_dags/example_params_trigger_ui.py
[2023-06-17T03:43:37.525+0000] {logging_mixin.py:149} INFO - [2023-06-17T03:43:37.525+0000] {dag.py:2726} INFO - Sync 1 DAGs
[2023-06-17T03:43:37.557+0000] {logging_mixin.py:149} INFO - [2023-06-17T03:43:37.556+0000] {dag.py:3490} INFO - Setting next_dagrun for example_params_trigger_ui to None, run_after=None
[2023-06-17T03:43:37.590+0000] {processor.py:179} INFO - Processing /home/airflow/.local/lib/python3.7/site-packages/airflow/example_dags/example_params_trigger_ui.py took 0.325 seconds
[2023-06-17T03:44:07.614+0000] {processor.py:157} INFO - Started process (PID=1028) to work on /home/airflow/.local/lib/python3.7/site-packages/airflow/example_dags/example_params_trigger_ui.py
[2023-06-17T03:44:07.635+0000] {processor.py:826} INFO - Processing file /home/airflow/.local/lib/python3.7/site-packages/airflow/example_dags/example_params_trigger_ui.py for tasks to queue
[2023-06-17T03:44:07.636+0000] {logging_mixin.py:149} INFO - [2023-06-17T03:44:07.636+0000] {dagbag.py:541} INFO - Filling up the DagBag from /home/airflow/.local/lib/python3.7/site-packages/airflow/example_dags/example_params_trigger_ui.py
[2023-06-17T03:44:07.661+0000] {processor.py:836} INFO - DAG(s) dict_keys(['example_params_trigger_ui']) retrieved from /home/airflow/.local/lib/python3.7/site-packages/airflow/example_dags/example_params_trigger_ui.py
[2023-06-17T03:44:07.767+0000] {logging_mixin.py:149} INFO - [2023-06-17T03:44:07.767+0000] {dag.py:2726} INFO - Sync 1 DAGs
[2023-06-17T03:44:07.793+0000] {logging_mixin.py:149} INFO - [2023-06-17T03:44:07.793+0000] {dag.py:3490} INFO - Setting next_dagrun for example_params_trigger_ui to None, run_after=None
[2023-06-17T03:44:07.817+0000] {processor.py:179} INFO - Processing /home/airflow/.local/lib/python3.7/site-packages/airflow/example_dags/example_params_trigger_ui.py took 0.205 seconds
[2023-06-17T03:44:38.191+0000] {processor.py:157} INFO - Started process (PID=1089) to work on /home/airflow/.local/lib/python3.7/site-packages/airflow/example_dags/example_params_trigger_ui.py
[2023-06-17T03:44:38.353+0000] {processor.py:826} INFO - Processing file /home/airflow/.local/lib/python3.7/site-packages/airflow/example_dags/example_params_trigger_ui.py for tasks to queue
[2023-06-17T03:44:38.354+0000] {logging_mixin.py:149} INFO - [2023-06-17T03:44:38.354+0000] {dagbag.py:541} INFO - Filling up the DagBag from /home/airflow/.local/lib/python3.7/site-packages/airflow/example_dags/example_params_trigger_ui.py
[2023-06-17T03:44:38.375+0000] {processor.py:836} INFO - DAG(s) dict_keys(['example_params_trigger_ui']) retrieved from /home/airflow/.local/lib/python3.7/site-packages/airflow/example_dags/example_params_trigger_ui.py
[2023-06-17T03:44:38.475+0000] {logging_mixin.py:149} INFO - [2023-06-17T03:44:38.475+0000] {dag.py:2726} INFO - Sync 1 DAGs
[2023-06-17T03:44:38.503+0000] {logging_mixin.py:149} INFO - [2023-06-17T03:44:38.503+0000] {dag.py:3490} INFO - Setting next_dagrun for example_params_trigger_ui to None, run_after=None
[2023-06-17T03:44:38.526+0000] {processor.py:179} INFO - Processing /home/airflow/.local/lib/python3.7/site-packages/airflow/example_dags/example_params_trigger_ui.py took 0.338 seconds
[2023-06-17T03:45:08.846+0000] {processor.py:157} INFO - Started process (PID=1150) to work on /home/airflow/.local/lib/python3.7/site-packages/airflow/example_dags/example_params_trigger_ui.py
[2023-06-17T03:45:08.863+0000] {processor.py:826} INFO - Processing file /home/airflow/.local/lib/python3.7/site-packages/airflow/example_dags/example_params_trigger_ui.py for tasks to queue
[2023-06-17T03:45:08.863+0000] {logging_mixin.py:149} INFO - [2023-06-17T03:45:08.863+0000] {dagbag.py:541} INFO - Filling up the DagBag from /home/airflow/.local/lib/python3.7/site-packages/airflow/example_dags/example_params_trigger_ui.py
[2023-06-17T03:45:08.884+0000] {processor.py:836} INFO - DAG(s) dict_keys(['example_params_trigger_ui']) retrieved from /home/airflow/.local/lib/python3.7/site-packages/airflow/example_dags/example_params_trigger_ui.py
[2023-06-17T03:45:08.991+0000] {logging_mixin.py:149} INFO - [2023-06-17T03:45:08.991+0000] {dag.py:2726} INFO - Sync 1 DAGs
[2023-06-17T03:45:09.021+0000] {logging_mixin.py:149} INFO - [2023-06-17T03:45:09.021+0000] {dag.py:3490} INFO - Setting next_dagrun for example_params_trigger_ui to None, run_after=None
[2023-06-17T03:45:09.060+0000] {processor.py:179} INFO - Processing /home/airflow/.local/lib/python3.7/site-packages/airflow/example_dags/example_params_trigger_ui.py took 0.216 seconds
[2023-06-17T03:45:39.563+0000] {processor.py:157} INFO - Started process (PID=1211) to work on /home/airflow/.local/lib/python3.7/site-packages/airflow/example_dags/example_params_trigger_ui.py
[2023-06-17T03:45:39.637+0000] {processor.py:826} INFO - Processing file /home/airflow/.local/lib/python3.7/site-packages/airflow/example_dags/example_params_trigger_ui.py for tasks to queue
[2023-06-17T03:45:39.638+0000] {logging_mixin.py:149} INFO - [2023-06-17T03:45:39.637+0000] {dagbag.py:541} INFO - Filling up the DagBag from /home/airflow/.local/lib/python3.7/site-packages/airflow/example_dags/example_params_trigger_ui.py
[2023-06-17T03:45:39.659+0000] {processor.py:836} INFO - DAG(s) dict_keys(['example_params_trigger_ui']) retrieved from /home/airflow/.local/lib/python3.7/site-packages/airflow/example_dags/example_params_trigger_ui.py
[2023-06-17T03:45:39.761+0000] {logging_mixin.py:149} INFO - [2023-06-17T03:45:39.761+0000] {dag.py:2726} INFO - Sync 1 DAGs
[2023-06-17T03:45:39.787+0000] {logging_mixin.py:149} INFO - [2023-06-17T03:45:39.787+0000] {dag.py:3490} INFO - Setting next_dagrun for example_params_trigger_ui to None, run_after=None
[2023-06-17T03:45:39.810+0000] {processor.py:179} INFO - Processing /home/airflow/.local/lib/python3.7/site-packages/airflow/example_dags/example_params_trigger_ui.py took 0.250 seconds
[2023-06-17T03:46:10.266+0000] {processor.py:157} INFO - Started process (PID=1272) to work on /home/airflow/.local/lib/python3.7/site-packages/airflow/example_dags/example_params_trigger_ui.py
[2023-06-17T03:46:10.305+0000] {processor.py:826} INFO - Processing file /home/airflow/.local/lib/python3.7/site-packages/airflow/example_dags/example_params_trigger_ui.py for tasks to queue
[2023-06-17T03:46:10.306+0000] {logging_mixin.py:149} INFO - [2023-06-17T03:46:10.306+0000] {dagbag.py:541} INFO - Filling up the DagBag from /home/airflow/.local/lib/python3.7/site-packages/airflow/example_dags/example_params_trigger_ui.py
[2023-06-17T03:46:10.339+0000] {processor.py:836} INFO - DAG(s) dict_keys(['example_params_trigger_ui']) retrieved from /home/airflow/.local/lib/python3.7/site-packages/airflow/example_dags/example_params_trigger_ui.py
[2023-06-17T03:46:10.467+0000] {logging_mixin.py:149} INFO - [2023-06-17T03:46:10.467+0000] {dag.py:2726} INFO - Sync 1 DAGs
[2023-06-17T03:46:10.495+0000] {logging_mixin.py:149} INFO - [2023-06-17T03:46:10.495+0000] {dag.py:3490} INFO - Setting next_dagrun for example_params_trigger_ui to None, run_after=None
[2023-06-17T03:46:10.530+0000] {processor.py:179} INFO - Processing /home/airflow/.local/lib/python3.7/site-packages/airflow/example_dags/example_params_trigger_ui.py took 0.266 seconds
[2023-06-17T03:46:41.227+0000] {processor.py:157} INFO - Started process (PID=1340) to work on /home/airflow/.local/lib/python3.7/site-packages/airflow/example_dags/example_params_trigger_ui.py
[2023-06-17T03:46:41.228+0000] {processor.py:826} INFO - Processing file /home/airflow/.local/lib/python3.7/site-packages/airflow/example_dags/example_params_trigger_ui.py for tasks to queue
[2023-06-17T03:46:41.228+0000] {logging_mixin.py:149} INFO - [2023-06-17T03:46:41.228+0000] {dagbag.py:541} INFO - Filling up the DagBag from /home/airflow/.local/lib/python3.7/site-packages/airflow/example_dags/example_params_trigger_ui.py
[2023-06-17T03:46:41.250+0000] {processor.py:836} INFO - DAG(s) dict_keys(['example_params_trigger_ui']) retrieved from /home/airflow/.local/lib/python3.7/site-packages/airflow/example_dags/example_params_trigger_ui.py
[2023-06-17T03:46:41.361+0000] {logging_mixin.py:149} INFO - [2023-06-17T03:46:41.361+0000] {dag.py:2726} INFO - Sync 1 DAGs
[2023-06-17T03:46:41.389+0000] {logging_mixin.py:149} INFO - [2023-06-17T03:46:41.389+0000] {dag.py:3490} INFO - Setting next_dagrun for example_params_trigger_ui to None, run_after=None
[2023-06-17T03:46:41.417+0000] {processor.py:179} INFO - Processing /home/airflow/.local/lib/python3.7/site-packages/airflow/example_dags/example_params_trigger_ui.py took 0.192 seconds
[2023-06-17T03:47:11.745+0000] {processor.py:157} INFO - Started process (PID=1401) to work on /home/airflow/.local/lib/python3.7/site-packages/airflow/example_dags/example_params_trigger_ui.py
[2023-06-17T03:47:11.815+0000] {processor.py:826} INFO - Processing file /home/airflow/.local/lib/python3.7/site-packages/airflow/example_dags/example_params_trigger_ui.py for tasks to queue
[2023-06-17T03:47:11.816+0000] {logging_mixin.py:149} INFO - [2023-06-17T03:47:11.816+0000] {dagbag.py:541} INFO - Filling up the DagBag from /home/airflow/.local/lib/python3.7/site-packages/airflow/example_dags/example_params_trigger_ui.py
[2023-06-17T03:47:11.844+0000] {processor.py:836} INFO - DAG(s) dict_keys(['example_params_trigger_ui']) retrieved from /home/airflow/.local/lib/python3.7/site-packages/airflow/example_dags/example_params_trigger_ui.py
[2023-06-17T03:47:11.951+0000] {logging_mixin.py:149} INFO - [2023-06-17T03:47:11.951+0000] {dag.py:2726} INFO - Sync 1 DAGs
[2023-06-17T03:47:11.989+0000] {logging_mixin.py:149} INFO - [2023-06-17T03:47:11.988+0000] {dag.py:3490} INFO - Setting next_dagrun for example_params_trigger_ui to None, run_after=None
[2023-06-17T03:47:12.036+0000] {processor.py:179} INFO - Processing /home/airflow/.local/lib/python3.7/site-packages/airflow/example_dags/example_params_trigger_ui.py took 0.293 seconds
[2023-06-17T03:47:42.688+0000] {processor.py:157} INFO - Started process (PID=1462) to work on /home/airflow/.local/lib/python3.7/site-packages/airflow/example_dags/example_params_trigger_ui.py
[2023-06-17T03:47:42.740+0000] {processor.py:826} INFO - Processing file /home/airflow/.local/lib/python3.7/site-packages/airflow/example_dags/example_params_trigger_ui.py for tasks to queue
[2023-06-17T03:47:42.741+0000] {logging_mixin.py:149} INFO - [2023-06-17T03:47:42.740+0000] {dagbag.py:541} INFO - Filling up the DagBag from /home/airflow/.local/lib/python3.7/site-packages/airflow/example_dags/example_params_trigger_ui.py
[2023-06-17T03:47:42.762+0000] {processor.py:836} INFO - DAG(s) dict_keys(['example_params_trigger_ui']) retrieved from /home/airflow/.local/lib/python3.7/site-packages/airflow/example_dags/example_params_trigger_ui.py
[2023-06-17T03:47:42.869+0000] {logging_mixin.py:149} INFO - [2023-06-17T03:47:42.868+0000] {dag.py:2726} INFO - Sync 1 DAGs
[2023-06-17T03:47:42.897+0000] {logging_mixin.py:149} INFO - [2023-06-17T03:47:42.897+0000] {dag.py:3490} INFO - Setting next_dagrun for example_params_trigger_ui to None, run_after=None
[2023-06-17T03:47:42.925+0000] {processor.py:179} INFO - Processing /home/airflow/.local/lib/python3.7/site-packages/airflow/example_dags/example_params_trigger_ui.py took 0.239 seconds
[2023-06-17T03:48:13.402+0000] {processor.py:157} INFO - Started process (PID=1524) to work on /home/airflow/.local/lib/python3.7/site-packages/airflow/example_dags/example_params_trigger_ui.py
[2023-06-17T03:48:13.502+0000] {processor.py:826} INFO - Processing file /home/airflow/.local/lib/python3.7/site-packages/airflow/example_dags/example_params_trigger_ui.py for tasks to queue
[2023-06-17T03:48:13.505+0000] {logging_mixin.py:149} INFO - [2023-06-17T03:48:13.504+0000] {dagbag.py:541} INFO - Filling up the DagBag from /home/airflow/.local/lib/python3.7/site-packages/airflow/example_dags/example_params_trigger_ui.py
[2023-06-17T03:48:13.545+0000] {processor.py:836} INFO - DAG(s) dict_keys(['example_params_trigger_ui']) retrieved from /home/airflow/.local/lib/python3.7/site-packages/airflow/example_dags/example_params_trigger_ui.py
[2023-06-17T03:48:13.649+0000] {logging_mixin.py:149} INFO - [2023-06-17T03:48:13.648+0000] {dag.py:2726} INFO - Sync 1 DAGs
[2023-06-17T03:48:13.675+0000] {logging_mixin.py:149} INFO - [2023-06-17T03:48:13.675+0000] {dag.py:3490} INFO - Setting next_dagrun for example_params_trigger_ui to None, run_after=None
[2023-06-17T03:48:13.797+0000] {processor.py:179} INFO - Processing /home/airflow/.local/lib/python3.7/site-packages/airflow/example_dags/example_params_trigger_ui.py took 0.397 seconds
[2023-06-17T03:48:43.976+0000] {processor.py:157} INFO - Started process (PID=1580) to work on /home/airflow/.local/lib/python3.7/site-packages/airflow/example_dags/example_params_trigger_ui.py
[2023-06-17T03:48:43.980+0000] {processor.py:826} INFO - Processing file /home/airflow/.local/lib/python3.7/site-packages/airflow/example_dags/example_params_trigger_ui.py for tasks to queue
[2023-06-17T03:48:43.981+0000] {logging_mixin.py:149} INFO - [2023-06-17T03:48:43.981+0000] {dagbag.py:541} INFO - Filling up the DagBag from /home/airflow/.local/lib/python3.7/site-packages/airflow/example_dags/example_params_trigger_ui.py
[2023-06-17T03:48:44.004+0000] {processor.py:836} INFO - DAG(s) dict_keys(['example_params_trigger_ui']) retrieved from /home/airflow/.local/lib/python3.7/site-packages/airflow/example_dags/example_params_trigger_ui.py
[2023-06-17T03:48:44.128+0000] {logging_mixin.py:149} INFO - [2023-06-17T03:48:44.128+0000] {dag.py:2726} INFO - Sync 1 DAGs
[2023-06-17T03:48:44.156+0000] {logging_mixin.py:149} INFO - [2023-06-17T03:48:44.156+0000] {dag.py:3490} INFO - Setting next_dagrun for example_params_trigger_ui to None, run_after=None
[2023-06-17T03:48:44.199+0000] {processor.py:179} INFO - Processing /home/airflow/.local/lib/python3.7/site-packages/airflow/example_dags/example_params_trigger_ui.py took 0.226 seconds
[2023-06-17T03:49:14.271+0000] {processor.py:157} INFO - Started process (PID=1647) to work on /home/airflow/.local/lib/python3.7/site-packages/airflow/example_dags/example_params_trigger_ui.py
[2023-06-17T03:49:14.302+0000] {processor.py:826} INFO - Processing file /home/airflow/.local/lib/python3.7/site-packages/airflow/example_dags/example_params_trigger_ui.py for tasks to queue
[2023-06-17T03:49:14.303+0000] {logging_mixin.py:149} INFO - [2023-06-17T03:49:14.302+0000] {dagbag.py:541} INFO - Filling up the DagBag from /home/airflow/.local/lib/python3.7/site-packages/airflow/example_dags/example_params_trigger_ui.py
[2023-06-17T03:49:14.325+0000] {processor.py:836} INFO - DAG(s) dict_keys(['example_params_trigger_ui']) retrieved from /home/airflow/.local/lib/python3.7/site-packages/airflow/example_dags/example_params_trigger_ui.py
[2023-06-17T03:49:14.438+0000] {logging_mixin.py:149} INFO - [2023-06-17T03:49:14.438+0000] {dag.py:2726} INFO - Sync 1 DAGs
[2023-06-17T03:49:14.477+0000] {logging_mixin.py:149} INFO - [2023-06-17T03:49:14.477+0000] {dag.py:3490} INFO - Setting next_dagrun for example_params_trigger_ui to None, run_after=None
[2023-06-17T03:49:14.513+0000] {processor.py:179} INFO - Processing /home/airflow/.local/lib/python3.7/site-packages/airflow/example_dags/example_params_trigger_ui.py took 0.244 seconds
[2023-06-17T03:49:45.183+0000] {processor.py:157} INFO - Started process (PID=1708) to work on /home/airflow/.local/lib/python3.7/site-packages/airflow/example_dags/example_params_trigger_ui.py
[2023-06-17T03:49:45.280+0000] {processor.py:826} INFO - Processing file /home/airflow/.local/lib/python3.7/site-packages/airflow/example_dags/example_params_trigger_ui.py for tasks to queue
[2023-06-17T03:49:45.281+0000] {logging_mixin.py:149} INFO - [2023-06-17T03:49:45.281+0000] {dagbag.py:541} INFO - Filling up the DagBag from /home/airflow/.local/lib/python3.7/site-packages/airflow/example_dags/example_params_trigger_ui.py
[2023-06-17T03:49:45.305+0000] {processor.py:836} INFO - DAG(s) dict_keys(['example_params_trigger_ui']) retrieved from /home/airflow/.local/lib/python3.7/site-packages/airflow/example_dags/example_params_trigger_ui.py
[2023-06-17T03:49:45.428+0000] {logging_mixin.py:149} INFO - [2023-06-17T03:49:45.427+0000] {dag.py:2726} INFO - Sync 1 DAGs
[2023-06-17T03:49:45.454+0000] {logging_mixin.py:149} INFO - [2023-06-17T03:49:45.454+0000] {dag.py:3490} INFO - Setting next_dagrun for example_params_trigger_ui to None, run_after=None
[2023-06-17T03:49:45.572+0000] {processor.py:179} INFO - Processing /home/airflow/.local/lib/python3.7/site-packages/airflow/example_dags/example_params_trigger_ui.py took 0.392 seconds
