[2023-06-17T02:16:42.067+0000] {processor.py:157} INFO - Started process (PID=41) to work on /home/airflow/.local/lib/python3.7/site-packages/airflow/example_dags/example_sensors.py
[2023-06-17T02:16:42.069+0000] {processor.py:826} INFO - Processing file /home/airflow/.local/lib/python3.7/site-packages/airflow/example_dags/example_sensors.py for tasks to queue
[2023-06-17T02:16:42.070+0000] {logging_mixin.py:149} INFO - [2023-06-17T02:16:42.070+0000] {dagbag.py:541} INFO - Filling up the DagBag from /home/airflow/.local/lib/python3.7/site-packages/airflow/example_dags/example_sensors.py
[2023-06-17T02:16:42.087+0000] {processor.py:836} INFO - DAG(s) dict_keys(['example_sensors']) retrieved from /home/airflow/.local/lib/python3.7/site-packages/airflow/example_dags/example_sensors.py
[2023-06-17T02:16:42.149+0000] {logging_mixin.py:149} INFO - [2023-06-17T02:16:42.148+0000] {dag.py:2726} INFO - Sync 1 DAGs
[2023-06-17T02:16:42.206+0000] {logging_mixin.py:149} INFO - [2023-06-17T02:16:42.205+0000] {dag.py:3490} INFO - Setting next_dagrun for example_sensors to None, run_after=None
[2023-06-17T02:16:42.297+0000] {processor.py:179} INFO - Processing /home/airflow/.local/lib/python3.7/site-packages/airflow/example_dags/example_sensors.py took 0.244 seconds
[2023-06-17T02:17:26.487+0000] {processor.py:157} INFO - Started process (PID=101) to work on /home/airflow/.local/lib/python3.7/site-packages/airflow/example_dags/example_sensors.py
[2023-06-17T02:17:27.213+0000] {processor.py:826} INFO - Processing file /home/airflow/.local/lib/python3.7/site-packages/airflow/example_dags/example_sensors.py for tasks to queue
[2023-06-17T02:17:27.215+0000] {logging_mixin.py:149} INFO - [2023-06-17T02:17:27.215+0000] {dagbag.py:541} INFO - Filling up the DagBag from /home/airflow/.local/lib/python3.7/site-packages/airflow/example_dags/example_sensors.py
[2023-06-17T02:17:27.667+0000] {processor.py:836} INFO - DAG(s) dict_keys(['example_sensors']) retrieved from /home/airflow/.local/lib/python3.7/site-packages/airflow/example_dags/example_sensors.py
[2023-06-17T02:17:27.707+0000] {logging_mixin.py:149} INFO - [2023-06-17T02:17:27.706+0000] {dag.py:2726} INFO - Sync 1 DAGs
[2023-06-17T02:17:27.733+0000] {logging_mixin.py:149} INFO - [2023-06-17T02:17:27.733+0000] {dag.py:3490} INFO - Setting next_dagrun for example_sensors to None, run_after=None
[2023-06-17T02:17:28.245+0000] {processor.py:179} INFO - Processing /home/airflow/.local/lib/python3.7/site-packages/airflow/example_dags/example_sensors.py took 1.768 seconds
[2023-06-17T02:18:16.938+0000] {processor.py:157} INFO - Started process (PID=164) to work on /home/airflow/.local/lib/python3.7/site-packages/airflow/example_dags/example_sensors.py
[2023-06-17T02:18:16.945+0000] {processor.py:826} INFO - Processing file /home/airflow/.local/lib/python3.7/site-packages/airflow/example_dags/example_sensors.py for tasks to queue
[2023-06-17T02:18:16.946+0000] {logging_mixin.py:149} INFO - [2023-06-17T02:18:16.946+0000] {dagbag.py:541} INFO - Filling up the DagBag from /home/airflow/.local/lib/python3.7/site-packages/airflow/example_dags/example_sensors.py
[2023-06-17T02:18:16.954+0000] {processor.py:836} INFO - DAG(s) dict_keys(['example_sensors']) retrieved from /home/airflow/.local/lib/python3.7/site-packages/airflow/example_dags/example_sensors.py
[2023-06-17T02:18:16.980+0000] {logging_mixin.py:149} INFO - [2023-06-17T02:18:16.980+0000] {dag.py:2726} INFO - Sync 1 DAGs
[2023-06-17T02:18:17.006+0000] {logging_mixin.py:149} INFO - [2023-06-17T02:18:17.006+0000] {dag.py:3490} INFO - Setting next_dagrun for example_sensors to None, run_after=None
[2023-06-17T02:18:17.184+0000] {processor.py:179} INFO - Processing /home/airflow/.local/lib/python3.7/site-packages/airflow/example_dags/example_sensors.py took 0.249 seconds
[2023-06-17T02:18:47.992+0000] {processor.py:157} INFO - Started process (PID=211) to work on /home/airflow/.local/lib/python3.7/site-packages/airflow/example_dags/example_sensors.py
[2023-06-17T02:18:48.018+0000] {processor.py:826} INFO - Processing file /home/airflow/.local/lib/python3.7/site-packages/airflow/example_dags/example_sensors.py for tasks to queue
[2023-06-17T02:18:48.019+0000] {logging_mixin.py:149} INFO - [2023-06-17T02:18:48.019+0000] {dagbag.py:541} INFO - Filling up the DagBag from /home/airflow/.local/lib/python3.7/site-packages/airflow/example_dags/example_sensors.py
[2023-06-17T02:18:48.030+0000] {processor.py:836} INFO - DAG(s) dict_keys(['example_sensors']) retrieved from /home/airflow/.local/lib/python3.7/site-packages/airflow/example_dags/example_sensors.py
[2023-06-17T02:18:48.066+0000] {logging_mixin.py:149} INFO - [2023-06-17T02:18:48.065+0000] {dag.py:2726} INFO - Sync 1 DAGs
[2023-06-17T02:18:48.091+0000] {logging_mixin.py:149} INFO - [2023-06-17T02:18:48.091+0000] {dag.py:3490} INFO - Setting next_dagrun for example_sensors to None, run_after=None
[2023-06-17T02:18:48.334+0000] {processor.py:179} INFO - Processing /home/airflow/.local/lib/python3.7/site-packages/airflow/example_dags/example_sensors.py took 0.347 seconds
[2023-06-17T02:19:19.741+0000] {processor.py:157} INFO - Started process (PID=264) to work on /home/airflow/.local/lib/python3.7/site-packages/airflow/example_dags/example_sensors.py
[2023-06-17T02:19:19.758+0000] {processor.py:826} INFO - Processing file /home/airflow/.local/lib/python3.7/site-packages/airflow/example_dags/example_sensors.py for tasks to queue
[2023-06-17T02:19:19.759+0000] {logging_mixin.py:149} INFO - [2023-06-17T02:19:19.759+0000] {dagbag.py:541} INFO - Filling up the DagBag from /home/airflow/.local/lib/python3.7/site-packages/airflow/example_dags/example_sensors.py
[2023-06-17T02:19:19.797+0000] {processor.py:836} INFO - DAG(s) dict_keys(['example_sensors']) retrieved from /home/airflow/.local/lib/python3.7/site-packages/airflow/example_dags/example_sensors.py
[2023-06-17T02:19:19.840+0000] {logging_mixin.py:149} INFO - [2023-06-17T02:19:19.840+0000] {dag.py:2726} INFO - Sync 1 DAGs
[2023-06-17T02:19:19.874+0000] {logging_mixin.py:149} INFO - [2023-06-17T02:19:19.874+0000] {dag.py:3490} INFO - Setting next_dagrun for example_sensors to None, run_after=None
[2023-06-17T02:19:20.045+0000] {processor.py:179} INFO - Processing /home/airflow/.local/lib/python3.7/site-packages/airflow/example_dags/example_sensors.py took 0.307 seconds
[2023-06-17T02:19:50.484+0000] {processor.py:157} INFO - Started process (PID=321) to work on /home/airflow/.local/lib/python3.7/site-packages/airflow/example_dags/example_sensors.py
[2023-06-17T02:19:50.611+0000] {processor.py:826} INFO - Processing file /home/airflow/.local/lib/python3.7/site-packages/airflow/example_dags/example_sensors.py for tasks to queue
[2023-06-17T02:19:50.614+0000] {logging_mixin.py:149} INFO - [2023-06-17T02:19:50.613+0000] {dagbag.py:541} INFO - Filling up the DagBag from /home/airflow/.local/lib/python3.7/site-packages/airflow/example_dags/example_sensors.py
[2023-06-17T02:19:50.650+0000] {processor.py:836} INFO - DAG(s) dict_keys(['example_sensors']) retrieved from /home/airflow/.local/lib/python3.7/site-packages/airflow/example_dags/example_sensors.py
[2023-06-17T02:19:50.683+0000] {logging_mixin.py:149} INFO - [2023-06-17T02:19:50.682+0000] {dag.py:2726} INFO - Sync 1 DAGs
[2023-06-17T02:19:50.708+0000] {logging_mixin.py:149} INFO - [2023-06-17T02:19:50.708+0000] {dag.py:3490} INFO - Setting next_dagrun for example_sensors to None, run_after=None
[2023-06-17T02:19:50.955+0000] {processor.py:179} INFO - Processing /home/airflow/.local/lib/python3.7/site-packages/airflow/example_dags/example_sensors.py took 0.475 seconds
[2023-06-17T02:20:22.918+0000] {processor.py:157} INFO - Started process (PID=380) to work on /home/airflow/.local/lib/python3.7/site-packages/airflow/example_dags/example_sensors.py
[2023-06-17T02:20:23.685+0000] {processor.py:826} INFO - Processing file /home/airflow/.local/lib/python3.7/site-packages/airflow/example_dags/example_sensors.py for tasks to queue
[2023-06-17T02:20:23.721+0000] {logging_mixin.py:149} INFO - [2023-06-17T02:20:23.721+0000] {dagbag.py:541} INFO - Filling up the DagBag from /home/airflow/.local/lib/python3.7/site-packages/airflow/example_dags/example_sensors.py
[2023-06-17T02:20:23.731+0000] {processor.py:836} INFO - DAG(s) dict_keys(['example_sensors']) retrieved from /home/airflow/.local/lib/python3.7/site-packages/airflow/example_dags/example_sensors.py
[2023-06-17T02:20:23.762+0000] {logging_mixin.py:149} INFO - [2023-06-17T02:20:23.762+0000] {dag.py:2726} INFO - Sync 1 DAGs
[2023-06-17T02:20:23.808+0000] {logging_mixin.py:149} INFO - [2023-06-17T02:20:23.808+0000] {dag.py:3490} INFO - Setting next_dagrun for example_sensors to None, run_after=None
[2023-06-17T02:20:24.341+0000] {processor.py:179} INFO - Processing /home/airflow/.local/lib/python3.7/site-packages/airflow/example_dags/example_sensors.py took 1.426 seconds
[2023-06-17T02:20:54.826+0000] {processor.py:157} INFO - Started process (PID=436) to work on /home/airflow/.local/lib/python3.7/site-packages/airflow/example_dags/example_sensors.py
[2023-06-17T02:20:55.033+0000] {processor.py:826} INFO - Processing file /home/airflow/.local/lib/python3.7/site-packages/airflow/example_dags/example_sensors.py for tasks to queue
[2023-06-17T02:20:55.034+0000] {logging_mixin.py:149} INFO - [2023-06-17T02:20:55.033+0000] {dagbag.py:541} INFO - Filling up the DagBag from /home/airflow/.local/lib/python3.7/site-packages/airflow/example_dags/example_sensors.py
[2023-06-17T02:20:55.042+0000] {processor.py:836} INFO - DAG(s) dict_keys(['example_sensors']) retrieved from /home/airflow/.local/lib/python3.7/site-packages/airflow/example_dags/example_sensors.py
[2023-06-17T02:20:55.067+0000] {logging_mixin.py:149} INFO - [2023-06-17T02:20:55.067+0000] {dag.py:2726} INFO - Sync 1 DAGs
[2023-06-17T02:20:55.094+0000] {logging_mixin.py:149} INFO - [2023-06-17T02:20:55.094+0000] {dag.py:3490} INFO - Setting next_dagrun for example_sensors to None, run_after=None
[2023-06-17T02:20:55.285+0000] {processor.py:179} INFO - Processing /home/airflow/.local/lib/python3.7/site-packages/airflow/example_dags/example_sensors.py took 0.465 seconds
[2023-06-17T02:21:26.160+0000] {processor.py:157} INFO - Started process (PID=489) to work on /home/airflow/.local/lib/python3.7/site-packages/airflow/example_dags/example_sensors.py
[2023-06-17T02:21:26.182+0000] {processor.py:826} INFO - Processing file /home/airflow/.local/lib/python3.7/site-packages/airflow/example_dags/example_sensors.py for tasks to queue
[2023-06-17T02:21:26.183+0000] {logging_mixin.py:149} INFO - [2023-06-17T02:21:26.182+0000] {dagbag.py:541} INFO - Filling up the DagBag from /home/airflow/.local/lib/python3.7/site-packages/airflow/example_dags/example_sensors.py
[2023-06-17T02:21:26.240+0000] {processor.py:836} INFO - DAG(s) dict_keys(['example_sensors']) retrieved from /home/airflow/.local/lib/python3.7/site-packages/airflow/example_dags/example_sensors.py
[2023-06-17T02:21:26.281+0000] {logging_mixin.py:149} INFO - [2023-06-17T02:21:26.281+0000] {dag.py:2726} INFO - Sync 1 DAGs
[2023-06-17T02:21:26.321+0000] {logging_mixin.py:149} INFO - [2023-06-17T02:21:26.320+0000] {dag.py:3490} INFO - Setting next_dagrun for example_sensors to None, run_after=None
[2023-06-17T02:21:26.359+0000] {processor.py:179} INFO - Processing /home/airflow/.local/lib/python3.7/site-packages/airflow/example_dags/example_sensors.py took 0.202 seconds
[2023-06-17T02:21:56.800+0000] {processor.py:157} INFO - Started process (PID=550) to work on /home/airflow/.local/lib/python3.7/site-packages/airflow/example_dags/example_sensors.py
[2023-06-17T02:21:56.893+0000] {processor.py:826} INFO - Processing file /home/airflow/.local/lib/python3.7/site-packages/airflow/example_dags/example_sensors.py for tasks to queue
[2023-06-17T02:21:56.895+0000] {logging_mixin.py:149} INFO - [2023-06-17T02:21:56.895+0000] {dagbag.py:541} INFO - Filling up the DagBag from /home/airflow/.local/lib/python3.7/site-packages/airflow/example_dags/example_sensors.py
[2023-06-17T02:21:56.921+0000] {processor.py:836} INFO - DAG(s) dict_keys(['example_sensors']) retrieved from /home/airflow/.local/lib/python3.7/site-packages/airflow/example_dags/example_sensors.py
[2023-06-17T02:21:56.954+0000] {logging_mixin.py:149} INFO - [2023-06-17T02:21:56.954+0000] {dag.py:2726} INFO - Sync 1 DAGs
[2023-06-17T02:21:56.980+0000] {logging_mixin.py:149} INFO - [2023-06-17T02:21:56.980+0000] {dag.py:3490} INFO - Setting next_dagrun for example_sensors to None, run_after=None
[2023-06-17T02:21:57.195+0000] {processor.py:179} INFO - Processing /home/airflow/.local/lib/python3.7/site-packages/airflow/example_dags/example_sensors.py took 0.399 seconds
[2023-06-17T02:22:27.399+0000] {processor.py:157} INFO - Started process (PID=602) to work on /home/airflow/.local/lib/python3.7/site-packages/airflow/example_dags/example_sensors.py
[2023-06-17T02:22:28.122+0000] {processor.py:826} INFO - Processing file /home/airflow/.local/lib/python3.7/site-packages/airflow/example_dags/example_sensors.py for tasks to queue
[2023-06-17T02:22:28.123+0000] {logging_mixin.py:149} INFO - [2023-06-17T02:22:28.122+0000] {dagbag.py:541} INFO - Filling up the DagBag from /home/airflow/.local/lib/python3.7/site-packages/airflow/example_dags/example_sensors.py
[2023-06-17T02:22:28.134+0000] {processor.py:836} INFO - DAG(s) dict_keys(['example_sensors']) retrieved from /home/airflow/.local/lib/python3.7/site-packages/airflow/example_dags/example_sensors.py
[2023-06-17T02:22:28.178+0000] {logging_mixin.py:149} INFO - [2023-06-17T02:22:28.177+0000] {dag.py:2726} INFO - Sync 1 DAGs
[2023-06-17T02:22:28.225+0000] {logging_mixin.py:149} INFO - [2023-06-17T02:22:28.224+0000] {dag.py:3490} INFO - Setting next_dagrun for example_sensors to None, run_after=None
[2023-06-17T02:22:28.589+0000] {processor.py:179} INFO - Processing /home/airflow/.local/lib/python3.7/site-packages/airflow/example_dags/example_sensors.py took 1.194 seconds
[2023-06-17T02:23:18.291+0000] {processor.py:157} INFO - Started process (PID=670) to work on /home/airflow/.local/lib/python3.7/site-packages/airflow/example_dags/example_sensors.py
[2023-06-17T02:23:18.402+0000] {processor.py:826} INFO - Processing file /home/airflow/.local/lib/python3.7/site-packages/airflow/example_dags/example_sensors.py for tasks to queue
[2023-06-17T02:23:18.403+0000] {logging_mixin.py:149} INFO - [2023-06-17T02:23:18.403+0000] {dagbag.py:541} INFO - Filling up the DagBag from /home/airflow/.local/lib/python3.7/site-packages/airflow/example_dags/example_sensors.py
[2023-06-17T02:23:18.415+0000] {processor.py:836} INFO - DAG(s) dict_keys(['example_sensors']) retrieved from /home/airflow/.local/lib/python3.7/site-packages/airflow/example_dags/example_sensors.py
[2023-06-17T02:23:18.449+0000] {logging_mixin.py:149} INFO - [2023-06-17T02:23:18.449+0000] {dag.py:2726} INFO - Sync 1 DAGs
[2023-06-17T02:23:18.478+0000] {logging_mixin.py:149} INFO - [2023-06-17T02:23:18.478+0000] {dag.py:3490} INFO - Setting next_dagrun for example_sensors to None, run_after=None
[2023-06-17T02:23:18.552+0000] {processor.py:179} INFO - Processing /home/airflow/.local/lib/python3.7/site-packages/airflow/example_dags/example_sensors.py took 0.264 seconds
[2023-06-17T02:23:48.755+0000] {processor.py:157} INFO - Started process (PID=731) to work on /home/airflow/.local/lib/python3.7/site-packages/airflow/example_dags/example_sensors.py
[2023-06-17T02:23:48.756+0000] {processor.py:826} INFO - Processing file /home/airflow/.local/lib/python3.7/site-packages/airflow/example_dags/example_sensors.py for tasks to queue
[2023-06-17T02:23:48.756+0000] {logging_mixin.py:149} INFO - [2023-06-17T02:23:48.756+0000] {dagbag.py:541} INFO - Filling up the DagBag from /home/airflow/.local/lib/python3.7/site-packages/airflow/example_dags/example_sensors.py
[2023-06-17T02:23:48.765+0000] {processor.py:836} INFO - DAG(s) dict_keys(['example_sensors']) retrieved from /home/airflow/.local/lib/python3.7/site-packages/airflow/example_dags/example_sensors.py
[2023-06-17T02:23:48.796+0000] {logging_mixin.py:149} INFO - [2023-06-17T02:23:48.796+0000] {dag.py:2726} INFO - Sync 1 DAGs
[2023-06-17T02:23:48.823+0000] {logging_mixin.py:149} INFO - [2023-06-17T02:23:48.823+0000] {dag.py:3490} INFO - Setting next_dagrun for example_sensors to None, run_after=None
[2023-06-17T02:23:48.940+0000] {processor.py:179} INFO - Processing /home/airflow/.local/lib/python3.7/site-packages/airflow/example_dags/example_sensors.py took 0.187 seconds
[2023-06-17T02:24:20.168+0000] {processor.py:157} INFO - Started process (PID=792) to work on /home/airflow/.local/lib/python3.7/site-packages/airflow/example_dags/example_sensors.py
[2023-06-17T02:24:20.174+0000] {processor.py:826} INFO - Processing file /home/airflow/.local/lib/python3.7/site-packages/airflow/example_dags/example_sensors.py for tasks to queue
[2023-06-17T02:24:20.175+0000] {logging_mixin.py:149} INFO - [2023-06-17T02:24:20.174+0000] {dagbag.py:541} INFO - Filling up the DagBag from /home/airflow/.local/lib/python3.7/site-packages/airflow/example_dags/example_sensors.py
[2023-06-17T02:24:20.188+0000] {processor.py:836} INFO - DAG(s) dict_keys(['example_sensors']) retrieved from /home/airflow/.local/lib/python3.7/site-packages/airflow/example_dags/example_sensors.py
[2023-06-17T02:24:20.227+0000] {logging_mixin.py:149} INFO - [2023-06-17T02:24:20.227+0000] {dag.py:2726} INFO - Sync 1 DAGs
[2023-06-17T02:24:20.268+0000] {logging_mixin.py:149} INFO - [2023-06-17T02:24:20.268+0000] {dag.py:3490} INFO - Setting next_dagrun for example_sensors to None, run_after=None
[2023-06-17T02:24:20.314+0000] {processor.py:179} INFO - Processing /home/airflow/.local/lib/python3.7/site-packages/airflow/example_dags/example_sensors.py took 0.151 seconds
[2023-06-17T02:24:52.329+0000] {processor.py:157} INFO - Started process (PID=845) to work on /home/airflow/.local/lib/python3.7/site-packages/airflow/example_dags/example_sensors.py
[2023-06-17T02:24:52.342+0000] {processor.py:826} INFO - Processing file /home/airflow/.local/lib/python3.7/site-packages/airflow/example_dags/example_sensors.py for tasks to queue
[2023-06-17T02:24:52.344+0000] {logging_mixin.py:149} INFO - [2023-06-17T02:24:52.344+0000] {dagbag.py:541} INFO - Filling up the DagBag from /home/airflow/.local/lib/python3.7/site-packages/airflow/example_dags/example_sensors.py
[2023-06-17T02:24:52.369+0000] {processor.py:836} INFO - DAG(s) dict_keys(['example_sensors']) retrieved from /home/airflow/.local/lib/python3.7/site-packages/airflow/example_dags/example_sensors.py
[2023-06-17T02:24:52.400+0000] {logging_mixin.py:149} INFO - [2023-06-17T02:24:52.400+0000] {dag.py:2726} INFO - Sync 1 DAGs
[2023-06-17T02:24:52.426+0000] {logging_mixin.py:149} INFO - [2023-06-17T02:24:52.426+0000] {dag.py:3490} INFO - Setting next_dagrun for example_sensors to None, run_after=None
[2023-06-17T02:24:52.470+0000] {processor.py:179} INFO - Processing /home/airflow/.local/lib/python3.7/site-packages/airflow/example_dags/example_sensors.py took 0.146 seconds
[2023-06-17T02:25:28.371+0000] {processor.py:157} INFO - Started process (PID=897) to work on /home/airflow/.local/lib/python3.7/site-packages/airflow/example_dags/example_sensors.py
[2023-06-17T02:25:28.392+0000] {processor.py:826} INFO - Processing file /home/airflow/.local/lib/python3.7/site-packages/airflow/example_dags/example_sensors.py for tasks to queue
[2023-06-17T02:25:28.393+0000] {logging_mixin.py:149} INFO - [2023-06-17T02:25:28.393+0000] {dagbag.py:541} INFO - Filling up the DagBag from /home/airflow/.local/lib/python3.7/site-packages/airflow/example_dags/example_sensors.py
[2023-06-17T02:25:28.401+0000] {processor.py:836} INFO - DAG(s) dict_keys(['example_sensors']) retrieved from /home/airflow/.local/lib/python3.7/site-packages/airflow/example_dags/example_sensors.py
[2023-06-17T02:25:28.428+0000] {logging_mixin.py:149} INFO - [2023-06-17T02:25:28.428+0000] {dag.py:2726} INFO - Sync 1 DAGs
[2023-06-17T02:25:28.453+0000] {logging_mixin.py:149} INFO - [2023-06-17T02:25:28.453+0000] {dag.py:3490} INFO - Setting next_dagrun for example_sensors to None, run_after=None
[2023-06-17T02:25:28.586+0000] {processor.py:179} INFO - Processing /home/airflow/.local/lib/python3.7/site-packages/airflow/example_dags/example_sensors.py took 0.218 seconds
[2023-06-17T02:25:58.634+0000] {processor.py:157} INFO - Started process (PID=958) to work on /home/airflow/.local/lib/python3.7/site-packages/airflow/example_dags/example_sensors.py
[2023-06-17T02:25:58.653+0000] {processor.py:826} INFO - Processing file /home/airflow/.local/lib/python3.7/site-packages/airflow/example_dags/example_sensors.py for tasks to queue
[2023-06-17T02:25:58.654+0000] {logging_mixin.py:149} INFO - [2023-06-17T02:25:58.654+0000] {dagbag.py:541} INFO - Filling up the DagBag from /home/airflow/.local/lib/python3.7/site-packages/airflow/example_dags/example_sensors.py
[2023-06-17T02:25:58.664+0000] {processor.py:836} INFO - DAG(s) dict_keys(['example_sensors']) retrieved from /home/airflow/.local/lib/python3.7/site-packages/airflow/example_dags/example_sensors.py
[2023-06-17T02:25:58.697+0000] {logging_mixin.py:149} INFO - [2023-06-17T02:25:58.697+0000] {dag.py:2726} INFO - Sync 1 DAGs
[2023-06-17T02:25:58.731+0000] {logging_mixin.py:149} INFO - [2023-06-17T02:25:58.731+0000] {dag.py:3490} INFO - Setting next_dagrun for example_sensors to None, run_after=None
[2023-06-17T02:25:58.763+0000] {processor.py:179} INFO - Processing /home/airflow/.local/lib/python3.7/site-packages/airflow/example_dags/example_sensors.py took 0.132 seconds
[2023-06-17T02:26:30.284+0000] {processor.py:157} INFO - Started process (PID=1019) to work on /home/airflow/.local/lib/python3.7/site-packages/airflow/example_dags/example_sensors.py
[2023-06-17T02:26:30.385+0000] {processor.py:826} INFO - Processing file /home/airflow/.local/lib/python3.7/site-packages/airflow/example_dags/example_sensors.py for tasks to queue
[2023-06-17T02:26:30.386+0000] {logging_mixin.py:149} INFO - [2023-06-17T02:26:30.386+0000] {dagbag.py:541} INFO - Filling up the DagBag from /home/airflow/.local/lib/python3.7/site-packages/airflow/example_dags/example_sensors.py
[2023-06-17T02:26:30.396+0000] {processor.py:836} INFO - DAG(s) dict_keys(['example_sensors']) retrieved from /home/airflow/.local/lib/python3.7/site-packages/airflow/example_dags/example_sensors.py
[2023-06-17T02:26:30.428+0000] {logging_mixin.py:149} INFO - [2023-06-17T02:26:30.428+0000] {dag.py:2726} INFO - Sync 1 DAGs
[2023-06-17T02:26:30.468+0000] {logging_mixin.py:149} INFO - [2023-06-17T02:26:30.468+0000] {dag.py:3490} INFO - Setting next_dagrun for example_sensors to None, run_after=None
[2023-06-17T02:26:30.790+0000] {processor.py:179} INFO - Processing /home/airflow/.local/lib/python3.7/site-packages/airflow/example_dags/example_sensors.py took 0.509 seconds
[2023-06-17T02:27:13.444+0000] {processor.py:157} INFO - Started process (PID=1083) to work on /home/airflow/.local/lib/python3.7/site-packages/airflow/example_dags/example_sensors.py
[2023-06-17T02:27:13.482+0000] {processor.py:826} INFO - Processing file /home/airflow/.local/lib/python3.7/site-packages/airflow/example_dags/example_sensors.py for tasks to queue
[2023-06-17T02:27:13.483+0000] {logging_mixin.py:149} INFO - [2023-06-17T02:27:13.483+0000] {dagbag.py:541} INFO - Filling up the DagBag from /home/airflow/.local/lib/python3.7/site-packages/airflow/example_dags/example_sensors.py
[2023-06-17T02:27:13.559+0000] {processor.py:836} INFO - DAG(s) dict_keys(['example_sensors']) retrieved from /home/airflow/.local/lib/python3.7/site-packages/airflow/example_dags/example_sensors.py
[2023-06-17T02:27:13.595+0000] {logging_mixin.py:149} INFO - [2023-06-17T02:27:13.594+0000] {dag.py:2726} INFO - Sync 1 DAGs
[2023-06-17T02:27:13.620+0000] {logging_mixin.py:149} INFO - [2023-06-17T02:27:13.619+0000] {dag.py:3490} INFO - Setting next_dagrun for example_sensors to None, run_after=None
[2023-06-17T02:27:13.846+0000] {processor.py:179} INFO - Processing /home/airflow/.local/lib/python3.7/site-packages/airflow/example_dags/example_sensors.py took 0.412 seconds
[2023-06-17T02:27:45.544+0000] {processor.py:157} INFO - Started process (PID=1144) to work on /home/airflow/.local/lib/python3.7/site-packages/airflow/example_dags/example_sensors.py
[2023-06-17T02:27:45.558+0000] {processor.py:826} INFO - Processing file /home/airflow/.local/lib/python3.7/site-packages/airflow/example_dags/example_sensors.py for tasks to queue
[2023-06-17T02:27:45.559+0000] {logging_mixin.py:149} INFO - [2023-06-17T02:27:45.559+0000] {dagbag.py:541} INFO - Filling up the DagBag from /home/airflow/.local/lib/python3.7/site-packages/airflow/example_dags/example_sensors.py
[2023-06-17T02:27:45.569+0000] {processor.py:836} INFO - DAG(s) dict_keys(['example_sensors']) retrieved from /home/airflow/.local/lib/python3.7/site-packages/airflow/example_dags/example_sensors.py
[2023-06-17T02:27:45.596+0000] {logging_mixin.py:149} INFO - [2023-06-17T02:27:45.596+0000] {dag.py:2726} INFO - Sync 1 DAGs
[2023-06-17T02:27:45.625+0000] {logging_mixin.py:149} INFO - [2023-06-17T02:27:45.625+0000] {dag.py:3490} INFO - Setting next_dagrun for example_sensors to None, run_after=None
[2023-06-17T02:27:45.840+0000] {processor.py:179} INFO - Processing /home/airflow/.local/lib/python3.7/site-packages/airflow/example_dags/example_sensors.py took 0.299 seconds
[2023-06-17T02:28:16.823+0000] {processor.py:157} INFO - Started process (PID=1196) to work on /home/airflow/.local/lib/python3.7/site-packages/airflow/example_dags/example_sensors.py
[2023-06-17T02:28:16.823+0000] {processor.py:826} INFO - Processing file /home/airflow/.local/lib/python3.7/site-packages/airflow/example_dags/example_sensors.py for tasks to queue
[2023-06-17T02:28:16.824+0000] {logging_mixin.py:149} INFO - [2023-06-17T02:28:16.824+0000] {dagbag.py:541} INFO - Filling up the DagBag from /home/airflow/.local/lib/python3.7/site-packages/airflow/example_dags/example_sensors.py
[2023-06-17T02:28:16.833+0000] {processor.py:836} INFO - DAG(s) dict_keys(['example_sensors']) retrieved from /home/airflow/.local/lib/python3.7/site-packages/airflow/example_dags/example_sensors.py
[2023-06-17T02:28:16.861+0000] {logging_mixin.py:149} INFO - [2023-06-17T02:28:16.861+0000] {dag.py:2726} INFO - Sync 1 DAGs
[2023-06-17T02:28:16.891+0000] {logging_mixin.py:149} INFO - [2023-06-17T02:28:16.891+0000] {dag.py:3490} INFO - Setting next_dagrun for example_sensors to None, run_after=None
[2023-06-17T02:28:16.944+0000] {processor.py:179} INFO - Processing /home/airflow/.local/lib/python3.7/site-packages/airflow/example_dags/example_sensors.py took 0.124 seconds
[2023-06-17T02:28:47.705+0000] {processor.py:157} INFO - Started process (PID=1257) to work on /home/airflow/.local/lib/python3.7/site-packages/airflow/example_dags/example_sensors.py
[2023-06-17T02:28:47.731+0000] {processor.py:826} INFO - Processing file /home/airflow/.local/lib/python3.7/site-packages/airflow/example_dags/example_sensors.py for tasks to queue
[2023-06-17T02:28:47.731+0000] {logging_mixin.py:149} INFO - [2023-06-17T02:28:47.731+0000] {dagbag.py:541} INFO - Filling up the DagBag from /home/airflow/.local/lib/python3.7/site-packages/airflow/example_dags/example_sensors.py
[2023-06-17T02:28:47.771+0000] {processor.py:836} INFO - DAG(s) dict_keys(['example_sensors']) retrieved from /home/airflow/.local/lib/python3.7/site-packages/airflow/example_dags/example_sensors.py
[2023-06-17T02:28:47.799+0000] {logging_mixin.py:149} INFO - [2023-06-17T02:28:47.799+0000] {dag.py:2726} INFO - Sync 1 DAGs
[2023-06-17T02:28:47.828+0000] {logging_mixin.py:149} INFO - [2023-06-17T02:28:47.828+0000] {dag.py:3490} INFO - Setting next_dagrun for example_sensors to None, run_after=None
[2023-06-17T02:28:47.863+0000] {processor.py:179} INFO - Processing /home/airflow/.local/lib/python3.7/site-packages/airflow/example_dags/example_sensors.py took 0.161 seconds
[2023-06-17T02:29:18.254+0000] {processor.py:157} INFO - Started process (PID=1318) to work on /home/airflow/.local/lib/python3.7/site-packages/airflow/example_dags/example_sensors.py
[2023-06-17T02:29:18.369+0000] {processor.py:826} INFO - Processing file /home/airflow/.local/lib/python3.7/site-packages/airflow/example_dags/example_sensors.py for tasks to queue
[2023-06-17T02:29:18.371+0000] {logging_mixin.py:149} INFO - [2023-06-17T02:29:18.370+0000] {dagbag.py:541} INFO - Filling up the DagBag from /home/airflow/.local/lib/python3.7/site-packages/airflow/example_dags/example_sensors.py
[2023-06-17T02:29:18.389+0000] {processor.py:836} INFO - DAG(s) dict_keys(['example_sensors']) retrieved from /home/airflow/.local/lib/python3.7/site-packages/airflow/example_dags/example_sensors.py
[2023-06-17T02:29:18.419+0000] {logging_mixin.py:149} INFO - [2023-06-17T02:29:18.419+0000] {dag.py:2726} INFO - Sync 1 DAGs
[2023-06-17T02:29:18.446+0000] {logging_mixin.py:149} INFO - [2023-06-17T02:29:18.446+0000] {dag.py:3490} INFO - Setting next_dagrun for example_sensors to None, run_after=None
[2023-06-17T02:29:18.730+0000] {processor.py:179} INFO - Processing /home/airflow/.local/lib/python3.7/site-packages/airflow/example_dags/example_sensors.py took 0.478 seconds
[2023-06-17T02:31:46.965+0000] {processor.py:157} INFO - Started process (PID=1390) to work on /home/airflow/.local/lib/python3.7/site-packages/airflow/example_dags/example_sensors.py
[2023-06-17T02:31:47.031+0000] {processor.py:826} INFO - Processing file /home/airflow/.local/lib/python3.7/site-packages/airflow/example_dags/example_sensors.py for tasks to queue
[2023-06-17T02:31:47.033+0000] {logging_mixin.py:149} INFO - [2023-06-17T02:31:47.033+0000] {dagbag.py:541} INFO - Filling up the DagBag from /home/airflow/.local/lib/python3.7/site-packages/airflow/example_dags/example_sensors.py
[2023-06-17T02:31:47.065+0000] {processor.py:836} INFO - DAG(s) dict_keys(['example_sensors']) retrieved from /home/airflow/.local/lib/python3.7/site-packages/airflow/example_dags/example_sensors.py
[2023-06-17T02:31:47.102+0000] {logging_mixin.py:149} INFO - [2023-06-17T02:31:47.102+0000] {dag.py:2726} INFO - Sync 1 DAGs
[2023-06-17T02:31:47.128+0000] {logging_mixin.py:149} INFO - [2023-06-17T02:31:47.128+0000] {dag.py:3490} INFO - Setting next_dagrun for example_sensors to None, run_after=None
[2023-06-17T02:31:47.369+0000] {processor.py:179} INFO - Processing /home/airflow/.local/lib/python3.7/site-packages/airflow/example_dags/example_sensors.py took 0.407 seconds
[2023-06-17T02:32:36.347+0000] {processor.py:157} INFO - Started process (PID=1454) to work on /home/airflow/.local/lib/python3.7/site-packages/airflow/example_dags/example_sensors.py
[2023-06-17T02:32:36.376+0000] {processor.py:826} INFO - Processing file /home/airflow/.local/lib/python3.7/site-packages/airflow/example_dags/example_sensors.py for tasks to queue
[2023-06-17T02:32:36.376+0000] {logging_mixin.py:149} INFO - [2023-06-17T02:32:36.376+0000] {dagbag.py:541} INFO - Filling up the DagBag from /home/airflow/.local/lib/python3.7/site-packages/airflow/example_dags/example_sensors.py
[2023-06-17T02:32:36.385+0000] {processor.py:836} INFO - DAG(s) dict_keys(['example_sensors']) retrieved from /home/airflow/.local/lib/python3.7/site-packages/airflow/example_dags/example_sensors.py
[2023-06-17T02:32:36.410+0000] {logging_mixin.py:149} INFO - [2023-06-17T02:32:36.410+0000] {dag.py:2726} INFO - Sync 1 DAGs
[2023-06-17T02:32:36.435+0000] {logging_mixin.py:149} INFO - [2023-06-17T02:32:36.435+0000] {dag.py:3490} INFO - Setting next_dagrun for example_sensors to None, run_after=None
[2023-06-17T02:32:36.610+0000] {processor.py:179} INFO - Processing /home/airflow/.local/lib/python3.7/site-packages/airflow/example_dags/example_sensors.py took 0.266 seconds
[2023-06-17T02:33:06.661+0000] {processor.py:157} INFO - Started process (PID=1507) to work on /home/airflow/.local/lib/python3.7/site-packages/airflow/example_dags/example_sensors.py
[2023-06-17T02:33:06.672+0000] {processor.py:826} INFO - Processing file /home/airflow/.local/lib/python3.7/site-packages/airflow/example_dags/example_sensors.py for tasks to queue
[2023-06-17T02:33:06.673+0000] {logging_mixin.py:149} INFO - [2023-06-17T02:33:06.673+0000] {dagbag.py:541} INFO - Filling up the DagBag from /home/airflow/.local/lib/python3.7/site-packages/airflow/example_dags/example_sensors.py
[2023-06-17T02:33:06.696+0000] {processor.py:836} INFO - DAG(s) dict_keys(['example_sensors']) retrieved from /home/airflow/.local/lib/python3.7/site-packages/airflow/example_dags/example_sensors.py
[2023-06-17T02:33:06.771+0000] {logging_mixin.py:149} INFO - [2023-06-17T02:33:06.770+0000] {dag.py:2726} INFO - Sync 1 DAGs
[2023-06-17T02:33:06.843+0000] {logging_mixin.py:149} INFO - [2023-06-17T02:33:06.843+0000] {dag.py:3490} INFO - Setting next_dagrun for example_sensors to None, run_after=None
[2023-06-17T02:33:06.913+0000] {processor.py:179} INFO - Processing /home/airflow/.local/lib/python3.7/site-packages/airflow/example_dags/example_sensors.py took 0.257 seconds
[2023-06-17T02:33:37.451+0000] {processor.py:157} INFO - Started process (PID=1568) to work on /home/airflow/.local/lib/python3.7/site-packages/airflow/example_dags/example_sensors.py
[2023-06-17T02:33:37.472+0000] {processor.py:826} INFO - Processing file /home/airflow/.local/lib/python3.7/site-packages/airflow/example_dags/example_sensors.py for tasks to queue
[2023-06-17T02:33:37.473+0000] {logging_mixin.py:149} INFO - [2023-06-17T02:33:37.473+0000] {dagbag.py:541} INFO - Filling up the DagBag from /home/airflow/.local/lib/python3.7/site-packages/airflow/example_dags/example_sensors.py
[2023-06-17T02:33:37.485+0000] {processor.py:836} INFO - DAG(s) dict_keys(['example_sensors']) retrieved from /home/airflow/.local/lib/python3.7/site-packages/airflow/example_dags/example_sensors.py
[2023-06-17T02:33:37.518+0000] {logging_mixin.py:149} INFO - [2023-06-17T02:33:37.518+0000] {dag.py:2726} INFO - Sync 1 DAGs
[2023-06-17T02:33:37.552+0000] {logging_mixin.py:149} INFO - [2023-06-17T02:33:37.552+0000] {dag.py:3490} INFO - Setting next_dagrun for example_sensors to None, run_after=None
[2023-06-17T02:33:37.610+0000] {processor.py:179} INFO - Processing /home/airflow/.local/lib/python3.7/site-packages/airflow/example_dags/example_sensors.py took 0.162 seconds
[2023-06-17T02:34:07.701+0000] {processor.py:157} INFO - Started process (PID=1620) to work on /home/airflow/.local/lib/python3.7/site-packages/airflow/example_dags/example_sensors.py
[2023-06-17T02:34:07.727+0000] {processor.py:826} INFO - Processing file /home/airflow/.local/lib/python3.7/site-packages/airflow/example_dags/example_sensors.py for tasks to queue
[2023-06-17T02:34:07.728+0000] {logging_mixin.py:149} INFO - [2023-06-17T02:34:07.728+0000] {dagbag.py:541} INFO - Filling up the DagBag from /home/airflow/.local/lib/python3.7/site-packages/airflow/example_dags/example_sensors.py
[2023-06-17T02:34:07.737+0000] {processor.py:836} INFO - DAG(s) dict_keys(['example_sensors']) retrieved from /home/airflow/.local/lib/python3.7/site-packages/airflow/example_dags/example_sensors.py
[2023-06-17T02:34:07.763+0000] {logging_mixin.py:149} INFO - [2023-06-17T02:34:07.763+0000] {dag.py:2726} INFO - Sync 1 DAGs
[2023-06-17T02:34:07.790+0000] {logging_mixin.py:149} INFO - [2023-06-17T02:34:07.790+0000] {dag.py:3490} INFO - Setting next_dagrun for example_sensors to None, run_after=None
[2023-06-17T02:34:07.893+0000] {processor.py:179} INFO - Processing /home/airflow/.local/lib/python3.7/site-packages/airflow/example_dags/example_sensors.py took 0.196 seconds
[2023-06-17T02:34:38.903+0000] {processor.py:157} INFO - Started process (PID=1681) to work on /home/airflow/.local/lib/python3.7/site-packages/airflow/example_dags/example_sensors.py
[2023-06-17T02:34:38.983+0000] {processor.py:826} INFO - Processing file /home/airflow/.local/lib/python3.7/site-packages/airflow/example_dags/example_sensors.py for tasks to queue
[2023-06-17T02:34:38.984+0000] {logging_mixin.py:149} INFO - [2023-06-17T02:34:38.984+0000] {dagbag.py:541} INFO - Filling up the DagBag from /home/airflow/.local/lib/python3.7/site-packages/airflow/example_dags/example_sensors.py
[2023-06-17T02:34:38.994+0000] {processor.py:836} INFO - DAG(s) dict_keys(['example_sensors']) retrieved from /home/airflow/.local/lib/python3.7/site-packages/airflow/example_dags/example_sensors.py
[2023-06-17T02:34:39.026+0000] {logging_mixin.py:149} INFO - [2023-06-17T02:34:39.025+0000] {dag.py:2726} INFO - Sync 1 DAGs
[2023-06-17T02:34:39.058+0000] {logging_mixin.py:149} INFO - [2023-06-17T02:34:39.058+0000] {dag.py:3490} INFO - Setting next_dagrun for example_sensors to None, run_after=None
[2023-06-17T02:34:39.086+0000] {processor.py:179} INFO - Processing /home/airflow/.local/lib/python3.7/site-packages/airflow/example_dags/example_sensors.py took 0.186 seconds
[2023-06-17T02:35:09.554+0000] {processor.py:157} INFO - Started process (PID=1741) to work on /home/airflow/.local/lib/python3.7/site-packages/airflow/example_dags/example_sensors.py
[2023-06-17T02:35:09.621+0000] {processor.py:826} INFO - Processing file /home/airflow/.local/lib/python3.7/site-packages/airflow/example_dags/example_sensors.py for tasks to queue
[2023-06-17T02:35:09.622+0000] {logging_mixin.py:149} INFO - [2023-06-17T02:35:09.622+0000] {dagbag.py:541} INFO - Filling up the DagBag from /home/airflow/.local/lib/python3.7/site-packages/airflow/example_dags/example_sensors.py
[2023-06-17T02:35:09.639+0000] {processor.py:836} INFO - DAG(s) dict_keys(['example_sensors']) retrieved from /home/airflow/.local/lib/python3.7/site-packages/airflow/example_dags/example_sensors.py
[2023-06-17T02:35:09.679+0000] {logging_mixin.py:149} INFO - [2023-06-17T02:35:09.679+0000] {dag.py:2726} INFO - Sync 1 DAGs
[2023-06-17T02:35:09.717+0000] {logging_mixin.py:149} INFO - [2023-06-17T02:35:09.717+0000] {dag.py:3490} INFO - Setting next_dagrun for example_sensors to None, run_after=None
[2023-06-17T02:35:09.753+0000] {processor.py:179} INFO - Processing /home/airflow/.local/lib/python3.7/site-packages/airflow/example_dags/example_sensors.py took 0.204 seconds
[2023-06-17T02:35:39.772+0000] {processor.py:157} INFO - Started process (PID=1802) to work on /home/airflow/.local/lib/python3.7/site-packages/airflow/example_dags/example_sensors.py
[2023-06-17T02:35:39.779+0000] {processor.py:826} INFO - Processing file /home/airflow/.local/lib/python3.7/site-packages/airflow/example_dags/example_sensors.py for tasks to queue
[2023-06-17T02:35:39.780+0000] {logging_mixin.py:149} INFO - [2023-06-17T02:35:39.780+0000] {dagbag.py:541} INFO - Filling up the DagBag from /home/airflow/.local/lib/python3.7/site-packages/airflow/example_dags/example_sensors.py
[2023-06-17T02:35:39.791+0000] {processor.py:836} INFO - DAG(s) dict_keys(['example_sensors']) retrieved from /home/airflow/.local/lib/python3.7/site-packages/airflow/example_dags/example_sensors.py
[2023-06-17T02:35:39.827+0000] {logging_mixin.py:149} INFO - [2023-06-17T02:35:39.826+0000] {dag.py:2726} INFO - Sync 1 DAGs
[2023-06-17T02:35:39.863+0000] {logging_mixin.py:149} INFO - [2023-06-17T02:35:39.863+0000] {dag.py:3490} INFO - Setting next_dagrun for example_sensors to None, run_after=None
[2023-06-17T02:35:39.897+0000] {processor.py:179} INFO - Processing /home/airflow/.local/lib/python3.7/site-packages/airflow/example_dags/example_sensors.py took 0.129 seconds
[2023-06-17T02:36:10.240+0000] {processor.py:157} INFO - Started process (PID=1863) to work on /home/airflow/.local/lib/python3.7/site-packages/airflow/example_dags/example_sensors.py
[2023-06-17T02:36:10.242+0000] {processor.py:826} INFO - Processing file /home/airflow/.local/lib/python3.7/site-packages/airflow/example_dags/example_sensors.py for tasks to queue
[2023-06-17T02:36:10.243+0000] {logging_mixin.py:149} INFO - [2023-06-17T02:36:10.243+0000] {dagbag.py:541} INFO - Filling up the DagBag from /home/airflow/.local/lib/python3.7/site-packages/airflow/example_dags/example_sensors.py
[2023-06-17T02:36:10.253+0000] {processor.py:836} INFO - DAG(s) dict_keys(['example_sensors']) retrieved from /home/airflow/.local/lib/python3.7/site-packages/airflow/example_dags/example_sensors.py
[2023-06-17T02:36:10.289+0000] {logging_mixin.py:149} INFO - [2023-06-17T02:36:10.289+0000] {dag.py:2726} INFO - Sync 1 DAGs
[2023-06-17T02:36:10.325+0000] {logging_mixin.py:149} INFO - [2023-06-17T02:36:10.324+0000] {dag.py:3490} INFO - Setting next_dagrun for example_sensors to None, run_after=None
[2023-06-17T02:36:10.354+0000] {processor.py:179} INFO - Processing /home/airflow/.local/lib/python3.7/site-packages/airflow/example_dags/example_sensors.py took 0.117 seconds
[2023-06-17T02:36:40.658+0000] {processor.py:157} INFO - Started process (PID=1924) to work on /home/airflow/.local/lib/python3.7/site-packages/airflow/example_dags/example_sensors.py
[2023-06-17T02:36:40.715+0000] {processor.py:826} INFO - Processing file /home/airflow/.local/lib/python3.7/site-packages/airflow/example_dags/example_sensors.py for tasks to queue
[2023-06-17T02:36:40.715+0000] {logging_mixin.py:149} INFO - [2023-06-17T02:36:40.715+0000] {dagbag.py:541} INFO - Filling up the DagBag from /home/airflow/.local/lib/python3.7/site-packages/airflow/example_dags/example_sensors.py
[2023-06-17T02:36:40.728+0000] {processor.py:836} INFO - DAG(s) dict_keys(['example_sensors']) retrieved from /home/airflow/.local/lib/python3.7/site-packages/airflow/example_dags/example_sensors.py
[2023-06-17T02:36:40.766+0000] {logging_mixin.py:149} INFO - [2023-06-17T02:36:40.766+0000] {dag.py:2726} INFO - Sync 1 DAGs
[2023-06-17T02:36:40.793+0000] {logging_mixin.py:149} INFO - [2023-06-17T02:36:40.793+0000] {dag.py:3490} INFO - Setting next_dagrun for example_sensors to None, run_after=None
[2023-06-17T02:36:40.917+0000] {processor.py:179} INFO - Processing /home/airflow/.local/lib/python3.7/site-packages/airflow/example_dags/example_sensors.py took 0.261 seconds
[2023-06-17T02:37:11.215+0000] {processor.py:157} INFO - Started process (PID=1985) to work on /home/airflow/.local/lib/python3.7/site-packages/airflow/example_dags/example_sensors.py
[2023-06-17T02:37:11.234+0000] {processor.py:826} INFO - Processing file /home/airflow/.local/lib/python3.7/site-packages/airflow/example_dags/example_sensors.py for tasks to queue
[2023-06-17T02:37:11.234+0000] {logging_mixin.py:149} INFO - [2023-06-17T02:37:11.234+0000] {dagbag.py:541} INFO - Filling up the DagBag from /home/airflow/.local/lib/python3.7/site-packages/airflow/example_dags/example_sensors.py
[2023-06-17T02:37:11.246+0000] {processor.py:836} INFO - DAG(s) dict_keys(['example_sensors']) retrieved from /home/airflow/.local/lib/python3.7/site-packages/airflow/example_dags/example_sensors.py
[2023-06-17T02:37:11.281+0000] {logging_mixin.py:149} INFO - [2023-06-17T02:37:11.281+0000] {dag.py:2726} INFO - Sync 1 DAGs
[2023-06-17T02:37:11.317+0000] {logging_mixin.py:149} INFO - [2023-06-17T02:37:11.316+0000] {dag.py:3490} INFO - Setting next_dagrun for example_sensors to None, run_after=None
[2023-06-17T02:37:11.350+0000] {processor.py:179} INFO - Processing /home/airflow/.local/lib/python3.7/site-packages/airflow/example_dags/example_sensors.py took 0.138 seconds
[2023-06-17T02:37:42.286+0000] {processor.py:157} INFO - Started process (PID=2046) to work on /home/airflow/.local/lib/python3.7/site-packages/airflow/example_dags/example_sensors.py
[2023-06-17T02:37:42.441+0000] {processor.py:826} INFO - Processing file /home/airflow/.local/lib/python3.7/site-packages/airflow/example_dags/example_sensors.py for tasks to queue
[2023-06-17T02:37:42.443+0000] {logging_mixin.py:149} INFO - [2023-06-17T02:37:42.443+0000] {dagbag.py:541} INFO - Filling up the DagBag from /home/airflow/.local/lib/python3.7/site-packages/airflow/example_dags/example_sensors.py
[2023-06-17T02:37:42.475+0000] {processor.py:836} INFO - DAG(s) dict_keys(['example_sensors']) retrieved from /home/airflow/.local/lib/python3.7/site-packages/airflow/example_dags/example_sensors.py
[2023-06-17T02:37:42.509+0000] {logging_mixin.py:149} INFO - [2023-06-17T02:37:42.509+0000] {dag.py:2726} INFO - Sync 1 DAGs
[2023-06-17T02:37:42.534+0000] {logging_mixin.py:149} INFO - [2023-06-17T02:37:42.534+0000] {dag.py:3490} INFO - Setting next_dagrun for example_sensors to None, run_after=None
[2023-06-17T02:37:42.838+0000] {processor.py:179} INFO - Processing /home/airflow/.local/lib/python3.7/site-packages/airflow/example_dags/example_sensors.py took 0.556 seconds
[2023-06-17T02:38:13.184+0000] {processor.py:157} INFO - Started process (PID=2107) to work on /home/airflow/.local/lib/python3.7/site-packages/airflow/example_dags/example_sensors.py
[2023-06-17T02:38:13.221+0000] {processor.py:826} INFO - Processing file /home/airflow/.local/lib/python3.7/site-packages/airflow/example_dags/example_sensors.py for tasks to queue
[2023-06-17T02:38:13.222+0000] {logging_mixin.py:149} INFO - [2023-06-17T02:38:13.221+0000] {dagbag.py:541} INFO - Filling up the DagBag from /home/airflow/.local/lib/python3.7/site-packages/airflow/example_dags/example_sensors.py
[2023-06-17T02:38:13.231+0000] {processor.py:836} INFO - DAG(s) dict_keys(['example_sensors']) retrieved from /home/airflow/.local/lib/python3.7/site-packages/airflow/example_dags/example_sensors.py
[2023-06-17T02:38:13.260+0000] {logging_mixin.py:149} INFO - [2023-06-17T02:38:13.260+0000] {dag.py:2726} INFO - Sync 1 DAGs
[2023-06-17T02:38:13.291+0000] {logging_mixin.py:149} INFO - [2023-06-17T02:38:13.291+0000] {dag.py:3490} INFO - Setting next_dagrun for example_sensors to None, run_after=None
[2023-06-17T02:38:13.531+0000] {processor.py:179} INFO - Processing /home/airflow/.local/lib/python3.7/site-packages/airflow/example_dags/example_sensors.py took 0.349 seconds
[2023-06-17T03:24:48.270+0000] {processor.py:157} INFO - Started process (PID=2120) to work on /home/airflow/.local/lib/python3.7/site-packages/airflow/example_dags/example_sensors.py
[2023-06-17T03:24:48.558+0000] {processor.py:826} INFO - Processing file /home/airflow/.local/lib/python3.7/site-packages/airflow/example_dags/example_sensors.py for tasks to queue
[2023-06-17T03:24:48.560+0000] {logging_mixin.py:149} INFO - [2023-06-17T03:24:48.559+0000] {dagbag.py:541} INFO - Filling up the DagBag from /home/airflow/.local/lib/python3.7/site-packages/airflow/example_dags/example_sensors.py
[2023-06-17T03:24:48.568+0000] {processor.py:836} INFO - DAG(s) dict_keys(['example_sensors']) retrieved from /home/airflow/.local/lib/python3.7/site-packages/airflow/example_dags/example_sensors.py
[2023-06-17T03:24:48.595+0000] {logging_mixin.py:149} INFO - [2023-06-17T03:24:48.594+0000] {dag.py:2726} INFO - Sync 1 DAGs
[2023-06-17T03:24:48.620+0000] {logging_mixin.py:149} INFO - [2023-06-17T03:24:48.620+0000] {dag.py:3490} INFO - Setting next_dagrun for example_sensors to None, run_after=None
[2023-06-17T03:24:49.092+0000] {processor.py:179} INFO - Processing /home/airflow/.local/lib/python3.7/site-packages/airflow/example_dags/example_sensors.py took 0.824 seconds
[2023-06-17T03:25:19.625+0000] {processor.py:157} INFO - Started process (PID=2181) to work on /home/airflow/.local/lib/python3.7/site-packages/airflow/example_dags/example_sensors.py
[2023-06-17T03:25:19.640+0000] {processor.py:826} INFO - Processing file /home/airflow/.local/lib/python3.7/site-packages/airflow/example_dags/example_sensors.py for tasks to queue
[2023-06-17T03:25:19.641+0000] {logging_mixin.py:149} INFO - [2023-06-17T03:25:19.641+0000] {dagbag.py:541} INFO - Filling up the DagBag from /home/airflow/.local/lib/python3.7/site-packages/airflow/example_dags/example_sensors.py
[2023-06-17T03:25:19.658+0000] {processor.py:836} INFO - DAG(s) dict_keys(['example_sensors']) retrieved from /home/airflow/.local/lib/python3.7/site-packages/airflow/example_dags/example_sensors.py
[2023-06-17T03:25:19.725+0000] {logging_mixin.py:149} INFO - [2023-06-17T03:25:19.724+0000] {dag.py:2726} INFO - Sync 1 DAGs
[2023-06-17T03:25:19.793+0000] {logging_mixin.py:149} INFO - [2023-06-17T03:25:19.792+0000] {dag.py:3490} INFO - Setting next_dagrun for example_sensors to None, run_after=None
[2023-06-17T03:25:19.861+0000] {processor.py:179} INFO - Processing /home/airflow/.local/lib/python3.7/site-packages/airflow/example_dags/example_sensors.py took 0.242 seconds
[2023-06-17T03:35:51.845+0000] {processor.py:157} INFO - Started process (PID=61) to work on /home/airflow/.local/lib/python3.7/site-packages/airflow/example_dags/example_sensors.py
[2023-06-17T03:35:51.944+0000] {processor.py:826} INFO - Processing file /home/airflow/.local/lib/python3.7/site-packages/airflow/example_dags/example_sensors.py for tasks to queue
[2023-06-17T03:35:51.946+0000] {logging_mixin.py:149} INFO - [2023-06-17T03:35:51.945+0000] {dagbag.py:541} INFO - Filling up the DagBag from /home/airflow/.local/lib/python3.7/site-packages/airflow/example_dags/example_sensors.py
[2023-06-17T03:35:51.956+0000] {processor.py:836} INFO - DAG(s) dict_keys(['example_sensors']) retrieved from /home/airflow/.local/lib/python3.7/site-packages/airflow/example_dags/example_sensors.py
[2023-06-17T03:35:51.992+0000] {logging_mixin.py:149} INFO - [2023-06-17T03:35:51.992+0000] {dag.py:2726} INFO - Sync 1 DAGs
[2023-06-17T03:35:52.021+0000] {logging_mixin.py:149} INFO - [2023-06-17T03:35:52.020+0000] {dag.py:3490} INFO - Setting next_dagrun for example_sensors to None, run_after=None
[2023-06-17T03:35:52.114+0000] {processor.py:179} INFO - Processing /home/airflow/.local/lib/python3.7/site-packages/airflow/example_dags/example_sensors.py took 0.275 seconds
[2023-06-17T03:36:25.401+0000] {processor.py:157} INFO - Started process (PID=121) to work on /home/airflow/.local/lib/python3.7/site-packages/airflow/example_dags/example_sensors.py
[2023-06-17T03:36:25.622+0000] {processor.py:826} INFO - Processing file /home/airflow/.local/lib/python3.7/site-packages/airflow/example_dags/example_sensors.py for tasks to queue
[2023-06-17T03:36:25.624+0000] {logging_mixin.py:149} INFO - [2023-06-17T03:36:25.624+0000] {dagbag.py:541} INFO - Filling up the DagBag from /home/airflow/.local/lib/python3.7/site-packages/airflow/example_dags/example_sensors.py
[2023-06-17T03:36:25.653+0000] {processor.py:836} INFO - DAG(s) dict_keys(['example_sensors']) retrieved from /home/airflow/.local/lib/python3.7/site-packages/airflow/example_dags/example_sensors.py
[2023-06-17T03:36:25.685+0000] {logging_mixin.py:149} INFO - [2023-06-17T03:36:25.685+0000] {dag.py:2726} INFO - Sync 1 DAGs
[2023-06-17T03:36:25.710+0000] {logging_mixin.py:149} INFO - [2023-06-17T03:36:25.710+0000] {dag.py:3490} INFO - Setting next_dagrun for example_sensors to None, run_after=None
[2023-06-17T03:36:25.868+0000] {processor.py:179} INFO - Processing /home/airflow/.local/lib/python3.7/site-packages/airflow/example_dags/example_sensors.py took 0.472 seconds
[2023-06-17T03:36:55.987+0000] {processor.py:157} INFO - Started process (PID=167) to work on /home/airflow/.local/lib/python3.7/site-packages/airflow/example_dags/example_sensors.py
[2023-06-17T03:36:56.023+0000] {processor.py:826} INFO - Processing file /home/airflow/.local/lib/python3.7/site-packages/airflow/example_dags/example_sensors.py for tasks to queue
[2023-06-17T03:36:56.023+0000] {logging_mixin.py:149} INFO - [2023-06-17T03:36:56.023+0000] {dagbag.py:541} INFO - Filling up the DagBag from /home/airflow/.local/lib/python3.7/site-packages/airflow/example_dags/example_sensors.py
[2023-06-17T03:36:56.032+0000] {processor.py:836} INFO - DAG(s) dict_keys(['example_sensors']) retrieved from /home/airflow/.local/lib/python3.7/site-packages/airflow/example_dags/example_sensors.py
[2023-06-17T03:36:56.064+0000] {logging_mixin.py:149} INFO - [2023-06-17T03:36:56.063+0000] {dag.py:2726} INFO - Sync 1 DAGs
[2023-06-17T03:36:56.189+0000] {logging_mixin.py:149} INFO - [2023-06-17T03:36:56.189+0000] {dag.py:3490} INFO - Setting next_dagrun for example_sensors to None, run_after=None
[2023-06-17T03:36:56.233+0000] {processor.py:179} INFO - Processing /home/airflow/.local/lib/python3.7/site-packages/airflow/example_dags/example_sensors.py took 0.249 seconds
[2023-06-17T03:37:26.606+0000] {processor.py:157} INFO - Started process (PID=229) to work on /home/airflow/.local/lib/python3.7/site-packages/airflow/example_dags/example_sensors.py
[2023-06-17T03:37:26.618+0000] {processor.py:826} INFO - Processing file /home/airflow/.local/lib/python3.7/site-packages/airflow/example_dags/example_sensors.py for tasks to queue
[2023-06-17T03:37:26.619+0000] {logging_mixin.py:149} INFO - [2023-06-17T03:37:26.619+0000] {dagbag.py:541} INFO - Filling up the DagBag from /home/airflow/.local/lib/python3.7/site-packages/airflow/example_dags/example_sensors.py
[2023-06-17T03:37:26.628+0000] {processor.py:836} INFO - DAG(s) dict_keys(['example_sensors']) retrieved from /home/airflow/.local/lib/python3.7/site-packages/airflow/example_dags/example_sensors.py
[2023-06-17T03:37:26.745+0000] {logging_mixin.py:149} INFO - [2023-06-17T03:37:26.745+0000] {dag.py:2726} INFO - Sync 1 DAGs
[2023-06-17T03:37:26.776+0000] {logging_mixin.py:149} INFO - [2023-06-17T03:37:26.776+0000] {dag.py:3490} INFO - Setting next_dagrun for example_sensors to None, run_after=None
[2023-06-17T03:37:26.928+0000] {processor.py:179} INFO - Processing /home/airflow/.local/lib/python3.7/site-packages/airflow/example_dags/example_sensors.py took 0.326 seconds
[2023-06-17T03:37:56.963+0000] {processor.py:157} INFO - Started process (PID=290) to work on /home/airflow/.local/lib/python3.7/site-packages/airflow/example_dags/example_sensors.py
[2023-06-17T03:37:56.972+0000] {processor.py:826} INFO - Processing file /home/airflow/.local/lib/python3.7/site-packages/airflow/example_dags/example_sensors.py for tasks to queue
[2023-06-17T03:37:56.972+0000] {logging_mixin.py:149} INFO - [2023-06-17T03:37:56.972+0000] {dagbag.py:541} INFO - Filling up the DagBag from /home/airflow/.local/lib/python3.7/site-packages/airflow/example_dags/example_sensors.py
[2023-06-17T03:37:56.982+0000] {processor.py:836} INFO - DAG(s) dict_keys(['example_sensors']) retrieved from /home/airflow/.local/lib/python3.7/site-packages/airflow/example_dags/example_sensors.py
[2023-06-17T03:37:57.020+0000] {logging_mixin.py:149} INFO - [2023-06-17T03:37:57.020+0000] {dag.py:2726} INFO - Sync 1 DAGs
[2023-06-17T03:37:57.059+0000] {logging_mixin.py:149} INFO - [2023-06-17T03:37:57.058+0000] {dag.py:3490} INFO - Setting next_dagrun for example_sensors to None, run_after=None
[2023-06-17T03:37:57.089+0000] {processor.py:179} INFO - Processing /home/airflow/.local/lib/python3.7/site-packages/airflow/example_dags/example_sensors.py took 0.130 seconds
[2023-06-17T03:38:27.715+0000] {processor.py:157} INFO - Started process (PID=351) to work on /home/airflow/.local/lib/python3.7/site-packages/airflow/example_dags/example_sensors.py
[2023-06-17T03:38:27.728+0000] {processor.py:826} INFO - Processing file /home/airflow/.local/lib/python3.7/site-packages/airflow/example_dags/example_sensors.py for tasks to queue
[2023-06-17T03:38:27.729+0000] {logging_mixin.py:149} INFO - [2023-06-17T03:38:27.729+0000] {dagbag.py:541} INFO - Filling up the DagBag from /home/airflow/.local/lib/python3.7/site-packages/airflow/example_dags/example_sensors.py
[2023-06-17T03:38:27.740+0000] {processor.py:836} INFO - DAG(s) dict_keys(['example_sensors']) retrieved from /home/airflow/.local/lib/python3.7/site-packages/airflow/example_dags/example_sensors.py
[2023-06-17T03:38:27.768+0000] {logging_mixin.py:149} INFO - [2023-06-17T03:38:27.768+0000] {dag.py:2726} INFO - Sync 1 DAGs
[2023-06-17T03:38:27.798+0000] {logging_mixin.py:149} INFO - [2023-06-17T03:38:27.798+0000] {dag.py:3490} INFO - Setting next_dagrun for example_sensors to None, run_after=None
[2023-06-17T03:38:27.826+0000] {processor.py:179} INFO - Processing /home/airflow/.local/lib/python3.7/site-packages/airflow/example_dags/example_sensors.py took 0.114 seconds
[2023-06-17T03:38:58.902+0000] {processor.py:157} INFO - Started process (PID=412) to work on /home/airflow/.local/lib/python3.7/site-packages/airflow/example_dags/example_sensors.py
[2023-06-17T03:38:58.908+0000] {processor.py:826} INFO - Processing file /home/airflow/.local/lib/python3.7/site-packages/airflow/example_dags/example_sensors.py for tasks to queue
[2023-06-17T03:38:58.909+0000] {logging_mixin.py:149} INFO - [2023-06-17T03:38:58.909+0000] {dagbag.py:541} INFO - Filling up the DagBag from /home/airflow/.local/lib/python3.7/site-packages/airflow/example_dags/example_sensors.py
[2023-06-17T03:38:58.922+0000] {processor.py:836} INFO - DAG(s) dict_keys(['example_sensors']) retrieved from /home/airflow/.local/lib/python3.7/site-packages/airflow/example_dags/example_sensors.py
[2023-06-17T03:38:58.974+0000] {logging_mixin.py:149} INFO - [2023-06-17T03:38:58.974+0000] {dag.py:2726} INFO - Sync 1 DAGs
[2023-06-17T03:38:59.017+0000] {logging_mixin.py:149} INFO - [2023-06-17T03:38:59.017+0000] {dag.py:3490} INFO - Setting next_dagrun for example_sensors to None, run_after=None
[2023-06-17T03:38:59.101+0000] {processor.py:179} INFO - Processing /home/airflow/.local/lib/python3.7/site-packages/airflow/example_dags/example_sensors.py took 0.204 seconds
[2023-06-17T03:39:29.755+0000] {processor.py:157} INFO - Started process (PID=473) to work on /home/airflow/.local/lib/python3.7/site-packages/airflow/example_dags/example_sensors.py
[2023-06-17T03:39:29.765+0000] {processor.py:826} INFO - Processing file /home/airflow/.local/lib/python3.7/site-packages/airflow/example_dags/example_sensors.py for tasks to queue
[2023-06-17T03:39:29.766+0000] {logging_mixin.py:149} INFO - [2023-06-17T03:39:29.766+0000] {dagbag.py:541} INFO - Filling up the DagBag from /home/airflow/.local/lib/python3.7/site-packages/airflow/example_dags/example_sensors.py
[2023-06-17T03:39:29.778+0000] {processor.py:836} INFO - DAG(s) dict_keys(['example_sensors']) retrieved from /home/airflow/.local/lib/python3.7/site-packages/airflow/example_dags/example_sensors.py
[2023-06-17T03:39:29.806+0000] {logging_mixin.py:149} INFO - [2023-06-17T03:39:29.806+0000] {dag.py:2726} INFO - Sync 1 DAGs
[2023-06-17T03:39:29.833+0000] {logging_mixin.py:149} INFO - [2023-06-17T03:39:29.833+0000] {dag.py:3490} INFO - Setting next_dagrun for example_sensors to None, run_after=None
[2023-06-17T03:39:29.859+0000] {processor.py:179} INFO - Processing /home/airflow/.local/lib/python3.7/site-packages/airflow/example_dags/example_sensors.py took 0.107 seconds
[2023-06-17T03:40:00.072+0000] {processor.py:157} INFO - Started process (PID=534) to work on /home/airflow/.local/lib/python3.7/site-packages/airflow/example_dags/example_sensors.py
[2023-06-17T03:40:00.080+0000] {processor.py:826} INFO - Processing file /home/airflow/.local/lib/python3.7/site-packages/airflow/example_dags/example_sensors.py for tasks to queue
[2023-06-17T03:40:00.081+0000] {logging_mixin.py:149} INFO - [2023-06-17T03:40:00.081+0000] {dagbag.py:541} INFO - Filling up the DagBag from /home/airflow/.local/lib/python3.7/site-packages/airflow/example_dags/example_sensors.py
[2023-06-17T03:40:00.091+0000] {processor.py:836} INFO - DAG(s) dict_keys(['example_sensors']) retrieved from /home/airflow/.local/lib/python3.7/site-packages/airflow/example_dags/example_sensors.py
[2023-06-17T03:40:00.126+0000] {logging_mixin.py:149} INFO - [2023-06-17T03:40:00.126+0000] {dag.py:2726} INFO - Sync 1 DAGs
[2023-06-17T03:40:00.154+0000] {logging_mixin.py:149} INFO - [2023-06-17T03:40:00.154+0000] {dag.py:3490} INFO - Setting next_dagrun for example_sensors to None, run_after=None
[2023-06-17T03:40:00.175+0000] {processor.py:179} INFO - Processing /home/airflow/.local/lib/python3.7/site-packages/airflow/example_dags/example_sensors.py took 0.106 seconds
[2023-06-17T03:40:31.063+0000] {processor.py:157} INFO - Started process (PID=595) to work on /home/airflow/.local/lib/python3.7/site-packages/airflow/example_dags/example_sensors.py
[2023-06-17T03:40:31.310+0000] {processor.py:826} INFO - Processing file /home/airflow/.local/lib/python3.7/site-packages/airflow/example_dags/example_sensors.py for tasks to queue
[2023-06-17T03:40:31.311+0000] {logging_mixin.py:149} INFO - [2023-06-17T03:40:31.310+0000] {dagbag.py:541} INFO - Filling up the DagBag from /home/airflow/.local/lib/python3.7/site-packages/airflow/example_dags/example_sensors.py
[2023-06-17T03:40:31.325+0000] {processor.py:836} INFO - DAG(s) dict_keys(['example_sensors']) retrieved from /home/airflow/.local/lib/python3.7/site-packages/airflow/example_dags/example_sensors.py
[2023-06-17T03:40:31.370+0000] {logging_mixin.py:149} INFO - [2023-06-17T03:40:31.369+0000] {dag.py:2726} INFO - Sync 1 DAGs
[2023-06-17T03:40:31.413+0000] {logging_mixin.py:149} INFO - [2023-06-17T03:40:31.413+0000] {dag.py:3490} INFO - Setting next_dagrun for example_sensors to None, run_after=None
[2023-06-17T03:40:31.529+0000] {processor.py:179} INFO - Processing /home/airflow/.local/lib/python3.7/site-packages/airflow/example_dags/example_sensors.py took 0.469 seconds
[2023-06-17T03:41:02.109+0000] {processor.py:157} INFO - Started process (PID=657) to work on /home/airflow/.local/lib/python3.7/site-packages/airflow/example_dags/example_sensors.py
[2023-06-17T03:41:02.119+0000] {processor.py:826} INFO - Processing file /home/airflow/.local/lib/python3.7/site-packages/airflow/example_dags/example_sensors.py for tasks to queue
[2023-06-17T03:41:02.120+0000] {logging_mixin.py:149} INFO - [2023-06-17T03:41:02.120+0000] {dagbag.py:541} INFO - Filling up the DagBag from /home/airflow/.local/lib/python3.7/site-packages/airflow/example_dags/example_sensors.py
[2023-06-17T03:41:02.129+0000] {processor.py:836} INFO - DAG(s) dict_keys(['example_sensors']) retrieved from /home/airflow/.local/lib/python3.7/site-packages/airflow/example_dags/example_sensors.py
[2023-06-17T03:41:02.156+0000] {logging_mixin.py:149} INFO - [2023-06-17T03:41:02.156+0000] {dag.py:2726} INFO - Sync 1 DAGs
[2023-06-17T03:41:02.184+0000] {logging_mixin.py:149} INFO - [2023-06-17T03:41:02.183+0000] {dag.py:3490} INFO - Setting next_dagrun for example_sensors to None, run_after=None
[2023-06-17T03:41:02.214+0000] {processor.py:179} INFO - Processing /home/airflow/.local/lib/python3.7/site-packages/airflow/example_dags/example_sensors.py took 0.108 seconds
[2023-06-17T03:41:32.584+0000] {processor.py:157} INFO - Started process (PID=718) to work on /home/airflow/.local/lib/python3.7/site-packages/airflow/example_dags/example_sensors.py
[2023-06-17T03:41:32.593+0000] {processor.py:826} INFO - Processing file /home/airflow/.local/lib/python3.7/site-packages/airflow/example_dags/example_sensors.py for tasks to queue
[2023-06-17T03:41:32.594+0000] {logging_mixin.py:149} INFO - [2023-06-17T03:41:32.594+0000] {dagbag.py:541} INFO - Filling up the DagBag from /home/airflow/.local/lib/python3.7/site-packages/airflow/example_dags/example_sensors.py
[2023-06-17T03:41:32.603+0000] {processor.py:836} INFO - DAG(s) dict_keys(['example_sensors']) retrieved from /home/airflow/.local/lib/python3.7/site-packages/airflow/example_dags/example_sensors.py
[2023-06-17T03:41:32.631+0000] {logging_mixin.py:149} INFO - [2023-06-17T03:41:32.631+0000] {dag.py:2726} INFO - Sync 1 DAGs
[2023-06-17T03:41:32.660+0000] {logging_mixin.py:149} INFO - [2023-06-17T03:41:32.660+0000] {dag.py:3490} INFO - Setting next_dagrun for example_sensors to None, run_after=None
[2023-06-17T03:41:32.683+0000] {processor.py:179} INFO - Processing /home/airflow/.local/lib/python3.7/site-packages/airflow/example_dags/example_sensors.py took 0.102 seconds
[2023-06-17T03:42:03.321+0000] {processor.py:157} INFO - Started process (PID=779) to work on /home/airflow/.local/lib/python3.7/site-packages/airflow/example_dags/example_sensors.py
[2023-06-17T03:42:03.342+0000] {processor.py:826} INFO - Processing file /home/airflow/.local/lib/python3.7/site-packages/airflow/example_dags/example_sensors.py for tasks to queue
[2023-06-17T03:42:03.343+0000] {logging_mixin.py:149} INFO - [2023-06-17T03:42:03.342+0000] {dagbag.py:541} INFO - Filling up the DagBag from /home/airflow/.local/lib/python3.7/site-packages/airflow/example_dags/example_sensors.py
[2023-06-17T03:42:03.351+0000] {processor.py:836} INFO - DAG(s) dict_keys(['example_sensors']) retrieved from /home/airflow/.local/lib/python3.7/site-packages/airflow/example_dags/example_sensors.py
[2023-06-17T03:42:03.376+0000] {logging_mixin.py:149} INFO - [2023-06-17T03:42:03.376+0000] {dag.py:2726} INFO - Sync 1 DAGs
[2023-06-17T03:42:03.402+0000] {logging_mixin.py:149} INFO - [2023-06-17T03:42:03.401+0000] {dag.py:3490} INFO - Setting next_dagrun for example_sensors to None, run_after=None
[2023-06-17T03:42:03.802+0000] {processor.py:179} INFO - Processing /home/airflow/.local/lib/python3.7/site-packages/airflow/example_dags/example_sensors.py took 0.483 seconds
[2023-06-17T03:42:34.508+0000] {processor.py:157} INFO - Started process (PID=840) to work on /home/airflow/.local/lib/python3.7/site-packages/airflow/example_dags/example_sensors.py
[2023-06-17T03:42:34.585+0000] {processor.py:826} INFO - Processing file /home/airflow/.local/lib/python3.7/site-packages/airflow/example_dags/example_sensors.py for tasks to queue
[2023-06-17T03:42:34.585+0000] {logging_mixin.py:149} INFO - [2023-06-17T03:42:34.585+0000] {dagbag.py:541} INFO - Filling up the DagBag from /home/airflow/.local/lib/python3.7/site-packages/airflow/example_dags/example_sensors.py
[2023-06-17T03:42:34.595+0000] {processor.py:836} INFO - DAG(s) dict_keys(['example_sensors']) retrieved from /home/airflow/.local/lib/python3.7/site-packages/airflow/example_dags/example_sensors.py
[2023-06-17T03:42:34.623+0000] {logging_mixin.py:149} INFO - [2023-06-17T03:42:34.623+0000] {dag.py:2726} INFO - Sync 1 DAGs
[2023-06-17T03:42:34.650+0000] {logging_mixin.py:149} INFO - [2023-06-17T03:42:34.650+0000] {dag.py:3490} INFO - Setting next_dagrun for example_sensors to None, run_after=None
[2023-06-17T03:42:34.682+0000] {processor.py:179} INFO - Processing /home/airflow/.local/lib/python3.7/site-packages/airflow/example_dags/example_sensors.py took 0.177 seconds
[2023-06-17T03:43:05.139+0000] {processor.py:157} INFO - Started process (PID=901) to work on /home/airflow/.local/lib/python3.7/site-packages/airflow/example_dags/example_sensors.py
[2023-06-17T03:43:05.150+0000] {processor.py:826} INFO - Processing file /home/airflow/.local/lib/python3.7/site-packages/airflow/example_dags/example_sensors.py for tasks to queue
[2023-06-17T03:43:05.150+0000] {logging_mixin.py:149} INFO - [2023-06-17T03:43:05.150+0000] {dagbag.py:541} INFO - Filling up the DagBag from /home/airflow/.local/lib/python3.7/site-packages/airflow/example_dags/example_sensors.py
[2023-06-17T03:43:05.159+0000] {processor.py:836} INFO - DAG(s) dict_keys(['example_sensors']) retrieved from /home/airflow/.local/lib/python3.7/site-packages/airflow/example_dags/example_sensors.py
[2023-06-17T03:43:05.185+0000] {logging_mixin.py:149} INFO - [2023-06-17T03:43:05.185+0000] {dag.py:2726} INFO - Sync 1 DAGs
[2023-06-17T03:43:05.212+0000] {logging_mixin.py:149} INFO - [2023-06-17T03:43:05.212+0000] {dag.py:3490} INFO - Setting next_dagrun for example_sensors to None, run_after=None
[2023-06-17T03:43:05.239+0000] {processor.py:179} INFO - Processing /home/airflow/.local/lib/python3.7/site-packages/airflow/example_dags/example_sensors.py took 0.103 seconds
[2023-06-17T03:43:35.829+0000] {processor.py:157} INFO - Started process (PID=962) to work on /home/airflow/.local/lib/python3.7/site-packages/airflow/example_dags/example_sensors.py
[2023-06-17T03:43:35.862+0000] {processor.py:826} INFO - Processing file /home/airflow/.local/lib/python3.7/site-packages/airflow/example_dags/example_sensors.py for tasks to queue
[2023-06-17T03:43:35.863+0000] {logging_mixin.py:149} INFO - [2023-06-17T03:43:35.862+0000] {dagbag.py:541} INFO - Filling up the DagBag from /home/airflow/.local/lib/python3.7/site-packages/airflow/example_dags/example_sensors.py
[2023-06-17T03:43:35.876+0000] {processor.py:836} INFO - DAG(s) dict_keys(['example_sensors']) retrieved from /home/airflow/.local/lib/python3.7/site-packages/airflow/example_dags/example_sensors.py
[2023-06-17T03:43:35.921+0000] {logging_mixin.py:149} INFO - [2023-06-17T03:43:35.920+0000] {dag.py:2726} INFO - Sync 1 DAGs
[2023-06-17T03:43:35.958+0000] {logging_mixin.py:149} INFO - [2023-06-17T03:43:35.958+0000] {dag.py:3490} INFO - Setting next_dagrun for example_sensors to None, run_after=None
[2023-06-17T03:43:35.988+0000] {processor.py:179} INFO - Processing /home/airflow/.local/lib/python3.7/site-packages/airflow/example_dags/example_sensors.py took 0.163 seconds
[2023-06-17T03:44:06.198+0000] {processor.py:157} INFO - Started process (PID=1023) to work on /home/airflow/.local/lib/python3.7/site-packages/airflow/example_dags/example_sensors.py
[2023-06-17T03:44:06.291+0000] {processor.py:826} INFO - Processing file /home/airflow/.local/lib/python3.7/site-packages/airflow/example_dags/example_sensors.py for tasks to queue
[2023-06-17T03:44:06.292+0000] {logging_mixin.py:149} INFO - [2023-06-17T03:44:06.292+0000] {dagbag.py:541} INFO - Filling up the DagBag from /home/airflow/.local/lib/python3.7/site-packages/airflow/example_dags/example_sensors.py
[2023-06-17T03:44:06.301+0000] {processor.py:836} INFO - DAG(s) dict_keys(['example_sensors']) retrieved from /home/airflow/.local/lib/python3.7/site-packages/airflow/example_dags/example_sensors.py
[2023-06-17T03:44:06.327+0000] {logging_mixin.py:149} INFO - [2023-06-17T03:44:06.327+0000] {dag.py:2726} INFO - Sync 1 DAGs
[2023-06-17T03:44:06.354+0000] {logging_mixin.py:149} INFO - [2023-06-17T03:44:06.354+0000] {dag.py:3490} INFO - Setting next_dagrun for example_sensors to None, run_after=None
[2023-06-17T03:44:06.382+0000] {processor.py:179} INFO - Processing /home/airflow/.local/lib/python3.7/site-packages/airflow/example_dags/example_sensors.py took 0.186 seconds
[2023-06-17T03:44:36.786+0000] {processor.py:157} INFO - Started process (PID=1084) to work on /home/airflow/.local/lib/python3.7/site-packages/airflow/example_dags/example_sensors.py
[2023-06-17T03:44:36.864+0000] {processor.py:826} INFO - Processing file /home/airflow/.local/lib/python3.7/site-packages/airflow/example_dags/example_sensors.py for tasks to queue
[2023-06-17T03:44:36.864+0000] {logging_mixin.py:149} INFO - [2023-06-17T03:44:36.864+0000] {dagbag.py:541} INFO - Filling up the DagBag from /home/airflow/.local/lib/python3.7/site-packages/airflow/example_dags/example_sensors.py
[2023-06-17T03:44:36.873+0000] {processor.py:836} INFO - DAG(s) dict_keys(['example_sensors']) retrieved from /home/airflow/.local/lib/python3.7/site-packages/airflow/example_dags/example_sensors.py
[2023-06-17T03:44:36.898+0000] {logging_mixin.py:149} INFO - [2023-06-17T03:44:36.898+0000] {dag.py:2726} INFO - Sync 1 DAGs
[2023-06-17T03:44:36.924+0000] {logging_mixin.py:149} INFO - [2023-06-17T03:44:36.924+0000] {dag.py:3490} INFO - Setting next_dagrun for example_sensors to None, run_after=None
[2023-06-17T03:44:36.947+0000] {processor.py:179} INFO - Processing /home/airflow/.local/lib/python3.7/site-packages/airflow/example_dags/example_sensors.py took 0.163 seconds
[2023-06-17T03:45:07.329+0000] {processor.py:157} INFO - Started process (PID=1145) to work on /home/airflow/.local/lib/python3.7/site-packages/airflow/example_dags/example_sensors.py
[2023-06-17T03:45:07.385+0000] {processor.py:826} INFO - Processing file /home/airflow/.local/lib/python3.7/site-packages/airflow/example_dags/example_sensors.py for tasks to queue
[2023-06-17T03:45:07.386+0000] {logging_mixin.py:149} INFO - [2023-06-17T03:45:07.386+0000] {dagbag.py:541} INFO - Filling up the DagBag from /home/airflow/.local/lib/python3.7/site-packages/airflow/example_dags/example_sensors.py
[2023-06-17T03:45:07.401+0000] {processor.py:836} INFO - DAG(s) dict_keys(['example_sensors']) retrieved from /home/airflow/.local/lib/python3.7/site-packages/airflow/example_dags/example_sensors.py
[2023-06-17T03:45:07.445+0000] {logging_mixin.py:149} INFO - [2023-06-17T03:45:07.445+0000] {dag.py:2726} INFO - Sync 1 DAGs
[2023-06-17T03:45:07.488+0000] {logging_mixin.py:149} INFO - [2023-06-17T03:45:07.488+0000] {dag.py:3490} INFO - Setting next_dagrun for example_sensors to None, run_after=None
[2023-06-17T03:45:07.529+0000] {processor.py:179} INFO - Processing /home/airflow/.local/lib/python3.7/site-packages/airflow/example_dags/example_sensors.py took 0.204 seconds
[2023-06-17T03:45:38.183+0000] {processor.py:157} INFO - Started process (PID=1206) to work on /home/airflow/.local/lib/python3.7/site-packages/airflow/example_dags/example_sensors.py
[2023-06-17T03:45:38.236+0000] {processor.py:826} INFO - Processing file /home/airflow/.local/lib/python3.7/site-packages/airflow/example_dags/example_sensors.py for tasks to queue
[2023-06-17T03:45:38.236+0000] {logging_mixin.py:149} INFO - [2023-06-17T03:45:38.236+0000] {dagbag.py:541} INFO - Filling up the DagBag from /home/airflow/.local/lib/python3.7/site-packages/airflow/example_dags/example_sensors.py
[2023-06-17T03:45:38.245+0000] {processor.py:836} INFO - DAG(s) dict_keys(['example_sensors']) retrieved from /home/airflow/.local/lib/python3.7/site-packages/airflow/example_dags/example_sensors.py
[2023-06-17T03:45:38.272+0000] {logging_mixin.py:149} INFO - [2023-06-17T03:45:38.272+0000] {dag.py:2726} INFO - Sync 1 DAGs
[2023-06-17T03:45:38.299+0000] {logging_mixin.py:149} INFO - [2023-06-17T03:45:38.299+0000] {dag.py:3490} INFO - Setting next_dagrun for example_sensors to None, run_after=None
[2023-06-17T03:45:38.331+0000] {processor.py:179} INFO - Processing /home/airflow/.local/lib/python3.7/site-packages/airflow/example_dags/example_sensors.py took 0.151 seconds
[2023-06-17T03:46:08.872+0000] {processor.py:157} INFO - Started process (PID=1267) to work on /home/airflow/.local/lib/python3.7/site-packages/airflow/example_dags/example_sensors.py
[2023-06-17T03:46:08.926+0000] {processor.py:826} INFO - Processing file /home/airflow/.local/lib/python3.7/site-packages/airflow/example_dags/example_sensors.py for tasks to queue
[2023-06-17T03:46:08.927+0000] {logging_mixin.py:149} INFO - [2023-06-17T03:46:08.926+0000] {dagbag.py:541} INFO - Filling up the DagBag from /home/airflow/.local/lib/python3.7/site-packages/airflow/example_dags/example_sensors.py
[2023-06-17T03:46:08.936+0000] {processor.py:836} INFO - DAG(s) dict_keys(['example_sensors']) retrieved from /home/airflow/.local/lib/python3.7/site-packages/airflow/example_dags/example_sensors.py
[2023-06-17T03:46:08.962+0000] {logging_mixin.py:149} INFO - [2023-06-17T03:46:08.962+0000] {dag.py:2726} INFO - Sync 1 DAGs
[2023-06-17T03:46:08.989+0000] {logging_mixin.py:149} INFO - [2023-06-17T03:46:08.989+0000] {dag.py:3490} INFO - Setting next_dagrun for example_sensors to None, run_after=None
[2023-06-17T03:46:09.013+0000] {processor.py:179} INFO - Processing /home/airflow/.local/lib/python3.7/site-packages/airflow/example_dags/example_sensors.py took 0.144 seconds
[2023-06-17T03:46:39.699+0000] {processor.py:157} INFO - Started process (PID=1328) to work on /home/airflow/.local/lib/python3.7/site-packages/airflow/example_dags/example_sensors.py
[2023-06-17T03:46:39.787+0000] {processor.py:826} INFO - Processing file /home/airflow/.local/lib/python3.7/site-packages/airflow/example_dags/example_sensors.py for tasks to queue
[2023-06-17T03:46:39.788+0000] {logging_mixin.py:149} INFO - [2023-06-17T03:46:39.788+0000] {dagbag.py:541} INFO - Filling up the DagBag from /home/airflow/.local/lib/python3.7/site-packages/airflow/example_dags/example_sensors.py
[2023-06-17T03:46:39.797+0000] {processor.py:836} INFO - DAG(s) dict_keys(['example_sensors']) retrieved from /home/airflow/.local/lib/python3.7/site-packages/airflow/example_dags/example_sensors.py
[2023-06-17T03:46:39.823+0000] {logging_mixin.py:149} INFO - [2023-06-17T03:46:39.823+0000] {dag.py:2726} INFO - Sync 1 DAGs
[2023-06-17T03:46:39.851+0000] {logging_mixin.py:149} INFO - [2023-06-17T03:46:39.851+0000] {dag.py:3490} INFO - Setting next_dagrun for example_sensors to None, run_after=None
[2023-06-17T03:46:39.878+0000] {processor.py:179} INFO - Processing /home/airflow/.local/lib/python3.7/site-packages/airflow/example_dags/example_sensors.py took 0.182 seconds
[2023-06-17T03:47:10.125+0000] {processor.py:157} INFO - Started process (PID=1389) to work on /home/airflow/.local/lib/python3.7/site-packages/airflow/example_dags/example_sensors.py
[2023-06-17T03:47:10.237+0000] {processor.py:826} INFO - Processing file /home/airflow/.local/lib/python3.7/site-packages/airflow/example_dags/example_sensors.py for tasks to queue
[2023-06-17T03:47:10.238+0000] {logging_mixin.py:149} INFO - [2023-06-17T03:47:10.238+0000] {dagbag.py:541} INFO - Filling up the DagBag from /home/airflow/.local/lib/python3.7/site-packages/airflow/example_dags/example_sensors.py
[2023-06-17T03:47:10.250+0000] {processor.py:836} INFO - DAG(s) dict_keys(['example_sensors']) retrieved from /home/airflow/.local/lib/python3.7/site-packages/airflow/example_dags/example_sensors.py
[2023-06-17T03:47:10.288+0000] {logging_mixin.py:149} INFO - [2023-06-17T03:47:10.288+0000] {dag.py:2726} INFO - Sync 1 DAGs
[2023-06-17T03:47:10.320+0000] {logging_mixin.py:149} INFO - [2023-06-17T03:47:10.320+0000] {dag.py:3490} INFO - Setting next_dagrun for example_sensors to None, run_after=None
[2023-06-17T03:47:10.473+0000] {processor.py:179} INFO - Processing /home/airflow/.local/lib/python3.7/site-packages/airflow/example_dags/example_sensors.py took 0.350 seconds
[2023-06-17T03:47:41.274+0000] {processor.py:157} INFO - Started process (PID=1457) to work on /home/airflow/.local/lib/python3.7/site-packages/airflow/example_dags/example_sensors.py
[2023-06-17T03:47:41.357+0000] {processor.py:826} INFO - Processing file /home/airflow/.local/lib/python3.7/site-packages/airflow/example_dags/example_sensors.py for tasks to queue
[2023-06-17T03:47:41.358+0000] {logging_mixin.py:149} INFO - [2023-06-17T03:47:41.358+0000] {dagbag.py:541} INFO - Filling up the DagBag from /home/airflow/.local/lib/python3.7/site-packages/airflow/example_dags/example_sensors.py
[2023-06-17T03:47:41.366+0000] {processor.py:836} INFO - DAG(s) dict_keys(['example_sensors']) retrieved from /home/airflow/.local/lib/python3.7/site-packages/airflow/example_dags/example_sensors.py
[2023-06-17T03:47:41.392+0000] {logging_mixin.py:149} INFO - [2023-06-17T03:47:41.391+0000] {dag.py:2726} INFO - Sync 1 DAGs
[2023-06-17T03:47:41.419+0000] {logging_mixin.py:149} INFO - [2023-06-17T03:47:41.419+0000] {dag.py:3490} INFO - Setting next_dagrun for example_sensors to None, run_after=None
[2023-06-17T03:47:41.444+0000] {processor.py:179} INFO - Processing /home/airflow/.local/lib/python3.7/site-packages/airflow/example_dags/example_sensors.py took 0.172 seconds
[2023-06-17T03:48:11.512+0000] {processor.py:157} INFO - Started process (PID=1517) to work on /home/airflow/.local/lib/python3.7/site-packages/airflow/example_dags/example_sensors.py
[2023-06-17T03:48:11.608+0000] {processor.py:826} INFO - Processing file /home/airflow/.local/lib/python3.7/site-packages/airflow/example_dags/example_sensors.py for tasks to queue
[2023-06-17T03:48:11.609+0000] {logging_mixin.py:149} INFO - [2023-06-17T03:48:11.609+0000] {dagbag.py:541} INFO - Filling up the DagBag from /home/airflow/.local/lib/python3.7/site-packages/airflow/example_dags/example_sensors.py
[2023-06-17T03:48:11.622+0000] {processor.py:836} INFO - DAG(s) dict_keys(['example_sensors']) retrieved from /home/airflow/.local/lib/python3.7/site-packages/airflow/example_dags/example_sensors.py
[2023-06-17T03:48:11.656+0000] {logging_mixin.py:149} INFO - [2023-06-17T03:48:11.656+0000] {dag.py:2726} INFO - Sync 1 DAGs
[2023-06-17T03:48:11.682+0000] {logging_mixin.py:149} INFO - [2023-06-17T03:48:11.682+0000] {dag.py:3490} INFO - Setting next_dagrun for example_sensors to None, run_after=None
[2023-06-17T03:48:12.115+0000] {processor.py:179} INFO - Processing /home/airflow/.local/lib/python3.7/site-packages/airflow/example_dags/example_sensors.py took 0.608 seconds
[2023-06-17T03:48:42.783+0000] {processor.py:157} INFO - Started process (PID=1572) to work on /home/airflow/.local/lib/python3.7/site-packages/airflow/example_dags/example_sensors.py
[2023-06-17T03:48:42.828+0000] {processor.py:826} INFO - Processing file /home/airflow/.local/lib/python3.7/site-packages/airflow/example_dags/example_sensors.py for tasks to queue
[2023-06-17T03:48:42.829+0000] {logging_mixin.py:149} INFO - [2023-06-17T03:48:42.829+0000] {dagbag.py:541} INFO - Filling up the DagBag from /home/airflow/.local/lib/python3.7/site-packages/airflow/example_dags/example_sensors.py
[2023-06-17T03:48:42.841+0000] {processor.py:836} INFO - DAG(s) dict_keys(['example_sensors']) retrieved from /home/airflow/.local/lib/python3.7/site-packages/airflow/example_dags/example_sensors.py
[2023-06-17T03:48:42.870+0000] {logging_mixin.py:149} INFO - [2023-06-17T03:48:42.870+0000] {dag.py:2726} INFO - Sync 1 DAGs
[2023-06-17T03:48:42.897+0000] {logging_mixin.py:149} INFO - [2023-06-17T03:48:42.897+0000] {dag.py:3490} INFO - Setting next_dagrun for example_sensors to None, run_after=None
[2023-06-17T03:48:43.367+0000] {processor.py:179} INFO - Processing /home/airflow/.local/lib/python3.7/site-packages/airflow/example_dags/example_sensors.py took 0.587 seconds
[2023-06-17T03:49:13.662+0000] {processor.py:157} INFO - Started process (PID=1633) to work on /home/airflow/.local/lib/python3.7/site-packages/airflow/example_dags/example_sensors.py
[2023-06-17T03:49:13.679+0000] {processor.py:826} INFO - Processing file /home/airflow/.local/lib/python3.7/site-packages/airflow/example_dags/example_sensors.py for tasks to queue
[2023-06-17T03:49:13.679+0000] {logging_mixin.py:149} INFO - [2023-06-17T03:49:13.679+0000] {dagbag.py:541} INFO - Filling up the DagBag from /home/airflow/.local/lib/python3.7/site-packages/airflow/example_dags/example_sensors.py
[2023-06-17T03:49:13.688+0000] {processor.py:836} INFO - DAG(s) dict_keys(['example_sensors']) retrieved from /home/airflow/.local/lib/python3.7/site-packages/airflow/example_dags/example_sensors.py
[2023-06-17T03:49:13.717+0000] {logging_mixin.py:149} INFO - [2023-06-17T03:49:13.717+0000] {dag.py:2726} INFO - Sync 1 DAGs
[2023-06-17T03:49:13.745+0000] {logging_mixin.py:149} INFO - [2023-06-17T03:49:13.745+0000] {dag.py:3490} INFO - Setting next_dagrun for example_sensors to None, run_after=None
[2023-06-17T03:49:13.774+0000] {processor.py:179} INFO - Processing /home/airflow/.local/lib/python3.7/site-packages/airflow/example_dags/example_sensors.py took 0.116 seconds
[2023-06-17T03:49:44.408+0000] {processor.py:157} INFO - Started process (PID=1702) to work on /home/airflow/.local/lib/python3.7/site-packages/airflow/example_dags/example_sensors.py
[2023-06-17T03:49:44.481+0000] {processor.py:826} INFO - Processing file /home/airflow/.local/lib/python3.7/site-packages/airflow/example_dags/example_sensors.py for tasks to queue
[2023-06-17T03:49:44.482+0000] {logging_mixin.py:149} INFO - [2023-06-17T03:49:44.481+0000] {dagbag.py:541} INFO - Filling up the DagBag from /home/airflow/.local/lib/python3.7/site-packages/airflow/example_dags/example_sensors.py
[2023-06-17T03:49:44.490+0000] {processor.py:836} INFO - DAG(s) dict_keys(['example_sensors']) retrieved from /home/airflow/.local/lib/python3.7/site-packages/airflow/example_dags/example_sensors.py
[2023-06-17T03:49:44.517+0000] {logging_mixin.py:149} INFO - [2023-06-17T03:49:44.517+0000] {dag.py:2726} INFO - Sync 1 DAGs
[2023-06-17T03:49:44.543+0000] {logging_mixin.py:149} INFO - [2023-06-17T03:49:44.543+0000] {dag.py:3490} INFO - Setting next_dagrun for example_sensors to None, run_after=None
[2023-06-17T03:49:44.702+0000] {processor.py:179} INFO - Processing /home/airflow/.local/lib/python3.7/site-packages/airflow/example_dags/example_sensors.py took 0.297 seconds
