[2023-06-17T02:16:42.543+0000] {processor.py:157} INFO - Started process (PID=43) to work on /home/airflow/.local/lib/python3.7/site-packages/airflow/example_dags/example_task_group.py
[2023-06-17T02:16:42.544+0000] {processor.py:826} INFO - Processing file /home/airflow/.local/lib/python3.7/site-packages/airflow/example_dags/example_task_group.py for tasks to queue
[2023-06-17T02:16:42.545+0000] {logging_mixin.py:149} INFO - [2023-06-17T02:16:42.545+0000] {dagbag.py:541} INFO - Filling up the DagBag from /home/airflow/.local/lib/python3.7/site-packages/airflow/example_dags/example_task_group.py
[2023-06-17T02:16:42.556+0000] {processor.py:836} INFO - DAG(s) dict_keys(['example_task_group']) retrieved from /home/airflow/.local/lib/python3.7/site-packages/airflow/example_dags/example_task_group.py
[2023-06-17T02:16:42.604+0000] {logging_mixin.py:149} INFO - [2023-06-17T02:16:42.603+0000] {dag.py:2726} INFO - Sync 1 DAGs
[2023-06-17T02:16:42.652+0000] {logging_mixin.py:149} INFO - [2023-06-17T02:16:42.652+0000] {dag.py:3490} INFO - Setting next_dagrun for example_task_group to 2023-06-16T02:16:42.652021+00:00, run_after=2023-06-17T02:16:42.652021+00:00
[2023-06-17T02:16:42.730+0000] {processor.py:179} INFO - Processing /home/airflow/.local/lib/python3.7/site-packages/airflow/example_dags/example_task_group.py took 0.191 seconds
[2023-06-17T02:17:29.687+0000] {processor.py:157} INFO - Started process (PID=103) to work on /home/airflow/.local/lib/python3.7/site-packages/airflow/example_dags/example_task_group.py
[2023-06-17T02:17:30.062+0000] {processor.py:826} INFO - Processing file /home/airflow/.local/lib/python3.7/site-packages/airflow/example_dags/example_task_group.py for tasks to queue
[2023-06-17T02:17:30.064+0000] {logging_mixin.py:149} INFO - [2023-06-17T02:17:30.063+0000] {dagbag.py:541} INFO - Filling up the DagBag from /home/airflow/.local/lib/python3.7/site-packages/airflow/example_dags/example_task_group.py
[2023-06-17T02:17:30.147+0000] {processor.py:836} INFO - DAG(s) dict_keys(['example_task_group']) retrieved from /home/airflow/.local/lib/python3.7/site-packages/airflow/example_dags/example_task_group.py
[2023-06-17T02:17:30.187+0000] {logging_mixin.py:149} INFO - [2023-06-17T02:17:30.187+0000] {dag.py:2726} INFO - Sync 1 DAGs
[2023-06-17T02:17:30.215+0000] {logging_mixin.py:149} INFO - [2023-06-17T02:17:30.214+0000] {dag.py:3490} INFO - Setting next_dagrun for example_task_group to 2023-06-16T02:17:30.214744+00:00, run_after=2023-06-17T02:17:30.214744+00:00
[2023-06-17T02:17:30.552+0000] {processor.py:179} INFO - Processing /home/airflow/.local/lib/python3.7/site-packages/airflow/example_dags/example_task_group.py took 0.867 seconds
[2023-06-17T02:18:17.639+0000] {processor.py:157} INFO - Started process (PID=166) to work on /home/airflow/.local/lib/python3.7/site-packages/airflow/example_dags/example_task_group.py
[2023-06-17T02:18:18.162+0000] {processor.py:826} INFO - Processing file /home/airflow/.local/lib/python3.7/site-packages/airflow/example_dags/example_task_group.py for tasks to queue
[2023-06-17T02:18:18.164+0000] {logging_mixin.py:149} INFO - [2023-06-17T02:18:18.163+0000] {dagbag.py:541} INFO - Filling up the DagBag from /home/airflow/.local/lib/python3.7/site-packages/airflow/example_dags/example_task_group.py
[2023-06-17T02:18:18.175+0000] {processor.py:836} INFO - DAG(s) dict_keys(['example_task_group']) retrieved from /home/airflow/.local/lib/python3.7/site-packages/airflow/example_dags/example_task_group.py
[2023-06-17T02:18:18.235+0000] {logging_mixin.py:149} INFO - [2023-06-17T02:18:18.235+0000] {dag.py:2726} INFO - Sync 1 DAGs
[2023-06-17T02:18:18.265+0000] {logging_mixin.py:149} INFO - [2023-06-17T02:18:18.265+0000] {dag.py:3490} INFO - Setting next_dagrun for example_task_group to 2023-06-16T02:18:18.265311+00:00, run_after=2023-06-17T02:18:18.265311+00:00
[2023-06-17T02:18:18.480+0000] {processor.py:179} INFO - Processing /home/airflow/.local/lib/python3.7/site-packages/airflow/example_dags/example_task_group.py took 0.843 seconds
[2023-06-17T02:18:49.275+0000] {processor.py:157} INFO - Started process (PID=213) to work on /home/airflow/.local/lib/python3.7/site-packages/airflow/example_dags/example_task_group.py
[2023-06-17T02:18:49.422+0000] {processor.py:826} INFO - Processing file /home/airflow/.local/lib/python3.7/site-packages/airflow/example_dags/example_task_group.py for tasks to queue
[2023-06-17T02:18:49.424+0000] {logging_mixin.py:149} INFO - [2023-06-17T02:18:49.423+0000] {dagbag.py:541} INFO - Filling up the DagBag from /home/airflow/.local/lib/python3.7/site-packages/airflow/example_dags/example_task_group.py
[2023-06-17T02:18:49.448+0000] {processor.py:836} INFO - DAG(s) dict_keys(['example_task_group']) retrieved from /home/airflow/.local/lib/python3.7/site-packages/airflow/example_dags/example_task_group.py
[2023-06-17T02:18:49.477+0000] {logging_mixin.py:149} INFO - [2023-06-17T02:18:49.477+0000] {dag.py:2726} INFO - Sync 1 DAGs
[2023-06-17T02:18:49.503+0000] {logging_mixin.py:149} INFO - [2023-06-17T02:18:49.503+0000] {dag.py:3490} INFO - Setting next_dagrun for example_task_group to 2023-06-16T02:18:49.503031+00:00, run_after=2023-06-17T02:18:49.503031+00:00
[2023-06-17T02:18:49.641+0000] {processor.py:179} INFO - Processing /home/airflow/.local/lib/python3.7/site-packages/airflow/example_dags/example_task_group.py took 0.371 seconds
[2023-06-17T02:19:20.631+0000] {processor.py:157} INFO - Started process (PID=266) to work on /home/airflow/.local/lib/python3.7/site-packages/airflow/example_dags/example_task_group.py
[2023-06-17T02:19:20.758+0000] {processor.py:826} INFO - Processing file /home/airflow/.local/lib/python3.7/site-packages/airflow/example_dags/example_task_group.py for tasks to queue
[2023-06-17T02:19:20.759+0000] {logging_mixin.py:149} INFO - [2023-06-17T02:19:20.759+0000] {dagbag.py:541} INFO - Filling up the DagBag from /home/airflow/.local/lib/python3.7/site-packages/airflow/example_dags/example_task_group.py
[2023-06-17T02:19:20.878+0000] {processor.py:836} INFO - DAG(s) dict_keys(['example_task_group']) retrieved from /home/airflow/.local/lib/python3.7/site-packages/airflow/example_dags/example_task_group.py
[2023-06-17T02:19:20.906+0000] {logging_mixin.py:149} INFO - [2023-06-17T02:19:20.906+0000] {dag.py:2726} INFO - Sync 1 DAGs
[2023-06-17T02:19:20.944+0000] {logging_mixin.py:149} INFO - [2023-06-17T02:19:20.944+0000] {dag.py:3490} INFO - Setting next_dagrun for example_task_group to 2023-06-16T02:19:20.943885+00:00, run_after=2023-06-17T02:19:20.943885+00:00
[2023-06-17T02:19:21.076+0000] {processor.py:179} INFO - Processing /home/airflow/.local/lib/python3.7/site-packages/airflow/example_dags/example_task_group.py took 0.448 seconds
[2023-06-17T02:19:51.403+0000] {processor.py:157} INFO - Started process (PID=326) to work on /home/airflow/.local/lib/python3.7/site-packages/airflow/example_dags/example_task_group.py
[2023-06-17T02:19:51.790+0000] {processor.py:826} INFO - Processing file /home/airflow/.local/lib/python3.7/site-packages/airflow/example_dags/example_task_group.py for tasks to queue
[2023-06-17T02:19:51.791+0000] {logging_mixin.py:149} INFO - [2023-06-17T02:19:51.791+0000] {dagbag.py:541} INFO - Filling up the DagBag from /home/airflow/.local/lib/python3.7/site-packages/airflow/example_dags/example_task_group.py
[2023-06-17T02:19:51.800+0000] {processor.py:836} INFO - DAG(s) dict_keys(['example_task_group']) retrieved from /home/airflow/.local/lib/python3.7/site-packages/airflow/example_dags/example_task_group.py
[2023-06-17T02:19:51.829+0000] {logging_mixin.py:149} INFO - [2023-06-17T02:19:51.829+0000] {dag.py:2726} INFO - Sync 1 DAGs
[2023-06-17T02:19:51.857+0000] {logging_mixin.py:149} INFO - [2023-06-17T02:19:51.857+0000] {dag.py:3490} INFO - Setting next_dagrun for example_task_group to 2023-06-16T02:19:51.857266+00:00, run_after=2023-06-17T02:19:51.857266+00:00
[2023-06-17T02:19:52.049+0000] {processor.py:179} INFO - Processing /home/airflow/.local/lib/python3.7/site-packages/airflow/example_dags/example_task_group.py took 0.649 seconds
[2023-06-17T02:20:24.393+0000] {processor.py:157} INFO - Started process (PID=382) to work on /home/airflow/.local/lib/python3.7/site-packages/airflow/example_dags/example_task_group.py
[2023-06-17T02:20:24.574+0000] {processor.py:826} INFO - Processing file /home/airflow/.local/lib/python3.7/site-packages/airflow/example_dags/example_task_group.py for tasks to queue
[2023-06-17T02:20:24.575+0000] {logging_mixin.py:149} INFO - [2023-06-17T02:20:24.575+0000] {dagbag.py:541} INFO - Filling up the DagBag from /home/airflow/.local/lib/python3.7/site-packages/airflow/example_dags/example_task_group.py
[2023-06-17T02:20:24.583+0000] {processor.py:836} INFO - DAG(s) dict_keys(['example_task_group']) retrieved from /home/airflow/.local/lib/python3.7/site-packages/airflow/example_dags/example_task_group.py
[2023-06-17T02:20:24.610+0000] {logging_mixin.py:149} INFO - [2023-06-17T02:20:24.610+0000] {dag.py:2726} INFO - Sync 1 DAGs
[2023-06-17T02:20:24.650+0000] {logging_mixin.py:149} INFO - [2023-06-17T02:20:24.649+0000] {dag.py:3490} INFO - Setting next_dagrun for example_task_group to 2023-06-16T02:20:24.649678+00:00, run_after=2023-06-17T02:20:24.649678+00:00
[2023-06-17T02:20:24.809+0000] {processor.py:179} INFO - Processing /home/airflow/.local/lib/python3.7/site-packages/airflow/example_dags/example_task_group.py took 0.419 seconds
[2023-06-17T02:20:58.533+0000] {processor.py:157} INFO - Started process (PID=449) to work on /home/airflow/.local/lib/python3.7/site-packages/airflow/example_dags/example_task_group.py
[2023-06-17T02:20:58.804+0000] {processor.py:826} INFO - Processing file /home/airflow/.local/lib/python3.7/site-packages/airflow/example_dags/example_task_group.py for tasks to queue
[2023-06-17T02:20:58.804+0000] {logging_mixin.py:149} INFO - [2023-06-17T02:20:58.804+0000] {dagbag.py:541} INFO - Filling up the DagBag from /home/airflow/.local/lib/python3.7/site-packages/airflow/example_dags/example_task_group.py
[2023-06-17T02:20:58.812+0000] {processor.py:836} INFO - DAG(s) dict_keys(['example_task_group']) retrieved from /home/airflow/.local/lib/python3.7/site-packages/airflow/example_dags/example_task_group.py
[2023-06-17T02:20:58.841+0000] {logging_mixin.py:149} INFO - [2023-06-17T02:20:58.840+0000] {dag.py:2726} INFO - Sync 1 DAGs
[2023-06-17T02:20:58.876+0000] {logging_mixin.py:149} INFO - [2023-06-17T02:20:58.876+0000] {dag.py:3490} INFO - Setting next_dagrun for example_task_group to 2023-06-16T02:20:58.876306+00:00, run_after=2023-06-17T02:20:58.876306+00:00
[2023-06-17T02:20:59.079+0000] {processor.py:179} INFO - Processing /home/airflow/.local/lib/python3.7/site-packages/airflow/example_dags/example_task_group.py took 0.549 seconds
[2023-06-17T02:21:29.615+0000] {processor.py:157} INFO - Started process (PID=501) to work on /home/airflow/.local/lib/python3.7/site-packages/airflow/example_dags/example_task_group.py
[2023-06-17T02:21:29.716+0000] {processor.py:826} INFO - Processing file /home/airflow/.local/lib/python3.7/site-packages/airflow/example_dags/example_task_group.py for tasks to queue
[2023-06-17T02:21:29.716+0000] {logging_mixin.py:149} INFO - [2023-06-17T02:21:29.716+0000] {dagbag.py:541} INFO - Filling up the DagBag from /home/airflow/.local/lib/python3.7/site-packages/airflow/example_dags/example_task_group.py
[2023-06-17T02:21:29.839+0000] {processor.py:836} INFO - DAG(s) dict_keys(['example_task_group']) retrieved from /home/airflow/.local/lib/python3.7/site-packages/airflow/example_dags/example_task_group.py
[2023-06-17T02:21:29.877+0000] {logging_mixin.py:149} INFO - [2023-06-17T02:21:29.877+0000] {dag.py:2726} INFO - Sync 1 DAGs
[2023-06-17T02:21:29.902+0000] {logging_mixin.py:149} INFO - [2023-06-17T02:21:29.902+0000] {dag.py:3490} INFO - Setting next_dagrun for example_task_group to 2023-06-16T02:21:29.902412+00:00, run_after=2023-06-17T02:21:29.902412+00:00
[2023-06-17T02:21:30.004+0000] {processor.py:179} INFO - Processing /home/airflow/.local/lib/python3.7/site-packages/airflow/example_dags/example_task_group.py took 0.391 seconds
[2023-06-17T02:22:00.348+0000] {processor.py:157} INFO - Started process (PID=555) to work on /home/airflow/.local/lib/python3.7/site-packages/airflow/example_dags/example_task_group.py
[2023-06-17T02:22:00.377+0000] {processor.py:826} INFO - Processing file /home/airflow/.local/lib/python3.7/site-packages/airflow/example_dags/example_task_group.py for tasks to queue
[2023-06-17T02:22:00.379+0000] {logging_mixin.py:149} INFO - [2023-06-17T02:22:00.378+0000] {dagbag.py:541} INFO - Filling up the DagBag from /home/airflow/.local/lib/python3.7/site-packages/airflow/example_dags/example_task_group.py
[2023-06-17T02:22:00.394+0000] {processor.py:836} INFO - DAG(s) dict_keys(['example_task_group']) retrieved from /home/airflow/.local/lib/python3.7/site-packages/airflow/example_dags/example_task_group.py
[2023-06-17T02:22:00.421+0000] {logging_mixin.py:149} INFO - [2023-06-17T02:22:00.421+0000] {dag.py:2726} INFO - Sync 1 DAGs
[2023-06-17T02:22:00.447+0000] {logging_mixin.py:149} INFO - [2023-06-17T02:22:00.447+0000] {dag.py:3490} INFO - Setting next_dagrun for example_task_group to 2023-06-16T02:22:00.447493+00:00, run_after=2023-06-17T02:22:00.447493+00:00
[2023-06-17T02:22:00.697+0000] {processor.py:179} INFO - Processing /home/airflow/.local/lib/python3.7/site-packages/airflow/example_dags/example_task_group.py took 0.354 seconds
[2023-06-17T02:22:31.174+0000] {processor.py:157} INFO - Started process (PID=608) to work on /home/airflow/.local/lib/python3.7/site-packages/airflow/example_dags/example_task_group.py
[2023-06-17T02:22:31.355+0000] {processor.py:826} INFO - Processing file /home/airflow/.local/lib/python3.7/site-packages/airflow/example_dags/example_task_group.py for tasks to queue
[2023-06-17T02:22:31.360+0000] {logging_mixin.py:149} INFO - [2023-06-17T02:22:31.360+0000] {dagbag.py:541} INFO - Filling up the DagBag from /home/airflow/.local/lib/python3.7/site-packages/airflow/example_dags/example_task_group.py
[2023-06-17T02:22:31.386+0000] {processor.py:836} INFO - DAG(s) dict_keys(['example_task_group']) retrieved from /home/airflow/.local/lib/python3.7/site-packages/airflow/example_dags/example_task_group.py
[2023-06-17T02:22:31.422+0000] {logging_mixin.py:149} INFO - [2023-06-17T02:22:31.422+0000] {dag.py:2726} INFO - Sync 1 DAGs
[2023-06-17T02:22:31.448+0000] {logging_mixin.py:149} INFO - [2023-06-17T02:22:31.448+0000] {dag.py:3490} INFO - Setting next_dagrun for example_task_group to 2023-06-16T02:22:31.448314+00:00, run_after=2023-06-17T02:22:31.448314+00:00
[2023-06-17T02:22:31.592+0000] {processor.py:179} INFO - Processing /home/airflow/.local/lib/python3.7/site-packages/airflow/example_dags/example_task_group.py took 0.421 seconds
[2023-06-17T02:23:18.569+0000] {processor.py:157} INFO - Started process (PID=672) to work on /home/airflow/.local/lib/python3.7/site-packages/airflow/example_dags/example_task_group.py
[2023-06-17T02:23:18.650+0000] {processor.py:826} INFO - Processing file /home/airflow/.local/lib/python3.7/site-packages/airflow/example_dags/example_task_group.py for tasks to queue
[2023-06-17T02:23:18.650+0000] {logging_mixin.py:149} INFO - [2023-06-17T02:23:18.650+0000] {dagbag.py:541} INFO - Filling up the DagBag from /home/airflow/.local/lib/python3.7/site-packages/airflow/example_dags/example_task_group.py
[2023-06-17T02:23:18.657+0000] {processor.py:836} INFO - DAG(s) dict_keys(['example_task_group']) retrieved from /home/airflow/.local/lib/python3.7/site-packages/airflow/example_dags/example_task_group.py
[2023-06-17T02:23:18.679+0000] {logging_mixin.py:149} INFO - [2023-06-17T02:23:18.679+0000] {dag.py:2726} INFO - Sync 1 DAGs
[2023-06-17T02:23:18.707+0000] {logging_mixin.py:149} INFO - [2023-06-17T02:23:18.706+0000] {dag.py:3490} INFO - Setting next_dagrun for example_task_group to 2023-06-16T02:23:18.706665+00:00, run_after=2023-06-17T02:23:18.706665+00:00
[2023-06-17T02:23:18.808+0000] {processor.py:179} INFO - Processing /home/airflow/.local/lib/python3.7/site-packages/airflow/example_dags/example_task_group.py took 0.241 seconds
[2023-06-17T02:23:48.958+0000] {processor.py:157} INFO - Started process (PID=733) to work on /home/airflow/.local/lib/python3.7/site-packages/airflow/example_dags/example_task_group.py
[2023-06-17T02:23:48.959+0000] {processor.py:826} INFO - Processing file /home/airflow/.local/lib/python3.7/site-packages/airflow/example_dags/example_task_group.py for tasks to queue
[2023-06-17T02:23:48.959+0000] {logging_mixin.py:149} INFO - [2023-06-17T02:23:48.959+0000] {dagbag.py:541} INFO - Filling up the DagBag from /home/airflow/.local/lib/python3.7/site-packages/airflow/example_dags/example_task_group.py
[2023-06-17T02:23:48.965+0000] {processor.py:836} INFO - DAG(s) dict_keys(['example_task_group']) retrieved from /home/airflow/.local/lib/python3.7/site-packages/airflow/example_dags/example_task_group.py
[2023-06-17T02:23:48.995+0000] {logging_mixin.py:149} INFO - [2023-06-17T02:23:48.995+0000] {dag.py:2726} INFO - Sync 1 DAGs
[2023-06-17T02:23:49.029+0000] {logging_mixin.py:149} INFO - [2023-06-17T02:23:49.029+0000] {dag.py:3490} INFO - Setting next_dagrun for example_task_group to 2023-06-16T02:23:49.028903+00:00, run_after=2023-06-17T02:23:49.028903+00:00
[2023-06-17T02:23:49.093+0000] {processor.py:179} INFO - Processing /home/airflow/.local/lib/python3.7/site-packages/airflow/example_dags/example_task_group.py took 0.138 seconds
[2023-06-17T02:24:20.340+0000] {processor.py:157} INFO - Started process (PID=794) to work on /home/airflow/.local/lib/python3.7/site-packages/airflow/example_dags/example_task_group.py
[2023-06-17T02:24:20.352+0000] {processor.py:826} INFO - Processing file /home/airflow/.local/lib/python3.7/site-packages/airflow/example_dags/example_task_group.py for tasks to queue
[2023-06-17T02:24:20.352+0000] {logging_mixin.py:149} INFO - [2023-06-17T02:24:20.352+0000] {dagbag.py:541} INFO - Filling up the DagBag from /home/airflow/.local/lib/python3.7/site-packages/airflow/example_dags/example_task_group.py
[2023-06-17T02:24:20.363+0000] {processor.py:836} INFO - DAG(s) dict_keys(['example_task_group']) retrieved from /home/airflow/.local/lib/python3.7/site-packages/airflow/example_dags/example_task_group.py
[2023-06-17T02:24:20.397+0000] {logging_mixin.py:149} INFO - [2023-06-17T02:24:20.397+0000] {dag.py:2726} INFO - Sync 1 DAGs
[2023-06-17T02:24:20.440+0000] {logging_mixin.py:149} INFO - [2023-06-17T02:24:20.440+0000] {dag.py:3490} INFO - Setting next_dagrun for example_task_group to 2023-06-16T02:24:20.439990+00:00, run_after=2023-06-17T02:24:20.439990+00:00
[2023-06-17T02:24:20.477+0000] {processor.py:179} INFO - Processing /home/airflow/.local/lib/python3.7/site-packages/airflow/example_dags/example_task_group.py took 0.141 seconds
[2023-06-17T02:24:52.663+0000] {processor.py:157} INFO - Started process (PID=847) to work on /home/airflow/.local/lib/python3.7/site-packages/airflow/example_dags/example_task_group.py
[2023-06-17T02:24:52.687+0000] {processor.py:826} INFO - Processing file /home/airflow/.local/lib/python3.7/site-packages/airflow/example_dags/example_task_group.py for tasks to queue
[2023-06-17T02:24:52.687+0000] {logging_mixin.py:149} INFO - [2023-06-17T02:24:52.687+0000] {dagbag.py:541} INFO - Filling up the DagBag from /home/airflow/.local/lib/python3.7/site-packages/airflow/example_dags/example_task_group.py
[2023-06-17T02:24:52.696+0000] {processor.py:836} INFO - DAG(s) dict_keys(['example_task_group']) retrieved from /home/airflow/.local/lib/python3.7/site-packages/airflow/example_dags/example_task_group.py
[2023-06-17T02:24:52.721+0000] {logging_mixin.py:149} INFO - [2023-06-17T02:24:52.721+0000] {dag.py:2726} INFO - Sync 1 DAGs
[2023-06-17T02:24:52.755+0000] {logging_mixin.py:149} INFO - [2023-06-17T02:24:52.755+0000] {dag.py:3490} INFO - Setting next_dagrun for example_task_group to 2023-06-16T02:24:52.754993+00:00, run_after=2023-06-17T02:24:52.754993+00:00
[2023-06-17T02:24:52.802+0000] {processor.py:179} INFO - Processing /home/airflow/.local/lib/python3.7/site-packages/airflow/example_dags/example_task_group.py took 0.142 seconds
[2023-06-17T02:25:28.598+0000] {processor.py:157} INFO - Started process (PID=899) to work on /home/airflow/.local/lib/python3.7/site-packages/airflow/example_dags/example_task_group.py
[2023-06-17T02:25:28.637+0000] {processor.py:826} INFO - Processing file /home/airflow/.local/lib/python3.7/site-packages/airflow/example_dags/example_task_group.py for tasks to queue
[2023-06-17T02:25:28.640+0000] {logging_mixin.py:149} INFO - [2023-06-17T02:25:28.639+0000] {dagbag.py:541} INFO - Filling up the DagBag from /home/airflow/.local/lib/python3.7/site-packages/airflow/example_dags/example_task_group.py
[2023-06-17T02:25:28.661+0000] {processor.py:836} INFO - DAG(s) dict_keys(['example_task_group']) retrieved from /home/airflow/.local/lib/python3.7/site-packages/airflow/example_dags/example_task_group.py
[2023-06-17T02:25:28.689+0000] {logging_mixin.py:149} INFO - [2023-06-17T02:25:28.688+0000] {dag.py:2726} INFO - Sync 1 DAGs
[2023-06-17T02:25:28.713+0000] {logging_mixin.py:149} INFO - [2023-06-17T02:25:28.713+0000] {dag.py:3490} INFO - Setting next_dagrun for example_task_group to 2023-06-16T02:25:28.713585+00:00, run_after=2023-06-17T02:25:28.713585+00:00
[2023-06-17T02:25:28.941+0000] {processor.py:179} INFO - Processing /home/airflow/.local/lib/python3.7/site-packages/airflow/example_dags/example_task_group.py took 0.347 seconds
[2023-06-17T02:25:59.804+0000] {processor.py:157} INFO - Started process (PID=960) to work on /home/airflow/.local/lib/python3.7/site-packages/airflow/example_dags/example_task_group.py
[2023-06-17T02:25:59.854+0000] {processor.py:826} INFO - Processing file /home/airflow/.local/lib/python3.7/site-packages/airflow/example_dags/example_task_group.py for tasks to queue
[2023-06-17T02:25:59.855+0000] {logging_mixin.py:149} INFO - [2023-06-17T02:25:59.855+0000] {dagbag.py:541} INFO - Filling up the DagBag from /home/airflow/.local/lib/python3.7/site-packages/airflow/example_dags/example_task_group.py
[2023-06-17T02:25:59.877+0000] {processor.py:836} INFO - DAG(s) dict_keys(['example_task_group']) retrieved from /home/airflow/.local/lib/python3.7/site-packages/airflow/example_dags/example_task_group.py
[2023-06-17T02:25:59.941+0000] {logging_mixin.py:149} INFO - [2023-06-17T02:25:59.940+0000] {dag.py:2726} INFO - Sync 1 DAGs
[2023-06-17T02:26:00.022+0000] {logging_mixin.py:149} INFO - [2023-06-17T02:26:00.022+0000] {dag.py:3490} INFO - Setting next_dagrun for example_task_group to 2023-06-16T02:26:00.021510+00:00, run_after=2023-06-17T02:26:00.021510+00:00
[2023-06-17T02:26:00.099+0000] {processor.py:179} INFO - Processing /home/airflow/.local/lib/python3.7/site-packages/airflow/example_dags/example_task_group.py took 0.301 seconds
[2023-06-17T02:26:30.810+0000] {processor.py:157} INFO - Started process (PID=1021) to work on /home/airflow/.local/lib/python3.7/site-packages/airflow/example_dags/example_task_group.py
[2023-06-17T02:26:30.828+0000] {processor.py:826} INFO - Processing file /home/airflow/.local/lib/python3.7/site-packages/airflow/example_dags/example_task_group.py for tasks to queue
[2023-06-17T02:26:30.829+0000] {logging_mixin.py:149} INFO - [2023-06-17T02:26:30.828+0000] {dagbag.py:541} INFO - Filling up the DagBag from /home/airflow/.local/lib/python3.7/site-packages/airflow/example_dags/example_task_group.py
[2023-06-17T02:26:30.838+0000] {processor.py:836} INFO - DAG(s) dict_keys(['example_task_group']) retrieved from /home/airflow/.local/lib/python3.7/site-packages/airflow/example_dags/example_task_group.py
[2023-06-17T02:26:30.869+0000] {logging_mixin.py:149} INFO - [2023-06-17T02:26:30.869+0000] {dag.py:2726} INFO - Sync 1 DAGs
[2023-06-17T02:26:30.906+0000] {logging_mixin.py:149} INFO - [2023-06-17T02:26:30.906+0000] {dag.py:3490} INFO - Setting next_dagrun for example_task_group to 2023-06-16T02:26:30.906484+00:00, run_after=2023-06-17T02:26:30.906484+00:00
[2023-06-17T02:26:30.985+0000] {processor.py:179} INFO - Processing /home/airflow/.local/lib/python3.7/site-packages/airflow/example_dags/example_task_group.py took 0.178 seconds
[2023-06-17T02:27:13.962+0000] {processor.py:157} INFO - Started process (PID=1085) to work on /home/airflow/.local/lib/python3.7/site-packages/airflow/example_dags/example_task_group.py
[2023-06-17T02:27:14.193+0000] {processor.py:826} INFO - Processing file /home/airflow/.local/lib/python3.7/site-packages/airflow/example_dags/example_task_group.py for tasks to queue
[2023-06-17T02:27:14.194+0000] {logging_mixin.py:149} INFO - [2023-06-17T02:27:14.194+0000] {dagbag.py:541} INFO - Filling up the DagBag from /home/airflow/.local/lib/python3.7/site-packages/airflow/example_dags/example_task_group.py
[2023-06-17T02:27:14.425+0000] {processor.py:836} INFO - DAG(s) dict_keys(['example_task_group']) retrieved from /home/airflow/.local/lib/python3.7/site-packages/airflow/example_dags/example_task_group.py
[2023-06-17T02:27:14.449+0000] {logging_mixin.py:149} INFO - [2023-06-17T02:27:14.449+0000] {dag.py:2726} INFO - Sync 1 DAGs
[2023-06-17T02:27:14.476+0000] {logging_mixin.py:149} INFO - [2023-06-17T02:27:14.476+0000] {dag.py:3490} INFO - Setting next_dagrun for example_task_group to 2023-06-16T02:27:14.475813+00:00, run_after=2023-06-17T02:27:14.475813+00:00
[2023-06-17T02:27:14.616+0000] {processor.py:179} INFO - Processing /home/airflow/.local/lib/python3.7/site-packages/airflow/example_dags/example_task_group.py took 0.662 seconds
[2023-06-17T02:27:46.131+0000] {processor.py:157} INFO - Started process (PID=1146) to work on /home/airflow/.local/lib/python3.7/site-packages/airflow/example_dags/example_task_group.py
[2023-06-17T02:27:46.268+0000] {processor.py:826} INFO - Processing file /home/airflow/.local/lib/python3.7/site-packages/airflow/example_dags/example_task_group.py for tasks to queue
[2023-06-17T02:27:46.269+0000] {logging_mixin.py:149} INFO - [2023-06-17T02:27:46.269+0000] {dagbag.py:541} INFO - Filling up the DagBag from /home/airflow/.local/lib/python3.7/site-packages/airflow/example_dags/example_task_group.py
[2023-06-17T02:27:46.278+0000] {processor.py:836} INFO - DAG(s) dict_keys(['example_task_group']) retrieved from /home/airflow/.local/lib/python3.7/site-packages/airflow/example_dags/example_task_group.py
[2023-06-17T02:27:46.305+0000] {logging_mixin.py:149} INFO - [2023-06-17T02:27:46.305+0000] {dag.py:2726} INFO - Sync 1 DAGs
[2023-06-17T02:27:46.334+0000] {logging_mixin.py:149} INFO - [2023-06-17T02:27:46.334+0000] {dag.py:3490} INFO - Setting next_dagrun for example_task_group to 2023-06-16T02:27:46.334256+00:00, run_after=2023-06-17T02:27:46.334256+00:00
[2023-06-17T02:27:46.484+0000] {processor.py:179} INFO - Processing /home/airflow/.local/lib/python3.7/site-packages/airflow/example_dags/example_task_group.py took 0.356 seconds
[2023-06-17T02:28:16.959+0000] {processor.py:157} INFO - Started process (PID=1198) to work on /home/airflow/.local/lib/python3.7/site-packages/airflow/example_dags/example_task_group.py
[2023-06-17T02:28:16.960+0000] {processor.py:826} INFO - Processing file /home/airflow/.local/lib/python3.7/site-packages/airflow/example_dags/example_task_group.py for tasks to queue
[2023-06-17T02:28:16.960+0000] {logging_mixin.py:149} INFO - [2023-06-17T02:28:16.960+0000] {dagbag.py:541} INFO - Filling up the DagBag from /home/airflow/.local/lib/python3.7/site-packages/airflow/example_dags/example_task_group.py
[2023-06-17T02:28:16.968+0000] {processor.py:836} INFO - DAG(s) dict_keys(['example_task_group']) retrieved from /home/airflow/.local/lib/python3.7/site-packages/airflow/example_dags/example_task_group.py
[2023-06-17T02:28:16.991+0000] {logging_mixin.py:149} INFO - [2023-06-17T02:28:16.991+0000] {dag.py:2726} INFO - Sync 1 DAGs
[2023-06-17T02:28:17.017+0000] {logging_mixin.py:149} INFO - [2023-06-17T02:28:17.017+0000] {dag.py:3490} INFO - Setting next_dagrun for example_task_group to 2023-06-16T02:28:17.017175+00:00, run_after=2023-06-17T02:28:17.017175+00:00
[2023-06-17T02:28:17.104+0000] {processor.py:179} INFO - Processing /home/airflow/.local/lib/python3.7/site-packages/airflow/example_dags/example_task_group.py took 0.148 seconds
[2023-06-17T02:28:47.878+0000] {processor.py:157} INFO - Started process (PID=1259) to work on /home/airflow/.local/lib/python3.7/site-packages/airflow/example_dags/example_task_group.py
[2023-06-17T02:28:47.919+0000] {processor.py:826} INFO - Processing file /home/airflow/.local/lib/python3.7/site-packages/airflow/example_dags/example_task_group.py for tasks to queue
[2023-06-17T02:28:47.920+0000] {logging_mixin.py:149} INFO - [2023-06-17T02:28:47.920+0000] {dagbag.py:541} INFO - Filling up the DagBag from /home/airflow/.local/lib/python3.7/site-packages/airflow/example_dags/example_task_group.py
[2023-06-17T02:28:47.928+0000] {processor.py:836} INFO - DAG(s) dict_keys(['example_task_group']) retrieved from /home/airflow/.local/lib/python3.7/site-packages/airflow/example_dags/example_task_group.py
[2023-06-17T02:28:47.956+0000] {logging_mixin.py:149} INFO - [2023-06-17T02:28:47.956+0000] {dag.py:2726} INFO - Sync 1 DAGs
[2023-06-17T02:28:47.985+0000] {logging_mixin.py:149} INFO - [2023-06-17T02:28:47.985+0000] {dag.py:3490} INFO - Setting next_dagrun for example_task_group to 2023-06-16T02:28:47.985098+00:00, run_after=2023-06-17T02:28:47.985098+00:00
[2023-06-17T02:28:48.055+0000] {processor.py:179} INFO - Processing /home/airflow/.local/lib/python3.7/site-packages/airflow/example_dags/example_task_group.py took 0.179 seconds
[2023-06-17T02:29:18.753+0000] {processor.py:157} INFO - Started process (PID=1320) to work on /home/airflow/.local/lib/python3.7/site-packages/airflow/example_dags/example_task_group.py
[2023-06-17T02:29:18.813+0000] {processor.py:826} INFO - Processing file /home/airflow/.local/lib/python3.7/site-packages/airflow/example_dags/example_task_group.py for tasks to queue
[2023-06-17T02:29:18.814+0000] {logging_mixin.py:149} INFO - [2023-06-17T02:29:18.814+0000] {dagbag.py:541} INFO - Filling up the DagBag from /home/airflow/.local/lib/python3.7/site-packages/airflow/example_dags/example_task_group.py
[2023-06-17T02:29:18.821+0000] {processor.py:836} INFO - DAG(s) dict_keys(['example_task_group']) retrieved from /home/airflow/.local/lib/python3.7/site-packages/airflow/example_dags/example_task_group.py
[2023-06-17T02:29:18.849+0000] {logging_mixin.py:149} INFO - [2023-06-17T02:29:18.848+0000] {dag.py:2726} INFO - Sync 1 DAGs
[2023-06-17T02:29:18.880+0000] {logging_mixin.py:149} INFO - [2023-06-17T02:29:18.879+0000] {dag.py:3490} INFO - Setting next_dagrun for example_task_group to 2023-06-16T02:29:18.879635+00:00, run_after=2023-06-17T02:29:18.879635+00:00
[2023-06-17T02:29:19.248+0000] {processor.py:179} INFO - Processing /home/airflow/.local/lib/python3.7/site-packages/airflow/example_dags/example_task_group.py took 0.497 seconds
[2023-06-17T02:31:47.732+0000] {processor.py:157} INFO - Started process (PID=1392) to work on /home/airflow/.local/lib/python3.7/site-packages/airflow/example_dags/example_task_group.py
[2023-06-17T02:31:48.005+0000] {processor.py:826} INFO - Processing file /home/airflow/.local/lib/python3.7/site-packages/airflow/example_dags/example_task_group.py for tasks to queue
[2023-06-17T02:31:48.008+0000] {logging_mixin.py:149} INFO - [2023-06-17T02:31:48.007+0000] {dagbag.py:541} INFO - Filling up the DagBag from /home/airflow/.local/lib/python3.7/site-packages/airflow/example_dags/example_task_group.py
[2023-06-17T02:31:48.035+0000] {processor.py:836} INFO - DAG(s) dict_keys(['example_task_group']) retrieved from /home/airflow/.local/lib/python3.7/site-packages/airflow/example_dags/example_task_group.py
[2023-06-17T02:31:48.076+0000] {logging_mixin.py:149} INFO - [2023-06-17T02:31:48.075+0000] {dag.py:2726} INFO - Sync 1 DAGs
[2023-06-17T02:31:48.105+0000] {logging_mixin.py:149} INFO - [2023-06-17T02:31:48.105+0000] {dag.py:3490} INFO - Setting next_dagrun for example_task_group to 2023-06-16T02:31:48.104812+00:00, run_after=2023-06-17T02:31:48.104812+00:00
[2023-06-17T02:31:48.455+0000] {processor.py:179} INFO - Processing /home/airflow/.local/lib/python3.7/site-packages/airflow/example_dags/example_task_group.py took 0.726 seconds
[2023-06-17T02:32:37.033+0000] {processor.py:157} INFO - Started process (PID=1456) to work on /home/airflow/.local/lib/python3.7/site-packages/airflow/example_dags/example_task_group.py
[2023-06-17T02:32:37.043+0000] {processor.py:826} INFO - Processing file /home/airflow/.local/lib/python3.7/site-packages/airflow/example_dags/example_task_group.py for tasks to queue
[2023-06-17T02:32:37.045+0000] {logging_mixin.py:149} INFO - [2023-06-17T02:32:37.045+0000] {dagbag.py:541} INFO - Filling up the DagBag from /home/airflow/.local/lib/python3.7/site-packages/airflow/example_dags/example_task_group.py
[2023-06-17T02:32:37.070+0000] {processor.py:836} INFO - DAG(s) dict_keys(['example_task_group']) retrieved from /home/airflow/.local/lib/python3.7/site-packages/airflow/example_dags/example_task_group.py
[2023-06-17T02:32:37.108+0000] {logging_mixin.py:149} INFO - [2023-06-17T02:32:37.107+0000] {dag.py:2726} INFO - Sync 1 DAGs
[2023-06-17T02:32:37.139+0000] {logging_mixin.py:149} INFO - [2023-06-17T02:32:37.139+0000] {dag.py:3490} INFO - Setting next_dagrun for example_task_group to 2023-06-16T02:32:37.139019+00:00, run_after=2023-06-17T02:32:37.139019+00:00
[2023-06-17T02:32:37.272+0000] {processor.py:179} INFO - Processing /home/airflow/.local/lib/python3.7/site-packages/airflow/example_dags/example_task_group.py took 0.242 seconds
[2023-06-17T02:33:07.691+0000] {processor.py:157} INFO - Started process (PID=1509) to work on /home/airflow/.local/lib/python3.7/site-packages/airflow/example_dags/example_task_group.py
[2023-06-17T02:33:07.738+0000] {processor.py:826} INFO - Processing file /home/airflow/.local/lib/python3.7/site-packages/airflow/example_dags/example_task_group.py for tasks to queue
[2023-06-17T02:33:07.740+0000] {logging_mixin.py:149} INFO - [2023-06-17T02:33:07.740+0000] {dagbag.py:541} INFO - Filling up the DagBag from /home/airflow/.local/lib/python3.7/site-packages/airflow/example_dags/example_task_group.py
[2023-06-17T02:33:07.762+0000] {processor.py:836} INFO - DAG(s) dict_keys(['example_task_group']) retrieved from /home/airflow/.local/lib/python3.7/site-packages/airflow/example_dags/example_task_group.py
[2023-06-17T02:33:07.846+0000] {logging_mixin.py:149} INFO - [2023-06-17T02:33:07.846+0000] {dag.py:2726} INFO - Sync 1 DAGs
[2023-06-17T02:33:07.960+0000] {logging_mixin.py:149} INFO - [2023-06-17T02:33:07.960+0000] {dag.py:3490} INFO - Setting next_dagrun for example_task_group to 2023-06-16T02:33:07.959680+00:00, run_after=2023-06-17T02:33:07.959680+00:00
[2023-06-17T02:33:08.058+0000] {processor.py:179} INFO - Processing /home/airflow/.local/lib/python3.7/site-packages/airflow/example_dags/example_task_group.py took 0.374 seconds
[2023-06-17T02:33:38.638+0000] {processor.py:157} INFO - Started process (PID=1570) to work on /home/airflow/.local/lib/python3.7/site-packages/airflow/example_dags/example_task_group.py
[2023-06-17T02:33:38.664+0000] {processor.py:826} INFO - Processing file /home/airflow/.local/lib/python3.7/site-packages/airflow/example_dags/example_task_group.py for tasks to queue
[2023-06-17T02:33:38.665+0000] {logging_mixin.py:149} INFO - [2023-06-17T02:33:38.665+0000] {dagbag.py:541} INFO - Filling up the DagBag from /home/airflow/.local/lib/python3.7/site-packages/airflow/example_dags/example_task_group.py
[2023-06-17T02:33:38.673+0000] {processor.py:836} INFO - DAG(s) dict_keys(['example_task_group']) retrieved from /home/airflow/.local/lib/python3.7/site-packages/airflow/example_dags/example_task_group.py
[2023-06-17T02:33:38.707+0000] {logging_mixin.py:149} INFO - [2023-06-17T02:33:38.707+0000] {dag.py:2726} INFO - Sync 1 DAGs
[2023-06-17T02:33:38.740+0000] {logging_mixin.py:149} INFO - [2023-06-17T02:33:38.740+0000] {dag.py:3490} INFO - Setting next_dagrun for example_task_group to 2023-06-16T02:33:38.740533+00:00, run_after=2023-06-17T02:33:38.740533+00:00
[2023-06-17T02:33:39.062+0000] {processor.py:179} INFO - Processing /home/airflow/.local/lib/python3.7/site-packages/airflow/example_dags/example_task_group.py took 0.426 seconds
[2023-06-17T02:34:09.736+0000] {processor.py:157} INFO - Started process (PID=1622) to work on /home/airflow/.local/lib/python3.7/site-packages/airflow/example_dags/example_task_group.py
[2023-06-17T02:34:09.751+0000] {processor.py:826} INFO - Processing file /home/airflow/.local/lib/python3.7/site-packages/airflow/example_dags/example_task_group.py for tasks to queue
[2023-06-17T02:34:09.752+0000] {logging_mixin.py:149} INFO - [2023-06-17T02:34:09.752+0000] {dagbag.py:541} INFO - Filling up the DagBag from /home/airflow/.local/lib/python3.7/site-packages/airflow/example_dags/example_task_group.py
[2023-06-17T02:34:09.764+0000] {processor.py:836} INFO - DAG(s) dict_keys(['example_task_group']) retrieved from /home/airflow/.local/lib/python3.7/site-packages/airflow/example_dags/example_task_group.py
[2023-06-17T02:34:09.804+0000] {logging_mixin.py:149} INFO - [2023-06-17T02:34:09.803+0000] {dag.py:2726} INFO - Sync 1 DAGs
[2023-06-17T02:34:09.843+0000] {logging_mixin.py:149} INFO - [2023-06-17T02:34:09.843+0000] {dag.py:3490} INFO - Setting next_dagrun for example_task_group to 2023-06-16T02:34:09.842836+00:00, run_after=2023-06-17T02:34:09.842836+00:00
[2023-06-17T02:34:09.877+0000] {processor.py:179} INFO - Processing /home/airflow/.local/lib/python3.7/site-packages/airflow/example_dags/example_task_group.py took 0.144 seconds
[2023-06-17T02:34:40.114+0000] {processor.py:157} INFO - Started process (PID=1683) to work on /home/airflow/.local/lib/python3.7/site-packages/airflow/example_dags/example_task_group.py
[2023-06-17T02:34:40.115+0000] {processor.py:826} INFO - Processing file /home/airflow/.local/lib/python3.7/site-packages/airflow/example_dags/example_task_group.py for tasks to queue
[2023-06-17T02:34:40.116+0000] {logging_mixin.py:149} INFO - [2023-06-17T02:34:40.116+0000] {dagbag.py:541} INFO - Filling up the DagBag from /home/airflow/.local/lib/python3.7/site-packages/airflow/example_dags/example_task_group.py
[2023-06-17T02:34:40.124+0000] {processor.py:836} INFO - DAG(s) dict_keys(['example_task_group']) retrieved from /home/airflow/.local/lib/python3.7/site-packages/airflow/example_dags/example_task_group.py
[2023-06-17T02:34:40.150+0000] {logging_mixin.py:149} INFO - [2023-06-17T02:34:40.150+0000] {dag.py:2726} INFO - Sync 1 DAGs
[2023-06-17T02:34:40.180+0000] {logging_mixin.py:149} INFO - [2023-06-17T02:34:40.180+0000] {dag.py:3490} INFO - Setting next_dagrun for example_task_group to 2023-06-16T02:34:40.180313+00:00, run_after=2023-06-17T02:34:40.180313+00:00
[2023-06-17T02:34:40.212+0000] {processor.py:179} INFO - Processing /home/airflow/.local/lib/python3.7/site-packages/airflow/example_dags/example_task_group.py took 0.101 seconds
[2023-06-17T02:35:10.770+0000] {processor.py:157} INFO - Started process (PID=1743) to work on /home/airflow/.local/lib/python3.7/site-packages/airflow/example_dags/example_task_group.py
[2023-06-17T02:35:10.770+0000] {processor.py:826} INFO - Processing file /home/airflow/.local/lib/python3.7/site-packages/airflow/example_dags/example_task_group.py for tasks to queue
[2023-06-17T02:35:10.771+0000] {logging_mixin.py:149} INFO - [2023-06-17T02:35:10.771+0000] {dagbag.py:541} INFO - Filling up the DagBag from /home/airflow/.local/lib/python3.7/site-packages/airflow/example_dags/example_task_group.py
[2023-06-17T02:35:10.780+0000] {processor.py:836} INFO - DAG(s) dict_keys(['example_task_group']) retrieved from /home/airflow/.local/lib/python3.7/site-packages/airflow/example_dags/example_task_group.py
[2023-06-17T02:35:10.806+0000] {logging_mixin.py:149} INFO - [2023-06-17T02:35:10.806+0000] {dag.py:2726} INFO - Sync 1 DAGs
[2023-06-17T02:35:10.838+0000] {logging_mixin.py:149} INFO - [2023-06-17T02:35:10.838+0000] {dag.py:3490} INFO - Setting next_dagrun for example_task_group to 2023-06-16T02:35:10.837905+00:00, run_after=2023-06-17T02:35:10.837905+00:00
[2023-06-17T02:35:10.876+0000] {processor.py:179} INFO - Processing /home/airflow/.local/lib/python3.7/site-packages/airflow/example_dags/example_task_group.py took 0.110 seconds
[2023-06-17T02:35:40.922+0000] {processor.py:157} INFO - Started process (PID=1804) to work on /home/airflow/.local/lib/python3.7/site-packages/airflow/example_dags/example_task_group.py
[2023-06-17T02:35:40.923+0000] {processor.py:826} INFO - Processing file /home/airflow/.local/lib/python3.7/site-packages/airflow/example_dags/example_task_group.py for tasks to queue
[2023-06-17T02:35:40.924+0000] {logging_mixin.py:149} INFO - [2023-06-17T02:35:40.923+0000] {dagbag.py:541} INFO - Filling up the DagBag from /home/airflow/.local/lib/python3.7/site-packages/airflow/example_dags/example_task_group.py
[2023-06-17T02:35:40.932+0000] {processor.py:836} INFO - DAG(s) dict_keys(['example_task_group']) retrieved from /home/airflow/.local/lib/python3.7/site-packages/airflow/example_dags/example_task_group.py
[2023-06-17T02:35:40.959+0000] {logging_mixin.py:149} INFO - [2023-06-17T02:35:40.958+0000] {dag.py:2726} INFO - Sync 1 DAGs
[2023-06-17T02:35:40.991+0000] {logging_mixin.py:149} INFO - [2023-06-17T02:35:40.991+0000] {dag.py:3490} INFO - Setting next_dagrun for example_task_group to 2023-06-16T02:35:40.991493+00:00, run_after=2023-06-17T02:35:40.991493+00:00
[2023-06-17T02:35:41.044+0000] {processor.py:179} INFO - Processing /home/airflow/.local/lib/python3.7/site-packages/airflow/example_dags/example_task_group.py took 0.124 seconds
[2023-06-17T02:36:11.379+0000] {processor.py:157} INFO - Started process (PID=1865) to work on /home/airflow/.local/lib/python3.7/site-packages/airflow/example_dags/example_task_group.py
[2023-06-17T02:36:11.509+0000] {processor.py:826} INFO - Processing file /home/airflow/.local/lib/python3.7/site-packages/airflow/example_dags/example_task_group.py for tasks to queue
[2023-06-17T02:36:11.510+0000] {logging_mixin.py:149} INFO - [2023-06-17T02:36:11.510+0000] {dagbag.py:541} INFO - Filling up the DagBag from /home/airflow/.local/lib/python3.7/site-packages/airflow/example_dags/example_task_group.py
[2023-06-17T02:36:11.518+0000] {processor.py:836} INFO - DAG(s) dict_keys(['example_task_group']) retrieved from /home/airflow/.local/lib/python3.7/site-packages/airflow/example_dags/example_task_group.py
[2023-06-17T02:36:11.546+0000] {logging_mixin.py:149} INFO - [2023-06-17T02:36:11.546+0000] {dag.py:2726} INFO - Sync 1 DAGs
[2023-06-17T02:36:11.581+0000] {logging_mixin.py:149} INFO - [2023-06-17T02:36:11.581+0000] {dag.py:3490} INFO - Setting next_dagrun for example_task_group to 2023-06-16T02:36:11.581303+00:00, run_after=2023-06-17T02:36:11.581303+00:00
[2023-06-17T02:36:11.626+0000] {processor.py:179} INFO - Processing /home/airflow/.local/lib/python3.7/site-packages/airflow/example_dags/example_task_group.py took 0.249 seconds
[2023-06-17T02:36:42.005+0000] {processor.py:157} INFO - Started process (PID=1926) to work on /home/airflow/.local/lib/python3.7/site-packages/airflow/example_dags/example_task_group.py
[2023-06-17T02:36:42.046+0000] {processor.py:826} INFO - Processing file /home/airflow/.local/lib/python3.7/site-packages/airflow/example_dags/example_task_group.py for tasks to queue
[2023-06-17T02:36:42.048+0000] {logging_mixin.py:149} INFO - [2023-06-17T02:36:42.048+0000] {dagbag.py:541} INFO - Filling up the DagBag from /home/airflow/.local/lib/python3.7/site-packages/airflow/example_dags/example_task_group.py
[2023-06-17T02:36:42.070+0000] {processor.py:836} INFO - DAG(s) dict_keys(['example_task_group']) retrieved from /home/airflow/.local/lib/python3.7/site-packages/airflow/example_dags/example_task_group.py
[2023-06-17T02:36:42.100+0000] {logging_mixin.py:149} INFO - [2023-06-17T02:36:42.100+0000] {dag.py:2726} INFO - Sync 1 DAGs
[2023-06-17T02:36:42.127+0000] {logging_mixin.py:149} INFO - [2023-06-17T02:36:42.127+0000] {dag.py:3490} INFO - Setting next_dagrun for example_task_group to 2023-06-16T02:36:42.127010+00:00, run_after=2023-06-17T02:36:42.127010+00:00
[2023-06-17T02:36:42.196+0000] {processor.py:179} INFO - Processing /home/airflow/.local/lib/python3.7/site-packages/airflow/example_dags/example_task_group.py took 0.200 seconds
[2023-06-17T02:37:12.369+0000] {processor.py:157} INFO - Started process (PID=1987) to work on /home/airflow/.local/lib/python3.7/site-packages/airflow/example_dags/example_task_group.py
[2023-06-17T02:37:12.382+0000] {processor.py:826} INFO - Processing file /home/airflow/.local/lib/python3.7/site-packages/airflow/example_dags/example_task_group.py for tasks to queue
[2023-06-17T02:37:12.383+0000] {logging_mixin.py:149} INFO - [2023-06-17T02:37:12.382+0000] {dagbag.py:541} INFO - Filling up the DagBag from /home/airflow/.local/lib/python3.7/site-packages/airflow/example_dags/example_task_group.py
[2023-06-17T02:37:12.394+0000] {processor.py:836} INFO - DAG(s) dict_keys(['example_task_group']) retrieved from /home/airflow/.local/lib/python3.7/site-packages/airflow/example_dags/example_task_group.py
[2023-06-17T02:37:12.424+0000] {logging_mixin.py:149} INFO - [2023-06-17T02:37:12.424+0000] {dag.py:2726} INFO - Sync 1 DAGs
[2023-06-17T02:37:12.459+0000] {logging_mixin.py:149} INFO - [2023-06-17T02:37:12.459+0000] {dag.py:3490} INFO - Setting next_dagrun for example_task_group to 2023-06-16T02:37:12.459212+00:00, run_after=2023-06-17T02:37:12.459212+00:00
[2023-06-17T02:37:12.497+0000] {processor.py:179} INFO - Processing /home/airflow/.local/lib/python3.7/site-packages/airflow/example_dags/example_task_group.py took 0.131 seconds
[2023-06-17T02:37:42.868+0000] {processor.py:157} INFO - Started process (PID=2048) to work on /home/airflow/.local/lib/python3.7/site-packages/airflow/example_dags/example_task_group.py
[2023-06-17T02:37:43.030+0000] {processor.py:826} INFO - Processing file /home/airflow/.local/lib/python3.7/site-packages/airflow/example_dags/example_task_group.py for tasks to queue
[2023-06-17T02:37:43.032+0000] {logging_mixin.py:149} INFO - [2023-06-17T02:37:43.031+0000] {dagbag.py:541} INFO - Filling up the DagBag from /home/airflow/.local/lib/python3.7/site-packages/airflow/example_dags/example_task_group.py
[2023-06-17T02:37:43.057+0000] {processor.py:836} INFO - DAG(s) dict_keys(['example_task_group']) retrieved from /home/airflow/.local/lib/python3.7/site-packages/airflow/example_dags/example_task_group.py
[2023-06-17T02:37:43.089+0000] {logging_mixin.py:149} INFO - [2023-06-17T02:37:43.089+0000] {dag.py:2726} INFO - Sync 1 DAGs
[2023-06-17T02:37:43.114+0000] {logging_mixin.py:149} INFO - [2023-06-17T02:37:43.114+0000] {dag.py:3490} INFO - Setting next_dagrun for example_task_group to 2023-06-16T02:37:43.114067+00:00, run_after=2023-06-17T02:37:43.114067+00:00
[2023-06-17T02:37:43.708+0000] {processor.py:179} INFO - Processing /home/airflow/.local/lib/python3.7/site-packages/airflow/example_dags/example_task_group.py took 0.842 seconds
[2023-06-17T02:38:14.199+0000] {processor.py:157} INFO - Started process (PID=2109) to work on /home/airflow/.local/lib/python3.7/site-packages/airflow/example_dags/example_task_group.py
[2023-06-17T03:24:40.330+0000] {processor.py:826} INFO - Processing file /home/airflow/.local/lib/python3.7/site-packages/airflow/example_dags/example_task_group.py for tasks to queue
[2023-06-17T03:24:40.331+0000] {logging_mixin.py:149} INFO - [2023-06-17T03:24:40.331+0000] {dagbag.py:541} INFO - Filling up the DagBag from /home/airflow/.local/lib/python3.7/site-packages/airflow/example_dags/example_task_group.py
[2023-06-17T03:24:40.346+0000] {processor.py:836} INFO - DAG(s) dict_keys(['example_task_group']) retrieved from /home/airflow/.local/lib/python3.7/site-packages/airflow/example_dags/example_task_group.py
[2023-06-17T03:24:40.683+0000] {logging_mixin.py:149} INFO - [2023-06-17T03:24:40.683+0000] {dag.py:2726} INFO - Sync 1 DAGs
[2023-06-17T03:24:40.709+0000] {logging_mixin.py:149} INFO - [2023-06-17T03:24:40.709+0000] {dag.py:3490} INFO - Setting next_dagrun for example_task_group to 2023-06-16T03:24:40.709392+00:00, run_after=2023-06-17T03:24:40.709392+00:00
[2023-06-17T03:25:11.975+0000] {processor.py:157} INFO - Started process (PID=2170) to work on /home/airflow/.local/lib/python3.7/site-packages/airflow/example_dags/example_task_group.py
[2023-06-17T03:25:11.993+0000] {processor.py:826} INFO - Processing file /home/airflow/.local/lib/python3.7/site-packages/airflow/example_dags/example_task_group.py for tasks to queue
[2023-06-17T03:25:11.994+0000] {logging_mixin.py:149} INFO - [2023-06-17T03:25:11.994+0000] {dagbag.py:541} INFO - Filling up the DagBag from /home/airflow/.local/lib/python3.7/site-packages/airflow/example_dags/example_task_group.py
[2023-06-17T03:25:12.008+0000] {processor.py:836} INFO - DAG(s) dict_keys(['example_task_group']) retrieved from /home/airflow/.local/lib/python3.7/site-packages/airflow/example_dags/example_task_group.py
[2023-06-17T03:25:12.054+0000] {logging_mixin.py:149} INFO - [2023-06-17T03:25:12.053+0000] {dag.py:2726} INFO - Sync 1 DAGs
[2023-06-17T03:25:12.100+0000] {logging_mixin.py:149} INFO - [2023-06-17T03:25:12.099+0000] {dag.py:3490} INFO - Setting next_dagrun for example_task_group to 2023-06-16T03:25:12.099311+00:00, run_after=2023-06-17T03:25:12.099311+00:00
[2023-06-17T03:25:12.154+0000] {processor.py:179} INFO - Processing /home/airflow/.local/lib/python3.7/site-packages/airflow/example_dags/example_task_group.py took 0.182 seconds
                                                                                                                                                                                                                                                                                                                                                                                                                                                                                                                                                                                                                                                                                                                                                                                                                                                                                                                                                                                                                                                                                                                                                                                                                                                                                                                                                                                                      [2023-06-17T03:35:52.644+0000] {processor.py:157} INFO - Started process (PID=64) to work on /home/airflow/.local/lib/python3.7/site-packages/airflow/example_dags/example_task_group.py
[2023-06-17T03:35:52.784+0000] {processor.py:826} INFO - Processing file /home/airflow/.local/lib/python3.7/site-packages/airflow/example_dags/example_task_group.py for tasks to queue
[2023-06-17T03:35:52.785+0000] {logging_mixin.py:149} INFO - [2023-06-17T03:35:52.785+0000] {dagbag.py:541} INFO - Filling up the DagBag from /home/airflow/.local/lib/python3.7/site-packages/airflow/example_dags/example_task_group.py
[2023-06-17T03:35:52.797+0000] {processor.py:836} INFO - DAG(s) dict_keys(['example_task_group']) retrieved from /home/airflow/.local/lib/python3.7/site-packages/airflow/example_dags/example_task_group.py
[2023-06-17T03:35:52.833+0000] {logging_mixin.py:149} INFO - [2023-06-17T03:35:52.832+0000] {dag.py:2726} INFO - Sync 1 DAGs
[2023-06-17T03:35:52.865+0000] {logging_mixin.py:149} INFO - [2023-06-17T03:35:52.865+0000] {dag.py:3490} INFO - Setting next_dagrun for example_task_group to 2023-06-16T03:35:52.865472+00:00, run_after=2023-06-17T03:35:52.865472+00:00
[2023-06-17T03:35:52.974+0000] {processor.py:179} INFO - Processing /home/airflow/.local/lib/python3.7/site-packages/airflow/example_dags/example_task_group.py took 0.333 seconds
[2023-06-17T03:36:26.029+0000] {processor.py:157} INFO - Started process (PID=123) to work on /home/airflow/.local/lib/python3.7/site-packages/airflow/example_dags/example_task_group.py
[2023-06-17T03:36:26.133+0000] {processor.py:826} INFO - Processing file /home/airflow/.local/lib/python3.7/site-packages/airflow/example_dags/example_task_group.py for tasks to queue
[2023-06-17T03:36:26.136+0000] {logging_mixin.py:149} INFO - [2023-06-17T03:36:26.135+0000] {dagbag.py:541} INFO - Filling up the DagBag from /home/airflow/.local/lib/python3.7/site-packages/airflow/example_dags/example_task_group.py
[2023-06-17T03:36:26.162+0000] {processor.py:836} INFO - DAG(s) dict_keys(['example_task_group']) retrieved from /home/airflow/.local/lib/python3.7/site-packages/airflow/example_dags/example_task_group.py
[2023-06-17T03:36:26.198+0000] {logging_mixin.py:149} INFO - [2023-06-17T03:36:26.197+0000] {dag.py:2726} INFO - Sync 1 DAGs
[2023-06-17T03:36:26.223+0000] {logging_mixin.py:149} INFO - [2023-06-17T03:36:26.223+0000] {dag.py:3490} INFO - Setting next_dagrun for example_task_group to 2023-06-16T03:36:26.222810+00:00, run_after=2023-06-17T03:36:26.222810+00:00
[2023-06-17T03:36:26.647+0000] {processor.py:179} INFO - Processing /home/airflow/.local/lib/python3.7/site-packages/airflow/example_dags/example_task_group.py took 0.621 seconds
[2023-06-17T03:36:57.417+0000] {processor.py:157} INFO - Started process (PID=177) to work on /home/airflow/.local/lib/python3.7/site-packages/airflow/example_dags/example_task_group.py
[2023-06-17T03:36:57.440+0000] {processor.py:826} INFO - Processing file /home/airflow/.local/lib/python3.7/site-packages/airflow/example_dags/example_task_group.py for tasks to queue
[2023-06-17T03:36:57.441+0000] {logging_mixin.py:149} INFO - [2023-06-17T03:36:57.440+0000] {dagbag.py:541} INFO - Filling up the DagBag from /home/airflow/.local/lib/python3.7/site-packages/airflow/example_dags/example_task_group.py
[2023-06-17T03:36:57.448+0000] {processor.py:836} INFO - DAG(s) dict_keys(['example_task_group']) retrieved from /home/airflow/.local/lib/python3.7/site-packages/airflow/example_dags/example_task_group.py
[2023-06-17T03:36:57.476+0000] {logging_mixin.py:149} INFO - [2023-06-17T03:36:57.476+0000] {dag.py:2726} INFO - Sync 1 DAGs
[2023-06-17T03:36:57.513+0000] {logging_mixin.py:149} INFO - [2023-06-17T03:36:57.513+0000] {dag.py:3490} INFO - Setting next_dagrun for example_task_group to 2023-06-16T03:36:57.512914+00:00, run_after=2023-06-17T03:36:57.512914+00:00
[2023-06-17T03:36:57.699+0000] {processor.py:179} INFO - Processing /home/airflow/.local/lib/python3.7/site-packages/airflow/example_dags/example_task_group.py took 0.285 seconds
[2023-06-17T03:37:27.954+0000] {processor.py:157} INFO - Started process (PID=231) to work on /home/airflow/.local/lib/python3.7/site-packages/airflow/example_dags/example_task_group.py
[2023-06-17T03:37:27.963+0000] {processor.py:826} INFO - Processing file /home/airflow/.local/lib/python3.7/site-packages/airflow/example_dags/example_task_group.py for tasks to queue
[2023-06-17T03:37:27.964+0000] {logging_mixin.py:149} INFO - [2023-06-17T03:37:27.964+0000] {dagbag.py:541} INFO - Filling up the DagBag from /home/airflow/.local/lib/python3.7/site-packages/airflow/example_dags/example_task_group.py
[2023-06-17T03:37:27.974+0000] {processor.py:836} INFO - DAG(s) dict_keys(['example_task_group']) retrieved from /home/airflow/.local/lib/python3.7/site-packages/airflow/example_dags/example_task_group.py
[2023-06-17T03:37:28.086+0000] {logging_mixin.py:149} INFO - [2023-06-17T03:37:28.086+0000] {dag.py:2726} INFO - Sync 1 DAGs
[2023-06-17T03:37:28.114+0000] {logging_mixin.py:149} INFO - [2023-06-17T03:37:28.114+0000] {dag.py:3490} INFO - Setting next_dagrun for example_task_group to 2023-06-16T03:37:28.114270+00:00, run_after=2023-06-17T03:37:28.114270+00:00
[2023-06-17T03:37:28.300+0000] {processor.py:179} INFO - Processing /home/airflow/.local/lib/python3.7/site-packages/airflow/example_dags/example_task_group.py took 0.350 seconds
[2023-06-17T03:37:59.130+0000] {processor.py:157} INFO - Started process (PID=292) to work on /home/airflow/.local/lib/python3.7/site-packages/airflow/example_dags/example_task_group.py
[2023-06-17T03:37:59.239+0000] {processor.py:826} INFO - Processing file /home/airflow/.local/lib/python3.7/site-packages/airflow/example_dags/example_task_group.py for tasks to queue
[2023-06-17T03:37:59.239+0000] {logging_mixin.py:149} INFO - [2023-06-17T03:37:59.239+0000] {dagbag.py:541} INFO - Filling up the DagBag from /home/airflow/.local/lib/python3.7/site-packages/airflow/example_dags/example_task_group.py
[2023-06-17T03:37:59.247+0000] {processor.py:836} INFO - DAG(s) dict_keys(['example_task_group']) retrieved from /home/airflow/.local/lib/python3.7/site-packages/airflow/example_dags/example_task_group.py
[2023-06-17T03:37:59.281+0000] {logging_mixin.py:149} INFO - [2023-06-17T03:37:59.281+0000] {dag.py:2726} INFO - Sync 1 DAGs
[2023-06-17T03:37:59.318+0000] {logging_mixin.py:149} INFO - [2023-06-17T03:37:59.318+0000] {dag.py:3490} INFO - Setting next_dagrun for example_task_group to 2023-06-16T03:37:59.318525+00:00, run_after=2023-06-17T03:37:59.318525+00:00
[2023-06-17T03:37:59.355+0000] {processor.py:179} INFO - Processing /home/airflow/.local/lib/python3.7/site-packages/airflow/example_dags/example_task_group.py took 0.230 seconds
[2023-06-17T03:38:29.856+0000] {processor.py:157} INFO - Started process (PID=353) to work on /home/airflow/.local/lib/python3.7/site-packages/airflow/example_dags/example_task_group.py
[2023-06-17T03:38:29.909+0000] {processor.py:826} INFO - Processing file /home/airflow/.local/lib/python3.7/site-packages/airflow/example_dags/example_task_group.py for tasks to queue
[2023-06-17T03:38:29.910+0000] {logging_mixin.py:149} INFO - [2023-06-17T03:38:29.910+0000] {dagbag.py:541} INFO - Filling up the DagBag from /home/airflow/.local/lib/python3.7/site-packages/airflow/example_dags/example_task_group.py
[2023-06-17T03:38:29.918+0000] {processor.py:836} INFO - DAG(s) dict_keys(['example_task_group']) retrieved from /home/airflow/.local/lib/python3.7/site-packages/airflow/example_dags/example_task_group.py
[2023-06-17T03:38:29.948+0000] {logging_mixin.py:149} INFO - [2023-06-17T03:38:29.948+0000] {dag.py:2726} INFO - Sync 1 DAGs
[2023-06-17T03:38:29.989+0000] {logging_mixin.py:149} INFO - [2023-06-17T03:38:29.988+0000] {dag.py:3490} INFO - Setting next_dagrun for example_task_group to 2023-06-16T03:38:29.988521+00:00, run_after=2023-06-17T03:38:29.988521+00:00
[2023-06-17T03:38:30.018+0000] {processor.py:179} INFO - Processing /home/airflow/.local/lib/python3.7/site-packages/airflow/example_dags/example_task_group.py took 0.166 seconds
[2023-06-17T03:39:00.140+0000] {processor.py:157} INFO - Started process (PID=414) to work on /home/airflow/.local/lib/python3.7/site-packages/airflow/example_dags/example_task_group.py
[2023-06-17T03:39:00.175+0000] {processor.py:826} INFO - Processing file /home/airflow/.local/lib/python3.7/site-packages/airflow/example_dags/example_task_group.py for tasks to queue
[2023-06-17T03:39:00.176+0000] {logging_mixin.py:149} INFO - [2023-06-17T03:39:00.176+0000] {dagbag.py:541} INFO - Filling up the DagBag from /home/airflow/.local/lib/python3.7/site-packages/airflow/example_dags/example_task_group.py
[2023-06-17T03:39:00.183+0000] {processor.py:836} INFO - DAG(s) dict_keys(['example_task_group']) retrieved from /home/airflow/.local/lib/python3.7/site-packages/airflow/example_dags/example_task_group.py
[2023-06-17T03:39:00.222+0000] {logging_mixin.py:149} INFO - [2023-06-17T03:39:00.222+0000] {dag.py:2726} INFO - Sync 1 DAGs
[2023-06-17T03:39:00.271+0000] {logging_mixin.py:149} INFO - [2023-06-17T03:39:00.271+0000] {dag.py:3490} INFO - Setting next_dagrun for example_task_group to 2023-06-16T03:39:00.271121+00:00, run_after=2023-06-17T03:39:00.271121+00:00
[2023-06-17T03:39:00.308+0000] {processor.py:179} INFO - Processing /home/airflow/.local/lib/python3.7/site-packages/airflow/example_dags/example_task_group.py took 0.171 seconds
[2023-06-17T03:39:30.881+0000] {processor.py:157} INFO - Started process (PID=475) to work on /home/airflow/.local/lib/python3.7/site-packages/airflow/example_dags/example_task_group.py
[2023-06-17T03:39:30.920+0000] {processor.py:826} INFO - Processing file /home/airflow/.local/lib/python3.7/site-packages/airflow/example_dags/example_task_group.py for tasks to queue
[2023-06-17T03:39:30.921+0000] {logging_mixin.py:149} INFO - [2023-06-17T03:39:30.921+0000] {dagbag.py:541} INFO - Filling up the DagBag from /home/airflow/.local/lib/python3.7/site-packages/airflow/example_dags/example_task_group.py
[2023-06-17T03:39:30.928+0000] {processor.py:836} INFO - DAG(s) dict_keys(['example_task_group']) retrieved from /home/airflow/.local/lib/python3.7/site-packages/airflow/example_dags/example_task_group.py
[2023-06-17T03:39:30.951+0000] {logging_mixin.py:149} INFO - [2023-06-17T03:39:30.951+0000] {dag.py:2726} INFO - Sync 1 DAGs
[2023-06-17T03:39:30.978+0000] {logging_mixin.py:149} INFO - [2023-06-17T03:39:30.978+0000] {dag.py:3490} INFO - Setting next_dagrun for example_task_group to 2023-06-16T03:39:30.978060+00:00, run_after=2023-06-17T03:39:30.978060+00:00
[2023-06-17T03:39:31.010+0000] {processor.py:179} INFO - Processing /home/airflow/.local/lib/python3.7/site-packages/airflow/example_dags/example_task_group.py took 0.132 seconds
[2023-06-17T03:40:01.198+0000] {processor.py:157} INFO - Started process (PID=536) to work on /home/airflow/.local/lib/python3.7/site-packages/airflow/example_dags/example_task_group.py
[2023-06-17T03:40:01.223+0000] {processor.py:826} INFO - Processing file /home/airflow/.local/lib/python3.7/site-packages/airflow/example_dags/example_task_group.py for tasks to queue
[2023-06-17T03:40:01.224+0000] {logging_mixin.py:149} INFO - [2023-06-17T03:40:01.224+0000] {dagbag.py:541} INFO - Filling up the DagBag from /home/airflow/.local/lib/python3.7/site-packages/airflow/example_dags/example_task_group.py
[2023-06-17T03:40:01.231+0000] {processor.py:836} INFO - DAG(s) dict_keys(['example_task_group']) retrieved from /home/airflow/.local/lib/python3.7/site-packages/airflow/example_dags/example_task_group.py
[2023-06-17T03:40:01.255+0000] {logging_mixin.py:149} INFO - [2023-06-17T03:40:01.255+0000] {dag.py:2726} INFO - Sync 1 DAGs
[2023-06-17T03:40:01.285+0000] {logging_mixin.py:149} INFO - [2023-06-17T03:40:01.285+0000] {dag.py:3490} INFO - Setting next_dagrun for example_task_group to 2023-06-16T03:40:01.284890+00:00, run_after=2023-06-17T03:40:01.284890+00:00
[2023-06-17T03:40:01.309+0000] {processor.py:179} INFO - Processing /home/airflow/.local/lib/python3.7/site-packages/airflow/example_dags/example_task_group.py took 0.114 seconds
[2023-06-17T03:40:31.547+0000] {processor.py:157} INFO - Started process (PID=597) to work on /home/airflow/.local/lib/python3.7/site-packages/airflow/example_dags/example_task_group.py
[2023-06-17T03:40:31.608+0000] {processor.py:826} INFO - Processing file /home/airflow/.local/lib/python3.7/site-packages/airflow/example_dags/example_task_group.py for tasks to queue
[2023-06-17T03:40:31.609+0000] {logging_mixin.py:149} INFO - [2023-06-17T03:40:31.609+0000] {dagbag.py:541} INFO - Filling up the DagBag from /home/airflow/.local/lib/python3.7/site-packages/airflow/example_dags/example_task_group.py
[2023-06-17T03:40:31.617+0000] {processor.py:836} INFO - DAG(s) dict_keys(['example_task_group']) retrieved from /home/airflow/.local/lib/python3.7/site-packages/airflow/example_dags/example_task_group.py
[2023-06-17T03:40:31.642+0000] {logging_mixin.py:149} INFO - [2023-06-17T03:40:31.642+0000] {dag.py:2726} INFO - Sync 1 DAGs
[2023-06-17T03:40:31.671+0000] {logging_mixin.py:149} INFO - [2023-06-17T03:40:31.671+0000] {dag.py:3490} INFO - Setting next_dagrun for example_task_group to 2023-06-16T03:40:31.671347+00:00, run_after=2023-06-17T03:40:31.671347+00:00
[2023-06-17T03:40:31.795+0000] {processor.py:179} INFO - Processing /home/airflow/.local/lib/python3.7/site-packages/airflow/example_dags/example_task_group.py took 0.250 seconds
[2023-06-17T03:41:02.231+0000] {processor.py:157} INFO - Started process (PID=659) to work on /home/airflow/.local/lib/python3.7/site-packages/airflow/example_dags/example_task_group.py
[2023-06-17T03:41:02.252+0000] {processor.py:826} INFO - Processing file /home/airflow/.local/lib/python3.7/site-packages/airflow/example_dags/example_task_group.py for tasks to queue
[2023-06-17T03:41:02.253+0000] {logging_mixin.py:149} INFO - [2023-06-17T03:41:02.253+0000] {dagbag.py:541} INFO - Filling up the DagBag from /home/airflow/.local/lib/python3.7/site-packages/airflow/example_dags/example_task_group.py
[2023-06-17T03:41:02.262+0000] {processor.py:836} INFO - DAG(s) dict_keys(['example_task_group']) retrieved from /home/airflow/.local/lib/python3.7/site-packages/airflow/example_dags/example_task_group.py
[2023-06-17T03:41:02.289+0000] {logging_mixin.py:149} INFO - [2023-06-17T03:41:02.289+0000] {dag.py:2726} INFO - Sync 1 DAGs
[2023-06-17T03:41:02.314+0000] {logging_mixin.py:149} INFO - [2023-06-17T03:41:02.314+0000] {dag.py:3490} INFO - Setting next_dagrun for example_task_group to 2023-06-16T03:41:02.314287+00:00, run_after=2023-06-17T03:41:02.314287+00:00
[2023-06-17T03:41:02.548+0000] {processor.py:179} INFO - Processing /home/airflow/.local/lib/python3.7/site-packages/airflow/example_dags/example_task_group.py took 0.319 seconds
[2023-06-17T03:41:32.701+0000] {processor.py:157} INFO - Started process (PID=720) to work on /home/airflow/.local/lib/python3.7/site-packages/airflow/example_dags/example_task_group.py
[2023-06-17T03:41:32.705+0000] {processor.py:826} INFO - Processing file /home/airflow/.local/lib/python3.7/site-packages/airflow/example_dags/example_task_group.py for tasks to queue
[2023-06-17T03:41:32.706+0000] {logging_mixin.py:149} INFO - [2023-06-17T03:41:32.706+0000] {dagbag.py:541} INFO - Filling up the DagBag from /home/airflow/.local/lib/python3.7/site-packages/airflow/example_dags/example_task_group.py
[2023-06-17T03:41:32.714+0000] {processor.py:836} INFO - DAG(s) dict_keys(['example_task_group']) retrieved from /home/airflow/.local/lib/python3.7/site-packages/airflow/example_dags/example_task_group.py
[2023-06-17T03:41:32.740+0000] {logging_mixin.py:149} INFO - [2023-06-17T03:41:32.740+0000] {dag.py:2726} INFO - Sync 1 DAGs
[2023-06-17T03:41:32.770+0000] {logging_mixin.py:149} INFO - [2023-06-17T03:41:32.770+0000] {dag.py:3490} INFO - Setting next_dagrun for example_task_group to 2023-06-16T03:41:32.769836+00:00, run_after=2023-06-17T03:41:32.769836+00:00
[2023-06-17T03:41:32.805+0000] {processor.py:179} INFO - Processing /home/airflow/.local/lib/python3.7/site-packages/airflow/example_dags/example_task_group.py took 0.107 seconds
[2023-06-17T03:42:03.818+0000] {processor.py:157} INFO - Started process (PID=781) to work on /home/airflow/.local/lib/python3.7/site-packages/airflow/example_dags/example_task_group.py
[2023-06-17T03:42:03.853+0000] {processor.py:826} INFO - Processing file /home/airflow/.local/lib/python3.7/site-packages/airflow/example_dags/example_task_group.py for tasks to queue
[2023-06-17T03:42:03.854+0000] {logging_mixin.py:149} INFO - [2023-06-17T03:42:03.853+0000] {dagbag.py:541} INFO - Filling up the DagBag from /home/airflow/.local/lib/python3.7/site-packages/airflow/example_dags/example_task_group.py
[2023-06-17T03:42:03.860+0000] {processor.py:836} INFO - DAG(s) dict_keys(['example_task_group']) retrieved from /home/airflow/.local/lib/python3.7/site-packages/airflow/example_dags/example_task_group.py
[2023-06-17T03:42:03.883+0000] {logging_mixin.py:149} INFO - [2023-06-17T03:42:03.883+0000] {dag.py:2726} INFO - Sync 1 DAGs
[2023-06-17T03:42:03.908+0000] {logging_mixin.py:149} INFO - [2023-06-17T03:42:03.908+0000] {dag.py:3490} INFO - Setting next_dagrun for example_task_group to 2023-06-16T03:42:03.907965+00:00, run_after=2023-06-17T03:42:03.907965+00:00
[2023-06-17T03:42:04.023+0000] {processor.py:179} INFO - Processing /home/airflow/.local/lib/python3.7/site-packages/airflow/example_dags/example_task_group.py took 0.208 seconds
[2023-06-17T03:42:34.700+0000] {processor.py:157} INFO - Started process (PID=842) to work on /home/airflow/.local/lib/python3.7/site-packages/airflow/example_dags/example_task_group.py
[2023-06-17T03:42:34.707+0000] {processor.py:826} INFO - Processing file /home/airflow/.local/lib/python3.7/site-packages/airflow/example_dags/example_task_group.py for tasks to queue
[2023-06-17T03:42:34.707+0000] {logging_mixin.py:149} INFO - [2023-06-17T03:42:34.707+0000] {dagbag.py:541} INFO - Filling up the DagBag from /home/airflow/.local/lib/python3.7/site-packages/airflow/example_dags/example_task_group.py
[2023-06-17T03:42:34.714+0000] {processor.py:836} INFO - DAG(s) dict_keys(['example_task_group']) retrieved from /home/airflow/.local/lib/python3.7/site-packages/airflow/example_dags/example_task_group.py
[2023-06-17T03:42:34.739+0000] {logging_mixin.py:149} INFO - [2023-06-17T03:42:34.739+0000] {dag.py:2726} INFO - Sync 1 DAGs
[2023-06-17T03:42:34.766+0000] {logging_mixin.py:149} INFO - [2023-06-17T03:42:34.766+0000] {dag.py:3490} INFO - Setting next_dagrun for example_task_group to 2023-06-16T03:42:34.766417+00:00, run_after=2023-06-17T03:42:34.766417+00:00
[2023-06-17T03:42:34.805+0000] {processor.py:179} INFO - Processing /home/airflow/.local/lib/python3.7/site-packages/airflow/example_dags/example_task_group.py took 0.108 seconds
[2023-06-17T03:43:05.258+0000] {processor.py:157} INFO - Started process (PID=903) to work on /home/airflow/.local/lib/python3.7/site-packages/airflow/example_dags/example_task_group.py
[2023-06-17T03:43:05.272+0000] {processor.py:826} INFO - Processing file /home/airflow/.local/lib/python3.7/site-packages/airflow/example_dags/example_task_group.py for tasks to queue
[2023-06-17T03:43:05.272+0000] {logging_mixin.py:149} INFO - [2023-06-17T03:43:05.272+0000] {dagbag.py:541} INFO - Filling up the DagBag from /home/airflow/.local/lib/python3.7/site-packages/airflow/example_dags/example_task_group.py
[2023-06-17T03:43:05.282+0000] {processor.py:836} INFO - DAG(s) dict_keys(['example_task_group']) retrieved from /home/airflow/.local/lib/python3.7/site-packages/airflow/example_dags/example_task_group.py
[2023-06-17T03:43:05.312+0000] {logging_mixin.py:149} INFO - [2023-06-17T03:43:05.311+0000] {dag.py:2726} INFO - Sync 1 DAGs
[2023-06-17T03:43:05.350+0000] {logging_mixin.py:149} INFO - [2023-06-17T03:43:05.349+0000] {dag.py:3490} INFO - Setting next_dagrun for example_task_group to 2023-06-16T03:43:05.349792+00:00, run_after=2023-06-17T03:43:05.349792+00:00
[2023-06-17T03:43:05.373+0000] {processor.py:179} INFO - Processing /home/airflow/.local/lib/python3.7/site-packages/airflow/example_dags/example_task_group.py took 0.119 seconds
[2023-06-17T03:43:36.010+0000] {processor.py:157} INFO - Started process (PID=964) to work on /home/airflow/.local/lib/python3.7/site-packages/airflow/example_dags/example_task_group.py
[2023-06-17T03:43:36.017+0000] {processor.py:826} INFO - Processing file /home/airflow/.local/lib/python3.7/site-packages/airflow/example_dags/example_task_group.py for tasks to queue
[2023-06-17T03:43:36.018+0000] {logging_mixin.py:149} INFO - [2023-06-17T03:43:36.018+0000] {dagbag.py:541} INFO - Filling up the DagBag from /home/airflow/.local/lib/python3.7/site-packages/airflow/example_dags/example_task_group.py
[2023-06-17T03:43:36.025+0000] {processor.py:836} INFO - DAG(s) dict_keys(['example_task_group']) retrieved from /home/airflow/.local/lib/python3.7/site-packages/airflow/example_dags/example_task_group.py
[2023-06-17T03:43:36.051+0000] {logging_mixin.py:149} INFO - [2023-06-17T03:43:36.051+0000] {dag.py:2726} INFO - Sync 1 DAGs
[2023-06-17T03:43:36.084+0000] {logging_mixin.py:149} INFO - [2023-06-17T03:43:36.084+0000] {dag.py:3490} INFO - Setting next_dagrun for example_task_group to 2023-06-16T03:43:36.084005+00:00, run_after=2023-06-17T03:43:36.084005+00:00
[2023-06-17T03:43:36.121+0000] {processor.py:179} INFO - Processing /home/airflow/.local/lib/python3.7/site-packages/airflow/example_dags/example_task_group.py took 0.115 seconds
[2023-06-17T03:44:06.399+0000] {processor.py:157} INFO - Started process (PID=1025) to work on /home/airflow/.local/lib/python3.7/site-packages/airflow/example_dags/example_task_group.py
[2023-06-17T03:44:06.401+0000] {processor.py:826} INFO - Processing file /home/airflow/.local/lib/python3.7/site-packages/airflow/example_dags/example_task_group.py for tasks to queue
[2023-06-17T03:44:06.402+0000] {logging_mixin.py:149} INFO - [2023-06-17T03:44:06.402+0000] {dagbag.py:541} INFO - Filling up the DagBag from /home/airflow/.local/lib/python3.7/site-packages/airflow/example_dags/example_task_group.py
[2023-06-17T03:44:06.409+0000] {processor.py:836} INFO - DAG(s) dict_keys(['example_task_group']) retrieved from /home/airflow/.local/lib/python3.7/site-packages/airflow/example_dags/example_task_group.py
[2023-06-17T03:44:06.433+0000] {logging_mixin.py:149} INFO - [2023-06-17T03:44:06.432+0000] {dag.py:2726} INFO - Sync 1 DAGs
[2023-06-17T03:44:06.460+0000] {logging_mixin.py:149} INFO - [2023-06-17T03:44:06.460+0000] {dag.py:3490} INFO - Setting next_dagrun for example_task_group to 2023-06-16T03:44:06.460148+00:00, run_after=2023-06-17T03:44:06.460148+00:00
[2023-06-17T03:44:06.483+0000] {processor.py:179} INFO - Processing /home/airflow/.local/lib/python3.7/site-packages/airflow/example_dags/example_task_group.py took 0.086 seconds
[2023-06-17T03:44:36.964+0000] {processor.py:157} INFO - Started process (PID=1086) to work on /home/airflow/.local/lib/python3.7/site-packages/airflow/example_dags/example_task_group.py
[2023-06-17T03:44:36.974+0000] {processor.py:826} INFO - Processing file /home/airflow/.local/lib/python3.7/site-packages/airflow/example_dags/example_task_group.py for tasks to queue
[2023-06-17T03:44:36.975+0000] {logging_mixin.py:149} INFO - [2023-06-17T03:44:36.975+0000] {dagbag.py:541} INFO - Filling up the DagBag from /home/airflow/.local/lib/python3.7/site-packages/airflow/example_dags/example_task_group.py
[2023-06-17T03:44:36.982+0000] {processor.py:836} INFO - DAG(s) dict_keys(['example_task_group']) retrieved from /home/airflow/.local/lib/python3.7/site-packages/airflow/example_dags/example_task_group.py
[2023-06-17T03:44:37.007+0000] {logging_mixin.py:149} INFO - [2023-06-17T03:44:37.006+0000] {dag.py:2726} INFO - Sync 1 DAGs
[2023-06-17T03:44:37.035+0000] {logging_mixin.py:149} INFO - [2023-06-17T03:44:37.035+0000] {dag.py:3490} INFO - Setting next_dagrun for example_task_group to 2023-06-16T03:44:37.035055+00:00, run_after=2023-06-17T03:44:37.035055+00:00
[2023-06-17T03:44:37.059+0000] {processor.py:179} INFO - Processing /home/airflow/.local/lib/python3.7/site-packages/airflow/example_dags/example_task_group.py took 0.098 seconds
[2023-06-17T03:45:07.558+0000] {processor.py:157} INFO - Started process (PID=1147) to work on /home/airflow/.local/lib/python3.7/site-packages/airflow/example_dags/example_task_group.py
[2023-06-17T03:45:07.562+0000] {processor.py:826} INFO - Processing file /home/airflow/.local/lib/python3.7/site-packages/airflow/example_dags/example_task_group.py for tasks to queue
[2023-06-17T03:45:07.563+0000] {logging_mixin.py:149} INFO - [2023-06-17T03:45:07.563+0000] {dagbag.py:541} INFO - Filling up the DagBag from /home/airflow/.local/lib/python3.7/site-packages/airflow/example_dags/example_task_group.py
[2023-06-17T03:45:07.573+0000] {processor.py:836} INFO - DAG(s) dict_keys(['example_task_group']) retrieved from /home/airflow/.local/lib/python3.7/site-packages/airflow/example_dags/example_task_group.py
[2023-06-17T03:45:07.613+0000] {logging_mixin.py:149} INFO - [2023-06-17T03:45:07.613+0000] {dag.py:2726} INFO - Sync 1 DAGs
[2023-06-17T03:45:07.649+0000] {logging_mixin.py:149} INFO - [2023-06-17T03:45:07.649+0000] {dag.py:3490} INFO - Setting next_dagrun for example_task_group to 2023-06-16T03:45:07.649600+00:00, run_after=2023-06-17T03:45:07.649600+00:00
[2023-06-17T03:45:07.681+0000] {processor.py:179} INFO - Processing /home/airflow/.local/lib/python3.7/site-packages/airflow/example_dags/example_task_group.py took 0.127 seconds
[2023-06-17T03:45:38.348+0000] {processor.py:157} INFO - Started process (PID=1208) to work on /home/airflow/.local/lib/python3.7/site-packages/airflow/example_dags/example_task_group.py
[2023-06-17T03:45:38.359+0000] {processor.py:826} INFO - Processing file /home/airflow/.local/lib/python3.7/site-packages/airflow/example_dags/example_task_group.py for tasks to queue
[2023-06-17T03:45:38.359+0000] {logging_mixin.py:149} INFO - [2023-06-17T03:45:38.359+0000] {dagbag.py:541} INFO - Filling up the DagBag from /home/airflow/.local/lib/python3.7/site-packages/airflow/example_dags/example_task_group.py
[2023-06-17T03:45:38.366+0000] {processor.py:836} INFO - DAG(s) dict_keys(['example_task_group']) retrieved from /home/airflow/.local/lib/python3.7/site-packages/airflow/example_dags/example_task_group.py
[2023-06-17T03:45:38.389+0000] {logging_mixin.py:149} INFO - [2023-06-17T03:45:38.389+0000] {dag.py:2726} INFO - Sync 1 DAGs
[2023-06-17T03:45:38.415+0000] {logging_mixin.py:149} INFO - [2023-06-17T03:45:38.414+0000] {dag.py:3490} INFO - Setting next_dagrun for example_task_group to 2023-06-16T03:45:38.414790+00:00, run_after=2023-06-17T03:45:38.414790+00:00
[2023-06-17T03:45:38.442+0000] {processor.py:179} INFO - Processing /home/airflow/.local/lib/python3.7/site-packages/airflow/example_dags/example_task_group.py took 0.097 seconds
[2023-06-17T03:46:09.031+0000] {processor.py:157} INFO - Started process (PID=1269) to work on /home/airflow/.local/lib/python3.7/site-packages/airflow/example_dags/example_task_group.py
[2023-06-17T03:46:09.038+0000] {processor.py:826} INFO - Processing file /home/airflow/.local/lib/python3.7/site-packages/airflow/example_dags/example_task_group.py for tasks to queue
[2023-06-17T03:46:09.039+0000] {logging_mixin.py:149} INFO - [2023-06-17T03:46:09.039+0000] {dagbag.py:541} INFO - Filling up the DagBag from /home/airflow/.local/lib/python3.7/site-packages/airflow/example_dags/example_task_group.py
[2023-06-17T03:46:09.046+0000] {processor.py:836} INFO - DAG(s) dict_keys(['example_task_group']) retrieved from /home/airflow/.local/lib/python3.7/site-packages/airflow/example_dags/example_task_group.py
[2023-06-17T03:46:09.068+0000] {logging_mixin.py:149} INFO - [2023-06-17T03:46:09.068+0000] {dag.py:2726} INFO - Sync 1 DAGs
[2023-06-17T03:46:09.096+0000] {logging_mixin.py:149} INFO - [2023-06-17T03:46:09.096+0000] {dag.py:3490} INFO - Setting next_dagrun for example_task_group to 2023-06-16T03:46:09.096369+00:00, run_after=2023-06-17T03:46:09.096369+00:00
[2023-06-17T03:46:09.122+0000] {processor.py:179} INFO - Processing /home/airflow/.local/lib/python3.7/site-packages/airflow/example_dags/example_task_group.py took 0.094 seconds
[2023-06-17T03:46:39.895+0000] {processor.py:157} INFO - Started process (PID=1330) to work on /home/airflow/.local/lib/python3.7/site-packages/airflow/example_dags/example_task_group.py
[2023-06-17T03:46:39.907+0000] {processor.py:826} INFO - Processing file /home/airflow/.local/lib/python3.7/site-packages/airflow/example_dags/example_task_group.py for tasks to queue
[2023-06-17T03:46:39.908+0000] {logging_mixin.py:149} INFO - [2023-06-17T03:46:39.908+0000] {dagbag.py:541} INFO - Filling up the DagBag from /home/airflow/.local/lib/python3.7/site-packages/airflow/example_dags/example_task_group.py
[2023-06-17T03:46:39.917+0000] {processor.py:836} INFO - DAG(s) dict_keys(['example_task_group']) retrieved from /home/airflow/.local/lib/python3.7/site-packages/airflow/example_dags/example_task_group.py
[2023-06-17T03:46:39.946+0000] {logging_mixin.py:149} INFO - [2023-06-17T03:46:39.946+0000] {dag.py:2726} INFO - Sync 1 DAGs
[2023-06-17T03:46:39.975+0000] {logging_mixin.py:149} INFO - [2023-06-17T03:46:39.974+0000] {dag.py:3490} INFO - Setting next_dagrun for example_task_group to 2023-06-16T03:46:39.974525+00:00, run_after=2023-06-17T03:46:39.974525+00:00
[2023-06-17T03:46:40.102+0000] {processor.py:179} INFO - Processing /home/airflow/.local/lib/python3.7/site-packages/airflow/example_dags/example_task_group.py took 0.209 seconds
[2023-06-17T03:47:10.492+0000] {processor.py:157} INFO - Started process (PID=1391) to work on /home/airflow/.local/lib/python3.7/site-packages/airflow/example_dags/example_task_group.py
[2023-06-17T03:47:10.504+0000] {processor.py:826} INFO - Processing file /home/airflow/.local/lib/python3.7/site-packages/airflow/example_dags/example_task_group.py for tasks to queue
[2023-06-17T03:47:10.505+0000] {logging_mixin.py:149} INFO - [2023-06-17T03:47:10.505+0000] {dagbag.py:541} INFO - Filling up the DagBag from /home/airflow/.local/lib/python3.7/site-packages/airflow/example_dags/example_task_group.py
[2023-06-17T03:47:10.512+0000] {processor.py:836} INFO - DAG(s) dict_keys(['example_task_group']) retrieved from /home/airflow/.local/lib/python3.7/site-packages/airflow/example_dags/example_task_group.py
[2023-06-17T03:47:10.536+0000] {logging_mixin.py:149} INFO - [2023-06-17T03:47:10.536+0000] {dag.py:2726} INFO - Sync 1 DAGs
[2023-06-17T03:47:10.564+0000] {logging_mixin.py:149} INFO - [2023-06-17T03:47:10.563+0000] {dag.py:3490} INFO - Setting next_dagrun for example_task_group to 2023-06-16T03:47:10.563786+00:00, run_after=2023-06-17T03:47:10.563786+00:00
[2023-06-17T03:47:10.592+0000] {processor.py:179} INFO - Processing /home/airflow/.local/lib/python3.7/site-packages/airflow/example_dags/example_task_group.py took 0.103 seconds
[2023-06-17T03:47:41.461+0000] {processor.py:157} INFO - Started process (PID=1459) to work on /home/airflow/.local/lib/python3.7/site-packages/airflow/example_dags/example_task_group.py
[2023-06-17T03:47:41.473+0000] {processor.py:826} INFO - Processing file /home/airflow/.local/lib/python3.7/site-packages/airflow/example_dags/example_task_group.py for tasks to queue
[2023-06-17T03:47:41.474+0000] {logging_mixin.py:149} INFO - [2023-06-17T03:47:41.474+0000] {dagbag.py:541} INFO - Filling up the DagBag from /home/airflow/.local/lib/python3.7/site-packages/airflow/example_dags/example_task_group.py
[2023-06-17T03:47:41.481+0000] {processor.py:836} INFO - DAG(s) dict_keys(['example_task_group']) retrieved from /home/airflow/.local/lib/python3.7/site-packages/airflow/example_dags/example_task_group.py
[2023-06-17T03:47:41.504+0000] {logging_mixin.py:149} INFO - [2023-06-17T03:47:41.503+0000] {dag.py:2726} INFO - Sync 1 DAGs
[2023-06-17T03:47:41.531+0000] {logging_mixin.py:149} INFO - [2023-06-17T03:47:41.531+0000] {dag.py:3490} INFO - Setting next_dagrun for example_task_group to 2023-06-16T03:47:41.531587+00:00, run_after=2023-06-17T03:47:41.531587+00:00
[2023-06-17T03:47:41.556+0000] {processor.py:179} INFO - Processing /home/airflow/.local/lib/python3.7/site-packages/airflow/example_dags/example_task_group.py took 0.097 seconds
[2023-06-17T03:48:12.133+0000] {processor.py:157} INFO - Started process (PID=1519) to work on /home/airflow/.local/lib/python3.7/site-packages/airflow/example_dags/example_task_group.py
[2023-06-17T03:48:12.233+0000] {processor.py:826} INFO - Processing file /home/airflow/.local/lib/python3.7/site-packages/airflow/example_dags/example_task_group.py for tasks to queue
[2023-06-17T03:48:12.235+0000] {logging_mixin.py:149} INFO - [2023-06-17T03:48:12.234+0000] {dagbag.py:541} INFO - Filling up the DagBag from /home/airflow/.local/lib/python3.7/site-packages/airflow/example_dags/example_task_group.py
[2023-06-17T03:48:12.262+0000] {processor.py:836} INFO - DAG(s) dict_keys(['example_task_group']) retrieved from /home/airflow/.local/lib/python3.7/site-packages/airflow/example_dags/example_task_group.py
[2023-06-17T03:48:12.290+0000] {logging_mixin.py:149} INFO - [2023-06-17T03:48:12.290+0000] {dag.py:2726} INFO - Sync 1 DAGs
[2023-06-17T03:48:12.319+0000] {logging_mixin.py:149} INFO - [2023-06-17T03:48:12.318+0000] {dag.py:3490} INFO - Setting next_dagrun for example_task_group to 2023-06-16T03:48:12.318680+00:00, run_after=2023-06-17T03:48:12.318680+00:00
[2023-06-17T03:48:12.562+0000] {processor.py:179} INFO - Processing /home/airflow/.local/lib/python3.7/site-packages/airflow/example_dags/example_task_group.py took 0.431 seconds
[2023-06-17T03:48:43.389+0000] {processor.py:157} INFO - Started process (PID=1574) to work on /home/airflow/.local/lib/python3.7/site-packages/airflow/example_dags/example_task_group.py
[2023-06-17T03:48:43.520+0000] {processor.py:826} INFO - Processing file /home/airflow/.local/lib/python3.7/site-packages/airflow/example_dags/example_task_group.py for tasks to queue
[2023-06-17T03:48:43.520+0000] {logging_mixin.py:149} INFO - [2023-06-17T03:48:43.520+0000] {dagbag.py:541} INFO - Filling up the DagBag from /home/airflow/.local/lib/python3.7/site-packages/airflow/example_dags/example_task_group.py
[2023-06-17T03:48:43.527+0000] {processor.py:836} INFO - DAG(s) dict_keys(['example_task_group']) retrieved from /home/airflow/.local/lib/python3.7/site-packages/airflow/example_dags/example_task_group.py
[2023-06-17T03:48:43.551+0000] {logging_mixin.py:149} INFO - [2023-06-17T03:48:43.551+0000] {dag.py:2726} INFO - Sync 1 DAGs
[2023-06-17T03:48:43.584+0000] {logging_mixin.py:149} INFO - [2023-06-17T03:48:43.583+0000] {dag.py:3490} INFO - Setting next_dagrun for example_task_group to 2023-06-16T03:48:43.583729+00:00, run_after=2023-06-17T03:48:43.583729+00:00
[2023-06-17T03:48:43.711+0000] {processor.py:179} INFO - Processing /home/airflow/.local/lib/python3.7/site-packages/airflow/example_dags/example_task_group.py took 0.325 seconds
[2023-06-17T03:49:13.890+0000] {processor.py:157} INFO - Started process (PID=1635) to work on /home/airflow/.local/lib/python3.7/site-packages/airflow/example_dags/example_task_group.py
[2023-06-17T03:49:13.902+0000] {processor.py:826} INFO - Processing file /home/airflow/.local/lib/python3.7/site-packages/airflow/example_dags/example_task_group.py for tasks to queue
[2023-06-17T03:49:13.902+0000] {logging_mixin.py:149} INFO - [2023-06-17T03:49:13.902+0000] {dagbag.py:541} INFO - Filling up the DagBag from /home/airflow/.local/lib/python3.7/site-packages/airflow/example_dags/example_task_group.py
[2023-06-17T03:49:13.908+0000] {processor.py:836} INFO - DAG(s) dict_keys(['example_task_group']) retrieved from /home/airflow/.local/lib/python3.7/site-packages/airflow/example_dags/example_task_group.py
[2023-06-17T03:49:13.931+0000] {logging_mixin.py:149} INFO - [2023-06-17T03:49:13.931+0000] {dag.py:2726} INFO - Sync 1 DAGs
[2023-06-17T03:49:13.958+0000] {logging_mixin.py:149} INFO - [2023-06-17T03:49:13.957+0000] {dag.py:3490} INFO - Setting next_dagrun for example_task_group to 2023-06-16T03:49:13.957735+00:00, run_after=2023-06-17T03:49:13.957735+00:00
[2023-06-17T03:49:13.986+0000] {processor.py:179} INFO - Processing /home/airflow/.local/lib/python3.7/site-packages/airflow/example_dags/example_task_group.py took 0.098 seconds
[2023-06-17T03:49:44.720+0000] {processor.py:157} INFO - Started process (PID=1704) to work on /home/airflow/.local/lib/python3.7/site-packages/airflow/example_dags/example_task_group.py
[2023-06-17T03:49:44.780+0000] {processor.py:826} INFO - Processing file /home/airflow/.local/lib/python3.7/site-packages/airflow/example_dags/example_task_group.py for tasks to queue
[2023-06-17T03:49:44.781+0000] {logging_mixin.py:149} INFO - [2023-06-17T03:49:44.781+0000] {dagbag.py:541} INFO - Filling up the DagBag from /home/airflow/.local/lib/python3.7/site-packages/airflow/example_dags/example_task_group.py
[2023-06-17T03:49:44.788+0000] {processor.py:836} INFO - DAG(s) dict_keys(['example_task_group']) retrieved from /home/airflow/.local/lib/python3.7/site-packages/airflow/example_dags/example_task_group.py
[2023-06-17T03:49:44.810+0000] {logging_mixin.py:149} INFO - [2023-06-17T03:49:44.810+0000] {dag.py:2726} INFO - Sync 1 DAGs
[2023-06-17T03:49:44.837+0000] {logging_mixin.py:149} INFO - [2023-06-17T03:49:44.837+0000] {dag.py:3490} INFO - Setting next_dagrun for example_task_group to 2023-06-16T03:49:44.836916+00:00, run_after=2023-06-17T03:49:44.836916+00:00
[2023-06-17T03:49:44.893+0000] {processor.py:179} INFO - Processing /home/airflow/.local/lib/python3.7/site-packages/airflow/example_dags/example_task_group.py took 0.176 seconds
