[2023-06-17T02:16:40.871+0000] {processor.py:157} INFO - Started process (PID=33) to work on /home/airflow/.local/lib/python3.7/site-packages/airflow/example_dags/example_sensor_decorator.py
[2023-06-17T02:16:40.872+0000] {processor.py:826} INFO - Processing file /home/airflow/.local/lib/python3.7/site-packages/airflow/example_dags/example_sensor_decorator.py for tasks to queue
[2023-06-17T02:16:40.873+0000] {logging_mixin.py:149} INFO - [2023-06-17T02:16:40.872+0000] {dagbag.py:541} INFO - Filling up the DagBag from /home/airflow/.local/lib/python3.7/site-packages/airflow/example_dags/example_sensor_decorator.py
[2023-06-17T02:16:40.880+0000] {processor.py:836} INFO - DAG(s) dict_keys(['example_sensor_decorator']) retrieved from /home/airflow/.local/lib/python3.7/site-packages/airflow/example_dags/example_sensor_decorator.py
[2023-06-17T02:16:40.907+0000] {logging_mixin.py:149} INFO - [2023-06-17T02:16:40.906+0000] {dag.py:2726} INFO - Sync 1 DAGs
[2023-06-17T02:16:40.936+0000] {logging_mixin.py:149} INFO - [2023-06-17T02:16:40.936+0000] {dag.py:3490} INFO - Setting next_dagrun for example_sensor_decorator to None, run_after=None
[2023-06-17T02:16:40.991+0000] {processor.py:179} INFO - Processing /home/airflow/.local/lib/python3.7/site-packages/airflow/example_dags/example_sensor_decorator.py took 0.124 seconds
[2023-06-17T02:17:15.748+0000] {processor.py:157} INFO - Started process (PID=93) to work on /home/airflow/.local/lib/python3.7/site-packages/airflow/example_dags/example_sensor_decorator.py
[2023-06-17T02:17:15.919+0000] {processor.py:826} INFO - Processing file /home/airflow/.local/lib/python3.7/site-packages/airflow/example_dags/example_sensor_decorator.py for tasks to queue
[2023-06-17T02:17:15.922+0000] {logging_mixin.py:149} INFO - [2023-06-17T02:17:15.921+0000] {dagbag.py:541} INFO - Filling up the DagBag from /home/airflow/.local/lib/python3.7/site-packages/airflow/example_dags/example_sensor_decorator.py
[2023-06-17T02:17:16.174+0000] {processor.py:836} INFO - DAG(s) dict_keys(['example_sensor_decorator']) retrieved from /home/airflow/.local/lib/python3.7/site-packages/airflow/example_dags/example_sensor_decorator.py
[2023-06-17T02:17:16.225+0000] {logging_mixin.py:149} INFO - [2023-06-17T02:17:16.225+0000] {dag.py:2726} INFO - Sync 1 DAGs
[2023-06-17T02:17:16.252+0000] {logging_mixin.py:149} INFO - [2023-06-17T02:17:16.252+0000] {dag.py:3490} INFO - Setting next_dagrun for example_sensor_decorator to None, run_after=None
[2023-06-17T02:17:16.437+0000] {processor.py:179} INFO - Processing /home/airflow/.local/lib/python3.7/site-packages/airflow/example_dags/example_sensor_decorator.py took 0.694 seconds
[2023-06-17T02:17:58.992+0000] {processor.py:157} INFO - Started process (PID=122) to work on /home/airflow/.local/lib/python3.7/site-packages/airflow/example_dags/example_sensor_decorator.py
[2023-06-17T02:17:59.975+0000] {processor.py:826} INFO - Processing file /home/airflow/.local/lib/python3.7/site-packages/airflow/example_dags/example_sensor_decorator.py for tasks to queue
[2023-06-17T02:17:59.979+0000] {logging_mixin.py:149} INFO - [2023-06-17T02:17:59.978+0000] {dagbag.py:541} INFO - Filling up the DagBag from /home/airflow/.local/lib/python3.7/site-packages/airflow/example_dags/example_sensor_decorator.py
[2023-06-17T02:17:59.986+0000] {processor.py:836} INFO - DAG(s) dict_keys(['example_sensor_decorator']) retrieved from /home/airflow/.local/lib/python3.7/site-packages/airflow/example_dags/example_sensor_decorator.py
[2023-06-17T02:18:00.005+0000] {logging_mixin.py:149} INFO - [2023-06-17T02:18:00.005+0000] {dag.py:2726} INFO - Sync 1 DAGs
[2023-06-17T02:18:00.031+0000] {logging_mixin.py:149} INFO - [2023-06-17T02:18:00.031+0000] {dag.py:3490} INFO - Setting next_dagrun for example_sensor_decorator to None, run_after=None
[2023-06-17T02:18:00.468+0000] {processor.py:179} INFO - Processing /home/airflow/.local/lib/python3.7/site-packages/airflow/example_dags/example_sensor_decorator.py took 1.480 seconds
[2023-06-17T02:18:33.544+0000] {processor.py:157} INFO - Started process (PID=179) to work on /home/airflow/.local/lib/python3.7/site-packages/airflow/example_dags/example_sensor_decorator.py
[2023-06-17T02:18:33.612+0000] {processor.py:826} INFO - Processing file /home/airflow/.local/lib/python3.7/site-packages/airflow/example_dags/example_sensor_decorator.py for tasks to queue
[2023-06-17T02:18:33.614+0000] {logging_mixin.py:149} INFO - [2023-06-17T02:18:33.614+0000] {dagbag.py:541} INFO - Filling up the DagBag from /home/airflow/.local/lib/python3.7/site-packages/airflow/example_dags/example_sensor_decorator.py
[2023-06-17T02:18:33.623+0000] {processor.py:836} INFO - DAG(s) dict_keys(['example_sensor_decorator']) retrieved from /home/airflow/.local/lib/python3.7/site-packages/airflow/example_dags/example_sensor_decorator.py
[2023-06-17T02:18:33.648+0000] {logging_mixin.py:149} INFO - [2023-06-17T02:18:33.648+0000] {dag.py:2726} INFO - Sync 1 DAGs
[2023-06-17T02:18:33.677+0000] {logging_mixin.py:149} INFO - [2023-06-17T02:18:33.677+0000] {dag.py:3490} INFO - Setting next_dagrun for example_sensor_decorator to None, run_after=None
[2023-06-17T02:18:33.879+0000] {processor.py:179} INFO - Processing /home/airflow/.local/lib/python3.7/site-packages/airflow/example_dags/example_sensor_decorator.py took 0.339 seconds
[2023-06-17T02:19:03.997+0000] {processor.py:157} INFO - Started process (PID=231) to work on /home/airflow/.local/lib/python3.7/site-packages/airflow/example_dags/example_sensor_decorator.py
[2023-06-17T02:19:04.074+0000] {processor.py:826} INFO - Processing file /home/airflow/.local/lib/python3.7/site-packages/airflow/example_dags/example_sensor_decorator.py for tasks to queue
[2023-06-17T02:19:04.074+0000] {logging_mixin.py:149} INFO - [2023-06-17T02:19:04.074+0000] {dagbag.py:541} INFO - Filling up the DagBag from /home/airflow/.local/lib/python3.7/site-packages/airflow/example_dags/example_sensor_decorator.py
[2023-06-17T02:19:04.079+0000] {processor.py:836} INFO - DAG(s) dict_keys(['example_sensor_decorator']) retrieved from /home/airflow/.local/lib/python3.7/site-packages/airflow/example_dags/example_sensor_decorator.py
[2023-06-17T02:19:04.099+0000] {logging_mixin.py:149} INFO - [2023-06-17T02:19:04.099+0000] {dag.py:2726} INFO - Sync 1 DAGs
[2023-06-17T02:19:04.124+0000] {logging_mixin.py:149} INFO - [2023-06-17T02:19:04.124+0000] {dag.py:3490} INFO - Setting next_dagrun for example_sensor_decorator to None, run_after=None
[2023-06-17T02:19:04.208+0000] {processor.py:179} INFO - Processing /home/airflow/.local/lib/python3.7/site-packages/airflow/example_dags/example_sensor_decorator.py took 0.214 seconds
[2023-06-17T02:19:36.858+0000] {processor.py:157} INFO - Started process (PID=292) to work on /home/airflow/.local/lib/python3.7/site-packages/airflow/example_dags/example_sensor_decorator.py
[2023-06-17T02:19:36.886+0000] {processor.py:826} INFO - Processing file /home/airflow/.local/lib/python3.7/site-packages/airflow/example_dags/example_sensor_decorator.py for tasks to queue
[2023-06-17T02:19:36.888+0000] {logging_mixin.py:149} INFO - [2023-06-17T02:19:36.887+0000] {dagbag.py:541} INFO - Filling up the DagBag from /home/airflow/.local/lib/python3.7/site-packages/airflow/example_dags/example_sensor_decorator.py
[2023-06-17T02:19:37.020+0000] {processor.py:836} INFO - DAG(s) dict_keys(['example_sensor_decorator']) retrieved from /home/airflow/.local/lib/python3.7/site-packages/airflow/example_dags/example_sensor_decorator.py
[2023-06-17T02:19:37.087+0000] {logging_mixin.py:149} INFO - [2023-06-17T02:19:37.087+0000] {dag.py:2726} INFO - Sync 1 DAGs
[2023-06-17T02:19:37.115+0000] {logging_mixin.py:149} INFO - [2023-06-17T02:19:37.115+0000] {dag.py:3490} INFO - Setting next_dagrun for example_sensor_decorator to None, run_after=None
[2023-06-17T02:19:37.222+0000] {processor.py:179} INFO - Processing /home/airflow/.local/lib/python3.7/site-packages/airflow/example_dags/example_sensor_decorator.py took 0.369 seconds
[2023-06-17T02:20:07.262+0000] {processor.py:157} INFO - Started process (PID=344) to work on /home/airflow/.local/lib/python3.7/site-packages/airflow/example_dags/example_sensor_decorator.py
[2023-06-17T02:20:07.343+0000] {processor.py:826} INFO - Processing file /home/airflow/.local/lib/python3.7/site-packages/airflow/example_dags/example_sensor_decorator.py for tasks to queue
[2023-06-17T02:20:07.343+0000] {logging_mixin.py:149} INFO - [2023-06-17T02:20:07.343+0000] {dagbag.py:541} INFO - Filling up the DagBag from /home/airflow/.local/lib/python3.7/site-packages/airflow/example_dags/example_sensor_decorator.py
[2023-06-17T02:20:07.349+0000] {processor.py:836} INFO - DAG(s) dict_keys(['example_sensor_decorator']) retrieved from /home/airflow/.local/lib/python3.7/site-packages/airflow/example_dags/example_sensor_decorator.py
[2023-06-17T02:20:07.376+0000] {logging_mixin.py:149} INFO - [2023-06-17T02:20:07.375+0000] {dag.py:2726} INFO - Sync 1 DAGs
[2023-06-17T02:20:07.413+0000] {logging_mixin.py:149} INFO - [2023-06-17T02:20:07.413+0000] {dag.py:3490} INFO - Setting next_dagrun for example_sensor_decorator to None, run_after=None
[2023-06-17T02:20:07.599+0000] {processor.py:179} INFO - Processing /home/airflow/.local/lib/python3.7/site-packages/airflow/example_dags/example_sensor_decorator.py took 0.340 seconds
[2023-06-17T02:20:38.807+0000] {processor.py:157} INFO - Started process (PID=405) to work on /home/airflow/.local/lib/python3.7/site-packages/airflow/example_dags/example_sensor_decorator.py
[2023-06-17T02:20:39.244+0000] {processor.py:826} INFO - Processing file /home/airflow/.local/lib/python3.7/site-packages/airflow/example_dags/example_sensor_decorator.py for tasks to queue
[2023-06-17T02:20:39.244+0000] {logging_mixin.py:149} INFO - [2023-06-17T02:20:39.244+0000] {dagbag.py:541} INFO - Filling up the DagBag from /home/airflow/.local/lib/python3.7/site-packages/airflow/example_dags/example_sensor_decorator.py
[2023-06-17T02:20:39.249+0000] {processor.py:836} INFO - DAG(s) dict_keys(['example_sensor_decorator']) retrieved from /home/airflow/.local/lib/python3.7/site-packages/airflow/example_dags/example_sensor_decorator.py
[2023-06-17T02:20:39.268+0000] {logging_mixin.py:149} INFO - [2023-06-17T02:20:39.268+0000] {dag.py:2726} INFO - Sync 1 DAGs
[2023-06-17T02:20:39.293+0000] {logging_mixin.py:149} INFO - [2023-06-17T02:20:39.293+0000] {dag.py:3490} INFO - Setting next_dagrun for example_sensor_decorator to None, run_after=None
[2023-06-17T02:20:39.932+0000] {processor.py:179} INFO - Processing /home/airflow/.local/lib/python3.7/site-packages/airflow/example_dags/example_sensor_decorator.py took 1.128 seconds
[2023-06-17T02:21:10.248+0000] {processor.py:157} INFO - Started process (PID=465) to work on /home/airflow/.local/lib/python3.7/site-packages/airflow/example_dags/example_sensor_decorator.py
[2023-06-17T02:21:10.259+0000] {processor.py:826} INFO - Processing file /home/airflow/.local/lib/python3.7/site-packages/airflow/example_dags/example_sensor_decorator.py for tasks to queue
[2023-06-17T02:21:10.261+0000] {logging_mixin.py:149} INFO - [2023-06-17T02:21:10.260+0000] {dagbag.py:541} INFO - Filling up the DagBag from /home/airflow/.local/lib/python3.7/site-packages/airflow/example_dags/example_sensor_decorator.py
[2023-06-17T02:21:10.278+0000] {processor.py:836} INFO - DAG(s) dict_keys(['example_sensor_decorator']) retrieved from /home/airflow/.local/lib/python3.7/site-packages/airflow/example_dags/example_sensor_decorator.py
[2023-06-17T02:21:10.321+0000] {logging_mixin.py:149} INFO - [2023-06-17T02:21:10.321+0000] {dag.py:2726} INFO - Sync 1 DAGs
[2023-06-17T02:21:10.349+0000] {logging_mixin.py:149} INFO - [2023-06-17T02:21:10.349+0000] {dag.py:3490} INFO - Setting next_dagrun for example_sensor_decorator to None, run_after=None
[2023-06-17T02:21:10.638+0000] {processor.py:179} INFO - Processing /home/airflow/.local/lib/python3.7/site-packages/airflow/example_dags/example_sensor_decorator.py took 0.393 seconds
[2023-06-17T02:21:45.836+0000] {processor.py:157} INFO - Started process (PID=525) to work on /home/airflow/.local/lib/python3.7/site-packages/airflow/example_dags/example_sensor_decorator.py
[2023-06-17T02:21:45.914+0000] {processor.py:826} INFO - Processing file /home/airflow/.local/lib/python3.7/site-packages/airflow/example_dags/example_sensor_decorator.py for tasks to queue
[2023-06-17T02:21:45.916+0000] {logging_mixin.py:149} INFO - [2023-06-17T02:21:45.916+0000] {dagbag.py:541} INFO - Filling up the DagBag from /home/airflow/.local/lib/python3.7/site-packages/airflow/example_dags/example_sensor_decorator.py
[2023-06-17T02:21:45.934+0000] {processor.py:836} INFO - DAG(s) dict_keys(['example_sensor_decorator']) retrieved from /home/airflow/.local/lib/python3.7/site-packages/airflow/example_dags/example_sensor_decorator.py
[2023-06-17T02:21:45.979+0000] {logging_mixin.py:149} INFO - [2023-06-17T02:21:45.978+0000] {dag.py:2726} INFO - Sync 1 DAGs
[2023-06-17T02:21:46.006+0000] {logging_mixin.py:149} INFO - [2023-06-17T02:21:46.005+0000] {dag.py:3490} INFO - Setting next_dagrun for example_sensor_decorator to None, run_after=None
[2023-06-17T02:21:46.398+0000] {processor.py:179} INFO - Processing /home/airflow/.local/lib/python3.7/site-packages/airflow/example_dags/example_sensor_decorator.py took 0.564 seconds
[2023-06-17T02:22:17.072+0000] {processor.py:157} INFO - Started process (PID=578) to work on /home/airflow/.local/lib/python3.7/site-packages/airflow/example_dags/example_sensor_decorator.py
[2023-06-17T02:22:17.080+0000] {processor.py:826} INFO - Processing file /home/airflow/.local/lib/python3.7/site-packages/airflow/example_dags/example_sensor_decorator.py for tasks to queue
[2023-06-17T02:22:17.081+0000] {logging_mixin.py:149} INFO - [2023-06-17T02:22:17.081+0000] {dagbag.py:541} INFO - Filling up the DagBag from /home/airflow/.local/lib/python3.7/site-packages/airflow/example_dags/example_sensor_decorator.py
[2023-06-17T02:22:17.086+0000] {processor.py:836} INFO - DAG(s) dict_keys(['example_sensor_decorator']) retrieved from /home/airflow/.local/lib/python3.7/site-packages/airflow/example_dags/example_sensor_decorator.py
[2023-06-17T02:22:17.106+0000] {logging_mixin.py:149} INFO - [2023-06-17T02:22:17.105+0000] {dag.py:2726} INFO - Sync 1 DAGs
[2023-06-17T02:22:17.130+0000] {logging_mixin.py:149} INFO - [2023-06-17T02:22:17.130+0000] {dag.py:3490} INFO - Setting next_dagrun for example_sensor_decorator to None, run_after=None
[2023-06-17T02:22:17.248+0000] {processor.py:179} INFO - Processing /home/airflow/.local/lib/python3.7/site-packages/airflow/example_dags/example_sensor_decorator.py took 0.179 seconds
[2023-06-17T02:22:47.500+0000] {processor.py:157} INFO - Started process (PID=639) to work on /home/airflow/.local/lib/python3.7/site-packages/airflow/example_dags/example_sensor_decorator.py
[2023-06-17T02:22:47.700+0000] {processor.py:826} INFO - Processing file /home/airflow/.local/lib/python3.7/site-packages/airflow/example_dags/example_sensor_decorator.py for tasks to queue
[2023-06-17T02:22:47.702+0000] {logging_mixin.py:149} INFO - [2023-06-17T02:22:47.702+0000] {dagbag.py:541} INFO - Filling up the DagBag from /home/airflow/.local/lib/python3.7/site-packages/airflow/example_dags/example_sensor_decorator.py
[2023-06-17T02:22:47.716+0000] {processor.py:836} INFO - DAG(s) dict_keys(['example_sensor_decorator']) retrieved from /home/airflow/.local/lib/python3.7/site-packages/airflow/example_dags/example_sensor_decorator.py
[2023-06-17T02:22:47.750+0000] {logging_mixin.py:149} INFO - [2023-06-17T02:22:47.749+0000] {dag.py:2726} INFO - Sync 1 DAGs
[2023-06-17T02:22:47.785+0000] {logging_mixin.py:149} INFO - [2023-06-17T02:22:47.785+0000] {dag.py:3490} INFO - Setting next_dagrun for example_sensor_decorator to None, run_after=None
[2023-06-17T02:22:48.657+0000] {processor.py:179} INFO - Processing /home/airflow/.local/lib/python3.7/site-packages/airflow/example_dags/example_sensor_decorator.py took 1.159 seconds
[2023-06-17T02:23:22.627+0000] {processor.py:157} INFO - Started process (PID=699) to work on /home/airflow/.local/lib/python3.7/site-packages/airflow/example_dags/example_sensor_decorator.py
[2023-06-17T02:23:22.641+0000] {processor.py:826} INFO - Processing file /home/airflow/.local/lib/python3.7/site-packages/airflow/example_dags/example_sensor_decorator.py for tasks to queue
[2023-06-17T02:23:22.644+0000] {logging_mixin.py:149} INFO - [2023-06-17T02:23:22.643+0000] {dagbag.py:541} INFO - Filling up the DagBag from /home/airflow/.local/lib/python3.7/site-packages/airflow/example_dags/example_sensor_decorator.py
[2023-06-17T02:23:22.664+0000] {processor.py:836} INFO - DAG(s) dict_keys(['example_sensor_decorator']) retrieved from /home/airflow/.local/lib/python3.7/site-packages/airflow/example_dags/example_sensor_decorator.py
[2023-06-17T02:23:22.694+0000] {logging_mixin.py:149} INFO - [2023-06-17T02:23:22.694+0000] {dag.py:2726} INFO - Sync 1 DAGs
[2023-06-17T02:23:22.720+0000] {logging_mixin.py:149} INFO - [2023-06-17T02:23:22.720+0000] {dag.py:3490} INFO - Setting next_dagrun for example_sensor_decorator to None, run_after=None
[2023-06-17T02:23:22.922+0000] {processor.py:179} INFO - Processing /home/airflow/.local/lib/python3.7/site-packages/airflow/example_dags/example_sensor_decorator.py took 0.297 seconds
[2023-06-17T02:23:53.826+0000] {processor.py:157} INFO - Started process (PID=752) to work on /home/airflow/.local/lib/python3.7/site-packages/airflow/example_dags/example_sensor_decorator.py
[2023-06-17T02:23:53.827+0000] {processor.py:826} INFO - Processing file /home/airflow/.local/lib/python3.7/site-packages/airflow/example_dags/example_sensor_decorator.py for tasks to queue
[2023-06-17T02:23:53.827+0000] {logging_mixin.py:149} INFO - [2023-06-17T02:23:53.827+0000] {dagbag.py:541} INFO - Filling up the DagBag from /home/airflow/.local/lib/python3.7/site-packages/airflow/example_dags/example_sensor_decorator.py
[2023-06-17T02:23:53.833+0000] {processor.py:836} INFO - DAG(s) dict_keys(['example_sensor_decorator']) retrieved from /home/airflow/.local/lib/python3.7/site-packages/airflow/example_dags/example_sensor_decorator.py
[2023-06-17T02:23:53.855+0000] {logging_mixin.py:149} INFO - [2023-06-17T02:23:53.855+0000] {dag.py:2726} INFO - Sync 1 DAGs
[2023-06-17T02:23:53.886+0000] {logging_mixin.py:149} INFO - [2023-06-17T02:23:53.886+0000] {dag.py:3490} INFO - Setting next_dagrun for example_sensor_decorator to None, run_after=None
[2023-06-17T02:23:53.915+0000] {processor.py:179} INFO - Processing /home/airflow/.local/lib/python3.7/site-packages/airflow/example_dags/example_sensor_decorator.py took 0.092 seconds
[2023-06-17T02:24:24.044+0000] {processor.py:157} INFO - Started process (PID=813) to work on /home/airflow/.local/lib/python3.7/site-packages/airflow/example_dags/example_sensor_decorator.py
[2023-06-17T02:24:24.071+0000] {processor.py:826} INFO - Processing file /home/airflow/.local/lib/python3.7/site-packages/airflow/example_dags/example_sensor_decorator.py for tasks to queue
[2023-06-17T02:24:24.072+0000] {logging_mixin.py:149} INFO - [2023-06-17T02:24:24.072+0000] {dagbag.py:541} INFO - Filling up the DagBag from /home/airflow/.local/lib/python3.7/site-packages/airflow/example_dags/example_sensor_decorator.py
[2023-06-17T02:24:24.077+0000] {processor.py:836} INFO - DAG(s) dict_keys(['example_sensor_decorator']) retrieved from /home/airflow/.local/lib/python3.7/site-packages/airflow/example_dags/example_sensor_decorator.py
[2023-06-17T02:24:24.103+0000] {logging_mixin.py:149} INFO - [2023-06-17T02:24:24.102+0000] {dag.py:2726} INFO - Sync 1 DAGs
[2023-06-17T02:24:24.145+0000] {logging_mixin.py:149} INFO - [2023-06-17T02:24:24.145+0000] {dag.py:3490} INFO - Setting next_dagrun for example_sensor_decorator to None, run_after=None
[2023-06-17T02:24:24.177+0000] {processor.py:179} INFO - Processing /home/airflow/.local/lib/python3.7/site-packages/airflow/example_dags/example_sensor_decorator.py took 0.137 seconds
[2023-06-17T02:24:54.750+0000] {processor.py:157} INFO - Started process (PID=861) to work on /home/airflow/.local/lib/python3.7/site-packages/airflow/example_dags/example_sensor_decorator.py
[2023-06-17T02:24:54.801+0000] {processor.py:826} INFO - Processing file /home/airflow/.local/lib/python3.7/site-packages/airflow/example_dags/example_sensor_decorator.py for tasks to queue
[2023-06-17T02:24:54.803+0000] {logging_mixin.py:149} INFO - [2023-06-17T02:24:54.802+0000] {dagbag.py:541} INFO - Filling up the DagBag from /home/airflow/.local/lib/python3.7/site-packages/airflow/example_dags/example_sensor_decorator.py
[2023-06-17T02:24:54.809+0000] {processor.py:836} INFO - DAG(s) dict_keys(['example_sensor_decorator']) retrieved from /home/airflow/.local/lib/python3.7/site-packages/airflow/example_dags/example_sensor_decorator.py
[2023-06-17T02:24:54.837+0000] {logging_mixin.py:149} INFO - [2023-06-17T02:24:54.837+0000] {dag.py:2726} INFO - Sync 1 DAGs
[2023-06-17T02:24:54.873+0000] {logging_mixin.py:149} INFO - [2023-06-17T02:24:54.873+0000] {dag.py:3490} INFO - Setting next_dagrun for example_sensor_decorator to None, run_after=None
[2023-06-17T02:24:54.927+0000] {processor.py:179} INFO - Processing /home/airflow/.local/lib/python3.7/site-packages/airflow/example_dags/example_sensor_decorator.py took 0.180 seconds
[2023-06-17T02:25:27.818+0000] {processor.py:157} INFO - Started process (PID=893) to work on /home/airflow/.local/lib/python3.7/site-packages/airflow/example_dags/example_sensor_decorator.py
[2023-06-17T02:25:27.875+0000] {processor.py:826} INFO - Processing file /home/airflow/.local/lib/python3.7/site-packages/airflow/example_dags/example_sensor_decorator.py for tasks to queue
[2023-06-17T02:25:27.876+0000] {logging_mixin.py:149} INFO - [2023-06-17T02:25:27.876+0000] {dagbag.py:541} INFO - Filling up the DagBag from /home/airflow/.local/lib/python3.7/site-packages/airflow/example_dags/example_sensor_decorator.py
[2023-06-17T02:25:27.882+0000] {processor.py:836} INFO - DAG(s) dict_keys(['example_sensor_decorator']) retrieved from /home/airflow/.local/lib/python3.7/site-packages/airflow/example_dags/example_sensor_decorator.py
[2023-06-17T02:25:27.903+0000] {logging_mixin.py:149} INFO - [2023-06-17T02:25:27.903+0000] {dag.py:2726} INFO - Sync 1 DAGs
[2023-06-17T02:25:27.934+0000] {logging_mixin.py:149} INFO - [2023-06-17T02:25:27.934+0000] {dag.py:3490} INFO - Setting next_dagrun for example_sensor_decorator to None, run_after=None
[2023-06-17T02:25:27.997+0000] {processor.py:179} INFO - Processing /home/airflow/.local/lib/python3.7/site-packages/airflow/example_dags/example_sensor_decorator.py took 0.184 seconds
[2023-06-17T02:25:58.207+0000] {processor.py:157} INFO - Started process (PID=954) to work on /home/airflow/.local/lib/python3.7/site-packages/airflow/example_dags/example_sensor_decorator.py
[2023-06-17T02:25:58.220+0000] {processor.py:826} INFO - Processing file /home/airflow/.local/lib/python3.7/site-packages/airflow/example_dags/example_sensor_decorator.py for tasks to queue
[2023-06-17T02:25:58.221+0000] {logging_mixin.py:149} INFO - [2023-06-17T02:25:58.221+0000] {dagbag.py:541} INFO - Filling up the DagBag from /home/airflow/.local/lib/python3.7/site-packages/airflow/example_dags/example_sensor_decorator.py
[2023-06-17T02:25:58.226+0000] {processor.py:836} INFO - DAG(s) dict_keys(['example_sensor_decorator']) retrieved from /home/airflow/.local/lib/python3.7/site-packages/airflow/example_dags/example_sensor_decorator.py
[2023-06-17T02:25:58.248+0000] {logging_mixin.py:149} INFO - [2023-06-17T02:25:58.248+0000] {dag.py:2726} INFO - Sync 1 DAGs
[2023-06-17T02:25:58.280+0000] {logging_mixin.py:149} INFO - [2023-06-17T02:25:58.280+0000] {dag.py:3490} INFO - Setting next_dagrun for example_sensor_decorator to None, run_after=None
[2023-06-17T02:25:58.317+0000] {processor.py:179} INFO - Processing /home/airflow/.local/lib/python3.7/site-packages/airflow/example_dags/example_sensor_decorator.py took 0.112 seconds
[2023-06-17T02:26:28.734+0000] {processor.py:157} INFO - Started process (PID=1013) to work on /home/airflow/.local/lib/python3.7/site-packages/airflow/example_dags/example_sensor_decorator.py
[2023-06-17T02:26:28.739+0000] {processor.py:826} INFO - Processing file /home/airflow/.local/lib/python3.7/site-packages/airflow/example_dags/example_sensor_decorator.py for tasks to queue
[2023-06-17T02:26:28.740+0000] {logging_mixin.py:149} INFO - [2023-06-17T02:26:28.740+0000] {dagbag.py:541} INFO - Filling up the DagBag from /home/airflow/.local/lib/python3.7/site-packages/airflow/example_dags/example_sensor_decorator.py
[2023-06-17T02:26:28.744+0000] {processor.py:836} INFO - DAG(s) dict_keys(['example_sensor_decorator']) retrieved from /home/airflow/.local/lib/python3.7/site-packages/airflow/example_dags/example_sensor_decorator.py
[2023-06-17T02:26:28.769+0000] {logging_mixin.py:149} INFO - [2023-06-17T02:26:28.769+0000] {dag.py:2726} INFO - Sync 1 DAGs
[2023-06-17T02:26:28.804+0000] {logging_mixin.py:149} INFO - [2023-06-17T02:26:28.804+0000] {dag.py:3490} INFO - Setting next_dagrun for example_sensor_decorator to None, run_after=None
[2023-06-17T02:26:28.842+0000] {processor.py:179} INFO - Processing /home/airflow/.local/lib/python3.7/site-packages/airflow/example_dags/example_sensor_decorator.py took 0.110 seconds
[2023-06-17T02:27:00.036+0000] {processor.py:157} INFO - Started process (PID=1073) to work on /home/airflow/.local/lib/python3.7/site-packages/airflow/example_dags/example_sensor_decorator.py
[2023-06-17T02:27:00.134+0000] {processor.py:826} INFO - Processing file /home/airflow/.local/lib/python3.7/site-packages/airflow/example_dags/example_sensor_decorator.py for tasks to queue
[2023-06-17T02:27:00.135+0000] {logging_mixin.py:149} INFO - [2023-06-17T02:27:00.135+0000] {dagbag.py:541} INFO - Filling up the DagBag from /home/airflow/.local/lib/python3.7/site-packages/airflow/example_dags/example_sensor_decorator.py
[2023-06-17T02:27:00.141+0000] {processor.py:836} INFO - DAG(s) dict_keys(['example_sensor_decorator']) retrieved from /home/airflow/.local/lib/python3.7/site-packages/airflow/example_dags/example_sensor_decorator.py
[2023-06-17T02:27:00.174+0000] {logging_mixin.py:149} INFO - [2023-06-17T02:27:00.174+0000] {dag.py:2726} INFO - Sync 1 DAGs
[2023-06-17T02:27:00.215+0000] {logging_mixin.py:149} INFO - [2023-06-17T02:27:00.214+0000] {dag.py:3490} INFO - Setting next_dagrun for example_sensor_decorator to None, run_after=None
[2023-06-17T02:27:00.371+0000] {processor.py:179} INFO - Processing /home/airflow/.local/lib/python3.7/site-packages/airflow/example_dags/example_sensor_decorator.py took 0.338 seconds
[2023-06-17T02:27:31.837+0000] {processor.py:157} INFO - Started process (PID=1126) to work on /home/airflow/.local/lib/python3.7/site-packages/airflow/example_dags/example_sensor_decorator.py
[2023-06-17T02:27:32.114+0000] {processor.py:826} INFO - Processing file /home/airflow/.local/lib/python3.7/site-packages/airflow/example_dags/example_sensor_decorator.py for tasks to queue
[2023-06-17T02:27:32.229+0000] {logging_mixin.py:149} INFO - [2023-06-17T02:27:32.228+0000] {dagbag.py:541} INFO - Filling up the DagBag from /home/airflow/.local/lib/python3.7/site-packages/airflow/example_dags/example_sensor_decorator.py
[2023-06-17T02:27:32.234+0000] {processor.py:836} INFO - DAG(s) dict_keys(['example_sensor_decorator']) retrieved from /home/airflow/.local/lib/python3.7/site-packages/airflow/example_dags/example_sensor_decorator.py
[2023-06-17T02:27:32.264+0000] {logging_mixin.py:149} INFO - [2023-06-17T02:27:32.264+0000] {dag.py:2726} INFO - Sync 1 DAGs
[2023-06-17T02:27:32.295+0000] {logging_mixin.py:149} INFO - [2023-06-17T02:27:32.295+0000] {dag.py:3490} INFO - Setting next_dagrun for example_sensor_decorator to None, run_after=None
[2023-06-17T02:27:32.678+0000] {processor.py:179} INFO - Processing /home/airflow/.local/lib/python3.7/site-packages/airflow/example_dags/example_sensor_decorator.py took 0.845 seconds
[2023-06-17T02:28:03.666+0000] {processor.py:157} INFO - Started process (PID=1186) to work on /home/airflow/.local/lib/python3.7/site-packages/airflow/example_dags/example_sensor_decorator.py
[2023-06-17T02:28:03.667+0000] {processor.py:826} INFO - Processing file /home/airflow/.local/lib/python3.7/site-packages/airflow/example_dags/example_sensor_decorator.py for tasks to queue
[2023-06-17T02:28:03.669+0000] {logging_mixin.py:149} INFO - [2023-06-17T02:28:03.668+0000] {dagbag.py:541} INFO - Filling up the DagBag from /home/airflow/.local/lib/python3.7/site-packages/airflow/example_dags/example_sensor_decorator.py
[2023-06-17T02:28:03.676+0000] {processor.py:836} INFO - DAG(s) dict_keys(['example_sensor_decorator']) retrieved from /home/airflow/.local/lib/python3.7/site-packages/airflow/example_dags/example_sensor_decorator.py
[2023-06-17T02:28:03.698+0000] {logging_mixin.py:149} INFO - [2023-06-17T02:28:03.698+0000] {dag.py:2726} INFO - Sync 1 DAGs
[2023-06-17T02:28:03.724+0000] {logging_mixin.py:149} INFO - [2023-06-17T02:28:03.724+0000] {dag.py:3490} INFO - Setting next_dagrun for example_sensor_decorator to None, run_after=None
[2023-06-17T02:28:03.837+0000] {processor.py:179} INFO - Processing /home/airflow/.local/lib/python3.7/site-packages/airflow/example_dags/example_sensor_decorator.py took 0.178 seconds
[2023-06-17T02:28:34.215+0000] {processor.py:157} INFO - Started process (PID=1247) to work on /home/airflow/.local/lib/python3.7/site-packages/airflow/example_dags/example_sensor_decorator.py
[2023-06-17T02:28:34.268+0000] {processor.py:826} INFO - Processing file /home/airflow/.local/lib/python3.7/site-packages/airflow/example_dags/example_sensor_decorator.py for tasks to queue
[2023-06-17T02:28:34.350+0000] {logging_mixin.py:149} INFO - [2023-06-17T02:28:34.350+0000] {dagbag.py:541} INFO - Filling up the DagBag from /home/airflow/.local/lib/python3.7/site-packages/airflow/example_dags/example_sensor_decorator.py
[2023-06-17T02:28:34.355+0000] {processor.py:836} INFO - DAG(s) dict_keys(['example_sensor_decorator']) retrieved from /home/airflow/.local/lib/python3.7/site-packages/airflow/example_dags/example_sensor_decorator.py
[2023-06-17T02:28:34.378+0000] {logging_mixin.py:149} INFO - [2023-06-17T02:28:34.377+0000] {dag.py:2726} INFO - Sync 1 DAGs
[2023-06-17T02:28:34.406+0000] {logging_mixin.py:149} INFO - [2023-06-17T02:28:34.405+0000] {dag.py:3490} INFO - Setting next_dagrun for example_sensor_decorator to None, run_after=None
[2023-06-17T02:28:34.610+0000] {processor.py:179} INFO - Processing /home/airflow/.local/lib/python3.7/site-packages/airflow/example_dags/example_sensor_decorator.py took 0.403 seconds
[2023-06-17T02:29:04.666+0000] {processor.py:157} INFO - Started process (PID=1308) to work on /home/airflow/.local/lib/python3.7/site-packages/airflow/example_dags/example_sensor_decorator.py
[2023-06-17T02:29:04.879+0000] {processor.py:826} INFO - Processing file /home/airflow/.local/lib/python3.7/site-packages/airflow/example_dags/example_sensor_decorator.py for tasks to queue
[2023-06-17T02:29:04.882+0000] {logging_mixin.py:149} INFO - [2023-06-17T02:29:04.881+0000] {dagbag.py:541} INFO - Filling up the DagBag from /home/airflow/.local/lib/python3.7/site-packages/airflow/example_dags/example_sensor_decorator.py
[2023-06-17T02:29:04.900+0000] {processor.py:836} INFO - DAG(s) dict_keys(['example_sensor_decorator']) retrieved from /home/airflow/.local/lib/python3.7/site-packages/airflow/example_dags/example_sensor_decorator.py
[2023-06-17T02:29:04.936+0000] {logging_mixin.py:149} INFO - [2023-06-17T02:29:04.936+0000] {dag.py:2726} INFO - Sync 1 DAGs
[2023-06-17T02:29:04.963+0000] {logging_mixin.py:149} INFO - [2023-06-17T02:29:04.963+0000] {dag.py:3490} INFO - Setting next_dagrun for example_sensor_decorator to None, run_after=None
[2023-06-17T02:29:05.499+0000] {processor.py:179} INFO - Processing /home/airflow/.local/lib/python3.7/site-packages/airflow/example_dags/example_sensor_decorator.py took 0.837 seconds
[2023-06-17T02:31:02.642+0000] {processor.py:157} INFO - Started process (PID=1374) to work on /home/airflow/.local/lib/python3.7/site-packages/airflow/example_dags/example_sensor_decorator.py
[2023-06-17T02:31:03.236+0000] {processor.py:826} INFO - Processing file /home/airflow/.local/lib/python3.7/site-packages/airflow/example_dags/example_sensor_decorator.py for tasks to queue
[2023-06-17T02:31:03.237+0000] {logging_mixin.py:149} INFO - [2023-06-17T02:31:03.237+0000] {dagbag.py:541} INFO - Filling up the DagBag from /home/airflow/.local/lib/python3.7/site-packages/airflow/example_dags/example_sensor_decorator.py
[2023-06-17T02:31:04.733+0000] {processor.py:836} INFO - DAG(s) dict_keys(['example_sensor_decorator']) retrieved from /home/airflow/.local/lib/python3.7/site-packages/airflow/example_dags/example_sensor_decorator.py
[2023-06-17T02:31:10.649+0000] {logging_mixin.py:149} INFO - [2023-06-17T02:31:10.648+0000] {dag.py:2726} INFO - Sync 1 DAGs
[2023-06-17T02:31:31.959+0000] {logging_mixin.py:149} INFO - [2023-06-17T02:31:31.959+0000] {dag.py:3490} INFO - Setting next_dagrun for example_sensor_decorator to None, run_after=None
[2023-06-17T02:31:36.528+0000] {processor.py:179} INFO - Processing /home/airflow/.local/lib/python3.7/site-packages/airflow/example_dags/example_sensor_decorator.py took 35.243 seconds
[2023-06-17T02:32:33.040+0000] {processor.py:157} INFO - Started process (PID=1433) to work on /home/airflow/.local/lib/python3.7/site-packages/airflow/example_dags/example_sensor_decorator.py
[2023-06-17T02:32:33.311+0000] {processor.py:826} INFO - Processing file /home/airflow/.local/lib/python3.7/site-packages/airflow/example_dags/example_sensor_decorator.py for tasks to queue
[2023-06-17T02:32:33.313+0000] {logging_mixin.py:149} INFO - [2023-06-17T02:32:33.313+0000] {dagbag.py:541} INFO - Filling up the DagBag from /home/airflow/.local/lib/python3.7/site-packages/airflow/example_dags/example_sensor_decorator.py
[2023-06-17T02:32:33.330+0000] {processor.py:836} INFO - DAG(s) dict_keys(['example_sensor_decorator']) retrieved from /home/airflow/.local/lib/python3.7/site-packages/airflow/example_dags/example_sensor_decorator.py
[2023-06-17T02:32:33.382+0000] {logging_mixin.py:149} INFO - [2023-06-17T02:32:33.381+0000] {dag.py:2726} INFO - Sync 1 DAGs
[2023-06-17T02:32:33.408+0000] {logging_mixin.py:149} INFO - [2023-06-17T02:32:33.408+0000] {dag.py:3490} INFO - Setting next_dagrun for example_sensor_decorator to None, run_after=None
[2023-06-17T02:32:33.705+0000] {processor.py:179} INFO - Processing /home/airflow/.local/lib/python3.7/site-packages/airflow/example_dags/example_sensor_decorator.py took 0.669 seconds
[2023-06-17T02:33:04.420+0000] {processor.py:157} INFO - Started process (PID=1493) to work on /home/airflow/.local/lib/python3.7/site-packages/airflow/example_dags/example_sensor_decorator.py
[2023-06-17T02:33:04.443+0000] {processor.py:826} INFO - Processing file /home/airflow/.local/lib/python3.7/site-packages/airflow/example_dags/example_sensor_decorator.py for tasks to queue
[2023-06-17T02:33:04.444+0000] {logging_mixin.py:149} INFO - [2023-06-17T02:33:04.444+0000] {dagbag.py:541} INFO - Filling up the DagBag from /home/airflow/.local/lib/python3.7/site-packages/airflow/example_dags/example_sensor_decorator.py
[2023-06-17T02:33:04.450+0000] {processor.py:836} INFO - DAG(s) dict_keys(['example_sensor_decorator']) retrieved from /home/airflow/.local/lib/python3.7/site-packages/airflow/example_dags/example_sensor_decorator.py
[2023-06-17T02:33:04.507+0000] {logging_mixin.py:149} INFO - [2023-06-17T02:33:04.507+0000] {dag.py:2726} INFO - Sync 1 DAGs
[2023-06-17T02:33:04.559+0000] {logging_mixin.py:149} INFO - [2023-06-17T02:33:04.559+0000] {dag.py:3490} INFO - Setting next_dagrun for example_sensor_decorator to None, run_after=None
[2023-06-17T02:33:04.608+0000] {processor.py:179} INFO - Processing /home/airflow/.local/lib/python3.7/site-packages/airflow/example_dags/example_sensor_decorator.py took 0.192 seconds
[2023-06-17T02:33:34.840+0000] {processor.py:157} INFO - Started process (PID=1554) to work on /home/airflow/.local/lib/python3.7/site-packages/airflow/example_dags/example_sensor_decorator.py
[2023-06-17T02:33:34.915+0000] {processor.py:826} INFO - Processing file /home/airflow/.local/lib/python3.7/site-packages/airflow/example_dags/example_sensor_decorator.py for tasks to queue
[2023-06-17T02:33:34.915+0000] {logging_mixin.py:149} INFO - [2023-06-17T02:33:34.915+0000] {dagbag.py:541} INFO - Filling up the DagBag from /home/airflow/.local/lib/python3.7/site-packages/airflow/example_dags/example_sensor_decorator.py
[2023-06-17T02:33:34.921+0000] {processor.py:836} INFO - DAG(s) dict_keys(['example_sensor_decorator']) retrieved from /home/airflow/.local/lib/python3.7/site-packages/airflow/example_dags/example_sensor_decorator.py
[2023-06-17T02:33:34.945+0000] {logging_mixin.py:149} INFO - [2023-06-17T02:33:34.945+0000] {dag.py:2726} INFO - Sync 1 DAGs
[2023-06-17T02:33:34.977+0000] {logging_mixin.py:149} INFO - [2023-06-17T02:33:34.977+0000] {dag.py:3490} INFO - Setting next_dagrun for example_sensor_decorator to None, run_after=None
[2023-06-17T02:33:35.171+0000] {processor.py:179} INFO - Processing /home/airflow/.local/lib/python3.7/site-packages/airflow/example_dags/example_sensor_decorator.py took 0.334 seconds
[2023-06-17T02:34:05.552+0000] {processor.py:157} INFO - Started process (PID=1606) to work on /home/airflow/.local/lib/python3.7/site-packages/airflow/example_dags/example_sensor_decorator.py
[2023-06-17T02:34:05.706+0000] {processor.py:826} INFO - Processing file /home/airflow/.local/lib/python3.7/site-packages/airflow/example_dags/example_sensor_decorator.py for tasks to queue
[2023-06-17T02:34:05.708+0000] {logging_mixin.py:149} INFO - [2023-06-17T02:34:05.708+0000] {dagbag.py:541} INFO - Filling up the DagBag from /home/airflow/.local/lib/python3.7/site-packages/airflow/example_dags/example_sensor_decorator.py
[2023-06-17T02:34:05.724+0000] {processor.py:836} INFO - DAG(s) dict_keys(['example_sensor_decorator']) retrieved from /home/airflow/.local/lib/python3.7/site-packages/airflow/example_dags/example_sensor_decorator.py
[2023-06-17T02:34:05.759+0000] {logging_mixin.py:149} INFO - [2023-06-17T02:34:05.759+0000] {dag.py:2726} INFO - Sync 1 DAGs
[2023-06-17T02:34:05.785+0000] {logging_mixin.py:149} INFO - [2023-06-17T02:34:05.785+0000] {dag.py:3490} INFO - Setting next_dagrun for example_sensor_decorator to None, run_after=None
[2023-06-17T02:34:06.042+0000] {processor.py:179} INFO - Processing /home/airflow/.local/lib/python3.7/site-packages/airflow/example_dags/example_sensor_decorator.py took 0.492 seconds
[2023-06-17T02:34:36.292+0000] {processor.py:157} INFO - Started process (PID=1667) to work on /home/airflow/.local/lib/python3.7/site-packages/airflow/example_dags/example_sensor_decorator.py
[2023-06-17T02:34:36.298+0000] {processor.py:826} INFO - Processing file /home/airflow/.local/lib/python3.7/site-packages/airflow/example_dags/example_sensor_decorator.py for tasks to queue
[2023-06-17T02:34:36.299+0000] {logging_mixin.py:149} INFO - [2023-06-17T02:34:36.299+0000] {dagbag.py:541} INFO - Filling up the DagBag from /home/airflow/.local/lib/python3.7/site-packages/airflow/example_dags/example_sensor_decorator.py
[2023-06-17T02:34:36.304+0000] {processor.py:836} INFO - DAG(s) dict_keys(['example_sensor_decorator']) retrieved from /home/airflow/.local/lib/python3.7/site-packages/airflow/example_dags/example_sensor_decorator.py
[2023-06-17T02:34:36.330+0000] {logging_mixin.py:149} INFO - [2023-06-17T02:34:36.330+0000] {dag.py:2726} INFO - Sync 1 DAGs
[2023-06-17T02:34:36.362+0000] {logging_mixin.py:149} INFO - [2023-06-17T02:34:36.361+0000] {dag.py:3490} INFO - Setting next_dagrun for example_sensor_decorator to None, run_after=None
[2023-06-17T02:34:36.395+0000] {processor.py:179} INFO - Processing /home/airflow/.local/lib/python3.7/site-packages/airflow/example_dags/example_sensor_decorator.py took 0.106 seconds
[2023-06-17T02:35:06.699+0000] {processor.py:157} INFO - Started process (PID=1728) to work on /home/airflow/.local/lib/python3.7/site-packages/airflow/example_dags/example_sensor_decorator.py
[2023-06-17T02:35:06.795+0000] {processor.py:826} INFO - Processing file /home/airflow/.local/lib/python3.7/site-packages/airflow/example_dags/example_sensor_decorator.py for tasks to queue
[2023-06-17T02:35:06.796+0000] {logging_mixin.py:149} INFO - [2023-06-17T02:35:06.796+0000] {dagbag.py:541} INFO - Filling up the DagBag from /home/airflow/.local/lib/python3.7/site-packages/airflow/example_dags/example_sensor_decorator.py
[2023-06-17T02:35:06.801+0000] {processor.py:836} INFO - DAG(s) dict_keys(['example_sensor_decorator']) retrieved from /home/airflow/.local/lib/python3.7/site-packages/airflow/example_dags/example_sensor_decorator.py
[2023-06-17T02:35:06.832+0000] {logging_mixin.py:149} INFO - [2023-06-17T02:35:06.831+0000] {dag.py:2726} INFO - Sync 1 DAGs
[2023-06-17T02:35:06.867+0000] {logging_mixin.py:149} INFO - [2023-06-17T02:35:06.867+0000] {dag.py:3490} INFO - Setting next_dagrun for example_sensor_decorator to None, run_after=None
[2023-06-17T02:35:06.899+0000] {processor.py:179} INFO - Processing /home/airflow/.local/lib/python3.7/site-packages/airflow/example_dags/example_sensor_decorator.py took 0.203 seconds
[2023-06-17T02:35:37.236+0000] {processor.py:157} INFO - Started process (PID=1788) to work on /home/airflow/.local/lib/python3.7/site-packages/airflow/example_dags/example_sensor_decorator.py
[2023-06-17T02:35:37.246+0000] {processor.py:826} INFO - Processing file /home/airflow/.local/lib/python3.7/site-packages/airflow/example_dags/example_sensor_decorator.py for tasks to queue
[2023-06-17T02:35:37.246+0000] {logging_mixin.py:149} INFO - [2023-06-17T02:35:37.246+0000] {dagbag.py:541} INFO - Filling up the DagBag from /home/airflow/.local/lib/python3.7/site-packages/airflow/example_dags/example_sensor_decorator.py
[2023-06-17T02:35:37.252+0000] {processor.py:836} INFO - DAG(s) dict_keys(['example_sensor_decorator']) retrieved from /home/airflow/.local/lib/python3.7/site-packages/airflow/example_dags/example_sensor_decorator.py
[2023-06-17T02:35:37.277+0000] {logging_mixin.py:149} INFO - [2023-06-17T02:35:37.276+0000] {dag.py:2726} INFO - Sync 1 DAGs
[2023-06-17T02:35:37.310+0000] {logging_mixin.py:149} INFO - [2023-06-17T02:35:37.309+0000] {dag.py:3490} INFO - Setting next_dagrun for example_sensor_decorator to None, run_after=None
[2023-06-17T02:35:37.344+0000] {processor.py:179} INFO - Processing /home/airflow/.local/lib/python3.7/site-packages/airflow/example_dags/example_sensor_decorator.py took 0.110 seconds
[2023-06-17T02:36:07.583+0000] {processor.py:157} INFO - Started process (PID=1849) to work on /home/airflow/.local/lib/python3.7/site-packages/airflow/example_dags/example_sensor_decorator.py
[2023-06-17T02:36:07.607+0000] {processor.py:826} INFO - Processing file /home/airflow/.local/lib/python3.7/site-packages/airflow/example_dags/example_sensor_decorator.py for tasks to queue
[2023-06-17T02:36:07.608+0000] {logging_mixin.py:149} INFO - [2023-06-17T02:36:07.608+0000] {dagbag.py:541} INFO - Filling up the DagBag from /home/airflow/.local/lib/python3.7/site-packages/airflow/example_dags/example_sensor_decorator.py
[2023-06-17T02:36:07.615+0000] {processor.py:836} INFO - DAG(s) dict_keys(['example_sensor_decorator']) retrieved from /home/airflow/.local/lib/python3.7/site-packages/airflow/example_dags/example_sensor_decorator.py
[2023-06-17T02:36:07.649+0000] {logging_mixin.py:149} INFO - [2023-06-17T02:36:07.649+0000] {dag.py:2726} INFO - Sync 1 DAGs
[2023-06-17T02:36:07.684+0000] {logging_mixin.py:149} INFO - [2023-06-17T02:36:07.684+0000] {dag.py:3490} INFO - Setting next_dagrun for example_sensor_decorator to None, run_after=None
[2023-06-17T02:36:07.719+0000] {processor.py:179} INFO - Processing /home/airflow/.local/lib/python3.7/site-packages/airflow/example_dags/example_sensor_decorator.py took 0.139 seconds
[2023-06-17T02:36:38.176+0000] {processor.py:157} INFO - Started process (PID=1917) to work on /home/airflow/.local/lib/python3.7/site-packages/airflow/example_dags/example_sensor_decorator.py
[2023-06-17T02:36:38.189+0000] {processor.py:826} INFO - Processing file /home/airflow/.local/lib/python3.7/site-packages/airflow/example_dags/example_sensor_decorator.py for tasks to queue
[2023-06-17T02:36:38.190+0000] {logging_mixin.py:149} INFO - [2023-06-17T02:36:38.190+0000] {dagbag.py:541} INFO - Filling up the DagBag from /home/airflow/.local/lib/python3.7/site-packages/airflow/example_dags/example_sensor_decorator.py
[2023-06-17T02:36:38.196+0000] {processor.py:836} INFO - DAG(s) dict_keys(['example_sensor_decorator']) retrieved from /home/airflow/.local/lib/python3.7/site-packages/airflow/example_dags/example_sensor_decorator.py
[2023-06-17T02:36:38.228+0000] {logging_mixin.py:149} INFO - [2023-06-17T02:36:38.228+0000] {dag.py:2726} INFO - Sync 1 DAGs
[2023-06-17T02:36:38.263+0000] {logging_mixin.py:149} INFO - [2023-06-17T02:36:38.263+0000] {dag.py:3490} INFO - Setting next_dagrun for example_sensor_decorator to None, run_after=None
[2023-06-17T02:36:38.292+0000] {processor.py:179} INFO - Processing /home/airflow/.local/lib/python3.7/site-packages/airflow/example_dags/example_sensor_decorator.py took 0.119 seconds
[2023-06-17T02:37:08.543+0000] {processor.py:157} INFO - Started process (PID=1978) to work on /home/airflow/.local/lib/python3.7/site-packages/airflow/example_dags/example_sensor_decorator.py
[2023-06-17T02:37:08.556+0000] {processor.py:826} INFO - Processing file /home/airflow/.local/lib/python3.7/site-packages/airflow/example_dags/example_sensor_decorator.py for tasks to queue
[2023-06-17T02:37:08.557+0000] {logging_mixin.py:149} INFO - [2023-06-17T02:37:08.556+0000] {dagbag.py:541} INFO - Filling up the DagBag from /home/airflow/.local/lib/python3.7/site-packages/airflow/example_dags/example_sensor_decorator.py
[2023-06-17T02:37:08.563+0000] {processor.py:836} INFO - DAG(s) dict_keys(['example_sensor_decorator']) retrieved from /home/airflow/.local/lib/python3.7/site-packages/airflow/example_dags/example_sensor_decorator.py
[2023-06-17T02:37:08.592+0000] {logging_mixin.py:149} INFO - [2023-06-17T02:37:08.591+0000] {dag.py:2726} INFO - Sync 1 DAGs
[2023-06-17T02:37:08.630+0000] {logging_mixin.py:149} INFO - [2023-06-17T02:37:08.630+0000] {dag.py:3490} INFO - Setting next_dagrun for example_sensor_decorator to None, run_after=None
[2023-06-17T02:37:08.669+0000] {processor.py:179} INFO - Processing /home/airflow/.local/lib/python3.7/site-packages/airflow/example_dags/example_sensor_decorator.py took 0.129 seconds
[2023-06-17T02:37:38.727+0000] {processor.py:157} INFO - Started process (PID=2038) to work on /home/airflow/.local/lib/python3.7/site-packages/airflow/example_dags/example_sensor_decorator.py
[2023-06-17T02:37:38.745+0000] {processor.py:826} INFO - Processing file /home/airflow/.local/lib/python3.7/site-packages/airflow/example_dags/example_sensor_decorator.py for tasks to queue
[2023-06-17T02:37:38.747+0000] {logging_mixin.py:149} INFO - [2023-06-17T02:37:38.746+0000] {dagbag.py:541} INFO - Filling up the DagBag from /home/airflow/.local/lib/python3.7/site-packages/airflow/example_dags/example_sensor_decorator.py
[2023-06-17T02:37:38.756+0000] {processor.py:836} INFO - DAG(s) dict_keys(['example_sensor_decorator']) retrieved from /home/airflow/.local/lib/python3.7/site-packages/airflow/example_dags/example_sensor_decorator.py
[2023-06-17T02:37:38.784+0000] {logging_mixin.py:149} INFO - [2023-06-17T02:37:38.784+0000] {dag.py:2726} INFO - Sync 1 DAGs
[2023-06-17T02:37:38.810+0000] {logging_mixin.py:149} INFO - [2023-06-17T02:37:38.810+0000] {dag.py:3490} INFO - Setting next_dagrun for example_sensor_decorator to None, run_after=None
[2023-06-17T02:37:39.282+0000] {processor.py:179} INFO - Processing /home/airflow/.local/lib/python3.7/site-packages/airflow/example_dags/example_sensor_decorator.py took 0.563 seconds
[2023-06-17T02:38:10.167+0000] {processor.py:157} INFO - Started process (PID=2099) to work on /home/airflow/.local/lib/python3.7/site-packages/airflow/example_dags/example_sensor_decorator.py
[2023-06-17T02:38:10.212+0000] {processor.py:826} INFO - Processing file /home/airflow/.local/lib/python3.7/site-packages/airflow/example_dags/example_sensor_decorator.py for tasks to queue
[2023-06-17T02:38:10.234+0000] {logging_mixin.py:149} INFO - [2023-06-17T02:38:10.233+0000] {dagbag.py:541} INFO - Filling up the DagBag from /home/airflow/.local/lib/python3.7/site-packages/airflow/example_dags/example_sensor_decorator.py
[2023-06-17T02:38:10.239+0000] {processor.py:836} INFO - DAG(s) dict_keys(['example_sensor_decorator']) retrieved from /home/airflow/.local/lib/python3.7/site-packages/airflow/example_dags/example_sensor_decorator.py
[2023-06-17T02:38:10.262+0000] {logging_mixin.py:149} INFO - [2023-06-17T02:38:10.262+0000] {dag.py:2726} INFO - Sync 1 DAGs
[2023-06-17T02:38:10.294+0000] {logging_mixin.py:149} INFO - [2023-06-17T02:38:10.294+0000] {dag.py:3490} INFO - Setting next_dagrun for example_sensor_decorator to None, run_after=None
[2023-06-17T02:38:10.781+0000] {processor.py:179} INFO - Processing /home/airflow/.local/lib/python3.7/site-packages/airflow/example_dags/example_sensor_decorator.py took 0.617 seconds
[2023-06-17T03:24:42.014+0000] {processor.py:157} INFO - Started process (PID=2112) to work on /home/airflow/.local/lib/python3.7/site-packages/airflow/example_dags/example_sensor_decorator.py
[2023-06-17T03:24:42.075+0000] {processor.py:826} INFO - Processing file /home/airflow/.local/lib/python3.7/site-packages/airflow/example_dags/example_sensor_decorator.py for tasks to queue
[2023-06-17T03:24:42.183+0000] {logging_mixin.py:149} INFO - [2023-06-17T03:24:42.182+0000] {dagbag.py:541} INFO - Filling up the DagBag from /home/airflow/.local/lib/python3.7/site-packages/airflow/example_dags/example_sensor_decorator.py
[2023-06-17T03:24:42.199+0000] {processor.py:836} INFO - DAG(s) dict_keys(['example_sensor_decorator']) retrieved from /home/airflow/.local/lib/python3.7/site-packages/airflow/example_dags/example_sensor_decorator.py
[2023-06-17T03:24:42.242+0000] {logging_mixin.py:149} INFO - [2023-06-17T03:24:42.241+0000] {dag.py:2726} INFO - Sync 1 DAGs
[2023-06-17T03:24:42.268+0000] {logging_mixin.py:149} INFO - [2023-06-17T03:24:42.267+0000] {dag.py:3490} INFO - Setting next_dagrun for example_sensor_decorator to None, run_after=None
[2023-06-17T03:24:42.811+0000] {processor.py:179} INFO - Processing /home/airflow/.local/lib/python3.7/site-packages/airflow/example_dags/example_sensor_decorator.py took 0.800 seconds
[2023-06-17T03:25:13.186+0000] {processor.py:157} INFO - Started process (PID=2173) to work on /home/airflow/.local/lib/python3.7/site-packages/airflow/example_dags/example_sensor_decorator.py
[2023-06-17T03:25:13.274+0000] {processor.py:826} INFO - Processing file /home/airflow/.local/lib/python3.7/site-packages/airflow/example_dags/example_sensor_decorator.py for tasks to queue
[2023-06-17T03:25:13.275+0000] {logging_mixin.py:149} INFO - [2023-06-17T03:25:13.274+0000] {dagbag.py:541} INFO - Filling up the DagBag from /home/airflow/.local/lib/python3.7/site-packages/airflow/example_dags/example_sensor_decorator.py
[2023-06-17T03:25:13.281+0000] {processor.py:836} INFO - DAG(s) dict_keys(['example_sensor_decorator']) retrieved from /home/airflow/.local/lib/python3.7/site-packages/airflow/example_dags/example_sensor_decorator.py
[2023-06-17T03:25:13.308+0000] {logging_mixin.py:149} INFO - [2023-06-17T03:25:13.308+0000] {dag.py:2726} INFO - Sync 1 DAGs
[2023-06-17T03:25:13.342+0000] {logging_mixin.py:149} INFO - [2023-06-17T03:25:13.342+0000] {dag.py:3490} INFO - Setting next_dagrun for example_sensor_decorator to None, run_after=None
[2023-06-17T03:25:13.380+0000] {processor.py:179} INFO - Processing /home/airflow/.local/lib/python3.7/site-packages/airflow/example_dags/example_sensor_decorator.py took 0.197 seconds
                                                                                                                                                                                                                                                                                                                                                                                                                                                                                                                                                                                                                                                                                                                                                                                                                                                                                                                                                                                                                                                                                                                                                                                                           [2023-06-17T03:35:49.886+0000] {processor.py:157} INFO - Started process (PID=47) to work on /home/airflow/.local/lib/python3.7/site-packages/airflow/example_dags/example_sensor_decorator.py
[2023-06-17T03:35:49.919+0000] {processor.py:826} INFO - Processing file /home/airflow/.local/lib/python3.7/site-packages/airflow/example_dags/example_sensor_decorator.py for tasks to queue
[2023-06-17T03:35:49.920+0000] {logging_mixin.py:149} INFO - [2023-06-17T03:35:49.920+0000] {dagbag.py:541} INFO - Filling up the DagBag from /home/airflow/.local/lib/python3.7/site-packages/airflow/example_dags/example_sensor_decorator.py
[2023-06-17T03:35:49.928+0000] {processor.py:836} INFO - DAG(s) dict_keys(['example_sensor_decorator']) retrieved from /home/airflow/.local/lib/python3.7/site-packages/airflow/example_dags/example_sensor_decorator.py
[2023-06-17T03:35:49.970+0000] {logging_mixin.py:149} INFO - [2023-06-17T03:35:49.970+0000] {dag.py:2726} INFO - Sync 1 DAGs
[2023-06-17T03:35:50.007+0000] {logging_mixin.py:149} INFO - [2023-06-17T03:35:50.007+0000] {dag.py:3490} INFO - Setting next_dagrun for example_sensor_decorator to None, run_after=None
[2023-06-17T03:35:50.106+0000] {processor.py:179} INFO - Processing /home/airflow/.local/lib/python3.7/site-packages/airflow/example_dags/example_sensor_decorator.py took 0.223 seconds
[2023-06-17T03:36:21.947+0000] {processor.py:157} INFO - Started process (PID=108) to work on /home/airflow/.local/lib/python3.7/site-packages/airflow/example_dags/example_sensor_decorator.py
[2023-06-17T03:36:22.120+0000] {processor.py:826} INFO - Processing file /home/airflow/.local/lib/python3.7/site-packages/airflow/example_dags/example_sensor_decorator.py for tasks to queue
[2023-06-17T03:36:22.122+0000] {logging_mixin.py:149} INFO - [2023-06-17T03:36:22.122+0000] {dagbag.py:541} INFO - Filling up the DagBag from /home/airflow/.local/lib/python3.7/site-packages/airflow/example_dags/example_sensor_decorator.py
[2023-06-17T03:36:22.137+0000] {processor.py:836} INFO - DAG(s) dict_keys(['example_sensor_decorator']) retrieved from /home/airflow/.local/lib/python3.7/site-packages/airflow/example_dags/example_sensor_decorator.py
[2023-06-17T03:36:22.192+0000] {logging_mixin.py:149} INFO - [2023-06-17T03:36:22.191+0000] {dag.py:2726} INFO - Sync 1 DAGs
[2023-06-17T03:36:22.430+0000] {logging_mixin.py:149} INFO - [2023-06-17T03:36:22.430+0000] {dag.py:3490} INFO - Setting next_dagrun for example_sensor_decorator to None, run_after=None
[2023-06-17T03:36:22.779+0000] {processor.py:179} INFO - Processing /home/airflow/.local/lib/python3.7/site-packages/airflow/example_dags/example_sensor_decorator.py took 0.836 seconds
[2023-06-17T03:36:53.556+0000] {processor.py:157} INFO - Started process (PID=160) to work on /home/airflow/.local/lib/python3.7/site-packages/airflow/example_dags/example_sensor_decorator.py
[2023-06-17T03:36:53.577+0000] {processor.py:826} INFO - Processing file /home/airflow/.local/lib/python3.7/site-packages/airflow/example_dags/example_sensor_decorator.py for tasks to queue
[2023-06-17T03:36:53.578+0000] {logging_mixin.py:149} INFO - [2023-06-17T03:36:53.578+0000] {dagbag.py:541} INFO - Filling up the DagBag from /home/airflow/.local/lib/python3.7/site-packages/airflow/example_dags/example_sensor_decorator.py
[2023-06-17T03:36:53.582+0000] {processor.py:836} INFO - DAG(s) dict_keys(['example_sensor_decorator']) retrieved from /home/airflow/.local/lib/python3.7/site-packages/airflow/example_dags/example_sensor_decorator.py
[2023-06-17T03:36:53.609+0000] {logging_mixin.py:149} INFO - [2023-06-17T03:36:53.608+0000] {dag.py:2726} INFO - Sync 1 DAGs
[2023-06-17T03:36:53.646+0000] {logging_mixin.py:149} INFO - [2023-06-17T03:36:53.646+0000] {dag.py:3490} INFO - Setting next_dagrun for example_sensor_decorator to None, run_after=None
[2023-06-17T03:36:53.793+0000] {processor.py:179} INFO - Processing /home/airflow/.local/lib/python3.7/site-packages/airflow/example_dags/example_sensor_decorator.py took 0.241 seconds
[2023-06-17T03:37:24.359+0000] {processor.py:157} INFO - Started process (PID=222) to work on /home/airflow/.local/lib/python3.7/site-packages/airflow/example_dags/example_sensor_decorator.py
[2023-06-17T03:37:24.499+0000] {processor.py:826} INFO - Processing file /home/airflow/.local/lib/python3.7/site-packages/airflow/example_dags/example_sensor_decorator.py for tasks to queue
[2023-06-17T03:37:24.500+0000] {logging_mixin.py:149} INFO - [2023-06-17T03:37:24.500+0000] {dagbag.py:541} INFO - Filling up the DagBag from /home/airflow/.local/lib/python3.7/site-packages/airflow/example_dags/example_sensor_decorator.py
[2023-06-17T03:37:24.505+0000] {processor.py:836} INFO - DAG(s) dict_keys(['example_sensor_decorator']) retrieved from /home/airflow/.local/lib/python3.7/site-packages/airflow/example_dags/example_sensor_decorator.py
[2023-06-17T03:37:24.636+0000] {logging_mixin.py:149} INFO - [2023-06-17T03:37:24.636+0000] {dag.py:2726} INFO - Sync 1 DAGs
[2023-06-17T03:37:24.669+0000] {logging_mixin.py:149} INFO - [2023-06-17T03:37:24.669+0000] {dag.py:3490} INFO - Setting next_dagrun for example_sensor_decorator to None, run_after=None
[2023-06-17T03:37:24.836+0000] {processor.py:179} INFO - Processing /home/airflow/.local/lib/python3.7/site-packages/airflow/example_dags/example_sensor_decorator.py took 0.480 seconds
[2023-06-17T03:37:54.911+0000] {processor.py:157} INFO - Started process (PID=283) to work on /home/airflow/.local/lib/python3.7/site-packages/airflow/example_dags/example_sensor_decorator.py
[2023-06-17T03:37:54.937+0000] {processor.py:826} INFO - Processing file /home/airflow/.local/lib/python3.7/site-packages/airflow/example_dags/example_sensor_decorator.py for tasks to queue
[2023-06-17T03:37:54.938+0000] {logging_mixin.py:149} INFO - [2023-06-17T03:37:54.938+0000] {dagbag.py:541} INFO - Filling up the DagBag from /home/airflow/.local/lib/python3.7/site-packages/airflow/example_dags/example_sensor_decorator.py
[2023-06-17T03:37:54.942+0000] {processor.py:836} INFO - DAG(s) dict_keys(['example_sensor_decorator']) retrieved from /home/airflow/.local/lib/python3.7/site-packages/airflow/example_dags/example_sensor_decorator.py
[2023-06-17T03:37:54.962+0000] {logging_mixin.py:149} INFO - [2023-06-17T03:37:54.962+0000] {dag.py:2726} INFO - Sync 1 DAGs
[2023-06-17T03:37:54.988+0000] {logging_mixin.py:149} INFO - [2023-06-17T03:37:54.987+0000] {dag.py:3490} INFO - Setting next_dagrun for example_sensor_decorator to None, run_after=None
[2023-06-17T03:37:55.298+0000] {processor.py:179} INFO - Processing /home/airflow/.local/lib/python3.7/site-packages/airflow/example_dags/example_sensor_decorator.py took 0.389 seconds
[2023-06-17T03:38:25.865+0000] {processor.py:157} INFO - Started process (PID=344) to work on /home/airflow/.local/lib/python3.7/site-packages/airflow/example_dags/example_sensor_decorator.py
[2023-06-17T03:38:25.902+0000] {processor.py:826} INFO - Processing file /home/airflow/.local/lib/python3.7/site-packages/airflow/example_dags/example_sensor_decorator.py for tasks to queue
[2023-06-17T03:38:25.903+0000] {logging_mixin.py:149} INFO - [2023-06-17T03:38:25.903+0000] {dagbag.py:541} INFO - Filling up the DagBag from /home/airflow/.local/lib/python3.7/site-packages/airflow/example_dags/example_sensor_decorator.py
[2023-06-17T03:38:25.910+0000] {processor.py:836} INFO - DAG(s) dict_keys(['example_sensor_decorator']) retrieved from /home/airflow/.local/lib/python3.7/site-packages/airflow/example_dags/example_sensor_decorator.py
[2023-06-17T03:38:25.938+0000] {logging_mixin.py:149} INFO - [2023-06-17T03:38:25.938+0000] {dag.py:2726} INFO - Sync 1 DAGs
[2023-06-17T03:38:25.975+0000] {logging_mixin.py:149} INFO - [2023-06-17T03:38:25.975+0000] {dag.py:3490} INFO - Setting next_dagrun for example_sensor_decorator to None, run_after=None
[2023-06-17T03:38:26.371+0000] {processor.py:179} INFO - Processing /home/airflow/.local/lib/python3.7/site-packages/airflow/example_dags/example_sensor_decorator.py took 0.510 seconds
[2023-06-17T03:38:56.992+0000] {processor.py:157} INFO - Started process (PID=405) to work on /home/airflow/.local/lib/python3.7/site-packages/airflow/example_dags/example_sensor_decorator.py
[2023-06-17T03:38:57.006+0000] {processor.py:826} INFO - Processing file /home/airflow/.local/lib/python3.7/site-packages/airflow/example_dags/example_sensor_decorator.py for tasks to queue
[2023-06-17T03:38:57.006+0000] {logging_mixin.py:149} INFO - [2023-06-17T03:38:57.006+0000] {dagbag.py:541} INFO - Filling up the DagBag from /home/airflow/.local/lib/python3.7/site-packages/airflow/example_dags/example_sensor_decorator.py
[2023-06-17T03:38:57.011+0000] {processor.py:836} INFO - DAG(s) dict_keys(['example_sensor_decorator']) retrieved from /home/airflow/.local/lib/python3.7/site-packages/airflow/example_dags/example_sensor_decorator.py
[2023-06-17T03:38:57.036+0000] {logging_mixin.py:149} INFO - [2023-06-17T03:38:57.036+0000] {dag.py:2726} INFO - Sync 1 DAGs
[2023-06-17T03:38:57.077+0000] {logging_mixin.py:149} INFO - [2023-06-17T03:38:57.077+0000] {dag.py:3490} INFO - Setting next_dagrun for example_sensor_decorator to None, run_after=None
[2023-06-17T03:38:57.113+0000] {processor.py:179} INFO - Processing /home/airflow/.local/lib/python3.7/site-packages/airflow/example_dags/example_sensor_decorator.py took 0.124 seconds
[2023-06-17T03:39:27.325+0000] {processor.py:157} INFO - Started process (PID=466) to work on /home/airflow/.local/lib/python3.7/site-packages/airflow/example_dags/example_sensor_decorator.py
[2023-06-17T03:39:27.330+0000] {processor.py:826} INFO - Processing file /home/airflow/.local/lib/python3.7/site-packages/airflow/example_dags/example_sensor_decorator.py for tasks to queue
[2023-06-17T03:39:27.331+0000] {logging_mixin.py:149} INFO - [2023-06-17T03:39:27.331+0000] {dagbag.py:541} INFO - Filling up the DagBag from /home/airflow/.local/lib/python3.7/site-packages/airflow/example_dags/example_sensor_decorator.py
[2023-06-17T03:39:27.335+0000] {processor.py:836} INFO - DAG(s) dict_keys(['example_sensor_decorator']) retrieved from /home/airflow/.local/lib/python3.7/site-packages/airflow/example_dags/example_sensor_decorator.py
[2023-06-17T03:39:27.355+0000] {logging_mixin.py:149} INFO - [2023-06-17T03:39:27.355+0000] {dag.py:2726} INFO - Sync 1 DAGs
[2023-06-17T03:39:27.390+0000] {logging_mixin.py:149} INFO - [2023-06-17T03:39:27.389+0000] {dag.py:3490} INFO - Setting next_dagrun for example_sensor_decorator to None, run_after=None
[2023-06-17T03:39:27.424+0000] {processor.py:179} INFO - Processing /home/airflow/.local/lib/python3.7/site-packages/airflow/example_dags/example_sensor_decorator.py took 0.102 seconds
[2023-06-17T03:39:57.696+0000] {processor.py:157} INFO - Started process (PID=527) to work on /home/airflow/.local/lib/python3.7/site-packages/airflow/example_dags/example_sensor_decorator.py
[2023-06-17T03:39:57.701+0000] {processor.py:826} INFO - Processing file /home/airflow/.local/lib/python3.7/site-packages/airflow/example_dags/example_sensor_decorator.py for tasks to queue
[2023-06-17T03:39:57.702+0000] {logging_mixin.py:149} INFO - [2023-06-17T03:39:57.701+0000] {dagbag.py:541} INFO - Filling up the DagBag from /home/airflow/.local/lib/python3.7/site-packages/airflow/example_dags/example_sensor_decorator.py
[2023-06-17T03:39:57.706+0000] {processor.py:836} INFO - DAG(s) dict_keys(['example_sensor_decorator']) retrieved from /home/airflow/.local/lib/python3.7/site-packages/airflow/example_dags/example_sensor_decorator.py
[2023-06-17T03:39:57.728+0000] {logging_mixin.py:149} INFO - [2023-06-17T03:39:57.728+0000] {dag.py:2726} INFO - Sync 1 DAGs
[2023-06-17T03:39:57.757+0000] {logging_mixin.py:149} INFO - [2023-06-17T03:39:57.756+0000] {dag.py:3490} INFO - Setting next_dagrun for example_sensor_decorator to None, run_after=None
[2023-06-17T03:39:57.788+0000] {processor.py:179} INFO - Processing /home/airflow/.local/lib/python3.7/site-packages/airflow/example_dags/example_sensor_decorator.py took 0.095 seconds
[2023-06-17T03:40:28.289+0000] {processor.py:157} INFO - Started process (PID=588) to work on /home/airflow/.local/lib/python3.7/site-packages/airflow/example_dags/example_sensor_decorator.py
[2023-06-17T03:40:28.408+0000] {processor.py:826} INFO - Processing file /home/airflow/.local/lib/python3.7/site-packages/airflow/example_dags/example_sensor_decorator.py for tasks to queue
[2023-06-17T03:40:28.410+0000] {logging_mixin.py:149} INFO - [2023-06-17T03:40:28.409+0000] {dagbag.py:541} INFO - Filling up the DagBag from /home/airflow/.local/lib/python3.7/site-packages/airflow/example_dags/example_sensor_decorator.py
[2023-06-17T03:40:28.419+0000] {processor.py:836} INFO - DAG(s) dict_keys(['example_sensor_decorator']) retrieved from /home/airflow/.local/lib/python3.7/site-packages/airflow/example_dags/example_sensor_decorator.py
[2023-06-17T03:40:28.444+0000] {logging_mixin.py:149} INFO - [2023-06-17T03:40:28.444+0000] {dag.py:2726} INFO - Sync 1 DAGs
[2023-06-17T03:40:28.471+0000] {logging_mixin.py:149} INFO - [2023-06-17T03:40:28.471+0000] {dag.py:3490} INFO - Setting next_dagrun for example_sensor_decorator to None, run_after=None
[2023-06-17T03:40:28.513+0000] {processor.py:179} INFO - Processing /home/airflow/.local/lib/python3.7/site-packages/airflow/example_dags/example_sensor_decorator.py took 0.227 seconds
[2023-06-17T03:40:58.552+0000] {processor.py:157} INFO - Started process (PID=650) to work on /home/airflow/.local/lib/python3.7/site-packages/airflow/example_dags/example_sensor_decorator.py
[2023-06-17T03:40:58.556+0000] {processor.py:826} INFO - Processing file /home/airflow/.local/lib/python3.7/site-packages/airflow/example_dags/example_sensor_decorator.py for tasks to queue
[2023-06-17T03:40:58.557+0000] {logging_mixin.py:149} INFO - [2023-06-17T03:40:58.557+0000] {dagbag.py:541} INFO - Filling up the DagBag from /home/airflow/.local/lib/python3.7/site-packages/airflow/example_dags/example_sensor_decorator.py
[2023-06-17T03:40:58.561+0000] {processor.py:836} INFO - DAG(s) dict_keys(['example_sensor_decorator']) retrieved from /home/airflow/.local/lib/python3.7/site-packages/airflow/example_dags/example_sensor_decorator.py
[2023-06-17T03:40:58.580+0000] {logging_mixin.py:149} INFO - [2023-06-17T03:40:58.580+0000] {dag.py:2726} INFO - Sync 1 DAGs
[2023-06-17T03:40:58.606+0000] {logging_mixin.py:149} INFO - [2023-06-17T03:40:58.606+0000] {dag.py:3490} INFO - Setting next_dagrun for example_sensor_decorator to None, run_after=None
[2023-06-17T03:40:58.637+0000] {processor.py:179} INFO - Processing /home/airflow/.local/lib/python3.7/site-packages/airflow/example_dags/example_sensor_decorator.py took 0.087 seconds
[2023-06-17T03:41:29.118+0000] {processor.py:157} INFO - Started process (PID=711) to work on /home/airflow/.local/lib/python3.7/site-packages/airflow/example_dags/example_sensor_decorator.py
[2023-06-17T03:41:29.125+0000] {processor.py:826} INFO - Processing file /home/airflow/.local/lib/python3.7/site-packages/airflow/example_dags/example_sensor_decorator.py for tasks to queue
[2023-06-17T03:41:29.126+0000] {logging_mixin.py:149} INFO - [2023-06-17T03:41:29.126+0000] {dagbag.py:541} INFO - Filling up the DagBag from /home/airflow/.local/lib/python3.7/site-packages/airflow/example_dags/example_sensor_decorator.py
[2023-06-17T03:41:29.132+0000] {processor.py:836} INFO - DAG(s) dict_keys(['example_sensor_decorator']) retrieved from /home/airflow/.local/lib/python3.7/site-packages/airflow/example_dags/example_sensor_decorator.py
[2023-06-17T03:41:29.163+0000] {logging_mixin.py:149} INFO - [2023-06-17T03:41:29.163+0000] {dag.py:2726} INFO - Sync 1 DAGs
[2023-06-17T03:41:29.206+0000] {logging_mixin.py:149} INFO - [2023-06-17T03:41:29.206+0000] {dag.py:3490} INFO - Setting next_dagrun for example_sensor_decorator to None, run_after=None
[2023-06-17T03:41:29.246+0000] {processor.py:179} INFO - Processing /home/airflow/.local/lib/python3.7/site-packages/airflow/example_dags/example_sensor_decorator.py took 0.131 seconds
[2023-06-17T03:41:59.840+0000] {processor.py:157} INFO - Started process (PID=772) to work on /home/airflow/.local/lib/python3.7/site-packages/airflow/example_dags/example_sensor_decorator.py
[2023-06-17T03:41:59.851+0000] {processor.py:826} INFO - Processing file /home/airflow/.local/lib/python3.7/site-packages/airflow/example_dags/example_sensor_decorator.py for tasks to queue
[2023-06-17T03:41:59.852+0000] {logging_mixin.py:149} INFO - [2023-06-17T03:41:59.852+0000] {dagbag.py:541} INFO - Filling up the DagBag from /home/airflow/.local/lib/python3.7/site-packages/airflow/example_dags/example_sensor_decorator.py
[2023-06-17T03:41:59.856+0000] {processor.py:836} INFO - DAG(s) dict_keys(['example_sensor_decorator']) retrieved from /home/airflow/.local/lib/python3.7/site-packages/airflow/example_dags/example_sensor_decorator.py
[2023-06-17T03:41:59.876+0000] {logging_mixin.py:149} INFO - [2023-06-17T03:41:59.875+0000] {dag.py:2726} INFO - Sync 1 DAGs
[2023-06-17T03:41:59.903+0000] {logging_mixin.py:149} INFO - [2023-06-17T03:41:59.903+0000] {dag.py:3490} INFO - Setting next_dagrun for example_sensor_decorator to None, run_after=None
[2023-06-17T03:41:59.925+0000] {processor.py:179} INFO - Processing /home/airflow/.local/lib/python3.7/site-packages/airflow/example_dags/example_sensor_decorator.py took 0.088 seconds
[2023-06-17T03:42:30.988+0000] {processor.py:157} INFO - Started process (PID=833) to work on /home/airflow/.local/lib/python3.7/site-packages/airflow/example_dags/example_sensor_decorator.py
[2023-06-17T03:42:30.997+0000] {processor.py:826} INFO - Processing file /home/airflow/.local/lib/python3.7/site-packages/airflow/example_dags/example_sensor_decorator.py for tasks to queue
[2023-06-17T03:42:30.998+0000] {logging_mixin.py:149} INFO - [2023-06-17T03:42:30.997+0000] {dagbag.py:541} INFO - Filling up the DagBag from /home/airflow/.local/lib/python3.7/site-packages/airflow/example_dags/example_sensor_decorator.py
[2023-06-17T03:42:31.004+0000] {processor.py:836} INFO - DAG(s) dict_keys(['example_sensor_decorator']) retrieved from /home/airflow/.local/lib/python3.7/site-packages/airflow/example_dags/example_sensor_decorator.py
[2023-06-17T03:42:31.073+0000] {logging_mixin.py:149} INFO - [2023-06-17T03:42:31.073+0000] {dag.py:2726} INFO - Sync 1 DAGs
[2023-06-17T03:42:31.105+0000] {logging_mixin.py:149} INFO - [2023-06-17T03:42:31.105+0000] {dag.py:3490} INFO - Setting next_dagrun for example_sensor_decorator to None, run_after=None
[2023-06-17T03:42:31.137+0000] {processor.py:179} INFO - Processing /home/airflow/.local/lib/python3.7/site-packages/airflow/example_dags/example_sensor_decorator.py took 0.152 seconds
[2023-06-17T03:43:01.735+0000] {processor.py:157} INFO - Started process (PID=894) to work on /home/airflow/.local/lib/python3.7/site-packages/airflow/example_dags/example_sensor_decorator.py
[2023-06-17T03:43:01.748+0000] {processor.py:826} INFO - Processing file /home/airflow/.local/lib/python3.7/site-packages/airflow/example_dags/example_sensor_decorator.py for tasks to queue
[2023-06-17T03:43:01.749+0000] {logging_mixin.py:149} INFO - [2023-06-17T03:43:01.748+0000] {dagbag.py:541} INFO - Filling up the DagBag from /home/airflow/.local/lib/python3.7/site-packages/airflow/example_dags/example_sensor_decorator.py
[2023-06-17T03:43:01.753+0000] {processor.py:836} INFO - DAG(s) dict_keys(['example_sensor_decorator']) retrieved from /home/airflow/.local/lib/python3.7/site-packages/airflow/example_dags/example_sensor_decorator.py
[2023-06-17T03:43:01.778+0000] {logging_mixin.py:149} INFO - [2023-06-17T03:43:01.778+0000] {dag.py:2726} INFO - Sync 1 DAGs
[2023-06-17T03:43:01.810+0000] {logging_mixin.py:149} INFO - [2023-06-17T03:43:01.810+0000] {dag.py:3490} INFO - Setting next_dagrun for example_sensor_decorator to None, run_after=None
[2023-06-17T03:43:01.844+0000] {processor.py:179} INFO - Processing /home/airflow/.local/lib/python3.7/site-packages/airflow/example_dags/example_sensor_decorator.py took 0.112 seconds
[2023-06-17T03:43:32.425+0000] {processor.py:157} INFO - Started process (PID=955) to work on /home/airflow/.local/lib/python3.7/site-packages/airflow/example_dags/example_sensor_decorator.py
[2023-06-17T03:43:32.438+0000] {processor.py:826} INFO - Processing file /home/airflow/.local/lib/python3.7/site-packages/airflow/example_dags/example_sensor_decorator.py for tasks to queue
[2023-06-17T03:43:32.439+0000] {logging_mixin.py:149} INFO - [2023-06-17T03:43:32.438+0000] {dagbag.py:541} INFO - Filling up the DagBag from /home/airflow/.local/lib/python3.7/site-packages/airflow/example_dags/example_sensor_decorator.py
[2023-06-17T03:43:32.443+0000] {processor.py:836} INFO - DAG(s) dict_keys(['example_sensor_decorator']) retrieved from /home/airflow/.local/lib/python3.7/site-packages/airflow/example_dags/example_sensor_decorator.py
[2023-06-17T03:43:32.463+0000] {logging_mixin.py:149} INFO - [2023-06-17T03:43:32.463+0000] {dag.py:2726} INFO - Sync 1 DAGs
[2023-06-17T03:43:32.491+0000] {logging_mixin.py:149} INFO - [2023-06-17T03:43:32.491+0000] {dag.py:3490} INFO - Setting next_dagrun for example_sensor_decorator to None, run_after=None
[2023-06-17T03:43:32.521+0000] {processor.py:179} INFO - Processing /home/airflow/.local/lib/python3.7/site-packages/airflow/example_dags/example_sensor_decorator.py took 0.099 seconds
[2023-06-17T03:44:02.823+0000] {processor.py:157} INFO - Started process (PID=1016) to work on /home/airflow/.local/lib/python3.7/site-packages/airflow/example_dags/example_sensor_decorator.py
[2023-06-17T03:44:02.831+0000] {processor.py:826} INFO - Processing file /home/airflow/.local/lib/python3.7/site-packages/airflow/example_dags/example_sensor_decorator.py for tasks to queue
[2023-06-17T03:44:02.831+0000] {logging_mixin.py:149} INFO - [2023-06-17T03:44:02.831+0000] {dagbag.py:541} INFO - Filling up the DagBag from /home/airflow/.local/lib/python3.7/site-packages/airflow/example_dags/example_sensor_decorator.py
[2023-06-17T03:44:02.836+0000] {processor.py:836} INFO - DAG(s) dict_keys(['example_sensor_decorator']) retrieved from /home/airflow/.local/lib/python3.7/site-packages/airflow/example_dags/example_sensor_decorator.py
[2023-06-17T03:44:02.861+0000] {logging_mixin.py:149} INFO - [2023-06-17T03:44:02.861+0000] {dag.py:2726} INFO - Sync 1 DAGs
[2023-06-17T03:44:02.891+0000] {logging_mixin.py:149} INFO - [2023-06-17T03:44:02.890+0000] {dag.py:3490} INFO - Setting next_dagrun for example_sensor_decorator to None, run_after=None
[2023-06-17T03:44:02.920+0000] {processor.py:179} INFO - Processing /home/airflow/.local/lib/python3.7/site-packages/airflow/example_dags/example_sensor_decorator.py took 0.100 seconds
[2023-06-17T03:44:33.356+0000] {processor.py:157} INFO - Started process (PID=1077) to work on /home/airflow/.local/lib/python3.7/site-packages/airflow/example_dags/example_sensor_decorator.py
[2023-06-17T03:44:33.362+0000] {processor.py:826} INFO - Processing file /home/airflow/.local/lib/python3.7/site-packages/airflow/example_dags/example_sensor_decorator.py for tasks to queue
[2023-06-17T03:44:33.363+0000] {logging_mixin.py:149} INFO - [2023-06-17T03:44:33.362+0000] {dagbag.py:541} INFO - Filling up the DagBag from /home/airflow/.local/lib/python3.7/site-packages/airflow/example_dags/example_sensor_decorator.py
[2023-06-17T03:44:33.367+0000] {processor.py:836} INFO - DAG(s) dict_keys(['example_sensor_decorator']) retrieved from /home/airflow/.local/lib/python3.7/site-packages/airflow/example_dags/example_sensor_decorator.py
[2023-06-17T03:44:33.387+0000] {logging_mixin.py:149} INFO - [2023-06-17T03:44:33.387+0000] {dag.py:2726} INFO - Sync 1 DAGs
[2023-06-17T03:44:33.413+0000] {logging_mixin.py:149} INFO - [2023-06-17T03:44:33.413+0000] {dag.py:3490} INFO - Setting next_dagrun for example_sensor_decorator to None, run_after=None
[2023-06-17T03:44:33.440+0000] {processor.py:179} INFO - Processing /home/airflow/.local/lib/python3.7/site-packages/airflow/example_dags/example_sensor_decorator.py took 0.087 seconds
[2023-06-17T03:45:03.533+0000] {processor.py:157} INFO - Started process (PID=1138) to work on /home/airflow/.local/lib/python3.7/site-packages/airflow/example_dags/example_sensor_decorator.py
[2023-06-17T03:45:03.538+0000] {processor.py:826} INFO - Processing file /home/airflow/.local/lib/python3.7/site-packages/airflow/example_dags/example_sensor_decorator.py for tasks to queue
[2023-06-17T03:45:03.539+0000] {logging_mixin.py:149} INFO - [2023-06-17T03:45:03.539+0000] {dagbag.py:541} INFO - Filling up the DagBag from /home/airflow/.local/lib/python3.7/site-packages/airflow/example_dags/example_sensor_decorator.py
[2023-06-17T03:45:03.543+0000] {processor.py:836} INFO - DAG(s) dict_keys(['example_sensor_decorator']) retrieved from /home/airflow/.local/lib/python3.7/site-packages/airflow/example_dags/example_sensor_decorator.py
[2023-06-17T03:45:03.568+0000] {logging_mixin.py:149} INFO - [2023-06-17T03:45:03.568+0000] {dag.py:2726} INFO - Sync 1 DAGs
[2023-06-17T03:45:03.600+0000] {logging_mixin.py:149} INFO - [2023-06-17T03:45:03.600+0000] {dag.py:3490} INFO - Setting next_dagrun for example_sensor_decorator to None, run_after=None
[2023-06-17T03:45:03.630+0000] {processor.py:179} INFO - Processing /home/airflow/.local/lib/python3.7/site-packages/airflow/example_dags/example_sensor_decorator.py took 0.099 seconds
[2023-06-17T03:45:33.835+0000] {processor.py:157} INFO - Started process (PID=1199) to work on /home/airflow/.local/lib/python3.7/site-packages/airflow/example_dags/example_sensor_decorator.py
[2023-06-17T03:45:33.844+0000] {processor.py:826} INFO - Processing file /home/airflow/.local/lib/python3.7/site-packages/airflow/example_dags/example_sensor_decorator.py for tasks to queue
[2023-06-17T03:45:33.844+0000] {logging_mixin.py:149} INFO - [2023-06-17T03:45:33.844+0000] {dagbag.py:541} INFO - Filling up the DagBag from /home/airflow/.local/lib/python3.7/site-packages/airflow/example_dags/example_sensor_decorator.py
[2023-06-17T03:45:33.849+0000] {processor.py:836} INFO - DAG(s) dict_keys(['example_sensor_decorator']) retrieved from /home/airflow/.local/lib/python3.7/site-packages/airflow/example_dags/example_sensor_decorator.py
[2023-06-17T03:45:33.868+0000] {logging_mixin.py:149} INFO - [2023-06-17T03:45:33.868+0000] {dag.py:2726} INFO - Sync 1 DAGs
[2023-06-17T03:45:33.896+0000] {logging_mixin.py:149} INFO - [2023-06-17T03:45:33.896+0000] {dag.py:3490} INFO - Setting next_dagrun for example_sensor_decorator to None, run_after=None
[2023-06-17T03:45:33.920+0000] {processor.py:179} INFO - Processing /home/airflow/.local/lib/python3.7/site-packages/airflow/example_dags/example_sensor_decorator.py took 0.087 seconds
[2023-06-17T03:46:04.479+0000] {processor.py:157} INFO - Started process (PID=1260) to work on /home/airflow/.local/lib/python3.7/site-packages/airflow/example_dags/example_sensor_decorator.py
[2023-06-17T03:46:04.492+0000] {processor.py:826} INFO - Processing file /home/airflow/.local/lib/python3.7/site-packages/airflow/example_dags/example_sensor_decorator.py for tasks to queue
[2023-06-17T03:46:04.493+0000] {logging_mixin.py:149} INFO - [2023-06-17T03:46:04.493+0000] {dagbag.py:541} INFO - Filling up the DagBag from /home/airflow/.local/lib/python3.7/site-packages/airflow/example_dags/example_sensor_decorator.py
[2023-06-17T03:46:04.498+0000] {processor.py:836} INFO - DAG(s) dict_keys(['example_sensor_decorator']) retrieved from /home/airflow/.local/lib/python3.7/site-packages/airflow/example_dags/example_sensor_decorator.py
[2023-06-17T03:46:04.520+0000] {logging_mixin.py:149} INFO - [2023-06-17T03:46:04.520+0000] {dag.py:2726} INFO - Sync 1 DAGs
[2023-06-17T03:46:04.551+0000] {logging_mixin.py:149} INFO - [2023-06-17T03:46:04.551+0000] {dag.py:3490} INFO - Setting next_dagrun for example_sensor_decorator to None, run_after=None
[2023-06-17T03:46:04.585+0000] {processor.py:179} INFO - Processing /home/airflow/.local/lib/python3.7/site-packages/airflow/example_dags/example_sensor_decorator.py took 0.109 seconds
[2023-06-17T03:46:35.377+0000] {processor.py:157} INFO - Started process (PID=1321) to work on /home/airflow/.local/lib/python3.7/site-packages/airflow/example_dags/example_sensor_decorator.py
[2023-06-17T03:46:35.385+0000] {processor.py:826} INFO - Processing file /home/airflow/.local/lib/python3.7/site-packages/airflow/example_dags/example_sensor_decorator.py for tasks to queue
[2023-06-17T03:46:35.385+0000] {logging_mixin.py:149} INFO - [2023-06-17T03:46:35.385+0000] {dagbag.py:541} INFO - Filling up the DagBag from /home/airflow/.local/lib/python3.7/site-packages/airflow/example_dags/example_sensor_decorator.py
[2023-06-17T03:46:35.390+0000] {processor.py:836} INFO - DAG(s) dict_keys(['example_sensor_decorator']) retrieved from /home/airflow/.local/lib/python3.7/site-packages/airflow/example_dags/example_sensor_decorator.py
[2023-06-17T03:46:35.414+0000] {logging_mixin.py:149} INFO - [2023-06-17T03:46:35.414+0000] {dag.py:2726} INFO - Sync 1 DAGs
[2023-06-17T03:46:35.450+0000] {logging_mixin.py:149} INFO - [2023-06-17T03:46:35.450+0000] {dag.py:3490} INFO - Setting next_dagrun for example_sensor_decorator to None, run_after=None
[2023-06-17T03:46:35.487+0000] {processor.py:179} INFO - Processing /home/airflow/.local/lib/python3.7/site-packages/airflow/example_dags/example_sensor_decorator.py took 0.113 seconds
[2023-06-17T03:47:05.662+0000] {processor.py:157} INFO - Started process (PID=1382) to work on /home/airflow/.local/lib/python3.7/site-packages/airflow/example_dags/example_sensor_decorator.py
[2023-06-17T03:47:05.665+0000] {processor.py:826} INFO - Processing file /home/airflow/.local/lib/python3.7/site-packages/airflow/example_dags/example_sensor_decorator.py for tasks to queue
[2023-06-17T03:47:05.665+0000] {logging_mixin.py:149} INFO - [2023-06-17T03:47:05.665+0000] {dagbag.py:541} INFO - Filling up the DagBag from /home/airflow/.local/lib/python3.7/site-packages/airflow/example_dags/example_sensor_decorator.py
[2023-06-17T03:47:05.671+0000] {processor.py:836} INFO - DAG(s) dict_keys(['example_sensor_decorator']) retrieved from /home/airflow/.local/lib/python3.7/site-packages/airflow/example_dags/example_sensor_decorator.py
[2023-06-17T03:47:05.692+0000] {logging_mixin.py:149} INFO - [2023-06-17T03:47:05.691+0000] {dag.py:2726} INFO - Sync 1 DAGs
[2023-06-17T03:47:05.720+0000] {logging_mixin.py:149} INFO - [2023-06-17T03:47:05.719+0000] {dag.py:3490} INFO - Setting next_dagrun for example_sensor_decorator to None, run_after=None
[2023-06-17T03:47:05.746+0000] {processor.py:179} INFO - Processing /home/airflow/.local/lib/python3.7/site-packages/airflow/example_dags/example_sensor_decorator.py took 0.087 seconds
[2023-06-17T03:47:35.876+0000] {processor.py:157} INFO - Started process (PID=1443) to work on /home/airflow/.local/lib/python3.7/site-packages/airflow/example_dags/example_sensor_decorator.py
[2023-06-17T03:47:35.889+0000] {processor.py:826} INFO - Processing file /home/airflow/.local/lib/python3.7/site-packages/airflow/example_dags/example_sensor_decorator.py for tasks to queue
[2023-06-17T03:47:35.890+0000] {logging_mixin.py:149} INFO - [2023-06-17T03:47:35.889+0000] {dagbag.py:541} INFO - Filling up the DagBag from /home/airflow/.local/lib/python3.7/site-packages/airflow/example_dags/example_sensor_decorator.py
[2023-06-17T03:47:35.894+0000] {processor.py:836} INFO - DAG(s) dict_keys(['example_sensor_decorator']) retrieved from /home/airflow/.local/lib/python3.7/site-packages/airflow/example_dags/example_sensor_decorator.py
[2023-06-17T03:47:35.917+0000] {logging_mixin.py:149} INFO - [2023-06-17T03:47:35.917+0000] {dag.py:2726} INFO - Sync 1 DAGs
[2023-06-17T03:47:35.944+0000] {logging_mixin.py:149} INFO - [2023-06-17T03:47:35.944+0000] {dag.py:3490} INFO - Setting next_dagrun for example_sensor_decorator to None, run_after=None
[2023-06-17T03:47:35.971+0000] {processor.py:179} INFO - Processing /home/airflow/.local/lib/python3.7/site-packages/airflow/example_dags/example_sensor_decorator.py took 0.098 seconds
[2023-06-17T03:48:07.113+0000] {processor.py:157} INFO - Started process (PID=1504) to work on /home/airflow/.local/lib/python3.7/site-packages/airflow/example_dags/example_sensor_decorator.py
[2023-06-17T03:48:07.242+0000] {processor.py:826} INFO - Processing file /home/airflow/.local/lib/python3.7/site-packages/airflow/example_dags/example_sensor_decorator.py for tasks to queue
[2023-06-17T03:48:07.244+0000] {logging_mixin.py:149} INFO - [2023-06-17T03:48:07.244+0000] {dagbag.py:541} INFO - Filling up the DagBag from /home/airflow/.local/lib/python3.7/site-packages/airflow/example_dags/example_sensor_decorator.py
[2023-06-17T03:48:07.261+0000] {processor.py:836} INFO - DAG(s) dict_keys(['example_sensor_decorator']) retrieved from /home/airflow/.local/lib/python3.7/site-packages/airflow/example_dags/example_sensor_decorator.py
[2023-06-17T03:48:07.294+0000] {logging_mixin.py:149} INFO - [2023-06-17T03:48:07.294+0000] {dag.py:2726} INFO - Sync 1 DAGs
[2023-06-17T03:48:07.319+0000] {logging_mixin.py:149} INFO - [2023-06-17T03:48:07.319+0000] {dag.py:3490} INFO - Setting next_dagrun for example_sensor_decorator to None, run_after=None
[2023-06-17T03:48:07.406+0000] {processor.py:179} INFO - Processing /home/airflow/.local/lib/python3.7/site-packages/airflow/example_dags/example_sensor_decorator.py took 0.296 seconds
[2023-06-17T03:48:37.529+0000] {processor.py:157} INFO - Started process (PID=1565) to work on /home/airflow/.local/lib/python3.7/site-packages/airflow/example_dags/example_sensor_decorator.py
[2023-06-17T03:48:37.573+0000] {processor.py:826} INFO - Processing file /home/airflow/.local/lib/python3.7/site-packages/airflow/example_dags/example_sensor_decorator.py for tasks to queue
[2023-06-17T03:48:37.574+0000] {logging_mixin.py:149} INFO - [2023-06-17T03:48:37.574+0000] {dagbag.py:541} INFO - Filling up the DagBag from /home/airflow/.local/lib/python3.7/site-packages/airflow/example_dags/example_sensor_decorator.py
[2023-06-17T03:48:37.581+0000] {processor.py:836} INFO - DAG(s) dict_keys(['example_sensor_decorator']) retrieved from /home/airflow/.local/lib/python3.7/site-packages/airflow/example_dags/example_sensor_decorator.py
[2023-06-17T03:48:37.624+0000] {logging_mixin.py:149} INFO - [2023-06-17T03:48:37.624+0000] {dag.py:2726} INFO - Sync 1 DAGs
[2023-06-17T03:48:37.659+0000] {logging_mixin.py:149} INFO - [2023-06-17T03:48:37.658+0000] {dag.py:3490} INFO - Setting next_dagrun for example_sensor_decorator to None, run_after=None
[2023-06-17T03:48:37.787+0000] {processor.py:179} INFO - Processing /home/airflow/.local/lib/python3.7/site-packages/airflow/example_dags/example_sensor_decorator.py took 0.261 seconds
[2023-06-17T03:49:08.153+0000] {processor.py:157} INFO - Started process (PID=1626) to work on /home/airflow/.local/lib/python3.7/site-packages/airflow/example_dags/example_sensor_decorator.py
[2023-06-17T03:49:08.164+0000] {processor.py:826} INFO - Processing file /home/airflow/.local/lib/python3.7/site-packages/airflow/example_dags/example_sensor_decorator.py for tasks to queue
[2023-06-17T03:49:08.165+0000] {logging_mixin.py:149} INFO - [2023-06-17T03:49:08.165+0000] {dagbag.py:541} INFO - Filling up the DagBag from /home/airflow/.local/lib/python3.7/site-packages/airflow/example_dags/example_sensor_decorator.py
[2023-06-17T03:49:08.170+0000] {processor.py:836} INFO - DAG(s) dict_keys(['example_sensor_decorator']) retrieved from /home/airflow/.local/lib/python3.7/site-packages/airflow/example_dags/example_sensor_decorator.py
[2023-06-17T03:49:08.195+0000] {logging_mixin.py:149} INFO - [2023-06-17T03:49:08.195+0000] {dag.py:2726} INFO - Sync 1 DAGs
[2023-06-17T03:49:08.230+0000] {logging_mixin.py:149} INFO - [2023-06-17T03:49:08.230+0000] {dag.py:3490} INFO - Setting next_dagrun for example_sensor_decorator to None, run_after=None
[2023-06-17T03:49:08.268+0000] {processor.py:179} INFO - Processing /home/airflow/.local/lib/python3.7/site-packages/airflow/example_dags/example_sensor_decorator.py took 0.118 seconds
[2023-06-17T03:49:39.042+0000] {processor.py:157} INFO - Started process (PID=1688) to work on /home/airflow/.local/lib/python3.7/site-packages/airflow/example_dags/example_sensor_decorator.py
[2023-06-17T03:49:39.045+0000] {processor.py:826} INFO - Processing file /home/airflow/.local/lib/python3.7/site-packages/airflow/example_dags/example_sensor_decorator.py for tasks to queue
[2023-06-17T03:49:39.045+0000] {logging_mixin.py:149} INFO - [2023-06-17T03:49:39.045+0000] {dagbag.py:541} INFO - Filling up the DagBag from /home/airflow/.local/lib/python3.7/site-packages/airflow/example_dags/example_sensor_decorator.py
[2023-06-17T03:49:39.050+0000] {processor.py:836} INFO - DAG(s) dict_keys(['example_sensor_decorator']) retrieved from /home/airflow/.local/lib/python3.7/site-packages/airflow/example_dags/example_sensor_decorator.py
[2023-06-17T03:49:39.071+0000] {logging_mixin.py:149} INFO - [2023-06-17T03:49:39.071+0000] {dag.py:2726} INFO - Sync 1 DAGs
[2023-06-17T03:49:39.098+0000] {logging_mixin.py:149} INFO - [2023-06-17T03:49:39.098+0000] {dag.py:3490} INFO - Setting next_dagrun for example_sensor_decorator to None, run_after=None
[2023-06-17T03:49:39.127+0000] {processor.py:179} INFO - Processing /home/airflow/.local/lib/python3.7/site-packages/airflow/example_dags/example_sensor_decorator.py took 0.088 seconds
