[2023-06-17T02:16:44.483+0000] {processor.py:157} INFO - Started process (PID=49) to work on /home/airflow/.local/lib/python3.7/site-packages/airflow/example_dags/example_branch_operator.py
[2023-06-17T02:16:44.485+0000] {processor.py:826} INFO - Processing file /home/airflow/.local/lib/python3.7/site-packages/airflow/example_dags/example_branch_operator.py for tasks to queue
[2023-06-17T02:16:44.486+0000] {logging_mixin.py:149} INFO - [2023-06-17T02:16:44.486+0000] {dagbag.py:541} INFO - Filling up the DagBag from /home/airflow/.local/lib/python3.7/site-packages/airflow/example_dags/example_branch_operator.py
[2023-06-17T02:16:44.519+0000] {processor.py:836} INFO - DAG(s) dict_keys(['example_branch_operator']) retrieved from /home/airflow/.local/lib/python3.7/site-packages/airflow/example_dags/example_branch_operator.py
[2023-06-17T02:16:44.616+0000] {logging_mixin.py:149} INFO - [2023-06-17T02:16:44.616+0000] {dag.py:2726} INFO - Sync 1 DAGs
[2023-06-17T02:16:44.704+0000] {logging_mixin.py:149} INFO - [2023-06-17T02:16:44.703+0000] {dag.py:3490} INFO - Setting next_dagrun for example_branch_operator to 2023-06-16T00:00:00+00:00, run_after=2023-06-17T00:00:00+00:00
[2023-06-17T02:16:44.812+0000] {processor.py:179} INFO - Processing /home/airflow/.local/lib/python3.7/site-packages/airflow/example_dags/example_branch_operator.py took 0.340 seconds
[2023-06-17T02:17:38.571+0000] {processor.py:157} INFO - Started process (PID=115) to work on /home/airflow/.local/lib/python3.7/site-packages/airflow/example_dags/example_branch_operator.py
[2023-06-17T02:17:38.725+0000] {processor.py:826} INFO - Processing file /home/airflow/.local/lib/python3.7/site-packages/airflow/example_dags/example_branch_operator.py for tasks to queue
[2023-06-17T02:17:38.727+0000] {logging_mixin.py:149} INFO - [2023-06-17T02:17:38.727+0000] {dagbag.py:541} INFO - Filling up the DagBag from /home/airflow/.local/lib/python3.7/site-packages/airflow/example_dags/example_branch_operator.py
[2023-06-17T02:17:39.230+0000] {processor.py:836} INFO - DAG(s) dict_keys(['example_branch_operator']) retrieved from /home/airflow/.local/lib/python3.7/site-packages/airflow/example_dags/example_branch_operator.py
[2023-06-17T02:17:39.266+0000] {logging_mixin.py:149} INFO - [2023-06-17T02:17:39.265+0000] {dag.py:2726} INFO - Sync 1 DAGs
[2023-06-17T02:17:39.293+0000] {logging_mixin.py:149} INFO - [2023-06-17T02:17:39.293+0000] {dag.py:3490} INFO - Setting next_dagrun for example_branch_operator to 2023-06-16T00:00:00+00:00, run_after=2023-06-17T00:00:00+00:00
[2023-06-17T02:17:39.775+0000] {processor.py:179} INFO - Processing /home/airflow/.local/lib/python3.7/site-packages/airflow/example_dags/example_branch_operator.py took 1.207 seconds
[2023-06-17T02:18:22.265+0000] {processor.py:157} INFO - Started process (PID=174) to work on /home/airflow/.local/lib/python3.7/site-packages/airflow/example_dags/example_branch_operator.py
[2023-06-17T02:18:22.508+0000] {processor.py:826} INFO - Processing file /home/airflow/.local/lib/python3.7/site-packages/airflow/example_dags/example_branch_operator.py for tasks to queue
[2023-06-17T02:18:22.510+0000] {logging_mixin.py:149} INFO - [2023-06-17T02:18:22.509+0000] {dagbag.py:541} INFO - Filling up the DagBag from /home/airflow/.local/lib/python3.7/site-packages/airflow/example_dags/example_branch_operator.py
[2023-06-17T02:18:22.544+0000] {processor.py:836} INFO - DAG(s) dict_keys(['example_branch_operator']) retrieved from /home/airflow/.local/lib/python3.7/site-packages/airflow/example_dags/example_branch_operator.py
[2023-06-17T02:18:22.943+0000] {logging_mixin.py:149} INFO - [2023-06-17T02:18:22.942+0000] {dag.py:2726} INFO - Sync 1 DAGs
[2023-06-17T02:18:22.970+0000] {logging_mixin.py:149} INFO - [2023-06-17T02:18:22.970+0000] {dag.py:3490} INFO - Setting next_dagrun for example_branch_operator to 2023-06-16T00:00:00+00:00, run_after=2023-06-17T00:00:00+00:00
[2023-06-17T02:18:23.490+0000] {processor.py:179} INFO - Processing /home/airflow/.local/lib/python3.7/site-packages/airflow/example_dags/example_branch_operator.py took 1.228 seconds
[2023-06-17T02:18:53.837+0000] {processor.py:157} INFO - Started process (PID=226) to work on /home/airflow/.local/lib/python3.7/site-packages/airflow/example_dags/example_branch_operator.py
[2023-06-17T02:18:53.944+0000] {processor.py:826} INFO - Processing file /home/airflow/.local/lib/python3.7/site-packages/airflow/example_dags/example_branch_operator.py for tasks to queue
[2023-06-17T02:18:53.948+0000] {logging_mixin.py:149} INFO - [2023-06-17T02:18:53.947+0000] {dagbag.py:541} INFO - Filling up the DagBag from /home/airflow/.local/lib/python3.7/site-packages/airflow/example_dags/example_branch_operator.py
[2023-06-17T02:18:53.982+0000] {processor.py:836} INFO - DAG(s) dict_keys(['example_branch_operator']) retrieved from /home/airflow/.local/lib/python3.7/site-packages/airflow/example_dags/example_branch_operator.py
[2023-06-17T02:18:54.022+0000] {logging_mixin.py:149} INFO - [2023-06-17T02:18:54.022+0000] {dag.py:2726} INFO - Sync 1 DAGs
[2023-06-17T02:18:54.048+0000] {logging_mixin.py:149} INFO - [2023-06-17T02:18:54.048+0000] {dag.py:3490} INFO - Setting next_dagrun for example_branch_operator to 2023-06-16T00:00:00+00:00, run_after=2023-06-17T00:00:00+00:00
[2023-06-17T02:18:54.284+0000] {processor.py:179} INFO - Processing /home/airflow/.local/lib/python3.7/site-packages/airflow/example_dags/example_branch_operator.py took 0.452 seconds
[2023-06-17T02:19:24.555+0000] {processor.py:157} INFO - Started process (PID=286) to work on /home/airflow/.local/lib/python3.7/site-packages/airflow/example_dags/example_branch_operator.py
[2023-06-17T02:19:24.628+0000] {processor.py:826} INFO - Processing file /home/airflow/.local/lib/python3.7/site-packages/airflow/example_dags/example_branch_operator.py for tasks to queue
[2023-06-17T02:19:24.628+0000] {logging_mixin.py:149} INFO - [2023-06-17T02:19:24.628+0000] {dagbag.py:541} INFO - Filling up the DagBag from /home/airflow/.local/lib/python3.7/site-packages/airflow/example_dags/example_branch_operator.py
[2023-06-17T02:19:24.656+0000] {processor.py:836} INFO - DAG(s) dict_keys(['example_branch_operator']) retrieved from /home/airflow/.local/lib/python3.7/site-packages/airflow/example_dags/example_branch_operator.py
[2023-06-17T02:19:24.688+0000] {logging_mixin.py:149} INFO - [2023-06-17T02:19:24.688+0000] {dag.py:2726} INFO - Sync 1 DAGs
[2023-06-17T02:19:24.724+0000] {logging_mixin.py:149} INFO - [2023-06-17T02:19:24.723+0000] {dag.py:3490} INFO - Setting next_dagrun for example_branch_operator to 2023-06-16T00:00:00+00:00, run_after=2023-06-17T00:00:00+00:00
[2023-06-17T02:19:24.794+0000] {processor.py:179} INFO - Processing /home/airflow/.local/lib/python3.7/site-packages/airflow/example_dags/example_branch_operator.py took 0.242 seconds
[2023-06-17T02:19:55.173+0000] {processor.py:157} INFO - Started process (PID=339) to work on /home/airflow/.local/lib/python3.7/site-packages/airflow/example_dags/example_branch_operator.py
[2023-06-17T02:19:55.413+0000] {processor.py:826} INFO - Processing file /home/airflow/.local/lib/python3.7/site-packages/airflow/example_dags/example_branch_operator.py for tasks to queue
[2023-06-17T02:19:55.414+0000] {logging_mixin.py:149} INFO - [2023-06-17T02:19:55.414+0000] {dagbag.py:541} INFO - Filling up the DagBag from /home/airflow/.local/lib/python3.7/site-packages/airflow/example_dags/example_branch_operator.py
[2023-06-17T02:19:55.422+0000] {processor.py:836} INFO - DAG(s) dict_keys(['example_branch_operator']) retrieved from /home/airflow/.local/lib/python3.7/site-packages/airflow/example_dags/example_branch_operator.py
[2023-06-17T02:19:55.447+0000] {logging_mixin.py:149} INFO - [2023-06-17T02:19:55.447+0000] {dag.py:2726} INFO - Sync 1 DAGs
[2023-06-17T02:19:55.478+0000] {logging_mixin.py:149} INFO - [2023-06-17T02:19:55.478+0000] {dag.py:3490} INFO - Setting next_dagrun for example_branch_operator to 2023-06-16T00:00:00+00:00, run_after=2023-06-17T00:00:00+00:00
[2023-06-17T02:19:55.607+0000] {processor.py:179} INFO - Processing /home/airflow/.local/lib/python3.7/site-packages/airflow/example_dags/example_branch_operator.py took 0.439 seconds
[2023-06-17T02:20:27.407+0000] {processor.py:157} INFO - Started process (PID=400) to work on /home/airflow/.local/lib/python3.7/site-packages/airflow/example_dags/example_branch_operator.py
[2023-06-17T02:20:27.472+0000] {processor.py:826} INFO - Processing file /home/airflow/.local/lib/python3.7/site-packages/airflow/example_dags/example_branch_operator.py for tasks to queue
[2023-06-17T02:20:27.473+0000] {logging_mixin.py:149} INFO - [2023-06-17T02:20:27.473+0000] {dagbag.py:541} INFO - Filling up the DagBag from /home/airflow/.local/lib/python3.7/site-packages/airflow/example_dags/example_branch_operator.py
[2023-06-17T02:20:27.482+0000] {processor.py:836} INFO - DAG(s) dict_keys(['example_branch_operator']) retrieved from /home/airflow/.local/lib/python3.7/site-packages/airflow/example_dags/example_branch_operator.py
[2023-06-17T02:20:27.510+0000] {logging_mixin.py:149} INFO - [2023-06-17T02:20:27.510+0000] {dag.py:2726} INFO - Sync 1 DAGs
[2023-06-17T02:20:27.544+0000] {logging_mixin.py:149} INFO - [2023-06-17T02:20:27.544+0000] {dag.py:3490} INFO - Setting next_dagrun for example_branch_operator to 2023-06-16T00:00:00+00:00, run_after=2023-06-17T00:00:00+00:00
[2023-06-17T02:20:27.681+0000] {processor.py:179} INFO - Processing /home/airflow/.local/lib/python3.7/site-packages/airflow/example_dags/example_branch_operator.py took 0.279 seconds
[2023-06-17T02:21:00.764+0000] {processor.py:157} INFO - Started process (PID=456) to work on /home/airflow/.local/lib/python3.7/site-packages/airflow/example_dags/example_branch_operator.py
[2023-06-17T02:21:00.839+0000] {processor.py:826} INFO - Processing file /home/airflow/.local/lib/python3.7/site-packages/airflow/example_dags/example_branch_operator.py for tasks to queue
[2023-06-17T02:21:00.840+0000] {logging_mixin.py:149} INFO - [2023-06-17T02:21:00.840+0000] {dagbag.py:541} INFO - Filling up the DagBag from /home/airflow/.local/lib/python3.7/site-packages/airflow/example_dags/example_branch_operator.py
[2023-06-17T02:21:00.851+0000] {processor.py:836} INFO - DAG(s) dict_keys(['example_branch_operator']) retrieved from /home/airflow/.local/lib/python3.7/site-packages/airflow/example_dags/example_branch_operator.py
[2023-06-17T02:21:00.882+0000] {logging_mixin.py:149} INFO - [2023-06-17T02:21:00.882+0000] {dag.py:2726} INFO - Sync 1 DAGs
[2023-06-17T02:21:00.919+0000] {logging_mixin.py:149} INFO - [2023-06-17T02:21:00.918+0000] {dag.py:3490} INFO - Setting next_dagrun for example_branch_operator to 2023-06-16T00:00:00+00:00, run_after=2023-06-17T00:00:00+00:00
[2023-06-17T02:21:01.083+0000] {processor.py:179} INFO - Processing /home/airflow/.local/lib/python3.7/site-packages/airflow/example_dags/example_branch_operator.py took 0.321 seconds
[2023-06-17T02:21:33.856+0000] {processor.py:157} INFO - Started process (PID=509) to work on /home/airflow/.local/lib/python3.7/site-packages/airflow/example_dags/example_branch_operator.py
[2023-06-17T02:21:34.027+0000] {processor.py:826} INFO - Processing file /home/airflow/.local/lib/python3.7/site-packages/airflow/example_dags/example_branch_operator.py for tasks to queue
[2023-06-17T02:21:34.183+0000] {logging_mixin.py:149} INFO - [2023-06-17T02:21:34.183+0000] {dagbag.py:541} INFO - Filling up the DagBag from /home/airflow/.local/lib/python3.7/site-packages/airflow/example_dags/example_branch_operator.py
[2023-06-17T02:21:34.357+0000] {processor.py:836} INFO - DAG(s) dict_keys(['example_branch_operator']) retrieved from /home/airflow/.local/lib/python3.7/site-packages/airflow/example_dags/example_branch_operator.py
[2023-06-17T02:21:34.399+0000] {logging_mixin.py:149} INFO - [2023-06-17T02:21:34.398+0000] {dag.py:2726} INFO - Sync 1 DAGs
[2023-06-17T02:21:34.430+0000] {logging_mixin.py:149} INFO - [2023-06-17T02:21:34.430+0000] {dag.py:3490} INFO - Setting next_dagrun for example_branch_operator to 2023-06-16T00:00:00+00:00, run_after=2023-06-17T00:00:00+00:00
[2023-06-17T02:21:35.157+0000] {processor.py:179} INFO - Processing /home/airflow/.local/lib/python3.7/site-packages/airflow/example_dags/example_branch_operator.py took 1.304 seconds
[2023-06-17T02:22:05.651+0000] {processor.py:157} INFO - Started process (PID=569) to work on /home/airflow/.local/lib/python3.7/site-packages/airflow/example_dags/example_branch_operator.py
[2023-06-17T02:22:05.667+0000] {processor.py:826} INFO - Processing file /home/airflow/.local/lib/python3.7/site-packages/airflow/example_dags/example_branch_operator.py for tasks to queue
[2023-06-17T02:22:05.668+0000] {logging_mixin.py:149} INFO - [2023-06-17T02:22:05.668+0000] {dagbag.py:541} INFO - Filling up the DagBag from /home/airflow/.local/lib/python3.7/site-packages/airflow/example_dags/example_branch_operator.py
[2023-06-17T02:22:05.676+0000] {processor.py:836} INFO - DAG(s) dict_keys(['example_branch_operator']) retrieved from /home/airflow/.local/lib/python3.7/site-packages/airflow/example_dags/example_branch_operator.py
[2023-06-17T02:22:05.700+0000] {logging_mixin.py:149} INFO - [2023-06-17T02:22:05.700+0000] {dag.py:2726} INFO - Sync 1 DAGs
[2023-06-17T02:22:05.728+0000] {logging_mixin.py:149} INFO - [2023-06-17T02:22:05.728+0000] {dag.py:3490} INFO - Setting next_dagrun for example_branch_operator to 2023-06-16T00:00:00+00:00, run_after=2023-06-17T00:00:00+00:00
[2023-06-17T02:22:05.810+0000] {processor.py:179} INFO - Processing /home/airflow/.local/lib/python3.7/site-packages/airflow/example_dags/example_branch_operator.py took 0.162 seconds
[2023-06-17T02:22:36.192+0000] {processor.py:157} INFO - Started process (PID=630) to work on /home/airflow/.local/lib/python3.7/site-packages/airflow/example_dags/example_branch_operator.py
[2023-06-17T02:22:36.310+0000] {processor.py:826} INFO - Processing file /home/airflow/.local/lib/python3.7/site-packages/airflow/example_dags/example_branch_operator.py for tasks to queue
[2023-06-17T02:22:36.311+0000] {logging_mixin.py:149} INFO - [2023-06-17T02:22:36.311+0000] {dagbag.py:541} INFO - Filling up the DagBag from /home/airflow/.local/lib/python3.7/site-packages/airflow/example_dags/example_branch_operator.py
[2023-06-17T02:22:36.319+0000] {processor.py:836} INFO - DAG(s) dict_keys(['example_branch_operator']) retrieved from /home/airflow/.local/lib/python3.7/site-packages/airflow/example_dags/example_branch_operator.py
[2023-06-17T02:22:36.342+0000] {logging_mixin.py:149} INFO - [2023-06-17T02:22:36.342+0000] {dag.py:2726} INFO - Sync 1 DAGs
[2023-06-17T02:22:36.369+0000] {logging_mixin.py:149} INFO - [2023-06-17T02:22:36.369+0000] {dag.py:3490} INFO - Setting next_dagrun for example_branch_operator to 2023-06-16T00:00:00+00:00, run_after=2023-06-17T00:00:00+00:00
[2023-06-17T02:22:36.727+0000] {processor.py:179} INFO - Processing /home/airflow/.local/lib/python3.7/site-packages/airflow/example_dags/example_branch_operator.py took 0.537 seconds
[2023-06-17T02:23:19.576+0000] {processor.py:157} INFO - Started process (PID=678) to work on /home/airflow/.local/lib/python3.7/site-packages/airflow/example_dags/example_branch_operator.py
[2023-06-17T02:23:19.590+0000] {processor.py:826} INFO - Processing file /home/airflow/.local/lib/python3.7/site-packages/airflow/example_dags/example_branch_operator.py for tasks to queue
[2023-06-17T02:23:19.590+0000] {logging_mixin.py:149} INFO - [2023-06-17T02:23:19.590+0000] {dagbag.py:541} INFO - Filling up the DagBag from /home/airflow/.local/lib/python3.7/site-packages/airflow/example_dags/example_branch_operator.py
[2023-06-17T02:23:19.599+0000] {processor.py:836} INFO - DAG(s) dict_keys(['example_branch_operator']) retrieved from /home/airflow/.local/lib/python3.7/site-packages/airflow/example_dags/example_branch_operator.py
[2023-06-17T02:23:19.623+0000] {logging_mixin.py:149} INFO - [2023-06-17T02:23:19.623+0000] {dag.py:2726} INFO - Sync 1 DAGs
[2023-06-17T02:23:19.650+0000] {logging_mixin.py:149} INFO - [2023-06-17T02:23:19.650+0000] {dag.py:3490} INFO - Setting next_dagrun for example_branch_operator to 2023-06-16T00:00:00+00:00, run_after=2023-06-17T00:00:00+00:00
[2023-06-17T02:23:19.765+0000] {processor.py:179} INFO - Processing /home/airflow/.local/lib/python3.7/site-packages/airflow/example_dags/example_branch_operator.py took 0.191 seconds
[2023-06-17T02:23:49.825+0000] {processor.py:157} INFO - Started process (PID=739) to work on /home/airflow/.local/lib/python3.7/site-packages/airflow/example_dags/example_branch_operator.py
[2023-06-17T02:23:49.825+0000] {processor.py:826} INFO - Processing file /home/airflow/.local/lib/python3.7/site-packages/airflow/example_dags/example_branch_operator.py for tasks to queue
[2023-06-17T02:23:49.826+0000] {logging_mixin.py:149} INFO - [2023-06-17T02:23:49.826+0000] {dagbag.py:541} INFO - Filling up the DagBag from /home/airflow/.local/lib/python3.7/site-packages/airflow/example_dags/example_branch_operator.py
[2023-06-17T02:23:49.835+0000] {processor.py:836} INFO - DAG(s) dict_keys(['example_branch_operator']) retrieved from /home/airflow/.local/lib/python3.7/site-packages/airflow/example_dags/example_branch_operator.py
[2023-06-17T02:23:49.859+0000] {logging_mixin.py:149} INFO - [2023-06-17T02:23:49.859+0000] {dag.py:2726} INFO - Sync 1 DAGs
[2023-06-17T02:23:49.888+0000] {logging_mixin.py:149} INFO - [2023-06-17T02:23:49.888+0000] {dag.py:3490} INFO - Setting next_dagrun for example_branch_operator to 2023-06-16T00:00:00+00:00, run_after=2023-06-17T00:00:00+00:00
[2023-06-17T02:23:49.942+0000] {processor.py:179} INFO - Processing /home/airflow/.local/lib/python3.7/site-packages/airflow/example_dags/example_branch_operator.py took 0.120 seconds
[2023-06-17T02:24:20.916+0000] {processor.py:157} INFO - Started process (PID=800) to work on /home/airflow/.local/lib/python3.7/site-packages/airflow/example_dags/example_branch_operator.py
[2023-06-17T02:24:20.919+0000] {processor.py:826} INFO - Processing file /home/airflow/.local/lib/python3.7/site-packages/airflow/example_dags/example_branch_operator.py for tasks to queue
[2023-06-17T02:24:20.920+0000] {logging_mixin.py:149} INFO - [2023-06-17T02:24:20.920+0000] {dagbag.py:541} INFO - Filling up the DagBag from /home/airflow/.local/lib/python3.7/site-packages/airflow/example_dags/example_branch_operator.py
[2023-06-17T02:24:20.937+0000] {processor.py:836} INFO - DAG(s) dict_keys(['example_branch_operator']) retrieved from /home/airflow/.local/lib/python3.7/site-packages/airflow/example_dags/example_branch_operator.py
[2023-06-17T02:24:20.975+0000] {logging_mixin.py:149} INFO - [2023-06-17T02:24:20.975+0000] {dag.py:2726} INFO - Sync 1 DAGs
[2023-06-17T02:24:21.019+0000] {logging_mixin.py:149} INFO - [2023-06-17T02:24:21.019+0000] {dag.py:3490} INFO - Setting next_dagrun for example_branch_operator to 2023-06-16T00:00:00+00:00, run_after=2023-06-17T00:00:00+00:00
[2023-06-17T02:24:21.072+0000] {processor.py:179} INFO - Processing /home/airflow/.local/lib/python3.7/site-packages/airflow/example_dags/example_branch_operator.py took 0.159 seconds
[2023-06-17T02:24:55.160+0000] {processor.py:157} INFO - Started process (PID=864) to work on /home/airflow/.local/lib/python3.7/site-packages/airflow/example_dags/example_branch_operator.py
[2023-06-17T02:24:55.198+0000] {processor.py:826} INFO - Processing file /home/airflow/.local/lib/python3.7/site-packages/airflow/example_dags/example_branch_operator.py for tasks to queue
[2023-06-17T02:24:55.199+0000] {logging_mixin.py:149} INFO - [2023-06-17T02:24:55.199+0000] {dagbag.py:541} INFO - Filling up the DagBag from /home/airflow/.local/lib/python3.7/site-packages/airflow/example_dags/example_branch_operator.py
[2023-06-17T02:24:55.212+0000] {processor.py:836} INFO - DAG(s) dict_keys(['example_branch_operator']) retrieved from /home/airflow/.local/lib/python3.7/site-packages/airflow/example_dags/example_branch_operator.py
[2023-06-17T02:24:55.244+0000] {logging_mixin.py:149} INFO - [2023-06-17T02:24:55.244+0000] {dag.py:2726} INFO - Sync 1 DAGs
[2023-06-17T02:24:55.274+0000] {logging_mixin.py:149} INFO - [2023-06-17T02:24:55.274+0000] {dag.py:3490} INFO - Setting next_dagrun for example_branch_operator to 2023-06-16T00:00:00+00:00, run_after=2023-06-17T00:00:00+00:00
[2023-06-17T02:24:55.307+0000] {processor.py:179} INFO - Processing /home/airflow/.local/lib/python3.7/site-packages/airflow/example_dags/example_branch_operator.py took 0.150 seconds
[2023-06-17T02:25:29.685+0000] {processor.py:157} INFO - Started process (PID=905) to work on /home/airflow/.local/lib/python3.7/site-packages/airflow/example_dags/example_branch_operator.py
[2023-06-17T02:25:29.776+0000] {processor.py:826} INFO - Processing file /home/airflow/.local/lib/python3.7/site-packages/airflow/example_dags/example_branch_operator.py for tasks to queue
[2023-06-17T02:25:29.778+0000] {logging_mixin.py:149} INFO - [2023-06-17T02:25:29.778+0000] {dagbag.py:541} INFO - Filling up the DagBag from /home/airflow/.local/lib/python3.7/site-packages/airflow/example_dags/example_branch_operator.py
[2023-06-17T02:25:29.812+0000] {processor.py:836} INFO - DAG(s) dict_keys(['example_branch_operator']) retrieved from /home/airflow/.local/lib/python3.7/site-packages/airflow/example_dags/example_branch_operator.py
[2023-06-17T02:25:29.844+0000] {logging_mixin.py:149} INFO - [2023-06-17T02:25:29.844+0000] {dag.py:2726} INFO - Sync 1 DAGs
[2023-06-17T02:25:29.871+0000] {logging_mixin.py:149} INFO - [2023-06-17T02:25:29.871+0000] {dag.py:3490} INFO - Setting next_dagrun for example_branch_operator to 2023-06-16T00:00:00+00:00, run_after=2023-06-17T00:00:00+00:00
[2023-06-17T02:25:30.032+0000] {processor.py:179} INFO - Processing /home/airflow/.local/lib/python3.7/site-packages/airflow/example_dags/example_branch_operator.py took 0.350 seconds
[2023-06-17T02:26:00.940+0000] {processor.py:157} INFO - Started process (PID=966) to work on /home/airflow/.local/lib/python3.7/site-packages/airflow/example_dags/example_branch_operator.py
[2023-06-17T02:26:00.944+0000] {processor.py:826} INFO - Processing file /home/airflow/.local/lib/python3.7/site-packages/airflow/example_dags/example_branch_operator.py for tasks to queue
[2023-06-17T02:26:00.945+0000] {logging_mixin.py:149} INFO - [2023-06-17T02:26:00.945+0000] {dagbag.py:541} INFO - Filling up the DagBag from /home/airflow/.local/lib/python3.7/site-packages/airflow/example_dags/example_branch_operator.py
[2023-06-17T02:26:00.972+0000] {processor.py:836} INFO - DAG(s) dict_keys(['example_branch_operator']) retrieved from /home/airflow/.local/lib/python3.7/site-packages/airflow/example_dags/example_branch_operator.py
[2023-06-17T02:26:01.053+0000] {logging_mixin.py:149} INFO - [2023-06-17T02:26:01.053+0000] {dag.py:2726} INFO - Sync 1 DAGs
[2023-06-17T02:26:01.150+0000] {logging_mixin.py:149} INFO - [2023-06-17T02:26:01.150+0000] {dag.py:3490} INFO - Setting next_dagrun for example_branch_operator to 2023-06-16T00:00:00+00:00, run_after=2023-06-17T00:00:00+00:00
[2023-06-17T02:26:01.214+0000] {processor.py:179} INFO - Processing /home/airflow/.local/lib/python3.7/site-packages/airflow/example_dags/example_branch_operator.py took 0.281 seconds
[2023-06-17T02:26:31.453+0000] {processor.py:157} INFO - Started process (PID=1027) to work on /home/airflow/.local/lib/python3.7/site-packages/airflow/example_dags/example_branch_operator.py
[2023-06-17T02:26:31.456+0000] {processor.py:826} INFO - Processing file /home/airflow/.local/lib/python3.7/site-packages/airflow/example_dags/example_branch_operator.py for tasks to queue
[2023-06-17T02:26:31.456+0000] {logging_mixin.py:149} INFO - [2023-06-17T02:26:31.456+0000] {dagbag.py:541} INFO - Filling up the DagBag from /home/airflow/.local/lib/python3.7/site-packages/airflow/example_dags/example_branch_operator.py
[2023-06-17T02:26:31.469+0000] {processor.py:836} INFO - DAG(s) dict_keys(['example_branch_operator']) retrieved from /home/airflow/.local/lib/python3.7/site-packages/airflow/example_dags/example_branch_operator.py
[2023-06-17T02:26:31.506+0000] {logging_mixin.py:149} INFO - [2023-06-17T02:26:31.505+0000] {dag.py:2726} INFO - Sync 1 DAGs
[2023-06-17T02:26:31.551+0000] {logging_mixin.py:149} INFO - [2023-06-17T02:26:31.550+0000] {dag.py:3490} INFO - Setting next_dagrun for example_branch_operator to 2023-06-16T00:00:00+00:00, run_after=2023-06-17T00:00:00+00:00
[2023-06-17T02:26:31.589+0000] {processor.py:179} INFO - Processing /home/airflow/.local/lib/python3.7/site-packages/airflow/example_dags/example_branch_operator.py took 0.140 seconds
[2023-06-17T02:27:16.113+0000] {processor.py:157} INFO - Started process (PID=1091) to work on /home/airflow/.local/lib/python3.7/site-packages/airflow/example_dags/example_branch_operator.py
[2023-06-17T02:27:16.169+0000] {processor.py:826} INFO - Processing file /home/airflow/.local/lib/python3.7/site-packages/airflow/example_dags/example_branch_operator.py for tasks to queue
[2023-06-17T02:27:16.173+0000] {logging_mixin.py:149} INFO - [2023-06-17T02:27:16.172+0000] {dagbag.py:541} INFO - Filling up the DagBag from /home/airflow/.local/lib/python3.7/site-packages/airflow/example_dags/example_branch_operator.py
[2023-06-17T02:27:16.305+0000] {processor.py:836} INFO - DAG(s) dict_keys(['example_branch_operator']) retrieved from /home/airflow/.local/lib/python3.7/site-packages/airflow/example_dags/example_branch_operator.py
[2023-06-17T02:27:16.337+0000] {logging_mixin.py:149} INFO - [2023-06-17T02:27:16.336+0000] {dag.py:2726} INFO - Sync 1 DAGs
[2023-06-17T02:27:16.369+0000] {logging_mixin.py:149} INFO - [2023-06-17T02:27:16.369+0000] {dag.py:3490} INFO - Setting next_dagrun for example_branch_operator to 2023-06-16T00:00:00+00:00, run_after=2023-06-17T00:00:00+00:00
[2023-06-17T02:27:16.542+0000] {processor.py:179} INFO - Processing /home/airflow/.local/lib/python3.7/site-packages/airflow/example_dags/example_branch_operator.py took 0.432 seconds
[2023-06-17T02:27:47.965+0000] {processor.py:157} INFO - Started process (PID=1152) to work on /home/airflow/.local/lib/python3.7/site-packages/airflow/example_dags/example_branch_operator.py
[2023-06-17T02:27:48.070+0000] {processor.py:826} INFO - Processing file /home/airflow/.local/lib/python3.7/site-packages/airflow/example_dags/example_branch_operator.py for tasks to queue
[2023-06-17T02:27:48.072+0000] {logging_mixin.py:149} INFO - [2023-06-17T02:27:48.072+0000] {dagbag.py:541} INFO - Filling up the DagBag from /home/airflow/.local/lib/python3.7/site-packages/airflow/example_dags/example_branch_operator.py
[2023-06-17T02:27:48.107+0000] {processor.py:836} INFO - DAG(s) dict_keys(['example_branch_operator']) retrieved from /home/airflow/.local/lib/python3.7/site-packages/airflow/example_dags/example_branch_operator.py
[2023-06-17T02:27:48.138+0000] {logging_mixin.py:149} INFO - [2023-06-17T02:27:48.138+0000] {dag.py:2726} INFO - Sync 1 DAGs
[2023-06-17T02:27:48.166+0000] {logging_mixin.py:149} INFO - [2023-06-17T02:27:48.166+0000] {dag.py:3490} INFO - Setting next_dagrun for example_branch_operator to 2023-06-16T00:00:00+00:00, run_after=2023-06-17T00:00:00+00:00
[2023-06-17T02:27:48.495+0000] {processor.py:179} INFO - Processing /home/airflow/.local/lib/python3.7/site-packages/airflow/example_dags/example_branch_operator.py took 0.533 seconds
[2023-06-17T02:28:18.809+0000] {processor.py:157} INFO - Started process (PID=1213) to work on /home/airflow/.local/lib/python3.7/site-packages/airflow/example_dags/example_branch_operator.py
[2023-06-17T02:28:18.809+0000] {processor.py:826} INFO - Processing file /home/airflow/.local/lib/python3.7/site-packages/airflow/example_dags/example_branch_operator.py for tasks to queue
[2023-06-17T02:28:18.810+0000] {logging_mixin.py:149} INFO - [2023-06-17T02:28:18.810+0000] {dagbag.py:541} INFO - Filling up the DagBag from /home/airflow/.local/lib/python3.7/site-packages/airflow/example_dags/example_branch_operator.py
[2023-06-17T02:28:18.818+0000] {processor.py:836} INFO - DAG(s) dict_keys(['example_branch_operator']) retrieved from /home/airflow/.local/lib/python3.7/site-packages/airflow/example_dags/example_branch_operator.py
[2023-06-17T02:28:18.842+0000] {logging_mixin.py:149} INFO - [2023-06-17T02:28:18.842+0000] {dag.py:2726} INFO - Sync 1 DAGs
[2023-06-17T02:28:18.871+0000] {logging_mixin.py:149} INFO - [2023-06-17T02:28:18.871+0000] {dag.py:3490} INFO - Setting next_dagrun for example_branch_operator to 2023-06-16T00:00:00+00:00, run_after=2023-06-17T00:00:00+00:00
[2023-06-17T02:28:18.924+0000] {processor.py:179} INFO - Processing /home/airflow/.local/lib/python3.7/site-packages/airflow/example_dags/example_branch_operator.py took 0.118 seconds
[2023-06-17T02:28:50.038+0000] {processor.py:157} INFO - Started process (PID=1265) to work on /home/airflow/.local/lib/python3.7/site-packages/airflow/example_dags/example_branch_operator.py
[2023-06-17T02:28:50.052+0000] {processor.py:826} INFO - Processing file /home/airflow/.local/lib/python3.7/site-packages/airflow/example_dags/example_branch_operator.py for tasks to queue
[2023-06-17T02:28:50.053+0000] {logging_mixin.py:149} INFO - [2023-06-17T02:28:50.053+0000] {dagbag.py:541} INFO - Filling up the DagBag from /home/airflow/.local/lib/python3.7/site-packages/airflow/example_dags/example_branch_operator.py
[2023-06-17T02:28:50.067+0000] {processor.py:836} INFO - DAG(s) dict_keys(['example_branch_operator']) retrieved from /home/airflow/.local/lib/python3.7/site-packages/airflow/example_dags/example_branch_operator.py
[2023-06-17T02:28:50.103+0000] {logging_mixin.py:149} INFO - [2023-06-17T02:28:50.103+0000] {dag.py:2726} INFO - Sync 1 DAGs
[2023-06-17T02:28:50.146+0000] {logging_mixin.py:149} INFO - [2023-06-17T02:28:50.146+0000] {dag.py:3490} INFO - Setting next_dagrun for example_branch_operator to 2023-06-16T00:00:00+00:00, run_after=2023-06-17T00:00:00+00:00
[2023-06-17T02:28:50.182+0000] {processor.py:179} INFO - Processing /home/airflow/.local/lib/python3.7/site-packages/airflow/example_dags/example_branch_operator.py took 0.148 seconds
[2023-06-17T02:29:21.625+0000] {processor.py:157} INFO - Started process (PID=1326) to work on /home/airflow/.local/lib/python3.7/site-packages/airflow/example_dags/example_branch_operator.py
[2023-06-17T02:29:21.647+0000] {processor.py:826} INFO - Processing file /home/airflow/.local/lib/python3.7/site-packages/airflow/example_dags/example_branch_operator.py for tasks to queue
[2023-06-17T02:29:21.648+0000] {logging_mixin.py:149} INFO - [2023-06-17T02:29:21.648+0000] {dagbag.py:541} INFO - Filling up the DagBag from /home/airflow/.local/lib/python3.7/site-packages/airflow/example_dags/example_branch_operator.py
[2023-06-17T02:29:21.657+0000] {processor.py:836} INFO - DAG(s) dict_keys(['example_branch_operator']) retrieved from /home/airflow/.local/lib/python3.7/site-packages/airflow/example_dags/example_branch_operator.py
[2023-06-17T02:29:21.681+0000] {logging_mixin.py:149} INFO - [2023-06-17T02:29:21.680+0000] {dag.py:2726} INFO - Sync 1 DAGs
[2023-06-17T02:29:21.707+0000] {logging_mixin.py:149} INFO - [2023-06-17T02:29:21.707+0000] {dag.py:3490} INFO - Setting next_dagrun for example_branch_operator to 2023-06-16T00:00:00+00:00, run_after=2023-06-17T00:00:00+00:00
[2023-06-17T02:29:21.865+0000] {processor.py:179} INFO - Processing /home/airflow/.local/lib/python3.7/site-packages/airflow/example_dags/example_branch_operator.py took 0.242 seconds
[2023-06-17T02:31:58.962+0000] {processor.py:157} INFO - Started process (PID=1398) to work on /home/airflow/.local/lib/python3.7/site-packages/airflow/example_dags/example_branch_operator.py
[2023-06-17T02:31:59.697+0000] {processor.py:826} INFO - Processing file /home/airflow/.local/lib/python3.7/site-packages/airflow/example_dags/example_branch_operator.py for tasks to queue
[2023-06-17T02:31:59.700+0000] {logging_mixin.py:149} INFO - [2023-06-17T02:31:59.699+0000] {dagbag.py:541} INFO - Filling up the DagBag from /home/airflow/.local/lib/python3.7/site-packages/airflow/example_dags/example_branch_operator.py
[2023-06-17T02:31:59.727+0000] {processor.py:836} INFO - DAG(s) dict_keys(['example_branch_operator']) retrieved from /home/airflow/.local/lib/python3.7/site-packages/airflow/example_dags/example_branch_operator.py
[2023-06-17T02:31:59.758+0000] {logging_mixin.py:149} INFO - [2023-06-17T02:31:59.757+0000] {dag.py:2726} INFO - Sync 1 DAGs
[2023-06-17T02:31:59.786+0000] {logging_mixin.py:149} INFO - [2023-06-17T02:31:59.786+0000] {dag.py:3490} INFO - Setting next_dagrun for example_branch_operator to 2023-06-16T00:00:00+00:00, run_after=2023-06-17T00:00:00+00:00
[2023-06-17T02:32:00.363+0000] {processor.py:179} INFO - Processing /home/airflow/.local/lib/python3.7/site-packages/airflow/example_dags/example_branch_operator.py took 1.403 seconds
[2023-06-17T02:32:39.351+0000] {processor.py:157} INFO - Started process (PID=1462) to work on /home/airflow/.local/lib/python3.7/site-packages/airflow/example_dags/example_branch_operator.py
[2023-06-17T02:32:39.405+0000] {processor.py:826} INFO - Processing file /home/airflow/.local/lib/python3.7/site-packages/airflow/example_dags/example_branch_operator.py for tasks to queue
[2023-06-17T02:32:39.408+0000] {logging_mixin.py:149} INFO - [2023-06-17T02:32:39.408+0000] {dagbag.py:541} INFO - Filling up the DagBag from /home/airflow/.local/lib/python3.7/site-packages/airflow/example_dags/example_branch_operator.py
[2023-06-17T02:32:39.443+0000] {processor.py:836} INFO - DAG(s) dict_keys(['example_branch_operator']) retrieved from /home/airflow/.local/lib/python3.7/site-packages/airflow/example_dags/example_branch_operator.py
[2023-06-17T02:32:39.469+0000] {logging_mixin.py:149} INFO - [2023-06-17T02:32:39.469+0000] {dag.py:2726} INFO - Sync 1 DAGs
[2023-06-17T02:32:39.496+0000] {logging_mixin.py:149} INFO - [2023-06-17T02:32:39.496+0000] {dag.py:3490} INFO - Setting next_dagrun for example_branch_operator to 2023-06-16T00:00:00+00:00, run_after=2023-06-17T00:00:00+00:00
[2023-06-17T02:32:39.630+0000] {processor.py:179} INFO - Processing /home/airflow/.local/lib/python3.7/site-packages/airflow/example_dags/example_branch_operator.py took 0.284 seconds
[2023-06-17T02:33:10.478+0000] {processor.py:157} INFO - Started process (PID=1515) to work on /home/airflow/.local/lib/python3.7/site-packages/airflow/example_dags/example_branch_operator.py
[2023-06-17T02:33:10.490+0000] {processor.py:826} INFO - Processing file /home/airflow/.local/lib/python3.7/site-packages/airflow/example_dags/example_branch_operator.py for tasks to queue
[2023-06-17T02:33:10.490+0000] {logging_mixin.py:149} INFO - [2023-06-17T02:33:10.490+0000] {dagbag.py:541} INFO - Filling up the DagBag from /home/airflow/.local/lib/python3.7/site-packages/airflow/example_dags/example_branch_operator.py
[2023-06-17T02:33:10.501+0000] {processor.py:836} INFO - DAG(s) dict_keys(['example_branch_operator']) retrieved from /home/airflow/.local/lib/python3.7/site-packages/airflow/example_dags/example_branch_operator.py
[2023-06-17T02:33:10.533+0000] {logging_mixin.py:149} INFO - [2023-06-17T02:33:10.533+0000] {dag.py:2726} INFO - Sync 1 DAGs
[2023-06-17T02:33:10.570+0000] {logging_mixin.py:149} INFO - [2023-06-17T02:33:10.570+0000] {dag.py:3490} INFO - Setting next_dagrun for example_branch_operator to 2023-06-16T00:00:00+00:00, run_after=2023-06-17T00:00:00+00:00
[2023-06-17T02:33:10.604+0000] {processor.py:179} INFO - Processing /home/airflow/.local/lib/python3.7/site-packages/airflow/example_dags/example_branch_operator.py took 0.129 seconds
[2023-06-17T02:33:40.751+0000] {processor.py:157} INFO - Started process (PID=1576) to work on /home/airflow/.local/lib/python3.7/site-packages/airflow/example_dags/example_branch_operator.py
[2023-06-17T02:33:40.802+0000] {processor.py:826} INFO - Processing file /home/airflow/.local/lib/python3.7/site-packages/airflow/example_dags/example_branch_operator.py for tasks to queue
[2023-06-17T02:33:40.804+0000] {logging_mixin.py:149} INFO - [2023-06-17T02:33:40.803+0000] {dagbag.py:541} INFO - Filling up the DagBag from /home/airflow/.local/lib/python3.7/site-packages/airflow/example_dags/example_branch_operator.py
[2023-06-17T02:33:40.825+0000] {processor.py:836} INFO - DAG(s) dict_keys(['example_branch_operator']) retrieved from /home/airflow/.local/lib/python3.7/site-packages/airflow/example_dags/example_branch_operator.py
[2023-06-17T02:33:40.878+0000] {logging_mixin.py:149} INFO - [2023-06-17T02:33:40.878+0000] {dag.py:2726} INFO - Sync 1 DAGs
[2023-06-17T02:33:40.938+0000] {logging_mixin.py:149} INFO - [2023-06-17T02:33:40.938+0000] {dag.py:3490} INFO - Setting next_dagrun for example_branch_operator to 2023-06-16T00:00:00+00:00, run_after=2023-06-17T00:00:00+00:00
[2023-06-17T02:33:41.044+0000] {processor.py:179} INFO - Processing /home/airflow/.local/lib/python3.7/site-packages/airflow/example_dags/example_branch_operator.py took 0.298 seconds
[2023-06-17T02:34:11.360+0000] {processor.py:157} INFO - Started process (PID=1628) to work on /home/airflow/.local/lib/python3.7/site-packages/airflow/example_dags/example_branch_operator.py
[2023-06-17T02:34:11.375+0000] {processor.py:826} INFO - Processing file /home/airflow/.local/lib/python3.7/site-packages/airflow/example_dags/example_branch_operator.py for tasks to queue
[2023-06-17T02:34:11.376+0000] {logging_mixin.py:149} INFO - [2023-06-17T02:34:11.376+0000] {dagbag.py:541} INFO - Filling up the DagBag from /home/airflow/.local/lib/python3.7/site-packages/airflow/example_dags/example_branch_operator.py
[2023-06-17T02:34:11.393+0000] {processor.py:836} INFO - DAG(s) dict_keys(['example_branch_operator']) retrieved from /home/airflow/.local/lib/python3.7/site-packages/airflow/example_dags/example_branch_operator.py
[2023-06-17T02:34:11.431+0000] {logging_mixin.py:149} INFO - [2023-06-17T02:34:11.431+0000] {dag.py:2726} INFO - Sync 1 DAGs
[2023-06-17T02:34:11.483+0000] {logging_mixin.py:149} INFO - [2023-06-17T02:34:11.483+0000] {dag.py:3490} INFO - Setting next_dagrun for example_branch_operator to 2023-06-16T00:00:00+00:00, run_after=2023-06-17T00:00:00+00:00
[2023-06-17T02:34:11.518+0000] {processor.py:179} INFO - Processing /home/airflow/.local/lib/python3.7/site-packages/airflow/example_dags/example_branch_operator.py took 0.161 seconds
[2023-06-17T02:34:41.628+0000] {processor.py:157} INFO - Started process (PID=1689) to work on /home/airflow/.local/lib/python3.7/site-packages/airflow/example_dags/example_branch_operator.py
[2023-06-17T02:34:41.636+0000] {processor.py:826} INFO - Processing file /home/airflow/.local/lib/python3.7/site-packages/airflow/example_dags/example_branch_operator.py for tasks to queue
[2023-06-17T02:34:41.636+0000] {logging_mixin.py:149} INFO - [2023-06-17T02:34:41.636+0000] {dagbag.py:541} INFO - Filling up the DagBag from /home/airflow/.local/lib/python3.7/site-packages/airflow/example_dags/example_branch_operator.py
[2023-06-17T02:34:41.647+0000] {processor.py:836} INFO - DAG(s) dict_keys(['example_branch_operator']) retrieved from /home/airflow/.local/lib/python3.7/site-packages/airflow/example_dags/example_branch_operator.py
[2023-06-17T02:34:41.678+0000] {logging_mixin.py:149} INFO - [2023-06-17T02:34:41.678+0000] {dag.py:2726} INFO - Sync 1 DAGs
[2023-06-17T02:34:41.717+0000] {logging_mixin.py:149} INFO - [2023-06-17T02:34:41.716+0000] {dag.py:3490} INFO - Setting next_dagrun for example_branch_operator to 2023-06-16T00:00:00+00:00, run_after=2023-06-17T00:00:00+00:00
[2023-06-17T02:34:41.752+0000] {processor.py:179} INFO - Processing /home/airflow/.local/lib/python3.7/site-packages/airflow/example_dags/example_branch_operator.py took 0.127 seconds
[2023-06-17T02:35:12.189+0000] {processor.py:157} INFO - Started process (PID=1749) to work on /home/airflow/.local/lib/python3.7/site-packages/airflow/example_dags/example_branch_operator.py
[2023-06-17T02:35:12.196+0000] {processor.py:826} INFO - Processing file /home/airflow/.local/lib/python3.7/site-packages/airflow/example_dags/example_branch_operator.py for tasks to queue
[2023-06-17T02:35:12.197+0000] {logging_mixin.py:149} INFO - [2023-06-17T02:35:12.196+0000] {dagbag.py:541} INFO - Filling up the DagBag from /home/airflow/.local/lib/python3.7/site-packages/airflow/example_dags/example_branch_operator.py
[2023-06-17T02:35:12.208+0000] {processor.py:836} INFO - DAG(s) dict_keys(['example_branch_operator']) retrieved from /home/airflow/.local/lib/python3.7/site-packages/airflow/example_dags/example_branch_operator.py
[2023-06-17T02:35:12.239+0000] {logging_mixin.py:149} INFO - [2023-06-17T02:35:12.239+0000] {dag.py:2726} INFO - Sync 1 DAGs
[2023-06-17T02:35:12.277+0000] {logging_mixin.py:149} INFO - [2023-06-17T02:35:12.277+0000] {dag.py:3490} INFO - Setting next_dagrun for example_branch_operator to 2023-06-16T00:00:00+00:00, run_after=2023-06-17T00:00:00+00:00
[2023-06-17T02:35:12.314+0000] {processor.py:179} INFO - Processing /home/airflow/.local/lib/python3.7/site-packages/airflow/example_dags/example_branch_operator.py took 0.128 seconds
[2023-06-17T02:35:42.991+0000] {processor.py:157} INFO - Started process (PID=1810) to work on /home/airflow/.local/lib/python3.7/site-packages/airflow/example_dags/example_branch_operator.py
[2023-06-17T02:35:43.338+0000] {processor.py:826} INFO - Processing file /home/airflow/.local/lib/python3.7/site-packages/airflow/example_dags/example_branch_operator.py for tasks to queue
[2023-06-17T02:35:43.339+0000] {logging_mixin.py:149} INFO - [2023-06-17T02:35:43.339+0000] {dagbag.py:541} INFO - Filling up the DagBag from /home/airflow/.local/lib/python3.7/site-packages/airflow/example_dags/example_branch_operator.py
[2023-06-17T02:35:43.349+0000] {processor.py:836} INFO - DAG(s) dict_keys(['example_branch_operator']) retrieved from /home/airflow/.local/lib/python3.7/site-packages/airflow/example_dags/example_branch_operator.py
[2023-06-17T02:35:43.374+0000] {logging_mixin.py:149} INFO - [2023-06-17T02:35:43.374+0000] {dag.py:2726} INFO - Sync 1 DAGs
[2023-06-17T02:35:43.401+0000] {logging_mixin.py:149} INFO - [2023-06-17T02:35:43.401+0000] {dag.py:3490} INFO - Setting next_dagrun for example_branch_operator to 2023-06-16T00:00:00+00:00, run_after=2023-06-17T00:00:00+00:00
[2023-06-17T02:35:43.727+0000] {processor.py:179} INFO - Processing /home/airflow/.local/lib/python3.7/site-packages/airflow/example_dags/example_branch_operator.py took 0.739 seconds
[2023-06-17T02:36:14.057+0000] {processor.py:157} INFO - Started process (PID=1871) to work on /home/airflow/.local/lib/python3.7/site-packages/airflow/example_dags/example_branch_operator.py
[2023-06-17T02:36:14.101+0000] {processor.py:826} INFO - Processing file /home/airflow/.local/lib/python3.7/site-packages/airflow/example_dags/example_branch_operator.py for tasks to queue
[2023-06-17T02:36:14.102+0000] {logging_mixin.py:149} INFO - [2023-06-17T02:36:14.102+0000] {dagbag.py:541} INFO - Filling up the DagBag from /home/airflow/.local/lib/python3.7/site-packages/airflow/example_dags/example_branch_operator.py
[2023-06-17T02:36:14.113+0000] {processor.py:836} INFO - DAG(s) dict_keys(['example_branch_operator']) retrieved from /home/airflow/.local/lib/python3.7/site-packages/airflow/example_dags/example_branch_operator.py
[2023-06-17T02:36:14.144+0000] {logging_mixin.py:149} INFO - [2023-06-17T02:36:14.144+0000] {dag.py:2726} INFO - Sync 1 DAGs
[2023-06-17T02:36:14.178+0000] {logging_mixin.py:149} INFO - [2023-06-17T02:36:14.178+0000] {dag.py:3490} INFO - Setting next_dagrun for example_branch_operator to 2023-06-16T00:00:00+00:00, run_after=2023-06-17T00:00:00+00:00
[2023-06-17T02:36:14.210+0000] {processor.py:179} INFO - Processing /home/airflow/.local/lib/python3.7/site-packages/airflow/example_dags/example_branch_operator.py took 0.155 seconds
[2023-06-17T02:36:44.344+0000] {processor.py:157} INFO - Started process (PID=1932) to work on /home/airflow/.local/lib/python3.7/site-packages/airflow/example_dags/example_branch_operator.py
[2023-06-17T02:36:44.378+0000] {processor.py:826} INFO - Processing file /home/airflow/.local/lib/python3.7/site-packages/airflow/example_dags/example_branch_operator.py for tasks to queue
[2023-06-17T02:36:44.379+0000] {logging_mixin.py:149} INFO - [2023-06-17T02:36:44.379+0000] {dagbag.py:541} INFO - Filling up the DagBag from /home/airflow/.local/lib/python3.7/site-packages/airflow/example_dags/example_branch_operator.py
[2023-06-17T02:36:44.402+0000] {processor.py:836} INFO - DAG(s) dict_keys(['example_branch_operator']) retrieved from /home/airflow/.local/lib/python3.7/site-packages/airflow/example_dags/example_branch_operator.py
[2023-06-17T02:36:44.464+0000] {logging_mixin.py:149} INFO - [2023-06-17T02:36:44.464+0000] {dag.py:2726} INFO - Sync 1 DAGs
[2023-06-17T02:36:44.538+0000] {logging_mixin.py:149} INFO - [2023-06-17T02:36:44.538+0000] {dag.py:3490} INFO - Setting next_dagrun for example_branch_operator to 2023-06-16T00:00:00+00:00, run_after=2023-06-17T00:00:00+00:00
[2023-06-17T02:36:44.599+0000] {processor.py:179} INFO - Processing /home/airflow/.local/lib/python3.7/site-packages/airflow/example_dags/example_branch_operator.py took 0.261 seconds
[2023-06-17T02:37:14.857+0000] {processor.py:157} INFO - Started process (PID=1993) to work on /home/airflow/.local/lib/python3.7/site-packages/airflow/example_dags/example_branch_operator.py
[2023-06-17T02:37:14.921+0000] {processor.py:826} INFO - Processing file /home/airflow/.local/lib/python3.7/site-packages/airflow/example_dags/example_branch_operator.py for tasks to queue
[2023-06-17T02:37:14.922+0000] {logging_mixin.py:149} INFO - [2023-06-17T02:37:14.922+0000] {dagbag.py:541} INFO - Filling up the DagBag from /home/airflow/.local/lib/python3.7/site-packages/airflow/example_dags/example_branch_operator.py
[2023-06-17T02:37:14.933+0000] {processor.py:836} INFO - DAG(s) dict_keys(['example_branch_operator']) retrieved from /home/airflow/.local/lib/python3.7/site-packages/airflow/example_dags/example_branch_operator.py
[2023-06-17T02:37:14.962+0000] {logging_mixin.py:149} INFO - [2023-06-17T02:37:14.962+0000] {dag.py:2726} INFO - Sync 1 DAGs
[2023-06-17T02:37:14.998+0000] {logging_mixin.py:149} INFO - [2023-06-17T02:37:14.998+0000] {dag.py:3490} INFO - Setting next_dagrun for example_branch_operator to 2023-06-16T00:00:00+00:00, run_after=2023-06-17T00:00:00+00:00
[2023-06-17T02:37:15.031+0000] {processor.py:179} INFO - Processing /home/airflow/.local/lib/python3.7/site-packages/airflow/example_dags/example_branch_operator.py took 0.178 seconds
[2023-06-17T02:37:45.647+0000] {processor.py:157} INFO - Started process (PID=2054) to work on /home/airflow/.local/lib/python3.7/site-packages/airflow/example_dags/example_branch_operator.py
[2023-06-17T02:37:45.841+0000] {processor.py:826} INFO - Processing file /home/airflow/.local/lib/python3.7/site-packages/airflow/example_dags/example_branch_operator.py for tasks to queue
[2023-06-17T02:37:45.842+0000] {logging_mixin.py:149} INFO - [2023-06-17T02:37:45.842+0000] {dagbag.py:541} INFO - Filling up the DagBag from /home/airflow/.local/lib/python3.7/site-packages/airflow/example_dags/example_branch_operator.py
[2023-06-17T02:37:45.856+0000] {processor.py:836} INFO - DAG(s) dict_keys(['example_branch_operator']) retrieved from /home/airflow/.local/lib/python3.7/site-packages/airflow/example_dags/example_branch_operator.py
[2023-06-17T02:37:45.883+0000] {logging_mixin.py:149} INFO - [2023-06-17T02:37:45.883+0000] {dag.py:2726} INFO - Sync 1 DAGs
[2023-06-17T02:37:45.911+0000] {logging_mixin.py:149} INFO - [2023-06-17T02:37:45.911+0000] {dag.py:3490} INFO - Setting next_dagrun for example_branch_operator to 2023-06-16T00:00:00+00:00, run_after=2023-06-17T00:00:00+00:00
[2023-06-17T02:37:46.181+0000] {processor.py:179} INFO - Processing /home/airflow/.local/lib/python3.7/site-packages/airflow/example_dags/example_branch_operator.py took 0.537 seconds
[2023-06-17T03:24:50.234+0000] {processor.py:157} INFO - Started process (PID=2126) to work on /home/airflow/.local/lib/python3.7/site-packages/airflow/example_dags/example_branch_operator.py
[2023-06-17T03:24:50.372+0000] {processor.py:826} INFO - Processing file /home/airflow/.local/lib/python3.7/site-packages/airflow/example_dags/example_branch_operator.py for tasks to queue
[2023-06-17T03:24:50.374+0000] {logging_mixin.py:149} INFO - [2023-06-17T03:24:50.374+0000] {dagbag.py:541} INFO - Filling up the DagBag from /home/airflow/.local/lib/python3.7/site-packages/airflow/example_dags/example_branch_operator.py
[2023-06-17T03:24:50.407+0000] {processor.py:836} INFO - DAG(s) dict_keys(['example_branch_operator']) retrieved from /home/airflow/.local/lib/python3.7/site-packages/airflow/example_dags/example_branch_operator.py
[2023-06-17T03:24:50.440+0000] {logging_mixin.py:149} INFO - [2023-06-17T03:24:50.440+0000] {dag.py:2726} INFO - Sync 1 DAGs
[2023-06-17T03:24:50.468+0000] {logging_mixin.py:149} INFO - [2023-06-17T03:24:50.468+0000] {dag.py:3490} INFO - Setting next_dagrun for example_branch_operator to 2023-06-16T00:00:00+00:00, run_after=2023-06-17T00:00:00+00:00
[2023-06-17T03:24:50.774+0000] {processor.py:179} INFO - Processing /home/airflow/.local/lib/python3.7/site-packages/airflow/example_dags/example_branch_operator.py took 0.544 seconds
[2023-06-17T03:25:20.933+0000] {processor.py:157} INFO - Started process (PID=2187) to work on /home/airflow/.local/lib/python3.7/site-packages/airflow/example_dags/example_branch_operator.py
[2023-06-17T03:25:20.940+0000] {processor.py:826} INFO - Processing file /home/airflow/.local/lib/python3.7/site-packages/airflow/example_dags/example_branch_operator.py for tasks to queue
[2023-06-17T03:25:20.942+0000] {logging_mixin.py:149} INFO - [2023-06-17T03:25:20.942+0000] {dagbag.py:541} INFO - Filling up the DagBag from /home/airflow/.local/lib/python3.7/site-packages/airflow/example_dags/example_branch_operator.py
[2023-06-17T03:25:20.968+0000] {processor.py:836} INFO - DAG(s) dict_keys(['example_branch_operator']) retrieved from /home/airflow/.local/lib/python3.7/site-packages/airflow/example_dags/example_branch_operator.py
[2023-06-17T03:25:21.027+0000] {logging_mixin.py:149} INFO - [2023-06-17T03:25:21.027+0000] {dag.py:2726} INFO - Sync 1 DAGs
[2023-06-17T03:25:21.083+0000] {logging_mixin.py:149} INFO - [2023-06-17T03:25:21.083+0000] {dag.py:3490} INFO - Setting next_dagrun for example_branch_operator to 2023-06-16T00:00:00+00:00, run_after=2023-06-17T00:00:00+00:00
[2023-06-17T03:25:21.146+0000] {processor.py:179} INFO - Processing /home/airflow/.local/lib/python3.7/site-packages/airflow/example_dags/example_branch_operator.py took 0.220 seconds
[2023-06-17T03:35:55.125+0000] {processor.py:157} INFO - Started process (PID=70) to work on /home/airflow/.local/lib/python3.7/site-packages/airflow/example_dags/example_branch_operator.py
[2023-06-17T03:35:55.198+0000] {processor.py:826} INFO - Processing file /home/airflow/.local/lib/python3.7/site-packages/airflow/example_dags/example_branch_operator.py for tasks to queue
[2023-06-17T03:35:55.198+0000] {logging_mixin.py:149} INFO - [2023-06-17T03:35:55.198+0000] {dagbag.py:541} INFO - Filling up the DagBag from /home/airflow/.local/lib/python3.7/site-packages/airflow/example_dags/example_branch_operator.py
[2023-06-17T03:35:55.207+0000] {processor.py:836} INFO - DAG(s) dict_keys(['example_branch_operator']) retrieved from /home/airflow/.local/lib/python3.7/site-packages/airflow/example_dags/example_branch_operator.py
[2023-06-17T03:35:55.245+0000] {logging_mixin.py:149} INFO - [2023-06-17T03:35:55.245+0000] {dag.py:2726} INFO - Sync 1 DAGs
[2023-06-17T03:35:55.284+0000] {logging_mixin.py:149} INFO - [2023-06-17T03:35:55.284+0000] {dag.py:3490} INFO - Setting next_dagrun for example_branch_operator to 2023-06-16T00:00:00+00:00, run_after=2023-06-17T00:00:00+00:00
[2023-06-17T03:35:55.398+0000] {processor.py:179} INFO - Processing /home/airflow/.local/lib/python3.7/site-packages/airflow/example_dags/example_branch_operator.py took 0.277 seconds
[2023-06-17T03:36:28.332+0000] {processor.py:157} INFO - Started process (PID=129) to work on /home/airflow/.local/lib/python3.7/site-packages/airflow/example_dags/example_branch_operator.py
[2023-06-17T03:36:28.366+0000] {processor.py:826} INFO - Processing file /home/airflow/.local/lib/python3.7/site-packages/airflow/example_dags/example_branch_operator.py for tasks to queue
[2023-06-17T03:36:28.367+0000] {logging_mixin.py:149} INFO - [2023-06-17T03:36:28.367+0000] {dagbag.py:541} INFO - Filling up the DagBag from /home/airflow/.local/lib/python3.7/site-packages/airflow/example_dags/example_branch_operator.py
[2023-06-17T03:36:28.388+0000] {processor.py:836} INFO - DAG(s) dict_keys(['example_branch_operator']) retrieved from /home/airflow/.local/lib/python3.7/site-packages/airflow/example_dags/example_branch_operator.py
[2023-06-17T03:36:28.426+0000] {logging_mixin.py:149} INFO - [2023-06-17T03:36:28.426+0000] {dag.py:2726} INFO - Sync 1 DAGs
[2023-06-17T03:36:28.454+0000] {logging_mixin.py:149} INFO - [2023-06-17T03:36:28.454+0000] {dag.py:3490} INFO - Setting next_dagrun for example_branch_operator to 2023-06-16T00:00:00+00:00, run_after=2023-06-17T00:00:00+00:00
[2023-06-17T03:36:28.603+0000] {processor.py:179} INFO - Processing /home/airflow/.local/lib/python3.7/site-packages/airflow/example_dags/example_branch_operator.py took 0.275 seconds
[2023-06-17T03:36:59.697+0000] {processor.py:157} INFO - Started process (PID=183) to work on /home/airflow/.local/lib/python3.7/site-packages/airflow/example_dags/example_branch_operator.py
[2023-06-17T03:36:59.815+0000] {processor.py:826} INFO - Processing file /home/airflow/.local/lib/python3.7/site-packages/airflow/example_dags/example_branch_operator.py for tasks to queue
[2023-06-17T03:36:59.816+0000] {logging_mixin.py:149} INFO - [2023-06-17T03:36:59.816+0000] {dagbag.py:541} INFO - Filling up the DagBag from /home/airflow/.local/lib/python3.7/site-packages/airflow/example_dags/example_branch_operator.py
[2023-06-17T03:36:59.827+0000] {processor.py:836} INFO - DAG(s) dict_keys(['example_branch_operator']) retrieved from /home/airflow/.local/lib/python3.7/site-packages/airflow/example_dags/example_branch_operator.py
[2023-06-17T03:36:59.861+0000] {logging_mixin.py:149} INFO - [2023-06-17T03:36:59.860+0000] {dag.py:2726} INFO - Sync 1 DAGs
[2023-06-17T03:36:59.988+0000] {logging_mixin.py:149} INFO - [2023-06-17T03:36:59.988+0000] {dag.py:3490} INFO - Setting next_dagrun for example_branch_operator to 2023-06-16T00:00:00+00:00, run_after=2023-06-17T00:00:00+00:00
[2023-06-17T03:37:00.093+0000] {processor.py:179} INFO - Processing /home/airflow/.local/lib/python3.7/site-packages/airflow/example_dags/example_branch_operator.py took 0.398 seconds
[2023-06-17T03:37:30.358+0000] {processor.py:157} INFO - Started process (PID=237) to work on /home/airflow/.local/lib/python3.7/site-packages/airflow/example_dags/example_branch_operator.py
[2023-06-17T03:37:30.364+0000] {processor.py:826} INFO - Processing file /home/airflow/.local/lib/python3.7/site-packages/airflow/example_dags/example_branch_operator.py for tasks to queue
[2023-06-17T03:37:30.365+0000] {logging_mixin.py:149} INFO - [2023-06-17T03:37:30.365+0000] {dagbag.py:541} INFO - Filling up the DagBag from /home/airflow/.local/lib/python3.7/site-packages/airflow/example_dags/example_branch_operator.py
[2023-06-17T03:37:30.466+0000] {processor.py:836} INFO - DAG(s) dict_keys(['example_branch_operator']) retrieved from /home/airflow/.local/lib/python3.7/site-packages/airflow/example_dags/example_branch_operator.py
[2023-06-17T03:37:30.489+0000] {logging_mixin.py:149} INFO - [2023-06-17T03:37:30.489+0000] {dag.py:2726} INFO - Sync 1 DAGs
[2023-06-17T03:37:30.521+0000] {logging_mixin.py:149} INFO - [2023-06-17T03:37:30.520+0000] {dag.py:3490} INFO - Setting next_dagrun for example_branch_operator to 2023-06-16T00:00:00+00:00, run_after=2023-06-17T00:00:00+00:00
[2023-06-17T03:37:30.692+0000] {processor.py:179} INFO - Processing /home/airflow/.local/lib/python3.7/site-packages/airflow/example_dags/example_branch_operator.py took 0.337 seconds
[2023-06-17T03:38:01.657+0000] {processor.py:157} INFO - Started process (PID=298) to work on /home/airflow/.local/lib/python3.7/site-packages/airflow/example_dags/example_branch_operator.py
[2023-06-17T03:38:01.673+0000] {processor.py:826} INFO - Processing file /home/airflow/.local/lib/python3.7/site-packages/airflow/example_dags/example_branch_operator.py for tasks to queue
[2023-06-17T03:38:01.673+0000] {logging_mixin.py:149} INFO - [2023-06-17T03:38:01.673+0000] {dagbag.py:541} INFO - Filling up the DagBag from /home/airflow/.local/lib/python3.7/site-packages/airflow/example_dags/example_branch_operator.py
[2023-06-17T03:38:01.683+0000] {processor.py:836} INFO - DAG(s) dict_keys(['example_branch_operator']) retrieved from /home/airflow/.local/lib/python3.7/site-packages/airflow/example_dags/example_branch_operator.py
[2023-06-17T03:38:01.728+0000] {logging_mixin.py:149} INFO - [2023-06-17T03:38:01.727+0000] {dag.py:2726} INFO - Sync 1 DAGs
[2023-06-17T03:38:01.797+0000] {logging_mixin.py:149} INFO - [2023-06-17T03:38:01.797+0000] {dag.py:3490} INFO - Setting next_dagrun for example_branch_operator to 2023-06-16T00:00:00+00:00, run_after=2023-06-17T00:00:00+00:00
[2023-06-17T03:38:01.839+0000] {processor.py:179} INFO - Processing /home/airflow/.local/lib/python3.7/site-packages/airflow/example_dags/example_branch_operator.py took 0.186 seconds
[2023-06-17T03:38:32.615+0000] {processor.py:157} INFO - Started process (PID=359) to work on /home/airflow/.local/lib/python3.7/site-packages/airflow/example_dags/example_branch_operator.py
[2023-06-17T03:38:32.628+0000] {processor.py:826} INFO - Processing file /home/airflow/.local/lib/python3.7/site-packages/airflow/example_dags/example_branch_operator.py for tasks to queue
[2023-06-17T03:38:32.629+0000] {logging_mixin.py:149} INFO - [2023-06-17T03:38:32.629+0000] {dagbag.py:541} INFO - Filling up the DagBag from /home/airflow/.local/lib/python3.7/site-packages/airflow/example_dags/example_branch_operator.py
[2023-06-17T03:38:32.637+0000] {processor.py:836} INFO - DAG(s) dict_keys(['example_branch_operator']) retrieved from /home/airflow/.local/lib/python3.7/site-packages/airflow/example_dags/example_branch_operator.py
[2023-06-17T03:38:32.697+0000] {logging_mixin.py:149} INFO - [2023-06-17T03:38:32.697+0000] {dag.py:2726} INFO - Sync 1 DAGs
[2023-06-17T03:38:32.788+0000] {logging_mixin.py:149} INFO - [2023-06-17T03:38:32.788+0000] {dag.py:3490} INFO - Setting next_dagrun for example_branch_operator to 2023-06-16T00:00:00+00:00, run_after=2023-06-17T00:00:00+00:00
[2023-06-17T03:38:33.041+0000] {processor.py:179} INFO - Processing /home/airflow/.local/lib/python3.7/site-packages/airflow/example_dags/example_branch_operator.py took 0.429 seconds
[2023-06-17T03:39:03.921+0000] {processor.py:157} INFO - Started process (PID=420) to work on /home/airflow/.local/lib/python3.7/site-packages/airflow/example_dags/example_branch_operator.py
[2023-06-17T03:39:04.098+0000] {processor.py:826} INFO - Processing file /home/airflow/.local/lib/python3.7/site-packages/airflow/example_dags/example_branch_operator.py for tasks to queue
[2023-06-17T03:39:04.099+0000] {logging_mixin.py:149} INFO - [2023-06-17T03:39:04.099+0000] {dagbag.py:541} INFO - Filling up the DagBag from /home/airflow/.local/lib/python3.7/site-packages/airflow/example_dags/example_branch_operator.py
[2023-06-17T03:39:04.112+0000] {processor.py:836} INFO - DAG(s) dict_keys(['example_branch_operator']) retrieved from /home/airflow/.local/lib/python3.7/site-packages/airflow/example_dags/example_branch_operator.py
[2023-06-17T03:39:04.177+0000] {logging_mixin.py:149} INFO - [2023-06-17T03:39:04.176+0000] {dag.py:2726} INFO - Sync 1 DAGs
[2023-06-17T03:39:04.240+0000] {logging_mixin.py:149} INFO - [2023-06-17T03:39:04.240+0000] {dag.py:3490} INFO - Setting next_dagrun for example_branch_operator to 2023-06-16T00:00:00+00:00, run_after=2023-06-17T00:00:00+00:00
[2023-06-17T03:39:04.394+0000] {processor.py:179} INFO - Processing /home/airflow/.local/lib/python3.7/site-packages/airflow/example_dags/example_branch_operator.py took 0.476 seconds
[2023-06-17T03:39:34.475+0000] {processor.py:157} INFO - Started process (PID=481) to work on /home/airflow/.local/lib/python3.7/site-packages/airflow/example_dags/example_branch_operator.py
[2023-06-17T03:39:34.499+0000] {processor.py:826} INFO - Processing file /home/airflow/.local/lib/python3.7/site-packages/airflow/example_dags/example_branch_operator.py for tasks to queue
[2023-06-17T03:39:34.500+0000] {logging_mixin.py:149} INFO - [2023-06-17T03:39:34.500+0000] {dagbag.py:541} INFO - Filling up the DagBag from /home/airflow/.local/lib/python3.7/site-packages/airflow/example_dags/example_branch_operator.py
[2023-06-17T03:39:34.509+0000] {processor.py:836} INFO - DAG(s) dict_keys(['example_branch_operator']) retrieved from /home/airflow/.local/lib/python3.7/site-packages/airflow/example_dags/example_branch_operator.py
[2023-06-17T03:39:34.539+0000] {logging_mixin.py:149} INFO - [2023-06-17T03:39:34.539+0000] {dag.py:2726} INFO - Sync 1 DAGs
[2023-06-17T03:39:34.574+0000] {logging_mixin.py:149} INFO - [2023-06-17T03:39:34.574+0000] {dag.py:3490} INFO - Setting next_dagrun for example_branch_operator to 2023-06-16T00:00:00+00:00, run_after=2023-06-17T00:00:00+00:00
[2023-06-17T03:39:34.694+0000] {processor.py:179} INFO - Processing /home/airflow/.local/lib/python3.7/site-packages/airflow/example_dags/example_branch_operator.py took 0.221 seconds
[2023-06-17T03:40:05.570+0000] {processor.py:157} INFO - Started process (PID=542) to work on /home/airflow/.local/lib/python3.7/site-packages/airflow/example_dags/example_branch_operator.py
[2023-06-17T03:40:05.683+0000] {processor.py:826} INFO - Processing file /home/airflow/.local/lib/python3.7/site-packages/airflow/example_dags/example_branch_operator.py for tasks to queue
[2023-06-17T03:40:05.683+0000] {logging_mixin.py:149} INFO - [2023-06-17T03:40:05.683+0000] {dagbag.py:541} INFO - Filling up the DagBag from /home/airflow/.local/lib/python3.7/site-packages/airflow/example_dags/example_branch_operator.py
[2023-06-17T03:40:05.693+0000] {processor.py:836} INFO - DAG(s) dict_keys(['example_branch_operator']) retrieved from /home/airflow/.local/lib/python3.7/site-packages/airflow/example_dags/example_branch_operator.py
[2023-06-17T03:40:05.748+0000] {logging_mixin.py:149} INFO - [2023-06-17T03:40:05.748+0000] {dag.py:2726} INFO - Sync 1 DAGs
[2023-06-17T03:40:05.808+0000] {logging_mixin.py:149} INFO - [2023-06-17T03:40:05.808+0000] {dag.py:3490} INFO - Setting next_dagrun for example_branch_operator to 2023-06-16T00:00:00+00:00, run_after=2023-06-17T00:00:00+00:00
[2023-06-17T03:40:05.954+0000] {processor.py:179} INFO - Processing /home/airflow/.local/lib/python3.7/site-packages/airflow/example_dags/example_branch_operator.py took 0.387 seconds
[2023-06-17T03:40:36.143+0000] {processor.py:157} INFO - Started process (PID=603) to work on /home/airflow/.local/lib/python3.7/site-packages/airflow/example_dags/example_branch_operator.py
[2023-06-17T03:40:36.243+0000] {processor.py:826} INFO - Processing file /home/airflow/.local/lib/python3.7/site-packages/airflow/example_dags/example_branch_operator.py for tasks to queue
[2023-06-17T03:40:36.243+0000] {logging_mixin.py:149} INFO - [2023-06-17T03:40:36.243+0000] {dagbag.py:541} INFO - Filling up the DagBag from /home/airflow/.local/lib/python3.7/site-packages/airflow/example_dags/example_branch_operator.py
[2023-06-17T03:40:36.252+0000] {processor.py:836} INFO - DAG(s) dict_keys(['example_branch_operator']) retrieved from /home/airflow/.local/lib/python3.7/site-packages/airflow/example_dags/example_branch_operator.py
[2023-06-17T03:40:36.282+0000] {logging_mixin.py:149} INFO - [2023-06-17T03:40:36.281+0000] {dag.py:2726} INFO - Sync 1 DAGs
[2023-06-17T03:40:36.315+0000] {logging_mixin.py:149} INFO - [2023-06-17T03:40:36.314+0000] {dag.py:3490} INFO - Setting next_dagrun for example_branch_operator to 2023-06-16T00:00:00+00:00, run_after=2023-06-17T00:00:00+00:00
[2023-06-17T03:40:36.344+0000] {processor.py:179} INFO - Processing /home/airflow/.local/lib/python3.7/site-packages/airflow/example_dags/example_branch_operator.py took 0.203 seconds
[2023-06-17T03:41:06.888+0000] {processor.py:157} INFO - Started process (PID=665) to work on /home/airflow/.local/lib/python3.7/site-packages/airflow/example_dags/example_branch_operator.py
[2023-06-17T03:41:06.898+0000] {processor.py:826} INFO - Processing file /home/airflow/.local/lib/python3.7/site-packages/airflow/example_dags/example_branch_operator.py for tasks to queue
[2023-06-17T03:41:06.900+0000] {logging_mixin.py:149} INFO - [2023-06-17T03:41:06.899+0000] {dagbag.py:541} INFO - Filling up the DagBag from /home/airflow/.local/lib/python3.7/site-packages/airflow/example_dags/example_branch_operator.py
[2023-06-17T03:41:06.912+0000] {processor.py:836} INFO - DAG(s) dict_keys(['example_branch_operator']) retrieved from /home/airflow/.local/lib/python3.7/site-packages/airflow/example_dags/example_branch_operator.py
[2023-06-17T03:41:06.946+0000] {logging_mixin.py:149} INFO - [2023-06-17T03:41:06.946+0000] {dag.py:2726} INFO - Sync 1 DAGs
[2023-06-17T03:41:06.991+0000] {logging_mixin.py:149} INFO - [2023-06-17T03:41:06.991+0000] {dag.py:3490} INFO - Setting next_dagrun for example_branch_operator to 2023-06-16T00:00:00+00:00, run_after=2023-06-17T00:00:00+00:00
[2023-06-17T03:41:07.029+0000] {processor.py:179} INFO - Processing /home/airflow/.local/lib/python3.7/site-packages/airflow/example_dags/example_branch_operator.py took 0.146 seconds
[2023-06-17T03:41:37.180+0000] {processor.py:157} INFO - Started process (PID=726) to work on /home/airflow/.local/lib/python3.7/site-packages/airflow/example_dags/example_branch_operator.py
[2023-06-17T03:41:37.202+0000] {processor.py:826} INFO - Processing file /home/airflow/.local/lib/python3.7/site-packages/airflow/example_dags/example_branch_operator.py for tasks to queue
[2023-06-17T03:41:37.202+0000] {logging_mixin.py:149} INFO - [2023-06-17T03:41:37.202+0000] {dagbag.py:541} INFO - Filling up the DagBag from /home/airflow/.local/lib/python3.7/site-packages/airflow/example_dags/example_branch_operator.py
[2023-06-17T03:41:37.211+0000] {processor.py:836} INFO - DAG(s) dict_keys(['example_branch_operator']) retrieved from /home/airflow/.local/lib/python3.7/site-packages/airflow/example_dags/example_branch_operator.py
[2023-06-17T03:41:37.234+0000] {logging_mixin.py:149} INFO - [2023-06-17T03:41:37.234+0000] {dag.py:2726} INFO - Sync 1 DAGs
[2023-06-17T03:41:37.268+0000] {logging_mixin.py:149} INFO - [2023-06-17T03:41:37.268+0000] {dag.py:3490} INFO - Setting next_dagrun for example_branch_operator to 2023-06-16T00:00:00+00:00, run_after=2023-06-17T00:00:00+00:00
[2023-06-17T03:41:37.300+0000] {processor.py:179} INFO - Processing /home/airflow/.local/lib/python3.7/site-packages/airflow/example_dags/example_branch_operator.py took 0.122 seconds
[2023-06-17T03:42:07.502+0000] {processor.py:157} INFO - Started process (PID=787) to work on /home/airflow/.local/lib/python3.7/site-packages/airflow/example_dags/example_branch_operator.py
[2023-06-17T03:42:07.509+0000] {processor.py:826} INFO - Processing file /home/airflow/.local/lib/python3.7/site-packages/airflow/example_dags/example_branch_operator.py for tasks to queue
[2023-06-17T03:42:07.509+0000] {logging_mixin.py:149} INFO - [2023-06-17T03:42:07.509+0000] {dagbag.py:541} INFO - Filling up the DagBag from /home/airflow/.local/lib/python3.7/site-packages/airflow/example_dags/example_branch_operator.py
[2023-06-17T03:42:07.518+0000] {processor.py:836} INFO - DAG(s) dict_keys(['example_branch_operator']) retrieved from /home/airflow/.local/lib/python3.7/site-packages/airflow/example_dags/example_branch_operator.py
[2023-06-17T03:42:07.541+0000] {logging_mixin.py:149} INFO - [2023-06-17T03:42:07.541+0000] {dag.py:2726} INFO - Sync 1 DAGs
[2023-06-17T03:42:07.575+0000] {logging_mixin.py:149} INFO - [2023-06-17T03:42:07.575+0000] {dag.py:3490} INFO - Setting next_dagrun for example_branch_operator to 2023-06-16T00:00:00+00:00, run_after=2023-06-17T00:00:00+00:00
[2023-06-17T03:42:07.604+0000] {processor.py:179} INFO - Processing /home/airflow/.local/lib/python3.7/site-packages/airflow/example_dags/example_branch_operator.py took 0.105 seconds
[2023-06-17T03:42:38.231+0000] {processor.py:157} INFO - Started process (PID=848) to work on /home/airflow/.local/lib/python3.7/site-packages/airflow/example_dags/example_branch_operator.py
[2023-06-17T03:42:38.278+0000] {processor.py:826} INFO - Processing file /home/airflow/.local/lib/python3.7/site-packages/airflow/example_dags/example_branch_operator.py for tasks to queue
[2023-06-17T03:42:38.278+0000] {logging_mixin.py:149} INFO - [2023-06-17T03:42:38.278+0000] {dagbag.py:541} INFO - Filling up the DagBag from /home/airflow/.local/lib/python3.7/site-packages/airflow/example_dags/example_branch_operator.py
[2023-06-17T03:42:38.286+0000] {processor.py:836} INFO - DAG(s) dict_keys(['example_branch_operator']) retrieved from /home/airflow/.local/lib/python3.7/site-packages/airflow/example_dags/example_branch_operator.py
[2023-06-17T03:42:38.316+0000] {logging_mixin.py:149} INFO - [2023-06-17T03:42:38.316+0000] {dag.py:2726} INFO - Sync 1 DAGs
[2023-06-17T03:42:38.345+0000] {logging_mixin.py:149} INFO - [2023-06-17T03:42:38.344+0000] {dag.py:3490} INFO - Setting next_dagrun for example_branch_operator to 2023-06-16T00:00:00+00:00, run_after=2023-06-17T00:00:00+00:00
[2023-06-17T03:42:38.369+0000] {processor.py:179} INFO - Processing /home/airflow/.local/lib/python3.7/site-packages/airflow/example_dags/example_branch_operator.py took 0.140 seconds
[2023-06-17T03:43:08.681+0000] {processor.py:157} INFO - Started process (PID=909) to work on /home/airflow/.local/lib/python3.7/site-packages/airflow/example_dags/example_branch_operator.py
[2023-06-17T03:43:08.694+0000] {processor.py:826} INFO - Processing file /home/airflow/.local/lib/python3.7/site-packages/airflow/example_dags/example_branch_operator.py for tasks to queue
[2023-06-17T03:43:08.695+0000] {logging_mixin.py:149} INFO - [2023-06-17T03:43:08.695+0000] {dagbag.py:541} INFO - Filling up the DagBag from /home/airflow/.local/lib/python3.7/site-packages/airflow/example_dags/example_branch_operator.py
[2023-06-17T03:43:08.703+0000] {processor.py:836} INFO - DAG(s) dict_keys(['example_branch_operator']) retrieved from /home/airflow/.local/lib/python3.7/site-packages/airflow/example_dags/example_branch_operator.py
[2023-06-17T03:43:08.728+0000] {logging_mixin.py:149} INFO - [2023-06-17T03:43:08.728+0000] {dag.py:2726} INFO - Sync 1 DAGs
[2023-06-17T03:43:08.757+0000] {logging_mixin.py:149} INFO - [2023-06-17T03:43:08.757+0000] {dag.py:3490} INFO - Setting next_dagrun for example_branch_operator to 2023-06-16T00:00:00+00:00, run_after=2023-06-17T00:00:00+00:00
[2023-06-17T03:43:08.782+0000] {processor.py:179} INFO - Processing /home/airflow/.local/lib/python3.7/site-packages/airflow/example_dags/example_branch_operator.py took 0.103 seconds
[2023-06-17T03:43:39.620+0000] {processor.py:157} INFO - Started process (PID=977) to work on /home/airflow/.local/lib/python3.7/site-packages/airflow/example_dags/example_branch_operator.py
[2023-06-17T03:43:39.629+0000] {processor.py:826} INFO - Processing file /home/airflow/.local/lib/python3.7/site-packages/airflow/example_dags/example_branch_operator.py for tasks to queue
[2023-06-17T03:43:39.629+0000] {logging_mixin.py:149} INFO - [2023-06-17T03:43:39.629+0000] {dagbag.py:541} INFO - Filling up the DagBag from /home/airflow/.local/lib/python3.7/site-packages/airflow/example_dags/example_branch_operator.py
[2023-06-17T03:43:39.638+0000] {processor.py:836} INFO - DAG(s) dict_keys(['example_branch_operator']) retrieved from /home/airflow/.local/lib/python3.7/site-packages/airflow/example_dags/example_branch_operator.py
[2023-06-17T03:43:39.662+0000] {logging_mixin.py:149} INFO - [2023-06-17T03:43:39.662+0000] {dag.py:2726} INFO - Sync 1 DAGs
[2023-06-17T03:43:39.691+0000] {logging_mixin.py:149} INFO - [2023-06-17T03:43:39.691+0000] {dag.py:3490} INFO - Setting next_dagrun for example_branch_operator to 2023-06-16T00:00:00+00:00, run_after=2023-06-17T00:00:00+00:00
[2023-06-17T03:43:39.718+0000] {processor.py:179} INFO - Processing /home/airflow/.local/lib/python3.7/site-packages/airflow/example_dags/example_branch_operator.py took 0.101 seconds
[2023-06-17T03:44:09.842+0000] {processor.py:157} INFO - Started process (PID=1038) to work on /home/airflow/.local/lib/python3.7/site-packages/airflow/example_dags/example_branch_operator.py
[2023-06-17T03:44:09.881+0000] {processor.py:826} INFO - Processing file /home/airflow/.local/lib/python3.7/site-packages/airflow/example_dags/example_branch_operator.py for tasks to queue
[2023-06-17T03:44:09.881+0000] {logging_mixin.py:149} INFO - [2023-06-17T03:44:09.881+0000] {dagbag.py:541} INFO - Filling up the DagBag from /home/airflow/.local/lib/python3.7/site-packages/airflow/example_dags/example_branch_operator.py
[2023-06-17T03:44:09.889+0000] {processor.py:836} INFO - DAG(s) dict_keys(['example_branch_operator']) retrieved from /home/airflow/.local/lib/python3.7/site-packages/airflow/example_dags/example_branch_operator.py
[2023-06-17T03:44:09.913+0000] {logging_mixin.py:149} INFO - [2023-06-17T03:44:09.913+0000] {dag.py:2726} INFO - Sync 1 DAGs
[2023-06-17T03:44:09.942+0000] {logging_mixin.py:149} INFO - [2023-06-17T03:44:09.941+0000] {dag.py:3490} INFO - Setting next_dagrun for example_branch_operator to 2023-06-16T00:00:00+00:00, run_after=2023-06-17T00:00:00+00:00
[2023-06-17T03:44:09.975+0000] {processor.py:179} INFO - Processing /home/airflow/.local/lib/python3.7/site-packages/airflow/example_dags/example_branch_operator.py took 0.135 seconds
[2023-06-17T03:44:40.552+0000] {processor.py:157} INFO - Started process (PID=1099) to work on /home/airflow/.local/lib/python3.7/site-packages/airflow/example_dags/example_branch_operator.py
[2023-06-17T03:44:40.630+0000] {processor.py:826} INFO - Processing file /home/airflow/.local/lib/python3.7/site-packages/airflow/example_dags/example_branch_operator.py for tasks to queue
[2023-06-17T03:44:40.631+0000] {logging_mixin.py:149} INFO - [2023-06-17T03:44:40.631+0000] {dagbag.py:541} INFO - Filling up the DagBag from /home/airflow/.local/lib/python3.7/site-packages/airflow/example_dags/example_branch_operator.py
[2023-06-17T03:44:40.640+0000] {processor.py:836} INFO - DAG(s) dict_keys(['example_branch_operator']) retrieved from /home/airflow/.local/lib/python3.7/site-packages/airflow/example_dags/example_branch_operator.py
[2023-06-17T03:44:40.663+0000] {logging_mixin.py:149} INFO - [2023-06-17T03:44:40.663+0000] {dag.py:2726} INFO - Sync 1 DAGs
[2023-06-17T03:44:40.693+0000] {logging_mixin.py:149} INFO - [2023-06-17T03:44:40.692+0000] {dag.py:3490} INFO - Setting next_dagrun for example_branch_operator to 2023-06-16T00:00:00+00:00, run_after=2023-06-17T00:00:00+00:00
[2023-06-17T03:44:40.719+0000] {processor.py:179} INFO - Processing /home/airflow/.local/lib/python3.7/site-packages/airflow/example_dags/example_branch_operator.py took 0.169 seconds
[2023-06-17T03:45:11.085+0000] {processor.py:157} INFO - Started process (PID=1160) to work on /home/airflow/.local/lib/python3.7/site-packages/airflow/example_dags/example_branch_operator.py
[2023-06-17T03:45:11.119+0000] {processor.py:826} INFO - Processing file /home/airflow/.local/lib/python3.7/site-packages/airflow/example_dags/example_branch_operator.py for tasks to queue
[2023-06-17T03:45:11.119+0000] {logging_mixin.py:149} INFO - [2023-06-17T03:45:11.119+0000] {dagbag.py:541} INFO - Filling up the DagBag from /home/airflow/.local/lib/python3.7/site-packages/airflow/example_dags/example_branch_operator.py
[2023-06-17T03:45:11.130+0000] {processor.py:836} INFO - DAG(s) dict_keys(['example_branch_operator']) retrieved from /home/airflow/.local/lib/python3.7/site-packages/airflow/example_dags/example_branch_operator.py
[2023-06-17T03:45:11.155+0000] {logging_mixin.py:149} INFO - [2023-06-17T03:45:11.155+0000] {dag.py:2726} INFO - Sync 1 DAGs
[2023-06-17T03:45:11.181+0000] {logging_mixin.py:149} INFO - [2023-06-17T03:45:11.181+0000] {dag.py:3490} INFO - Setting next_dagrun for example_branch_operator to 2023-06-16T00:00:00+00:00, run_after=2023-06-17T00:00:00+00:00
[2023-06-17T03:45:11.210+0000] {processor.py:179} INFO - Processing /home/airflow/.local/lib/python3.7/site-packages/airflow/example_dags/example_branch_operator.py took 0.128 seconds
[2023-06-17T03:45:41.837+0000] {processor.py:157} INFO - Started process (PID=1221) to work on /home/airflow/.local/lib/python3.7/site-packages/airflow/example_dags/example_branch_operator.py
[2023-06-17T03:45:41.867+0000] {processor.py:826} INFO - Processing file /home/airflow/.local/lib/python3.7/site-packages/airflow/example_dags/example_branch_operator.py for tasks to queue
[2023-06-17T03:45:41.869+0000] {logging_mixin.py:149} INFO - [2023-06-17T03:45:41.868+0000] {dagbag.py:541} INFO - Filling up the DagBag from /home/airflow/.local/lib/python3.7/site-packages/airflow/example_dags/example_branch_operator.py
[2023-06-17T03:45:41.892+0000] {processor.py:836} INFO - DAG(s) dict_keys(['example_branch_operator']) retrieved from /home/airflow/.local/lib/python3.7/site-packages/airflow/example_dags/example_branch_operator.py
[2023-06-17T03:45:41.942+0000] {logging_mixin.py:149} INFO - [2023-06-17T03:45:41.941+0000] {dag.py:2726} INFO - Sync 1 DAGs
[2023-06-17T03:45:41.972+0000] {logging_mixin.py:149} INFO - [2023-06-17T03:45:41.971+0000] {dag.py:3490} INFO - Setting next_dagrun for example_branch_operator to 2023-06-16T00:00:00+00:00, run_after=2023-06-17T00:00:00+00:00
[2023-06-17T03:45:42.271+0000] {processor.py:179} INFO - Processing /home/airflow/.local/lib/python3.7/site-packages/airflow/example_dags/example_branch_operator.py took 0.436 seconds
[2023-06-17T03:46:12.558+0000] {processor.py:157} INFO - Started process (PID=1282) to work on /home/airflow/.local/lib/python3.7/site-packages/airflow/example_dags/example_branch_operator.py
[2023-06-17T03:46:12.572+0000] {processor.py:826} INFO - Processing file /home/airflow/.local/lib/python3.7/site-packages/airflow/example_dags/example_branch_operator.py for tasks to queue
[2023-06-17T03:46:12.572+0000] {logging_mixin.py:149} INFO - [2023-06-17T03:46:12.572+0000] {dagbag.py:541} INFO - Filling up the DagBag from /home/airflow/.local/lib/python3.7/site-packages/airflow/example_dags/example_branch_operator.py
[2023-06-17T03:46:12.581+0000] {processor.py:836} INFO - DAG(s) dict_keys(['example_branch_operator']) retrieved from /home/airflow/.local/lib/python3.7/site-packages/airflow/example_dags/example_branch_operator.py
[2023-06-17T03:46:12.604+0000] {logging_mixin.py:149} INFO - [2023-06-17T03:46:12.604+0000] {dag.py:2726} INFO - Sync 1 DAGs
[2023-06-17T03:46:12.631+0000] {logging_mixin.py:149} INFO - [2023-06-17T03:46:12.631+0000] {dag.py:3490} INFO - Setting next_dagrun for example_branch_operator to 2023-06-16T00:00:00+00:00, run_after=2023-06-17T00:00:00+00:00
[2023-06-17T03:46:12.661+0000] {processor.py:179} INFO - Processing /home/airflow/.local/lib/python3.7/site-packages/airflow/example_dags/example_branch_operator.py took 0.106 seconds
[2023-06-17T03:46:43.442+0000] {processor.py:157} INFO - Started process (PID=1343) to work on /home/airflow/.local/lib/python3.7/site-packages/airflow/example_dags/example_branch_operator.py
[2023-06-17T03:46:43.498+0000] {processor.py:826} INFO - Processing file /home/airflow/.local/lib/python3.7/site-packages/airflow/example_dags/example_branch_operator.py for tasks to queue
[2023-06-17T03:46:43.499+0000] {logging_mixin.py:149} INFO - [2023-06-17T03:46:43.498+0000] {dagbag.py:541} INFO - Filling up the DagBag from /home/airflow/.local/lib/python3.7/site-packages/airflow/example_dags/example_branch_operator.py
[2023-06-17T03:46:43.507+0000] {processor.py:836} INFO - DAG(s) dict_keys(['example_branch_operator']) retrieved from /home/airflow/.local/lib/python3.7/site-packages/airflow/example_dags/example_branch_operator.py
[2023-06-17T03:46:43.531+0000] {logging_mixin.py:149} INFO - [2023-06-17T03:46:43.531+0000] {dag.py:2726} INFO - Sync 1 DAGs
[2023-06-17T03:46:43.559+0000] {logging_mixin.py:149} INFO - [2023-06-17T03:46:43.559+0000] {dag.py:3490} INFO - Setting next_dagrun for example_branch_operator to 2023-06-16T00:00:00+00:00, run_after=2023-06-17T00:00:00+00:00
[2023-06-17T03:46:43.581+0000] {processor.py:179} INFO - Processing /home/airflow/.local/lib/python3.7/site-packages/airflow/example_dags/example_branch_operator.py took 0.141 seconds
[2023-06-17T03:47:14.062+0000] {processor.py:157} INFO - Started process (PID=1404) to work on /home/airflow/.local/lib/python3.7/site-packages/airflow/example_dags/example_branch_operator.py
[2023-06-17T03:47:14.125+0000] {processor.py:826} INFO - Processing file /home/airflow/.local/lib/python3.7/site-packages/airflow/example_dags/example_branch_operator.py for tasks to queue
[2023-06-17T03:47:14.126+0000] {logging_mixin.py:149} INFO - [2023-06-17T03:47:14.126+0000] {dagbag.py:541} INFO - Filling up the DagBag from /home/airflow/.local/lib/python3.7/site-packages/airflow/example_dags/example_branch_operator.py
[2023-06-17T03:47:14.134+0000] {processor.py:836} INFO - DAG(s) dict_keys(['example_branch_operator']) retrieved from /home/airflow/.local/lib/python3.7/site-packages/airflow/example_dags/example_branch_operator.py
[2023-06-17T03:47:14.158+0000] {logging_mixin.py:149} INFO - [2023-06-17T03:47:14.158+0000] {dag.py:2726} INFO - Sync 1 DAGs
[2023-06-17T03:47:14.192+0000] {logging_mixin.py:149} INFO - [2023-06-17T03:47:14.192+0000] {dag.py:3490} INFO - Setting next_dagrun for example_branch_operator to 2023-06-16T00:00:00+00:00, run_after=2023-06-17T00:00:00+00:00
[2023-06-17T03:47:14.227+0000] {processor.py:179} INFO - Processing /home/airflow/.local/lib/python3.7/site-packages/airflow/example_dags/example_branch_operator.py took 0.167 seconds
[2023-06-17T03:47:44.952+0000] {processor.py:157} INFO - Started process (PID=1465) to work on /home/airflow/.local/lib/python3.7/site-packages/airflow/example_dags/example_branch_operator.py
[2023-06-17T03:47:45.059+0000] {processor.py:826} INFO - Processing file /home/airflow/.local/lib/python3.7/site-packages/airflow/example_dags/example_branch_operator.py for tasks to queue
[2023-06-17T03:47:45.059+0000] {logging_mixin.py:149} INFO - [2023-06-17T03:47:45.059+0000] {dagbag.py:541} INFO - Filling up the DagBag from /home/airflow/.local/lib/python3.7/site-packages/airflow/example_dags/example_branch_operator.py
[2023-06-17T03:47:45.067+0000] {processor.py:836} INFO - DAG(s) dict_keys(['example_branch_operator']) retrieved from /home/airflow/.local/lib/python3.7/site-packages/airflow/example_dags/example_branch_operator.py
[2023-06-17T03:47:45.091+0000] {logging_mixin.py:149} INFO - [2023-06-17T03:47:45.091+0000] {dag.py:2726} INFO - Sync 1 DAGs
[2023-06-17T03:47:45.119+0000] {logging_mixin.py:149} INFO - [2023-06-17T03:47:45.119+0000] {dag.py:3490} INFO - Setting next_dagrun for example_branch_operator to 2023-06-16T00:00:00+00:00, run_after=2023-06-17T00:00:00+00:00
[2023-06-17T03:47:45.149+0000] {processor.py:179} INFO - Processing /home/airflow/.local/lib/python3.7/site-packages/airflow/example_dags/example_branch_operator.py took 0.199 seconds
[2023-06-17T03:48:15.456+0000] {processor.py:157} INFO - Started process (PID=1526) to work on /home/airflow/.local/lib/python3.7/site-packages/airflow/example_dags/example_branch_operator.py
[2023-06-17T03:48:15.490+0000] {processor.py:826} INFO - Processing file /home/airflow/.local/lib/python3.7/site-packages/airflow/example_dags/example_branch_operator.py for tasks to queue
[2023-06-17T03:48:15.491+0000] {logging_mixin.py:149} INFO - [2023-06-17T03:48:15.490+0000] {dagbag.py:541} INFO - Filling up the DagBag from /home/airflow/.local/lib/python3.7/site-packages/airflow/example_dags/example_branch_operator.py
[2023-06-17T03:48:15.500+0000] {processor.py:836} INFO - DAG(s) dict_keys(['example_branch_operator']) retrieved from /home/airflow/.local/lib/python3.7/site-packages/airflow/example_dags/example_branch_operator.py
[2023-06-17T03:48:15.533+0000] {logging_mixin.py:149} INFO - [2023-06-17T03:48:15.532+0000] {dag.py:2726} INFO - Sync 1 DAGs
[2023-06-17T03:48:15.564+0000] {logging_mixin.py:149} INFO - [2023-06-17T03:48:15.564+0000] {dag.py:3490} INFO - Setting next_dagrun for example_branch_operator to 2023-06-16T00:00:00+00:00, run_after=2023-06-17T00:00:00+00:00
[2023-06-17T03:48:15.631+0000] {processor.py:179} INFO - Processing /home/airflow/.local/lib/python3.7/site-packages/airflow/example_dags/example_branch_operator.py took 0.187 seconds
[2023-06-17T03:48:46.218+0000] {processor.py:157} INFO - Started process (PID=1587) to work on /home/airflow/.local/lib/python3.7/site-packages/airflow/example_dags/example_branch_operator.py
[2023-06-17T03:48:46.360+0000] {processor.py:826} INFO - Processing file /home/airflow/.local/lib/python3.7/site-packages/airflow/example_dags/example_branch_operator.py for tasks to queue
[2023-06-17T03:48:46.360+0000] {logging_mixin.py:149} INFO - [2023-06-17T03:48:46.360+0000] {dagbag.py:541} INFO - Filling up the DagBag from /home/airflow/.local/lib/python3.7/site-packages/airflow/example_dags/example_branch_operator.py
[2023-06-17T03:48:46.369+0000] {processor.py:836} INFO - DAG(s) dict_keys(['example_branch_operator']) retrieved from /home/airflow/.local/lib/python3.7/site-packages/airflow/example_dags/example_branch_operator.py
[2023-06-17T03:48:46.393+0000] {logging_mixin.py:149} INFO - [2023-06-17T03:48:46.393+0000] {dag.py:2726} INFO - Sync 1 DAGs
[2023-06-17T03:48:46.422+0000] {logging_mixin.py:149} INFO - [2023-06-17T03:48:46.421+0000] {dag.py:3490} INFO - Setting next_dagrun for example_branch_operator to 2023-06-16T00:00:00+00:00, run_after=2023-06-17T00:00:00+00:00
[2023-06-17T03:48:46.444+0000] {processor.py:179} INFO - Processing /home/airflow/.local/lib/python3.7/site-packages/airflow/example_dags/example_branch_operator.py took 0.228 seconds
[2023-06-17T03:49:16.556+0000] {processor.py:157} INFO - Started process (PID=1649) to work on /home/airflow/.local/lib/python3.7/site-packages/airflow/example_dags/example_branch_operator.py
[2023-06-17T03:49:16.601+0000] {processor.py:826} INFO - Processing file /home/airflow/.local/lib/python3.7/site-packages/airflow/example_dags/example_branch_operator.py for tasks to queue
[2023-06-17T03:49:16.603+0000] {logging_mixin.py:149} INFO - [2023-06-17T03:49:16.602+0000] {dagbag.py:541} INFO - Filling up the DagBag from /home/airflow/.local/lib/python3.7/site-packages/airflow/example_dags/example_branch_operator.py
[2023-06-17T03:49:16.630+0000] {processor.py:836} INFO - DAG(s) dict_keys(['example_branch_operator']) retrieved from /home/airflow/.local/lib/python3.7/site-packages/airflow/example_dags/example_branch_operator.py
[2023-06-17T03:49:16.661+0000] {logging_mixin.py:149} INFO - [2023-06-17T03:49:16.661+0000] {dag.py:2726} INFO - Sync 1 DAGs
[2023-06-17T03:49:16.688+0000] {logging_mixin.py:149} INFO - [2023-06-17T03:49:16.687+0000] {dag.py:3490} INFO - Setting next_dagrun for example_branch_operator to 2023-06-16T00:00:00+00:00, run_after=2023-06-17T00:00:00+00:00
[2023-06-17T03:49:16.805+0000] {processor.py:179} INFO - Processing /home/airflow/.local/lib/python3.7/site-packages/airflow/example_dags/example_branch_operator.py took 0.252 seconds
[2023-06-17T03:49:47.496+0000] {processor.py:157} INFO - Started process (PID=1710) to work on /home/airflow/.local/lib/python3.7/site-packages/airflow/example_dags/example_branch_operator.py
[2023-06-17T03:49:47.559+0000] {processor.py:826} INFO - Processing file /home/airflow/.local/lib/python3.7/site-packages/airflow/example_dags/example_branch_operator.py for tasks to queue
[2023-06-17T03:49:47.560+0000] {logging_mixin.py:149} INFO - [2023-06-17T03:49:47.560+0000] {dagbag.py:541} INFO - Filling up the DagBag from /home/airflow/.local/lib/python3.7/site-packages/airflow/example_dags/example_branch_operator.py
[2023-06-17T03:49:47.568+0000] {processor.py:836} INFO - DAG(s) dict_keys(['example_branch_operator']) retrieved from /home/airflow/.local/lib/python3.7/site-packages/airflow/example_dags/example_branch_operator.py
[2023-06-17T03:49:47.592+0000] {logging_mixin.py:149} INFO - [2023-06-17T03:49:47.592+0000] {dag.py:2726} INFO - Sync 1 DAGs
[2023-06-17T03:49:47.619+0000] {logging_mixin.py:149} INFO - [2023-06-17T03:49:47.618+0000] {dag.py:3490} INFO - Setting next_dagrun for example_branch_operator to 2023-06-16T00:00:00+00:00, run_after=2023-06-17T00:00:00+00:00
[2023-06-17T03:49:47.673+0000] {processor.py:179} INFO - Processing /home/airflow/.local/lib/python3.7/site-packages/airflow/example_dags/example_branch_operator.py took 0.179 seconds
