[2023-06-17T02:16:48.329+0000] {processor.py:157} INFO - Started process (PID=72) to work on /home/airflow/.local/lib/python3.7/site-packages/airflow/example_dags/example_branch_python_dop_operator_3.py
[2023-06-17T02:16:48.330+0000] {processor.py:826} INFO - Processing file /home/airflow/.local/lib/python3.7/site-packages/airflow/example_dags/example_branch_python_dop_operator_3.py for tasks to queue
[2023-06-17T02:16:48.331+0000] {logging_mixin.py:149} INFO - [2023-06-17T02:16:48.331+0000] {dagbag.py:541} INFO - Filling up the DagBag from /home/airflow/.local/lib/python3.7/site-packages/airflow/example_dags/example_branch_python_dop_operator_3.py
[2023-06-17T02:16:48.347+0000] {processor.py:836} INFO - DAG(s) dict_keys(['example_branch_dop_operator_v3']) retrieved from /home/airflow/.local/lib/python3.7/site-packages/airflow/example_dags/example_branch_python_dop_operator_3.py
[2023-06-17T02:16:48.385+0000] {logging_mixin.py:149} INFO - [2023-06-17T02:16:48.385+0000] {dag.py:2726} INFO - Sync 1 DAGs
[2023-06-17T02:16:48.448+0000] {logging_mixin.py:149} INFO - [2023-06-17T02:16:48.447+0000] {dag.py:3490} INFO - Setting next_dagrun for example_branch_dop_operator_v3 to 2023-06-17T02:15:00+00:00, run_after=2023-06-17T02:16:00+00:00
[2023-06-17T02:16:48.537+0000] {processor.py:179} INFO - Processing /home/airflow/.local/lib/python3.7/site-packages/airflow/example_dags/example_branch_python_dop_operator_3.py took 0.212 seconds
[2023-06-17T02:18:13.238+0000] {processor.py:157} INFO - Started process (PID=140) to work on /home/airflow/.local/lib/python3.7/site-packages/airflow/example_dags/example_branch_python_dop_operator_3.py
[2023-06-17T02:18:13.332+0000] {processor.py:826} INFO - Processing file /home/airflow/.local/lib/python3.7/site-packages/airflow/example_dags/example_branch_python_dop_operator_3.py for tasks to queue
[2023-06-17T02:18:13.334+0000] {logging_mixin.py:149} INFO - [2023-06-17T02:18:13.334+0000] {dagbag.py:541} INFO - Filling up the DagBag from /home/airflow/.local/lib/python3.7/site-packages/airflow/example_dags/example_branch_python_dop_operator_3.py
[2023-06-17T02:18:13.505+0000] {processor.py:836} INFO - DAG(s) dict_keys(['example_branch_dop_operator_v3']) retrieved from /home/airflow/.local/lib/python3.7/site-packages/airflow/example_dags/example_branch_python_dop_operator_3.py
[2023-06-17T02:18:13.539+0000] {logging_mixin.py:149} INFO - [2023-06-17T02:18:13.538+0000] {dag.py:2726} INFO - Sync 1 DAGs
[2023-06-17T02:18:13.575+0000] {logging_mixin.py:149} INFO - [2023-06-17T02:18:13.575+0000] {dag.py:3490} INFO - Setting next_dagrun for example_branch_dop_operator_v3 to 2023-06-17T02:17:00+00:00, run_after=2023-06-17T02:18:00+00:00
[2023-06-17T02:18:13.812+0000] {processor.py:179} INFO - Processing /home/airflow/.local/lib/python3.7/site-packages/airflow/example_dags/example_branch_python_dop_operator_3.py took 0.578 seconds
[2023-06-17T02:18:44.404+0000] {processor.py:157} INFO - Started process (PID=201) to work on /home/airflow/.local/lib/python3.7/site-packages/airflow/example_dags/example_branch_python_dop_operator_3.py
[2023-06-17T02:18:44.405+0000] {processor.py:826} INFO - Processing file /home/airflow/.local/lib/python3.7/site-packages/airflow/example_dags/example_branch_python_dop_operator_3.py for tasks to queue
[2023-06-17T02:18:44.405+0000] {logging_mixin.py:149} INFO - [2023-06-17T02:18:44.405+0000] {dagbag.py:541} INFO - Filling up the DagBag from /home/airflow/.local/lib/python3.7/site-packages/airflow/example_dags/example_branch_python_dop_operator_3.py
[2023-06-17T02:18:44.414+0000] {processor.py:836} INFO - DAG(s) dict_keys(['example_branch_dop_operator_v3']) retrieved from /home/airflow/.local/lib/python3.7/site-packages/airflow/example_dags/example_branch_python_dop_operator_3.py
[2023-06-17T02:18:44.435+0000] {logging_mixin.py:149} INFO - [2023-06-17T02:18:44.435+0000] {dag.py:2726} INFO - Sync 1 DAGs
[2023-06-17T02:18:44.468+0000] {logging_mixin.py:149} INFO - [2023-06-17T02:18:44.468+0000] {dag.py:3490} INFO - Setting next_dagrun for example_branch_dop_operator_v3 to 2023-06-17T02:17:00+00:00, run_after=2023-06-17T02:18:00+00:00
[2023-06-17T02:18:44.630+0000] {processor.py:179} INFO - Processing /home/airflow/.local/lib/python3.7/site-packages/airflow/example_dags/example_branch_python_dop_operator_3.py took 0.228 seconds
[2023-06-17T02:19:17.241+0000] {processor.py:157} INFO - Started process (PID=253) to work on /home/airflow/.local/lib/python3.7/site-packages/airflow/example_dags/example_branch_python_dop_operator_3.py
[2023-06-17T02:19:17.322+0000] {processor.py:826} INFO - Processing file /home/airflow/.local/lib/python3.7/site-packages/airflow/example_dags/example_branch_python_dop_operator_3.py for tasks to queue
[2023-06-17T02:19:17.322+0000] {logging_mixin.py:149} INFO - [2023-06-17T02:19:17.322+0000] {dagbag.py:541} INFO - Filling up the DagBag from /home/airflow/.local/lib/python3.7/site-packages/airflow/example_dags/example_branch_python_dop_operator_3.py
[2023-06-17T02:19:17.351+0000] {processor.py:836} INFO - DAG(s) dict_keys(['example_branch_dop_operator_v3']) retrieved from /home/airflow/.local/lib/python3.7/site-packages/airflow/example_dags/example_branch_python_dop_operator_3.py
[2023-06-17T02:19:17.373+0000] {logging_mixin.py:149} INFO - [2023-06-17T02:19:17.373+0000] {dag.py:2726} INFO - Sync 1 DAGs
[2023-06-17T02:19:17.404+0000] {logging_mixin.py:149} INFO - [2023-06-17T02:19:17.404+0000] {dag.py:3490} INFO - Setting next_dagrun for example_branch_dop_operator_v3 to 2023-06-17T02:18:00+00:00, run_after=2023-06-17T02:19:00+00:00
[2023-06-17T02:19:17.521+0000] {processor.py:179} INFO - Processing /home/airflow/.local/lib/python3.7/site-packages/airflow/example_dags/example_branch_python_dop_operator_3.py took 0.282 seconds
[2023-06-17T02:19:48.121+0000] {processor.py:157} INFO - Started process (PID=313) to work on /home/airflow/.local/lib/python3.7/site-packages/airflow/example_dags/example_branch_python_dop_operator_3.py
[2023-06-17T02:19:48.276+0000] {processor.py:826} INFO - Processing file /home/airflow/.local/lib/python3.7/site-packages/airflow/example_dags/example_branch_python_dop_operator_3.py for tasks to queue
[2023-06-17T02:19:48.279+0000] {logging_mixin.py:149} INFO - [2023-06-17T02:19:48.279+0000] {dagbag.py:541} INFO - Filling up the DagBag from /home/airflow/.local/lib/python3.7/site-packages/airflow/example_dags/example_branch_python_dop_operator_3.py
[2023-06-17T02:19:48.310+0000] {processor.py:836} INFO - DAG(s) dict_keys(['example_branch_dop_operator_v3']) retrieved from /home/airflow/.local/lib/python3.7/site-packages/airflow/example_dags/example_branch_python_dop_operator_3.py
[2023-06-17T02:19:48.342+0000] {logging_mixin.py:149} INFO - [2023-06-17T02:19:48.342+0000] {dag.py:2726} INFO - Sync 1 DAGs
[2023-06-17T02:19:48.373+0000] {logging_mixin.py:149} INFO - [2023-06-17T02:19:48.372+0000] {dag.py:3490} INFO - Setting next_dagrun for example_branch_dop_operator_v3 to 2023-06-17T02:18:00+00:00, run_after=2023-06-17T02:19:00+00:00
[2023-06-17T02:19:48.622+0000] {processor.py:179} INFO - Processing /home/airflow/.local/lib/python3.7/site-packages/airflow/example_dags/example_branch_python_dop_operator_3.py took 0.503 seconds
[2023-06-17T02:20:19.810+0000] {processor.py:157} INFO - Started process (PID=374) to work on /home/airflow/.local/lib/python3.7/site-packages/airflow/example_dags/example_branch_python_dop_operator_3.py
[2023-06-17T02:20:19.869+0000] {processor.py:826} INFO - Processing file /home/airflow/.local/lib/python3.7/site-packages/airflow/example_dags/example_branch_python_dop_operator_3.py for tasks to queue
[2023-06-17T02:20:19.870+0000] {logging_mixin.py:149} INFO - [2023-06-17T02:20:19.870+0000] {dagbag.py:541} INFO - Filling up the DagBag from /home/airflow/.local/lib/python3.7/site-packages/airflow/example_dags/example_branch_python_dop_operator_3.py
[2023-06-17T02:20:19.879+0000] {processor.py:836} INFO - DAG(s) dict_keys(['example_branch_dop_operator_v3']) retrieved from /home/airflow/.local/lib/python3.7/site-packages/airflow/example_dags/example_branch_python_dop_operator_3.py
[2023-06-17T02:20:19.904+0000] {logging_mixin.py:149} INFO - [2023-06-17T02:20:19.903+0000] {dag.py:2726} INFO - Sync 1 DAGs
[2023-06-17T02:20:19.945+0000] {logging_mixin.py:149} INFO - [2023-06-17T02:20:19.945+0000] {dag.py:3490} INFO - Setting next_dagrun for example_branch_dop_operator_v3 to 2023-06-17T02:19:00+00:00, run_after=2023-06-17T02:20:00+00:00
[2023-06-17T02:20:20.118+0000] {processor.py:179} INFO - Processing /home/airflow/.local/lib/python3.7/site-packages/airflow/example_dags/example_branch_python_dop_operator_3.py took 0.311 seconds
[2023-06-17T02:20:54.008+0000] {processor.py:157} INFO - Started process (PID=434) to work on /home/airflow/.local/lib/python3.7/site-packages/airflow/example_dags/example_branch_python_dop_operator_3.py
[2023-06-17T02:20:54.102+0000] {processor.py:826} INFO - Processing file /home/airflow/.local/lib/python3.7/site-packages/airflow/example_dags/example_branch_python_dop_operator_3.py for tasks to queue
[2023-06-17T02:20:54.105+0000] {logging_mixin.py:149} INFO - [2023-06-17T02:20:54.104+0000] {dagbag.py:541} INFO - Filling up the DagBag from /home/airflow/.local/lib/python3.7/site-packages/airflow/example_dags/example_branch_python_dop_operator_3.py
[2023-06-17T02:20:54.138+0000] {processor.py:836} INFO - DAG(s) dict_keys(['example_branch_dop_operator_v3']) retrieved from /home/airflow/.local/lib/python3.7/site-packages/airflow/example_dags/example_branch_python_dop_operator_3.py
[2023-06-17T02:20:54.166+0000] {logging_mixin.py:149} INFO - [2023-06-17T02:20:54.166+0000] {dag.py:2726} INFO - Sync 1 DAGs
[2023-06-17T02:20:54.198+0000] {logging_mixin.py:149} INFO - [2023-06-17T02:20:54.198+0000] {dag.py:3490} INFO - Setting next_dagrun for example_branch_dop_operator_v3 to 2023-06-17T02:19:00+00:00, run_after=2023-06-17T02:20:00+00:00
[2023-06-17T02:20:54.520+0000] {processor.py:179} INFO - Processing /home/airflow/.local/lib/python3.7/site-packages/airflow/example_dags/example_branch_python_dop_operator_3.py took 0.514 seconds
[2023-06-17T02:21:25.092+0000] {processor.py:157} INFO - Started process (PID=487) to work on /home/airflow/.local/lib/python3.7/site-packages/airflow/example_dags/example_branch_python_dop_operator_3.py
[2023-06-17T02:21:25.115+0000] {processor.py:826} INFO - Processing file /home/airflow/.local/lib/python3.7/site-packages/airflow/example_dags/example_branch_python_dop_operator_3.py for tasks to queue
[2023-06-17T02:21:25.116+0000] {logging_mixin.py:149} INFO - [2023-06-17T02:21:25.115+0000] {dagbag.py:541} INFO - Filling up the DagBag from /home/airflow/.local/lib/python3.7/site-packages/airflow/example_dags/example_branch_python_dop_operator_3.py
[2023-06-17T02:21:25.123+0000] {processor.py:836} INFO - DAG(s) dict_keys(['example_branch_dop_operator_v3']) retrieved from /home/airflow/.local/lib/python3.7/site-packages/airflow/example_dags/example_branch_python_dop_operator_3.py
[2023-06-17T02:21:25.149+0000] {logging_mixin.py:149} INFO - [2023-06-17T02:21:25.149+0000] {dag.py:2726} INFO - Sync 1 DAGs
[2023-06-17T02:21:25.189+0000] {logging_mixin.py:149} INFO - [2023-06-17T02:21:25.189+0000] {dag.py:3490} INFO - Setting next_dagrun for example_branch_dop_operator_v3 to 2023-06-17T02:20:00+00:00, run_after=2023-06-17T02:21:00+00:00
[2023-06-17T02:21:25.231+0000] {processor.py:179} INFO - Processing /home/airflow/.local/lib/python3.7/site-packages/airflow/example_dags/example_branch_python_dop_operator_3.py took 0.142 seconds
[2023-06-17T02:21:56.067+0000] {processor.py:157} INFO - Started process (PID=548) to work on /home/airflow/.local/lib/python3.7/site-packages/airflow/example_dags/example_branch_python_dop_operator_3.py
[2023-06-17T02:21:56.093+0000] {processor.py:826} INFO - Processing file /home/airflow/.local/lib/python3.7/site-packages/airflow/example_dags/example_branch_python_dop_operator_3.py for tasks to queue
[2023-06-17T02:21:56.094+0000] {logging_mixin.py:149} INFO - [2023-06-17T02:21:56.093+0000] {dagbag.py:541} INFO - Filling up the DagBag from /home/airflow/.local/lib/python3.7/site-packages/airflow/example_dags/example_branch_python_dop_operator_3.py
[2023-06-17T02:21:56.100+0000] {processor.py:836} INFO - DAG(s) dict_keys(['example_branch_dop_operator_v3']) retrieved from /home/airflow/.local/lib/python3.7/site-packages/airflow/example_dags/example_branch_python_dop_operator_3.py
[2023-06-17T02:21:56.122+0000] {logging_mixin.py:149} INFO - [2023-06-17T02:21:56.121+0000] {dag.py:2726} INFO - Sync 1 DAGs
[2023-06-17T02:21:56.154+0000] {logging_mixin.py:149} INFO - [2023-06-17T02:21:56.154+0000] {dag.py:3490} INFO - Setting next_dagrun for example_branch_dop_operator_v3 to 2023-06-17T02:20:00+00:00, run_after=2023-06-17T02:21:00+00:00
[2023-06-17T02:21:56.326+0000] {processor.py:179} INFO - Processing /home/airflow/.local/lib/python3.7/site-packages/airflow/example_dags/example_branch_python_dop_operator_3.py took 0.262 seconds
[2023-06-17T02:22:27.130+0000] {processor.py:157} INFO - Started process (PID=600) to work on /home/airflow/.local/lib/python3.7/site-packages/airflow/example_dags/example_branch_python_dop_operator_3.py
[2023-06-17T02:22:27.198+0000] {processor.py:826} INFO - Processing file /home/airflow/.local/lib/python3.7/site-packages/airflow/example_dags/example_branch_python_dop_operator_3.py for tasks to queue
[2023-06-17T02:22:27.199+0000] {logging_mixin.py:149} INFO - [2023-06-17T02:22:27.199+0000] {dagbag.py:541} INFO - Filling up the DagBag from /home/airflow/.local/lib/python3.7/site-packages/airflow/example_dags/example_branch_python_dop_operator_3.py
[2023-06-17T02:22:27.210+0000] {processor.py:836} INFO - DAG(s) dict_keys(['example_branch_dop_operator_v3']) retrieved from /home/airflow/.local/lib/python3.7/site-packages/airflow/example_dags/example_branch_python_dop_operator_3.py
[2023-06-17T02:22:27.238+0000] {logging_mixin.py:149} INFO - [2023-06-17T02:22:27.238+0000] {dag.py:2726} INFO - Sync 1 DAGs
[2023-06-17T02:22:27.284+0000] {logging_mixin.py:149} INFO - [2023-06-17T02:22:27.283+0000] {dag.py:3490} INFO - Setting next_dagrun for example_branch_dop_operator_v3 to 2023-06-17T02:21:00+00:00, run_after=2023-06-17T02:22:00+00:00
[2023-06-17T02:22:27.503+0000] {processor.py:179} INFO - Processing /home/airflow/.local/lib/python3.7/site-packages/airflow/example_dags/example_branch_python_dop_operator_3.py took 0.377 seconds
[2023-06-17T02:23:19.781+0000] {processor.py:157} INFO - Started process (PID=680) to work on /home/airflow/.local/lib/python3.7/site-packages/airflow/example_dags/example_branch_python_dop_operator_3.py
[2023-06-17T02:23:19.863+0000] {processor.py:826} INFO - Processing file /home/airflow/.local/lib/python3.7/site-packages/airflow/example_dags/example_branch_python_dop_operator_3.py for tasks to queue
[2023-06-17T02:23:19.863+0000] {logging_mixin.py:149} INFO - [2023-06-17T02:23:19.863+0000] {dagbag.py:541} INFO - Filling up the DagBag from /home/airflow/.local/lib/python3.7/site-packages/airflow/example_dags/example_branch_python_dop_operator_3.py
[2023-06-17T02:23:19.870+0000] {processor.py:836} INFO - DAG(s) dict_keys(['example_branch_dop_operator_v3']) retrieved from /home/airflow/.local/lib/python3.7/site-packages/airflow/example_dags/example_branch_python_dop_operator_3.py
[2023-06-17T02:23:19.891+0000] {logging_mixin.py:149} INFO - [2023-06-17T02:23:19.891+0000] {dag.py:2726} INFO - Sync 1 DAGs
[2023-06-17T02:23:19.921+0000] {logging_mixin.py:149} INFO - [2023-06-17T02:23:19.921+0000] {dag.py:3490} INFO - Setting next_dagrun for example_branch_dop_operator_v3 to 2023-06-17T02:22:00+00:00, run_after=2023-06-17T02:23:00+00:00
[2023-06-17T02:23:20.221+0000] {processor.py:179} INFO - Processing /home/airflow/.local/lib/python3.7/site-packages/airflow/example_dags/example_branch_python_dop_operator_3.py took 0.442 seconds
[2023-06-17T02:23:50.988+0000] {processor.py:157} INFO - Started process (PID=741) to work on /home/airflow/.local/lib/python3.7/site-packages/airflow/example_dags/example_branch_python_dop_operator_3.py
[2023-06-17T02:23:50.988+0000] {processor.py:826} INFO - Processing file /home/airflow/.local/lib/python3.7/site-packages/airflow/example_dags/example_branch_python_dop_operator_3.py for tasks to queue
[2023-06-17T02:23:50.989+0000] {logging_mixin.py:149} INFO - [2023-06-17T02:23:50.989+0000] {dagbag.py:541} INFO - Filling up the DagBag from /home/airflow/.local/lib/python3.7/site-packages/airflow/example_dags/example_branch_python_dop_operator_3.py
[2023-06-17T02:23:50.996+0000] {processor.py:836} INFO - DAG(s) dict_keys(['example_branch_dop_operator_v3']) retrieved from /home/airflow/.local/lib/python3.7/site-packages/airflow/example_dags/example_branch_python_dop_operator_3.py
[2023-06-17T02:23:51.034+0000] {logging_mixin.py:149} INFO - [2023-06-17T02:23:51.034+0000] {dag.py:2726} INFO - Sync 1 DAGs
[2023-06-17T02:23:51.085+0000] {logging_mixin.py:149} INFO - [2023-06-17T02:23:51.084+0000] {dag.py:3490} INFO - Setting next_dagrun for example_branch_dop_operator_v3 to 2023-06-17T02:22:00+00:00, run_after=2023-06-17T02:23:00+00:00
[2023-06-17T02:23:51.391+0000] {processor.py:179} INFO - Processing /home/airflow/.local/lib/python3.7/site-packages/airflow/example_dags/example_branch_python_dop_operator_3.py took 0.405 seconds
[2023-06-17T02:24:21.977+0000] {processor.py:157} INFO - Started process (PID=802) to work on /home/airflow/.local/lib/python3.7/site-packages/airflow/example_dags/example_branch_python_dop_operator_3.py
[2023-06-17T02:24:22.020+0000] {processor.py:826} INFO - Processing file /home/airflow/.local/lib/python3.7/site-packages/airflow/example_dags/example_branch_python_dop_operator_3.py for tasks to queue
[2023-06-17T02:24:22.020+0000] {logging_mixin.py:149} INFO - [2023-06-17T02:24:22.020+0000] {dagbag.py:541} INFO - Filling up the DagBag from /home/airflow/.local/lib/python3.7/site-packages/airflow/example_dags/example_branch_python_dop_operator_3.py
[2023-06-17T02:24:22.031+0000] {processor.py:836} INFO - DAG(s) dict_keys(['example_branch_dop_operator_v3']) retrieved from /home/airflow/.local/lib/python3.7/site-packages/airflow/example_dags/example_branch_python_dop_operator_3.py
[2023-06-17T02:24:22.062+0000] {logging_mixin.py:149} INFO - [2023-06-17T02:24:22.062+0000] {dag.py:2726} INFO - Sync 1 DAGs
[2023-06-17T02:24:22.106+0000] {logging_mixin.py:149} INFO - [2023-06-17T02:24:22.106+0000] {dag.py:3490} INFO - Setting next_dagrun for example_branch_dop_operator_v3 to 2023-06-17T02:23:00+00:00, run_after=2023-06-17T02:24:00+00:00
[2023-06-17T02:24:22.142+0000] {processor.py:179} INFO - Processing /home/airflow/.local/lib/python3.7/site-packages/airflow/example_dags/example_branch_python_dop_operator_3.py took 0.168 seconds
[2023-06-17T02:24:55.325+0000] {processor.py:157} INFO - Started process (PID=866) to work on /home/airflow/.local/lib/python3.7/site-packages/airflow/example_dags/example_branch_python_dop_operator_3.py
[2023-06-17T02:24:55.354+0000] {processor.py:826} INFO - Processing file /home/airflow/.local/lib/python3.7/site-packages/airflow/example_dags/example_branch_python_dop_operator_3.py for tasks to queue
[2023-06-17T02:24:55.355+0000] {logging_mixin.py:149} INFO - [2023-06-17T02:24:55.355+0000] {dagbag.py:541} INFO - Filling up the DagBag from /home/airflow/.local/lib/python3.7/site-packages/airflow/example_dags/example_branch_python_dop_operator_3.py
[2023-06-17T02:24:55.365+0000] {processor.py:836} INFO - DAG(s) dict_keys(['example_branch_dop_operator_v3']) retrieved from /home/airflow/.local/lib/python3.7/site-packages/airflow/example_dags/example_branch_python_dop_operator_3.py
[2023-06-17T02:24:55.391+0000] {logging_mixin.py:149} INFO - [2023-06-17T02:24:55.390+0000] {dag.py:2726} INFO - Sync 1 DAGs
[2023-06-17T02:24:55.423+0000] {logging_mixin.py:149} INFO - [2023-06-17T02:24:55.423+0000] {dag.py:3490} INFO - Setting next_dagrun for example_branch_dop_operator_v3 to 2023-06-17T02:23:00+00:00, run_after=2023-06-17T02:24:00+00:00
[2023-06-17T02:24:55.586+0000] {processor.py:179} INFO - Processing /home/airflow/.local/lib/python3.7/site-packages/airflow/example_dags/example_branch_python_dop_operator_3.py took 0.263 seconds
[2023-06-17T02:25:31.566+0000] {processor.py:157} INFO - Started process (PID=919) to work on /home/airflow/.local/lib/python3.7/site-packages/airflow/example_dags/example_branch_python_dop_operator_3.py
[2023-06-17T02:25:31.644+0000] {processor.py:826} INFO - Processing file /home/airflow/.local/lib/python3.7/site-packages/airflow/example_dags/example_branch_python_dop_operator_3.py for tasks to queue
[2023-06-17T02:25:31.646+0000] {logging_mixin.py:149} INFO - [2023-06-17T02:25:31.645+0000] {dagbag.py:541} INFO - Filling up the DagBag from /home/airflow/.local/lib/python3.7/site-packages/airflow/example_dags/example_branch_python_dop_operator_3.py
[2023-06-17T02:25:31.674+0000] {processor.py:836} INFO - DAG(s) dict_keys(['example_branch_dop_operator_v3']) retrieved from /home/airflow/.local/lib/python3.7/site-packages/airflow/example_dags/example_branch_python_dop_operator_3.py
[2023-06-17T02:25:31.703+0000] {logging_mixin.py:149} INFO - [2023-06-17T02:25:31.703+0000] {dag.py:2726} INFO - Sync 1 DAGs
[2023-06-17T02:25:31.737+0000] {logging_mixin.py:149} INFO - [2023-06-17T02:25:31.737+0000] {dag.py:3490} INFO - Setting next_dagrun for example_branch_dop_operator_v3 to 2023-06-17T02:24:00+00:00, run_after=2023-06-17T02:25:00+00:00
[2023-06-17T02:25:31.865+0000] {processor.py:179} INFO - Processing /home/airflow/.local/lib/python3.7/site-packages/airflow/example_dags/example_branch_python_dop_operator_3.py took 0.302 seconds
[2023-06-17T02:26:03.088+0000] {processor.py:157} INFO - Started process (PID=980) to work on /home/airflow/.local/lib/python3.7/site-packages/airflow/example_dags/example_branch_python_dop_operator_3.py
[2023-06-17T02:26:03.099+0000] {processor.py:826} INFO - Processing file /home/airflow/.local/lib/python3.7/site-packages/airflow/example_dags/example_branch_python_dop_operator_3.py for tasks to queue
[2023-06-17T02:26:03.101+0000] {logging_mixin.py:149} INFO - [2023-06-17T02:26:03.100+0000] {dagbag.py:541} INFO - Filling up the DagBag from /home/airflow/.local/lib/python3.7/site-packages/airflow/example_dags/example_branch_python_dop_operator_3.py
[2023-06-17T02:26:03.117+0000] {processor.py:836} INFO - DAG(s) dict_keys(['example_branch_dop_operator_v3']) retrieved from /home/airflow/.local/lib/python3.7/site-packages/airflow/example_dags/example_branch_python_dop_operator_3.py
[2023-06-17T02:26:03.161+0000] {logging_mixin.py:149} INFO - [2023-06-17T02:26:03.161+0000] {dag.py:2726} INFO - Sync 1 DAGs
[2023-06-17T02:26:03.236+0000] {logging_mixin.py:149} INFO - [2023-06-17T02:26:03.236+0000] {dag.py:3490} INFO - Setting next_dagrun for example_branch_dop_operator_v3 to 2023-06-17T02:25:00+00:00, run_after=2023-06-17T02:26:00+00:00
[2023-06-17T02:26:03.285+0000] {processor.py:179} INFO - Processing /home/airflow/.local/lib/python3.7/site-packages/airflow/example_dags/example_branch_python_dop_operator_3.py took 0.203 seconds
[2023-06-17T02:26:33.818+0000] {processor.py:157} INFO - Started process (PID=1041) to work on /home/airflow/.local/lib/python3.7/site-packages/airflow/example_dags/example_branch_python_dop_operator_3.py
[2023-06-17T02:26:33.833+0000] {processor.py:826} INFO - Processing file /home/airflow/.local/lib/python3.7/site-packages/airflow/example_dags/example_branch_python_dop_operator_3.py for tasks to queue
[2023-06-17T02:26:33.834+0000] {logging_mixin.py:149} INFO - [2023-06-17T02:26:33.834+0000] {dagbag.py:541} INFO - Filling up the DagBag from /home/airflow/.local/lib/python3.7/site-packages/airflow/example_dags/example_branch_python_dop_operator_3.py
[2023-06-17T02:26:33.846+0000] {processor.py:836} INFO - DAG(s) dict_keys(['example_branch_dop_operator_v3']) retrieved from /home/airflow/.local/lib/python3.7/site-packages/airflow/example_dags/example_branch_python_dop_operator_3.py
[2023-06-17T02:26:33.890+0000] {logging_mixin.py:149} INFO - [2023-06-17T02:26:33.889+0000] {dag.py:2726} INFO - Sync 1 DAGs
[2023-06-17T02:26:33.949+0000] {logging_mixin.py:149} INFO - [2023-06-17T02:26:33.948+0000] {dag.py:3490} INFO - Setting next_dagrun for example_branch_dop_operator_v3 to 2023-06-17T02:25:00+00:00, run_after=2023-06-17T02:26:00+00:00
[2023-06-17T02:26:33.997+0000] {processor.py:179} INFO - Processing /home/airflow/.local/lib/python3.7/site-packages/airflow/example_dags/example_branch_python_dop_operator_3.py took 0.183 seconds
[2023-06-17T02:27:23.032+0000] {processor.py:157} INFO - Started process (PID=1111) to work on /home/airflow/.local/lib/python3.7/site-packages/airflow/example_dags/example_branch_python_dop_operator_3.py
[2023-06-17T02:27:23.114+0000] {processor.py:826} INFO - Processing file /home/airflow/.local/lib/python3.7/site-packages/airflow/example_dags/example_branch_python_dop_operator_3.py for tasks to queue
[2023-06-17T02:27:23.117+0000] {logging_mixin.py:149} INFO - [2023-06-17T02:27:23.116+0000] {dagbag.py:541} INFO - Filling up the DagBag from /home/airflow/.local/lib/python3.7/site-packages/airflow/example_dags/example_branch_python_dop_operator_3.py
[2023-06-17T02:27:23.292+0000] {processor.py:836} INFO - DAG(s) dict_keys(['example_branch_dop_operator_v3']) retrieved from /home/airflow/.local/lib/python3.7/site-packages/airflow/example_dags/example_branch_python_dop_operator_3.py
[2023-06-17T02:27:23.319+0000] {logging_mixin.py:149} INFO - [2023-06-17T02:27:23.318+0000] {dag.py:2726} INFO - Sync 1 DAGs
[2023-06-17T02:27:23.352+0000] {logging_mixin.py:149} INFO - [2023-06-17T02:27:23.352+0000] {dag.py:3490} INFO - Setting next_dagrun for example_branch_dop_operator_v3 to 2023-06-17T02:26:00+00:00, run_after=2023-06-17T02:27:00+00:00
[2023-06-17T02:27:23.688+0000] {processor.py:179} INFO - Processing /home/airflow/.local/lib/python3.7/site-packages/airflow/example_dags/example_branch_python_dop_operator_3.py took 0.667 seconds
[2023-06-17T02:27:54.549+0000] {processor.py:157} INFO - Started process (PID=1166) to work on /home/airflow/.local/lib/python3.7/site-packages/airflow/example_dags/example_branch_python_dop_operator_3.py
[2023-06-17T02:27:54.726+0000] {processor.py:826} INFO - Processing file /home/airflow/.local/lib/python3.7/site-packages/airflow/example_dags/example_branch_python_dop_operator_3.py for tasks to queue
[2023-06-17T02:27:54.728+0000] {logging_mixin.py:149} INFO - [2023-06-17T02:27:54.728+0000] {dagbag.py:541} INFO - Filling up the DagBag from /home/airflow/.local/lib/python3.7/site-packages/airflow/example_dags/example_branch_python_dop_operator_3.py
[2023-06-17T02:27:54.761+0000] {processor.py:836} INFO - DAG(s) dict_keys(['example_branch_dop_operator_v3']) retrieved from /home/airflow/.local/lib/python3.7/site-packages/airflow/example_dags/example_branch_python_dop_operator_3.py
[2023-06-17T02:27:54.792+0000] {logging_mixin.py:149} INFO - [2023-06-17T02:27:54.792+0000] {dag.py:2726} INFO - Sync 1 DAGs
[2023-06-17T02:27:54.824+0000] {logging_mixin.py:149} INFO - [2023-06-17T02:27:54.823+0000] {dag.py:3490} INFO - Setting next_dagrun for example_branch_dop_operator_v3 to 2023-06-17T02:26:00+00:00, run_after=2023-06-17T02:27:00+00:00
[2023-06-17T02:27:55.013+0000] {processor.py:179} INFO - Processing /home/airflow/.local/lib/python3.7/site-packages/airflow/example_dags/example_branch_python_dop_operator_3.py took 0.472 seconds
[2023-06-17T02:28:25.122+0000] {processor.py:157} INFO - Started process (PID=1228) to work on /home/airflow/.local/lib/python3.7/site-packages/airflow/example_dags/example_branch_python_dop_operator_3.py
[2023-06-17T02:28:25.427+0000] {processor.py:826} INFO - Processing file /home/airflow/.local/lib/python3.7/site-packages/airflow/example_dags/example_branch_python_dop_operator_3.py for tasks to queue
[2023-06-17T02:28:25.428+0000] {logging_mixin.py:149} INFO - [2023-06-17T02:28:25.428+0000] {dagbag.py:541} INFO - Filling up the DagBag from /home/airflow/.local/lib/python3.7/site-packages/airflow/example_dags/example_branch_python_dop_operator_3.py
[2023-06-17T02:28:25.441+0000] {processor.py:836} INFO - DAG(s) dict_keys(['example_branch_dop_operator_v3']) retrieved from /home/airflow/.local/lib/python3.7/site-packages/airflow/example_dags/example_branch_python_dop_operator_3.py
[2023-06-17T02:28:25.479+0000] {logging_mixin.py:149} INFO - [2023-06-17T02:28:25.479+0000] {dag.py:2726} INFO - Sync 1 DAGs
[2023-06-17T02:28:25.529+0000] {logging_mixin.py:149} INFO - [2023-06-17T02:28:25.529+0000] {dag.py:3490} INFO - Setting next_dagrun for example_branch_dop_operator_v3 to 2023-06-17T02:27:00+00:00, run_after=2023-06-17T02:28:00+00:00
[2023-06-17T02:28:25.809+0000] {processor.py:179} INFO - Processing /home/airflow/.local/lib/python3.7/site-packages/airflow/example_dags/example_branch_python_dop_operator_3.py took 0.692 seconds
[2023-06-17T02:28:56.705+0000] {processor.py:157} INFO - Started process (PID=1289) to work on /home/airflow/.local/lib/python3.7/site-packages/airflow/example_dags/example_branch_python_dop_operator_3.py
[2023-06-17T02:28:56.790+0000] {processor.py:826} INFO - Processing file /home/airflow/.local/lib/python3.7/site-packages/airflow/example_dags/example_branch_python_dop_operator_3.py for tasks to queue
[2023-06-17T02:28:56.791+0000] {logging_mixin.py:149} INFO - [2023-06-17T02:28:56.791+0000] {dagbag.py:541} INFO - Filling up the DagBag from /home/airflow/.local/lib/python3.7/site-packages/airflow/example_dags/example_branch_python_dop_operator_3.py
[2023-06-17T02:28:56.801+0000] {processor.py:836} INFO - DAG(s) dict_keys(['example_branch_dop_operator_v3']) retrieved from /home/airflow/.local/lib/python3.7/site-packages/airflow/example_dags/example_branch_python_dop_operator_3.py
[2023-06-17T02:28:56.830+0000] {logging_mixin.py:149} INFO - [2023-06-17T02:28:56.830+0000] {dag.py:2726} INFO - Sync 1 DAGs
[2023-06-17T02:28:56.880+0000] {logging_mixin.py:149} INFO - [2023-06-17T02:28:56.880+0000] {dag.py:3490} INFO - Setting next_dagrun for example_branch_dop_operator_v3 to 2023-06-17T02:27:00+00:00, run_after=2023-06-17T02:28:00+00:00
[2023-06-17T02:28:57.421+0000] {processor.py:179} INFO - Processing /home/airflow/.local/lib/python3.7/site-packages/airflow/example_dags/example_branch_python_dop_operator_3.py took 0.719 seconds
[2023-06-17T02:29:28.177+0000] {processor.py:157} INFO - Started process (PID=1350) to work on /home/airflow/.local/lib/python3.7/site-packages/airflow/example_dags/example_branch_python_dop_operator_3.py
[2023-06-17T02:29:28.212+0000] {processor.py:826} INFO - Processing file /home/airflow/.local/lib/python3.7/site-packages/airflow/example_dags/example_branch_python_dop_operator_3.py for tasks to queue
[2023-06-17T02:29:28.213+0000] {logging_mixin.py:149} INFO - [2023-06-17T02:29:28.213+0000] {dagbag.py:541} INFO - Filling up the DagBag from /home/airflow/.local/lib/python3.7/site-packages/airflow/example_dags/example_branch_python_dop_operator_3.py
[2023-06-17T02:29:28.221+0000] {processor.py:836} INFO - DAG(s) dict_keys(['example_branch_dop_operator_v3']) retrieved from /home/airflow/.local/lib/python3.7/site-packages/airflow/example_dags/example_branch_python_dop_operator_3.py
[2023-06-17T02:29:28.248+0000] {logging_mixin.py:149} INFO - [2023-06-17T02:29:28.247+0000] {dag.py:2726} INFO - Sync 1 DAGs
[2023-06-17T02:29:28.282+0000] {logging_mixin.py:149} INFO - [2023-06-17T02:29:28.282+0000] {dag.py:3490} INFO - Setting next_dagrun for example_branch_dop_operator_v3 to 2023-06-17T02:28:00+00:00, run_after=2023-06-17T02:29:00+00:00
[2023-06-17T02:29:28.399+0000] {processor.py:179} INFO - Processing /home/airflow/.local/lib/python3.7/site-packages/airflow/example_dags/example_branch_python_dop_operator_3.py took 0.226 seconds
[2023-06-17T02:32:26.216+0000] {processor.py:157} INFO - Started process (PID=1421) to work on /home/airflow/.local/lib/python3.7/site-packages/airflow/example_dags/example_branch_python_dop_operator_3.py
[2023-06-17T02:32:26.439+0000] {processor.py:826} INFO - Processing file /home/airflow/.local/lib/python3.7/site-packages/airflow/example_dags/example_branch_python_dop_operator_3.py for tasks to queue
[2023-06-17T02:32:26.439+0000] {logging_mixin.py:149} INFO - [2023-06-17T02:32:26.439+0000] {dagbag.py:541} INFO - Filling up the DagBag from /home/airflow/.local/lib/python3.7/site-packages/airflow/example_dags/example_branch_python_dop_operator_3.py
[2023-06-17T02:32:26.447+0000] {processor.py:836} INFO - DAG(s) dict_keys(['example_branch_dop_operator_v3']) retrieved from /home/airflow/.local/lib/python3.7/site-packages/airflow/example_dags/example_branch_python_dop_operator_3.py
[2023-06-17T02:32:26.467+0000] {logging_mixin.py:149} INFO - [2023-06-17T02:32:26.467+0000] {dag.py:2726} INFO - Sync 1 DAGs
[2023-06-17T02:32:26.498+0000] {logging_mixin.py:149} INFO - [2023-06-17T02:32:26.498+0000] {dag.py:3490} INFO - Setting next_dagrun for example_branch_dop_operator_v3 to 2023-06-17T02:31:00+00:00, run_after=2023-06-17T02:32:00+00:00
[2023-06-17T02:32:26.645+0000] {processor.py:179} INFO - Processing /home/airflow/.local/lib/python3.7/site-packages/airflow/example_dags/example_branch_python_dop_operator_3.py took 0.432 seconds
[2023-06-17T02:32:57.274+0000] {processor.py:157} INFO - Started process (PID=1480) to work on /home/airflow/.local/lib/python3.7/site-packages/airflow/example_dags/example_branch_python_dop_operator_3.py
[2023-06-17T02:32:57.382+0000] {processor.py:826} INFO - Processing file /home/airflow/.local/lib/python3.7/site-packages/airflow/example_dags/example_branch_python_dop_operator_3.py for tasks to queue
[2023-06-17T02:32:57.383+0000] {logging_mixin.py:149} INFO - [2023-06-17T02:32:57.383+0000] {dagbag.py:541} INFO - Filling up the DagBag from /home/airflow/.local/lib/python3.7/site-packages/airflow/example_dags/example_branch_python_dop_operator_3.py
[2023-06-17T02:32:57.390+0000] {processor.py:836} INFO - DAG(s) dict_keys(['example_branch_dop_operator_v3']) retrieved from /home/airflow/.local/lib/python3.7/site-packages/airflow/example_dags/example_branch_python_dop_operator_3.py
[2023-06-17T02:32:57.418+0000] {logging_mixin.py:149} INFO - [2023-06-17T02:32:57.418+0000] {dag.py:2726} INFO - Sync 1 DAGs
[2023-06-17T02:32:57.454+0000] {logging_mixin.py:149} INFO - [2023-06-17T02:32:57.454+0000] {dag.py:3490} INFO - Setting next_dagrun for example_branch_dop_operator_v3 to 2023-06-17T02:31:00+00:00, run_after=2023-06-17T02:32:00+00:00
[2023-06-17T02:32:57.614+0000] {processor.py:179} INFO - Processing /home/airflow/.local/lib/python3.7/site-packages/airflow/example_dags/example_branch_python_dop_operator_3.py took 0.342 seconds
[2023-06-17T02:33:27.969+0000] {processor.py:157} INFO - Started process (PID=1533) to work on /home/airflow/.local/lib/python3.7/site-packages/airflow/example_dags/example_branch_python_dop_operator_3.py
[2023-06-17T02:33:27.978+0000] {processor.py:826} INFO - Processing file /home/airflow/.local/lib/python3.7/site-packages/airflow/example_dags/example_branch_python_dop_operator_3.py for tasks to queue
[2023-06-17T02:33:27.979+0000] {logging_mixin.py:149} INFO - [2023-06-17T02:33:27.979+0000] {dagbag.py:541} INFO - Filling up the DagBag from /home/airflow/.local/lib/python3.7/site-packages/airflow/example_dags/example_branch_python_dop_operator_3.py
[2023-06-17T02:33:27.989+0000] {processor.py:836} INFO - DAG(s) dict_keys(['example_branch_dop_operator_v3']) retrieved from /home/airflow/.local/lib/python3.7/site-packages/airflow/example_dags/example_branch_python_dop_operator_3.py
[2023-06-17T02:33:28.025+0000] {logging_mixin.py:149} INFO - [2023-06-17T02:33:28.024+0000] {dag.py:2726} INFO - Sync 1 DAGs
[2023-06-17T02:33:28.097+0000] {logging_mixin.py:149} INFO - [2023-06-17T02:33:28.097+0000] {dag.py:3490} INFO - Setting next_dagrun for example_branch_dop_operator_v3 to 2023-06-17T02:32:00+00:00, run_after=2023-06-17T02:33:00+00:00
[2023-06-17T02:33:28.154+0000] {processor.py:179} INFO - Processing /home/airflow/.local/lib/python3.7/site-packages/airflow/example_dags/example_branch_python_dop_operator_3.py took 0.189 seconds
[2023-06-17T02:33:58.188+0000] {processor.py:157} INFO - Started process (PID=1593) to work on /home/airflow/.local/lib/python3.7/site-packages/airflow/example_dags/example_branch_python_dop_operator_3.py
[2023-06-17T02:33:58.191+0000] {processor.py:826} INFO - Processing file /home/airflow/.local/lib/python3.7/site-packages/airflow/example_dags/example_branch_python_dop_operator_3.py for tasks to queue
[2023-06-17T02:33:58.192+0000] {logging_mixin.py:149} INFO - [2023-06-17T02:33:58.191+0000] {dagbag.py:541} INFO - Filling up the DagBag from /home/airflow/.local/lib/python3.7/site-packages/airflow/example_dags/example_branch_python_dop_operator_3.py
[2023-06-17T02:33:58.202+0000] {processor.py:836} INFO - DAG(s) dict_keys(['example_branch_dop_operator_v3']) retrieved from /home/airflow/.local/lib/python3.7/site-packages/airflow/example_dags/example_branch_python_dop_operator_3.py
[2023-06-17T02:33:58.239+0000] {logging_mixin.py:149} INFO - [2023-06-17T02:33:58.239+0000] {dag.py:2726} INFO - Sync 1 DAGs
[2023-06-17T02:33:58.296+0000] {logging_mixin.py:149} INFO - [2023-06-17T02:33:58.295+0000] {dag.py:3490} INFO - Setting next_dagrun for example_branch_dop_operator_v3 to 2023-06-17T02:32:00+00:00, run_after=2023-06-17T02:33:00+00:00
[2023-06-17T02:33:58.334+0000] {processor.py:179} INFO - Processing /home/airflow/.local/lib/python3.7/site-packages/airflow/example_dags/example_branch_python_dop_operator_3.py took 0.150 seconds
[2023-06-17T02:34:28.449+0000] {processor.py:157} INFO - Started process (PID=1654) to work on /home/airflow/.local/lib/python3.7/site-packages/airflow/example_dags/example_branch_python_dop_operator_3.py
[2023-06-17T02:34:28.468+0000] {processor.py:826} INFO - Processing file /home/airflow/.local/lib/python3.7/site-packages/airflow/example_dags/example_branch_python_dop_operator_3.py for tasks to queue
[2023-06-17T02:34:28.470+0000] {logging_mixin.py:149} INFO - [2023-06-17T02:34:28.469+0000] {dagbag.py:541} INFO - Filling up the DagBag from /home/airflow/.local/lib/python3.7/site-packages/airflow/example_dags/example_branch_python_dop_operator_3.py
[2023-06-17T02:34:28.485+0000] {processor.py:836} INFO - DAG(s) dict_keys(['example_branch_dop_operator_v3']) retrieved from /home/airflow/.local/lib/python3.7/site-packages/airflow/example_dags/example_branch_python_dop_operator_3.py
[2023-06-17T02:34:28.524+0000] {logging_mixin.py:149} INFO - [2023-06-17T02:34:28.524+0000] {dag.py:2726} INFO - Sync 1 DAGs
[2023-06-17T02:34:28.595+0000] {logging_mixin.py:149} INFO - [2023-06-17T02:34:28.595+0000] {dag.py:3490} INFO - Setting next_dagrun for example_branch_dop_operator_v3 to 2023-06-17T02:33:00+00:00, run_after=2023-06-17T02:34:00+00:00
[2023-06-17T02:34:28.643+0000] {processor.py:179} INFO - Processing /home/airflow/.local/lib/python3.7/site-packages/airflow/example_dags/example_branch_python_dop_operator_3.py took 0.198 seconds
[2023-06-17T02:34:58.898+0000] {processor.py:157} INFO - Started process (PID=1715) to work on /home/airflow/.local/lib/python3.7/site-packages/airflow/example_dags/example_branch_python_dop_operator_3.py
[2023-06-17T02:34:58.915+0000] {processor.py:826} INFO - Processing file /home/airflow/.local/lib/python3.7/site-packages/airflow/example_dags/example_branch_python_dop_operator_3.py for tasks to queue
[2023-06-17T02:34:58.916+0000] {logging_mixin.py:149} INFO - [2023-06-17T02:34:58.916+0000] {dagbag.py:541} INFO - Filling up the DagBag from /home/airflow/.local/lib/python3.7/site-packages/airflow/example_dags/example_branch_python_dop_operator_3.py
[2023-06-17T02:34:58.925+0000] {processor.py:836} INFO - DAG(s) dict_keys(['example_branch_dop_operator_v3']) retrieved from /home/airflow/.local/lib/python3.7/site-packages/airflow/example_dags/example_branch_python_dop_operator_3.py
[2023-06-17T02:34:58.951+0000] {logging_mixin.py:149} INFO - [2023-06-17T02:34:58.951+0000] {dag.py:2726} INFO - Sync 1 DAGs
[2023-06-17T02:34:58.994+0000] {logging_mixin.py:149} INFO - [2023-06-17T02:34:58.993+0000] {dag.py:3490} INFO - Setting next_dagrun for example_branch_dop_operator_v3 to 2023-06-17T02:33:00+00:00, run_after=2023-06-17T02:34:00+00:00
[2023-06-17T02:34:59.030+0000] {processor.py:179} INFO - Processing /home/airflow/.local/lib/python3.7/site-packages/airflow/example_dags/example_branch_python_dop_operator_3.py took 0.135 seconds
[2023-06-17T02:35:29.213+0000] {processor.py:157} INFO - Started process (PID=1775) to work on /home/airflow/.local/lib/python3.7/site-packages/airflow/example_dags/example_branch_python_dop_operator_3.py
[2023-06-17T02:35:29.246+0000] {processor.py:826} INFO - Processing file /home/airflow/.local/lib/python3.7/site-packages/airflow/example_dags/example_branch_python_dop_operator_3.py for tasks to queue
[2023-06-17T02:35:29.246+0000] {logging_mixin.py:149} INFO - [2023-06-17T02:35:29.246+0000] {dagbag.py:541} INFO - Filling up the DagBag from /home/airflow/.local/lib/python3.7/site-packages/airflow/example_dags/example_branch_python_dop_operator_3.py
[2023-06-17T02:35:29.255+0000] {processor.py:836} INFO - DAG(s) dict_keys(['example_branch_dop_operator_v3']) retrieved from /home/airflow/.local/lib/python3.7/site-packages/airflow/example_dags/example_branch_python_dop_operator_3.py
[2023-06-17T02:35:29.280+0000] {logging_mixin.py:149} INFO - [2023-06-17T02:35:29.280+0000] {dag.py:2726} INFO - Sync 1 DAGs
[2023-06-17T02:35:29.326+0000] {logging_mixin.py:149} INFO - [2023-06-17T02:35:29.326+0000] {dag.py:3490} INFO - Setting next_dagrun for example_branch_dop_operator_v3 to 2023-06-17T02:34:00+00:00, run_after=2023-06-17T02:35:00+00:00
[2023-06-17T02:35:29.366+0000] {processor.py:179} INFO - Processing /home/airflow/.local/lib/python3.7/site-packages/airflow/example_dags/example_branch_python_dop_operator_3.py took 0.156 seconds
[2023-06-17T02:35:59.898+0000] {processor.py:157} INFO - Started process (PID=1837) to work on /home/airflow/.local/lib/python3.7/site-packages/airflow/example_dags/example_branch_python_dop_operator_3.py
[2023-06-17T02:35:59.907+0000] {processor.py:826} INFO - Processing file /home/airflow/.local/lib/python3.7/site-packages/airflow/example_dags/example_branch_python_dop_operator_3.py for tasks to queue
[2023-06-17T02:35:59.907+0000] {logging_mixin.py:149} INFO - [2023-06-17T02:35:59.907+0000] {dagbag.py:541} INFO - Filling up the DagBag from /home/airflow/.local/lib/python3.7/site-packages/airflow/example_dags/example_branch_python_dop_operator_3.py
[2023-06-17T02:35:59.917+0000] {processor.py:836} INFO - DAG(s) dict_keys(['example_branch_dop_operator_v3']) retrieved from /home/airflow/.local/lib/python3.7/site-packages/airflow/example_dags/example_branch_python_dop_operator_3.py
[2023-06-17T02:35:59.944+0000] {logging_mixin.py:149} INFO - [2023-06-17T02:35:59.944+0000] {dag.py:2726} INFO - Sync 1 DAGs
[2023-06-17T02:35:59.988+0000] {logging_mixin.py:149} INFO - [2023-06-17T02:35:59.988+0000] {dag.py:3490} INFO - Setting next_dagrun for example_branch_dop_operator_v3 to 2023-06-17T02:34:00+00:00, run_after=2023-06-17T02:35:00+00:00
[2023-06-17T02:36:00.036+0000] {processor.py:179} INFO - Processing /home/airflow/.local/lib/python3.7/site-packages/airflow/example_dags/example_branch_python_dop_operator_3.py took 0.141 seconds
[2023-06-17T02:36:30.396+0000] {processor.py:157} INFO - Started process (PID=1898) to work on /home/airflow/.local/lib/python3.7/site-packages/airflow/example_dags/example_branch_python_dop_operator_3.py
[2023-06-17T02:36:30.409+0000] {processor.py:826} INFO - Processing file /home/airflow/.local/lib/python3.7/site-packages/airflow/example_dags/example_branch_python_dop_operator_3.py for tasks to queue
[2023-06-17T02:36:30.410+0000] {logging_mixin.py:149} INFO - [2023-06-17T02:36:30.410+0000] {dagbag.py:541} INFO - Filling up the DagBag from /home/airflow/.local/lib/python3.7/site-packages/airflow/example_dags/example_branch_python_dop_operator_3.py
[2023-06-17T02:36:30.422+0000] {processor.py:836} INFO - DAG(s) dict_keys(['example_branch_dop_operator_v3']) retrieved from /home/airflow/.local/lib/python3.7/site-packages/airflow/example_dags/example_branch_python_dop_operator_3.py
[2023-06-17T02:36:30.458+0000] {logging_mixin.py:149} INFO - [2023-06-17T02:36:30.458+0000] {dag.py:2726} INFO - Sync 1 DAGs
[2023-06-17T02:36:30.516+0000] {logging_mixin.py:149} INFO - [2023-06-17T02:36:30.516+0000] {dag.py:3490} INFO - Setting next_dagrun for example_branch_dop_operator_v3 to 2023-06-17T02:35:00+00:00, run_after=2023-06-17T02:36:00+00:00
[2023-06-17T02:36:30.573+0000] {processor.py:179} INFO - Processing /home/airflow/.local/lib/python3.7/site-packages/airflow/example_dags/example_branch_python_dop_operator_3.py took 0.181 seconds
[2023-06-17T02:37:01.328+0000] {processor.py:157} INFO - Started process (PID=1959) to work on /home/airflow/.local/lib/python3.7/site-packages/airflow/example_dags/example_branch_python_dop_operator_3.py
[2023-06-17T02:37:01.399+0000] {processor.py:826} INFO - Processing file /home/airflow/.local/lib/python3.7/site-packages/airflow/example_dags/example_branch_python_dop_operator_3.py for tasks to queue
[2023-06-17T02:37:01.401+0000] {logging_mixin.py:149} INFO - [2023-06-17T02:37:01.401+0000] {dagbag.py:541} INFO - Filling up the DagBag from /home/airflow/.local/lib/python3.7/site-packages/airflow/example_dags/example_branch_python_dop_operator_3.py
[2023-06-17T02:37:01.427+0000] {processor.py:836} INFO - DAG(s) dict_keys(['example_branch_dop_operator_v3']) retrieved from /home/airflow/.local/lib/python3.7/site-packages/airflow/example_dags/example_branch_python_dop_operator_3.py
[2023-06-17T02:37:01.457+0000] {logging_mixin.py:149} INFO - [2023-06-17T02:37:01.457+0000] {dag.py:2726} INFO - Sync 1 DAGs
[2023-06-17T02:37:01.496+0000] {logging_mixin.py:149} INFO - [2023-06-17T02:37:01.496+0000] {dag.py:3490} INFO - Setting next_dagrun for example_branch_dop_operator_v3 to 2023-06-17T02:36:00+00:00, run_after=2023-06-17T02:37:00+00:00
[2023-06-17T02:37:01.621+0000] {processor.py:179} INFO - Processing /home/airflow/.local/lib/python3.7/site-packages/airflow/example_dags/example_branch_python_dop_operator_3.py took 0.303 seconds
[2023-06-17T02:37:31.693+0000] {processor.py:157} INFO - Started process (PID=2020) to work on /home/airflow/.local/lib/python3.7/site-packages/airflow/example_dags/example_branch_python_dop_operator_3.py
[2023-06-17T02:37:31.701+0000] {processor.py:826} INFO - Processing file /home/airflow/.local/lib/python3.7/site-packages/airflow/example_dags/example_branch_python_dop_operator_3.py for tasks to queue
[2023-06-17T02:37:31.701+0000] {logging_mixin.py:149} INFO - [2023-06-17T02:37:31.701+0000] {dagbag.py:541} INFO - Filling up the DagBag from /home/airflow/.local/lib/python3.7/site-packages/airflow/example_dags/example_branch_python_dop_operator_3.py
[2023-06-17T02:37:31.710+0000] {processor.py:836} INFO - DAG(s) dict_keys(['example_branch_dop_operator_v3']) retrieved from /home/airflow/.local/lib/python3.7/site-packages/airflow/example_dags/example_branch_python_dop_operator_3.py
[2023-06-17T02:37:31.738+0000] {logging_mixin.py:149} INFO - [2023-06-17T02:37:31.738+0000] {dag.py:2726} INFO - Sync 1 DAGs
[2023-06-17T02:37:31.780+0000] {logging_mixin.py:149} INFO - [2023-06-17T02:37:31.780+0000] {dag.py:3490} INFO - Setting next_dagrun for example_branch_dop_operator_v3 to 2023-06-17T02:36:00+00:00, run_after=2023-06-17T02:37:00+00:00
[2023-06-17T02:37:31.806+0000] {processor.py:179} INFO - Processing /home/airflow/.local/lib/python3.7/site-packages/airflow/example_dags/example_branch_python_dop_operator_3.py took 0.117 seconds
[2023-06-17T02:38:02.565+0000] {processor.py:157} INFO - Started process (PID=2081) to work on /home/airflow/.local/lib/python3.7/site-packages/airflow/example_dags/example_branch_python_dop_operator_3.py
[2023-06-17T02:38:02.608+0000] {processor.py:826} INFO - Processing file /home/airflow/.local/lib/python3.7/site-packages/airflow/example_dags/example_branch_python_dop_operator_3.py for tasks to queue
[2023-06-17T02:38:02.610+0000] {logging_mixin.py:149} INFO - [2023-06-17T02:38:02.609+0000] {dagbag.py:541} INFO - Filling up the DagBag from /home/airflow/.local/lib/python3.7/site-packages/airflow/example_dags/example_branch_python_dop_operator_3.py
[2023-06-17T02:38:02.625+0000] {processor.py:836} INFO - DAG(s) dict_keys(['example_branch_dop_operator_v3']) retrieved from /home/airflow/.local/lib/python3.7/site-packages/airflow/example_dags/example_branch_python_dop_operator_3.py
[2023-06-17T02:38:02.649+0000] {logging_mixin.py:149} INFO - [2023-06-17T02:38:02.649+0000] {dag.py:2726} INFO - Sync 1 DAGs
[2023-06-17T02:38:02.680+0000] {logging_mixin.py:149} INFO - [2023-06-17T02:38:02.679+0000] {dag.py:3490} INFO - Setting next_dagrun for example_branch_dop_operator_v3 to 2023-06-17T02:37:00+00:00, run_after=2023-06-17T02:38:00+00:00
[2023-06-17T02:38:02.892+0000] {processor.py:179} INFO - Processing /home/airflow/.local/lib/python3.7/site-packages/airflow/example_dags/example_branch_python_dop_operator_3.py took 0.332 seconds
[2023-06-17T03:24:56.046+0000] {processor.py:157} INFO - Started process (PID=2142) to work on /home/airflow/.local/lib/python3.7/site-packages/airflow/example_dags/example_branch_python_dop_operator_3.py
[2023-06-17T03:24:56.341+0000] {processor.py:826} INFO - Processing file /home/airflow/.local/lib/python3.7/site-packages/airflow/example_dags/example_branch_python_dop_operator_3.py for tasks to queue
[2023-06-17T03:24:56.414+0000] {logging_mixin.py:149} INFO - [2023-06-17T03:24:56.413+0000] {dagbag.py:541} INFO - Filling up the DagBag from /home/airflow/.local/lib/python3.7/site-packages/airflow/example_dags/example_branch_python_dop_operator_3.py
[2023-06-17T03:24:56.425+0000] {processor.py:836} INFO - DAG(s) dict_keys(['example_branch_dop_operator_v3']) retrieved from /home/airflow/.local/lib/python3.7/site-packages/airflow/example_dags/example_branch_python_dop_operator_3.py
[2023-06-17T03:24:56.457+0000] {logging_mixin.py:149} INFO - [2023-06-17T03:24:56.457+0000] {dag.py:2726} INFO - Sync 1 DAGs
[2023-06-17T03:24:56.508+0000] {logging_mixin.py:149} INFO - [2023-06-17T03:24:56.508+0000] {dag.py:3490} INFO - Setting next_dagrun for example_branch_dop_operator_v3 to 2023-06-17T03:23:00+00:00, run_after=2023-06-17T03:24:00+00:00
[2023-06-17T03:24:57.148+0000] {processor.py:179} INFO - Processing /home/airflow/.local/lib/python3.7/site-packages/airflow/example_dags/example_branch_python_dop_operator_3.py took 1.105 seconds
[2023-06-17T03:25:28.128+0000] {processor.py:157} INFO - Started process (PID=2204) to work on /home/airflow/.local/lib/python3.7/site-packages/airflow/example_dags/example_branch_python_dop_operator_3.py
[2023-06-17T03:25:28.138+0000] {processor.py:826} INFO - Processing file /home/airflow/.local/lib/python3.7/site-packages/airflow/example_dags/example_branch_python_dop_operator_3.py for tasks to queue
[2023-06-17T03:25:28.139+0000] {logging_mixin.py:149} INFO - [2023-06-17T03:25:28.139+0000] {dagbag.py:541} INFO - Filling up the DagBag from /home/airflow/.local/lib/python3.7/site-packages/airflow/example_dags/example_branch_python_dop_operator_3.py
[2023-06-17T03:25:28.153+0000] {processor.py:836} INFO - DAG(s) dict_keys(['example_branch_dop_operator_v3']) retrieved from /home/airflow/.local/lib/python3.7/site-packages/airflow/example_dags/example_branch_python_dop_operator_3.py
[2023-06-17T03:25:28.199+0000] {logging_mixin.py:149} INFO - [2023-06-17T03:25:28.198+0000] {dag.py:2726} INFO - Sync 1 DAGs
[2023-06-17T03:25:28.282+0000] {logging_mixin.py:149} INFO - [2023-06-17T03:25:28.281+0000] {dag.py:3490} INFO - Setting next_dagrun for example_branch_dop_operator_v3 to 2023-06-17T03:24:00+00:00, run_after=2023-06-17T03:25:00+00:00
[2023-06-17T03:25:28.326+0000] {processor.py:179} INFO - Processing /home/airflow/.local/lib/python3.7/site-packages/airflow/example_dags/example_branch_python_dop_operator_3.py took 0.203 seconds
[2023-06-17T03:36:02.622+0000] {processor.py:157} INFO - Started process (PID=86) to work on /home/airflow/.local/lib/python3.7/site-packages/airflow/example_dags/example_branch_python_dop_operator_3.py
[2023-06-17T03:36:02.658+0000] {processor.py:826} INFO - Processing file /home/airflow/.local/lib/python3.7/site-packages/airflow/example_dags/example_branch_python_dop_operator_3.py for tasks to queue
[2023-06-17T03:36:02.658+0000] {logging_mixin.py:149} INFO - [2023-06-17T03:36:02.658+0000] {dagbag.py:541} INFO - Filling up the DagBag from /home/airflow/.local/lib/python3.7/site-packages/airflow/example_dags/example_branch_python_dop_operator_3.py
[2023-06-17T03:36:02.665+0000] {processor.py:836} INFO - DAG(s) dict_keys(['example_branch_dop_operator_v3']) retrieved from /home/airflow/.local/lib/python3.7/site-packages/airflow/example_dags/example_branch_python_dop_operator_3.py
[2023-06-17T03:36:02.688+0000] {logging_mixin.py:149} INFO - [2023-06-17T03:36:02.688+0000] {dag.py:2726} INFO - Sync 1 DAGs
[2023-06-17T03:36:02.738+0000] {logging_mixin.py:149} INFO - [2023-06-17T03:36:02.738+0000] {dag.py:3490} INFO - Setting next_dagrun for example_branch_dop_operator_v3 to 2023-06-17T03:35:00+00:00, run_after=2023-06-17T03:36:00+00:00
[2023-06-17T03:36:02.810+0000] {processor.py:179} INFO - Processing /home/airflow/.local/lib/python3.7/site-packages/airflow/example_dags/example_branch_python_dop_operator_3.py took 0.192 seconds
[2023-06-17T03:36:35.004+0000] {processor.py:157} INFO - Started process (PID=147) to work on /home/airflow/.local/lib/python3.7/site-packages/airflow/example_dags/example_branch_python_dop_operator_3.py
[2023-06-17T03:36:35.091+0000] {processor.py:826} INFO - Processing file /home/airflow/.local/lib/python3.7/site-packages/airflow/example_dags/example_branch_python_dop_operator_3.py for tasks to queue
[2023-06-17T03:36:35.094+0000] {logging_mixin.py:149} INFO - [2023-06-17T03:36:35.093+0000] {dagbag.py:541} INFO - Filling up the DagBag from /home/airflow/.local/lib/python3.7/site-packages/airflow/example_dags/example_branch_python_dop_operator_3.py
[2023-06-17T03:36:35.121+0000] {processor.py:836} INFO - DAG(s) dict_keys(['example_branch_dop_operator_v3']) retrieved from /home/airflow/.local/lib/python3.7/site-packages/airflow/example_dags/example_branch_python_dop_operator_3.py
[2023-06-17T03:36:35.154+0000] {logging_mixin.py:149} INFO - [2023-06-17T03:36:35.154+0000] {dag.py:2726} INFO - Sync 1 DAGs
[2023-06-17T03:36:35.187+0000] {logging_mixin.py:149} INFO - [2023-06-17T03:36:35.187+0000] {dag.py:3490} INFO - Setting next_dagrun for example_branch_dop_operator_v3 to 2023-06-17T03:35:00+00:00, run_after=2023-06-17T03:36:00+00:00
[2023-06-17T03:36:35.309+0000] {processor.py:179} INFO - Processing /home/airflow/.local/lib/python3.7/site-packages/airflow/example_dags/example_branch_python_dop_operator_3.py took 0.307 seconds
[2023-06-17T03:37:05.433+0000] {processor.py:157} INFO - Started process (PID=209) to work on /home/airflow/.local/lib/python3.7/site-packages/airflow/example_dags/example_branch_python_dop_operator_3.py
[2023-06-17T03:37:05.449+0000] {processor.py:826} INFO - Processing file /home/airflow/.local/lib/python3.7/site-packages/airflow/example_dags/example_branch_python_dop_operator_3.py for tasks to queue
[2023-06-17T03:37:05.449+0000] {logging_mixin.py:149} INFO - [2023-06-17T03:37:05.449+0000] {dagbag.py:541} INFO - Filling up the DagBag from /home/airflow/.local/lib/python3.7/site-packages/airflow/example_dags/example_branch_python_dop_operator_3.py
[2023-06-17T03:37:05.460+0000] {processor.py:836} INFO - DAG(s) dict_keys(['example_branch_dop_operator_v3']) retrieved from /home/airflow/.local/lib/python3.7/site-packages/airflow/example_dags/example_branch_python_dop_operator_3.py
[2023-06-17T03:37:05.488+0000] {logging_mixin.py:149} INFO - [2023-06-17T03:37:05.488+0000] {dag.py:2726} INFO - Sync 1 DAGs
[2023-06-17T03:37:05.634+0000] {logging_mixin.py:149} INFO - [2023-06-17T03:37:05.634+0000] {dag.py:3490} INFO - Setting next_dagrun for example_branch_dop_operator_v3 to 2023-06-17T03:36:00+00:00, run_after=2023-06-17T03:37:00+00:00
[2023-06-17T03:37:05.685+0000] {processor.py:179} INFO - Processing /home/airflow/.local/lib/python3.7/site-packages/airflow/example_dags/example_branch_python_dop_operator_3.py took 0.255 seconds
[2023-06-17T03:37:35.949+0000] {processor.py:157} INFO - Started process (PID=270) to work on /home/airflow/.local/lib/python3.7/site-packages/airflow/example_dags/example_branch_python_dop_operator_3.py
[2023-06-17T03:37:36.057+0000] {processor.py:826} INFO - Processing file /home/airflow/.local/lib/python3.7/site-packages/airflow/example_dags/example_branch_python_dop_operator_3.py for tasks to queue
[2023-06-17T03:37:36.060+0000] {logging_mixin.py:149} INFO - [2023-06-17T03:37:36.059+0000] {dagbag.py:541} INFO - Filling up the DagBag from /home/airflow/.local/lib/python3.7/site-packages/airflow/example_dags/example_branch_python_dop_operator_3.py
[2023-06-17T03:37:36.090+0000] {processor.py:836} INFO - DAG(s) dict_keys(['example_branch_dop_operator_v3']) retrieved from /home/airflow/.local/lib/python3.7/site-packages/airflow/example_dags/example_branch_python_dop_operator_3.py
[2023-06-17T03:37:36.206+0000] {logging_mixin.py:149} INFO - [2023-06-17T03:37:36.206+0000] {dag.py:2726} INFO - Sync 1 DAGs
[2023-06-17T03:37:36.243+0000] {logging_mixin.py:149} INFO - [2023-06-17T03:37:36.242+0000] {dag.py:3490} INFO - Setting next_dagrun for example_branch_dop_operator_v3 to 2023-06-17T03:36:00+00:00, run_after=2023-06-17T03:37:00+00:00
[2023-06-17T03:37:36.283+0000] {processor.py:179} INFO - Processing /home/airflow/.local/lib/python3.7/site-packages/airflow/example_dags/example_branch_python_dop_operator_3.py took 0.337 seconds
[2023-06-17T03:38:06.704+0000] {processor.py:157} INFO - Started process (PID=331) to work on /home/airflow/.local/lib/python3.7/site-packages/airflow/example_dags/example_branch_python_dop_operator_3.py
[2023-06-17T03:38:06.750+0000] {processor.py:826} INFO - Processing file /home/airflow/.local/lib/python3.7/site-packages/airflow/example_dags/example_branch_python_dop_operator_3.py for tasks to queue
[2023-06-17T03:38:06.761+0000] {logging_mixin.py:149} INFO - [2023-06-17T03:38:06.761+0000] {dagbag.py:541} INFO - Filling up the DagBag from /home/airflow/.local/lib/python3.7/site-packages/airflow/example_dags/example_branch_python_dop_operator_3.py
[2023-06-17T03:38:06.770+0000] {processor.py:836} INFO - DAG(s) dict_keys(['example_branch_dop_operator_v3']) retrieved from /home/airflow/.local/lib/python3.7/site-packages/airflow/example_dags/example_branch_python_dop_operator_3.py
[2023-06-17T03:38:06.799+0000] {logging_mixin.py:149} INFO - [2023-06-17T03:38:06.798+0000] {dag.py:2726} INFO - Sync 1 DAGs
[2023-06-17T03:38:06.844+0000] {logging_mixin.py:149} INFO - [2023-06-17T03:38:06.843+0000] {dag.py:3490} INFO - Setting next_dagrun for example_branch_dop_operator_v3 to 2023-06-17T03:37:00+00:00, run_after=2023-06-17T03:38:00+00:00
[2023-06-17T03:38:06.874+0000] {processor.py:179} INFO - Processing /home/airflow/.local/lib/python3.7/site-packages/airflow/example_dags/example_branch_python_dop_operator_3.py took 0.174 seconds
[2023-06-17T03:38:37.590+0000] {processor.py:157} INFO - Started process (PID=392) to work on /home/airflow/.local/lib/python3.7/site-packages/airflow/example_dags/example_branch_python_dop_operator_3.py
[2023-06-17T03:38:37.591+0000] {processor.py:826} INFO - Processing file /home/airflow/.local/lib/python3.7/site-packages/airflow/example_dags/example_branch_python_dop_operator_3.py for tasks to queue
[2023-06-17T03:38:37.592+0000] {logging_mixin.py:149} INFO - [2023-06-17T03:38:37.591+0000] {dagbag.py:541} INFO - Filling up the DagBag from /home/airflow/.local/lib/python3.7/site-packages/airflow/example_dags/example_branch_python_dop_operator_3.py
[2023-06-17T03:38:37.602+0000] {processor.py:836} INFO - DAG(s) dict_keys(['example_branch_dop_operator_v3']) retrieved from /home/airflow/.local/lib/python3.7/site-packages/airflow/example_dags/example_branch_python_dop_operator_3.py
[2023-06-17T03:38:37.642+0000] {logging_mixin.py:149} INFO - [2023-06-17T03:38:37.642+0000] {dag.py:2726} INFO - Sync 1 DAGs
[2023-06-17T03:38:37.708+0000] {logging_mixin.py:149} INFO - [2023-06-17T03:38:37.708+0000] {dag.py:3490} INFO - Setting next_dagrun for example_branch_dop_operator_v3 to 2023-06-17T03:37:00+00:00, run_after=2023-06-17T03:38:00+00:00
[2023-06-17T03:38:37.783+0000] {processor.py:179} INFO - Processing /home/airflow/.local/lib/python3.7/site-packages/airflow/example_dags/example_branch_python_dop_operator_3.py took 0.197 seconds
[2023-06-17T03:39:08.647+0000] {processor.py:157} INFO - Started process (PID=453) to work on /home/airflow/.local/lib/python3.7/site-packages/airflow/example_dags/example_branch_python_dop_operator_3.py
[2023-06-17T03:39:08.648+0000] {processor.py:826} INFO - Processing file /home/airflow/.local/lib/python3.7/site-packages/airflow/example_dags/example_branch_python_dop_operator_3.py for tasks to queue
[2023-06-17T03:39:08.648+0000] {logging_mixin.py:149} INFO - [2023-06-17T03:39:08.648+0000] {dagbag.py:541} INFO - Filling up the DagBag from /home/airflow/.local/lib/python3.7/site-packages/airflow/example_dags/example_branch_python_dop_operator_3.py
[2023-06-17T03:39:08.656+0000] {processor.py:836} INFO - DAG(s) dict_keys(['example_branch_dop_operator_v3']) retrieved from /home/airflow/.local/lib/python3.7/site-packages/airflow/example_dags/example_branch_python_dop_operator_3.py
[2023-06-17T03:39:08.677+0000] {logging_mixin.py:149} INFO - [2023-06-17T03:39:08.677+0000] {dag.py:2726} INFO - Sync 1 DAGs
[2023-06-17T03:39:08.710+0000] {logging_mixin.py:149} INFO - [2023-06-17T03:39:08.709+0000] {dag.py:3490} INFO - Setting next_dagrun for example_branch_dop_operator_v3 to 2023-06-17T03:38:00+00:00, run_after=2023-06-17T03:39:00+00:00
[2023-06-17T03:39:08.742+0000] {processor.py:179} INFO - Processing /home/airflow/.local/lib/python3.7/site-packages/airflow/example_dags/example_branch_python_dop_operator_3.py took 0.097 seconds
[2023-06-17T03:39:38.950+0000] {processor.py:157} INFO - Started process (PID=514) to work on /home/airflow/.local/lib/python3.7/site-packages/airflow/example_dags/example_branch_python_dop_operator_3.py
[2023-06-17T03:39:38.957+0000] {processor.py:826} INFO - Processing file /home/airflow/.local/lib/python3.7/site-packages/airflow/example_dags/example_branch_python_dop_operator_3.py for tasks to queue
[2023-06-17T03:39:38.958+0000] {logging_mixin.py:149} INFO - [2023-06-17T03:39:38.958+0000] {dagbag.py:541} INFO - Filling up the DagBag from /home/airflow/.local/lib/python3.7/site-packages/airflow/example_dags/example_branch_python_dop_operator_3.py
[2023-06-17T03:39:38.969+0000] {processor.py:836} INFO - DAG(s) dict_keys(['example_branch_dop_operator_v3']) retrieved from /home/airflow/.local/lib/python3.7/site-packages/airflow/example_dags/example_branch_python_dop_operator_3.py
[2023-06-17T03:39:38.996+0000] {logging_mixin.py:149} INFO - [2023-06-17T03:39:38.996+0000] {dag.py:2726} INFO - Sync 1 DAGs
[2023-06-17T03:39:39.033+0000] {logging_mixin.py:149} INFO - [2023-06-17T03:39:39.033+0000] {dag.py:3490} INFO - Setting next_dagrun for example_branch_dop_operator_v3 to 2023-06-17T03:38:00+00:00, run_after=2023-06-17T03:39:00+00:00
[2023-06-17T03:39:39.058+0000] {processor.py:179} INFO - Processing /home/airflow/.local/lib/python3.7/site-packages/airflow/example_dags/example_branch_python_dop_operator_3.py took 0.111 seconds
[2023-06-17T03:40:09.567+0000] {processor.py:157} INFO - Started process (PID=574) to work on /home/airflow/.local/lib/python3.7/site-packages/airflow/example_dags/example_branch_python_dop_operator_3.py
[2023-06-17T03:40:09.583+0000] {processor.py:826} INFO - Processing file /home/airflow/.local/lib/python3.7/site-packages/airflow/example_dags/example_branch_python_dop_operator_3.py for tasks to queue
[2023-06-17T03:40:09.583+0000] {logging_mixin.py:149} INFO - [2023-06-17T03:40:09.583+0000] {dagbag.py:541} INFO - Filling up the DagBag from /home/airflow/.local/lib/python3.7/site-packages/airflow/example_dags/example_branch_python_dop_operator_3.py
[2023-06-17T03:40:09.590+0000] {processor.py:836} INFO - DAG(s) dict_keys(['example_branch_dop_operator_v3']) retrieved from /home/airflow/.local/lib/python3.7/site-packages/airflow/example_dags/example_branch_python_dop_operator_3.py
[2023-06-17T03:40:09.611+0000] {logging_mixin.py:149} INFO - [2023-06-17T03:40:09.611+0000] {dag.py:2726} INFO - Sync 1 DAGs
[2023-06-17T03:40:09.641+0000] {logging_mixin.py:149} INFO - [2023-06-17T03:40:09.641+0000] {dag.py:3490} INFO - Setting next_dagrun for example_branch_dop_operator_v3 to 2023-06-17T03:39:00+00:00, run_after=2023-06-17T03:40:00+00:00
[2023-06-17T03:40:09.918+0000] {processor.py:179} INFO - Processing /home/airflow/.local/lib/python3.7/site-packages/airflow/example_dags/example_branch_python_dop_operator_3.py took 0.354 seconds
[2023-06-17T03:40:40.555+0000] {processor.py:157} INFO - Started process (PID=637) to work on /home/airflow/.local/lib/python3.7/site-packages/airflow/example_dags/example_branch_python_dop_operator_3.py
[2023-06-17T03:40:40.567+0000] {processor.py:826} INFO - Processing file /home/airflow/.local/lib/python3.7/site-packages/airflow/example_dags/example_branch_python_dop_operator_3.py for tasks to queue
[2023-06-17T03:40:40.568+0000] {logging_mixin.py:149} INFO - [2023-06-17T03:40:40.568+0000] {dagbag.py:541} INFO - Filling up the DagBag from /home/airflow/.local/lib/python3.7/site-packages/airflow/example_dags/example_branch_python_dop_operator_3.py
[2023-06-17T03:40:40.579+0000] {processor.py:836} INFO - DAG(s) dict_keys(['example_branch_dop_operator_v3']) retrieved from /home/airflow/.local/lib/python3.7/site-packages/airflow/example_dags/example_branch_python_dop_operator_3.py
[2023-06-17T03:40:40.633+0000] {logging_mixin.py:149} INFO - [2023-06-17T03:40:40.633+0000] {dag.py:2726} INFO - Sync 1 DAGs
[2023-06-17T03:40:40.670+0000] {logging_mixin.py:149} INFO - [2023-06-17T03:40:40.670+0000] {dag.py:3490} INFO - Setting next_dagrun for example_branch_dop_operator_v3 to 2023-06-17T03:39:00+00:00, run_after=2023-06-17T03:40:00+00:00
[2023-06-17T03:40:40.706+0000] {processor.py:179} INFO - Processing /home/airflow/.local/lib/python3.7/site-packages/airflow/example_dags/example_branch_python_dop_operator_3.py took 0.154 seconds
[2023-06-17T03:41:11.023+0000] {processor.py:157} INFO - Started process (PID=699) to work on /home/airflow/.local/lib/python3.7/site-packages/airflow/example_dags/example_branch_python_dop_operator_3.py
[2023-06-17T03:41:11.025+0000] {processor.py:826} INFO - Processing file /home/airflow/.local/lib/python3.7/site-packages/airflow/example_dags/example_branch_python_dop_operator_3.py for tasks to queue
[2023-06-17T03:41:11.026+0000] {logging_mixin.py:149} INFO - [2023-06-17T03:41:11.025+0000] {dagbag.py:541} INFO - Filling up the DagBag from /home/airflow/.local/lib/python3.7/site-packages/airflow/example_dags/example_branch_python_dop_operator_3.py
[2023-06-17T03:41:11.042+0000] {processor.py:836} INFO - DAG(s) dict_keys(['example_branch_dop_operator_v3']) retrieved from /home/airflow/.local/lib/python3.7/site-packages/airflow/example_dags/example_branch_python_dop_operator_3.py
[2023-06-17T03:41:11.138+0000] {logging_mixin.py:149} INFO - [2023-06-17T03:41:11.138+0000] {dag.py:2726} INFO - Sync 1 DAGs
[2023-06-17T03:41:11.212+0000] {logging_mixin.py:149} INFO - [2023-06-17T03:41:11.211+0000] {dag.py:3490} INFO - Setting next_dagrun for example_branch_dop_operator_v3 to 2023-06-17T03:40:00+00:00, run_after=2023-06-17T03:41:00+00:00
[2023-06-17T03:41:11.255+0000] {processor.py:179} INFO - Processing /home/airflow/.local/lib/python3.7/site-packages/airflow/example_dags/example_branch_python_dop_operator_3.py took 0.260 seconds
[2023-06-17T03:41:42.079+0000] {processor.py:157} INFO - Started process (PID=759) to work on /home/airflow/.local/lib/python3.7/site-packages/airflow/example_dags/example_branch_python_dop_operator_3.py
[2023-06-17T03:41:42.080+0000] {processor.py:826} INFO - Processing file /home/airflow/.local/lib/python3.7/site-packages/airflow/example_dags/example_branch_python_dop_operator_3.py for tasks to queue
[2023-06-17T03:41:42.080+0000] {logging_mixin.py:149} INFO - [2023-06-17T03:41:42.080+0000] {dagbag.py:541} INFO - Filling up the DagBag from /home/airflow/.local/lib/python3.7/site-packages/airflow/example_dags/example_branch_python_dop_operator_3.py
[2023-06-17T03:41:42.088+0000] {processor.py:836} INFO - DAG(s) dict_keys(['example_branch_dop_operator_v3']) retrieved from /home/airflow/.local/lib/python3.7/site-packages/airflow/example_dags/example_branch_python_dop_operator_3.py
[2023-06-17T03:41:42.111+0000] {logging_mixin.py:149} INFO - [2023-06-17T03:41:42.111+0000] {dag.py:2726} INFO - Sync 1 DAGs
[2023-06-17T03:41:42.145+0000] {logging_mixin.py:149} INFO - [2023-06-17T03:41:42.145+0000] {dag.py:3490} INFO - Setting next_dagrun for example_branch_dop_operator_v3 to 2023-06-17T03:40:00+00:00, run_after=2023-06-17T03:41:00+00:00
[2023-06-17T03:41:42.175+0000] {processor.py:179} INFO - Processing /home/airflow/.local/lib/python3.7/site-packages/airflow/example_dags/example_branch_python_dop_operator_3.py took 0.098 seconds
[2023-06-17T03:42:13.124+0000] {processor.py:157} INFO - Started process (PID=820) to work on /home/airflow/.local/lib/python3.7/site-packages/airflow/example_dags/example_branch_python_dop_operator_3.py
[2023-06-17T03:42:13.127+0000] {processor.py:826} INFO - Processing file /home/airflow/.local/lib/python3.7/site-packages/airflow/example_dags/example_branch_python_dop_operator_3.py for tasks to queue
[2023-06-17T03:42:13.128+0000] {logging_mixin.py:149} INFO - [2023-06-17T03:42:13.127+0000] {dagbag.py:541} INFO - Filling up the DagBag from /home/airflow/.local/lib/python3.7/site-packages/airflow/example_dags/example_branch_python_dop_operator_3.py
[2023-06-17T03:42:13.135+0000] {processor.py:836} INFO - DAG(s) dict_keys(['example_branch_dop_operator_v3']) retrieved from /home/airflow/.local/lib/python3.7/site-packages/airflow/example_dags/example_branch_python_dop_operator_3.py
[2023-06-17T03:42:13.157+0000] {logging_mixin.py:149} INFO - [2023-06-17T03:42:13.157+0000] {dag.py:2726} INFO - Sync 1 DAGs
[2023-06-17T03:42:13.189+0000] {logging_mixin.py:149} INFO - [2023-06-17T03:42:13.189+0000] {dag.py:3490} INFO - Setting next_dagrun for example_branch_dop_operator_v3 to 2023-06-17T03:41:00+00:00, run_after=2023-06-17T03:42:00+00:00
[2023-06-17T03:42:13.220+0000] {processor.py:179} INFO - Processing /home/airflow/.local/lib/python3.7/site-packages/airflow/example_dags/example_branch_python_dop_operator_3.py took 0.098 seconds
[2023-06-17T03:42:43.913+0000] {processor.py:157} INFO - Started process (PID=881) to work on /home/airflow/.local/lib/python3.7/site-packages/airflow/example_dags/example_branch_python_dop_operator_3.py
[2023-06-17T03:42:43.924+0000] {processor.py:826} INFO - Processing file /home/airflow/.local/lib/python3.7/site-packages/airflow/example_dags/example_branch_python_dop_operator_3.py for tasks to queue
[2023-06-17T03:42:43.925+0000] {logging_mixin.py:149} INFO - [2023-06-17T03:42:43.924+0000] {dagbag.py:541} INFO - Filling up the DagBag from /home/airflow/.local/lib/python3.7/site-packages/airflow/example_dags/example_branch_python_dop_operator_3.py
[2023-06-17T03:42:43.933+0000] {processor.py:836} INFO - DAG(s) dict_keys(['example_branch_dop_operator_v3']) retrieved from /home/airflow/.local/lib/python3.7/site-packages/airflow/example_dags/example_branch_python_dop_operator_3.py
[2023-06-17T03:42:43.957+0000] {logging_mixin.py:149} INFO - [2023-06-17T03:42:43.957+0000] {dag.py:2726} INFO - Sync 1 DAGs
[2023-06-17T03:42:44.001+0000] {logging_mixin.py:149} INFO - [2023-06-17T03:42:44.001+0000] {dag.py:3490} INFO - Setting next_dagrun for example_branch_dop_operator_v3 to 2023-06-17T03:41:00+00:00, run_after=2023-06-17T03:42:00+00:00
[2023-06-17T03:42:44.029+0000] {processor.py:179} INFO - Processing /home/airflow/.local/lib/python3.7/site-packages/airflow/example_dags/example_branch_python_dop_operator_3.py took 0.119 seconds
[2023-06-17T03:43:14.475+0000] {processor.py:157} INFO - Started process (PID=942) to work on /home/airflow/.local/lib/python3.7/site-packages/airflow/example_dags/example_branch_python_dop_operator_3.py
[2023-06-17T03:43:14.487+0000] {processor.py:826} INFO - Processing file /home/airflow/.local/lib/python3.7/site-packages/airflow/example_dags/example_branch_python_dop_operator_3.py for tasks to queue
[2023-06-17T03:43:14.487+0000] {logging_mixin.py:149} INFO - [2023-06-17T03:43:14.487+0000] {dagbag.py:541} INFO - Filling up the DagBag from /home/airflow/.local/lib/python3.7/site-packages/airflow/example_dags/example_branch_python_dop_operator_3.py
[2023-06-17T03:43:14.495+0000] {processor.py:836} INFO - DAG(s) dict_keys(['example_branch_dop_operator_v3']) retrieved from /home/airflow/.local/lib/python3.7/site-packages/airflow/example_dags/example_branch_python_dop_operator_3.py
[2023-06-17T03:43:14.518+0000] {logging_mixin.py:149} INFO - [2023-06-17T03:43:14.518+0000] {dag.py:2726} INFO - Sync 1 DAGs
[2023-06-17T03:43:14.552+0000] {logging_mixin.py:149} INFO - [2023-06-17T03:43:14.552+0000] {dag.py:3490} INFO - Setting next_dagrun for example_branch_dop_operator_v3 to 2023-06-17T03:42:00+00:00, run_after=2023-06-17T03:43:00+00:00
[2023-06-17T03:43:14.582+0000] {processor.py:179} INFO - Processing /home/airflow/.local/lib/python3.7/site-packages/airflow/example_dags/example_branch_python_dop_operator_3.py took 0.110 seconds
[2023-06-17T03:43:45.062+0000] {processor.py:157} INFO - Started process (PID=1003) to work on /home/airflow/.local/lib/python3.7/site-packages/airflow/example_dags/example_branch_python_dop_operator_3.py
[2023-06-17T03:43:45.077+0000] {processor.py:826} INFO - Processing file /home/airflow/.local/lib/python3.7/site-packages/airflow/example_dags/example_branch_python_dop_operator_3.py for tasks to queue
[2023-06-17T03:43:45.078+0000] {logging_mixin.py:149} INFO - [2023-06-17T03:43:45.078+0000] {dagbag.py:541} INFO - Filling up the DagBag from /home/airflow/.local/lib/python3.7/site-packages/airflow/example_dags/example_branch_python_dop_operator_3.py
[2023-06-17T03:43:45.086+0000] {processor.py:836} INFO - DAG(s) dict_keys(['example_branch_dop_operator_v3']) retrieved from /home/airflow/.local/lib/python3.7/site-packages/airflow/example_dags/example_branch_python_dop_operator_3.py
[2023-06-17T03:43:45.114+0000] {logging_mixin.py:149} INFO - [2023-06-17T03:43:45.113+0000] {dag.py:2726} INFO - Sync 1 DAGs
[2023-06-17T03:43:45.156+0000] {logging_mixin.py:149} INFO - [2023-06-17T03:43:45.155+0000] {dag.py:3490} INFO - Setting next_dagrun for example_branch_dop_operator_v3 to 2023-06-17T03:42:00+00:00, run_after=2023-06-17T03:43:00+00:00
[2023-06-17T03:43:45.180+0000] {processor.py:179} INFO - Processing /home/airflow/.local/lib/python3.7/site-packages/airflow/example_dags/example_branch_python_dop_operator_3.py took 0.121 seconds
[2023-06-17T03:44:15.431+0000] {processor.py:157} INFO - Started process (PID=1065) to work on /home/airflow/.local/lib/python3.7/site-packages/airflow/example_dags/example_branch_python_dop_operator_3.py
[2023-06-17T03:44:15.435+0000] {processor.py:826} INFO - Processing file /home/airflow/.local/lib/python3.7/site-packages/airflow/example_dags/example_branch_python_dop_operator_3.py for tasks to queue
[2023-06-17T03:44:15.436+0000] {logging_mixin.py:149} INFO - [2023-06-17T03:44:15.436+0000] {dagbag.py:541} INFO - Filling up the DagBag from /home/airflow/.local/lib/python3.7/site-packages/airflow/example_dags/example_branch_python_dop_operator_3.py
[2023-06-17T03:44:15.444+0000] {processor.py:836} INFO - DAG(s) dict_keys(['example_branch_dop_operator_v3']) retrieved from /home/airflow/.local/lib/python3.7/site-packages/airflow/example_dags/example_branch_python_dop_operator_3.py
[2023-06-17T03:44:15.470+0000] {logging_mixin.py:149} INFO - [2023-06-17T03:44:15.469+0000] {dag.py:2726} INFO - Sync 1 DAGs
[2023-06-17T03:44:15.507+0000] {logging_mixin.py:149} INFO - [2023-06-17T03:44:15.507+0000] {dag.py:3490} INFO - Setting next_dagrun for example_branch_dop_operator_v3 to 2023-06-17T03:43:00+00:00, run_after=2023-06-17T03:44:00+00:00
[2023-06-17T03:44:15.542+0000] {processor.py:179} INFO - Processing /home/airflow/.local/lib/python3.7/site-packages/airflow/example_dags/example_branch_python_dop_operator_3.py took 0.114 seconds
[2023-06-17T03:44:45.671+0000] {processor.py:157} INFO - Started process (PID=1125) to work on /home/airflow/.local/lib/python3.7/site-packages/airflow/example_dags/example_branch_python_dop_operator_3.py
[2023-06-17T03:44:45.703+0000] {processor.py:826} INFO - Processing file /home/airflow/.local/lib/python3.7/site-packages/airflow/example_dags/example_branch_python_dop_operator_3.py for tasks to queue
[2023-06-17T03:44:45.704+0000] {logging_mixin.py:149} INFO - [2023-06-17T03:44:45.704+0000] {dagbag.py:541} INFO - Filling up the DagBag from /home/airflow/.local/lib/python3.7/site-packages/airflow/example_dags/example_branch_python_dop_operator_3.py
[2023-06-17T03:44:45.711+0000] {processor.py:836} INFO - DAG(s) dict_keys(['example_branch_dop_operator_v3']) retrieved from /home/airflow/.local/lib/python3.7/site-packages/airflow/example_dags/example_branch_python_dop_operator_3.py
[2023-06-17T03:44:45.733+0000] {logging_mixin.py:149} INFO - [2023-06-17T03:44:45.733+0000] {dag.py:2726} INFO - Sync 1 DAGs
[2023-06-17T03:44:45.765+0000] {logging_mixin.py:149} INFO - [2023-06-17T03:44:45.765+0000] {dag.py:3490} INFO - Setting next_dagrun for example_branch_dop_operator_v3 to 2023-06-17T03:43:00+00:00, run_after=2023-06-17T03:44:00+00:00
[2023-06-17T03:44:45.802+0000] {processor.py:179} INFO - Processing /home/airflow/.local/lib/python3.7/site-packages/airflow/example_dags/example_branch_python_dop_operator_3.py took 0.134 seconds
[2023-06-17T03:45:16.299+0000] {processor.py:157} INFO - Started process (PID=1186) to work on /home/airflow/.local/lib/python3.7/site-packages/airflow/example_dags/example_branch_python_dop_operator_3.py
[2023-06-17T03:45:16.307+0000] {processor.py:826} INFO - Processing file /home/airflow/.local/lib/python3.7/site-packages/airflow/example_dags/example_branch_python_dop_operator_3.py for tasks to queue
[2023-06-17T03:45:16.308+0000] {logging_mixin.py:149} INFO - [2023-06-17T03:45:16.308+0000] {dagbag.py:541} INFO - Filling up the DagBag from /home/airflow/.local/lib/python3.7/site-packages/airflow/example_dags/example_branch_python_dop_operator_3.py
[2023-06-17T03:45:16.315+0000] {processor.py:836} INFO - DAG(s) dict_keys(['example_branch_dop_operator_v3']) retrieved from /home/airflow/.local/lib/python3.7/site-packages/airflow/example_dags/example_branch_python_dop_operator_3.py
[2023-06-17T03:45:16.344+0000] {logging_mixin.py:149} INFO - [2023-06-17T03:45:16.344+0000] {dag.py:2726} INFO - Sync 1 DAGs
[2023-06-17T03:45:16.391+0000] {logging_mixin.py:149} INFO - [2023-06-17T03:45:16.391+0000] {dag.py:3490} INFO - Setting next_dagrun for example_branch_dop_operator_v3 to 2023-06-17T03:44:00+00:00, run_after=2023-06-17T03:45:00+00:00
[2023-06-17T03:45:16.422+0000] {processor.py:179} INFO - Processing /home/airflow/.local/lib/python3.7/site-packages/airflow/example_dags/example_branch_python_dop_operator_3.py took 0.126 seconds
[2023-06-17T03:45:46.585+0000] {processor.py:157} INFO - Started process (PID=1247) to work on /home/airflow/.local/lib/python3.7/site-packages/airflow/example_dags/example_branch_python_dop_operator_3.py
[2023-06-17T03:45:46.593+0000] {processor.py:826} INFO - Processing file /home/airflow/.local/lib/python3.7/site-packages/airflow/example_dags/example_branch_python_dop_operator_3.py for tasks to queue
[2023-06-17T03:45:46.593+0000] {logging_mixin.py:149} INFO - [2023-06-17T03:45:46.593+0000] {dagbag.py:541} INFO - Filling up the DagBag from /home/airflow/.local/lib/python3.7/site-packages/airflow/example_dags/example_branch_python_dop_operator_3.py
[2023-06-17T03:45:46.600+0000] {processor.py:836} INFO - DAG(s) dict_keys(['example_branch_dop_operator_v3']) retrieved from /home/airflow/.local/lib/python3.7/site-packages/airflow/example_dags/example_branch_python_dop_operator_3.py
[2023-06-17T03:45:46.622+0000] {logging_mixin.py:149} INFO - [2023-06-17T03:45:46.622+0000] {dag.py:2726} INFO - Sync 1 DAGs
[2023-06-17T03:45:46.654+0000] {logging_mixin.py:149} INFO - [2023-06-17T03:45:46.654+0000] {dag.py:3490} INFO - Setting next_dagrun for example_branch_dop_operator_v3 to 2023-06-17T03:44:00+00:00, run_after=2023-06-17T03:45:00+00:00
[2023-06-17T03:45:46.687+0000] {processor.py:179} INFO - Processing /home/airflow/.local/lib/python3.7/site-packages/airflow/example_dags/example_branch_python_dop_operator_3.py took 0.105 seconds
[2023-06-17T03:46:17.509+0000] {processor.py:157} INFO - Started process (PID=1308) to work on /home/airflow/.local/lib/python3.7/site-packages/airflow/example_dags/example_branch_python_dop_operator_3.py
[2023-06-17T03:46:17.513+0000] {processor.py:826} INFO - Processing file /home/airflow/.local/lib/python3.7/site-packages/airflow/example_dags/example_branch_python_dop_operator_3.py for tasks to queue
[2023-06-17T03:46:17.513+0000] {logging_mixin.py:149} INFO - [2023-06-17T03:46:17.513+0000] {dagbag.py:541} INFO - Filling up the DagBag from /home/airflow/.local/lib/python3.7/site-packages/airflow/example_dags/example_branch_python_dop_operator_3.py
[2023-06-17T03:46:17.521+0000] {processor.py:836} INFO - DAG(s) dict_keys(['example_branch_dop_operator_v3']) retrieved from /home/airflow/.local/lib/python3.7/site-packages/airflow/example_dags/example_branch_python_dop_operator_3.py
[2023-06-17T03:46:17.543+0000] {logging_mixin.py:149} INFO - [2023-06-17T03:46:17.543+0000] {dag.py:2726} INFO - Sync 1 DAGs
[2023-06-17T03:46:17.578+0000] {logging_mixin.py:149} INFO - [2023-06-17T03:46:17.578+0000] {dag.py:3490} INFO - Setting next_dagrun for example_branch_dop_operator_v3 to 2023-06-17T03:45:00+00:00, run_after=2023-06-17T03:46:00+00:00
[2023-06-17T03:46:17.605+0000] {processor.py:179} INFO - Processing /home/airflow/.local/lib/python3.7/site-packages/airflow/example_dags/example_branch_python_dop_operator_3.py took 0.098 seconds
[2023-06-17T03:46:48.733+0000] {processor.py:157} INFO - Started process (PID=1369) to work on /home/airflow/.local/lib/python3.7/site-packages/airflow/example_dags/example_branch_python_dop_operator_3.py
[2023-06-17T03:46:48.831+0000] {processor.py:826} INFO - Processing file /home/airflow/.local/lib/python3.7/site-packages/airflow/example_dags/example_branch_python_dop_operator_3.py for tasks to queue
[2023-06-17T03:46:48.832+0000] {logging_mixin.py:149} INFO - [2023-06-17T03:46:48.832+0000] {dagbag.py:541} INFO - Filling up the DagBag from /home/airflow/.local/lib/python3.7/site-packages/airflow/example_dags/example_branch_python_dop_operator_3.py
[2023-06-17T03:46:48.842+0000] {processor.py:836} INFO - DAG(s) dict_keys(['example_branch_dop_operator_v3']) retrieved from /home/airflow/.local/lib/python3.7/site-packages/airflow/example_dags/example_branch_python_dop_operator_3.py
[2023-06-17T03:46:48.868+0000] {logging_mixin.py:149} INFO - [2023-06-17T03:46:48.868+0000] {dag.py:2726} INFO - Sync 1 DAGs
[2023-06-17T03:46:48.904+0000] {logging_mixin.py:149} INFO - [2023-06-17T03:46:48.904+0000] {dag.py:3490} INFO - Setting next_dagrun for example_branch_dop_operator_v3 to 2023-06-17T03:45:00+00:00, run_after=2023-06-17T03:46:00+00:00
[2023-06-17T03:46:48.943+0000] {processor.py:179} INFO - Processing /home/airflow/.local/lib/python3.7/site-packages/airflow/example_dags/example_branch_python_dop_operator_3.py took 0.212 seconds
[2023-06-17T03:47:19.035+0000] {processor.py:157} INFO - Started process (PID=1431) to work on /home/airflow/.local/lib/python3.7/site-packages/airflow/example_dags/example_branch_python_dop_operator_3.py
[2023-06-17T03:47:19.061+0000] {processor.py:826} INFO - Processing file /home/airflow/.local/lib/python3.7/site-packages/airflow/example_dags/example_branch_python_dop_operator_3.py for tasks to queue
[2023-06-17T03:47:19.062+0000] {logging_mixin.py:149} INFO - [2023-06-17T03:47:19.062+0000] {dagbag.py:541} INFO - Filling up the DagBag from /home/airflow/.local/lib/python3.7/site-packages/airflow/example_dags/example_branch_python_dop_operator_3.py
[2023-06-17T03:47:19.069+0000] {processor.py:836} INFO - DAG(s) dict_keys(['example_branch_dop_operator_v3']) retrieved from /home/airflow/.local/lib/python3.7/site-packages/airflow/example_dags/example_branch_python_dop_operator_3.py
[2023-06-17T03:47:19.093+0000] {logging_mixin.py:149} INFO - [2023-06-17T03:47:19.092+0000] {dag.py:2726} INFO - Sync 1 DAGs
[2023-06-17T03:47:19.130+0000] {logging_mixin.py:149} INFO - [2023-06-17T03:47:19.129+0000] {dag.py:3490} INFO - Setting next_dagrun for example_branch_dop_operator_v3 to 2023-06-17T03:46:00+00:00, run_after=2023-06-17T03:47:00+00:00
[2023-06-17T03:47:19.164+0000] {processor.py:179} INFO - Processing /home/airflow/.local/lib/python3.7/site-packages/airflow/example_dags/example_branch_python_dop_operator_3.py took 0.133 seconds
[2023-06-17T03:47:50.047+0000] {processor.py:157} INFO - Started process (PID=1491) to work on /home/airflow/.local/lib/python3.7/site-packages/airflow/example_dags/example_branch_python_dop_operator_3.py
[2023-06-17T03:47:50.053+0000] {processor.py:826} INFO - Processing file /home/airflow/.local/lib/python3.7/site-packages/airflow/example_dags/example_branch_python_dop_operator_3.py for tasks to queue
[2023-06-17T03:47:50.054+0000] {logging_mixin.py:149} INFO - [2023-06-17T03:47:50.053+0000] {dagbag.py:541} INFO - Filling up the DagBag from /home/airflow/.local/lib/python3.7/site-packages/airflow/example_dags/example_branch_python_dop_operator_3.py
[2023-06-17T03:47:50.061+0000] {processor.py:836} INFO - DAG(s) dict_keys(['example_branch_dop_operator_v3']) retrieved from /home/airflow/.local/lib/python3.7/site-packages/airflow/example_dags/example_branch_python_dop_operator_3.py
[2023-06-17T03:47:50.085+0000] {logging_mixin.py:149} INFO - [2023-06-17T03:47:50.085+0000] {dag.py:2726} INFO - Sync 1 DAGs
[2023-06-17T03:47:50.124+0000] {logging_mixin.py:149} INFO - [2023-06-17T03:47:50.124+0000] {dag.py:3490} INFO - Setting next_dagrun for example_branch_dop_operator_v3 to 2023-06-17T03:46:00+00:00, run_after=2023-06-17T03:47:00+00:00
[2023-06-17T03:47:50.156+0000] {processor.py:179} INFO - Processing /home/airflow/.local/lib/python3.7/site-packages/airflow/example_dags/example_branch_python_dop_operator_3.py took 0.112 seconds
[2023-06-17T03:48:20.699+0000] {processor.py:157} INFO - Started process (PID=1552) to work on /home/airflow/.local/lib/python3.7/site-packages/airflow/example_dags/example_branch_python_dop_operator_3.py
[2023-06-17T03:48:20.706+0000] {processor.py:826} INFO - Processing file /home/airflow/.local/lib/python3.7/site-packages/airflow/example_dags/example_branch_python_dop_operator_3.py for tasks to queue
[2023-06-17T03:48:20.707+0000] {logging_mixin.py:149} INFO - [2023-06-17T03:48:20.707+0000] {dagbag.py:541} INFO - Filling up the DagBag from /home/airflow/.local/lib/python3.7/site-packages/airflow/example_dags/example_branch_python_dop_operator_3.py
[2023-06-17T03:48:20.714+0000] {processor.py:836} INFO - DAG(s) dict_keys(['example_branch_dop_operator_v3']) retrieved from /home/airflow/.local/lib/python3.7/site-packages/airflow/example_dags/example_branch_python_dop_operator_3.py
[2023-06-17T03:48:20.735+0000] {logging_mixin.py:149} INFO - [2023-06-17T03:48:20.735+0000] {dag.py:2726} INFO - Sync 1 DAGs
[2023-06-17T03:48:20.773+0000] {logging_mixin.py:149} INFO - [2023-06-17T03:48:20.773+0000] {dag.py:3490} INFO - Setting next_dagrun for example_branch_dop_operator_v3 to 2023-06-17T03:47:00+00:00, run_after=2023-06-17T03:48:00+00:00
[2023-06-17T03:48:20.807+0000] {processor.py:179} INFO - Processing /home/airflow/.local/lib/python3.7/site-packages/airflow/example_dags/example_branch_python_dop_operator_3.py took 0.110 seconds
[2023-06-17T03:48:51.282+0000] {processor.py:157} INFO - Started process (PID=1613) to work on /home/airflow/.local/lib/python3.7/site-packages/airflow/example_dags/example_branch_python_dop_operator_3.py
[2023-06-17T03:48:51.287+0000] {processor.py:826} INFO - Processing file /home/airflow/.local/lib/python3.7/site-packages/airflow/example_dags/example_branch_python_dop_operator_3.py for tasks to queue
[2023-06-17T03:48:51.288+0000] {logging_mixin.py:149} INFO - [2023-06-17T03:48:51.288+0000] {dagbag.py:541} INFO - Filling up the DagBag from /home/airflow/.local/lib/python3.7/site-packages/airflow/example_dags/example_branch_python_dop_operator_3.py
[2023-06-17T03:48:51.295+0000] {processor.py:836} INFO - DAG(s) dict_keys(['example_branch_dop_operator_v3']) retrieved from /home/airflow/.local/lib/python3.7/site-packages/airflow/example_dags/example_branch_python_dop_operator_3.py
[2023-06-17T03:48:51.319+0000] {logging_mixin.py:149} INFO - [2023-06-17T03:48:51.319+0000] {dag.py:2726} INFO - Sync 1 DAGs
[2023-06-17T03:48:51.357+0000] {logging_mixin.py:149} INFO - [2023-06-17T03:48:51.357+0000] {dag.py:3490} INFO - Setting next_dagrun for example_branch_dop_operator_v3 to 2023-06-17T03:47:00+00:00, run_after=2023-06-17T03:48:00+00:00
[2023-06-17T03:48:51.392+0000] {processor.py:179} INFO - Processing /home/airflow/.local/lib/python3.7/site-packages/airflow/example_dags/example_branch_python_dop_operator_3.py took 0.113 seconds
[2023-06-17T03:49:22.271+0000] {processor.py:157} INFO - Started process (PID=1675) to work on /home/airflow/.local/lib/python3.7/site-packages/airflow/example_dags/example_branch_python_dop_operator_3.py
[2023-06-17T03:49:22.275+0000] {processor.py:826} INFO - Processing file /home/airflow/.local/lib/python3.7/site-packages/airflow/example_dags/example_branch_python_dop_operator_3.py for tasks to queue
[2023-06-17T03:49:22.276+0000] {logging_mixin.py:149} INFO - [2023-06-17T03:49:22.276+0000] {dagbag.py:541} INFO - Filling up the DagBag from /home/airflow/.local/lib/python3.7/site-packages/airflow/example_dags/example_branch_python_dop_operator_3.py
[2023-06-17T03:49:22.285+0000] {processor.py:836} INFO - DAG(s) dict_keys(['example_branch_dop_operator_v3']) retrieved from /home/airflow/.local/lib/python3.7/site-packages/airflow/example_dags/example_branch_python_dop_operator_3.py
[2023-06-17T03:49:22.311+0000] {logging_mixin.py:149} INFO - [2023-06-17T03:49:22.311+0000] {dag.py:2726} INFO - Sync 1 DAGs
[2023-06-17T03:49:22.350+0000] {logging_mixin.py:149} INFO - [2023-06-17T03:49:22.350+0000] {dag.py:3490} INFO - Setting next_dagrun for example_branch_dop_operator_v3 to 2023-06-17T03:48:00+00:00, run_after=2023-06-17T03:49:00+00:00
[2023-06-17T03:49:22.376+0000] {processor.py:179} INFO - Processing /home/airflow/.local/lib/python3.7/site-packages/airflow/example_dags/example_branch_python_dop_operator_3.py took 0.107 seconds
