[2023-06-17T02:16:45.314+0000] {processor.py:157} INFO - Started process (PID=58) to work on /home/airflow/.local/lib/python3.7/site-packages/airflow/example_dags/example_short_circuit_operator.py
[2023-06-17T02:16:45.316+0000] {processor.py:826} INFO - Processing file /home/airflow/.local/lib/python3.7/site-packages/airflow/example_dags/example_short_circuit_operator.py for tasks to queue
[2023-06-17T02:16:45.324+0000] {logging_mixin.py:149} INFO - [2023-06-17T02:16:45.317+0000] {dagbag.py:541} INFO - Filling up the DagBag from /home/airflow/.local/lib/python3.7/site-packages/airflow/example_dags/example_short_circuit_operator.py
[2023-06-17T02:16:45.363+0000] {processor.py:836} INFO - DAG(s) dict_keys(['example_short_circuit_operator']) retrieved from /home/airflow/.local/lib/python3.7/site-packages/airflow/example_dags/example_short_circuit_operator.py
[2023-06-17T02:16:45.534+0000] {logging_mixin.py:149} INFO - [2023-06-17T02:16:45.534+0000] {dag.py:2726} INFO - Sync 1 DAGs
[2023-06-17T02:16:45.713+0000] {logging_mixin.py:149} INFO - [2023-06-17T02:16:45.712+0000] {dag.py:3490} INFO - Setting next_dagrun for example_short_circuit_operator to 2023-06-16T02:16:45.712413+00:00, run_after=2023-06-17T02:16:45.712413+00:00
[2023-06-17T02:16:45.829+0000] {processor.py:179} INFO - Processing /home/airflow/.local/lib/python3.7/site-packages/airflow/example_dags/example_short_circuit_operator.py took 0.546 seconds
[2023-06-17T02:17:55.360+0000] {processor.py:157} INFO - Started process (PID=118) to work on /home/airflow/.local/lib/python3.7/site-packages/airflow/example_dags/example_short_circuit_operator.py
[2023-06-17T02:17:55.578+0000] {processor.py:826} INFO - Processing file /home/airflow/.local/lib/python3.7/site-packages/airflow/example_dags/example_short_circuit_operator.py for tasks to queue
[2023-06-17T02:17:55.592+0000] {logging_mixin.py:149} INFO - [2023-06-17T02:17:55.591+0000] {dagbag.py:541} INFO - Filling up the DagBag from /home/airflow/.local/lib/python3.7/site-packages/airflow/example_dags/example_short_circuit_operator.py
[2023-06-17T02:17:55.857+0000] {processor.py:836} INFO - DAG(s) dict_keys(['example_short_circuit_operator']) retrieved from /home/airflow/.local/lib/python3.7/site-packages/airflow/example_dags/example_short_circuit_operator.py
[2023-06-17T02:17:55.881+0000] {logging_mixin.py:149} INFO - [2023-06-17T02:17:55.881+0000] {dag.py:2726} INFO - Sync 1 DAGs
[2023-06-17T02:17:55.907+0000] {logging_mixin.py:149} INFO - [2023-06-17T02:17:55.907+0000] {dag.py:3490} INFO - Setting next_dagrun for example_short_circuit_operator to 2023-06-16T02:17:55.906904+00:00, run_after=2023-06-17T02:17:55.906904+00:00
[2023-06-17T02:17:56.228+0000] {processor.py:179} INFO - Processing /home/airflow/.local/lib/python3.7/site-packages/airflow/example_dags/example_short_circuit_operator.py took 0.871 seconds
[2023-06-17T02:18:34.979+0000] {processor.py:157} INFO - Started process (PID=182) to work on /home/airflow/.local/lib/python3.7/site-packages/airflow/example_dags/example_short_circuit_operator.py
[2023-06-17T02:18:35.038+0000] {processor.py:826} INFO - Processing file /home/airflow/.local/lib/python3.7/site-packages/airflow/example_dags/example_short_circuit_operator.py for tasks to queue
[2023-06-17T02:18:35.040+0000] {logging_mixin.py:149} INFO - [2023-06-17T02:18:35.039+0000] {dagbag.py:541} INFO - Filling up the DagBag from /home/airflow/.local/lib/python3.7/site-packages/airflow/example_dags/example_short_circuit_operator.py
[2023-06-17T02:18:35.068+0000] {processor.py:836} INFO - DAG(s) dict_keys(['example_short_circuit_operator']) retrieved from /home/airflow/.local/lib/python3.7/site-packages/airflow/example_dags/example_short_circuit_operator.py
[2023-06-17T02:18:35.106+0000] {logging_mixin.py:149} INFO - [2023-06-17T02:18:35.105+0000] {dag.py:2726} INFO - Sync 1 DAGs
[2023-06-17T02:18:35.131+0000] {logging_mixin.py:149} INFO - [2023-06-17T02:18:35.131+0000] {dag.py:3490} INFO - Setting next_dagrun for example_short_circuit_operator to 2023-06-16T02:18:35.131216+00:00, run_after=2023-06-17T02:18:35.131216+00:00
[2023-06-17T02:18:35.617+0000] {processor.py:179} INFO - Processing /home/airflow/.local/lib/python3.7/site-packages/airflow/example_dags/example_short_circuit_operator.py took 0.642 seconds
[2023-06-17T02:19:06.210+0000] {processor.py:157} INFO - Started process (PID=234) to work on /home/airflow/.local/lib/python3.7/site-packages/airflow/example_dags/example_short_circuit_operator.py
[2023-06-17T02:19:06.232+0000] {processor.py:826} INFO - Processing file /home/airflow/.local/lib/python3.7/site-packages/airflow/example_dags/example_short_circuit_operator.py for tasks to queue
[2023-06-17T02:19:06.232+0000] {logging_mixin.py:149} INFO - [2023-06-17T02:19:06.232+0000] {dagbag.py:541} INFO - Filling up the DagBag from /home/airflow/.local/lib/python3.7/site-packages/airflow/example_dags/example_short_circuit_operator.py
[2023-06-17T02:19:06.239+0000] {processor.py:836} INFO - DAG(s) dict_keys(['example_short_circuit_operator']) retrieved from /home/airflow/.local/lib/python3.7/site-packages/airflow/example_dags/example_short_circuit_operator.py
[2023-06-17T02:19:06.264+0000] {logging_mixin.py:149} INFO - [2023-06-17T02:19:06.263+0000] {dag.py:2726} INFO - Sync 1 DAGs
[2023-06-17T02:19:06.289+0000] {logging_mixin.py:149} INFO - [2023-06-17T02:19:06.289+0000] {dag.py:3490} INFO - Setting next_dagrun for example_short_circuit_operator to 2023-06-16T02:19:06.289405+00:00, run_after=2023-06-17T02:19:06.289405+00:00
[2023-06-17T02:19:06.343+0000] {processor.py:179} INFO - Processing /home/airflow/.local/lib/python3.7/site-packages/airflow/example_dags/example_short_circuit_operator.py took 0.135 seconds
[2023-06-17T02:19:38.460+0000] {processor.py:157} INFO - Started process (PID=295) to work on /home/airflow/.local/lib/python3.7/site-packages/airflow/example_dags/example_short_circuit_operator.py
[2023-06-17T02:19:38.668+0000] {processor.py:826} INFO - Processing file /home/airflow/.local/lib/python3.7/site-packages/airflow/example_dags/example_short_circuit_operator.py for tasks to queue
[2023-06-17T02:19:38.670+0000] {logging_mixin.py:149} INFO - [2023-06-17T02:19:38.670+0000] {dagbag.py:541} INFO - Filling up the DagBag from /home/airflow/.local/lib/python3.7/site-packages/airflow/example_dags/example_short_circuit_operator.py
[2023-06-17T02:19:38.973+0000] {processor.py:836} INFO - DAG(s) dict_keys(['example_short_circuit_operator']) retrieved from /home/airflow/.local/lib/python3.7/site-packages/airflow/example_dags/example_short_circuit_operator.py
[2023-06-17T02:19:39.010+0000] {logging_mixin.py:149} INFO - [2023-06-17T02:19:39.009+0000] {dag.py:2726} INFO - Sync 1 DAGs
[2023-06-17T02:19:39.036+0000] {logging_mixin.py:149} INFO - [2023-06-17T02:19:39.035+0000] {dag.py:3490} INFO - Setting next_dagrun for example_short_circuit_operator to 2023-06-16T02:19:39.035798+00:00, run_after=2023-06-17T02:19:39.035798+00:00
[2023-06-17T02:19:39.316+0000] {processor.py:179} INFO - Processing /home/airflow/.local/lib/python3.7/site-packages/airflow/example_dags/example_short_circuit_operator.py took 0.862 seconds
[2023-06-17T02:20:09.672+0000] {processor.py:157} INFO - Started process (PID=347) to work on /home/airflow/.local/lib/python3.7/site-packages/airflow/example_dags/example_short_circuit_operator.py
[2023-06-17T02:20:09.714+0000] {processor.py:826} INFO - Processing file /home/airflow/.local/lib/python3.7/site-packages/airflow/example_dags/example_short_circuit_operator.py for tasks to queue
[2023-06-17T02:20:09.714+0000] {logging_mixin.py:149} INFO - [2023-06-17T02:20:09.714+0000] {dagbag.py:541} INFO - Filling up the DagBag from /home/airflow/.local/lib/python3.7/site-packages/airflow/example_dags/example_short_circuit_operator.py
[2023-06-17T02:20:09.723+0000] {processor.py:836} INFO - DAG(s) dict_keys(['example_short_circuit_operator']) retrieved from /home/airflow/.local/lib/python3.7/site-packages/airflow/example_dags/example_short_circuit_operator.py
[2023-06-17T02:20:09.757+0000] {logging_mixin.py:149} INFO - [2023-06-17T02:20:09.757+0000] {dag.py:2726} INFO - Sync 1 DAGs
[2023-06-17T02:20:09.795+0000] {logging_mixin.py:149} INFO - [2023-06-17T02:20:09.795+0000] {dag.py:3490} INFO - Setting next_dagrun for example_short_circuit_operator to 2023-06-16T02:20:09.795031+00:00, run_after=2023-06-17T02:20:09.795031+00:00
[2023-06-17T02:20:09.882+0000] {processor.py:179} INFO - Processing /home/airflow/.local/lib/python3.7/site-packages/airflow/example_dags/example_short_circuit_operator.py took 0.215 seconds
[2023-06-17T02:20:42.429+0000] {processor.py:157} INFO - Started process (PID=410) to work on /home/airflow/.local/lib/python3.7/site-packages/airflow/example_dags/example_short_circuit_operator.py
[2023-06-17T02:20:42.536+0000] {processor.py:826} INFO - Processing file /home/airflow/.local/lib/python3.7/site-packages/airflow/example_dags/example_short_circuit_operator.py for tasks to queue
[2023-06-17T02:20:42.538+0000] {logging_mixin.py:149} INFO - [2023-06-17T02:20:42.537+0000] {dagbag.py:541} INFO - Filling up the DagBag from /home/airflow/.local/lib/python3.7/site-packages/airflow/example_dags/example_short_circuit_operator.py
[2023-06-17T02:20:42.565+0000] {processor.py:836} INFO - DAG(s) dict_keys(['example_short_circuit_operator']) retrieved from /home/airflow/.local/lib/python3.7/site-packages/airflow/example_dags/example_short_circuit_operator.py
[2023-06-17T02:20:42.612+0000] {logging_mixin.py:149} INFO - [2023-06-17T02:20:42.612+0000] {dag.py:2726} INFO - Sync 1 DAGs
[2023-06-17T02:20:42.641+0000] {logging_mixin.py:149} INFO - [2023-06-17T02:20:42.641+0000] {dag.py:3490} INFO - Setting next_dagrun for example_short_circuit_operator to 2023-06-16T02:20:42.640825+00:00, run_after=2023-06-17T02:20:42.640825+00:00
[2023-06-17T02:20:42.908+0000] {processor.py:179} INFO - Processing /home/airflow/.local/lib/python3.7/site-packages/airflow/example_dags/example_short_circuit_operator.py took 0.482 seconds
[2023-06-17T02:21:13.037+0000] {processor.py:157} INFO - Started process (PID=471) to work on /home/airflow/.local/lib/python3.7/site-packages/airflow/example_dags/example_short_circuit_operator.py
[2023-06-17T02:21:13.068+0000] {processor.py:826} INFO - Processing file /home/airflow/.local/lib/python3.7/site-packages/airflow/example_dags/example_short_circuit_operator.py for tasks to queue
[2023-06-17T02:21:13.069+0000] {logging_mixin.py:149} INFO - [2023-06-17T02:21:13.069+0000] {dagbag.py:541} INFO - Filling up the DagBag from /home/airflow/.local/lib/python3.7/site-packages/airflow/example_dags/example_short_circuit_operator.py
[2023-06-17T02:21:13.081+0000] {processor.py:836} INFO - DAG(s) dict_keys(['example_short_circuit_operator']) retrieved from /home/airflow/.local/lib/python3.7/site-packages/airflow/example_dags/example_short_circuit_operator.py
[2023-06-17T02:21:13.127+0000] {logging_mixin.py:149} INFO - [2023-06-17T02:21:13.127+0000] {dag.py:2726} INFO - Sync 1 DAGs
[2023-06-17T02:21:13.171+0000] {logging_mixin.py:149} INFO - [2023-06-17T02:21:13.171+0000] {dag.py:3490} INFO - Setting next_dagrun for example_short_circuit_operator to 2023-06-16T02:21:13.171501+00:00, run_after=2023-06-17T02:21:13.171501+00:00
[2023-06-17T02:21:13.209+0000] {processor.py:179} INFO - Processing /home/airflow/.local/lib/python3.7/site-packages/airflow/example_dags/example_short_circuit_operator.py took 0.175 seconds
[2023-06-17T02:21:50.103+0000] {processor.py:157} INFO - Started process (PID=534) to work on /home/airflow/.local/lib/python3.7/site-packages/airflow/example_dags/example_short_circuit_operator.py
[2023-06-17T02:21:50.194+0000] {processor.py:826} INFO - Processing file /home/airflow/.local/lib/python3.7/site-packages/airflow/example_dags/example_short_circuit_operator.py for tasks to queue
[2023-06-17T02:21:50.196+0000] {logging_mixin.py:149} INFO - [2023-06-17T02:21:50.195+0000] {dagbag.py:541} INFO - Filling up the DagBag from /home/airflow/.local/lib/python3.7/site-packages/airflow/example_dags/example_short_circuit_operator.py
[2023-06-17T02:21:50.224+0000] {processor.py:836} INFO - DAG(s) dict_keys(['example_short_circuit_operator']) retrieved from /home/airflow/.local/lib/python3.7/site-packages/airflow/example_dags/example_short_circuit_operator.py
[2023-06-17T02:21:50.258+0000] {logging_mixin.py:149} INFO - [2023-06-17T02:21:50.258+0000] {dag.py:2726} INFO - Sync 1 DAGs
[2023-06-17T02:21:50.284+0000] {logging_mixin.py:149} INFO - [2023-06-17T02:21:50.283+0000] {dag.py:3490} INFO - Setting next_dagrun for example_short_circuit_operator to 2023-06-16T02:21:50.283719+00:00, run_after=2023-06-17T02:21:50.283719+00:00
[2023-06-17T02:21:50.682+0000] {processor.py:179} INFO - Processing /home/airflow/.local/lib/python3.7/site-packages/airflow/example_dags/example_short_circuit_operator.py took 0.583 seconds
[2023-06-17T02:22:20.761+0000] {processor.py:157} INFO - Started process (PID=586) to work on /home/airflow/.local/lib/python3.7/site-packages/airflow/example_dags/example_short_circuit_operator.py
[2023-06-17T02:22:20.952+0000] {processor.py:826} INFO - Processing file /home/airflow/.local/lib/python3.7/site-packages/airflow/example_dags/example_short_circuit_operator.py for tasks to queue
[2023-06-17T02:22:20.953+0000] {logging_mixin.py:149} INFO - [2023-06-17T02:22:20.953+0000] {dagbag.py:541} INFO - Filling up the DagBag from /home/airflow/.local/lib/python3.7/site-packages/airflow/example_dags/example_short_circuit_operator.py
[2023-06-17T02:22:21.033+0000] {processor.py:836} INFO - DAG(s) dict_keys(['example_short_circuit_operator']) retrieved from /home/airflow/.local/lib/python3.7/site-packages/airflow/example_dags/example_short_circuit_operator.py
[2023-06-17T02:22:21.084+0000] {logging_mixin.py:149} INFO - [2023-06-17T02:22:21.084+0000] {dag.py:2726} INFO - Sync 1 DAGs
[2023-06-17T02:22:21.144+0000] {logging_mixin.py:149} INFO - [2023-06-17T02:22:21.144+0000] {dag.py:3490} INFO - Setting next_dagrun for example_short_circuit_operator to 2023-06-16T02:22:21.143860+00:00, run_after=2023-06-17T02:22:21.143860+00:00
[2023-06-17T02:22:21.202+0000] {processor.py:179} INFO - Processing /home/airflow/.local/lib/python3.7/site-packages/airflow/example_dags/example_short_circuit_operator.py took 0.447 seconds
[2023-06-17T02:23:15.031+0000] {processor.py:157} INFO - Started process (PID=655) to work on /home/airflow/.local/lib/python3.7/site-packages/airflow/example_dags/example_short_circuit_operator.py
[2023-06-17T02:23:15.162+0000] {processor.py:826} INFO - Processing file /home/airflow/.local/lib/python3.7/site-packages/airflow/example_dags/example_short_circuit_operator.py for tasks to queue
[2023-06-17T02:23:15.163+0000] {logging_mixin.py:149} INFO - [2023-06-17T02:23:15.163+0000] {dagbag.py:541} INFO - Filling up the DagBag from /home/airflow/.local/lib/python3.7/site-packages/airflow/example_dags/example_short_circuit_operator.py
[2023-06-17T02:23:15.170+0000] {processor.py:836} INFO - DAG(s) dict_keys(['example_short_circuit_operator']) retrieved from /home/airflow/.local/lib/python3.7/site-packages/airflow/example_dags/example_short_circuit_operator.py
[2023-06-17T02:23:15.195+0000] {logging_mixin.py:149} INFO - [2023-06-17T02:23:15.195+0000] {dag.py:2726} INFO - Sync 1 DAGs
[2023-06-17T02:23:15.220+0000] {logging_mixin.py:149} INFO - [2023-06-17T02:23:15.220+0000] {dag.py:3490} INFO - Setting next_dagrun for example_short_circuit_operator to 2023-06-16T02:23:15.220190+00:00, run_after=2023-06-17T02:23:15.220190+00:00
[2023-06-17T02:23:15.350+0000] {processor.py:179} INFO - Processing /home/airflow/.local/lib/python3.7/site-packages/airflow/example_dags/example_short_circuit_operator.py took 0.322 seconds
[2023-06-17T02:23:45.633+0000] {processor.py:157} INFO - Started process (PID=716) to work on /home/airflow/.local/lib/python3.7/site-packages/airflow/example_dags/example_short_circuit_operator.py
[2023-06-17T02:23:45.709+0000] {processor.py:826} INFO - Processing file /home/airflow/.local/lib/python3.7/site-packages/airflow/example_dags/example_short_circuit_operator.py for tasks to queue
[2023-06-17T02:23:45.710+0000] {logging_mixin.py:149} INFO - [2023-06-17T02:23:45.710+0000] {dagbag.py:541} INFO - Filling up the DagBag from /home/airflow/.local/lib/python3.7/site-packages/airflow/example_dags/example_short_circuit_operator.py
[2023-06-17T02:23:45.717+0000] {processor.py:836} INFO - DAG(s) dict_keys(['example_short_circuit_operator']) retrieved from /home/airflow/.local/lib/python3.7/site-packages/airflow/example_dags/example_short_circuit_operator.py
[2023-06-17T02:23:45.740+0000] {logging_mixin.py:149} INFO - [2023-06-17T02:23:45.740+0000] {dag.py:2726} INFO - Sync 1 DAGs
[2023-06-17T02:23:45.767+0000] {logging_mixin.py:149} INFO - [2023-06-17T02:23:45.767+0000] {dag.py:3490} INFO - Setting next_dagrun for example_short_circuit_operator to 2023-06-16T02:23:45.767236+00:00, run_after=2023-06-17T02:23:45.767236+00:00
[2023-06-17T02:23:45.818+0000] {processor.py:179} INFO - Processing /home/airflow/.local/lib/python3.7/site-packages/airflow/example_dags/example_short_circuit_operator.py took 0.189 seconds
[2023-06-17T02:24:16.664+0000] {processor.py:157} INFO - Started process (PID=777) to work on /home/airflow/.local/lib/python3.7/site-packages/airflow/example_dags/example_short_circuit_operator.py
[2023-06-17T02:24:16.674+0000] {processor.py:826} INFO - Processing file /home/airflow/.local/lib/python3.7/site-packages/airflow/example_dags/example_short_circuit_operator.py for tasks to queue
[2023-06-17T02:24:16.674+0000] {logging_mixin.py:149} INFO - [2023-06-17T02:24:16.674+0000] {dagbag.py:541} INFO - Filling up the DagBag from /home/airflow/.local/lib/python3.7/site-packages/airflow/example_dags/example_short_circuit_operator.py
[2023-06-17T02:24:16.681+0000] {processor.py:836} INFO - DAG(s) dict_keys(['example_short_circuit_operator']) retrieved from /home/airflow/.local/lib/python3.7/site-packages/airflow/example_dags/example_short_circuit_operator.py
[2023-06-17T02:24:16.716+0000] {logging_mixin.py:149} INFO - [2023-06-17T02:24:16.716+0000] {dag.py:2726} INFO - Sync 1 DAGs
[2023-06-17T02:24:16.743+0000] {logging_mixin.py:149} INFO - [2023-06-17T02:24:16.743+0000] {dag.py:3490} INFO - Setting next_dagrun for example_short_circuit_operator to 2023-06-16T02:24:16.742851+00:00, run_after=2023-06-17T02:24:16.742851+00:00
[2023-06-17T02:24:16.772+0000] {processor.py:179} INFO - Processing /home/airflow/.local/lib/python3.7/site-packages/airflow/example_dags/example_short_circuit_operator.py took 0.111 seconds
[2023-06-17T02:24:48.827+0000] {processor.py:157} INFO - Started process (PID=837) to work on /home/airflow/.local/lib/python3.7/site-packages/airflow/example_dags/example_short_circuit_operator.py
[2023-06-17T02:24:48.868+0000] {processor.py:826} INFO - Processing file /home/airflow/.local/lib/python3.7/site-packages/airflow/example_dags/example_short_circuit_operator.py for tasks to queue
[2023-06-17T02:24:48.871+0000] {logging_mixin.py:149} INFO - [2023-06-17T02:24:48.870+0000] {dagbag.py:541} INFO - Filling up the DagBag from /home/airflow/.local/lib/python3.7/site-packages/airflow/example_dags/example_short_circuit_operator.py
[2023-06-17T02:24:48.895+0000] {processor.py:836} INFO - DAG(s) dict_keys(['example_short_circuit_operator']) retrieved from /home/airflow/.local/lib/python3.7/site-packages/airflow/example_dags/example_short_circuit_operator.py
[2023-06-17T02:24:48.942+0000] {logging_mixin.py:149} INFO - [2023-06-17T02:24:48.942+0000] {dag.py:2726} INFO - Sync 1 DAGs
[2023-06-17T02:24:48.968+0000] {logging_mixin.py:149} INFO - [2023-06-17T02:24:48.968+0000] {dag.py:3490} INFO - Setting next_dagrun for example_short_circuit_operator to 2023-06-16T02:24:48.968503+00:00, run_after=2023-06-17T02:24:48.968503+00:00
[2023-06-17T02:24:49.082+0000] {processor.py:179} INFO - Processing /home/airflow/.local/lib/python3.7/site-packages/airflow/example_dags/example_short_circuit_operator.py took 0.257 seconds
[2023-06-17T02:25:27.158+0000] {processor.py:157} INFO - Started process (PID=890) to work on /home/airflow/.local/lib/python3.7/site-packages/airflow/example_dags/example_short_circuit_operator.py
[2023-06-17T02:25:27.236+0000] {processor.py:826} INFO - Processing file /home/airflow/.local/lib/python3.7/site-packages/airflow/example_dags/example_short_circuit_operator.py for tasks to queue
[2023-06-17T02:25:27.237+0000] {logging_mixin.py:149} INFO - [2023-06-17T02:25:27.237+0000] {dagbag.py:541} INFO - Filling up the DagBag from /home/airflow/.local/lib/python3.7/site-packages/airflow/example_dags/example_short_circuit_operator.py
[2023-06-17T02:25:27.244+0000] {processor.py:836} INFO - DAG(s) dict_keys(['example_short_circuit_operator']) retrieved from /home/airflow/.local/lib/python3.7/site-packages/airflow/example_dags/example_short_circuit_operator.py
[2023-06-17T02:25:27.268+0000] {logging_mixin.py:149} INFO - [2023-06-17T02:25:27.268+0000] {dag.py:2726} INFO - Sync 1 DAGs
[2023-06-17T02:25:27.295+0000] {logging_mixin.py:149} INFO - [2023-06-17T02:25:27.294+0000] {dag.py:3490} INFO - Setting next_dagrun for example_short_circuit_operator to 2023-06-16T02:25:27.294568+00:00, run_after=2023-06-17T02:25:27.294568+00:00
[2023-06-17T02:25:27.418+0000] {processor.py:179} INFO - Processing /home/airflow/.local/lib/python3.7/site-packages/airflow/example_dags/example_short_circuit_operator.py took 0.263 seconds
[2023-06-17T02:25:58.019+0000] {processor.py:157} INFO - Started process (PID=951) to work on /home/airflow/.local/lib/python3.7/site-packages/airflow/example_dags/example_short_circuit_operator.py
[2023-06-17T02:25:58.053+0000] {processor.py:826} INFO - Processing file /home/airflow/.local/lib/python3.7/site-packages/airflow/example_dags/example_short_circuit_operator.py for tasks to queue
[2023-06-17T02:25:58.054+0000] {logging_mixin.py:149} INFO - [2023-06-17T02:25:58.054+0000] {dagbag.py:541} INFO - Filling up the DagBag from /home/airflow/.local/lib/python3.7/site-packages/airflow/example_dags/example_short_circuit_operator.py
[2023-06-17T02:25:58.062+0000] {processor.py:836} INFO - DAG(s) dict_keys(['example_short_circuit_operator']) retrieved from /home/airflow/.local/lib/python3.7/site-packages/airflow/example_dags/example_short_circuit_operator.py
[2023-06-17T02:25:58.087+0000] {logging_mixin.py:149} INFO - [2023-06-17T02:25:58.086+0000] {dag.py:2726} INFO - Sync 1 DAGs
[2023-06-17T02:25:58.118+0000] {logging_mixin.py:149} INFO - [2023-06-17T02:25:58.118+0000] {dag.py:3490} INFO - Setting next_dagrun for example_short_circuit_operator to 2023-06-16T02:25:58.118086+00:00, run_after=2023-06-17T02:25:58.118086+00:00
[2023-06-17T02:25:58.146+0000] {processor.py:179} INFO - Processing /home/airflow/.local/lib/python3.7/site-packages/airflow/example_dags/example_short_circuit_operator.py took 0.130 seconds
[2023-06-17T02:26:29.357+0000] {processor.py:157} INFO - Started process (PID=1016) to work on /home/airflow/.local/lib/python3.7/site-packages/airflow/example_dags/example_short_circuit_operator.py
[2023-06-17T02:26:29.617+0000] {processor.py:826} INFO - Processing file /home/airflow/.local/lib/python3.7/site-packages/airflow/example_dags/example_short_circuit_operator.py for tasks to queue
[2023-06-17T02:26:29.619+0000] {logging_mixin.py:149} INFO - [2023-06-17T02:26:29.619+0000] {dagbag.py:541} INFO - Filling up the DagBag from /home/airflow/.local/lib/python3.7/site-packages/airflow/example_dags/example_short_circuit_operator.py
[2023-06-17T02:26:29.640+0000] {processor.py:836} INFO - DAG(s) dict_keys(['example_short_circuit_operator']) retrieved from /home/airflow/.local/lib/python3.7/site-packages/airflow/example_dags/example_short_circuit_operator.py
[2023-06-17T02:26:29.700+0000] {logging_mixin.py:149} INFO - [2023-06-17T02:26:29.700+0000] {dag.py:2726} INFO - Sync 1 DAGs
[2023-06-17T02:26:29.729+0000] {logging_mixin.py:149} INFO - [2023-06-17T02:26:29.728+0000] {dag.py:3490} INFO - Setting next_dagrun for example_short_circuit_operator to 2023-06-16T02:26:29.728641+00:00, run_after=2023-06-17T02:26:29.728641+00:00
[2023-06-17T02:26:30.055+0000] {processor.py:179} INFO - Processing /home/airflow/.local/lib/python3.7/site-packages/airflow/example_dags/example_short_circuit_operator.py took 0.701 seconds
[2023-06-17T02:27:12.352+0000] {processor.py:157} INFO - Started process (PID=1079) to work on /home/airflow/.local/lib/python3.7/site-packages/airflow/example_dags/example_short_circuit_operator.py
[2023-06-17T02:27:12.360+0000] {processor.py:826} INFO - Processing file /home/airflow/.local/lib/python3.7/site-packages/airflow/example_dags/example_short_circuit_operator.py for tasks to queue
[2023-06-17T02:27:12.361+0000] {logging_mixin.py:149} INFO - [2023-06-17T02:27:12.360+0000] {dagbag.py:541} INFO - Filling up the DagBag from /home/airflow/.local/lib/python3.7/site-packages/airflow/example_dags/example_short_circuit_operator.py
[2023-06-17T02:27:12.368+0000] {processor.py:836} INFO - DAG(s) dict_keys(['example_short_circuit_operator']) retrieved from /home/airflow/.local/lib/python3.7/site-packages/airflow/example_dags/example_short_circuit_operator.py
[2023-06-17T02:27:12.393+0000] {logging_mixin.py:149} INFO - [2023-06-17T02:27:12.393+0000] {dag.py:2726} INFO - Sync 1 DAGs
[2023-06-17T02:27:12.418+0000] {logging_mixin.py:149} INFO - [2023-06-17T02:27:12.417+0000] {dag.py:3490} INFO - Setting next_dagrun for example_short_circuit_operator to 2023-06-16T02:27:12.417687+00:00, run_after=2023-06-17T02:27:12.417687+00:00
[2023-06-17T02:27:12.555+0000] {processor.py:179} INFO - Processing /home/airflow/.local/lib/python3.7/site-packages/airflow/example_dags/example_short_circuit_operator.py took 0.205 seconds
[2023-06-17T02:27:44.076+0000] {processor.py:157} INFO - Started process (PID=1140) to work on /home/airflow/.local/lib/python3.7/site-packages/airflow/example_dags/example_short_circuit_operator.py
[2023-06-17T02:27:44.202+0000] {processor.py:826} INFO - Processing file /home/airflow/.local/lib/python3.7/site-packages/airflow/example_dags/example_short_circuit_operator.py for tasks to queue
[2023-06-17T02:27:44.205+0000] {logging_mixin.py:149} INFO - [2023-06-17T02:27:44.204+0000] {dagbag.py:541} INFO - Filling up the DagBag from /home/airflow/.local/lib/python3.7/site-packages/airflow/example_dags/example_short_circuit_operator.py
[2023-06-17T02:27:44.226+0000] {processor.py:836} INFO - DAG(s) dict_keys(['example_short_circuit_operator']) retrieved from /home/airflow/.local/lib/python3.7/site-packages/airflow/example_dags/example_short_circuit_operator.py
[2023-06-17T02:27:44.256+0000] {logging_mixin.py:149} INFO - [2023-06-17T02:27:44.256+0000] {dag.py:2726} INFO - Sync 1 DAGs
[2023-06-17T02:27:44.285+0000] {logging_mixin.py:149} INFO - [2023-06-17T02:27:44.285+0000] {dag.py:3490} INFO - Setting next_dagrun for example_short_circuit_operator to 2023-06-16T02:27:44.284861+00:00, run_after=2023-06-17T02:27:44.284861+00:00
[2023-06-17T02:27:44.607+0000] {processor.py:179} INFO - Processing /home/airflow/.local/lib/python3.7/site-packages/airflow/example_dags/example_short_circuit_operator.py took 0.533 seconds
[2023-06-17T02:28:15.658+0000] {processor.py:157} INFO - Started process (PID=1194) to work on /home/airflow/.local/lib/python3.7/site-packages/airflow/example_dags/example_short_circuit_operator.py
[2023-06-17T02:28:15.659+0000] {processor.py:826} INFO - Processing file /home/airflow/.local/lib/python3.7/site-packages/airflow/example_dags/example_short_circuit_operator.py for tasks to queue
[2023-06-17T02:28:15.659+0000] {logging_mixin.py:149} INFO - [2023-06-17T02:28:15.659+0000] {dagbag.py:541} INFO - Filling up the DagBag from /home/airflow/.local/lib/python3.7/site-packages/airflow/example_dags/example_short_circuit_operator.py
[2023-06-17T02:28:15.666+0000] {processor.py:836} INFO - DAG(s) dict_keys(['example_short_circuit_operator']) retrieved from /home/airflow/.local/lib/python3.7/site-packages/airflow/example_dags/example_short_circuit_operator.py
[2023-06-17T02:28:15.691+0000] {logging_mixin.py:149} INFO - [2023-06-17T02:28:15.691+0000] {dag.py:2726} INFO - Sync 1 DAGs
[2023-06-17T02:28:15.724+0000] {logging_mixin.py:149} INFO - [2023-06-17T02:28:15.724+0000] {dag.py:3490} INFO - Setting next_dagrun for example_short_circuit_operator to 2023-06-16T02:28:15.724204+00:00, run_after=2023-06-17T02:28:15.724204+00:00
[2023-06-17T02:28:15.801+0000] {processor.py:179} INFO - Processing /home/airflow/.local/lib/python3.7/site-packages/airflow/example_dags/example_short_circuit_operator.py took 0.146 seconds
[2023-06-17T02:28:46.560+0000] {processor.py:157} INFO - Started process (PID=1256) to work on /home/airflow/.local/lib/python3.7/site-packages/airflow/example_dags/example_short_circuit_operator.py
[2023-06-17T02:28:46.619+0000] {processor.py:826} INFO - Processing file /home/airflow/.local/lib/python3.7/site-packages/airflow/example_dags/example_short_circuit_operator.py for tasks to queue
[2023-06-17T02:28:46.620+0000] {logging_mixin.py:149} INFO - [2023-06-17T02:28:46.620+0000] {dagbag.py:541} INFO - Filling up the DagBag from /home/airflow/.local/lib/python3.7/site-packages/airflow/example_dags/example_short_circuit_operator.py
[2023-06-17T02:28:46.630+0000] {processor.py:836} INFO - DAG(s) dict_keys(['example_short_circuit_operator']) retrieved from /home/airflow/.local/lib/python3.7/site-packages/airflow/example_dags/example_short_circuit_operator.py
[2023-06-17T02:28:46.663+0000] {logging_mixin.py:149} INFO - [2023-06-17T02:28:46.663+0000] {dag.py:2726} INFO - Sync 1 DAGs
[2023-06-17T02:28:46.696+0000] {logging_mixin.py:149} INFO - [2023-06-17T02:28:46.695+0000] {dag.py:3490} INFO - Setting next_dagrun for example_short_circuit_operator to 2023-06-16T02:28:46.695747+00:00, run_after=2023-06-17T02:28:46.695747+00:00
[2023-06-17T02:28:46.806+0000] {processor.py:179} INFO - Processing /home/airflow/.local/lib/python3.7/site-packages/airflow/example_dags/example_short_circuit_operator.py took 0.250 seconds
[2023-06-17T02:29:18.016+0000] {processor.py:157} INFO - Started process (PID=1317) to work on /home/airflow/.local/lib/python3.7/site-packages/airflow/example_dags/example_short_circuit_operator.py
[2023-06-17T02:29:18.102+0000] {processor.py:826} INFO - Processing file /home/airflow/.local/lib/python3.7/site-packages/airflow/example_dags/example_short_circuit_operator.py for tasks to queue
[2023-06-17T02:29:18.102+0000] {logging_mixin.py:149} INFO - [2023-06-17T02:29:18.102+0000] {dagbag.py:541} INFO - Filling up the DagBag from /home/airflow/.local/lib/python3.7/site-packages/airflow/example_dags/example_short_circuit_operator.py
[2023-06-17T02:29:18.109+0000] {processor.py:836} INFO - DAG(s) dict_keys(['example_short_circuit_operator']) retrieved from /home/airflow/.local/lib/python3.7/site-packages/airflow/example_dags/example_short_circuit_operator.py
[2023-06-17T02:29:18.136+0000] {logging_mixin.py:149} INFO - [2023-06-17T02:29:18.136+0000] {dag.py:2726} INFO - Sync 1 DAGs
[2023-06-17T02:29:18.165+0000] {logging_mixin.py:149} INFO - [2023-06-17T02:29:18.165+0000] {dag.py:3490} INFO - Setting next_dagrun for example_short_circuit_operator to 2023-06-16T02:29:18.165266+00:00, run_after=2023-06-17T02:29:18.165266+00:00
[2023-06-17T02:29:18.374+0000] {processor.py:179} INFO - Processing /home/airflow/.local/lib/python3.7/site-packages/airflow/example_dags/example_short_circuit_operator.py took 0.361 seconds
[2023-06-17T02:32:14.950+0000] {processor.py:157} INFO - Started process (PID=1408) to work on /home/airflow/.local/lib/python3.7/site-packages/airflow/example_dags/example_short_circuit_operator.py
[2023-06-17T02:32:15.273+0000] {processor.py:826} INFO - Processing file /home/airflow/.local/lib/python3.7/site-packages/airflow/example_dags/example_short_circuit_operator.py for tasks to queue
[2023-06-17T02:32:15.275+0000] {logging_mixin.py:149} INFO - [2023-06-17T02:32:15.275+0000] {dagbag.py:541} INFO - Filling up the DagBag from /home/airflow/.local/lib/python3.7/site-packages/airflow/example_dags/example_short_circuit_operator.py
[2023-06-17T02:32:15.301+0000] {processor.py:836} INFO - DAG(s) dict_keys(['example_short_circuit_operator']) retrieved from /home/airflow/.local/lib/python3.7/site-packages/airflow/example_dags/example_short_circuit_operator.py
[2023-06-17T02:32:15.331+0000] {logging_mixin.py:149} INFO - [2023-06-17T02:32:15.331+0000] {dag.py:2726} INFO - Sync 1 DAGs
[2023-06-17T02:32:15.356+0000] {logging_mixin.py:149} INFO - [2023-06-17T02:32:15.356+0000] {dag.py:3490} INFO - Setting next_dagrun for example_short_circuit_operator to 2023-06-16T02:32:15.355958+00:00, run_after=2023-06-17T02:32:15.355958+00:00
[2023-06-17T02:32:15.489+0000] {processor.py:179} INFO - Processing /home/airflow/.local/lib/python3.7/site-packages/airflow/example_dags/example_short_circuit_operator.py took 0.542 seconds
[2023-06-17T02:32:45.891+0000] {processor.py:157} INFO - Started process (PID=1467) to work on /home/airflow/.local/lib/python3.7/site-packages/airflow/example_dags/example_short_circuit_operator.py
[2023-06-17T02:32:46.171+0000] {processor.py:826} INFO - Processing file /home/airflow/.local/lib/python3.7/site-packages/airflow/example_dags/example_short_circuit_operator.py for tasks to queue
[2023-06-17T02:32:46.174+0000] {logging_mixin.py:149} INFO - [2023-06-17T02:32:46.173+0000] {dagbag.py:541} INFO - Filling up the DagBag from /home/airflow/.local/lib/python3.7/site-packages/airflow/example_dags/example_short_circuit_operator.py
[2023-06-17T02:32:46.205+0000] {processor.py:836} INFO - DAG(s) dict_keys(['example_short_circuit_operator']) retrieved from /home/airflow/.local/lib/python3.7/site-packages/airflow/example_dags/example_short_circuit_operator.py
[2023-06-17T02:32:46.269+0000] {logging_mixin.py:149} INFO - [2023-06-17T02:32:46.268+0000] {dag.py:2726} INFO - Sync 1 DAGs
[2023-06-17T02:32:46.300+0000] {logging_mixin.py:149} INFO - [2023-06-17T02:32:46.300+0000] {dag.py:3490} INFO - Setting next_dagrun for example_short_circuit_operator to 2023-06-16T02:32:46.300179+00:00, run_after=2023-06-17T02:32:46.300179+00:00
[2023-06-17T02:32:46.527+0000] {processor.py:179} INFO - Processing /home/airflow/.local/lib/python3.7/site-packages/airflow/example_dags/example_short_circuit_operator.py took 0.639 seconds
[2023-06-17T02:33:17.059+0000] {processor.py:157} INFO - Started process (PID=1520) to work on /home/airflow/.local/lib/python3.7/site-packages/airflow/example_dags/example_short_circuit_operator.py
[2023-06-17T02:33:17.151+0000] {processor.py:826} INFO - Processing file /home/airflow/.local/lib/python3.7/site-packages/airflow/example_dags/example_short_circuit_operator.py for tasks to queue
[2023-06-17T02:33:17.152+0000] {logging_mixin.py:149} INFO - [2023-06-17T02:33:17.152+0000] {dagbag.py:541} INFO - Filling up the DagBag from /home/airflow/.local/lib/python3.7/site-packages/airflow/example_dags/example_short_circuit_operator.py
[2023-06-17T02:33:17.161+0000] {processor.py:836} INFO - DAG(s) dict_keys(['example_short_circuit_operator']) retrieved from /home/airflow/.local/lib/python3.7/site-packages/airflow/example_dags/example_short_circuit_operator.py
[2023-06-17T02:33:17.190+0000] {logging_mixin.py:149} INFO - [2023-06-17T02:33:17.190+0000] {dag.py:2726} INFO - Sync 1 DAGs
[2023-06-17T02:33:17.222+0000] {logging_mixin.py:149} INFO - [2023-06-17T02:33:17.222+0000] {dag.py:3490} INFO - Setting next_dagrun for example_short_circuit_operator to 2023-06-16T02:33:17.222193+00:00, run_after=2023-06-17T02:33:17.222193+00:00
[2023-06-17T02:33:17.265+0000] {processor.py:179} INFO - Processing /home/airflow/.local/lib/python3.7/site-packages/airflow/example_dags/example_short_circuit_operator.py took 0.209 seconds
[2023-06-17T02:33:47.705+0000] {processor.py:157} INFO - Started process (PID=1581) to work on /home/airflow/.local/lib/python3.7/site-packages/airflow/example_dags/example_short_circuit_operator.py
[2023-06-17T02:33:47.714+0000] {processor.py:826} INFO - Processing file /home/airflow/.local/lib/python3.7/site-packages/airflow/example_dags/example_short_circuit_operator.py for tasks to queue
[2023-06-17T02:33:47.715+0000] {logging_mixin.py:149} INFO - [2023-06-17T02:33:47.715+0000] {dagbag.py:541} INFO - Filling up the DagBag from /home/airflow/.local/lib/python3.7/site-packages/airflow/example_dags/example_short_circuit_operator.py
[2023-06-17T02:33:47.724+0000] {processor.py:836} INFO - DAG(s) dict_keys(['example_short_circuit_operator']) retrieved from /home/airflow/.local/lib/python3.7/site-packages/airflow/example_dags/example_short_circuit_operator.py
[2023-06-17T02:33:47.751+0000] {logging_mixin.py:149} INFO - [2023-06-17T02:33:47.751+0000] {dag.py:2726} INFO - Sync 1 DAGs
[2023-06-17T02:33:47.782+0000] {logging_mixin.py:149} INFO - [2023-06-17T02:33:47.782+0000] {dag.py:3490} INFO - Setting next_dagrun for example_short_circuit_operator to 2023-06-16T02:33:47.782015+00:00, run_after=2023-06-17T02:33:47.782015+00:00
[2023-06-17T02:33:47.823+0000] {processor.py:179} INFO - Processing /home/airflow/.local/lib/python3.7/site-packages/airflow/example_dags/example_short_circuit_operator.py took 0.120 seconds
[2023-06-17T02:34:18.316+0000] {processor.py:157} INFO - Started process (PID=1642) to work on /home/airflow/.local/lib/python3.7/site-packages/airflow/example_dags/example_short_circuit_operator.py
[2023-06-17T02:34:18.346+0000] {processor.py:826} INFO - Processing file /home/airflow/.local/lib/python3.7/site-packages/airflow/example_dags/example_short_circuit_operator.py for tasks to queue
[2023-06-17T02:34:18.347+0000] {logging_mixin.py:149} INFO - [2023-06-17T02:34:18.346+0000] {dagbag.py:541} INFO - Filling up the DagBag from /home/airflow/.local/lib/python3.7/site-packages/airflow/example_dags/example_short_circuit_operator.py
[2023-06-17T02:34:18.356+0000] {processor.py:836} INFO - DAG(s) dict_keys(['example_short_circuit_operator']) retrieved from /home/airflow/.local/lib/python3.7/site-packages/airflow/example_dags/example_short_circuit_operator.py
[2023-06-17T02:34:18.387+0000] {logging_mixin.py:149} INFO - [2023-06-17T02:34:18.386+0000] {dag.py:2726} INFO - Sync 1 DAGs
[2023-06-17T02:34:18.420+0000] {logging_mixin.py:149} INFO - [2023-06-17T02:34:18.420+0000] {dag.py:3490} INFO - Setting next_dagrun for example_short_circuit_operator to 2023-06-16T02:34:18.419925+00:00, run_after=2023-06-17T02:34:18.419925+00:00
[2023-06-17T02:34:18.465+0000] {processor.py:179} INFO - Processing /home/airflow/.local/lib/python3.7/site-packages/airflow/example_dags/example_short_circuit_operator.py took 0.152 seconds
[2023-06-17T02:34:48.630+0000] {processor.py:157} INFO - Started process (PID=1703) to work on /home/airflow/.local/lib/python3.7/site-packages/airflow/example_dags/example_short_circuit_operator.py
[2023-06-17T02:34:48.634+0000] {processor.py:826} INFO - Processing file /home/airflow/.local/lib/python3.7/site-packages/airflow/example_dags/example_short_circuit_operator.py for tasks to queue
[2023-06-17T02:34:48.635+0000] {logging_mixin.py:149} INFO - [2023-06-17T02:34:48.635+0000] {dagbag.py:541} INFO - Filling up the DagBag from /home/airflow/.local/lib/python3.7/site-packages/airflow/example_dags/example_short_circuit_operator.py
[2023-06-17T02:34:48.655+0000] {processor.py:836} INFO - DAG(s) dict_keys(['example_short_circuit_operator']) retrieved from /home/airflow/.local/lib/python3.7/site-packages/airflow/example_dags/example_short_circuit_operator.py
[2023-06-17T02:34:48.723+0000] {logging_mixin.py:149} INFO - [2023-06-17T02:34:48.723+0000] {dag.py:2726} INFO - Sync 1 DAGs
[2023-06-17T02:34:48.802+0000] {logging_mixin.py:149} INFO - [2023-06-17T02:34:48.802+0000] {dag.py:3490} INFO - Setting next_dagrun for example_short_circuit_operator to 2023-06-16T02:34:48.802059+00:00, run_after=2023-06-17T02:34:48.802059+00:00
[2023-06-17T02:34:48.857+0000] {processor.py:179} INFO - Processing /home/airflow/.local/lib/python3.7/site-packages/airflow/example_dags/example_short_circuit_operator.py took 0.234 seconds
[2023-06-17T02:35:19.004+0000] {processor.py:157} INFO - Started process (PID=1762) to work on /home/airflow/.local/lib/python3.7/site-packages/airflow/example_dags/example_short_circuit_operator.py
[2023-06-17T02:35:19.016+0000] {processor.py:826} INFO - Processing file /home/airflow/.local/lib/python3.7/site-packages/airflow/example_dags/example_short_circuit_operator.py for tasks to queue
[2023-06-17T02:35:19.017+0000] {logging_mixin.py:149} INFO - [2023-06-17T02:35:19.017+0000] {dagbag.py:541} INFO - Filling up the DagBag from /home/airflow/.local/lib/python3.7/site-packages/airflow/example_dags/example_short_circuit_operator.py
[2023-06-17T02:35:19.028+0000] {processor.py:836} INFO - DAG(s) dict_keys(['example_short_circuit_operator']) retrieved from /home/airflow/.local/lib/python3.7/site-packages/airflow/example_dags/example_short_circuit_operator.py
[2023-06-17T02:35:19.067+0000] {logging_mixin.py:149} INFO - [2023-06-17T02:35:19.067+0000] {dag.py:2726} INFO - Sync 1 DAGs
[2023-06-17T02:35:19.114+0000] {logging_mixin.py:149} INFO - [2023-06-17T02:35:19.113+0000] {dag.py:3490} INFO - Setting next_dagrun for example_short_circuit_operator to 2023-06-16T02:35:19.113358+00:00, run_after=2023-06-17T02:35:19.113358+00:00
[2023-06-17T02:35:19.155+0000] {processor.py:179} INFO - Processing /home/airflow/.local/lib/python3.7/site-packages/airflow/example_dags/example_short_circuit_operator.py took 0.155 seconds
[2023-06-17T02:35:49.738+0000] {processor.py:157} INFO - Started process (PID=1823) to work on /home/airflow/.local/lib/python3.7/site-packages/airflow/example_dags/example_short_circuit_operator.py
[2023-06-17T02:35:49.812+0000] {processor.py:826} INFO - Processing file /home/airflow/.local/lib/python3.7/site-packages/airflow/example_dags/example_short_circuit_operator.py for tasks to queue
[2023-06-17T02:35:49.813+0000] {logging_mixin.py:149} INFO - [2023-06-17T02:35:49.812+0000] {dagbag.py:541} INFO - Filling up the DagBag from /home/airflow/.local/lib/python3.7/site-packages/airflow/example_dags/example_short_circuit_operator.py
[2023-06-17T02:35:49.821+0000] {processor.py:836} INFO - DAG(s) dict_keys(['example_short_circuit_operator']) retrieved from /home/airflow/.local/lib/python3.7/site-packages/airflow/example_dags/example_short_circuit_operator.py
[2023-06-17T02:35:49.850+0000] {logging_mixin.py:149} INFO - [2023-06-17T02:35:49.850+0000] {dag.py:2726} INFO - Sync 1 DAGs
[2023-06-17T02:35:49.882+0000] {logging_mixin.py:149} INFO - [2023-06-17T02:35:49.882+0000] {dag.py:3490} INFO - Setting next_dagrun for example_short_circuit_operator to 2023-06-16T02:35:49.881949+00:00, run_after=2023-06-17T02:35:49.881949+00:00
[2023-06-17T02:35:49.916+0000] {processor.py:179} INFO - Processing /home/airflow/.local/lib/python3.7/site-packages/airflow/example_dags/example_short_circuit_operator.py took 0.181 seconds
[2023-06-17T02:36:20.295+0000] {processor.py:157} INFO - Started process (PID=1884) to work on /home/airflow/.local/lib/python3.7/site-packages/airflow/example_dags/example_short_circuit_operator.py
[2023-06-17T02:36:20.365+0000] {processor.py:826} INFO - Processing file /home/airflow/.local/lib/python3.7/site-packages/airflow/example_dags/example_short_circuit_operator.py for tasks to queue
[2023-06-17T02:36:20.366+0000] {logging_mixin.py:149} INFO - [2023-06-17T02:36:20.366+0000] {dagbag.py:541} INFO - Filling up the DagBag from /home/airflow/.local/lib/python3.7/site-packages/airflow/example_dags/example_short_circuit_operator.py
[2023-06-17T02:36:20.378+0000] {processor.py:836} INFO - DAG(s) dict_keys(['example_short_circuit_operator']) retrieved from /home/airflow/.local/lib/python3.7/site-packages/airflow/example_dags/example_short_circuit_operator.py
[2023-06-17T02:36:20.411+0000] {logging_mixin.py:149} INFO - [2023-06-17T02:36:20.410+0000] {dag.py:2726} INFO - Sync 1 DAGs
[2023-06-17T02:36:20.442+0000] {logging_mixin.py:149} INFO - [2023-06-17T02:36:20.442+0000] {dag.py:3490} INFO - Setting next_dagrun for example_short_circuit_operator to 2023-06-16T02:36:20.442301+00:00, run_after=2023-06-17T02:36:20.442301+00:00
[2023-06-17T02:36:20.468+0000] {processor.py:179} INFO - Processing /home/airflow/.local/lib/python3.7/site-packages/airflow/example_dags/example_short_circuit_operator.py took 0.177 seconds
[2023-06-17T02:36:50.718+0000] {processor.py:157} INFO - Started process (PID=1945) to work on /home/airflow/.local/lib/python3.7/site-packages/airflow/example_dags/example_short_circuit_operator.py
[2023-06-17T02:36:50.734+0000] {processor.py:826} INFO - Processing file /home/airflow/.local/lib/python3.7/site-packages/airflow/example_dags/example_short_circuit_operator.py for tasks to queue
[2023-06-17T02:36:50.735+0000] {logging_mixin.py:149} INFO - [2023-06-17T02:36:50.734+0000] {dagbag.py:541} INFO - Filling up the DagBag from /home/airflow/.local/lib/python3.7/site-packages/airflow/example_dags/example_short_circuit_operator.py
[2023-06-17T02:36:50.743+0000] {processor.py:836} INFO - DAG(s) dict_keys(['example_short_circuit_operator']) retrieved from /home/airflow/.local/lib/python3.7/site-packages/airflow/example_dags/example_short_circuit_operator.py
[2023-06-17T02:36:50.772+0000] {logging_mixin.py:149} INFO - [2023-06-17T02:36:50.772+0000] {dag.py:2726} INFO - Sync 1 DAGs
[2023-06-17T02:36:50.804+0000] {logging_mixin.py:149} INFO - [2023-06-17T02:36:50.804+0000] {dag.py:3490} INFO - Setting next_dagrun for example_short_circuit_operator to 2023-06-16T02:36:50.804398+00:00, run_after=2023-06-17T02:36:50.804398+00:00
[2023-06-17T02:36:50.849+0000] {processor.py:179} INFO - Processing /home/airflow/.local/lib/python3.7/site-packages/airflow/example_dags/example_short_circuit_operator.py took 0.134 seconds
[2023-06-17T02:37:21.131+0000] {processor.py:157} INFO - Started process (PID=2006) to work on /home/airflow/.local/lib/python3.7/site-packages/airflow/example_dags/example_short_circuit_operator.py
[2023-06-17T02:37:21.152+0000] {processor.py:826} INFO - Processing file /home/airflow/.local/lib/python3.7/site-packages/airflow/example_dags/example_short_circuit_operator.py for tasks to queue
[2023-06-17T02:37:21.153+0000] {logging_mixin.py:149} INFO - [2023-06-17T02:37:21.152+0000] {dagbag.py:541} INFO - Filling up the DagBag from /home/airflow/.local/lib/python3.7/site-packages/airflow/example_dags/example_short_circuit_operator.py
[2023-06-17T02:37:21.163+0000] {processor.py:836} INFO - DAG(s) dict_keys(['example_short_circuit_operator']) retrieved from /home/airflow/.local/lib/python3.7/site-packages/airflow/example_dags/example_short_circuit_operator.py
[2023-06-17T02:37:21.195+0000] {logging_mixin.py:149} INFO - [2023-06-17T02:37:21.194+0000] {dag.py:2726} INFO - Sync 1 DAGs
[2023-06-17T02:37:21.225+0000] {logging_mixin.py:149} INFO - [2023-06-17T02:37:21.225+0000] {dag.py:3490} INFO - Setting next_dagrun for example_short_circuit_operator to 2023-06-16T02:37:21.225081+00:00, run_after=2023-06-17T02:37:21.225081+00:00
[2023-06-17T02:37:21.258+0000] {processor.py:179} INFO - Processing /home/airflow/.local/lib/python3.7/site-packages/airflow/example_dags/example_short_circuit_operator.py took 0.131 seconds
[2023-06-17T02:37:51.853+0000] {processor.py:157} INFO - Started process (PID=2067) to work on /home/airflow/.local/lib/python3.7/site-packages/airflow/example_dags/example_short_circuit_operator.py
[2023-06-17T02:37:51.996+0000] {processor.py:826} INFO - Processing file /home/airflow/.local/lib/python3.7/site-packages/airflow/example_dags/example_short_circuit_operator.py for tasks to queue
[2023-06-17T02:37:51.997+0000] {logging_mixin.py:149} INFO - [2023-06-17T02:37:51.997+0000] {dagbag.py:541} INFO - Filling up the DagBag from /home/airflow/.local/lib/python3.7/site-packages/airflow/example_dags/example_short_circuit_operator.py
[2023-06-17T02:37:52.006+0000] {processor.py:836} INFO - DAG(s) dict_keys(['example_short_circuit_operator']) retrieved from /home/airflow/.local/lib/python3.7/site-packages/airflow/example_dags/example_short_circuit_operator.py
[2023-06-17T02:37:52.036+0000] {logging_mixin.py:149} INFO - [2023-06-17T02:37:52.036+0000] {dag.py:2726} INFO - Sync 1 DAGs
[2023-06-17T02:37:52.069+0000] {logging_mixin.py:149} INFO - [2023-06-17T02:37:52.069+0000] {dag.py:3490} INFO - Setting next_dagrun for example_short_circuit_operator to 2023-06-16T02:37:52.069408+00:00, run_after=2023-06-17T02:37:52.069408+00:00
[2023-06-17T02:37:52.236+0000] {processor.py:179} INFO - Processing /home/airflow/.local/lib/python3.7/site-packages/airflow/example_dags/example_short_circuit_operator.py took 0.386 seconds
[2023-06-17T03:24:51.756+0000] {processor.py:157} INFO - Started process (PID=2129) to work on /home/airflow/.local/lib/python3.7/site-packages/airflow/example_dags/example_short_circuit_operator.py
[2023-06-17T03:24:51.950+0000] {processor.py:826} INFO - Processing file /home/airflow/.local/lib/python3.7/site-packages/airflow/example_dags/example_short_circuit_operator.py for tasks to queue
[2023-06-17T03:24:51.951+0000] {logging_mixin.py:149} INFO - [2023-06-17T03:24:51.951+0000] {dagbag.py:541} INFO - Filling up the DagBag from /home/airflow/.local/lib/python3.7/site-packages/airflow/example_dags/example_short_circuit_operator.py
[2023-06-17T03:24:51.957+0000] {processor.py:836} INFO - DAG(s) dict_keys(['example_short_circuit_operator']) retrieved from /home/airflow/.local/lib/python3.7/site-packages/airflow/example_dags/example_short_circuit_operator.py
[2023-06-17T03:24:51.980+0000] {logging_mixin.py:149} INFO - [2023-06-17T03:24:51.980+0000] {dag.py:2726} INFO - Sync 1 DAGs
[2023-06-17T03:24:52.005+0000] {logging_mixin.py:149} INFO - [2023-06-17T03:24:52.004+0000] {dag.py:3490} INFO - Setting next_dagrun for example_short_circuit_operator to 2023-06-16T03:24:52.004782+00:00, run_after=2023-06-17T03:24:52.004782+00:00
[2023-06-17T03:24:52.186+0000] {processor.py:179} INFO - Processing /home/airflow/.local/lib/python3.7/site-packages/airflow/example_dags/example_short_circuit_operator.py took 0.432 seconds
[2023-06-17T03:25:22.324+0000] {processor.py:157} INFO - Started process (PID=2190) to work on /home/airflow/.local/lib/python3.7/site-packages/airflow/example_dags/example_short_circuit_operator.py
[2023-06-17T03:25:22.337+0000] {processor.py:826} INFO - Processing file /home/airflow/.local/lib/python3.7/site-packages/airflow/example_dags/example_short_circuit_operator.py for tasks to queue
[2023-06-17T03:25:22.338+0000] {logging_mixin.py:149} INFO - [2023-06-17T03:25:22.337+0000] {dagbag.py:541} INFO - Filling up the DagBag from /home/airflow/.local/lib/python3.7/site-packages/airflow/example_dags/example_short_circuit_operator.py
[2023-06-17T03:25:22.349+0000] {processor.py:836} INFO - DAG(s) dict_keys(['example_short_circuit_operator']) retrieved from /home/airflow/.local/lib/python3.7/site-packages/airflow/example_dags/example_short_circuit_operator.py
[2023-06-17T03:25:22.394+0000] {logging_mixin.py:149} INFO - [2023-06-17T03:25:22.394+0000] {dag.py:2726} INFO - Sync 1 DAGs
[2023-06-17T03:25:22.445+0000] {logging_mixin.py:149} INFO - [2023-06-17T03:25:22.445+0000] {dag.py:3490} INFO - Setting next_dagrun for example_short_circuit_operator to 2023-06-16T03:25:22.444735+00:00, run_after=2023-06-17T03:25:22.444735+00:00
[2023-06-17T03:25:22.667+0000] {processor.py:179} INFO - Processing /home/airflow/.local/lib/python3.7/site-packages/airflow/example_dags/example_short_circuit_operator.py took 0.347 seconds
[2023-06-17T03:35:59.582+0000] {processor.py:157} INFO - Started process (PID=73) to work on /home/airflow/.local/lib/python3.7/site-packages/airflow/example_dags/example_short_circuit_operator.py
[2023-06-17T03:35:59.624+0000] {processor.py:826} INFO - Processing file /home/airflow/.local/lib/python3.7/site-packages/airflow/example_dags/example_short_circuit_operator.py for tasks to queue
[2023-06-17T03:35:59.625+0000] {logging_mixin.py:149} INFO - [2023-06-17T03:35:59.625+0000] {dagbag.py:541} INFO - Filling up the DagBag from /home/airflow/.local/lib/python3.7/site-packages/airflow/example_dags/example_short_circuit_operator.py
[2023-06-17T03:35:59.635+0000] {processor.py:836} INFO - DAG(s) dict_keys(['example_short_circuit_operator']) retrieved from /home/airflow/.local/lib/python3.7/site-packages/airflow/example_dags/example_short_circuit_operator.py
[2023-06-17T03:35:59.687+0000] {logging_mixin.py:149} INFO - [2023-06-17T03:35:59.686+0000] {dag.py:2726} INFO - Sync 1 DAGs
[2023-06-17T03:35:59.734+0000] {logging_mixin.py:149} INFO - [2023-06-17T03:35:59.733+0000] {dag.py:3490} INFO - Setting next_dagrun for example_short_circuit_operator to 2023-06-16T03:35:59.732393+00:00, run_after=2023-06-17T03:35:59.732393+00:00
[2023-06-17T03:35:59.907+0000] {processor.py:179} INFO - Processing /home/airflow/.local/lib/python3.7/site-packages/airflow/example_dags/example_short_circuit_operator.py took 0.328 seconds
[2023-06-17T03:36:32.401+0000] {processor.py:157} INFO - Started process (PID=134) to work on /home/airflow/.local/lib/python3.7/site-packages/airflow/example_dags/example_short_circuit_operator.py
[2023-06-17T03:36:32.509+0000] {processor.py:826} INFO - Processing file /home/airflow/.local/lib/python3.7/site-packages/airflow/example_dags/example_short_circuit_operator.py for tasks to queue
[2023-06-17T03:36:32.511+0000] {logging_mixin.py:149} INFO - [2023-06-17T03:36:32.511+0000] {dagbag.py:541} INFO - Filling up the DagBag from /home/airflow/.local/lib/python3.7/site-packages/airflow/example_dags/example_short_circuit_operator.py
[2023-06-17T03:36:32.540+0000] {processor.py:836} INFO - DAG(s) dict_keys(['example_short_circuit_operator']) retrieved from /home/airflow/.local/lib/python3.7/site-packages/airflow/example_dags/example_short_circuit_operator.py
[2023-06-17T03:36:32.574+0000] {logging_mixin.py:149} INFO - [2023-06-17T03:36:32.574+0000] {dag.py:2726} INFO - Sync 1 DAGs
[2023-06-17T03:36:32.601+0000] {logging_mixin.py:149} INFO - [2023-06-17T03:36:32.601+0000] {dag.py:3490} INFO - Setting next_dagrun for example_short_circuit_operator to 2023-06-16T03:36:32.601112+00:00, run_after=2023-06-17T03:36:32.601112+00:00
[2023-06-17T03:36:32.817+0000] {processor.py:179} INFO - Processing /home/airflow/.local/lib/python3.7/site-packages/airflow/example_dags/example_short_circuit_operator.py took 0.418 seconds
[2023-06-17T03:37:03.022+0000] {processor.py:157} INFO - Started process (PID=188) to work on /home/airflow/.local/lib/python3.7/site-packages/airflow/example_dags/example_short_circuit_operator.py
[2023-06-17T03:37:03.046+0000] {processor.py:826} INFO - Processing file /home/airflow/.local/lib/python3.7/site-packages/airflow/example_dags/example_short_circuit_operator.py for tasks to queue
[2023-06-17T03:37:03.046+0000] {logging_mixin.py:149} INFO - [2023-06-17T03:37:03.046+0000] {dagbag.py:541} INFO - Filling up the DagBag from /home/airflow/.local/lib/python3.7/site-packages/airflow/example_dags/example_short_circuit_operator.py
[2023-06-17T03:37:03.057+0000] {processor.py:836} INFO - DAG(s) dict_keys(['example_short_circuit_operator']) retrieved from /home/airflow/.local/lib/python3.7/site-packages/airflow/example_dags/example_short_circuit_operator.py
[2023-06-17T03:37:03.102+0000] {logging_mixin.py:149} INFO - [2023-06-17T03:37:03.102+0000] {dag.py:2726} INFO - Sync 1 DAGs
[2023-06-17T03:37:03.245+0000] {logging_mixin.py:149} INFO - [2023-06-17T03:37:03.245+0000] {dag.py:3490} INFO - Setting next_dagrun for example_short_circuit_operator to 2023-06-16T03:37:03.245615+00:00, run_after=2023-06-17T03:37:03.245615+00:00
[2023-06-17T03:37:03.340+0000] {processor.py:179} INFO - Processing /home/airflow/.local/lib/python3.7/site-packages/airflow/example_dags/example_short_circuit_operator.py took 0.321 seconds
[2023-06-17T03:37:33.886+0000] {processor.py:157} INFO - Started process (PID=250) to work on /home/airflow/.local/lib/python3.7/site-packages/airflow/example_dags/example_short_circuit_operator.py
[2023-06-17T03:37:33.956+0000] {processor.py:826} INFO - Processing file /home/airflow/.local/lib/python3.7/site-packages/airflow/example_dags/example_short_circuit_operator.py for tasks to queue
[2023-06-17T03:37:33.957+0000] {logging_mixin.py:149} INFO - [2023-06-17T03:37:33.957+0000] {dagbag.py:541} INFO - Filling up the DagBag from /home/airflow/.local/lib/python3.7/site-packages/airflow/example_dags/example_short_circuit_operator.py
[2023-06-17T03:37:33.965+0000] {processor.py:836} INFO - DAG(s) dict_keys(['example_short_circuit_operator']) retrieved from /home/airflow/.local/lib/python3.7/site-packages/airflow/example_dags/example_short_circuit_operator.py
[2023-06-17T03:37:34.000+0000] {logging_mixin.py:149} INFO - [2023-06-17T03:37:34.000+0000] {dag.py:2726} INFO - Sync 1 DAGs
[2023-06-17T03:37:34.027+0000] {logging_mixin.py:149} INFO - [2023-06-17T03:37:34.027+0000] {dag.py:3490} INFO - Setting next_dagrun for example_short_circuit_operator to 2023-06-16T03:37:34.027354+00:00, run_after=2023-06-17T03:37:34.027354+00:00
[2023-06-17T03:37:34.101+0000] {processor.py:179} INFO - Processing /home/airflow/.local/lib/python3.7/site-packages/airflow/example_dags/example_short_circuit_operator.py took 0.219 seconds
[2023-06-17T03:38:04.447+0000] {processor.py:157} INFO - Started process (PID=311) to work on /home/airflow/.local/lib/python3.7/site-packages/airflow/example_dags/example_short_circuit_operator.py
[2023-06-17T03:38:04.469+0000] {processor.py:826} INFO - Processing file /home/airflow/.local/lib/python3.7/site-packages/airflow/example_dags/example_short_circuit_operator.py for tasks to queue
[2023-06-17T03:38:04.470+0000] {logging_mixin.py:149} INFO - [2023-06-17T03:38:04.469+0000] {dagbag.py:541} INFO - Filling up the DagBag from /home/airflow/.local/lib/python3.7/site-packages/airflow/example_dags/example_short_circuit_operator.py
[2023-06-17T03:38:04.479+0000] {processor.py:836} INFO - DAG(s) dict_keys(['example_short_circuit_operator']) retrieved from /home/airflow/.local/lib/python3.7/site-packages/airflow/example_dags/example_short_circuit_operator.py
[2023-06-17T03:38:04.518+0000] {logging_mixin.py:149} INFO - [2023-06-17T03:38:04.518+0000] {dag.py:2726} INFO - Sync 1 DAGs
[2023-06-17T03:38:04.561+0000] {logging_mixin.py:149} INFO - [2023-06-17T03:38:04.561+0000] {dag.py:3490} INFO - Setting next_dagrun for example_short_circuit_operator to 2023-06-16T03:38:04.560791+00:00, run_after=2023-06-17T03:38:04.560791+00:00
[2023-06-17T03:38:04.593+0000] {processor.py:179} INFO - Processing /home/airflow/.local/lib/python3.7/site-packages/airflow/example_dags/example_short_circuit_operator.py took 0.149 seconds
[2023-06-17T03:38:35.261+0000] {processor.py:157} INFO - Started process (PID=372) to work on /home/airflow/.local/lib/python3.7/site-packages/airflow/example_dags/example_short_circuit_operator.py
[2023-06-17T03:38:35.309+0000] {processor.py:826} INFO - Processing file /home/airflow/.local/lib/python3.7/site-packages/airflow/example_dags/example_short_circuit_operator.py for tasks to queue
[2023-06-17T03:38:35.310+0000] {logging_mixin.py:149} INFO - [2023-06-17T03:38:35.310+0000] {dagbag.py:541} INFO - Filling up the DagBag from /home/airflow/.local/lib/python3.7/site-packages/airflow/example_dags/example_short_circuit_operator.py
[2023-06-17T03:38:35.317+0000] {processor.py:836} INFO - DAG(s) dict_keys(['example_short_circuit_operator']) retrieved from /home/airflow/.local/lib/python3.7/site-packages/airflow/example_dags/example_short_circuit_operator.py
[2023-06-17T03:38:35.341+0000] {logging_mixin.py:149} INFO - [2023-06-17T03:38:35.341+0000] {dag.py:2726} INFO - Sync 1 DAGs
[2023-06-17T03:38:35.367+0000] {logging_mixin.py:149} INFO - [2023-06-17T03:38:35.367+0000] {dag.py:3490} INFO - Setting next_dagrun for example_short_circuit_operator to 2023-06-16T03:38:35.366926+00:00, run_after=2023-06-17T03:38:35.366926+00:00
[2023-06-17T03:38:35.468+0000] {processor.py:179} INFO - Processing /home/airflow/.local/lib/python3.7/site-packages/airflow/example_dags/example_short_circuit_operator.py took 0.210 seconds
[2023-06-17T03:39:05.783+0000] {processor.py:157} INFO - Started process (PID=433) to work on /home/airflow/.local/lib/python3.7/site-packages/airflow/example_dags/example_short_circuit_operator.py
[2023-06-17T03:39:05.786+0000] {processor.py:826} INFO - Processing file /home/airflow/.local/lib/python3.7/site-packages/airflow/example_dags/example_short_circuit_operator.py for tasks to queue
[2023-06-17T03:39:05.786+0000] {logging_mixin.py:149} INFO - [2023-06-17T03:39:05.786+0000] {dagbag.py:541} INFO - Filling up the DagBag from /home/airflow/.local/lib/python3.7/site-packages/airflow/example_dags/example_short_circuit_operator.py
[2023-06-17T03:39:05.794+0000] {processor.py:836} INFO - DAG(s) dict_keys(['example_short_circuit_operator']) retrieved from /home/airflow/.local/lib/python3.7/site-packages/airflow/example_dags/example_short_circuit_operator.py
[2023-06-17T03:39:05.818+0000] {logging_mixin.py:149} INFO - [2023-06-17T03:39:05.818+0000] {dag.py:2726} INFO - Sync 1 DAGs
[2023-06-17T03:39:05.845+0000] {logging_mixin.py:149} INFO - [2023-06-17T03:39:05.845+0000] {dag.py:3490} INFO - Setting next_dagrun for example_short_circuit_operator to 2023-06-16T03:39:05.845183+00:00, run_after=2023-06-17T03:39:05.845183+00:00
[2023-06-17T03:39:05.876+0000] {processor.py:179} INFO - Processing /home/airflow/.local/lib/python3.7/site-packages/airflow/example_dags/example_short_circuit_operator.py took 0.096 seconds
[2023-06-17T03:39:36.905+0000] {processor.py:157} INFO - Started process (PID=501) to work on /home/airflow/.local/lib/python3.7/site-packages/airflow/example_dags/example_short_circuit_operator.py
[2023-06-17T03:39:36.930+0000] {processor.py:826} INFO - Processing file /home/airflow/.local/lib/python3.7/site-packages/airflow/example_dags/example_short_circuit_operator.py for tasks to queue
[2023-06-17T03:39:36.931+0000] {logging_mixin.py:149} INFO - [2023-06-17T03:39:36.931+0000] {dagbag.py:541} INFO - Filling up the DagBag from /home/airflow/.local/lib/python3.7/site-packages/airflow/example_dags/example_short_circuit_operator.py
[2023-06-17T03:39:36.938+0000] {processor.py:836} INFO - DAG(s) dict_keys(['example_short_circuit_operator']) retrieved from /home/airflow/.local/lib/python3.7/site-packages/airflow/example_dags/example_short_circuit_operator.py
[2023-06-17T03:39:36.966+0000] {logging_mixin.py:149} INFO - [2023-06-17T03:39:36.965+0000] {dag.py:2726} INFO - Sync 1 DAGs
[2023-06-17T03:39:36.993+0000] {logging_mixin.py:149} INFO - [2023-06-17T03:39:36.993+0000] {dag.py:3490} INFO - Setting next_dagrun for example_short_circuit_operator to 2023-06-16T03:39:36.993343+00:00, run_after=2023-06-17T03:39:36.993343+00:00
[2023-06-17T03:39:37.019+0000] {processor.py:179} INFO - Processing /home/airflow/.local/lib/python3.7/site-packages/airflow/example_dags/example_short_circuit_operator.py took 0.117 seconds
[2023-06-17T03:40:07.445+0000] {processor.py:157} INFO - Started process (PID=562) to work on /home/airflow/.local/lib/python3.7/site-packages/airflow/example_dags/example_short_circuit_operator.py
[2023-06-17T03:40:07.463+0000] {processor.py:826} INFO - Processing file /home/airflow/.local/lib/python3.7/site-packages/airflow/example_dags/example_short_circuit_operator.py for tasks to queue
[2023-06-17T03:40:07.464+0000] {logging_mixin.py:149} INFO - [2023-06-17T03:40:07.464+0000] {dagbag.py:541} INFO - Filling up the DagBag from /home/airflow/.local/lib/python3.7/site-packages/airflow/example_dags/example_short_circuit_operator.py
[2023-06-17T03:40:07.471+0000] {processor.py:836} INFO - DAG(s) dict_keys(['example_short_circuit_operator']) retrieved from /home/airflow/.local/lib/python3.7/site-packages/airflow/example_dags/example_short_circuit_operator.py
[2023-06-17T03:40:07.496+0000] {logging_mixin.py:149} INFO - [2023-06-17T03:40:07.496+0000] {dag.py:2726} INFO - Sync 1 DAGs
[2023-06-17T03:40:07.526+0000] {logging_mixin.py:149} INFO - [2023-06-17T03:40:07.526+0000] {dag.py:3490} INFO - Setting next_dagrun for example_short_circuit_operator to 2023-06-16T03:40:07.526127+00:00, run_after=2023-06-17T03:40:07.526127+00:00
[2023-06-17T03:40:07.562+0000] {processor.py:179} INFO - Processing /home/airflow/.local/lib/python3.7/site-packages/airflow/example_dags/example_short_circuit_operator.py took 0.119 seconds
[2023-06-17T03:40:38.665+0000] {processor.py:157} INFO - Started process (PID=624) to work on /home/airflow/.local/lib/python3.7/site-packages/airflow/example_dags/example_short_circuit_operator.py
[2023-06-17T03:40:38.719+0000] {processor.py:826} INFO - Processing file /home/airflow/.local/lib/python3.7/site-packages/airflow/example_dags/example_short_circuit_operator.py for tasks to queue
[2023-06-17T03:40:38.720+0000] {logging_mixin.py:149} INFO - [2023-06-17T03:40:38.720+0000] {dagbag.py:541} INFO - Filling up the DagBag from /home/airflow/.local/lib/python3.7/site-packages/airflow/example_dags/example_short_circuit_operator.py
[2023-06-17T03:40:38.727+0000] {processor.py:836} INFO - DAG(s) dict_keys(['example_short_circuit_operator']) retrieved from /home/airflow/.local/lib/python3.7/site-packages/airflow/example_dags/example_short_circuit_operator.py
[2023-06-17T03:40:38.759+0000] {logging_mixin.py:149} INFO - [2023-06-17T03:40:38.758+0000] {dag.py:2726} INFO - Sync 1 DAGs
[2023-06-17T03:40:38.790+0000] {logging_mixin.py:149} INFO - [2023-06-17T03:40:38.790+0000] {dag.py:3490} INFO - Setting next_dagrun for example_short_circuit_operator to 2023-06-16T03:40:38.790237+00:00, run_after=2023-06-17T03:40:38.790237+00:00
[2023-06-17T03:40:38.841+0000] {processor.py:179} INFO - Processing /home/airflow/.local/lib/python3.7/site-packages/airflow/example_dags/example_short_circuit_operator.py took 0.178 seconds
[2023-06-17T03:41:09.641+0000] {processor.py:157} INFO - Started process (PID=685) to work on /home/airflow/.local/lib/python3.7/site-packages/airflow/example_dags/example_short_circuit_operator.py
[2023-06-17T03:41:09.646+0000] {processor.py:826} INFO - Processing file /home/airflow/.local/lib/python3.7/site-packages/airflow/example_dags/example_short_circuit_operator.py for tasks to queue
[2023-06-17T03:41:09.647+0000] {logging_mixin.py:149} INFO - [2023-06-17T03:41:09.647+0000] {dagbag.py:541} INFO - Filling up the DagBag from /home/airflow/.local/lib/python3.7/site-packages/airflow/example_dags/example_short_circuit_operator.py
[2023-06-17T03:41:09.658+0000] {processor.py:836} INFO - DAG(s) dict_keys(['example_short_circuit_operator']) retrieved from /home/airflow/.local/lib/python3.7/site-packages/airflow/example_dags/example_short_circuit_operator.py
[2023-06-17T03:41:09.696+0000] {logging_mixin.py:149} INFO - [2023-06-17T03:41:09.696+0000] {dag.py:2726} INFO - Sync 1 DAGs
[2023-06-17T03:41:09.737+0000] {logging_mixin.py:149} INFO - [2023-06-17T03:41:09.737+0000] {dag.py:3490} INFO - Setting next_dagrun for example_short_circuit_operator to 2023-06-16T03:41:09.736930+00:00, run_after=2023-06-17T03:41:09.736930+00:00
[2023-06-17T03:41:09.770+0000] {processor.py:179} INFO - Processing /home/airflow/.local/lib/python3.7/site-packages/airflow/example_dags/example_short_circuit_operator.py took 0.132 seconds
[2023-06-17T03:41:40.151+0000] {processor.py:157} INFO - Started process (PID=746) to work on /home/airflow/.local/lib/python3.7/site-packages/airflow/example_dags/example_short_circuit_operator.py
[2023-06-17T03:41:40.176+0000] {processor.py:826} INFO - Processing file /home/airflow/.local/lib/python3.7/site-packages/airflow/example_dags/example_short_circuit_operator.py for tasks to queue
[2023-06-17T03:41:40.176+0000] {logging_mixin.py:149} INFO - [2023-06-17T03:41:40.176+0000] {dagbag.py:541} INFO - Filling up the DagBag from /home/airflow/.local/lib/python3.7/site-packages/airflow/example_dags/example_short_circuit_operator.py
[2023-06-17T03:41:40.183+0000] {processor.py:836} INFO - DAG(s) dict_keys(['example_short_circuit_operator']) retrieved from /home/airflow/.local/lib/python3.7/site-packages/airflow/example_dags/example_short_circuit_operator.py
[2023-06-17T03:41:40.208+0000] {logging_mixin.py:149} INFO - [2023-06-17T03:41:40.208+0000] {dag.py:2726} INFO - Sync 1 DAGs
[2023-06-17T03:41:40.234+0000] {logging_mixin.py:149} INFO - [2023-06-17T03:41:40.233+0000] {dag.py:3490} INFO - Setting next_dagrun for example_short_circuit_operator to 2023-06-16T03:41:40.233517+00:00, run_after=2023-06-17T03:41:40.233517+00:00
[2023-06-17T03:41:40.262+0000] {processor.py:179} INFO - Processing /home/airflow/.local/lib/python3.7/site-packages/airflow/example_dags/example_short_circuit_operator.py took 0.114 seconds
[2023-06-17T03:42:11.284+0000] {processor.py:157} INFO - Started process (PID=807) to work on /home/airflow/.local/lib/python3.7/site-packages/airflow/example_dags/example_short_circuit_operator.py
[2023-06-17T03:42:11.309+0000] {processor.py:826} INFO - Processing file /home/airflow/.local/lib/python3.7/site-packages/airflow/example_dags/example_short_circuit_operator.py for tasks to queue
[2023-06-17T03:42:11.310+0000] {logging_mixin.py:149} INFO - [2023-06-17T03:42:11.310+0000] {dagbag.py:541} INFO - Filling up the DagBag from /home/airflow/.local/lib/python3.7/site-packages/airflow/example_dags/example_short_circuit_operator.py
[2023-06-17T03:42:11.320+0000] {processor.py:836} INFO - DAG(s) dict_keys(['example_short_circuit_operator']) retrieved from /home/airflow/.local/lib/python3.7/site-packages/airflow/example_dags/example_short_circuit_operator.py
[2023-06-17T03:42:11.351+0000] {logging_mixin.py:149} INFO - [2023-06-17T03:42:11.351+0000] {dag.py:2726} INFO - Sync 1 DAGs
[2023-06-17T03:42:11.379+0000] {logging_mixin.py:149} INFO - [2023-06-17T03:42:11.379+0000] {dag.py:3490} INFO - Setting next_dagrun for example_short_circuit_operator to 2023-06-16T03:42:11.379285+00:00, run_after=2023-06-17T03:42:11.379285+00:00
[2023-06-17T03:42:11.426+0000] {processor.py:179} INFO - Processing /home/airflow/.local/lib/python3.7/site-packages/airflow/example_dags/example_short_circuit_operator.py took 0.145 seconds
[2023-06-17T03:42:41.867+0000] {processor.py:157} INFO - Started process (PID=868) to work on /home/airflow/.local/lib/python3.7/site-packages/airflow/example_dags/example_short_circuit_operator.py
[2023-06-17T03:42:41.879+0000] {processor.py:826} INFO - Processing file /home/airflow/.local/lib/python3.7/site-packages/airflow/example_dags/example_short_circuit_operator.py for tasks to queue
[2023-06-17T03:42:41.880+0000] {logging_mixin.py:149} INFO - [2023-06-17T03:42:41.880+0000] {dagbag.py:541} INFO - Filling up the DagBag from /home/airflow/.local/lib/python3.7/site-packages/airflow/example_dags/example_short_circuit_operator.py
[2023-06-17T03:42:41.892+0000] {processor.py:836} INFO - DAG(s) dict_keys(['example_short_circuit_operator']) retrieved from /home/airflow/.local/lib/python3.7/site-packages/airflow/example_dags/example_short_circuit_operator.py
[2023-06-17T03:42:41.933+0000] {logging_mixin.py:149} INFO - [2023-06-17T03:42:41.933+0000] {dag.py:2726} INFO - Sync 1 DAGs
[2023-06-17T03:42:41.979+0000] {logging_mixin.py:149} INFO - [2023-06-17T03:42:41.978+0000] {dag.py:3490} INFO - Setting next_dagrun for example_short_circuit_operator to 2023-06-16T03:42:41.978577+00:00, run_after=2023-06-17T03:42:41.978577+00:00
[2023-06-17T03:42:42.019+0000] {processor.py:179} INFO - Processing /home/airflow/.local/lib/python3.7/site-packages/airflow/example_dags/example_short_circuit_operator.py took 0.156 seconds
[2023-06-17T03:43:12.695+0000] {processor.py:157} INFO - Started process (PID=929) to work on /home/airflow/.local/lib/python3.7/site-packages/airflow/example_dags/example_short_circuit_operator.py
[2023-06-17T03:43:12.698+0000] {processor.py:826} INFO - Processing file /home/airflow/.local/lib/python3.7/site-packages/airflow/example_dags/example_short_circuit_operator.py for tasks to queue
[2023-06-17T03:43:12.699+0000] {logging_mixin.py:149} INFO - [2023-06-17T03:43:12.698+0000] {dagbag.py:541} INFO - Filling up the DagBag from /home/airflow/.local/lib/python3.7/site-packages/airflow/example_dags/example_short_circuit_operator.py
[2023-06-17T03:43:12.708+0000] {processor.py:836} INFO - DAG(s) dict_keys(['example_short_circuit_operator']) retrieved from /home/airflow/.local/lib/python3.7/site-packages/airflow/example_dags/example_short_circuit_operator.py
[2023-06-17T03:43:12.735+0000] {logging_mixin.py:149} INFO - [2023-06-17T03:43:12.735+0000] {dag.py:2726} INFO - Sync 1 DAGs
[2023-06-17T03:43:12.763+0000] {logging_mixin.py:149} INFO - [2023-06-17T03:43:12.763+0000] {dag.py:3490} INFO - Setting next_dagrun for example_short_circuit_operator to 2023-06-16T03:43:12.763207+00:00, run_after=2023-06-17T03:43:12.763207+00:00
[2023-06-17T03:43:12.789+0000] {processor.py:179} INFO - Processing /home/airflow/.local/lib/python3.7/site-packages/airflow/example_dags/example_short_circuit_operator.py took 0.097 seconds
[2023-06-17T03:43:43.185+0000] {processor.py:157} INFO - Started process (PID=990) to work on /home/airflow/.local/lib/python3.7/site-packages/airflow/example_dags/example_short_circuit_operator.py
[2023-06-17T03:43:43.198+0000] {processor.py:826} INFO - Processing file /home/airflow/.local/lib/python3.7/site-packages/airflow/example_dags/example_short_circuit_operator.py for tasks to queue
[2023-06-17T03:43:43.199+0000] {logging_mixin.py:149} INFO - [2023-06-17T03:43:43.199+0000] {dagbag.py:541} INFO - Filling up the DagBag from /home/airflow/.local/lib/python3.7/site-packages/airflow/example_dags/example_short_circuit_operator.py
[2023-06-17T03:43:43.206+0000] {processor.py:836} INFO - DAG(s) dict_keys(['example_short_circuit_operator']) retrieved from /home/airflow/.local/lib/python3.7/site-packages/airflow/example_dags/example_short_circuit_operator.py
[2023-06-17T03:43:43.231+0000] {logging_mixin.py:149} INFO - [2023-06-17T03:43:43.231+0000] {dag.py:2726} INFO - Sync 1 DAGs
[2023-06-17T03:43:43.258+0000] {logging_mixin.py:149} INFO - [2023-06-17T03:43:43.258+0000] {dag.py:3490} INFO - Setting next_dagrun for example_short_circuit_operator to 2023-06-16T03:43:43.258171+00:00, run_after=2023-06-17T03:43:43.258171+00:00
[2023-06-17T03:43:43.288+0000] {processor.py:179} INFO - Processing /home/airflow/.local/lib/python3.7/site-packages/airflow/example_dags/example_short_circuit_operator.py took 0.105 seconds
[2023-06-17T03:44:14.040+0000] {processor.py:157} INFO - Started process (PID=1051) to work on /home/airflow/.local/lib/python3.7/site-packages/airflow/example_dags/example_short_circuit_operator.py
[2023-06-17T03:44:14.047+0000] {processor.py:826} INFO - Processing file /home/airflow/.local/lib/python3.7/site-packages/airflow/example_dags/example_short_circuit_operator.py for tasks to queue
[2023-06-17T03:44:14.047+0000] {logging_mixin.py:149} INFO - [2023-06-17T03:44:14.047+0000] {dagbag.py:541} INFO - Filling up the DagBag from /home/airflow/.local/lib/python3.7/site-packages/airflow/example_dags/example_short_circuit_operator.py
[2023-06-17T03:44:14.058+0000] {processor.py:836} INFO - DAG(s) dict_keys(['example_short_circuit_operator']) retrieved from /home/airflow/.local/lib/python3.7/site-packages/airflow/example_dags/example_short_circuit_operator.py
[2023-06-17T03:44:14.097+0000] {logging_mixin.py:149} INFO - [2023-06-17T03:44:14.097+0000] {dag.py:2726} INFO - Sync 1 DAGs
[2023-06-17T03:44:14.133+0000] {logging_mixin.py:149} INFO - [2023-06-17T03:44:14.132+0000] {dag.py:3490} INFO - Setting next_dagrun for example_short_circuit_operator to 2023-06-16T03:44:14.132775+00:00, run_after=2023-06-17T03:44:14.132775+00:00
[2023-06-17T03:44:14.171+0000] {processor.py:179} INFO - Processing /home/airflow/.local/lib/python3.7/site-packages/airflow/example_dags/example_short_circuit_operator.py took 0.134 seconds
[2023-06-17T03:44:44.603+0000] {processor.py:157} INFO - Started process (PID=1112) to work on /home/airflow/.local/lib/python3.7/site-packages/airflow/example_dags/example_short_circuit_operator.py
[2023-06-17T03:44:44.614+0000] {processor.py:826} INFO - Processing file /home/airflow/.local/lib/python3.7/site-packages/airflow/example_dags/example_short_circuit_operator.py for tasks to queue
[2023-06-17T03:44:44.615+0000] {logging_mixin.py:149} INFO - [2023-06-17T03:44:44.614+0000] {dagbag.py:541} INFO - Filling up the DagBag from /home/airflow/.local/lib/python3.7/site-packages/airflow/example_dags/example_short_circuit_operator.py
[2023-06-17T03:44:44.625+0000] {processor.py:836} INFO - DAG(s) dict_keys(['example_short_circuit_operator']) retrieved from /home/airflow/.local/lib/python3.7/site-packages/airflow/example_dags/example_short_circuit_operator.py
[2023-06-17T03:44:44.654+0000] {logging_mixin.py:149} INFO - [2023-06-17T03:44:44.654+0000] {dag.py:2726} INFO - Sync 1 DAGs
[2023-06-17T03:44:44.684+0000] {logging_mixin.py:149} INFO - [2023-06-17T03:44:44.684+0000] {dag.py:3490} INFO - Setting next_dagrun for example_short_circuit_operator to 2023-06-16T03:44:44.683948+00:00, run_after=2023-06-17T03:44:44.683948+00:00
[2023-06-17T03:44:44.751+0000] {processor.py:179} INFO - Processing /home/airflow/.local/lib/python3.7/site-packages/airflow/example_dags/example_short_circuit_operator.py took 0.150 seconds
[2023-06-17T03:45:15.182+0000] {processor.py:157} INFO - Started process (PID=1173) to work on /home/airflow/.local/lib/python3.7/site-packages/airflow/example_dags/example_short_circuit_operator.py
[2023-06-17T03:45:15.183+0000] {processor.py:826} INFO - Processing file /home/airflow/.local/lib/python3.7/site-packages/airflow/example_dags/example_short_circuit_operator.py for tasks to queue
[2023-06-17T03:45:15.184+0000] {logging_mixin.py:149} INFO - [2023-06-17T03:45:15.184+0000] {dagbag.py:541} INFO - Filling up the DagBag from /home/airflow/.local/lib/python3.7/site-packages/airflow/example_dags/example_short_circuit_operator.py
[2023-06-17T03:45:15.208+0000] {processor.py:836} INFO - DAG(s) dict_keys(['example_short_circuit_operator']) retrieved from /home/airflow/.local/lib/python3.7/site-packages/airflow/example_dags/example_short_circuit_operator.py
[2023-06-17T03:45:15.239+0000] {logging_mixin.py:149} INFO - [2023-06-17T03:45:15.239+0000] {dag.py:2726} INFO - Sync 1 DAGs
[2023-06-17T03:45:15.267+0000] {logging_mixin.py:149} INFO - [2023-06-17T03:45:15.267+0000] {dag.py:3490} INFO - Setting next_dagrun for example_short_circuit_operator to 2023-06-16T03:45:15.266910+00:00, run_after=2023-06-17T03:45:15.266910+00:00
[2023-06-17T03:45:15.291+0000] {processor.py:179} INFO - Processing /home/airflow/.local/lib/python3.7/site-packages/airflow/example_dags/example_short_circuit_operator.py took 0.112 seconds
[2023-06-17T03:45:45.776+0000] {processor.py:157} INFO - Started process (PID=1234) to work on /home/airflow/.local/lib/python3.7/site-packages/airflow/example_dags/example_short_circuit_operator.py
[2023-06-17T03:45:45.782+0000] {processor.py:826} INFO - Processing file /home/airflow/.local/lib/python3.7/site-packages/airflow/example_dags/example_short_circuit_operator.py for tasks to queue
[2023-06-17T03:45:45.782+0000] {logging_mixin.py:149} INFO - [2023-06-17T03:45:45.782+0000] {dagbag.py:541} INFO - Filling up the DagBag from /home/airflow/.local/lib/python3.7/site-packages/airflow/example_dags/example_short_circuit_operator.py
[2023-06-17T03:45:45.789+0000] {processor.py:836} INFO - DAG(s) dict_keys(['example_short_circuit_operator']) retrieved from /home/airflow/.local/lib/python3.7/site-packages/airflow/example_dags/example_short_circuit_operator.py
[2023-06-17T03:45:45.815+0000] {logging_mixin.py:149} INFO - [2023-06-17T03:45:45.815+0000] {dag.py:2726} INFO - Sync 1 DAGs
[2023-06-17T03:45:45.848+0000] {logging_mixin.py:149} INFO - [2023-06-17T03:45:45.848+0000] {dag.py:3490} INFO - Setting next_dagrun for example_short_circuit_operator to 2023-06-16T03:45:45.848328+00:00, run_after=2023-06-17T03:45:45.848328+00:00
[2023-06-17T03:45:45.882+0000] {processor.py:179} INFO - Processing /home/airflow/.local/lib/python3.7/site-packages/airflow/example_dags/example_short_circuit_operator.py took 0.108 seconds
[2023-06-17T03:46:16.644+0000] {processor.py:157} INFO - Started process (PID=1295) to work on /home/airflow/.local/lib/python3.7/site-packages/airflow/example_dags/example_short_circuit_operator.py
[2023-06-17T03:46:16.652+0000] {processor.py:826} INFO - Processing file /home/airflow/.local/lib/python3.7/site-packages/airflow/example_dags/example_short_circuit_operator.py for tasks to queue
[2023-06-17T03:46:16.653+0000] {logging_mixin.py:149} INFO - [2023-06-17T03:46:16.653+0000] {dagbag.py:541} INFO - Filling up the DagBag from /home/airflow/.local/lib/python3.7/site-packages/airflow/example_dags/example_short_circuit_operator.py
[2023-06-17T03:46:16.664+0000] {processor.py:836} INFO - DAG(s) dict_keys(['example_short_circuit_operator']) retrieved from /home/airflow/.local/lib/python3.7/site-packages/airflow/example_dags/example_short_circuit_operator.py
[2023-06-17T03:46:16.699+0000] {logging_mixin.py:149} INFO - [2023-06-17T03:46:16.699+0000] {dag.py:2726} INFO - Sync 1 DAGs
[2023-06-17T03:46:16.728+0000] {logging_mixin.py:149} INFO - [2023-06-17T03:46:16.728+0000] {dag.py:3490} INFO - Setting next_dagrun for example_short_circuit_operator to 2023-06-16T03:46:16.728296+00:00, run_after=2023-06-17T03:46:16.728296+00:00
[2023-06-17T03:46:16.757+0000] {processor.py:179} INFO - Processing /home/airflow/.local/lib/python3.7/site-packages/airflow/example_dags/example_short_circuit_operator.py took 0.115 seconds
[2023-06-17T03:46:47.534+0000] {processor.py:157} INFO - Started process (PID=1356) to work on /home/airflow/.local/lib/python3.7/site-packages/airflow/example_dags/example_short_circuit_operator.py
[2023-06-17T03:46:47.587+0000] {processor.py:826} INFO - Processing file /home/airflow/.local/lib/python3.7/site-packages/airflow/example_dags/example_short_circuit_operator.py for tasks to queue
[2023-06-17T03:46:47.587+0000] {logging_mixin.py:149} INFO - [2023-06-17T03:46:47.587+0000] {dagbag.py:541} INFO - Filling up the DagBag from /home/airflow/.local/lib/python3.7/site-packages/airflow/example_dags/example_short_circuit_operator.py
[2023-06-17T03:46:47.598+0000] {processor.py:836} INFO - DAG(s) dict_keys(['example_short_circuit_operator']) retrieved from /home/airflow/.local/lib/python3.7/site-packages/airflow/example_dags/example_short_circuit_operator.py
[2023-06-17T03:46:47.624+0000] {logging_mixin.py:149} INFO - [2023-06-17T03:46:47.624+0000] {dag.py:2726} INFO - Sync 1 DAGs
[2023-06-17T03:46:47.651+0000] {logging_mixin.py:149} INFO - [2023-06-17T03:46:47.651+0000] {dag.py:3490} INFO - Setting next_dagrun for example_short_circuit_operator to 2023-06-16T03:46:47.650836+00:00, run_after=2023-06-17T03:46:47.650836+00:00
[2023-06-17T03:46:47.693+0000] {processor.py:179} INFO - Processing /home/airflow/.local/lib/python3.7/site-packages/airflow/example_dags/example_short_circuit_operator.py took 0.161 seconds
[2023-06-17T03:47:18.081+0000] {processor.py:157} INFO - Started process (PID=1417) to work on /home/airflow/.local/lib/python3.7/site-packages/airflow/example_dags/example_short_circuit_operator.py
[2023-06-17T03:47:18.095+0000] {processor.py:826} INFO - Processing file /home/airflow/.local/lib/python3.7/site-packages/airflow/example_dags/example_short_circuit_operator.py for tasks to queue
[2023-06-17T03:47:18.096+0000] {logging_mixin.py:149} INFO - [2023-06-17T03:47:18.096+0000] {dagbag.py:541} INFO - Filling up the DagBag from /home/airflow/.local/lib/python3.7/site-packages/airflow/example_dags/example_short_circuit_operator.py
[2023-06-17T03:47:18.116+0000] {processor.py:836} INFO - DAG(s) dict_keys(['example_short_circuit_operator']) retrieved from /home/airflow/.local/lib/python3.7/site-packages/airflow/example_dags/example_short_circuit_operator.py
[2023-06-17T03:47:18.179+0000] {logging_mixin.py:149} INFO - [2023-06-17T03:47:18.179+0000] {dag.py:2726} INFO - Sync 1 DAGs
[2023-06-17T03:47:18.214+0000] {logging_mixin.py:149} INFO - [2023-06-17T03:47:18.214+0000] {dag.py:3490} INFO - Setting next_dagrun for example_short_circuit_operator to 2023-06-16T03:47:18.214254+00:00, run_after=2023-06-17T03:47:18.214254+00:00
[2023-06-17T03:47:18.264+0000] {processor.py:179} INFO - Processing /home/airflow/.local/lib/python3.7/site-packages/airflow/example_dags/example_short_circuit_operator.py took 0.186 seconds
[2023-06-17T03:47:48.854+0000] {processor.py:157} INFO - Started process (PID=1478) to work on /home/airflow/.local/lib/python3.7/site-packages/airflow/example_dags/example_short_circuit_operator.py
[2023-06-17T03:47:48.972+0000] {processor.py:826} INFO - Processing file /home/airflow/.local/lib/python3.7/site-packages/airflow/example_dags/example_short_circuit_operator.py for tasks to queue
[2023-06-17T03:47:48.974+0000] {logging_mixin.py:149} INFO - [2023-06-17T03:47:48.974+0000] {dagbag.py:541} INFO - Filling up the DagBag from /home/airflow/.local/lib/python3.7/site-packages/airflow/example_dags/example_short_circuit_operator.py
[2023-06-17T03:47:48.996+0000] {processor.py:836} INFO - DAG(s) dict_keys(['example_short_circuit_operator']) retrieved from /home/airflow/.local/lib/python3.7/site-packages/airflow/example_dags/example_short_circuit_operator.py
[2023-06-17T03:47:49.041+0000] {logging_mixin.py:149} INFO - [2023-06-17T03:47:49.041+0000] {dag.py:2726} INFO - Sync 1 DAGs
[2023-06-17T03:47:49.074+0000] {logging_mixin.py:149} INFO - [2023-06-17T03:47:49.074+0000] {dag.py:3490} INFO - Setting next_dagrun for example_short_circuit_operator to 2023-06-16T03:47:49.073862+00:00, run_after=2023-06-17T03:47:49.073862+00:00
[2023-06-17T03:47:49.271+0000] {processor.py:179} INFO - Processing /home/airflow/.local/lib/python3.7/site-packages/airflow/example_dags/example_short_circuit_operator.py took 0.420 seconds
[2023-06-17T03:48:19.849+0000] {processor.py:157} INFO - Started process (PID=1539) to work on /home/airflow/.local/lib/python3.7/site-packages/airflow/example_dags/example_short_circuit_operator.py
[2023-06-17T03:48:19.874+0000] {processor.py:826} INFO - Processing file /home/airflow/.local/lib/python3.7/site-packages/airflow/example_dags/example_short_circuit_operator.py for tasks to queue
[2023-06-17T03:48:19.875+0000] {logging_mixin.py:149} INFO - [2023-06-17T03:48:19.875+0000] {dagbag.py:541} INFO - Filling up the DagBag from /home/airflow/.local/lib/python3.7/site-packages/airflow/example_dags/example_short_circuit_operator.py
[2023-06-17T03:48:19.883+0000] {processor.py:836} INFO - DAG(s) dict_keys(['example_short_circuit_operator']) retrieved from /home/airflow/.local/lib/python3.7/site-packages/airflow/example_dags/example_short_circuit_operator.py
[2023-06-17T03:48:19.908+0000] {logging_mixin.py:149} INFO - [2023-06-17T03:48:19.907+0000] {dag.py:2726} INFO - Sync 1 DAGs
[2023-06-17T03:48:19.936+0000] {logging_mixin.py:149} INFO - [2023-06-17T03:48:19.936+0000] {dag.py:3490} INFO - Setting next_dagrun for example_short_circuit_operator to 2023-06-16T03:48:19.936276+00:00, run_after=2023-06-17T03:48:19.936276+00:00
[2023-06-17T03:48:19.977+0000] {processor.py:179} INFO - Processing /home/airflow/.local/lib/python3.7/site-packages/airflow/example_dags/example_short_circuit_operator.py took 0.131 seconds
[2023-06-17T03:48:50.298+0000] {processor.py:157} INFO - Started process (PID=1600) to work on /home/airflow/.local/lib/python3.7/site-packages/airflow/example_dags/example_short_circuit_operator.py
[2023-06-17T03:48:50.298+0000] {processor.py:826} INFO - Processing file /home/airflow/.local/lib/python3.7/site-packages/airflow/example_dags/example_short_circuit_operator.py for tasks to queue
[2023-06-17T03:48:50.299+0000] {logging_mixin.py:149} INFO - [2023-06-17T03:48:50.299+0000] {dagbag.py:541} INFO - Filling up the DagBag from /home/airflow/.local/lib/python3.7/site-packages/airflow/example_dags/example_short_circuit_operator.py
[2023-06-17T03:48:50.307+0000] {processor.py:836} INFO - DAG(s) dict_keys(['example_short_circuit_operator']) retrieved from /home/airflow/.local/lib/python3.7/site-packages/airflow/example_dags/example_short_circuit_operator.py
[2023-06-17T03:48:50.335+0000] {logging_mixin.py:149} INFO - [2023-06-17T03:48:50.335+0000] {dag.py:2726} INFO - Sync 1 DAGs
[2023-06-17T03:48:50.364+0000] {logging_mixin.py:149} INFO - [2023-06-17T03:48:50.363+0000] {dag.py:3490} INFO - Setting next_dagrun for example_short_circuit_operator to 2023-06-16T03:48:50.363786+00:00, run_after=2023-06-17T03:48:50.363786+00:00
[2023-06-17T03:48:50.393+0000] {processor.py:179} INFO - Processing /home/airflow/.local/lib/python3.7/site-packages/airflow/example_dags/example_short_circuit_operator.py took 0.097 seconds
[2023-06-17T03:49:21.025+0000] {processor.py:157} INFO - Started process (PID=1662) to work on /home/airflow/.local/lib/python3.7/site-packages/airflow/example_dags/example_short_circuit_operator.py
[2023-06-17T03:49:21.058+0000] {processor.py:826} INFO - Processing file /home/airflow/.local/lib/python3.7/site-packages/airflow/example_dags/example_short_circuit_operator.py for tasks to queue
[2023-06-17T03:49:21.059+0000] {logging_mixin.py:149} INFO - [2023-06-17T03:49:21.058+0000] {dagbag.py:541} INFO - Filling up the DagBag from /home/airflow/.local/lib/python3.7/site-packages/airflow/example_dags/example_short_circuit_operator.py
[2023-06-17T03:49:21.069+0000] {processor.py:836} INFO - DAG(s) dict_keys(['example_short_circuit_operator']) retrieved from /home/airflow/.local/lib/python3.7/site-packages/airflow/example_dags/example_short_circuit_operator.py
[2023-06-17T03:49:21.103+0000] {logging_mixin.py:149} INFO - [2023-06-17T03:49:21.103+0000] {dag.py:2726} INFO - Sync 1 DAGs
[2023-06-17T03:49:21.132+0000] {logging_mixin.py:149} INFO - [2023-06-17T03:49:21.132+0000] {dag.py:3490} INFO - Setting next_dagrun for example_short_circuit_operator to 2023-06-16T03:49:21.132269+00:00, run_after=2023-06-17T03:49:21.132269+00:00
[2023-06-17T03:49:21.240+0000] {processor.py:179} INFO - Processing /home/airflow/.local/lib/python3.7/site-packages/airflow/example_dags/example_short_circuit_operator.py took 0.218 seconds
