[2023-06-17T02:16:49.446+0000] {processor.py:157} INFO - Started process (PID=79) to work on /home/airflow/.local/lib/python3.7/site-packages/airflow/example_dags/example_xcomargs.py
[2023-06-17T02:16:49.447+0000] {processor.py:826} INFO - Processing file /home/airflow/.local/lib/python3.7/site-packages/airflow/example_dags/example_xcomargs.py for tasks to queue
[2023-06-17T02:16:49.448+0000] {logging_mixin.py:149} INFO - [2023-06-17T02:16:49.448+0000] {dagbag.py:541} INFO - Filling up the DagBag from /home/airflow/.local/lib/python3.7/site-packages/airflow/example_dags/example_xcomargs.py
[2023-06-17T02:16:49.463+0000] {processor.py:836} INFO - DAG(s) dict_keys(['example_xcom_args_with_operators', 'example_xcom_args']) retrieved from /home/airflow/.local/lib/python3.7/site-packages/airflow/example_dags/example_xcomargs.py
[2023-06-17T02:16:49.516+0000] {logging_mixin.py:149} INFO - [2023-06-17T02:16:49.516+0000] {dag.py:2726} INFO - Sync 2 DAGs
[2023-06-17T02:16:49.559+0000] {logging_mixin.py:149} INFO - [2023-06-17T02:16:49.559+0000] {dag.py:3490} INFO - Setting next_dagrun for example_xcom_args to None, run_after=None
[2023-06-17T02:16:49.565+0000] {logging_mixin.py:149} INFO - [2023-06-17T02:16:49.565+0000] {dag.py:3490} INFO - Setting next_dagrun for example_xcom_args_with_operators to None, run_after=None
[2023-06-17T02:16:49.834+0000] {processor.py:179} INFO - Processing /home/airflow/.local/lib/python3.7/site-packages/airflow/example_dags/example_xcomargs.py took 0.391 seconds
[2023-06-17T02:18:15.248+0000] {processor.py:157} INFO - Started process (PID=147) to work on /home/airflow/.local/lib/python3.7/site-packages/airflow/example_dags/example_xcomargs.py
[2023-06-17T02:18:15.340+0000] {processor.py:826} INFO - Processing file /home/airflow/.local/lib/python3.7/site-packages/airflow/example_dags/example_xcomargs.py for tasks to queue
[2023-06-17T02:18:15.343+0000] {logging_mixin.py:149} INFO - [2023-06-17T02:18:15.342+0000] {dagbag.py:541} INFO - Filling up the DagBag from /home/airflow/.local/lib/python3.7/site-packages/airflow/example_dags/example_xcomargs.py
[2023-06-17T02:18:15.363+0000] {processor.py:836} INFO - DAG(s) dict_keys(['example_xcom_args_with_operators', 'example_xcom_args']) retrieved from /home/airflow/.local/lib/python3.7/site-packages/airflow/example_dags/example_xcomargs.py
[2023-06-17T02:18:15.391+0000] {logging_mixin.py:149} INFO - [2023-06-17T02:18:15.391+0000] {dag.py:2726} INFO - Sync 2 DAGs
[2023-06-17T02:18:15.417+0000] {logging_mixin.py:149} INFO - [2023-06-17T02:18:15.416+0000] {dag.py:3490} INFO - Setting next_dagrun for example_xcom_args to None, run_after=None
[2023-06-17T02:18:15.420+0000] {logging_mixin.py:149} INFO - [2023-06-17T02:18:15.420+0000] {dag.py:3490} INFO - Setting next_dagrun for example_xcom_args_with_operators to None, run_after=None
[2023-06-17T02:18:15.692+0000] {processor.py:179} INFO - Processing /home/airflow/.local/lib/python3.7/site-packages/airflow/example_dags/example_xcomargs.py took 0.451 seconds
[2023-06-17T02:18:46.524+0000] {processor.py:157} INFO - Started process (PID=207) to work on /home/airflow/.local/lib/python3.7/site-packages/airflow/example_dags/example_xcomargs.py
[2023-06-17T02:18:46.668+0000] {processor.py:826} INFO - Processing file /home/airflow/.local/lib/python3.7/site-packages/airflow/example_dags/example_xcomargs.py for tasks to queue
[2023-06-17T02:18:46.669+0000] {logging_mixin.py:149} INFO - [2023-06-17T02:18:46.669+0000] {dagbag.py:541} INFO - Filling up the DagBag from /home/airflow/.local/lib/python3.7/site-packages/airflow/example_dags/example_xcomargs.py
[2023-06-17T02:18:46.677+0000] {processor.py:836} INFO - DAG(s) dict_keys(['example_xcom_args_with_operators', 'example_xcom_args']) retrieved from /home/airflow/.local/lib/python3.7/site-packages/airflow/example_dags/example_xcomargs.py
[2023-06-17T02:18:46.701+0000] {logging_mixin.py:149} INFO - [2023-06-17T02:18:46.701+0000] {dag.py:2726} INFO - Sync 2 DAGs
[2023-06-17T02:18:46.726+0000] {logging_mixin.py:149} INFO - [2023-06-17T02:18:46.726+0000] {dag.py:3490} INFO - Setting next_dagrun for example_xcom_args to None, run_after=None
[2023-06-17T02:18:46.729+0000] {logging_mixin.py:149} INFO - [2023-06-17T02:18:46.729+0000] {dag.py:3490} INFO - Setting next_dagrun for example_xcom_args_with_operators to None, run_after=None
[2023-06-17T02:18:46.926+0000] {processor.py:179} INFO - Processing /home/airflow/.local/lib/python3.7/site-packages/airflow/example_dags/example_xcomargs.py took 0.406 seconds
[2023-06-17T02:19:18.198+0000] {processor.py:157} INFO - Started process (PID=259) to work on /home/airflow/.local/lib/python3.7/site-packages/airflow/example_dags/example_xcomargs.py
[2023-06-17T02:19:18.198+0000] {processor.py:826} INFO - Processing file /home/airflow/.local/lib/python3.7/site-packages/airflow/example_dags/example_xcomargs.py for tasks to queue
[2023-06-17T02:19:18.199+0000] {logging_mixin.py:149} INFO - [2023-06-17T02:19:18.199+0000] {dagbag.py:541} INFO - Filling up the DagBag from /home/airflow/.local/lib/python3.7/site-packages/airflow/example_dags/example_xcomargs.py
[2023-06-17T02:19:18.206+0000] {processor.py:836} INFO - DAG(s) dict_keys(['example_xcom_args_with_operators', 'example_xcom_args']) retrieved from /home/airflow/.local/lib/python3.7/site-packages/airflow/example_dags/example_xcomargs.py
[2023-06-17T02:19:18.234+0000] {logging_mixin.py:149} INFO - [2023-06-17T02:19:18.234+0000] {dag.py:2726} INFO - Sync 2 DAGs
[2023-06-17T02:19:18.267+0000] {logging_mixin.py:149} INFO - [2023-06-17T02:19:18.267+0000] {dag.py:3490} INFO - Setting next_dagrun for example_xcom_args to None, run_after=None
[2023-06-17T02:19:18.270+0000] {logging_mixin.py:149} INFO - [2023-06-17T02:19:18.270+0000] {dag.py:3490} INFO - Setting next_dagrun for example_xcom_args_with_operators to None, run_after=None
[2023-06-17T02:19:18.424+0000] {processor.py:179} INFO - Processing /home/airflow/.local/lib/python3.7/site-packages/airflow/example_dags/example_xcomargs.py took 0.229 seconds
[2023-06-17T02:19:50.042+0000] {processor.py:157} INFO - Started process (PID=320) to work on /home/airflow/.local/lib/python3.7/site-packages/airflow/example_dags/example_xcomargs.py
[2023-06-17T02:19:50.105+0000] {processor.py:826} INFO - Processing file /home/airflow/.local/lib/python3.7/site-packages/airflow/example_dags/example_xcomargs.py for tasks to queue
[2023-06-17T02:19:50.106+0000] {logging_mixin.py:149} INFO - [2023-06-17T02:19:50.106+0000] {dagbag.py:541} INFO - Filling up the DagBag from /home/airflow/.local/lib/python3.7/site-packages/airflow/example_dags/example_xcomargs.py
[2023-06-17T02:19:50.113+0000] {processor.py:836} INFO - DAG(s) dict_keys(['example_xcom_args', 'example_xcom_args_with_operators']) retrieved from /home/airflow/.local/lib/python3.7/site-packages/airflow/example_dags/example_xcomargs.py
[2023-06-17T02:19:50.138+0000] {logging_mixin.py:149} INFO - [2023-06-17T02:19:50.138+0000] {dag.py:2726} INFO - Sync 2 DAGs
[2023-06-17T02:19:50.166+0000] {logging_mixin.py:149} INFO - [2023-06-17T02:19:50.166+0000] {dag.py:3490} INFO - Setting next_dagrun for example_xcom_args to None, run_after=None
[2023-06-17T02:19:50.257+0000] {logging_mixin.py:149} INFO - [2023-06-17T02:19:50.256+0000] {dag.py:3490} INFO - Setting next_dagrun for example_xcom_args_with_operators to None, run_after=None
[2023-06-17T02:19:50.646+0000] {processor.py:179} INFO - Processing /home/airflow/.local/lib/python3.7/site-packages/airflow/example_dags/example_xcomargs.py took 0.606 seconds
[2023-06-17T02:20:24.915+0000] {processor.py:157} INFO - Started process (PID=385) to work on /home/airflow/.local/lib/python3.7/site-packages/airflow/example_dags/example_xcomargs.py
[2023-06-17T02:20:24.952+0000] {processor.py:826} INFO - Processing file /home/airflow/.local/lib/python3.7/site-packages/airflow/example_dags/example_xcomargs.py for tasks to queue
[2023-06-17T02:20:24.953+0000] {logging_mixin.py:149} INFO - [2023-06-17T02:20:24.953+0000] {dagbag.py:541} INFO - Filling up the DagBag from /home/airflow/.local/lib/python3.7/site-packages/airflow/example_dags/example_xcomargs.py
[2023-06-17T02:20:24.966+0000] {processor.py:836} INFO - DAG(s) dict_keys(['example_xcom_args', 'example_xcom_args_with_operators']) retrieved from /home/airflow/.local/lib/python3.7/site-packages/airflow/example_dags/example_xcomargs.py
[2023-06-17T02:20:25.000+0000] {logging_mixin.py:149} INFO - [2023-06-17T02:20:25.000+0000] {dag.py:2726} INFO - Sync 2 DAGs
[2023-06-17T02:20:25.036+0000] {logging_mixin.py:149} INFO - [2023-06-17T02:20:25.036+0000] {dag.py:3490} INFO - Setting next_dagrun for example_xcom_args to None, run_after=None
[2023-06-17T02:20:25.041+0000] {logging_mixin.py:149} INFO - [2023-06-17T02:20:25.041+0000] {dag.py:3490} INFO - Setting next_dagrun for example_xcom_args_with_operators to None, run_after=None
[2023-06-17T02:20:25.294+0000] {processor.py:179} INFO - Processing /home/airflow/.local/lib/python3.7/site-packages/airflow/example_dags/example_xcomargs.py took 0.382 seconds
[2023-06-17T02:21:01.104+0000] {processor.py:157} INFO - Started process (PID=458) to work on /home/airflow/.local/lib/python3.7/site-packages/airflow/example_dags/example_xcomargs.py
[2023-06-17T02:21:01.260+0000] {processor.py:826} INFO - Processing file /home/airflow/.local/lib/python3.7/site-packages/airflow/example_dags/example_xcomargs.py for tasks to queue
[2023-06-17T02:21:01.261+0000] {logging_mixin.py:149} INFO - [2023-06-17T02:21:01.261+0000] {dagbag.py:541} INFO - Filling up the DagBag from /home/airflow/.local/lib/python3.7/site-packages/airflow/example_dags/example_xcomargs.py
[2023-06-17T02:21:01.269+0000] {processor.py:836} INFO - DAG(s) dict_keys(['example_xcom_args', 'example_xcom_args_with_operators']) retrieved from /home/airflow/.local/lib/python3.7/site-packages/airflow/example_dags/example_xcomargs.py
[2023-06-17T02:21:01.296+0000] {logging_mixin.py:149} INFO - [2023-06-17T02:21:01.296+0000] {dag.py:2726} INFO - Sync 2 DAGs
[2023-06-17T02:21:01.327+0000] {logging_mixin.py:149} INFO - [2023-06-17T02:21:01.326+0000] {dag.py:3490} INFO - Setting next_dagrun for example_xcom_args to None, run_after=None
[2023-06-17T02:21:01.330+0000] {logging_mixin.py:149} INFO - [2023-06-17T02:21:01.330+0000] {dag.py:3490} INFO - Setting next_dagrun for example_xcom_args_with_operators to None, run_after=None
[2023-06-17T02:21:01.438+0000] {processor.py:179} INFO - Processing /home/airflow/.local/lib/python3.7/site-packages/airflow/example_dags/example_xcomargs.py took 0.338 seconds
[2023-06-17T02:21:36.106+0000] {processor.py:157} INFO - Started process (PID=518) to work on /home/airflow/.local/lib/python3.7/site-packages/airflow/example_dags/example_xcomargs.py
[2023-06-17T02:21:36.239+0000] {processor.py:826} INFO - Processing file /home/airflow/.local/lib/python3.7/site-packages/airflow/example_dags/example_xcomargs.py for tasks to queue
[2023-06-17T02:21:36.242+0000] {logging_mixin.py:149} INFO - [2023-06-17T02:21:36.241+0000] {dagbag.py:541} INFO - Filling up the DagBag from /home/airflow/.local/lib/python3.7/site-packages/airflow/example_dags/example_xcomargs.py
[2023-06-17T02:21:36.270+0000] {processor.py:836} INFO - DAG(s) dict_keys(['example_xcom_args', 'example_xcom_args_with_operators']) retrieved from /home/airflow/.local/lib/python3.7/site-packages/airflow/example_dags/example_xcomargs.py
[2023-06-17T02:21:36.312+0000] {logging_mixin.py:149} INFO - [2023-06-17T02:21:36.312+0000] {dag.py:2726} INFO - Sync 2 DAGs
[2023-06-17T02:21:36.338+0000] {logging_mixin.py:149} INFO - [2023-06-17T02:21:36.338+0000] {dag.py:3490} INFO - Setting next_dagrun for example_xcom_args to None, run_after=None
[2023-06-17T02:21:36.342+0000] {logging_mixin.py:149} INFO - [2023-06-17T02:21:36.342+0000] {dag.py:3490} INFO - Setting next_dagrun for example_xcom_args_with_operators to None, run_after=None
[2023-06-17T02:21:36.928+0000] {processor.py:179} INFO - Processing /home/airflow/.local/lib/python3.7/site-packages/airflow/example_dags/example_xcomargs.py took 0.826 seconds
[2023-06-17T02:22:07.152+0000] {processor.py:157} INFO - Started process (PID=571) to work on /home/airflow/.local/lib/python3.7/site-packages/airflow/example_dags/example_xcomargs.py
[2023-06-17T02:22:07.213+0000] {processor.py:826} INFO - Processing file /home/airflow/.local/lib/python3.7/site-packages/airflow/example_dags/example_xcomargs.py for tasks to queue
[2023-06-17T02:22:07.215+0000] {logging_mixin.py:149} INFO - [2023-06-17T02:22:07.214+0000] {dagbag.py:541} INFO - Filling up the DagBag from /home/airflow/.local/lib/python3.7/site-packages/airflow/example_dags/example_xcomargs.py
[2023-06-17T02:22:07.237+0000] {processor.py:836} INFO - DAG(s) dict_keys(['example_xcom_args_with_operators', 'example_xcom_args']) retrieved from /home/airflow/.local/lib/python3.7/site-packages/airflow/example_dags/example_xcomargs.py
[2023-06-17T02:22:07.274+0000] {logging_mixin.py:149} INFO - [2023-06-17T02:22:07.274+0000] {dag.py:2726} INFO - Sync 2 DAGs
[2023-06-17T02:22:07.302+0000] {logging_mixin.py:149} INFO - [2023-06-17T02:22:07.302+0000] {dag.py:3490} INFO - Setting next_dagrun for example_xcom_args to None, run_after=None
[2023-06-17T02:22:07.306+0000] {logging_mixin.py:149} INFO - [2023-06-17T02:22:07.305+0000] {dag.py:3490} INFO - Setting next_dagrun for example_xcom_args_with_operators to None, run_after=None
[2023-06-17T02:22:07.438+0000] {processor.py:179} INFO - Processing /home/airflow/.local/lib/python3.7/site-packages/airflow/example_dags/example_xcomargs.py took 0.289 seconds
[2023-06-17T02:22:37.747+0000] {processor.py:157} INFO - Started process (PID=632) to work on /home/airflow/.local/lib/python3.7/site-packages/airflow/example_dags/example_xcomargs.py
[2023-06-17T02:22:37.990+0000] {processor.py:826} INFO - Processing file /home/airflow/.local/lib/python3.7/site-packages/airflow/example_dags/example_xcomargs.py for tasks to queue
[2023-06-17T02:22:37.992+0000] {logging_mixin.py:149} INFO - [2023-06-17T02:22:37.991+0000] {dagbag.py:541} INFO - Filling up the DagBag from /home/airflow/.local/lib/python3.7/site-packages/airflow/example_dags/example_xcomargs.py
[2023-06-17T02:22:38.017+0000] {processor.py:836} INFO - DAG(s) dict_keys(['example_xcom_args_with_operators', 'example_xcom_args']) retrieved from /home/airflow/.local/lib/python3.7/site-packages/airflow/example_dags/example_xcomargs.py
[2023-06-17T02:22:38.050+0000] {logging_mixin.py:149} INFO - [2023-06-17T02:22:38.050+0000] {dag.py:2726} INFO - Sync 2 DAGs
[2023-06-17T02:22:38.076+0000] {logging_mixin.py:149} INFO - [2023-06-17T02:22:38.076+0000] {dag.py:3490} INFO - Setting next_dagrun for example_xcom_args to None, run_after=None
[2023-06-17T02:22:38.079+0000] {logging_mixin.py:149} INFO - [2023-06-17T02:22:38.079+0000] {dag.py:3490} INFO - Setting next_dagrun for example_xcom_args_with_operators to None, run_after=None
[2023-06-17T02:22:38.581+0000] {processor.py:179} INFO - Processing /home/airflow/.local/lib/python3.7/site-packages/airflow/example_dags/example_xcomargs.py took 0.836 seconds
[2023-06-17T02:23:21.334+0000] {processor.py:157} INFO - Started process (PID=687) to work on /home/airflow/.local/lib/python3.7/site-packages/airflow/example_dags/example_xcomargs.py
[2023-06-17T02:23:21.504+0000] {processor.py:826} INFO - Processing file /home/airflow/.local/lib/python3.7/site-packages/airflow/example_dags/example_xcomargs.py for tasks to queue
[2023-06-17T02:23:21.507+0000] {logging_mixin.py:149} INFO - [2023-06-17T02:23:21.507+0000] {dagbag.py:541} INFO - Filling up the DagBag from /home/airflow/.local/lib/python3.7/site-packages/airflow/example_dags/example_xcomargs.py
[2023-06-17T02:23:21.531+0000] {processor.py:836} INFO - DAG(s) dict_keys(['example_xcom_args', 'example_xcom_args_with_operators']) retrieved from /home/airflow/.local/lib/python3.7/site-packages/airflow/example_dags/example_xcomargs.py
[2023-06-17T02:23:21.567+0000] {logging_mixin.py:149} INFO - [2023-06-17T02:23:21.567+0000] {dag.py:2726} INFO - Sync 2 DAGs
[2023-06-17T02:23:21.592+0000] {logging_mixin.py:149} INFO - [2023-06-17T02:23:21.592+0000] {dag.py:3490} INFO - Setting next_dagrun for example_xcom_args to None, run_after=None
[2023-06-17T02:23:21.595+0000] {logging_mixin.py:149} INFO - [2023-06-17T02:23:21.595+0000] {dag.py:3490} INFO - Setting next_dagrun for example_xcom_args_with_operators to None, run_after=None
[2023-06-17T02:23:21.797+0000] {processor.py:179} INFO - Processing /home/airflow/.local/lib/python3.7/site-packages/airflow/example_dags/example_xcomargs.py took 0.465 seconds
[2023-06-17T02:23:52.713+0000] {processor.py:157} INFO - Started process (PID=748) to work on /home/airflow/.local/lib/python3.7/site-packages/airflow/example_dags/example_xcomargs.py
[2023-06-17T02:23:52.723+0000] {processor.py:826} INFO - Processing file /home/airflow/.local/lib/python3.7/site-packages/airflow/example_dags/example_xcomargs.py for tasks to queue
[2023-06-17T02:23:52.723+0000] {logging_mixin.py:149} INFO - [2023-06-17T02:23:52.723+0000] {dagbag.py:541} INFO - Filling up the DagBag from /home/airflow/.local/lib/python3.7/site-packages/airflow/example_dags/example_xcomargs.py
[2023-06-17T02:23:52.733+0000] {processor.py:836} INFO - DAG(s) dict_keys(['example_xcom_args', 'example_xcom_args_with_operators']) retrieved from /home/airflow/.local/lib/python3.7/site-packages/airflow/example_dags/example_xcomargs.py
[2023-06-17T02:23:52.764+0000] {logging_mixin.py:149} INFO - [2023-06-17T02:23:52.764+0000] {dag.py:2726} INFO - Sync 2 DAGs
[2023-06-17T02:23:52.792+0000] {logging_mixin.py:149} INFO - [2023-06-17T02:23:52.792+0000] {dag.py:3490} INFO - Setting next_dagrun for example_xcom_args to None, run_after=None
[2023-06-17T02:23:52.796+0000] {logging_mixin.py:149} INFO - [2023-06-17T02:23:52.796+0000] {dag.py:3490} INFO - Setting next_dagrun for example_xcom_args_with_operators to None, run_after=None
[2023-06-17T02:23:52.821+0000] {processor.py:179} INFO - Processing /home/airflow/.local/lib/python3.7/site-packages/airflow/example_dags/example_xcomargs.py took 0.112 seconds
[2023-06-17T02:24:22.891+0000] {processor.py:157} INFO - Started process (PID=812) to work on /home/airflow/.local/lib/python3.7/site-packages/airflow/example_dags/example_xcomargs.py
[2023-06-17T02:24:22.901+0000] {processor.py:826} INFO - Processing file /home/airflow/.local/lib/python3.7/site-packages/airflow/example_dags/example_xcomargs.py for tasks to queue
[2023-06-17T02:24:22.902+0000] {logging_mixin.py:149} INFO - [2023-06-17T02:24:22.902+0000] {dagbag.py:541} INFO - Filling up the DagBag from /home/airflow/.local/lib/python3.7/site-packages/airflow/example_dags/example_xcomargs.py
[2023-06-17T02:24:22.912+0000] {processor.py:836} INFO - DAG(s) dict_keys(['example_xcom_args', 'example_xcom_args_with_operators']) retrieved from /home/airflow/.local/lib/python3.7/site-packages/airflow/example_dags/example_xcomargs.py
[2023-06-17T02:24:22.947+0000] {logging_mixin.py:149} INFO - [2023-06-17T02:24:22.947+0000] {dag.py:2726} INFO - Sync 2 DAGs
[2023-06-17T02:24:22.983+0000] {logging_mixin.py:149} INFO - [2023-06-17T02:24:22.983+0000] {dag.py:3490} INFO - Setting next_dagrun for example_xcom_args to None, run_after=None
[2023-06-17T02:24:22.988+0000] {logging_mixin.py:149} INFO - [2023-06-17T02:24:22.988+0000] {dag.py:3490} INFO - Setting next_dagrun for example_xcom_args_with_operators to None, run_after=None
[2023-06-17T02:24:23.020+0000] {processor.py:179} INFO - Processing /home/airflow/.local/lib/python3.7/site-packages/airflow/example_dags/example_xcomargs.py took 0.133 seconds
[2023-06-17T02:24:55.946+0000] {processor.py:157} INFO - Started process (PID=873) to work on /home/airflow/.local/lib/python3.7/site-packages/airflow/example_dags/example_xcomargs.py
[2023-06-17T02:24:55.990+0000] {processor.py:826} INFO - Processing file /home/airflow/.local/lib/python3.7/site-packages/airflow/example_dags/example_xcomargs.py for tasks to queue
[2023-06-17T02:24:55.990+0000] {logging_mixin.py:149} INFO - [2023-06-17T02:24:55.990+0000] {dagbag.py:541} INFO - Filling up the DagBag from /home/airflow/.local/lib/python3.7/site-packages/airflow/example_dags/example_xcomargs.py
[2023-06-17T02:24:55.997+0000] {processor.py:836} INFO - DAG(s) dict_keys(['example_xcom_args_with_operators', 'example_xcom_args']) retrieved from /home/airflow/.local/lib/python3.7/site-packages/airflow/example_dags/example_xcomargs.py
[2023-06-17T02:24:56.025+0000] {logging_mixin.py:149} INFO - [2023-06-17T02:24:56.025+0000] {dag.py:2726} INFO - Sync 2 DAGs
[2023-06-17T02:24:56.053+0000] {logging_mixin.py:149} INFO - [2023-06-17T02:24:56.053+0000] {dag.py:3490} INFO - Setting next_dagrun for example_xcom_args to None, run_after=None
[2023-06-17T02:24:56.058+0000] {logging_mixin.py:149} INFO - [2023-06-17T02:24:56.057+0000] {dag.py:3490} INFO - Setting next_dagrun for example_xcom_args_with_operators to None, run_after=None
[2023-06-17T02:24:56.089+0000] {processor.py:179} INFO - Processing /home/airflow/.local/lib/python3.7/site-packages/airflow/example_dags/example_xcomargs.py took 0.146 seconds
[2023-06-17T02:25:32.205+0000] {processor.py:157} INFO - Started process (PID=926) to work on /home/airflow/.local/lib/python3.7/site-packages/airflow/example_dags/example_xcomargs.py
[2023-06-17T02:25:32.264+0000] {processor.py:826} INFO - Processing file /home/airflow/.local/lib/python3.7/site-packages/airflow/example_dags/example_xcomargs.py for tasks to queue
[2023-06-17T02:25:32.264+0000] {logging_mixin.py:149} INFO - [2023-06-17T02:25:32.264+0000] {dagbag.py:541} INFO - Filling up the DagBag from /home/airflow/.local/lib/python3.7/site-packages/airflow/example_dags/example_xcomargs.py
[2023-06-17T02:25:32.272+0000] {processor.py:836} INFO - DAG(s) dict_keys(['example_xcom_args', 'example_xcom_args_with_operators']) retrieved from /home/airflow/.local/lib/python3.7/site-packages/airflow/example_dags/example_xcomargs.py
[2023-06-17T02:25:32.297+0000] {logging_mixin.py:149} INFO - [2023-06-17T02:25:32.297+0000] {dag.py:2726} INFO - Sync 2 DAGs
[2023-06-17T02:25:32.325+0000] {logging_mixin.py:149} INFO - [2023-06-17T02:25:32.325+0000] {dag.py:3490} INFO - Setting next_dagrun for example_xcom_args to None, run_after=None
[2023-06-17T02:25:32.330+0000] {logging_mixin.py:149} INFO - [2023-06-17T02:25:32.330+0000] {dag.py:3490} INFO - Setting next_dagrun for example_xcom_args_with_operators to None, run_after=None
[2023-06-17T02:25:32.381+0000] {processor.py:179} INFO - Processing /home/airflow/.local/lib/python3.7/site-packages/airflow/example_dags/example_xcomargs.py took 0.179 seconds
[2023-06-17T02:26:04.133+0000] {processor.py:157} INFO - Started process (PID=989) to work on /home/airflow/.local/lib/python3.7/site-packages/airflow/example_dags/example_xcomargs.py
[2023-06-17T02:26:04.142+0000] {processor.py:826} INFO - Processing file /home/airflow/.local/lib/python3.7/site-packages/airflow/example_dags/example_xcomargs.py for tasks to queue
[2023-06-17T02:26:04.144+0000] {logging_mixin.py:149} INFO - [2023-06-17T02:26:04.144+0000] {dagbag.py:541} INFO - Filling up the DagBag from /home/airflow/.local/lib/python3.7/site-packages/airflow/example_dags/example_xcomargs.py
[2023-06-17T02:26:04.163+0000] {processor.py:836} INFO - DAG(s) dict_keys(['example_xcom_args_with_operators', 'example_xcom_args']) retrieved from /home/airflow/.local/lib/python3.7/site-packages/airflow/example_dags/example_xcomargs.py
[2023-06-17T02:26:04.231+0000] {logging_mixin.py:149} INFO - [2023-06-17T02:26:04.231+0000] {dag.py:2726} INFO - Sync 2 DAGs
[2023-06-17T02:26:04.309+0000] {logging_mixin.py:149} INFO - [2023-06-17T02:26:04.309+0000] {dag.py:3490} INFO - Setting next_dagrun for example_xcom_args to None, run_after=None
[2023-06-17T02:26:04.319+0000] {logging_mixin.py:149} INFO - [2023-06-17T02:26:04.319+0000] {dag.py:3490} INFO - Setting next_dagrun for example_xcom_args_with_operators to None, run_after=None
[2023-06-17T02:26:04.368+0000] {processor.py:179} INFO - Processing /home/airflow/.local/lib/python3.7/site-packages/airflow/example_dags/example_xcomargs.py took 0.241 seconds
[2023-06-17T02:26:34.504+0000] {processor.py:157} INFO - Started process (PID=1049) to work on /home/airflow/.local/lib/python3.7/site-packages/airflow/example_dags/example_xcomargs.py
[2023-06-17T02:26:34.507+0000] {processor.py:826} INFO - Processing file /home/airflow/.local/lib/python3.7/site-packages/airflow/example_dags/example_xcomargs.py for tasks to queue
[2023-06-17T02:26:34.508+0000] {logging_mixin.py:149} INFO - [2023-06-17T02:26:34.508+0000] {dagbag.py:541} INFO - Filling up the DagBag from /home/airflow/.local/lib/python3.7/site-packages/airflow/example_dags/example_xcomargs.py
[2023-06-17T02:26:34.525+0000] {processor.py:836} INFO - DAG(s) dict_keys(['example_xcom_args_with_operators', 'example_xcom_args']) retrieved from /home/airflow/.local/lib/python3.7/site-packages/airflow/example_dags/example_xcomargs.py
[2023-06-17T02:26:34.581+0000] {logging_mixin.py:149} INFO - [2023-06-17T02:26:34.581+0000] {dag.py:2726} INFO - Sync 2 DAGs
[2023-06-17T02:26:34.642+0000] {logging_mixin.py:149} INFO - [2023-06-17T02:26:34.642+0000] {dag.py:3490} INFO - Setting next_dagrun for example_xcom_args to None, run_after=None
[2023-06-17T02:26:34.649+0000] {logging_mixin.py:149} INFO - [2023-06-17T02:26:34.648+0000] {dag.py:3490} INFO - Setting next_dagrun for example_xcom_args_with_operators to None, run_after=None
[2023-06-17T02:26:34.802+0000] {processor.py:179} INFO - Processing /home/airflow/.local/lib/python3.7/site-packages/airflow/example_dags/example_xcomargs.py took 0.303 seconds
[2023-06-17T02:27:28.338+0000] {processor.py:157} INFO - Started process (PID=1119) to work on /home/airflow/.local/lib/python3.7/site-packages/airflow/example_dags/example_xcomargs.py
[2023-06-17T02:27:28.470+0000] {processor.py:826} INFO - Processing file /home/airflow/.local/lib/python3.7/site-packages/airflow/example_dags/example_xcomargs.py for tasks to queue
[2023-06-17T02:27:28.472+0000] {logging_mixin.py:149} INFO - [2023-06-17T02:27:28.472+0000] {dagbag.py:541} INFO - Filling up the DagBag from /home/airflow/.local/lib/python3.7/site-packages/airflow/example_dags/example_xcomargs.py
[2023-06-17T02:27:28.565+0000] {processor.py:836} INFO - DAG(s) dict_keys(['example_xcom_args_with_operators', 'example_xcom_args']) retrieved from /home/airflow/.local/lib/python3.7/site-packages/airflow/example_dags/example_xcomargs.py
[2023-06-17T02:27:28.600+0000] {logging_mixin.py:149} INFO - [2023-06-17T02:27:28.600+0000] {dag.py:2726} INFO - Sync 2 DAGs
[2023-06-17T02:27:28.627+0000] {logging_mixin.py:149} INFO - [2023-06-17T02:27:28.627+0000] {dag.py:3490} INFO - Setting next_dagrun for example_xcom_args to None, run_after=None
[2023-06-17T02:27:28.632+0000] {logging_mixin.py:149} INFO - [2023-06-17T02:27:28.632+0000] {dag.py:3490} INFO - Setting next_dagrun for example_xcom_args_with_operators to None, run_after=None
[2023-06-17T02:27:29.125+0000] {processor.py:179} INFO - Processing /home/airflow/.local/lib/python3.7/site-packages/airflow/example_dags/example_xcomargs.py took 0.797 seconds
[2023-06-17T02:27:59.980+0000] {processor.py:157} INFO - Started process (PID=1173) to work on /home/airflow/.local/lib/python3.7/site-packages/airflow/example_dags/example_xcomargs.py
[2023-06-17T02:27:59.981+0000] {processor.py:826} INFO - Processing file /home/airflow/.local/lib/python3.7/site-packages/airflow/example_dags/example_xcomargs.py for tasks to queue
[2023-06-17T02:27:59.982+0000] {logging_mixin.py:149} INFO - [2023-06-17T02:27:59.982+0000] {dagbag.py:541} INFO - Filling up the DagBag from /home/airflow/.local/lib/python3.7/site-packages/airflow/example_dags/example_xcomargs.py
[2023-06-17T02:27:59.989+0000] {processor.py:836} INFO - DAG(s) dict_keys(['example_xcom_args', 'example_xcom_args_with_operators']) retrieved from /home/airflow/.local/lib/python3.7/site-packages/airflow/example_dags/example_xcomargs.py
[2023-06-17T02:28:00.019+0000] {logging_mixin.py:149} INFO - [2023-06-17T02:28:00.019+0000] {dag.py:2726} INFO - Sync 2 DAGs
[2023-06-17T02:28:00.050+0000] {logging_mixin.py:149} INFO - [2023-06-17T02:28:00.050+0000] {dag.py:3490} INFO - Setting next_dagrun for example_xcom_args to None, run_after=None
[2023-06-17T02:28:00.054+0000] {logging_mixin.py:149} INFO - [2023-06-17T02:28:00.053+0000] {dag.py:3490} INFO - Setting next_dagrun for example_xcom_args_with_operators to None, run_after=None
[2023-06-17T02:28:00.321+0000] {processor.py:179} INFO - Processing /home/airflow/.local/lib/python3.7/site-packages/airflow/example_dags/example_xcomargs.py took 0.344 seconds
[2023-06-17T02:28:30.421+0000] {processor.py:157} INFO - Started process (PID=1235) to work on /home/airflow/.local/lib/python3.7/site-packages/airflow/example_dags/example_xcomargs.py
[2023-06-17T02:28:30.657+0000] {processor.py:826} INFO - Processing file /home/airflow/.local/lib/python3.7/site-packages/airflow/example_dags/example_xcomargs.py for tasks to queue
[2023-06-17T02:28:30.660+0000] {logging_mixin.py:149} INFO - [2023-06-17T02:28:30.660+0000] {dagbag.py:541} INFO - Filling up the DagBag from /home/airflow/.local/lib/python3.7/site-packages/airflow/example_dags/example_xcomargs.py
[2023-06-17T02:28:30.669+0000] {processor.py:836} INFO - DAG(s) dict_keys(['example_xcom_args_with_operators', 'example_xcom_args']) retrieved from /home/airflow/.local/lib/python3.7/site-packages/airflow/example_dags/example_xcomargs.py
[2023-06-17T02:28:30.707+0000] {logging_mixin.py:149} INFO - [2023-06-17T02:28:30.706+0000] {dag.py:2726} INFO - Sync 2 DAGs
[2023-06-17T02:28:30.744+0000] {logging_mixin.py:149} INFO - [2023-06-17T02:28:30.743+0000] {dag.py:3490} INFO - Setting next_dagrun for example_xcom_args to None, run_after=None
[2023-06-17T02:28:30.858+0000] {logging_mixin.py:149} INFO - [2023-06-17T02:28:30.858+0000] {dag.py:3490} INFO - Setting next_dagrun for example_xcom_args_with_operators to None, run_after=None
[2023-06-17T02:28:31.442+0000] {processor.py:179} INFO - Processing /home/airflow/.local/lib/python3.7/site-packages/airflow/example_dags/example_xcomargs.py took 1.023 seconds
[2023-06-17T02:29:01.581+0000] {processor.py:157} INFO - Started process (PID=1296) to work on /home/airflow/.local/lib/python3.7/site-packages/airflow/example_dags/example_xcomargs.py
[2023-06-17T02:29:01.755+0000] {processor.py:826} INFO - Processing file /home/airflow/.local/lib/python3.7/site-packages/airflow/example_dags/example_xcomargs.py for tasks to queue
[2023-06-17T02:29:01.757+0000] {logging_mixin.py:149} INFO - [2023-06-17T02:29:01.757+0000] {dagbag.py:541} INFO - Filling up the DagBag from /home/airflow/.local/lib/python3.7/site-packages/airflow/example_dags/example_xcomargs.py
[2023-06-17T02:29:01.784+0000] {processor.py:836} INFO - DAG(s) dict_keys(['example_xcom_args_with_operators', 'example_xcom_args']) retrieved from /home/airflow/.local/lib/python3.7/site-packages/airflow/example_dags/example_xcomargs.py
[2023-06-17T02:29:01.817+0000] {logging_mixin.py:149} INFO - [2023-06-17T02:29:01.817+0000] {dag.py:2726} INFO - Sync 2 DAGs
[2023-06-17T02:29:01.843+0000] {logging_mixin.py:149} INFO - [2023-06-17T02:29:01.842+0000] {dag.py:3490} INFO - Setting next_dagrun for example_xcom_args to None, run_after=None
[2023-06-17T02:29:01.847+0000] {logging_mixin.py:149} INFO - [2023-06-17T02:29:01.847+0000] {dag.py:3490} INFO - Setting next_dagrun for example_xcom_args_with_operators to None, run_after=None
[2023-06-17T02:29:02.069+0000] {processor.py:179} INFO - Processing /home/airflow/.local/lib/python3.7/site-packages/airflow/example_dags/example_xcomargs.py took 0.491 seconds
[2023-06-17T02:29:33.031+0000] {processor.py:157} INFO - Started process (PID=1358) to work on /home/airflow/.local/lib/python3.7/site-packages/airflow/example_dags/example_xcomargs.py
[2023-06-17T02:29:33.614+0000] {processor.py:826} INFO - Processing file /home/airflow/.local/lib/python3.7/site-packages/airflow/example_dags/example_xcomargs.py for tasks to queue
[2023-06-17T02:29:34.309+0000] {logging_mixin.py:149} INFO - [2023-06-17T02:29:34.308+0000] {dagbag.py:541} INFO - Filling up the DagBag from /home/airflow/.local/lib/python3.7/site-packages/airflow/example_dags/example_xcomargs.py
[2023-06-17T02:29:36.397+0000] {processor.py:836} INFO - DAG(s) dict_keys(['example_xcom_args_with_operators', 'example_xcom_args']) retrieved from /home/airflow/.local/lib/python3.7/site-packages/airflow/example_dags/example_xcomargs.py
[2023-06-17T02:32:39.656+0000] {processor.py:157} INFO - Started process (PID=1463) to work on /home/airflow/.local/lib/python3.7/site-packages/airflow/example_dags/example_xcomargs.py
[2023-06-17T02:32:39.725+0000] {processor.py:826} INFO - Processing file /home/airflow/.local/lib/python3.7/site-packages/airflow/example_dags/example_xcomargs.py for tasks to queue
[2023-06-17T02:32:39.727+0000] {logging_mixin.py:149} INFO - [2023-06-17T02:32:39.727+0000] {dagbag.py:541} INFO - Filling up the DagBag from /home/airflow/.local/lib/python3.7/site-packages/airflow/example_dags/example_xcomargs.py
[2023-06-17T02:32:39.755+0000] {processor.py:836} INFO - DAG(s) dict_keys(['example_xcom_args_with_operators', 'example_xcom_args']) retrieved from /home/airflow/.local/lib/python3.7/site-packages/airflow/example_dags/example_xcomargs.py
[2023-06-17T02:32:39.836+0000] {logging_mixin.py:149} INFO - [2023-06-17T02:32:39.836+0000] {dag.py:2726} INFO - Sync 2 DAGs
[2023-06-17T02:32:39.860+0000] {logging_mixin.py:149} INFO - [2023-06-17T02:32:39.860+0000] {dag.py:3490} INFO - Setting next_dagrun for example_xcom_args to None, run_after=None
[2023-06-17T02:32:39.863+0000] {logging_mixin.py:149} INFO - [2023-06-17T02:32:39.863+0000] {dag.py:3490} INFO - Setting next_dagrun for example_xcom_args_with_operators to None, run_after=None
[2023-06-17T02:32:40.217+0000] {processor.py:179} INFO - Processing /home/airflow/.local/lib/python3.7/site-packages/airflow/example_dags/example_xcomargs.py took 0.564 seconds
[2023-06-17T02:33:10.484+0000] {processor.py:157} INFO - Started process (PID=1516) to work on /home/airflow/.local/lib/python3.7/site-packages/airflow/example_dags/example_xcomargs.py
[2023-06-17T02:33:10.501+0000] {processor.py:826} INFO - Processing file /home/airflow/.local/lib/python3.7/site-packages/airflow/example_dags/example_xcomargs.py for tasks to queue
[2023-06-17T02:33:10.501+0000] {logging_mixin.py:149} INFO - [2023-06-17T02:33:10.501+0000] {dagbag.py:541} INFO - Filling up the DagBag from /home/airflow/.local/lib/python3.7/site-packages/airflow/example_dags/example_xcomargs.py
[2023-06-17T02:33:10.511+0000] {processor.py:836} INFO - DAG(s) dict_keys(['example_xcom_args_with_operators', 'example_xcom_args']) retrieved from /home/airflow/.local/lib/python3.7/site-packages/airflow/example_dags/example_xcomargs.py
[2023-06-17T02:33:10.543+0000] {logging_mixin.py:149} INFO - [2023-06-17T02:33:10.543+0000] {dag.py:2726} INFO - Sync 2 DAGs
[2023-06-17T02:33:10.580+0000] {logging_mixin.py:149} INFO - [2023-06-17T02:33:10.579+0000] {dag.py:3490} INFO - Setting next_dagrun for example_xcom_args to None, run_after=None
[2023-06-17T02:33:10.585+0000] {logging_mixin.py:149} INFO - [2023-06-17T02:33:10.585+0000] {dag.py:3490} INFO - Setting next_dagrun for example_xcom_args_with_operators to None, run_after=None
[2023-06-17T02:33:10.616+0000] {processor.py:179} INFO - Processing /home/airflow/.local/lib/python3.7/site-packages/airflow/example_dags/example_xcomargs.py took 0.135 seconds
[2023-06-17T02:33:41.072+0000] {processor.py:157} INFO - Started process (PID=1577) to work on /home/airflow/.local/lib/python3.7/site-packages/airflow/example_dags/example_xcomargs.py
[2023-06-17T02:33:41.087+0000] {processor.py:826} INFO - Processing file /home/airflow/.local/lib/python3.7/site-packages/airflow/example_dags/example_xcomargs.py for tasks to queue
[2023-06-17T02:33:41.088+0000] {logging_mixin.py:149} INFO - [2023-06-17T02:33:41.088+0000] {dagbag.py:541} INFO - Filling up the DagBag from /home/airflow/.local/lib/python3.7/site-packages/airflow/example_dags/example_xcomargs.py
[2023-06-17T02:33:41.100+0000] {processor.py:836} INFO - DAG(s) dict_keys(['example_xcom_args', 'example_xcom_args_with_operators']) retrieved from /home/airflow/.local/lib/python3.7/site-packages/airflow/example_dags/example_xcomargs.py
[2023-06-17T02:33:41.145+0000] {logging_mixin.py:149} INFO - [2023-06-17T02:33:41.145+0000] {dag.py:2726} INFO - Sync 2 DAGs
[2023-06-17T02:33:41.194+0000] {logging_mixin.py:149} INFO - [2023-06-17T02:33:41.194+0000] {dag.py:3490} INFO - Setting next_dagrun for example_xcom_args to None, run_after=None
[2023-06-17T02:33:41.201+0000] {logging_mixin.py:149} INFO - [2023-06-17T02:33:41.201+0000] {dag.py:3490} INFO - Setting next_dagrun for example_xcom_args_with_operators to None, run_after=None
[2023-06-17T02:33:41.293+0000] {processor.py:179} INFO - Processing /home/airflow/.local/lib/python3.7/site-packages/airflow/example_dags/example_xcomargs.py took 0.226 seconds
[2023-06-17T02:34:11.376+0000] {processor.py:157} INFO - Started process (PID=1629) to work on /home/airflow/.local/lib/python3.7/site-packages/airflow/example_dags/example_xcomargs.py
[2023-06-17T02:34:11.398+0000] {processor.py:826} INFO - Processing file /home/airflow/.local/lib/python3.7/site-packages/airflow/example_dags/example_xcomargs.py for tasks to queue
[2023-06-17T02:34:11.399+0000] {logging_mixin.py:149} INFO - [2023-06-17T02:34:11.399+0000] {dagbag.py:541} INFO - Filling up the DagBag from /home/airflow/.local/lib/python3.7/site-packages/airflow/example_dags/example_xcomargs.py
[2023-06-17T02:34:11.410+0000] {processor.py:836} INFO - DAG(s) dict_keys(['example_xcom_args', 'example_xcom_args_with_operators']) retrieved from /home/airflow/.local/lib/python3.7/site-packages/airflow/example_dags/example_xcomargs.py
[2023-06-17T02:34:11.454+0000] {logging_mixin.py:149} INFO - [2023-06-17T02:34:11.454+0000] {dag.py:2726} INFO - Sync 2 DAGs
[2023-06-17T02:34:11.495+0000] {logging_mixin.py:149} INFO - [2023-06-17T02:34:11.495+0000] {dag.py:3490} INFO - Setting next_dagrun for example_xcom_args to None, run_after=None
[2023-06-17T02:34:11.501+0000] {logging_mixin.py:149} INFO - [2023-06-17T02:34:11.500+0000] {dag.py:3490} INFO - Setting next_dagrun for example_xcom_args_with_operators to None, run_after=None
[2023-06-17T02:34:11.537+0000] {processor.py:179} INFO - Processing /home/airflow/.local/lib/python3.7/site-packages/airflow/example_dags/example_xcomargs.py took 0.164 seconds
[2023-06-17T02:34:41.641+0000] {processor.py:157} INFO - Started process (PID=1690) to work on /home/airflow/.local/lib/python3.7/site-packages/airflow/example_dags/example_xcomargs.py
[2023-06-17T02:34:41.646+0000] {processor.py:826} INFO - Processing file /home/airflow/.local/lib/python3.7/site-packages/airflow/example_dags/example_xcomargs.py for tasks to queue
[2023-06-17T02:34:41.647+0000] {logging_mixin.py:149} INFO - [2023-06-17T02:34:41.646+0000] {dagbag.py:541} INFO - Filling up the DagBag from /home/airflow/.local/lib/python3.7/site-packages/airflow/example_dags/example_xcomargs.py
[2023-06-17T02:34:41.656+0000] {processor.py:836} INFO - DAG(s) dict_keys(['example_xcom_args_with_operators', 'example_xcom_args']) retrieved from /home/airflow/.local/lib/python3.7/site-packages/airflow/example_dags/example_xcomargs.py
[2023-06-17T02:34:41.691+0000] {logging_mixin.py:149} INFO - [2023-06-17T02:34:41.691+0000] {dag.py:2726} INFO - Sync 2 DAGs
[2023-06-17T02:34:41.728+0000] {logging_mixin.py:149} INFO - [2023-06-17T02:34:41.728+0000] {dag.py:3490} INFO - Setting next_dagrun for example_xcom_args to None, run_after=None
[2023-06-17T02:34:41.733+0000] {logging_mixin.py:149} INFO - [2023-06-17T02:34:41.733+0000] {dag.py:3490} INFO - Setting next_dagrun for example_xcom_args_with_operators to None, run_after=None
[2023-06-17T02:34:41.764+0000] {processor.py:179} INFO - Processing /home/airflow/.local/lib/python3.7/site-packages/airflow/example_dags/example_xcomargs.py took 0.127 seconds
[2023-06-17T02:35:12.266+0000] {processor.py:157} INFO - Started process (PID=1750) to work on /home/airflow/.local/lib/python3.7/site-packages/airflow/example_dags/example_xcomargs.py
[2023-06-17T02:35:12.272+0000] {processor.py:826} INFO - Processing file /home/airflow/.local/lib/python3.7/site-packages/airflow/example_dags/example_xcomargs.py for tasks to queue
[2023-06-17T02:35:12.273+0000] {logging_mixin.py:149} INFO - [2023-06-17T02:35:12.273+0000] {dagbag.py:541} INFO - Filling up the DagBag from /home/airflow/.local/lib/python3.7/site-packages/airflow/example_dags/example_xcomargs.py
[2023-06-17T02:35:12.282+0000] {processor.py:836} INFO - DAG(s) dict_keys(['example_xcom_args_with_operators', 'example_xcom_args']) retrieved from /home/airflow/.local/lib/python3.7/site-packages/airflow/example_dags/example_xcomargs.py
[2023-06-17T02:35:12.317+0000] {logging_mixin.py:149} INFO - [2023-06-17T02:35:12.317+0000] {dag.py:2726} INFO - Sync 2 DAGs
[2023-06-17T02:35:12.358+0000] {logging_mixin.py:149} INFO - [2023-06-17T02:35:12.358+0000] {dag.py:3490} INFO - Setting next_dagrun for example_xcom_args to None, run_after=None
[2023-06-17T02:35:12.364+0000] {logging_mixin.py:149} INFO - [2023-06-17T02:35:12.364+0000] {dag.py:3490} INFO - Setting next_dagrun for example_xcom_args_with_operators to None, run_after=None
[2023-06-17T02:35:12.391+0000] {processor.py:179} INFO - Processing /home/airflow/.local/lib/python3.7/site-packages/airflow/example_dags/example_xcomargs.py took 0.128 seconds
[2023-06-17T02:35:42.997+0000] {processor.py:157} INFO - Started process (PID=1811) to work on /home/airflow/.local/lib/python3.7/site-packages/airflow/example_dags/example_xcomargs.py
[2023-06-17T02:35:43.334+0000] {processor.py:826} INFO - Processing file /home/airflow/.local/lib/python3.7/site-packages/airflow/example_dags/example_xcomargs.py for tasks to queue
[2023-06-17T02:35:43.336+0000] {logging_mixin.py:149} INFO - [2023-06-17T02:35:43.336+0000] {dagbag.py:541} INFO - Filling up the DagBag from /home/airflow/.local/lib/python3.7/site-packages/airflow/example_dags/example_xcomargs.py
[2023-06-17T02:35:43.345+0000] {processor.py:836} INFO - DAG(s) dict_keys(['example_xcom_args', 'example_xcom_args_with_operators']) retrieved from /home/airflow/.local/lib/python3.7/site-packages/airflow/example_dags/example_xcomargs.py
[2023-06-17T02:35:43.372+0000] {logging_mixin.py:149} INFO - [2023-06-17T02:35:43.372+0000] {dag.py:2726} INFO - Sync 2 DAGs
[2023-06-17T02:35:43.399+0000] {logging_mixin.py:149} INFO - [2023-06-17T02:35:43.399+0000] {dag.py:3490} INFO - Setting next_dagrun for example_xcom_args to None, run_after=None
[2023-06-17T02:35:43.403+0000] {logging_mixin.py:149} INFO - [2023-06-17T02:35:43.402+0000] {dag.py:3490} INFO - Setting next_dagrun for example_xcom_args_with_operators to None, run_after=None
[2023-06-17T02:35:43.729+0000] {processor.py:179} INFO - Processing /home/airflow/.local/lib/python3.7/site-packages/airflow/example_dags/example_xcomargs.py took 0.735 seconds
[2023-06-17T02:36:14.063+0000] {processor.py:157} INFO - Started process (PID=1872) to work on /home/airflow/.local/lib/python3.7/site-packages/airflow/example_dags/example_xcomargs.py
[2023-06-17T02:36:14.112+0000] {processor.py:826} INFO - Processing file /home/airflow/.local/lib/python3.7/site-packages/airflow/example_dags/example_xcomargs.py for tasks to queue
[2023-06-17T02:36:14.113+0000] {logging_mixin.py:149} INFO - [2023-06-17T02:36:14.113+0000] {dagbag.py:541} INFO - Filling up the DagBag from /home/airflow/.local/lib/python3.7/site-packages/airflow/example_dags/example_xcomargs.py
[2023-06-17T02:36:14.123+0000] {processor.py:836} INFO - DAG(s) dict_keys(['example_xcom_args', 'example_xcom_args_with_operators']) retrieved from /home/airflow/.local/lib/python3.7/site-packages/airflow/example_dags/example_xcomargs.py
[2023-06-17T02:36:14.153+0000] {logging_mixin.py:149} INFO - [2023-06-17T02:36:14.153+0000] {dag.py:2726} INFO - Sync 2 DAGs
[2023-06-17T02:36:14.186+0000] {logging_mixin.py:149} INFO - [2023-06-17T02:36:14.186+0000] {dag.py:3490} INFO - Setting next_dagrun for example_xcom_args to None, run_after=None
[2023-06-17T02:36:14.191+0000] {logging_mixin.py:149} INFO - [2023-06-17T02:36:14.190+0000] {dag.py:3490} INFO - Setting next_dagrun for example_xcom_args_with_operators to None, run_after=None
[2023-06-17T02:36:14.222+0000] {processor.py:179} INFO - Processing /home/airflow/.local/lib/python3.7/site-packages/airflow/example_dags/example_xcomargs.py took 0.162 seconds
[2023-06-17T02:36:44.352+0000] {processor.py:157} INFO - Started process (PID=1933) to work on /home/airflow/.local/lib/python3.7/site-packages/airflow/example_dags/example_xcomargs.py
[2023-06-17T02:36:44.400+0000] {processor.py:826} INFO - Processing file /home/airflow/.local/lib/python3.7/site-packages/airflow/example_dags/example_xcomargs.py for tasks to queue
[2023-06-17T02:36:44.402+0000] {logging_mixin.py:149} INFO - [2023-06-17T02:36:44.401+0000] {dagbag.py:541} INFO - Filling up the DagBag from /home/airflow/.local/lib/python3.7/site-packages/airflow/example_dags/example_xcomargs.py
[2023-06-17T02:36:44.419+0000] {processor.py:836} INFO - DAG(s) dict_keys(['example_xcom_args', 'example_xcom_args_with_operators']) retrieved from /home/airflow/.local/lib/python3.7/site-packages/airflow/example_dags/example_xcomargs.py
[2023-06-17T02:36:44.483+0000] {logging_mixin.py:149} INFO - [2023-06-17T02:36:44.483+0000] {dag.py:2726} INFO - Sync 2 DAGs
[2023-06-17T02:36:44.556+0000] {logging_mixin.py:149} INFO - [2023-06-17T02:36:44.555+0000] {dag.py:3490} INFO - Setting next_dagrun for example_xcom_args to None, run_after=None
[2023-06-17T02:36:44.566+0000] {logging_mixin.py:149} INFO - [2023-06-17T02:36:44.565+0000] {dag.py:3490} INFO - Setting next_dagrun for example_xcom_args_with_operators to None, run_after=None
[2023-06-17T02:36:44.619+0000] {processor.py:179} INFO - Processing /home/airflow/.local/lib/python3.7/site-packages/airflow/example_dags/example_xcomargs.py took 0.272 seconds
[2023-06-17T02:37:14.863+0000] {processor.py:157} INFO - Started process (PID=1994) to work on /home/airflow/.local/lib/python3.7/site-packages/airflow/example_dags/example_xcomargs.py
[2023-06-17T02:37:14.929+0000] {processor.py:826} INFO - Processing file /home/airflow/.local/lib/python3.7/site-packages/airflow/example_dags/example_xcomargs.py for tasks to queue
[2023-06-17T02:37:14.929+0000] {logging_mixin.py:149} INFO - [2023-06-17T02:37:14.929+0000] {dagbag.py:541} INFO - Filling up the DagBag from /home/airflow/.local/lib/python3.7/site-packages/airflow/example_dags/example_xcomargs.py
[2023-06-17T02:37:14.938+0000] {processor.py:836} INFO - DAG(s) dict_keys(['example_xcom_args_with_operators', 'example_xcom_args']) retrieved from /home/airflow/.local/lib/python3.7/site-packages/airflow/example_dags/example_xcomargs.py
[2023-06-17T02:37:14.969+0000] {logging_mixin.py:149} INFO - [2023-06-17T02:37:14.969+0000] {dag.py:2726} INFO - Sync 2 DAGs
[2023-06-17T02:37:15.002+0000] {logging_mixin.py:149} INFO - [2023-06-17T02:37:15.002+0000] {dag.py:3490} INFO - Setting next_dagrun for example_xcom_args to None, run_after=None
[2023-06-17T02:37:15.007+0000] {logging_mixin.py:149} INFO - [2023-06-17T02:37:15.007+0000] {dag.py:3490} INFO - Setting next_dagrun for example_xcom_args_with_operators to None, run_after=None
[2023-06-17T02:37:15.044+0000] {processor.py:179} INFO - Processing /home/airflow/.local/lib/python3.7/site-packages/airflow/example_dags/example_xcomargs.py took 0.184 seconds
[2023-06-17T02:37:46.069+0000] {processor.py:157} INFO - Started process (PID=2055) to work on /home/airflow/.local/lib/python3.7/site-packages/airflow/example_dags/example_xcomargs.py
[2023-06-17T02:37:46.242+0000] {processor.py:826} INFO - Processing file /home/airflow/.local/lib/python3.7/site-packages/airflow/example_dags/example_xcomargs.py for tasks to queue
[2023-06-17T02:37:46.243+0000] {logging_mixin.py:149} INFO - [2023-06-17T02:37:46.242+0000] {dagbag.py:541} INFO - Filling up the DagBag from /home/airflow/.local/lib/python3.7/site-packages/airflow/example_dags/example_xcomargs.py
[2023-06-17T02:37:46.254+0000] {processor.py:836} INFO - DAG(s) dict_keys(['example_xcom_args_with_operators', 'example_xcom_args']) retrieved from /home/airflow/.local/lib/python3.7/site-packages/airflow/example_dags/example_xcomargs.py
[2023-06-17T02:37:46.288+0000] {logging_mixin.py:149} INFO - [2023-06-17T02:37:46.288+0000] {dag.py:2726} INFO - Sync 2 DAGs
[2023-06-17T02:37:46.329+0000] {logging_mixin.py:149} INFO - [2023-06-17T02:37:46.329+0000] {dag.py:3490} INFO - Setting next_dagrun for example_xcom_args to None, run_after=None
[2023-06-17T02:37:46.335+0000] {logging_mixin.py:149} INFO - [2023-06-17T02:37:46.334+0000] {dag.py:3490} INFO - Setting next_dagrun for example_xcom_args_with_operators to None, run_after=None
[2023-06-17T02:37:46.504+0000] {processor.py:179} INFO - Processing /home/airflow/.local/lib/python3.7/site-packages/airflow/example_dags/example_xcomargs.py took 0.439 seconds
[2023-06-17T03:24:58.347+0000] {processor.py:157} INFO - Started process (PID=2149) to work on /home/airflow/.local/lib/python3.7/site-packages/airflow/example_dags/example_xcomargs.py
[2023-06-17T03:24:58.469+0000] {processor.py:826} INFO - Processing file /home/airflow/.local/lib/python3.7/site-packages/airflow/example_dags/example_xcomargs.py for tasks to queue
[2023-06-17T03:24:58.470+0000] {logging_mixin.py:149} INFO - [2023-06-17T03:24:58.469+0000] {dagbag.py:541} INFO - Filling up the DagBag from /home/airflow/.local/lib/python3.7/site-packages/airflow/example_dags/example_xcomargs.py
[2023-06-17T03:24:58.476+0000] {processor.py:836} INFO - DAG(s) dict_keys(['example_xcom_args', 'example_xcom_args_with_operators']) retrieved from /home/airflow/.local/lib/python3.7/site-packages/airflow/example_dags/example_xcomargs.py
[2023-06-17T03:24:58.503+0000] {logging_mixin.py:149} INFO - [2023-06-17T03:24:58.502+0000] {dag.py:2726} INFO - Sync 2 DAGs
[2023-06-17T03:24:58.534+0000] {logging_mixin.py:149} INFO - [2023-06-17T03:24:58.534+0000] {dag.py:3490} INFO - Setting next_dagrun for example_xcom_args to None, run_after=None
[2023-06-17T03:24:58.539+0000] {logging_mixin.py:149} INFO - [2023-06-17T03:24:58.538+0000] {dag.py:3490} INFO - Setting next_dagrun for example_xcom_args_with_operators to None, run_after=None
[2023-06-17T03:24:58.692+0000] {processor.py:179} INFO - Processing /home/airflow/.local/lib/python3.7/site-packages/airflow/example_dags/example_xcomargs.py took 0.348 seconds
[2023-06-17T03:25:28.808+0000] {processor.py:157} INFO - Started process (PID=2210) to work on /home/airflow/.local/lib/python3.7/site-packages/airflow/example_dags/example_xcomargs.py
[2023-06-17T03:25:28.818+0000] {processor.py:826} INFO - Processing file /home/airflow/.local/lib/python3.7/site-packages/airflow/example_dags/example_xcomargs.py for tasks to queue
[2023-06-17T03:25:28.819+0000] {logging_mixin.py:149} INFO - [2023-06-17T03:25:28.819+0000] {dagbag.py:541} INFO - Filling up the DagBag from /home/airflow/.local/lib/python3.7/site-packages/airflow/example_dags/example_xcomargs.py
[2023-06-17T03:25:28.834+0000] {processor.py:836} INFO - DAG(s) dict_keys(['example_xcom_args_with_operators', 'example_xcom_args']) retrieved from /home/airflow/.local/lib/python3.7/site-packages/airflow/example_dags/example_xcomargs.py
[2023-06-17T03:25:28.886+0000] {logging_mixin.py:149} INFO - [2023-06-17T03:25:28.886+0000] {dag.py:2726} INFO - Sync 2 DAGs
[2023-06-17T03:25:28.948+0000] {logging_mixin.py:149} INFO - [2023-06-17T03:25:28.947+0000] {dag.py:3490} INFO - Setting next_dagrun for example_xcom_args to None, run_after=None
[2023-06-17T03:25:28.957+0000] {logging_mixin.py:149} INFO - [2023-06-17T03:25:28.956+0000] {dag.py:3490} INFO - Setting next_dagrun for example_xcom_args_with_operators to None, run_after=None
[2023-06-17T03:25:29.003+0000] {processor.py:179} INFO - Processing /home/airflow/.local/lib/python3.7/site-packages/airflow/example_dags/example_xcomargs.py took 0.200 seconds
[2023-06-17T03:36:03.390+0000] {processor.py:157} INFO - Started process (PID=93) to work on /home/airflow/.local/lib/python3.7/site-packages/airflow/example_dags/example_xcomargs.py
[2023-06-17T03:36:03.458+0000] {processor.py:826} INFO - Processing file /home/airflow/.local/lib/python3.7/site-packages/airflow/example_dags/example_xcomargs.py for tasks to queue
[2023-06-17T03:36:03.459+0000] {logging_mixin.py:149} INFO - [2023-06-17T03:36:03.459+0000] {dagbag.py:541} INFO - Filling up the DagBag from /home/airflow/.local/lib/python3.7/site-packages/airflow/example_dags/example_xcomargs.py
[2023-06-17T03:36:03.474+0000] {processor.py:836} INFO - DAG(s) dict_keys(['example_xcom_args_with_operators', 'example_xcom_args']) retrieved from /home/airflow/.local/lib/python3.7/site-packages/airflow/example_dags/example_xcomargs.py
[2023-06-17T03:36:03.526+0000] {logging_mixin.py:149} INFO - [2023-06-17T03:36:03.526+0000] {dag.py:2726} INFO - Sync 2 DAGs
[2023-06-17T03:36:03.585+0000] {logging_mixin.py:149} INFO - [2023-06-17T03:36:03.585+0000] {dag.py:3490} INFO - Setting next_dagrun for example_xcom_args to None, run_after=None
[2023-06-17T03:36:03.593+0000] {logging_mixin.py:149} INFO - [2023-06-17T03:36:03.592+0000] {dag.py:3490} INFO - Setting next_dagrun for example_xcom_args_with_operators to None, run_after=None
[2023-06-17T03:36:03.657+0000] {processor.py:179} INFO - Processing /home/airflow/.local/lib/python3.7/site-packages/airflow/example_dags/example_xcomargs.py took 0.274 seconds
[2023-06-17T03:36:36.458+0000] {processor.py:157} INFO - Started process (PID=154) to work on /home/airflow/.local/lib/python3.7/site-packages/airflow/example_dags/example_xcomargs.py
[2023-06-17T03:36:36.669+0000] {processor.py:826} INFO - Processing file /home/airflow/.local/lib/python3.7/site-packages/airflow/example_dags/example_xcomargs.py for tasks to queue
[2023-06-17T03:36:36.671+0000] {logging_mixin.py:149} INFO - [2023-06-17T03:36:36.671+0000] {dagbag.py:541} INFO - Filling up the DagBag from /home/airflow/.local/lib/python3.7/site-packages/airflow/example_dags/example_xcomargs.py
[2023-06-17T03:36:36.689+0000] {processor.py:836} INFO - DAG(s) dict_keys(['example_xcom_args', 'example_xcom_args_with_operators']) retrieved from /home/airflow/.local/lib/python3.7/site-packages/airflow/example_dags/example_xcomargs.py
[2023-06-17T03:36:36.722+0000] {logging_mixin.py:149} INFO - [2023-06-17T03:36:36.721+0000] {dag.py:2726} INFO - Sync 2 DAGs
[2023-06-17T03:36:36.747+0000] {logging_mixin.py:149} INFO - [2023-06-17T03:36:36.747+0000] {dag.py:3490} INFO - Setting next_dagrun for example_xcom_args to None, run_after=None
[2023-06-17T03:36:36.750+0000] {logging_mixin.py:149} INFO - [2023-06-17T03:36:36.750+0000] {dag.py:3490} INFO - Setting next_dagrun for example_xcom_args_with_operators to None, run_after=None
[2023-06-17T03:36:36.846+0000] {processor.py:179} INFO - Processing /home/airflow/.local/lib/python3.7/site-packages/airflow/example_dags/example_xcomargs.py took 0.390 seconds
[2023-06-17T03:37:07.407+0000] {processor.py:157} INFO - Started process (PID=216) to work on /home/airflow/.local/lib/python3.7/site-packages/airflow/example_dags/example_xcomargs.py
[2023-06-17T03:37:07.439+0000] {processor.py:826} INFO - Processing file /home/airflow/.local/lib/python3.7/site-packages/airflow/example_dags/example_xcomargs.py for tasks to queue
[2023-06-17T03:37:07.440+0000] {logging_mixin.py:149} INFO - [2023-06-17T03:37:07.440+0000] {dagbag.py:541} INFO - Filling up the DagBag from /home/airflow/.local/lib/python3.7/site-packages/airflow/example_dags/example_xcomargs.py
[2023-06-17T03:37:07.448+0000] {processor.py:836} INFO - DAG(s) dict_keys(['example_xcom_args', 'example_xcom_args_with_operators']) retrieved from /home/airflow/.local/lib/python3.7/site-packages/airflow/example_dags/example_xcomargs.py
[2023-06-17T03:37:07.488+0000] {logging_mixin.py:149} INFO - [2023-06-17T03:37:07.488+0000] {dag.py:2726} INFO - Sync 2 DAGs
[2023-06-17T03:37:07.627+0000] {logging_mixin.py:149} INFO - [2023-06-17T03:37:07.627+0000] {dag.py:3490} INFO - Setting next_dagrun for example_xcom_args to None, run_after=None
[2023-06-17T03:37:07.632+0000] {logging_mixin.py:149} INFO - [2023-06-17T03:37:07.632+0000] {dag.py:3490} INFO - Setting next_dagrun for example_xcom_args_with_operators to None, run_after=None
[2023-06-17T03:37:07.685+0000] {processor.py:179} INFO - Processing /home/airflow/.local/lib/python3.7/site-packages/airflow/example_dags/example_xcomargs.py took 0.281 seconds
[2023-06-17T03:37:38.532+0000] {processor.py:157} INFO - Started process (PID=277) to work on /home/airflow/.local/lib/python3.7/site-packages/airflow/example_dags/example_xcomargs.py
[2023-06-17T03:37:38.613+0000] {processor.py:826} INFO - Processing file /home/airflow/.local/lib/python3.7/site-packages/airflow/example_dags/example_xcomargs.py for tasks to queue
[2023-06-17T03:37:38.614+0000] {logging_mixin.py:149} INFO - [2023-06-17T03:37:38.614+0000] {dagbag.py:541} INFO - Filling up the DagBag from /home/airflow/.local/lib/python3.7/site-packages/airflow/example_dags/example_xcomargs.py
[2023-06-17T03:37:38.627+0000] {processor.py:836} INFO - DAG(s) dict_keys(['example_xcom_args', 'example_xcom_args_with_operators']) retrieved from /home/airflow/.local/lib/python3.7/site-packages/airflow/example_dags/example_xcomargs.py
[2023-06-17T03:37:38.678+0000] {logging_mixin.py:149} INFO - [2023-06-17T03:37:38.678+0000] {dag.py:2726} INFO - Sync 2 DAGs
[2023-06-17T03:37:38.737+0000] {logging_mixin.py:149} INFO - [2023-06-17T03:37:38.737+0000] {dag.py:3490} INFO - Setting next_dagrun for example_xcom_args to None, run_after=None
[2023-06-17T03:37:38.745+0000] {logging_mixin.py:149} INFO - [2023-06-17T03:37:38.745+0000] {dag.py:3490} INFO - Setting next_dagrun for example_xcom_args_with_operators to None, run_after=None
[2023-06-17T03:37:38.929+0000] {processor.py:179} INFO - Processing /home/airflow/.local/lib/python3.7/site-packages/airflow/example_dags/example_xcomargs.py took 0.402 seconds
[2023-06-17T03:38:09.136+0000] {processor.py:157} INFO - Started process (PID=338) to work on /home/airflow/.local/lib/python3.7/site-packages/airflow/example_dags/example_xcomargs.py
[2023-06-17T03:38:09.150+0000] {processor.py:826} INFO - Processing file /home/airflow/.local/lib/python3.7/site-packages/airflow/example_dags/example_xcomargs.py for tasks to queue
[2023-06-17T03:38:09.151+0000] {logging_mixin.py:149} INFO - [2023-06-17T03:38:09.150+0000] {dagbag.py:541} INFO - Filling up the DagBag from /home/airflow/.local/lib/python3.7/site-packages/airflow/example_dags/example_xcomargs.py
[2023-06-17T03:38:09.159+0000] {processor.py:836} INFO - DAG(s) dict_keys(['example_xcom_args_with_operators', 'example_xcom_args']) retrieved from /home/airflow/.local/lib/python3.7/site-packages/airflow/example_dags/example_xcomargs.py
[2023-06-17T03:38:09.192+0000] {logging_mixin.py:149} INFO - [2023-06-17T03:38:09.192+0000] {dag.py:2726} INFO - Sync 2 DAGs
[2023-06-17T03:38:09.228+0000] {logging_mixin.py:149} INFO - [2023-06-17T03:38:09.228+0000] {dag.py:3490} INFO - Setting next_dagrun for example_xcom_args to None, run_after=None
[2023-06-17T03:38:09.233+0000] {logging_mixin.py:149} INFO - [2023-06-17T03:38:09.233+0000] {dag.py:3490} INFO - Setting next_dagrun for example_xcom_args_with_operators to None, run_after=None
[2023-06-17T03:38:09.262+0000] {processor.py:179} INFO - Processing /home/airflow/.local/lib/python3.7/site-packages/airflow/example_dags/example_xcomargs.py took 0.128 seconds
[2023-06-17T03:38:39.359+0000] {processor.py:157} INFO - Started process (PID=398) to work on /home/airflow/.local/lib/python3.7/site-packages/airflow/example_dags/example_xcomargs.py
[2023-06-17T03:38:39.368+0000] {processor.py:826} INFO - Processing file /home/airflow/.local/lib/python3.7/site-packages/airflow/example_dags/example_xcomargs.py for tasks to queue
[2023-06-17T03:38:39.369+0000] {logging_mixin.py:149} INFO - [2023-06-17T03:38:39.369+0000] {dagbag.py:541} INFO - Filling up the DagBag from /home/airflow/.local/lib/python3.7/site-packages/airflow/example_dags/example_xcomargs.py
[2023-06-17T03:38:39.383+0000] {processor.py:836} INFO - DAG(s) dict_keys(['example_xcom_args_with_operators', 'example_xcom_args']) retrieved from /home/airflow/.local/lib/python3.7/site-packages/airflow/example_dags/example_xcomargs.py
[2023-06-17T03:38:39.445+0000] {logging_mixin.py:149} INFO - [2023-06-17T03:38:39.445+0000] {dag.py:2726} INFO - Sync 2 DAGs
[2023-06-17T03:38:39.506+0000] {logging_mixin.py:149} INFO - [2023-06-17T03:38:39.506+0000] {dag.py:3490} INFO - Setting next_dagrun for example_xcom_args to None, run_after=None
[2023-06-17T03:38:39.513+0000] {logging_mixin.py:149} INFO - [2023-06-17T03:38:39.513+0000] {dag.py:3490} INFO - Setting next_dagrun for example_xcom_args_with_operators to None, run_after=None
[2023-06-17T03:38:39.595+0000] {processor.py:179} INFO - Processing /home/airflow/.local/lib/python3.7/site-packages/airflow/example_dags/example_xcomargs.py took 0.241 seconds
[2023-06-17T03:39:09.905+0000] {processor.py:157} INFO - Started process (PID=459) to work on /home/airflow/.local/lib/python3.7/site-packages/airflow/example_dags/example_xcomargs.py
[2023-06-17T03:39:09.911+0000] {processor.py:826} INFO - Processing file /home/airflow/.local/lib/python3.7/site-packages/airflow/example_dags/example_xcomargs.py for tasks to queue
[2023-06-17T03:39:09.912+0000] {logging_mixin.py:149} INFO - [2023-06-17T03:39:09.912+0000] {dagbag.py:541} INFO - Filling up the DagBag from /home/airflow/.local/lib/python3.7/site-packages/airflow/example_dags/example_xcomargs.py
[2023-06-17T03:39:09.920+0000] {processor.py:836} INFO - DAG(s) dict_keys(['example_xcom_args', 'example_xcom_args_with_operators']) retrieved from /home/airflow/.local/lib/python3.7/site-packages/airflow/example_dags/example_xcomargs.py
[2023-06-17T03:39:09.948+0000] {logging_mixin.py:149} INFO - [2023-06-17T03:39:09.948+0000] {dag.py:2726} INFO - Sync 2 DAGs
[2023-06-17T03:39:09.975+0000] {logging_mixin.py:149} INFO - [2023-06-17T03:39:09.975+0000] {dag.py:3490} INFO - Setting next_dagrun for example_xcom_args to None, run_after=None
[2023-06-17T03:39:09.979+0000] {logging_mixin.py:149} INFO - [2023-06-17T03:39:09.979+0000] {dag.py:3490} INFO - Setting next_dagrun for example_xcom_args_with_operators to None, run_after=None
[2023-06-17T03:39:10.010+0000] {processor.py:179} INFO - Processing /home/airflow/.local/lib/python3.7/site-packages/airflow/example_dags/example_xcomargs.py took 0.108 seconds
[2023-06-17T03:39:40.270+0000] {processor.py:157} INFO - Started process (PID=520) to work on /home/airflow/.local/lib/python3.7/site-packages/airflow/example_dags/example_xcomargs.py
[2023-06-17T03:39:40.280+0000] {processor.py:826} INFO - Processing file /home/airflow/.local/lib/python3.7/site-packages/airflow/example_dags/example_xcomargs.py for tasks to queue
[2023-06-17T03:39:40.280+0000] {logging_mixin.py:149} INFO - [2023-06-17T03:39:40.280+0000] {dagbag.py:541} INFO - Filling up the DagBag from /home/airflow/.local/lib/python3.7/site-packages/airflow/example_dags/example_xcomargs.py
[2023-06-17T03:39:40.287+0000] {processor.py:836} INFO - DAG(s) dict_keys(['example_xcom_args', 'example_xcom_args_with_operators']) retrieved from /home/airflow/.local/lib/python3.7/site-packages/airflow/example_dags/example_xcomargs.py
[2023-06-17T03:39:40.313+0000] {logging_mixin.py:149} INFO - [2023-06-17T03:39:40.312+0000] {dag.py:2726} INFO - Sync 2 DAGs
[2023-06-17T03:39:40.340+0000] {logging_mixin.py:149} INFO - [2023-06-17T03:39:40.340+0000] {dag.py:3490} INFO - Setting next_dagrun for example_xcom_args to None, run_after=None
[2023-06-17T03:39:40.343+0000] {logging_mixin.py:149} INFO - [2023-06-17T03:39:40.343+0000] {dag.py:3490} INFO - Setting next_dagrun for example_xcom_args_with_operators to None, run_after=None
[2023-06-17T03:39:40.366+0000] {processor.py:179} INFO - Processing /home/airflow/.local/lib/python3.7/site-packages/airflow/example_dags/example_xcomargs.py took 0.099 seconds
[2023-06-17T03:40:10.419+0000] {processor.py:157} INFO - Started process (PID=581) to work on /home/airflow/.local/lib/python3.7/site-packages/airflow/example_dags/example_xcomargs.py
[2023-06-17T03:40:10.460+0000] {processor.py:826} INFO - Processing file /home/airflow/.local/lib/python3.7/site-packages/airflow/example_dags/example_xcomargs.py for tasks to queue
[2023-06-17T03:40:10.461+0000] {logging_mixin.py:149} INFO - [2023-06-17T03:40:10.461+0000] {dagbag.py:541} INFO - Filling up the DagBag from /home/airflow/.local/lib/python3.7/site-packages/airflow/example_dags/example_xcomargs.py
[2023-06-17T03:40:10.469+0000] {processor.py:836} INFO - DAG(s) dict_keys(['example_xcom_args_with_operators', 'example_xcom_args']) retrieved from /home/airflow/.local/lib/python3.7/site-packages/airflow/example_dags/example_xcomargs.py
[2023-06-17T03:40:10.497+0000] {logging_mixin.py:149} INFO - [2023-06-17T03:40:10.497+0000] {dag.py:2726} INFO - Sync 2 DAGs
[2023-06-17T03:40:10.533+0000] {logging_mixin.py:149} INFO - [2023-06-17T03:40:10.532+0000] {dag.py:3490} INFO - Setting next_dagrun for example_xcom_args to None, run_after=None
[2023-06-17T03:40:10.538+0000] {logging_mixin.py:149} INFO - [2023-06-17T03:40:10.537+0000] {dag.py:3490} INFO - Setting next_dagrun for example_xcom_args_with_operators to None, run_after=None
[2023-06-17T03:40:10.561+0000] {processor.py:179} INFO - Processing /home/airflow/.local/lib/python3.7/site-packages/airflow/example_dags/example_xcomargs.py took 0.144 seconds
[2023-06-17T03:40:40.921+0000] {processor.py:157} INFO - Started process (PID=643) to work on /home/airflow/.local/lib/python3.7/site-packages/airflow/example_dags/example_xcomargs.py
[2023-06-17T03:40:40.926+0000] {processor.py:826} INFO - Processing file /home/airflow/.local/lib/python3.7/site-packages/airflow/example_dags/example_xcomargs.py for tasks to queue
[2023-06-17T03:40:40.926+0000] {logging_mixin.py:149} INFO - [2023-06-17T03:40:40.926+0000] {dagbag.py:541} INFO - Filling up the DagBag from /home/airflow/.local/lib/python3.7/site-packages/airflow/example_dags/example_xcomargs.py
[2023-06-17T03:40:40.933+0000] {processor.py:836} INFO - DAG(s) dict_keys(['example_xcom_args_with_operators', 'example_xcom_args']) retrieved from /home/airflow/.local/lib/python3.7/site-packages/airflow/example_dags/example_xcomargs.py
[2023-06-17T03:40:40.959+0000] {logging_mixin.py:149} INFO - [2023-06-17T03:40:40.959+0000] {dag.py:2726} INFO - Sync 2 DAGs
[2023-06-17T03:40:40.988+0000] {logging_mixin.py:149} INFO - [2023-06-17T03:40:40.987+0000] {dag.py:3490} INFO - Setting next_dagrun for example_xcom_args to None, run_after=None
[2023-06-17T03:40:40.991+0000] {logging_mixin.py:149} INFO - [2023-06-17T03:40:40.991+0000] {dag.py:3490} INFO - Setting next_dagrun for example_xcom_args_with_operators to None, run_after=None
[2023-06-17T03:40:41.015+0000] {processor.py:179} INFO - Processing /home/airflow/.local/lib/python3.7/site-packages/airflow/example_dags/example_xcomargs.py took 0.097 seconds
[2023-06-17T03:41:11.681+0000] {processor.py:157} INFO - Started process (PID=705) to work on /home/airflow/.local/lib/python3.7/site-packages/airflow/example_dags/example_xcomargs.py
[2023-06-17T03:41:11.684+0000] {processor.py:826} INFO - Processing file /home/airflow/.local/lib/python3.7/site-packages/airflow/example_dags/example_xcomargs.py for tasks to queue
[2023-06-17T03:41:11.686+0000] {logging_mixin.py:149} INFO - [2023-06-17T03:41:11.685+0000] {dagbag.py:541} INFO - Filling up the DagBag from /home/airflow/.local/lib/python3.7/site-packages/airflow/example_dags/example_xcomargs.py
[2023-06-17T03:41:11.697+0000] {processor.py:836} INFO - DAG(s) dict_keys(['example_xcom_args_with_operators', 'example_xcom_args']) retrieved from /home/airflow/.local/lib/python3.7/site-packages/airflow/example_dags/example_xcomargs.py
[2023-06-17T03:41:11.737+0000] {logging_mixin.py:149} INFO - [2023-06-17T03:41:11.736+0000] {dag.py:2726} INFO - Sync 2 DAGs
[2023-06-17T03:41:11.775+0000] {logging_mixin.py:149} INFO - [2023-06-17T03:41:11.775+0000] {dag.py:3490} INFO - Setting next_dagrun for example_xcom_args to None, run_after=None
[2023-06-17T03:41:11.781+0000] {logging_mixin.py:149} INFO - [2023-06-17T03:41:11.781+0000] {dag.py:3490} INFO - Setting next_dagrun for example_xcom_args_with_operators to None, run_after=None
[2023-06-17T03:41:11.817+0000] {processor.py:179} INFO - Processing /home/airflow/.local/lib/python3.7/site-packages/airflow/example_dags/example_xcomargs.py took 0.140 seconds
[2023-06-17T03:41:42.449+0000] {processor.py:157} INFO - Started process (PID=766) to work on /home/airflow/.local/lib/python3.7/site-packages/airflow/example_dags/example_xcomargs.py
[2023-06-17T03:41:42.458+0000] {processor.py:826} INFO - Processing file /home/airflow/.local/lib/python3.7/site-packages/airflow/example_dags/example_xcomargs.py for tasks to queue
[2023-06-17T03:41:42.458+0000] {logging_mixin.py:149} INFO - [2023-06-17T03:41:42.458+0000] {dagbag.py:541} INFO - Filling up the DagBag from /home/airflow/.local/lib/python3.7/site-packages/airflow/example_dags/example_xcomargs.py
[2023-06-17T03:41:42.465+0000] {processor.py:836} INFO - DAG(s) dict_keys(['example_xcom_args_with_operators', 'example_xcom_args']) retrieved from /home/airflow/.local/lib/python3.7/site-packages/airflow/example_dags/example_xcomargs.py
[2023-06-17T03:41:42.491+0000] {logging_mixin.py:149} INFO - [2023-06-17T03:41:42.491+0000] {dag.py:2726} INFO - Sync 2 DAGs
[2023-06-17T03:41:42.518+0000] {logging_mixin.py:149} INFO - [2023-06-17T03:41:42.518+0000] {dag.py:3490} INFO - Setting next_dagrun for example_xcom_args to None, run_after=None
[2023-06-17T03:41:42.522+0000] {logging_mixin.py:149} INFO - [2023-06-17T03:41:42.522+0000] {dag.py:3490} INFO - Setting next_dagrun for example_xcom_args_with_operators to None, run_after=None
[2023-06-17T03:41:42.542+0000] {processor.py:179} INFO - Processing /home/airflow/.local/lib/python3.7/site-packages/airflow/example_dags/example_xcomargs.py took 0.096 seconds
[2023-06-17T03:42:13.493+0000] {processor.py:157} INFO - Started process (PID=827) to work on /home/airflow/.local/lib/python3.7/site-packages/airflow/example_dags/example_xcomargs.py
[2023-06-17T03:42:13.505+0000] {processor.py:826} INFO - Processing file /home/airflow/.local/lib/python3.7/site-packages/airflow/example_dags/example_xcomargs.py for tasks to queue
[2023-06-17T03:42:13.506+0000] {logging_mixin.py:149} INFO - [2023-06-17T03:42:13.506+0000] {dagbag.py:541} INFO - Filling up the DagBag from /home/airflow/.local/lib/python3.7/site-packages/airflow/example_dags/example_xcomargs.py
[2023-06-17T03:42:13.512+0000] {processor.py:836} INFO - DAG(s) dict_keys(['example_xcom_args_with_operators', 'example_xcom_args']) retrieved from /home/airflow/.local/lib/python3.7/site-packages/airflow/example_dags/example_xcomargs.py
[2023-06-17T03:42:13.538+0000] {logging_mixin.py:149} INFO - [2023-06-17T03:42:13.538+0000] {dag.py:2726} INFO - Sync 2 DAGs
[2023-06-17T03:42:13.566+0000] {logging_mixin.py:149} INFO - [2023-06-17T03:42:13.565+0000] {dag.py:3490} INFO - Setting next_dagrun for example_xcom_args to None, run_after=None
[2023-06-17T03:42:13.569+0000] {logging_mixin.py:149} INFO - [2023-06-17T03:42:13.569+0000] {dag.py:3490} INFO - Setting next_dagrun for example_xcom_args_with_operators to None, run_after=None
[2023-06-17T03:42:13.598+0000] {processor.py:179} INFO - Processing /home/airflow/.local/lib/python3.7/site-packages/airflow/example_dags/example_xcomargs.py took 0.107 seconds
[2023-06-17T03:42:44.315+0000] {processor.py:157} INFO - Started process (PID=888) to work on /home/airflow/.local/lib/python3.7/site-packages/airflow/example_dags/example_xcomargs.py
[2023-06-17T03:42:44.322+0000] {processor.py:826} INFO - Processing file /home/airflow/.local/lib/python3.7/site-packages/airflow/example_dags/example_xcomargs.py for tasks to queue
[2023-06-17T03:42:44.322+0000] {logging_mixin.py:149} INFO - [2023-06-17T03:42:44.322+0000] {dagbag.py:541} INFO - Filling up the DagBag from /home/airflow/.local/lib/python3.7/site-packages/airflow/example_dags/example_xcomargs.py
[2023-06-17T03:42:44.329+0000] {processor.py:836} INFO - DAG(s) dict_keys(['example_xcom_args', 'example_xcom_args_with_operators']) retrieved from /home/airflow/.local/lib/python3.7/site-packages/airflow/example_dags/example_xcomargs.py
[2023-06-17T03:42:44.356+0000] {logging_mixin.py:149} INFO - [2023-06-17T03:42:44.356+0000] {dag.py:2726} INFO - Sync 2 DAGs
[2023-06-17T03:42:44.388+0000] {logging_mixin.py:149} INFO - [2023-06-17T03:42:44.388+0000] {dag.py:3490} INFO - Setting next_dagrun for example_xcom_args to None, run_after=None
[2023-06-17T03:42:44.393+0000] {logging_mixin.py:149} INFO - [2023-06-17T03:42:44.393+0000] {dag.py:3490} INFO - Setting next_dagrun for example_xcom_args_with_operators to None, run_after=None
[2023-06-17T03:42:44.420+0000] {processor.py:179} INFO - Processing /home/airflow/.local/lib/python3.7/site-packages/airflow/example_dags/example_xcomargs.py took 0.108 seconds
[2023-06-17T03:43:14.844+0000] {processor.py:157} INFO - Started process (PID=949) to work on /home/airflow/.local/lib/python3.7/site-packages/airflow/example_dags/example_xcomargs.py
[2023-06-17T03:43:14.854+0000] {processor.py:826} INFO - Processing file /home/airflow/.local/lib/python3.7/site-packages/airflow/example_dags/example_xcomargs.py for tasks to queue
[2023-06-17T03:43:14.854+0000] {logging_mixin.py:149} INFO - [2023-06-17T03:43:14.854+0000] {dagbag.py:541} INFO - Filling up the DagBag from /home/airflow/.local/lib/python3.7/site-packages/airflow/example_dags/example_xcomargs.py
[2023-06-17T03:43:14.861+0000] {processor.py:836} INFO - DAG(s) dict_keys(['example_xcom_args', 'example_xcom_args_with_operators']) retrieved from /home/airflow/.local/lib/python3.7/site-packages/airflow/example_dags/example_xcomargs.py
[2023-06-17T03:43:14.887+0000] {logging_mixin.py:149} INFO - [2023-06-17T03:43:14.887+0000] {dag.py:2726} INFO - Sync 2 DAGs
[2023-06-17T03:43:14.915+0000] {logging_mixin.py:149} INFO - [2023-06-17T03:43:14.915+0000] {dag.py:3490} INFO - Setting next_dagrun for example_xcom_args to None, run_after=None
[2023-06-17T03:43:14.919+0000] {logging_mixin.py:149} INFO - [2023-06-17T03:43:14.919+0000] {dag.py:3490} INFO - Setting next_dagrun for example_xcom_args_with_operators to None, run_after=None
[2023-06-17T03:43:14.949+0000] {processor.py:179} INFO - Processing /home/airflow/.local/lib/python3.7/site-packages/airflow/example_dags/example_xcomargs.py took 0.107 seconds
[2023-06-17T03:43:45.453+0000] {processor.py:157} INFO - Started process (PID=1010) to work on /home/airflow/.local/lib/python3.7/site-packages/airflow/example_dags/example_xcomargs.py
[2023-06-17T03:43:45.466+0000] {processor.py:826} INFO - Processing file /home/airflow/.local/lib/python3.7/site-packages/airflow/example_dags/example_xcomargs.py for tasks to queue
[2023-06-17T03:43:45.467+0000] {logging_mixin.py:149} INFO - [2023-06-17T03:43:45.467+0000] {dagbag.py:541} INFO - Filling up the DagBag from /home/airflow/.local/lib/python3.7/site-packages/airflow/example_dags/example_xcomargs.py
[2023-06-17T03:43:45.474+0000] {processor.py:836} INFO - DAG(s) dict_keys(['example_xcom_args_with_operators', 'example_xcom_args']) retrieved from /home/airflow/.local/lib/python3.7/site-packages/airflow/example_dags/example_xcomargs.py
[2023-06-17T03:43:45.501+0000] {logging_mixin.py:149} INFO - [2023-06-17T03:43:45.501+0000] {dag.py:2726} INFO - Sync 2 DAGs
[2023-06-17T03:43:45.530+0000] {logging_mixin.py:149} INFO - [2023-06-17T03:43:45.529+0000] {dag.py:3490} INFO - Setting next_dagrun for example_xcom_args to None, run_after=None
[2023-06-17T03:43:45.534+0000] {logging_mixin.py:149} INFO - [2023-06-17T03:43:45.534+0000] {dag.py:3490} INFO - Setting next_dagrun for example_xcom_args_with_operators to None, run_after=None
[2023-06-17T03:43:45.559+0000] {processor.py:179} INFO - Processing /home/airflow/.local/lib/python3.7/site-packages/airflow/example_dags/example_xcomargs.py took 0.109 seconds
[2023-06-17T03:44:15.904+0000] {processor.py:157} INFO - Started process (PID=1071) to work on /home/airflow/.local/lib/python3.7/site-packages/airflow/example_dags/example_xcomargs.py
[2023-06-17T03:44:15.913+0000] {processor.py:826} INFO - Processing file /home/airflow/.local/lib/python3.7/site-packages/airflow/example_dags/example_xcomargs.py for tasks to queue
[2023-06-17T03:44:15.914+0000] {logging_mixin.py:149} INFO - [2023-06-17T03:44:15.914+0000] {dagbag.py:541} INFO - Filling up the DagBag from /home/airflow/.local/lib/python3.7/site-packages/airflow/example_dags/example_xcomargs.py
[2023-06-17T03:44:15.925+0000] {processor.py:836} INFO - DAG(s) dict_keys(['example_xcom_args_with_operators', 'example_xcom_args']) retrieved from /home/airflow/.local/lib/python3.7/site-packages/airflow/example_dags/example_xcomargs.py
[2023-06-17T03:44:15.953+0000] {logging_mixin.py:149} INFO - [2023-06-17T03:44:15.953+0000] {dag.py:2726} INFO - Sync 2 DAGs
[2023-06-17T03:44:15.981+0000] {logging_mixin.py:149} INFO - [2023-06-17T03:44:15.981+0000] {dag.py:3490} INFO - Setting next_dagrun for example_xcom_args to None, run_after=None
[2023-06-17T03:44:15.985+0000] {logging_mixin.py:149} INFO - [2023-06-17T03:44:15.984+0000] {dag.py:3490} INFO - Setting next_dagrun for example_xcom_args_with_operators to None, run_after=None
[2023-06-17T03:44:16.006+0000] {processor.py:179} INFO - Processing /home/airflow/.local/lib/python3.7/site-packages/airflow/example_dags/example_xcomargs.py took 0.106 seconds
[2023-06-17T03:44:46.042+0000] {processor.py:157} INFO - Started process (PID=1131) to work on /home/airflow/.local/lib/python3.7/site-packages/airflow/example_dags/example_xcomargs.py
[2023-06-17T03:44:46.049+0000] {processor.py:826} INFO - Processing file /home/airflow/.local/lib/python3.7/site-packages/airflow/example_dags/example_xcomargs.py for tasks to queue
[2023-06-17T03:44:46.050+0000] {logging_mixin.py:149} INFO - [2023-06-17T03:44:46.050+0000] {dagbag.py:541} INFO - Filling up the DagBag from /home/airflow/.local/lib/python3.7/site-packages/airflow/example_dags/example_xcomargs.py
[2023-06-17T03:44:46.059+0000] {processor.py:836} INFO - DAG(s) dict_keys(['example_xcom_args_with_operators', 'example_xcom_args']) retrieved from /home/airflow/.local/lib/python3.7/site-packages/airflow/example_dags/example_xcomargs.py
[2023-06-17T03:44:46.087+0000] {logging_mixin.py:149} INFO - [2023-06-17T03:44:46.087+0000] {dag.py:2726} INFO - Sync 2 DAGs
[2023-06-17T03:44:46.117+0000] {logging_mixin.py:149} INFO - [2023-06-17T03:44:46.117+0000] {dag.py:3490} INFO - Setting next_dagrun for example_xcom_args to None, run_after=None
[2023-06-17T03:44:46.121+0000] {logging_mixin.py:149} INFO - [2023-06-17T03:44:46.121+0000] {dag.py:3490} INFO - Setting next_dagrun for example_xcom_args_with_operators to None, run_after=None
[2023-06-17T03:44:46.147+0000] {processor.py:179} INFO - Processing /home/airflow/.local/lib/python3.7/site-packages/airflow/example_dags/example_xcomargs.py took 0.108 seconds
[2023-06-17T03:45:16.688+0000] {processor.py:157} INFO - Started process (PID=1192) to work on /home/airflow/.local/lib/python3.7/site-packages/airflow/example_dags/example_xcomargs.py
[2023-06-17T03:45:16.696+0000] {processor.py:826} INFO - Processing file /home/airflow/.local/lib/python3.7/site-packages/airflow/example_dags/example_xcomargs.py for tasks to queue
[2023-06-17T03:45:16.697+0000] {logging_mixin.py:149} INFO - [2023-06-17T03:45:16.696+0000] {dagbag.py:541} INFO - Filling up the DagBag from /home/airflow/.local/lib/python3.7/site-packages/airflow/example_dags/example_xcomargs.py
[2023-06-17T03:45:16.704+0000] {processor.py:836} INFO - DAG(s) dict_keys(['example_xcom_args', 'example_xcom_args_with_operators']) retrieved from /home/airflow/.local/lib/python3.7/site-packages/airflow/example_dags/example_xcomargs.py
[2023-06-17T03:45:16.732+0000] {logging_mixin.py:149} INFO - [2023-06-17T03:45:16.732+0000] {dag.py:2726} INFO - Sync 2 DAGs
[2023-06-17T03:45:16.769+0000] {logging_mixin.py:149} INFO - [2023-06-17T03:45:16.769+0000] {dag.py:3490} INFO - Setting next_dagrun for example_xcom_args to None, run_after=None
[2023-06-17T03:45:16.773+0000] {logging_mixin.py:149} INFO - [2023-06-17T03:45:16.773+0000] {dag.py:3490} INFO - Setting next_dagrun for example_xcom_args_with_operators to None, run_after=None
[2023-06-17T03:45:17.021+0000] {processor.py:179} INFO - Processing /home/airflow/.local/lib/python3.7/site-packages/airflow/example_dags/example_xcomargs.py took 0.336 seconds
[2023-06-17T03:45:47.979+0000] {processor.py:157} INFO - Started process (PID=1255) to work on /home/airflow/.local/lib/python3.7/site-packages/airflow/example_dags/example_xcomargs.py
[2023-06-17T03:45:48.048+0000] {processor.py:826} INFO - Processing file /home/airflow/.local/lib/python3.7/site-packages/airflow/example_dags/example_xcomargs.py for tasks to queue
[2023-06-17T03:45:48.049+0000] {logging_mixin.py:149} INFO - [2023-06-17T03:45:48.049+0000] {dagbag.py:541} INFO - Filling up the DagBag from /home/airflow/.local/lib/python3.7/site-packages/airflow/example_dags/example_xcomargs.py
[2023-06-17T03:45:48.056+0000] {processor.py:836} INFO - DAG(s) dict_keys(['example_xcom_args', 'example_xcom_args_with_operators']) retrieved from /home/airflow/.local/lib/python3.7/site-packages/airflow/example_dags/example_xcomargs.py
[2023-06-17T03:45:48.083+0000] {logging_mixin.py:149} INFO - [2023-06-17T03:45:48.083+0000] {dag.py:2726} INFO - Sync 2 DAGs
[2023-06-17T03:45:48.116+0000] {logging_mixin.py:149} INFO - [2023-06-17T03:45:48.116+0000] {dag.py:3490} INFO - Setting next_dagrun for example_xcom_args to None, run_after=None
[2023-06-17T03:45:48.121+0000] {logging_mixin.py:149} INFO - [2023-06-17T03:45:48.121+0000] {dag.py:3490} INFO - Setting next_dagrun for example_xcom_args_with_operators to None, run_after=None
[2023-06-17T03:45:48.153+0000] {processor.py:179} INFO - Processing /home/airflow/.local/lib/python3.7/site-packages/airflow/example_dags/example_xcomargs.py took 0.177 seconds
[2023-06-17T03:46:18.878+0000] {processor.py:157} INFO - Started process (PID=1316) to work on /home/airflow/.local/lib/python3.7/site-packages/airflow/example_dags/example_xcomargs.py
[2023-06-17T03:46:18.890+0000] {processor.py:826} INFO - Processing file /home/airflow/.local/lib/python3.7/site-packages/airflow/example_dags/example_xcomargs.py for tasks to queue
[2023-06-17T03:46:18.891+0000] {logging_mixin.py:149} INFO - [2023-06-17T03:46:18.891+0000] {dagbag.py:541} INFO - Filling up the DagBag from /home/airflow/.local/lib/python3.7/site-packages/airflow/example_dags/example_xcomargs.py
[2023-06-17T03:46:18.902+0000] {processor.py:836} INFO - DAG(s) dict_keys(['example_xcom_args', 'example_xcom_args_with_operators']) retrieved from /home/airflow/.local/lib/python3.7/site-packages/airflow/example_dags/example_xcomargs.py
[2023-06-17T03:46:18.930+0000] {logging_mixin.py:149} INFO - [2023-06-17T03:46:18.929+0000] {dag.py:2726} INFO - Sync 2 DAGs
[2023-06-17T03:46:18.956+0000] {logging_mixin.py:149} INFO - [2023-06-17T03:46:18.956+0000] {dag.py:3490} INFO - Setting next_dagrun for example_xcom_args to None, run_after=None
[2023-06-17T03:46:18.960+0000] {logging_mixin.py:149} INFO - [2023-06-17T03:46:18.960+0000] {dag.py:3490} INFO - Setting next_dagrun for example_xcom_args_with_operators to None, run_after=None
[2023-06-17T03:46:18.997+0000] {processor.py:179} INFO - Processing /home/airflow/.local/lib/python3.7/site-packages/airflow/example_dags/example_xcomargs.py took 0.126 seconds
[2023-06-17T03:46:49.267+0000] {processor.py:157} INFO - Started process (PID=1377) to work on /home/airflow/.local/lib/python3.7/site-packages/airflow/example_dags/example_xcomargs.py
[2023-06-17T03:46:49.279+0000] {processor.py:826} INFO - Processing file /home/airflow/.local/lib/python3.7/site-packages/airflow/example_dags/example_xcomargs.py for tasks to queue
[2023-06-17T03:46:49.280+0000] {logging_mixin.py:149} INFO - [2023-06-17T03:46:49.280+0000] {dagbag.py:541} INFO - Filling up the DagBag from /home/airflow/.local/lib/python3.7/site-packages/airflow/example_dags/example_xcomargs.py
[2023-06-17T03:46:49.287+0000] {processor.py:836} INFO - DAG(s) dict_keys(['example_xcom_args_with_operators', 'example_xcom_args']) retrieved from /home/airflow/.local/lib/python3.7/site-packages/airflow/example_dags/example_xcomargs.py
[2023-06-17T03:46:49.314+0000] {logging_mixin.py:149} INFO - [2023-06-17T03:46:49.313+0000] {dag.py:2726} INFO - Sync 2 DAGs
[2023-06-17T03:46:49.346+0000] {logging_mixin.py:149} INFO - [2023-06-17T03:46:49.346+0000] {dag.py:3490} INFO - Setting next_dagrun for example_xcom_args to None, run_after=None
[2023-06-17T03:46:49.350+0000] {logging_mixin.py:149} INFO - [2023-06-17T03:46:49.349+0000] {dag.py:3490} INFO - Setting next_dagrun for example_xcom_args_with_operators to None, run_after=None
[2023-06-17T03:46:49.385+0000] {processor.py:179} INFO - Processing /home/airflow/.local/lib/python3.7/site-packages/airflow/example_dags/example_xcomargs.py took 0.120 seconds
[2023-06-17T03:47:19.491+0000] {processor.py:157} INFO - Started process (PID=1438) to work on /home/airflow/.local/lib/python3.7/site-packages/airflow/example_dags/example_xcomargs.py
[2023-06-17T03:47:19.506+0000] {processor.py:826} INFO - Processing file /home/airflow/.local/lib/python3.7/site-packages/airflow/example_dags/example_xcomargs.py for tasks to queue
[2023-06-17T03:47:19.506+0000] {logging_mixin.py:149} INFO - [2023-06-17T03:47:19.506+0000] {dagbag.py:541} INFO - Filling up the DagBag from /home/airflow/.local/lib/python3.7/site-packages/airflow/example_dags/example_xcomargs.py
[2023-06-17T03:47:19.513+0000] {processor.py:836} INFO - DAG(s) dict_keys(['example_xcom_args', 'example_xcom_args_with_operators']) retrieved from /home/airflow/.local/lib/python3.7/site-packages/airflow/example_dags/example_xcomargs.py
[2023-06-17T03:47:19.544+0000] {logging_mixin.py:149} INFO - [2023-06-17T03:47:19.544+0000] {dag.py:2726} INFO - Sync 2 DAGs
[2023-06-17T03:47:19.572+0000] {logging_mixin.py:149} INFO - [2023-06-17T03:47:19.572+0000] {dag.py:3490} INFO - Setting next_dagrun for example_xcom_args to None, run_after=None
[2023-06-17T03:47:19.577+0000] {logging_mixin.py:149} INFO - [2023-06-17T03:47:19.577+0000] {dag.py:3490} INFO - Setting next_dagrun for example_xcom_args_with_operators to None, run_after=None
[2023-06-17T03:47:19.603+0000] {processor.py:179} INFO - Processing /home/airflow/.local/lib/python3.7/site-packages/airflow/example_dags/example_xcomargs.py took 0.114 seconds
[2023-06-17T03:47:50.519+0000] {processor.py:157} INFO - Started process (PID=1498) to work on /home/airflow/.local/lib/python3.7/site-packages/airflow/example_dags/example_xcomargs.py
[2023-06-17T03:47:50.530+0000] {processor.py:826} INFO - Processing file /home/airflow/.local/lib/python3.7/site-packages/airflow/example_dags/example_xcomargs.py for tasks to queue
[2023-06-17T03:47:50.531+0000] {logging_mixin.py:149} INFO - [2023-06-17T03:47:50.531+0000] {dagbag.py:541} INFO - Filling up the DagBag from /home/airflow/.local/lib/python3.7/site-packages/airflow/example_dags/example_xcomargs.py
[2023-06-17T03:47:50.540+0000] {processor.py:836} INFO - DAG(s) dict_keys(['example_xcom_args', 'example_xcom_args_with_operators']) retrieved from /home/airflow/.local/lib/python3.7/site-packages/airflow/example_dags/example_xcomargs.py
[2023-06-17T03:47:50.576+0000] {logging_mixin.py:149} INFO - [2023-06-17T03:47:50.575+0000] {dag.py:2726} INFO - Sync 2 DAGs
[2023-06-17T03:47:50.607+0000] {logging_mixin.py:149} INFO - [2023-06-17T03:47:50.607+0000] {dag.py:3490} INFO - Setting next_dagrun for example_xcom_args to None, run_after=None
[2023-06-17T03:47:50.611+0000] {logging_mixin.py:149} INFO - [2023-06-17T03:47:50.611+0000] {dag.py:3490} INFO - Setting next_dagrun for example_xcom_args_with_operators to None, run_after=None
[2023-06-17T03:47:50.689+0000] {processor.py:179} INFO - Processing /home/airflow/.local/lib/python3.7/site-packages/airflow/example_dags/example_xcomargs.py took 0.172 seconds
[2023-06-17T03:48:21.079+0000] {processor.py:157} INFO - Started process (PID=1559) to work on /home/airflow/.local/lib/python3.7/site-packages/airflow/example_dags/example_xcomargs.py
[2023-06-17T03:48:21.086+0000] {processor.py:826} INFO - Processing file /home/airflow/.local/lib/python3.7/site-packages/airflow/example_dags/example_xcomargs.py for tasks to queue
[2023-06-17T03:48:21.087+0000] {logging_mixin.py:149} INFO - [2023-06-17T03:48:21.086+0000] {dagbag.py:541} INFO - Filling up the DagBag from /home/airflow/.local/lib/python3.7/site-packages/airflow/example_dags/example_xcomargs.py
[2023-06-17T03:48:21.096+0000] {processor.py:836} INFO - DAG(s) dict_keys(['example_xcom_args', 'example_xcom_args_with_operators']) retrieved from /home/airflow/.local/lib/python3.7/site-packages/airflow/example_dags/example_xcomargs.py
[2023-06-17T03:48:21.129+0000] {logging_mixin.py:149} INFO - [2023-06-17T03:48:21.129+0000] {dag.py:2726} INFO - Sync 2 DAGs
[2023-06-17T03:48:21.159+0000] {logging_mixin.py:149} INFO - [2023-06-17T03:48:21.159+0000] {dag.py:3490} INFO - Setting next_dagrun for example_xcom_args to None, run_after=None
[2023-06-17T03:48:21.163+0000] {logging_mixin.py:149} INFO - [2023-06-17T03:48:21.163+0000] {dag.py:3490} INFO - Setting next_dagrun for example_xcom_args_with_operators to None, run_after=None
[2023-06-17T03:48:21.183+0000] {processor.py:179} INFO - Processing /home/airflow/.local/lib/python3.7/site-packages/airflow/example_dags/example_xcomargs.py took 0.108 seconds
[2023-06-17T03:48:51.679+0000] {processor.py:157} INFO - Started process (PID=1620) to work on /home/airflow/.local/lib/python3.7/site-packages/airflow/example_dags/example_xcomargs.py
[2023-06-17T03:48:51.687+0000] {processor.py:826} INFO - Processing file /home/airflow/.local/lib/python3.7/site-packages/airflow/example_dags/example_xcomargs.py for tasks to queue
[2023-06-17T03:48:51.688+0000] {logging_mixin.py:149} INFO - [2023-06-17T03:48:51.687+0000] {dagbag.py:541} INFO - Filling up the DagBag from /home/airflow/.local/lib/python3.7/site-packages/airflow/example_dags/example_xcomargs.py
[2023-06-17T03:48:51.697+0000] {processor.py:836} INFO - DAG(s) dict_keys(['example_xcom_args', 'example_xcom_args_with_operators']) retrieved from /home/airflow/.local/lib/python3.7/site-packages/airflow/example_dags/example_xcomargs.py
[2023-06-17T03:48:51.729+0000] {logging_mixin.py:149} INFO - [2023-06-17T03:48:51.729+0000] {dag.py:2726} INFO - Sync 2 DAGs
[2023-06-17T03:48:51.763+0000] {logging_mixin.py:149} INFO - [2023-06-17T03:48:51.763+0000] {dag.py:3490} INFO - Setting next_dagrun for example_xcom_args to None, run_after=None
[2023-06-17T03:48:51.769+0000] {logging_mixin.py:149} INFO - [2023-06-17T03:48:51.769+0000] {dag.py:3490} INFO - Setting next_dagrun for example_xcom_args_with_operators to None, run_after=None
[2023-06-17T03:48:51.794+0000] {processor.py:179} INFO - Processing /home/airflow/.local/lib/python3.7/site-packages/airflow/example_dags/example_xcomargs.py took 0.119 seconds
[2023-06-17T03:49:22.639+0000] {processor.py:157} INFO - Started process (PID=1682) to work on /home/airflow/.local/lib/python3.7/site-packages/airflow/example_dags/example_xcomargs.py
[2023-06-17T03:49:22.646+0000] {processor.py:826} INFO - Processing file /home/airflow/.local/lib/python3.7/site-packages/airflow/example_dags/example_xcomargs.py for tasks to queue
[2023-06-17T03:49:22.647+0000] {logging_mixin.py:149} INFO - [2023-06-17T03:49:22.647+0000] {dagbag.py:541} INFO - Filling up the DagBag from /home/airflow/.local/lib/python3.7/site-packages/airflow/example_dags/example_xcomargs.py
[2023-06-17T03:49:22.657+0000] {processor.py:836} INFO - DAG(s) dict_keys(['example_xcom_args_with_operators', 'example_xcom_args']) retrieved from /home/airflow/.local/lib/python3.7/site-packages/airflow/example_dags/example_xcomargs.py
[2023-06-17T03:49:22.692+0000] {logging_mixin.py:149} INFO - [2023-06-17T03:49:22.692+0000] {dag.py:2726} INFO - Sync 2 DAGs
[2023-06-17T03:49:22.733+0000] {logging_mixin.py:149} INFO - [2023-06-17T03:49:22.733+0000] {dag.py:3490} INFO - Setting next_dagrun for example_xcom_args to None, run_after=None
[2023-06-17T03:49:22.738+0000] {logging_mixin.py:149} INFO - [2023-06-17T03:49:22.738+0000] {dag.py:3490} INFO - Setting next_dagrun for example_xcom_args_with_operators to None, run_after=None
[2023-06-17T03:49:22.768+0000] {processor.py:179} INFO - Processing /home/airflow/.local/lib/python3.7/site-packages/airflow/example_dags/example_xcomargs.py took 0.131 seconds
