[2023-06-17T02:16:48.751+0000] {processor.py:157} INFO - Started process (PID=76) to work on /home/airflow/.local/lib/python3.7/site-packages/airflow/example_dags/example_skip_dag.py
[2023-06-17T02:16:48.752+0000] {processor.py:826} INFO - Processing file /home/airflow/.local/lib/python3.7/site-packages/airflow/example_dags/example_skip_dag.py for tasks to queue
[2023-06-17T02:16:48.753+0000] {logging_mixin.py:149} INFO - [2023-06-17T02:16:48.753+0000] {dagbag.py:541} INFO - Filling up the DagBag from /home/airflow/.local/lib/python3.7/site-packages/airflow/example_dags/example_skip_dag.py
[2023-06-17T02:16:48.766+0000] {processor.py:836} INFO - DAG(s) dict_keys(['example_skip_dag']) retrieved from /home/airflow/.local/lib/python3.7/site-packages/airflow/example_dags/example_skip_dag.py
[2023-06-17T02:16:48.816+0000] {logging_mixin.py:149} INFO - [2023-06-17T02:16:48.816+0000] {dag.py:2726} INFO - Sync 1 DAGs
[2023-06-17T02:16:48.863+0000] {logging_mixin.py:149} INFO - [2023-06-17T02:16:48.863+0000] {dag.py:3490} INFO - Setting next_dagrun for example_skip_dag to 2023-06-16T02:16:48.862808+00:00, run_after=2023-06-17T02:16:48.862808+00:00
[2023-06-17T02:16:49.331+0000] {processor.py:179} INFO - Processing /home/airflow/.local/lib/python3.7/site-packages/airflow/example_dags/example_skip_dag.py took 0.584 seconds
[2023-06-17T02:18:14.308+0000] {processor.py:157} INFO - Started process (PID=144) to work on /home/airflow/.local/lib/python3.7/site-packages/airflow/example_dags/example_skip_dag.py
[2023-06-17T02:18:14.388+0000] {processor.py:826} INFO - Processing file /home/airflow/.local/lib/python3.7/site-packages/airflow/example_dags/example_skip_dag.py for tasks to queue
[2023-06-17T02:18:14.388+0000] {logging_mixin.py:149} INFO - [2023-06-17T02:18:14.388+0000] {dagbag.py:541} INFO - Filling up the DagBag from /home/airflow/.local/lib/python3.7/site-packages/airflow/example_dags/example_skip_dag.py
[2023-06-17T02:18:14.394+0000] {processor.py:836} INFO - DAG(s) dict_keys(['example_skip_dag']) retrieved from /home/airflow/.local/lib/python3.7/site-packages/airflow/example_dags/example_skip_dag.py
[2023-06-17T02:18:14.416+0000] {logging_mixin.py:149} INFO - [2023-06-17T02:18:14.416+0000] {dag.py:2726} INFO - Sync 1 DAGs
[2023-06-17T02:18:14.441+0000] {logging_mixin.py:149} INFO - [2023-06-17T02:18:14.441+0000] {dag.py:3490} INFO - Setting next_dagrun for example_skip_dag to 2023-06-16T02:18:14.441252+00:00, run_after=2023-06-17T02:18:14.441252+00:00
[2023-06-17T02:18:14.723+0000] {processor.py:179} INFO - Processing /home/airflow/.local/lib/python3.7/site-packages/airflow/example_dags/example_skip_dag.py took 0.419 seconds
[2023-06-17T02:18:45.768+0000] {processor.py:157} INFO - Started process (PID=204) to work on /home/airflow/.local/lib/python3.7/site-packages/airflow/example_dags/example_skip_dag.py
[2023-06-17T02:18:45.869+0000] {processor.py:826} INFO - Processing file /home/airflow/.local/lib/python3.7/site-packages/airflow/example_dags/example_skip_dag.py for tasks to queue
[2023-06-17T02:18:45.871+0000] {logging_mixin.py:149} INFO - [2023-06-17T02:18:45.871+0000] {dagbag.py:541} INFO - Filling up the DagBag from /home/airflow/.local/lib/python3.7/site-packages/airflow/example_dags/example_skip_dag.py
[2023-06-17T02:18:45.895+0000] {processor.py:836} INFO - DAG(s) dict_keys(['example_skip_dag']) retrieved from /home/airflow/.local/lib/python3.7/site-packages/airflow/example_dags/example_skip_dag.py
[2023-06-17T02:18:45.929+0000] {logging_mixin.py:149} INFO - [2023-06-17T02:18:45.929+0000] {dag.py:2726} INFO - Sync 1 DAGs
[2023-06-17T02:18:45.955+0000] {logging_mixin.py:149} INFO - [2023-06-17T02:18:45.955+0000] {dag.py:3490} INFO - Setting next_dagrun for example_skip_dag to 2023-06-16T02:18:45.954864+00:00, run_after=2023-06-17T02:18:45.954864+00:00
[2023-06-17T02:18:46.368+0000] {processor.py:179} INFO - Processing /home/airflow/.local/lib/python3.7/site-packages/airflow/example_dags/example_skip_dag.py took 0.604 seconds
[2023-06-17T02:19:17.619+0000] {processor.py:157} INFO - Started process (PID=256) to work on /home/airflow/.local/lib/python3.7/site-packages/airflow/example_dags/example_skip_dag.py
[2023-06-17T02:19:17.665+0000] {processor.py:826} INFO - Processing file /home/airflow/.local/lib/python3.7/site-packages/airflow/example_dags/example_skip_dag.py for tasks to queue
[2023-06-17T02:19:17.666+0000] {logging_mixin.py:149} INFO - [2023-06-17T02:19:17.666+0000] {dagbag.py:541} INFO - Filling up the DagBag from /home/airflow/.local/lib/python3.7/site-packages/airflow/example_dags/example_skip_dag.py
[2023-06-17T02:19:17.696+0000] {processor.py:836} INFO - DAG(s) dict_keys(['example_skip_dag']) retrieved from /home/airflow/.local/lib/python3.7/site-packages/airflow/example_dags/example_skip_dag.py
[2023-06-17T02:19:17.725+0000] {logging_mixin.py:149} INFO - [2023-06-17T02:19:17.725+0000] {dag.py:2726} INFO - Sync 1 DAGs
[2023-06-17T02:19:17.757+0000] {logging_mixin.py:149} INFO - [2023-06-17T02:19:17.756+0000] {dag.py:3490} INFO - Setting next_dagrun for example_skip_dag to 2023-06-16T02:19:17.756741+00:00, run_after=2023-06-17T02:19:17.756741+00:00
[2023-06-17T02:19:17.912+0000] {processor.py:179} INFO - Processing /home/airflow/.local/lib/python3.7/site-packages/airflow/example_dags/example_skip_dag.py took 0.296 seconds
[2023-06-17T02:19:49.243+0000] {processor.py:157} INFO - Started process (PID=317) to work on /home/airflow/.local/lib/python3.7/site-packages/airflow/example_dags/example_skip_dag.py
[2023-06-17T02:19:49.390+0000] {processor.py:826} INFO - Processing file /home/airflow/.local/lib/python3.7/site-packages/airflow/example_dags/example_skip_dag.py for tasks to queue
[2023-06-17T02:19:49.392+0000] {logging_mixin.py:149} INFO - [2023-06-17T02:19:49.391+0000] {dagbag.py:541} INFO - Filling up the DagBag from /home/airflow/.local/lib/python3.7/site-packages/airflow/example_dags/example_skip_dag.py
[2023-06-17T02:19:49.413+0000] {processor.py:836} INFO - DAG(s) dict_keys(['example_skip_dag']) retrieved from /home/airflow/.local/lib/python3.7/site-packages/airflow/example_dags/example_skip_dag.py
[2023-06-17T02:19:49.443+0000] {logging_mixin.py:149} INFO - [2023-06-17T02:19:49.443+0000] {dag.py:2726} INFO - Sync 1 DAGs
[2023-06-17T02:19:49.469+0000] {logging_mixin.py:149} INFO - [2023-06-17T02:19:49.469+0000] {dag.py:3490} INFO - Setting next_dagrun for example_skip_dag to 2023-06-16T02:19:49.469333+00:00, run_after=2023-06-17T02:19:49.469333+00:00
[2023-06-17T02:19:49.842+0000] {processor.py:179} INFO - Processing /home/airflow/.local/lib/python3.7/site-packages/airflow/example_dags/example_skip_dag.py took 0.603 seconds
[2023-06-17T02:20:21.673+0000] {processor.py:157} INFO - Started process (PID=378) to work on /home/airflow/.local/lib/python3.7/site-packages/airflow/example_dags/example_skip_dag.py
[2023-06-17T02:20:21.908+0000] {processor.py:826} INFO - Processing file /home/airflow/.local/lib/python3.7/site-packages/airflow/example_dags/example_skip_dag.py for tasks to queue
[2023-06-17T02:20:21.909+0000] {logging_mixin.py:149} INFO - [2023-06-17T02:20:21.909+0000] {dagbag.py:541} INFO - Filling up the DagBag from /home/airflow/.local/lib/python3.7/site-packages/airflow/example_dags/example_skip_dag.py
[2023-06-17T02:20:21.916+0000] {processor.py:836} INFO - DAG(s) dict_keys(['example_skip_dag']) retrieved from /home/airflow/.local/lib/python3.7/site-packages/airflow/example_dags/example_skip_dag.py
[2023-06-17T02:20:21.942+0000] {logging_mixin.py:149} INFO - [2023-06-17T02:20:21.942+0000] {dag.py:2726} INFO - Sync 1 DAGs
[2023-06-17T02:20:21.976+0000] {logging_mixin.py:149} INFO - [2023-06-17T02:20:21.976+0000] {dag.py:3490} INFO - Setting next_dagrun for example_skip_dag to 2023-06-16T02:20:21.975776+00:00, run_after=2023-06-17T02:20:21.975776+00:00
[2023-06-17T02:20:22.898+0000] {processor.py:179} INFO - Processing /home/airflow/.local/lib/python3.7/site-packages/airflow/example_dags/example_skip_dag.py took 1.228 seconds
[2023-06-17T02:20:57.756+0000] {processor.py:157} INFO - Started process (PID=447) to work on /home/airflow/.local/lib/python3.7/site-packages/airflow/example_dags/example_skip_dag.py
[2023-06-17T02:20:57.887+0000] {processor.py:826} INFO - Processing file /home/airflow/.local/lib/python3.7/site-packages/airflow/example_dags/example_skip_dag.py for tasks to queue
[2023-06-17T02:20:57.887+0000] {logging_mixin.py:149} INFO - [2023-06-17T02:20:57.887+0000] {dagbag.py:541} INFO - Filling up the DagBag from /home/airflow/.local/lib/python3.7/site-packages/airflow/example_dags/example_skip_dag.py
[2023-06-17T02:20:57.894+0000] {processor.py:836} INFO - DAG(s) dict_keys(['example_skip_dag']) retrieved from /home/airflow/.local/lib/python3.7/site-packages/airflow/example_dags/example_skip_dag.py
[2023-06-17T02:20:57.922+0000] {logging_mixin.py:149} INFO - [2023-06-17T02:20:57.922+0000] {dag.py:2726} INFO - Sync 1 DAGs
[2023-06-17T02:20:57.953+0000] {logging_mixin.py:149} INFO - [2023-06-17T02:20:57.953+0000] {dag.py:3490} INFO - Setting next_dagrun for example_skip_dag to 2023-06-16T02:20:57.952891+00:00, run_after=2023-06-17T02:20:57.952891+00:00
[2023-06-17T02:20:58.147+0000] {processor.py:179} INFO - Processing /home/airflow/.local/lib/python3.7/site-packages/airflow/example_dags/example_skip_dag.py took 0.394 seconds
[2023-06-17T02:21:28.518+0000] {processor.py:157} INFO - Started process (PID=499) to work on /home/airflow/.local/lib/python3.7/site-packages/airflow/example_dags/example_skip_dag.py
[2023-06-17T02:21:28.523+0000] {processor.py:826} INFO - Processing file /home/airflow/.local/lib/python3.7/site-packages/airflow/example_dags/example_skip_dag.py for tasks to queue
[2023-06-17T02:21:28.524+0000] {logging_mixin.py:149} INFO - [2023-06-17T02:21:28.524+0000] {dagbag.py:541} INFO - Filling up the DagBag from /home/airflow/.local/lib/python3.7/site-packages/airflow/example_dags/example_skip_dag.py
[2023-06-17T02:21:28.583+0000] {processor.py:836} INFO - DAG(s) dict_keys(['example_skip_dag']) retrieved from /home/airflow/.local/lib/python3.7/site-packages/airflow/example_dags/example_skip_dag.py
[2023-06-17T02:21:28.631+0000] {logging_mixin.py:149} INFO - [2023-06-17T02:21:28.630+0000] {dag.py:2726} INFO - Sync 1 DAGs
[2023-06-17T02:21:28.660+0000] {logging_mixin.py:149} INFO - [2023-06-17T02:21:28.660+0000] {dag.py:3490} INFO - Setting next_dagrun for example_skip_dag to 2023-06-16T02:21:28.659971+00:00, run_after=2023-06-17T02:21:28.659971+00:00
[2023-06-17T02:21:29.033+0000] {processor.py:179} INFO - Processing /home/airflow/.local/lib/python3.7/site-packages/airflow/example_dags/example_skip_dag.py took 0.520 seconds
[2023-06-17T02:22:00.049+0000] {processor.py:157} INFO - Started process (PID=554) to work on /home/airflow/.local/lib/python3.7/site-packages/airflow/example_dags/example_skip_dag.py
[2023-06-17T02:22:00.165+0000] {processor.py:826} INFO - Processing file /home/airflow/.local/lib/python3.7/site-packages/airflow/example_dags/example_skip_dag.py for tasks to queue
[2023-06-17T02:22:00.166+0000] {logging_mixin.py:149} INFO - [2023-06-17T02:22:00.166+0000] {dagbag.py:541} INFO - Filling up the DagBag from /home/airflow/.local/lib/python3.7/site-packages/airflow/example_dags/example_skip_dag.py
[2023-06-17T02:22:00.173+0000] {processor.py:836} INFO - DAG(s) dict_keys(['example_skip_dag']) retrieved from /home/airflow/.local/lib/python3.7/site-packages/airflow/example_dags/example_skip_dag.py
[2023-06-17T02:22:00.195+0000] {logging_mixin.py:149} INFO - [2023-06-17T02:22:00.195+0000] {dag.py:2726} INFO - Sync 1 DAGs
[2023-06-17T02:22:00.219+0000] {logging_mixin.py:149} INFO - [2023-06-17T02:22:00.219+0000] {dag.py:3490} INFO - Setting next_dagrun for example_skip_dag to 2023-06-16T02:22:00.219611+00:00, run_after=2023-06-17T02:22:00.219611+00:00
[2023-06-17T02:22:00.378+0000] {processor.py:179} INFO - Processing /home/airflow/.local/lib/python3.7/site-packages/airflow/example_dags/example_skip_dag.py took 0.332 seconds
[2023-06-17T02:22:30.541+0000] {processor.py:157} INFO - Started process (PID=606) to work on /home/airflow/.local/lib/python3.7/site-packages/airflow/example_dags/example_skip_dag.py
[2023-06-17T02:22:30.600+0000] {processor.py:826} INFO - Processing file /home/airflow/.local/lib/python3.7/site-packages/airflow/example_dags/example_skip_dag.py for tasks to queue
[2023-06-17T02:22:30.602+0000] {logging_mixin.py:149} INFO - [2023-06-17T02:22:30.602+0000] {dagbag.py:541} INFO - Filling up the DagBag from /home/airflow/.local/lib/python3.7/site-packages/airflow/example_dags/example_skip_dag.py
[2023-06-17T02:22:30.711+0000] {processor.py:836} INFO - DAG(s) dict_keys(['example_skip_dag']) retrieved from /home/airflow/.local/lib/python3.7/site-packages/airflow/example_dags/example_skip_dag.py
[2023-06-17T02:22:30.766+0000] {logging_mixin.py:149} INFO - [2023-06-17T02:22:30.766+0000] {dag.py:2726} INFO - Sync 1 DAGs
[2023-06-17T02:22:30.795+0000] {logging_mixin.py:149} INFO - [2023-06-17T02:22:30.795+0000] {dag.py:3490} INFO - Setting next_dagrun for example_skip_dag to 2023-06-16T02:22:30.795256+00:00, run_after=2023-06-17T02:22:30.795256+00:00
[2023-06-17T02:22:31.062+0000] {processor.py:179} INFO - Processing /home/airflow/.local/lib/python3.7/site-packages/airflow/example_dags/example_skip_dag.py took 0.524 seconds
[2023-06-17T02:23:20.592+0000] {processor.py:157} INFO - Started process (PID=684) to work on /home/airflow/.local/lib/python3.7/site-packages/airflow/example_dags/example_skip_dag.py
[2023-06-17T02:23:20.698+0000] {processor.py:826} INFO - Processing file /home/airflow/.local/lib/python3.7/site-packages/airflow/example_dags/example_skip_dag.py for tasks to queue
[2023-06-17T02:23:20.700+0000] {logging_mixin.py:149} INFO - [2023-06-17T02:23:20.700+0000] {dagbag.py:541} INFO - Filling up the DagBag from /home/airflow/.local/lib/python3.7/site-packages/airflow/example_dags/example_skip_dag.py
[2023-06-17T02:23:20.720+0000] {processor.py:836} INFO - DAG(s) dict_keys(['example_skip_dag']) retrieved from /home/airflow/.local/lib/python3.7/site-packages/airflow/example_dags/example_skip_dag.py
[2023-06-17T02:23:20.749+0000] {logging_mixin.py:149} INFO - [2023-06-17T02:23:20.749+0000] {dag.py:2726} INFO - Sync 1 DAGs
[2023-06-17T02:23:20.778+0000] {logging_mixin.py:149} INFO - [2023-06-17T02:23:20.778+0000] {dag.py:3490} INFO - Setting next_dagrun for example_skip_dag to 2023-06-16T02:23:20.777829+00:00, run_after=2023-06-17T02:23:20.777829+00:00
[2023-06-17T02:23:21.000+0000] {processor.py:179} INFO - Processing /home/airflow/.local/lib/python3.7/site-packages/airflow/example_dags/example_skip_dag.py took 0.410 seconds
[2023-06-17T02:23:51.545+0000] {processor.py:157} INFO - Started process (PID=745) to work on /home/airflow/.local/lib/python3.7/site-packages/airflow/example_dags/example_skip_dag.py
[2023-06-17T02:23:51.546+0000] {processor.py:826} INFO - Processing file /home/airflow/.local/lib/python3.7/site-packages/airflow/example_dags/example_skip_dag.py for tasks to queue
[2023-06-17T02:23:51.547+0000] {logging_mixin.py:149} INFO - [2023-06-17T02:23:51.547+0000] {dagbag.py:541} INFO - Filling up the DagBag from /home/airflow/.local/lib/python3.7/site-packages/airflow/example_dags/example_skip_dag.py
[2023-06-17T02:23:51.553+0000] {processor.py:836} INFO - DAG(s) dict_keys(['example_skip_dag']) retrieved from /home/airflow/.local/lib/python3.7/site-packages/airflow/example_dags/example_skip_dag.py
[2023-06-17T02:23:51.575+0000] {logging_mixin.py:149} INFO - [2023-06-17T02:23:51.575+0000] {dag.py:2726} INFO - Sync 1 DAGs
[2023-06-17T02:23:51.604+0000] {logging_mixin.py:149} INFO - [2023-06-17T02:23:51.604+0000] {dag.py:3490} INFO - Setting next_dagrun for example_skip_dag to 2023-06-16T02:23:51.604600+00:00, run_after=2023-06-17T02:23:51.604600+00:00
[2023-06-17T02:23:51.642+0000] {processor.py:179} INFO - Processing /home/airflow/.local/lib/python3.7/site-packages/airflow/example_dags/example_skip_dag.py took 0.099 seconds
[2023-06-17T02:24:22.307+0000] {processor.py:157} INFO - Started process (PID=806) to work on /home/airflow/.local/lib/python3.7/site-packages/airflow/example_dags/example_skip_dag.py
[2023-06-17T02:24:22.319+0000] {processor.py:826} INFO - Processing file /home/airflow/.local/lib/python3.7/site-packages/airflow/example_dags/example_skip_dag.py for tasks to queue
[2023-06-17T02:24:22.320+0000] {logging_mixin.py:149} INFO - [2023-06-17T02:24:22.320+0000] {dagbag.py:541} INFO - Filling up the DagBag from /home/airflow/.local/lib/python3.7/site-packages/airflow/example_dags/example_skip_dag.py
[2023-06-17T02:24:22.328+0000] {processor.py:836} INFO - DAG(s) dict_keys(['example_skip_dag']) retrieved from /home/airflow/.local/lib/python3.7/site-packages/airflow/example_dags/example_skip_dag.py
[2023-06-17T02:24:22.360+0000] {logging_mixin.py:149} INFO - [2023-06-17T02:24:22.360+0000] {dag.py:2726} INFO - Sync 1 DAGs
[2023-06-17T02:24:22.400+0000] {logging_mixin.py:149} INFO - [2023-06-17T02:24:22.400+0000] {dag.py:3490} INFO - Setting next_dagrun for example_skip_dag to 2023-06-16T02:24:22.399995+00:00, run_after=2023-06-17T02:24:22.399995+00:00
[2023-06-17T02:24:22.431+0000] {processor.py:179} INFO - Processing /home/airflow/.local/lib/python3.7/site-packages/airflow/example_dags/example_skip_dag.py took 0.128 seconds
[2023-06-17T02:24:55.654+0000] {processor.py:157} INFO - Started process (PID=870) to work on /home/airflow/.local/lib/python3.7/site-packages/airflow/example_dags/example_skip_dag.py
[2023-06-17T02:24:55.688+0000] {processor.py:826} INFO - Processing file /home/airflow/.local/lib/python3.7/site-packages/airflow/example_dags/example_skip_dag.py for tasks to queue
[2023-06-17T02:24:55.689+0000] {logging_mixin.py:149} INFO - [2023-06-17T02:24:55.689+0000] {dagbag.py:541} INFO - Filling up the DagBag from /home/airflow/.local/lib/python3.7/site-packages/airflow/example_dags/example_skip_dag.py
[2023-06-17T02:24:55.697+0000] {processor.py:836} INFO - DAG(s) dict_keys(['example_skip_dag']) retrieved from /home/airflow/.local/lib/python3.7/site-packages/airflow/example_dags/example_skip_dag.py
[2023-06-17T02:24:55.719+0000] {logging_mixin.py:149} INFO - [2023-06-17T02:24:55.719+0000] {dag.py:2726} INFO - Sync 1 DAGs
[2023-06-17T02:24:55.745+0000] {logging_mixin.py:149} INFO - [2023-06-17T02:24:55.745+0000] {dag.py:3490} INFO - Setting next_dagrun for example_skip_dag to 2023-06-16T02:24:55.745097+00:00, run_after=2023-06-17T02:24:55.745097+00:00
[2023-06-17T02:24:55.785+0000] {processor.py:179} INFO - Processing /home/airflow/.local/lib/python3.7/site-packages/airflow/example_dags/example_skip_dag.py took 0.135 seconds
[2023-06-17T02:25:32.043+0000] {processor.py:157} INFO - Started process (PID=923) to work on /home/airflow/.local/lib/python3.7/site-packages/airflow/example_dags/example_skip_dag.py
[2023-06-17T02:25:32.055+0000] {processor.py:826} INFO - Processing file /home/airflow/.local/lib/python3.7/site-packages/airflow/example_dags/example_skip_dag.py for tasks to queue
[2023-06-17T02:25:32.055+0000] {logging_mixin.py:149} INFO - [2023-06-17T02:25:32.055+0000] {dagbag.py:541} INFO - Filling up the DagBag from /home/airflow/.local/lib/python3.7/site-packages/airflow/example_dags/example_skip_dag.py
[2023-06-17T02:25:32.063+0000] {processor.py:836} INFO - DAG(s) dict_keys(['example_skip_dag']) retrieved from /home/airflow/.local/lib/python3.7/site-packages/airflow/example_dags/example_skip_dag.py
[2023-06-17T02:25:32.087+0000] {logging_mixin.py:149} INFO - [2023-06-17T02:25:32.087+0000] {dag.py:2726} INFO - Sync 1 DAGs
[2023-06-17T02:25:32.115+0000] {logging_mixin.py:149} INFO - [2023-06-17T02:25:32.115+0000] {dag.py:3490} INFO - Setting next_dagrun for example_skip_dag to 2023-06-16T02:25:32.115544+00:00, run_after=2023-06-17T02:25:32.115544+00:00
[2023-06-17T02:25:32.165+0000] {processor.py:179} INFO - Processing /home/airflow/.local/lib/python3.7/site-packages/airflow/example_dags/example_skip_dag.py took 0.125 seconds
[2023-06-17T02:26:03.704+0000] {processor.py:157} INFO - Started process (PID=986) to work on /home/airflow/.local/lib/python3.7/site-packages/airflow/example_dags/example_skip_dag.py
[2023-06-17T02:26:03.713+0000] {processor.py:826} INFO - Processing file /home/airflow/.local/lib/python3.7/site-packages/airflow/example_dags/example_skip_dag.py for tasks to queue
[2023-06-17T02:26:03.715+0000] {logging_mixin.py:149} INFO - [2023-06-17T02:26:03.715+0000] {dagbag.py:541} INFO - Filling up the DagBag from /home/airflow/.local/lib/python3.7/site-packages/airflow/example_dags/example_skip_dag.py
[2023-06-17T02:26:03.728+0000] {processor.py:836} INFO - DAG(s) dict_keys(['example_skip_dag']) retrieved from /home/airflow/.local/lib/python3.7/site-packages/airflow/example_dags/example_skip_dag.py
[2023-06-17T02:26:03.784+0000] {logging_mixin.py:149} INFO - [2023-06-17T02:26:03.784+0000] {dag.py:2726} INFO - Sync 1 DAGs
[2023-06-17T02:26:03.861+0000] {logging_mixin.py:149} INFO - [2023-06-17T02:26:03.860+0000] {dag.py:3490} INFO - Setting next_dagrun for example_skip_dag to 2023-06-16T02:26:03.860379+00:00, run_after=2023-06-17T02:26:03.860379+00:00
[2023-06-17T02:26:03.922+0000] {processor.py:179} INFO - Processing /home/airflow/.local/lib/python3.7/site-packages/airflow/example_dags/example_skip_dag.py took 0.224 seconds
[2023-06-17T02:26:34.319+0000] {processor.py:157} INFO - Started process (PID=1047) to work on /home/airflow/.local/lib/python3.7/site-packages/airflow/example_dags/example_skip_dag.py
[2023-06-17T02:26:34.324+0000] {processor.py:826} INFO - Processing file /home/airflow/.local/lib/python3.7/site-packages/airflow/example_dags/example_skip_dag.py for tasks to queue
[2023-06-17T02:26:34.325+0000] {logging_mixin.py:149} INFO - [2023-06-17T02:26:34.325+0000] {dagbag.py:541} INFO - Filling up the DagBag from /home/airflow/.local/lib/python3.7/site-packages/airflow/example_dags/example_skip_dag.py
[2023-06-17T02:26:34.336+0000] {processor.py:836} INFO - DAG(s) dict_keys(['example_skip_dag']) retrieved from /home/airflow/.local/lib/python3.7/site-packages/airflow/example_dags/example_skip_dag.py
[2023-06-17T02:26:34.379+0000] {logging_mixin.py:149} INFO - [2023-06-17T02:26:34.379+0000] {dag.py:2726} INFO - Sync 1 DAGs
[2023-06-17T02:26:34.437+0000] {logging_mixin.py:149} INFO - [2023-06-17T02:26:34.436+0000] {dag.py:3490} INFO - Setting next_dagrun for example_skip_dag to 2023-06-16T02:26:34.436179+00:00, run_after=2023-06-17T02:26:34.436179+00:00
[2023-06-17T02:26:34.473+0000] {processor.py:179} INFO - Processing /home/airflow/.local/lib/python3.7/site-packages/airflow/example_dags/example_skip_dag.py took 0.159 seconds
[2023-06-17T02:27:26.113+0000] {processor.py:157} INFO - Started process (PID=1115) to work on /home/airflow/.local/lib/python3.7/site-packages/airflow/example_dags/example_skip_dag.py
[2023-06-17T02:27:26.425+0000] {processor.py:826} INFO - Processing file /home/airflow/.local/lib/python3.7/site-packages/airflow/example_dags/example_skip_dag.py for tasks to queue
[2023-06-17T02:27:26.427+0000] {logging_mixin.py:149} INFO - [2023-06-17T02:27:26.427+0000] {dagbag.py:541} INFO - Filling up the DagBag from /home/airflow/.local/lib/python3.7/site-packages/airflow/example_dags/example_skip_dag.py
[2023-06-17T02:27:26.650+0000] {processor.py:836} INFO - DAG(s) dict_keys(['example_skip_dag']) retrieved from /home/airflow/.local/lib/python3.7/site-packages/airflow/example_dags/example_skip_dag.py
[2023-06-17T02:27:26.727+0000] {logging_mixin.py:149} INFO - [2023-06-17T02:27:26.727+0000] {dag.py:2726} INFO - Sync 1 DAGs
[2023-06-17T02:27:26.759+0000] {logging_mixin.py:149} INFO - [2023-06-17T02:27:26.759+0000] {dag.py:3490} INFO - Setting next_dagrun for example_skip_dag to 2023-06-16T02:27:26.759334+00:00, run_after=2023-06-17T02:27:26.759334+00:00
[2023-06-17T02:27:27.203+0000] {processor.py:179} INFO - Processing /home/airflow/.local/lib/python3.7/site-packages/airflow/example_dags/example_skip_dag.py took 1.101 seconds
[2023-06-17T02:27:57.382+0000] {processor.py:157} INFO - Started process (PID=1170) to work on /home/airflow/.local/lib/python3.7/site-packages/airflow/example_dags/example_skip_dag.py
[2023-06-17T02:27:57.385+0000] {processor.py:826} INFO - Processing file /home/airflow/.local/lib/python3.7/site-packages/airflow/example_dags/example_skip_dag.py for tasks to queue
[2023-06-17T02:27:57.387+0000] {logging_mixin.py:149} INFO - [2023-06-17T02:27:57.387+0000] {dagbag.py:541} INFO - Filling up the DagBag from /home/airflow/.local/lib/python3.7/site-packages/airflow/example_dags/example_skip_dag.py
[2023-06-17T02:27:57.407+0000] {processor.py:836} INFO - DAG(s) dict_keys(['example_skip_dag']) retrieved from /home/airflow/.local/lib/python3.7/site-packages/airflow/example_dags/example_skip_dag.py
[2023-06-17T02:27:57.439+0000] {logging_mixin.py:149} INFO - [2023-06-17T02:27:57.439+0000] {dag.py:2726} INFO - Sync 1 DAGs
[2023-06-17T02:27:57.471+0000] {logging_mixin.py:149} INFO - [2023-06-17T02:27:57.471+0000] {dag.py:3490} INFO - Setting next_dagrun for example_skip_dag to 2023-06-16T02:27:57.471413+00:00, run_after=2023-06-17T02:27:57.471413+00:00
[2023-06-17T02:27:57.673+0000] {processor.py:179} INFO - Processing /home/airflow/.local/lib/python3.7/site-packages/airflow/example_dags/example_skip_dag.py took 0.301 seconds
[2023-06-17T02:28:27.855+0000] {processor.py:157} INFO - Started process (PID=1231) to work on /home/airflow/.local/lib/python3.7/site-packages/airflow/example_dags/example_skip_dag.py
[2023-06-17T02:28:27.856+0000] {processor.py:826} INFO - Processing file /home/airflow/.local/lib/python3.7/site-packages/airflow/example_dags/example_skip_dag.py for tasks to queue
[2023-06-17T02:28:27.858+0000] {logging_mixin.py:149} INFO - [2023-06-17T02:28:27.857+0000] {dagbag.py:541} INFO - Filling up the DagBag from /home/airflow/.local/lib/python3.7/site-packages/airflow/example_dags/example_skip_dag.py
[2023-06-17T02:28:27.870+0000] {processor.py:836} INFO - DAG(s) dict_keys(['example_skip_dag']) retrieved from /home/airflow/.local/lib/python3.7/site-packages/airflow/example_dags/example_skip_dag.py
[2023-06-17T02:28:27.906+0000] {logging_mixin.py:149} INFO - [2023-06-17T02:28:27.906+0000] {dag.py:2726} INFO - Sync 1 DAGs
[2023-06-17T02:28:27.947+0000] {logging_mixin.py:149} INFO - [2023-06-17T02:28:27.947+0000] {dag.py:3490} INFO - Setting next_dagrun for example_skip_dag to 2023-06-16T02:28:27.947377+00:00, run_after=2023-06-17T02:28:27.947377+00:00
[2023-06-17T02:28:28.006+0000] {processor.py:179} INFO - Processing /home/airflow/.local/lib/python3.7/site-packages/airflow/example_dags/example_skip_dag.py took 0.155 seconds
[2023-06-17T02:28:58.766+0000] {processor.py:157} INFO - Started process (PID=1292) to work on /home/airflow/.local/lib/python3.7/site-packages/airflow/example_dags/example_skip_dag.py
[2023-06-17T02:28:58.803+0000] {processor.py:826} INFO - Processing file /home/airflow/.local/lib/python3.7/site-packages/airflow/example_dags/example_skip_dag.py for tasks to queue
[2023-06-17T02:28:58.805+0000] {logging_mixin.py:149} INFO - [2023-06-17T02:28:58.804+0000] {dagbag.py:541} INFO - Filling up the DagBag from /home/airflow/.local/lib/python3.7/site-packages/airflow/example_dags/example_skip_dag.py
[2023-06-17T02:28:58.815+0000] {processor.py:836} INFO - DAG(s) dict_keys(['example_skip_dag']) retrieved from /home/airflow/.local/lib/python3.7/site-packages/airflow/example_dags/example_skip_dag.py
[2023-06-17T02:28:58.845+0000] {logging_mixin.py:149} INFO - [2023-06-17T02:28:58.845+0000] {dag.py:2726} INFO - Sync 1 DAGs
[2023-06-17T02:28:58.886+0000] {logging_mixin.py:149} INFO - [2023-06-17T02:28:58.886+0000] {dag.py:3490} INFO - Setting next_dagrun for example_skip_dag to 2023-06-16T02:28:58.886015+00:00, run_after=2023-06-17T02:28:58.886015+00:00
[2023-06-17T02:28:58.956+0000] {processor.py:179} INFO - Processing /home/airflow/.local/lib/python3.7/site-packages/airflow/example_dags/example_skip_dag.py took 0.193 seconds
[2023-06-17T02:29:29.410+0000] {processor.py:157} INFO - Started process (PID=1353) to work on /home/airflow/.local/lib/python3.7/site-packages/airflow/example_dags/example_skip_dag.py
[2023-06-17T02:29:29.423+0000] {processor.py:826} INFO - Processing file /home/airflow/.local/lib/python3.7/site-packages/airflow/example_dags/example_skip_dag.py for tasks to queue
[2023-06-17T02:29:29.424+0000] {logging_mixin.py:149} INFO - [2023-06-17T02:29:29.424+0000] {dagbag.py:541} INFO - Filling up the DagBag from /home/airflow/.local/lib/python3.7/site-packages/airflow/example_dags/example_skip_dag.py
[2023-06-17T02:29:29.432+0000] {processor.py:836} INFO - DAG(s) dict_keys(['example_skip_dag']) retrieved from /home/airflow/.local/lib/python3.7/site-packages/airflow/example_dags/example_skip_dag.py
[2023-06-17T02:29:29.599+0000] {logging_mixin.py:149} INFO - [2023-06-17T02:29:29.599+0000] {dag.py:2726} INFO - Sync 1 DAGs
[2023-06-17T02:29:29.637+0000] {logging_mixin.py:149} INFO - [2023-06-17T02:29:29.636+0000] {dag.py:3490} INFO - Setting next_dagrun for example_skip_dag to 2023-06-16T02:29:29.636538+00:00, run_after=2023-06-17T02:29:29.636538+00:00
[2023-06-17T02:29:29.679+0000] {processor.py:179} INFO - Processing /home/airflow/.local/lib/python3.7/site-packages/airflow/example_dags/example_skip_dag.py took 0.273 seconds
[2023-06-17T02:32:28.420+0000] {processor.py:157} INFO - Started process (PID=1425) to work on /home/airflow/.local/lib/python3.7/site-packages/airflow/example_dags/example_skip_dag.py
[2023-06-17T02:32:28.488+0000] {processor.py:826} INFO - Processing file /home/airflow/.local/lib/python3.7/site-packages/airflow/example_dags/example_skip_dag.py for tasks to queue
[2023-06-17T02:32:28.488+0000] {logging_mixin.py:149} INFO - [2023-06-17T02:32:28.488+0000] {dagbag.py:541} INFO - Filling up the DagBag from /home/airflow/.local/lib/python3.7/site-packages/airflow/example_dags/example_skip_dag.py
[2023-06-17T02:32:28.494+0000] {processor.py:836} INFO - DAG(s) dict_keys(['example_skip_dag']) retrieved from /home/airflow/.local/lib/python3.7/site-packages/airflow/example_dags/example_skip_dag.py
[2023-06-17T02:32:28.519+0000] {logging_mixin.py:149} INFO - [2023-06-17T02:32:28.519+0000] {dag.py:2726} INFO - Sync 1 DAGs
[2023-06-17T02:32:28.545+0000] {logging_mixin.py:149} INFO - [2023-06-17T02:32:28.544+0000] {dag.py:3490} INFO - Setting next_dagrun for example_skip_dag to 2023-06-16T02:32:28.544759+00:00, run_after=2023-06-17T02:32:28.544759+00:00
[2023-06-17T02:32:28.691+0000] {processor.py:179} INFO - Processing /home/airflow/.local/lib/python3.7/site-packages/airflow/example_dags/example_skip_dag.py took 0.274 seconds
[2023-06-17T02:32:59.050+0000] {processor.py:157} INFO - Started process (PID=1484) to work on /home/airflow/.local/lib/python3.7/site-packages/airflow/example_dags/example_skip_dag.py
[2023-06-17T02:32:59.051+0000] {processor.py:826} INFO - Processing file /home/airflow/.local/lib/python3.7/site-packages/airflow/example_dags/example_skip_dag.py for tasks to queue
[2023-06-17T02:32:59.052+0000] {logging_mixin.py:149} INFO - [2023-06-17T02:32:59.051+0000] {dagbag.py:541} INFO - Filling up the DagBag from /home/airflow/.local/lib/python3.7/site-packages/airflow/example_dags/example_skip_dag.py
[2023-06-17T02:32:59.058+0000] {processor.py:836} INFO - DAG(s) dict_keys(['example_skip_dag']) retrieved from /home/airflow/.local/lib/python3.7/site-packages/airflow/example_dags/example_skip_dag.py
[2023-06-17T02:32:59.083+0000] {logging_mixin.py:149} INFO - [2023-06-17T02:32:59.083+0000] {dag.py:2726} INFO - Sync 1 DAGs
[2023-06-17T02:32:59.110+0000] {logging_mixin.py:149} INFO - [2023-06-17T02:32:59.110+0000] {dag.py:3490} INFO - Setting next_dagrun for example_skip_dag to 2023-06-16T02:32:59.110212+00:00, run_after=2023-06-17T02:32:59.110212+00:00
[2023-06-17T02:32:59.204+0000] {processor.py:179} INFO - Processing /home/airflow/.local/lib/python3.7/site-packages/airflow/example_dags/example_skip_dag.py took 0.156 seconds
[2023-06-17T02:33:29.365+0000] {processor.py:157} INFO - Started process (PID=1537) to work on /home/airflow/.local/lib/python3.7/site-packages/airflow/example_dags/example_skip_dag.py
[2023-06-17T02:33:29.366+0000] {processor.py:826} INFO - Processing file /home/airflow/.local/lib/python3.7/site-packages/airflow/example_dags/example_skip_dag.py for tasks to queue
[2023-06-17T02:33:29.367+0000] {logging_mixin.py:149} INFO - [2023-06-17T02:33:29.367+0000] {dagbag.py:541} INFO - Filling up the DagBag from /home/airflow/.local/lib/python3.7/site-packages/airflow/example_dags/example_skip_dag.py
[2023-06-17T02:33:29.377+0000] {processor.py:836} INFO - DAG(s) dict_keys(['example_skip_dag']) retrieved from /home/airflow/.local/lib/python3.7/site-packages/airflow/example_dags/example_skip_dag.py
[2023-06-17T02:33:29.411+0000] {logging_mixin.py:149} INFO - [2023-06-17T02:33:29.411+0000] {dag.py:2726} INFO - Sync 1 DAGs
[2023-06-17T02:33:29.458+0000] {logging_mixin.py:149} INFO - [2023-06-17T02:33:29.458+0000] {dag.py:3490} INFO - Setting next_dagrun for example_skip_dag to 2023-06-16T02:33:29.457936+00:00, run_after=2023-06-17T02:33:29.457936+00:00
[2023-06-17T02:33:29.561+0000] {processor.py:179} INFO - Processing /home/airflow/.local/lib/python3.7/site-packages/airflow/example_dags/example_skip_dag.py took 0.200 seconds
[2023-06-17T02:33:59.582+0000] {processor.py:157} INFO - Started process (PID=1598) to work on /home/airflow/.local/lib/python3.7/site-packages/airflow/example_dags/example_skip_dag.py
[2023-06-17T02:33:59.583+0000] {processor.py:826} INFO - Processing file /home/airflow/.local/lib/python3.7/site-packages/airflow/example_dags/example_skip_dag.py for tasks to queue
[2023-06-17T02:33:59.584+0000] {logging_mixin.py:149} INFO - [2023-06-17T02:33:59.583+0000] {dagbag.py:541} INFO - Filling up the DagBag from /home/airflow/.local/lib/python3.7/site-packages/airflow/example_dags/example_skip_dag.py
[2023-06-17T02:33:59.593+0000] {processor.py:836} INFO - DAG(s) dict_keys(['example_skip_dag']) retrieved from /home/airflow/.local/lib/python3.7/site-packages/airflow/example_dags/example_skip_dag.py
[2023-06-17T02:33:59.625+0000] {logging_mixin.py:149} INFO - [2023-06-17T02:33:59.625+0000] {dag.py:2726} INFO - Sync 1 DAGs
[2023-06-17T02:33:59.668+0000] {logging_mixin.py:149} INFO - [2023-06-17T02:33:59.668+0000] {dag.py:3490} INFO - Setting next_dagrun for example_skip_dag to 2023-06-16T02:33:59.667833+00:00, run_after=2023-06-17T02:33:59.667833+00:00
[2023-06-17T02:33:59.703+0000] {processor.py:179} INFO - Processing /home/airflow/.local/lib/python3.7/site-packages/airflow/example_dags/example_skip_dag.py took 0.125 seconds
[2023-06-17T02:34:29.907+0000] {processor.py:157} INFO - Started process (PID=1659) to work on /home/airflow/.local/lib/python3.7/site-packages/airflow/example_dags/example_skip_dag.py
[2023-06-17T02:34:29.907+0000] {processor.py:826} INFO - Processing file /home/airflow/.local/lib/python3.7/site-packages/airflow/example_dags/example_skip_dag.py for tasks to queue
[2023-06-17T02:34:29.908+0000] {logging_mixin.py:149} INFO - [2023-06-17T02:34:29.908+0000] {dagbag.py:541} INFO - Filling up the DagBag from /home/airflow/.local/lib/python3.7/site-packages/airflow/example_dags/example_skip_dag.py
[2023-06-17T02:34:29.916+0000] {processor.py:836} INFO - DAG(s) dict_keys(['example_skip_dag']) retrieved from /home/airflow/.local/lib/python3.7/site-packages/airflow/example_dags/example_skip_dag.py
[2023-06-17T02:34:29.948+0000] {logging_mixin.py:149} INFO - [2023-06-17T02:34:29.948+0000] {dag.py:2726} INFO - Sync 1 DAGs
[2023-06-17T02:34:29.984+0000] {logging_mixin.py:149} INFO - [2023-06-17T02:34:29.984+0000] {dag.py:3490} INFO - Setting next_dagrun for example_skip_dag to 2023-06-16T02:34:29.983894+00:00, run_after=2023-06-17T02:34:29.983894+00:00
[2023-06-17T02:34:30.015+0000] {processor.py:179} INFO - Processing /home/airflow/.local/lib/python3.7/site-packages/airflow/example_dags/example_skip_dag.py took 0.112 seconds
[2023-06-17T02:35:00.292+0000] {processor.py:157} INFO - Started process (PID=1720) to work on /home/airflow/.local/lib/python3.7/site-packages/airflow/example_dags/example_skip_dag.py
[2023-06-17T02:35:00.293+0000] {processor.py:826} INFO - Processing file /home/airflow/.local/lib/python3.7/site-packages/airflow/example_dags/example_skip_dag.py for tasks to queue
[2023-06-17T02:35:00.294+0000] {logging_mixin.py:149} INFO - [2023-06-17T02:35:00.294+0000] {dagbag.py:541} INFO - Filling up the DagBag from /home/airflow/.local/lib/python3.7/site-packages/airflow/example_dags/example_skip_dag.py
[2023-06-17T02:35:00.302+0000] {processor.py:836} INFO - DAG(s) dict_keys(['example_skip_dag']) retrieved from /home/airflow/.local/lib/python3.7/site-packages/airflow/example_dags/example_skip_dag.py
[2023-06-17T02:35:00.329+0000] {logging_mixin.py:149} INFO - [2023-06-17T02:35:00.329+0000] {dag.py:2726} INFO - Sync 1 DAGs
[2023-06-17T02:35:00.363+0000] {logging_mixin.py:149} INFO - [2023-06-17T02:35:00.363+0000] {dag.py:3490} INFO - Setting next_dagrun for example_skip_dag to 2023-06-16T02:35:00.363410+00:00, run_after=2023-06-17T02:35:00.363410+00:00
[2023-06-17T02:35:00.410+0000] {processor.py:179} INFO - Processing /home/airflow/.local/lib/python3.7/site-packages/airflow/example_dags/example_skip_dag.py took 0.121 seconds
[2023-06-17T02:35:30.554+0000] {processor.py:157} INFO - Started process (PID=1780) to work on /home/airflow/.local/lib/python3.7/site-packages/airflow/example_dags/example_skip_dag.py
[2023-06-17T02:35:30.564+0000] {processor.py:826} INFO - Processing file /home/airflow/.local/lib/python3.7/site-packages/airflow/example_dags/example_skip_dag.py for tasks to queue
[2023-06-17T02:35:30.565+0000] {logging_mixin.py:149} INFO - [2023-06-17T02:35:30.565+0000] {dagbag.py:541} INFO - Filling up the DagBag from /home/airflow/.local/lib/python3.7/site-packages/airflow/example_dags/example_skip_dag.py
[2023-06-17T02:35:30.576+0000] {processor.py:836} INFO - DAG(s) dict_keys(['example_skip_dag']) retrieved from /home/airflow/.local/lib/python3.7/site-packages/airflow/example_dags/example_skip_dag.py
[2023-06-17T02:35:30.606+0000] {logging_mixin.py:149} INFO - [2023-06-17T02:35:30.605+0000] {dag.py:2726} INFO - Sync 1 DAGs
[2023-06-17T02:35:30.643+0000] {logging_mixin.py:149} INFO - [2023-06-17T02:35:30.643+0000] {dag.py:3490} INFO - Setting next_dagrun for example_skip_dag to 2023-06-16T02:35:30.642901+00:00, run_after=2023-06-17T02:35:30.642901+00:00
[2023-06-17T02:35:30.678+0000] {processor.py:179} INFO - Processing /home/airflow/.local/lib/python3.7/site-packages/airflow/example_dags/example_skip_dag.py took 0.128 seconds
[2023-06-17T02:36:01.113+0000] {processor.py:157} INFO - Started process (PID=1841) to work on /home/airflow/.local/lib/python3.7/site-packages/airflow/example_dags/example_skip_dag.py
[2023-06-17T02:36:01.138+0000] {processor.py:826} INFO - Processing file /home/airflow/.local/lib/python3.7/site-packages/airflow/example_dags/example_skip_dag.py for tasks to queue
[2023-06-17T02:36:01.139+0000] {logging_mixin.py:149} INFO - [2023-06-17T02:36:01.138+0000] {dagbag.py:541} INFO - Filling up the DagBag from /home/airflow/.local/lib/python3.7/site-packages/airflow/example_dags/example_skip_dag.py
[2023-06-17T02:36:01.147+0000] {processor.py:836} INFO - DAG(s) dict_keys(['example_skip_dag']) retrieved from /home/airflow/.local/lib/python3.7/site-packages/airflow/example_dags/example_skip_dag.py
[2023-06-17T02:36:01.176+0000] {logging_mixin.py:149} INFO - [2023-06-17T02:36:01.176+0000] {dag.py:2726} INFO - Sync 1 DAGs
[2023-06-17T02:36:01.210+0000] {logging_mixin.py:149} INFO - [2023-06-17T02:36:01.210+0000] {dag.py:3490} INFO - Setting next_dagrun for example_skip_dag to 2023-06-16T02:36:01.209758+00:00, run_after=2023-06-17T02:36:01.209758+00:00
[2023-06-17T02:36:01.249+0000] {processor.py:179} INFO - Processing /home/airflow/.local/lib/python3.7/site-packages/airflow/example_dags/example_skip_dag.py took 0.139 seconds
[2023-06-17T02:36:31.663+0000] {processor.py:157} INFO - Started process (PID=1902) to work on /home/airflow/.local/lib/python3.7/site-packages/airflow/example_dags/example_skip_dag.py
[2023-06-17T02:36:31.677+0000] {processor.py:826} INFO - Processing file /home/airflow/.local/lib/python3.7/site-packages/airflow/example_dags/example_skip_dag.py for tasks to queue
[2023-06-17T02:36:31.677+0000] {logging_mixin.py:149} INFO - [2023-06-17T02:36:31.677+0000] {dagbag.py:541} INFO - Filling up the DagBag from /home/airflow/.local/lib/python3.7/site-packages/airflow/example_dags/example_skip_dag.py
[2023-06-17T02:36:31.686+0000] {processor.py:836} INFO - DAG(s) dict_keys(['example_skip_dag']) retrieved from /home/airflow/.local/lib/python3.7/site-packages/airflow/example_dags/example_skip_dag.py
[2023-06-17T02:36:31.719+0000] {logging_mixin.py:149} INFO - [2023-06-17T02:36:31.718+0000] {dag.py:2726} INFO - Sync 1 DAGs
[2023-06-17T02:36:31.761+0000] {logging_mixin.py:149} INFO - [2023-06-17T02:36:31.761+0000] {dag.py:3490} INFO - Setting next_dagrun for example_skip_dag to 2023-06-16T02:36:31.760878+00:00, run_after=2023-06-17T02:36:31.760878+00:00
[2023-06-17T02:36:31.797+0000] {processor.py:179} INFO - Processing /home/airflow/.local/lib/python3.7/site-packages/airflow/example_dags/example_skip_dag.py took 0.138 seconds
[2023-06-17T02:37:01.951+0000] {processor.py:157} INFO - Started process (PID=1963) to work on /home/airflow/.local/lib/python3.7/site-packages/airflow/example_dags/example_skip_dag.py
[2023-06-17T02:37:01.962+0000] {processor.py:826} INFO - Processing file /home/airflow/.local/lib/python3.7/site-packages/airflow/example_dags/example_skip_dag.py for tasks to queue
[2023-06-17T02:37:01.962+0000] {logging_mixin.py:149} INFO - [2023-06-17T02:37:01.962+0000] {dagbag.py:541} INFO - Filling up the DagBag from /home/airflow/.local/lib/python3.7/site-packages/airflow/example_dags/example_skip_dag.py
[2023-06-17T02:37:01.968+0000] {processor.py:836} INFO - DAG(s) dict_keys(['example_skip_dag']) retrieved from /home/airflow/.local/lib/python3.7/site-packages/airflow/example_dags/example_skip_dag.py
[2023-06-17T02:37:01.989+0000] {logging_mixin.py:149} INFO - [2023-06-17T02:37:01.989+0000] {dag.py:2726} INFO - Sync 1 DAGs
[2023-06-17T02:37:02.015+0000] {logging_mixin.py:149} INFO - [2023-06-17T02:37:02.015+0000] {dag.py:3490} INFO - Setting next_dagrun for example_skip_dag to 2023-06-16T02:37:02.015184+00:00, run_after=2023-06-17T02:37:02.015184+00:00
[2023-06-17T02:37:02.050+0000] {processor.py:179} INFO - Processing /home/airflow/.local/lib/python3.7/site-packages/airflow/example_dags/example_skip_dag.py took 0.101 seconds
[2023-06-17T02:37:32.939+0000] {processor.py:157} INFO - Started process (PID=2024) to work on /home/airflow/.local/lib/python3.7/site-packages/airflow/example_dags/example_skip_dag.py
[2023-06-17T02:37:32.940+0000] {processor.py:826} INFO - Processing file /home/airflow/.local/lib/python3.7/site-packages/airflow/example_dags/example_skip_dag.py for tasks to queue
[2023-06-17T02:37:32.941+0000] {logging_mixin.py:149} INFO - [2023-06-17T02:37:32.941+0000] {dagbag.py:541} INFO - Filling up the DagBag from /home/airflow/.local/lib/python3.7/site-packages/airflow/example_dags/example_skip_dag.py
[2023-06-17T02:37:32.949+0000] {processor.py:836} INFO - DAG(s) dict_keys(['example_skip_dag']) retrieved from /home/airflow/.local/lib/python3.7/site-packages/airflow/example_dags/example_skip_dag.py
[2023-06-17T02:37:32.979+0000] {logging_mixin.py:149} INFO - [2023-06-17T02:37:32.979+0000] {dag.py:2726} INFO - Sync 1 DAGs
[2023-06-17T02:37:33.016+0000] {logging_mixin.py:149} INFO - [2023-06-17T02:37:33.016+0000] {dag.py:3490} INFO - Setting next_dagrun for example_skip_dag to 2023-06-16T02:37:33.016273+00:00, run_after=2023-06-17T02:37:33.016273+00:00
[2023-06-17T02:37:33.043+0000] {processor.py:179} INFO - Processing /home/airflow/.local/lib/python3.7/site-packages/airflow/example_dags/example_skip_dag.py took 0.107 seconds
[2023-06-17T02:38:04.495+0000] {processor.py:157} INFO - Started process (PID=2085) to work on /home/airflow/.local/lib/python3.7/site-packages/airflow/example_dags/example_skip_dag.py
[2023-06-17T02:38:04.675+0000] {processor.py:826} INFO - Processing file /home/airflow/.local/lib/python3.7/site-packages/airflow/example_dags/example_skip_dag.py for tasks to queue
[2023-06-17T02:38:04.677+0000] {logging_mixin.py:149} INFO - [2023-06-17T02:38:04.676+0000] {dagbag.py:541} INFO - Filling up the DagBag from /home/airflow/.local/lib/python3.7/site-packages/airflow/example_dags/example_skip_dag.py
[2023-06-17T02:38:04.693+0000] {processor.py:836} INFO - DAG(s) dict_keys(['example_skip_dag']) retrieved from /home/airflow/.local/lib/python3.7/site-packages/airflow/example_dags/example_skip_dag.py
[2023-06-17T02:38:04.727+0000] {logging_mixin.py:149} INFO - [2023-06-17T02:38:04.727+0000] {dag.py:2726} INFO - Sync 1 DAGs
[2023-06-17T02:38:04.753+0000] {logging_mixin.py:149} INFO - [2023-06-17T02:38:04.753+0000] {dag.py:3490} INFO - Setting next_dagrun for example_skip_dag to 2023-06-16T02:38:04.753429+00:00, run_after=2023-06-17T02:38:04.753429+00:00
[2023-06-17T02:38:05.237+0000] {processor.py:179} INFO - Processing /home/airflow/.local/lib/python3.7/site-packages/airflow/example_dags/example_skip_dag.py took 0.745 seconds
[2023-06-17T03:24:57.564+0000] {processor.py:157} INFO - Started process (PID=2146) to work on /home/airflow/.local/lib/python3.7/site-packages/airflow/example_dags/example_skip_dag.py
[2023-06-17T03:24:57.720+0000] {processor.py:826} INFO - Processing file /home/airflow/.local/lib/python3.7/site-packages/airflow/example_dags/example_skip_dag.py for tasks to queue
[2023-06-17T03:24:57.721+0000] {logging_mixin.py:149} INFO - [2023-06-17T03:24:57.720+0000] {dagbag.py:541} INFO - Filling up the DagBag from /home/airflow/.local/lib/python3.7/site-packages/airflow/example_dags/example_skip_dag.py
[2023-06-17T03:24:57.730+0000] {processor.py:836} INFO - DAG(s) dict_keys(['example_skip_dag']) retrieved from /home/airflow/.local/lib/python3.7/site-packages/airflow/example_dags/example_skip_dag.py
[2023-06-17T03:24:57.767+0000] {logging_mixin.py:149} INFO - [2023-06-17T03:24:57.767+0000] {dag.py:2726} INFO - Sync 1 DAGs
[2023-06-17T03:24:57.812+0000] {logging_mixin.py:149} INFO - [2023-06-17T03:24:57.812+0000] {dag.py:3490} INFO - Setting next_dagrun for example_skip_dag to 2023-06-16T03:24:57.812393+00:00, run_after=2023-06-17T03:24:57.812393+00:00
[2023-06-17T03:24:57.995+0000] {processor.py:179} INFO - Processing /home/airflow/.local/lib/python3.7/site-packages/airflow/example_dags/example_skip_dag.py took 0.435 seconds
[2023-06-17T03:25:28.359+0000] {processor.py:157} INFO - Started process (PID=2207) to work on /home/airflow/.local/lib/python3.7/site-packages/airflow/example_dags/example_skip_dag.py
[2023-06-17T03:25:28.360+0000] {processor.py:826} INFO - Processing file /home/airflow/.local/lib/python3.7/site-packages/airflow/example_dags/example_skip_dag.py for tasks to queue
[2023-06-17T03:25:28.361+0000] {logging_mixin.py:149} INFO - [2023-06-17T03:25:28.361+0000] {dagbag.py:541} INFO - Filling up the DagBag from /home/airflow/.local/lib/python3.7/site-packages/airflow/example_dags/example_skip_dag.py
[2023-06-17T03:25:28.373+0000] {processor.py:836} INFO - DAG(s) dict_keys(['example_skip_dag']) retrieved from /home/airflow/.local/lib/python3.7/site-packages/airflow/example_dags/example_skip_dag.py
[2023-06-17T03:25:28.425+0000] {logging_mixin.py:149} INFO - [2023-06-17T03:25:28.425+0000] {dag.py:2726} INFO - Sync 1 DAGs
[2023-06-17T03:25:28.491+0000] {logging_mixin.py:149} INFO - [2023-06-17T03:25:28.490+0000] {dag.py:3490} INFO - Setting next_dagrun for example_skip_dag to 2023-06-16T03:25:28.490426+00:00, run_after=2023-06-17T03:25:28.490426+00:00
[2023-06-17T03:25:28.550+0000] {processor.py:179} INFO - Processing /home/airflow/.local/lib/python3.7/site-packages/airflow/example_dags/example_skip_dag.py took 0.196 seconds
[2023-06-17T03:36:02.923+0000] {processor.py:157} INFO - Started process (PID=90) to work on /home/airflow/.local/lib/python3.7/site-packages/airflow/example_dags/example_skip_dag.py
[2023-06-17T03:36:02.965+0000] {processor.py:826} INFO - Processing file /home/airflow/.local/lib/python3.7/site-packages/airflow/example_dags/example_skip_dag.py for tasks to queue
[2023-06-17T03:36:02.966+0000] {logging_mixin.py:149} INFO - [2023-06-17T03:36:02.966+0000] {dagbag.py:541} INFO - Filling up the DagBag from /home/airflow/.local/lib/python3.7/site-packages/airflow/example_dags/example_skip_dag.py
[2023-06-17T03:36:02.975+0000] {processor.py:836} INFO - DAG(s) dict_keys(['example_skip_dag']) retrieved from /home/airflow/.local/lib/python3.7/site-packages/airflow/example_dags/example_skip_dag.py
[2023-06-17T03:36:03.012+0000] {logging_mixin.py:149} INFO - [2023-06-17T03:36:03.012+0000] {dag.py:2726} INFO - Sync 1 DAGs
[2023-06-17T03:36:03.064+0000] {logging_mixin.py:149} INFO - [2023-06-17T03:36:03.064+0000] {dag.py:3490} INFO - Setting next_dagrun for example_skip_dag to 2023-06-16T03:36:03.064265+00:00, run_after=2023-06-17T03:36:03.064265+00:00
[2023-06-17T03:36:03.141+0000] {processor.py:179} INFO - Processing /home/airflow/.local/lib/python3.7/site-packages/airflow/example_dags/example_skip_dag.py took 0.222 seconds
[2023-06-17T03:36:35.721+0000] {processor.py:157} INFO - Started process (PID=151) to work on /home/airflow/.local/lib/python3.7/site-packages/airflow/example_dags/example_skip_dag.py
[2023-06-17T03:36:35.860+0000] {processor.py:826} INFO - Processing file /home/airflow/.local/lib/python3.7/site-packages/airflow/example_dags/example_skip_dag.py for tasks to queue
[2023-06-17T03:36:35.917+0000] {logging_mixin.py:149} INFO - [2023-06-17T03:36:35.917+0000] {dagbag.py:541} INFO - Filling up the DagBag from /home/airflow/.local/lib/python3.7/site-packages/airflow/example_dags/example_skip_dag.py
[2023-06-17T03:36:35.940+0000] {processor.py:836} INFO - DAG(s) dict_keys(['example_skip_dag']) retrieved from /home/airflow/.local/lib/python3.7/site-packages/airflow/example_dags/example_skip_dag.py
[2023-06-17T03:36:35.980+0000] {logging_mixin.py:149} INFO - [2023-06-17T03:36:35.980+0000] {dag.py:2726} INFO - Sync 1 DAGs
[2023-06-17T03:36:36.008+0000] {logging_mixin.py:149} INFO - [2023-06-17T03:36:36.007+0000] {dag.py:3490} INFO - Setting next_dagrun for example_skip_dag to 2023-06-16T03:36:36.007548+00:00, run_after=2023-06-17T03:36:36.007548+00:00
[2023-06-17T03:36:36.177+0000] {processor.py:179} INFO - Processing /home/airflow/.local/lib/python3.7/site-packages/airflow/example_dags/example_skip_dag.py took 0.460 seconds
[2023-06-17T03:37:06.786+0000] {processor.py:157} INFO - Started process (PID=213) to work on /home/airflow/.local/lib/python3.7/site-packages/airflow/example_dags/example_skip_dag.py
[2023-06-17T03:37:06.792+0000] {processor.py:826} INFO - Processing file /home/airflow/.local/lib/python3.7/site-packages/airflow/example_dags/example_skip_dag.py for tasks to queue
[2023-06-17T03:37:06.818+0000] {logging_mixin.py:149} INFO - [2023-06-17T03:37:06.818+0000] {dagbag.py:541} INFO - Filling up the DagBag from /home/airflow/.local/lib/python3.7/site-packages/airflow/example_dags/example_skip_dag.py
[2023-06-17T03:37:06.825+0000] {processor.py:836} INFO - DAG(s) dict_keys(['example_skip_dag']) retrieved from /home/airflow/.local/lib/python3.7/site-packages/airflow/example_dags/example_skip_dag.py
[2023-06-17T03:37:06.859+0000] {logging_mixin.py:149} INFO - [2023-06-17T03:37:06.859+0000] {dag.py:2726} INFO - Sync 1 DAGs
[2023-06-17T03:37:07.004+0000] {logging_mixin.py:149} INFO - [2023-06-17T03:37:07.004+0000] {dag.py:3490} INFO - Setting next_dagrun for example_skip_dag to 2023-06-16T03:37:07.003823+00:00, run_after=2023-06-17T03:37:07.003823+00:00
[2023-06-17T03:37:07.096+0000] {processor.py:179} INFO - Processing /home/airflow/.local/lib/python3.7/site-packages/airflow/example_dags/example_skip_dag.py took 0.313 seconds
[2023-06-17T03:37:37.331+0000] {processor.py:157} INFO - Started process (PID=274) to work on /home/airflow/.local/lib/python3.7/site-packages/airflow/example_dags/example_skip_dag.py
[2023-06-17T03:37:37.332+0000] {processor.py:826} INFO - Processing file /home/airflow/.local/lib/python3.7/site-packages/airflow/example_dags/example_skip_dag.py for tasks to queue
[2023-06-17T03:37:37.333+0000] {logging_mixin.py:149} INFO - [2023-06-17T03:37:37.333+0000] {dagbag.py:541} INFO - Filling up the DagBag from /home/airflow/.local/lib/python3.7/site-packages/airflow/example_dags/example_skip_dag.py
[2023-06-17T03:37:37.344+0000] {processor.py:836} INFO - DAG(s) dict_keys(['example_skip_dag']) retrieved from /home/airflow/.local/lib/python3.7/site-packages/airflow/example_dags/example_skip_dag.py
[2023-06-17T03:37:37.387+0000] {logging_mixin.py:149} INFO - [2023-06-17T03:37:37.387+0000] {dag.py:2726} INFO - Sync 1 DAGs
[2023-06-17T03:37:37.438+0000] {logging_mixin.py:149} INFO - [2023-06-17T03:37:37.437+0000] {dag.py:3490} INFO - Setting next_dagrun for example_skip_dag to 2023-06-16T03:37:37.437549+00:00, run_after=2023-06-17T03:37:37.437549+00:00
[2023-06-17T03:37:37.477+0000] {processor.py:179} INFO - Processing /home/airflow/.local/lib/python3.7/site-packages/airflow/example_dags/example_skip_dag.py took 0.152 seconds
[2023-06-17T03:38:07.905+0000] {processor.py:157} INFO - Started process (PID=335) to work on /home/airflow/.local/lib/python3.7/site-packages/airflow/example_dags/example_skip_dag.py
[2023-06-17T03:38:07.973+0000] {processor.py:826} INFO - Processing file /home/airflow/.local/lib/python3.7/site-packages/airflow/example_dags/example_skip_dag.py for tasks to queue
[2023-06-17T03:38:07.974+0000] {logging_mixin.py:149} INFO - [2023-06-17T03:38:07.974+0000] {dagbag.py:541} INFO - Filling up the DagBag from /home/airflow/.local/lib/python3.7/site-packages/airflow/example_dags/example_skip_dag.py
[2023-06-17T03:38:07.981+0000] {processor.py:836} INFO - DAG(s) dict_keys(['example_skip_dag']) retrieved from /home/airflow/.local/lib/python3.7/site-packages/airflow/example_dags/example_skip_dag.py
[2023-06-17T03:38:08.011+0000] {logging_mixin.py:149} INFO - [2023-06-17T03:38:08.010+0000] {dag.py:2726} INFO - Sync 1 DAGs
[2023-06-17T03:38:08.046+0000] {logging_mixin.py:149} INFO - [2023-06-17T03:38:08.046+0000] {dag.py:3490} INFO - Setting next_dagrun for example_skip_dag to 2023-06-16T03:38:08.045986+00:00, run_after=2023-06-17T03:38:08.045986+00:00
[2023-06-17T03:38:08.083+0000] {processor.py:179} INFO - Processing /home/airflow/.local/lib/python3.7/site-packages/airflow/example_dags/example_skip_dag.py took 0.181 seconds
[2023-06-17T03:38:38.820+0000] {processor.py:157} INFO - Started process (PID=396) to work on /home/airflow/.local/lib/python3.7/site-packages/airflow/example_dags/example_skip_dag.py
[2023-06-17T03:38:38.821+0000] {processor.py:826} INFO - Processing file /home/airflow/.local/lib/python3.7/site-packages/airflow/example_dags/example_skip_dag.py for tasks to queue
[2023-06-17T03:38:38.821+0000] {logging_mixin.py:149} INFO - [2023-06-17T03:38:38.821+0000] {dagbag.py:541} INFO - Filling up the DagBag from /home/airflow/.local/lib/python3.7/site-packages/airflow/example_dags/example_skip_dag.py
[2023-06-17T03:38:38.829+0000] {processor.py:836} INFO - DAG(s) dict_keys(['example_skip_dag']) retrieved from /home/airflow/.local/lib/python3.7/site-packages/airflow/example_dags/example_skip_dag.py
[2023-06-17T03:38:38.878+0000] {logging_mixin.py:149} INFO - [2023-06-17T03:38:38.877+0000] {dag.py:2726} INFO - Sync 1 DAGs
[2023-06-17T03:38:38.926+0000] {logging_mixin.py:149} INFO - [2023-06-17T03:38:38.926+0000] {dag.py:3490} INFO - Setting next_dagrun for example_skip_dag to 2023-06-16T03:38:38.926267+00:00, run_after=2023-06-17T03:38:38.926267+00:00
[2023-06-17T03:38:38.984+0000] {processor.py:179} INFO - Processing /home/airflow/.local/lib/python3.7/site-packages/airflow/example_dags/example_skip_dag.py took 0.166 seconds
[2023-06-17T03:39:09.770+0000] {processor.py:157} INFO - Started process (PID=457) to work on /home/airflow/.local/lib/python3.7/site-packages/airflow/example_dags/example_skip_dag.py
[2023-06-17T03:39:09.786+0000] {processor.py:826} INFO - Processing file /home/airflow/.local/lib/python3.7/site-packages/airflow/example_dags/example_skip_dag.py for tasks to queue
[2023-06-17T03:39:09.786+0000] {logging_mixin.py:149} INFO - [2023-06-17T03:39:09.786+0000] {dagbag.py:541} INFO - Filling up the DagBag from /home/airflow/.local/lib/python3.7/site-packages/airflow/example_dags/example_skip_dag.py
[2023-06-17T03:39:09.793+0000] {processor.py:836} INFO - DAG(s) dict_keys(['example_skip_dag']) retrieved from /home/airflow/.local/lib/python3.7/site-packages/airflow/example_dags/example_skip_dag.py
[2023-06-17T03:39:09.816+0000] {logging_mixin.py:149} INFO - [2023-06-17T03:39:09.816+0000] {dag.py:2726} INFO - Sync 1 DAGs
[2023-06-17T03:39:09.843+0000] {logging_mixin.py:149} INFO - [2023-06-17T03:39:09.842+0000] {dag.py:3490} INFO - Setting next_dagrun for example_skip_dag to 2023-06-16T03:39:09.842565+00:00, run_after=2023-06-17T03:39:09.842565+00:00
[2023-06-17T03:39:09.877+0000] {processor.py:179} INFO - Processing /home/airflow/.local/lib/python3.7/site-packages/airflow/example_dags/example_skip_dag.py took 0.109 seconds
[2023-06-17T03:39:40.129+0000] {processor.py:157} INFO - Started process (PID=518) to work on /home/airflow/.local/lib/python3.7/site-packages/airflow/example_dags/example_skip_dag.py
[2023-06-17T03:39:40.129+0000] {processor.py:826} INFO - Processing file /home/airflow/.local/lib/python3.7/site-packages/airflow/example_dags/example_skip_dag.py for tasks to queue
[2023-06-17T03:39:40.130+0000] {logging_mixin.py:149} INFO - [2023-06-17T03:39:40.130+0000] {dagbag.py:541} INFO - Filling up the DagBag from /home/airflow/.local/lib/python3.7/site-packages/airflow/example_dags/example_skip_dag.py
[2023-06-17T03:39:40.136+0000] {processor.py:836} INFO - DAG(s) dict_keys(['example_skip_dag']) retrieved from /home/airflow/.local/lib/python3.7/site-packages/airflow/example_dags/example_skip_dag.py
[2023-06-17T03:39:40.157+0000] {logging_mixin.py:149} INFO - [2023-06-17T03:39:40.157+0000] {dag.py:2726} INFO - Sync 1 DAGs
[2023-06-17T03:39:40.184+0000] {logging_mixin.py:149} INFO - [2023-06-17T03:39:40.184+0000] {dag.py:3490} INFO - Setting next_dagrun for example_skip_dag to 2023-06-16T03:39:40.183850+00:00, run_after=2023-06-17T03:39:40.183850+00:00
[2023-06-17T03:39:40.209+0000] {processor.py:179} INFO - Processing /home/airflow/.local/lib/python3.7/site-packages/airflow/example_dags/example_skip_dag.py took 0.083 seconds
[2023-06-17T03:40:10.284+0000] {processor.py:157} INFO - Started process (PID=579) to work on /home/airflow/.local/lib/python3.7/site-packages/airflow/example_dags/example_skip_dag.py
[2023-06-17T03:40:10.291+0000] {processor.py:826} INFO - Processing file /home/airflow/.local/lib/python3.7/site-packages/airflow/example_dags/example_skip_dag.py for tasks to queue
[2023-06-17T03:40:10.292+0000] {logging_mixin.py:149} INFO - [2023-06-17T03:40:10.292+0000] {dagbag.py:541} INFO - Filling up the DagBag from /home/airflow/.local/lib/python3.7/site-packages/airflow/example_dags/example_skip_dag.py
[2023-06-17T03:40:10.298+0000] {processor.py:836} INFO - DAG(s) dict_keys(['example_skip_dag']) retrieved from /home/airflow/.local/lib/python3.7/site-packages/airflow/example_dags/example_skip_dag.py
[2023-06-17T03:40:10.321+0000] {logging_mixin.py:149} INFO - [2023-06-17T03:40:10.321+0000] {dag.py:2726} INFO - Sync 1 DAGs
[2023-06-17T03:40:10.347+0000] {logging_mixin.py:149} INFO - [2023-06-17T03:40:10.347+0000] {dag.py:3490} INFO - Setting next_dagrun for example_skip_dag to 2023-06-16T03:40:10.347175+00:00, run_after=2023-06-17T03:40:10.347175+00:00
[2023-06-17T03:40:10.379+0000] {processor.py:179} INFO - Processing /home/airflow/.local/lib/python3.7/site-packages/airflow/example_dags/example_skip_dag.py took 0.097 seconds
[2023-06-17T03:40:40.799+0000] {processor.py:157} INFO - Started process (PID=641) to work on /home/airflow/.local/lib/python3.7/site-packages/airflow/example_dags/example_skip_dag.py
[2023-06-17T03:40:40.814+0000] {processor.py:826} INFO - Processing file /home/airflow/.local/lib/python3.7/site-packages/airflow/example_dags/example_skip_dag.py for tasks to queue
[2023-06-17T03:40:40.815+0000] {logging_mixin.py:149} INFO - [2023-06-17T03:40:40.815+0000] {dagbag.py:541} INFO - Filling up the DagBag from /home/airflow/.local/lib/python3.7/site-packages/airflow/example_dags/example_skip_dag.py
[2023-06-17T03:40:40.821+0000] {processor.py:836} INFO - DAG(s) dict_keys(['example_skip_dag']) retrieved from /home/airflow/.local/lib/python3.7/site-packages/airflow/example_dags/example_skip_dag.py
[2023-06-17T03:40:40.844+0000] {logging_mixin.py:149} INFO - [2023-06-17T03:40:40.844+0000] {dag.py:2726} INFO - Sync 1 DAGs
[2023-06-17T03:40:40.876+0000] {logging_mixin.py:149} INFO - [2023-06-17T03:40:40.876+0000] {dag.py:3490} INFO - Setting next_dagrun for example_skip_dag to 2023-06-16T03:40:40.876285+00:00, run_after=2023-06-17T03:40:40.876285+00:00
[2023-06-17T03:40:40.904+0000] {processor.py:179} INFO - Processing /home/airflow/.local/lib/python3.7/site-packages/airflow/example_dags/example_skip_dag.py took 0.108 seconds
[2023-06-17T03:41:11.340+0000] {processor.py:157} INFO - Started process (PID=702) to work on /home/airflow/.local/lib/python3.7/site-packages/airflow/example_dags/example_skip_dag.py
[2023-06-17T03:41:11.346+0000] {processor.py:826} INFO - Processing file /home/airflow/.local/lib/python3.7/site-packages/airflow/example_dags/example_skip_dag.py for tasks to queue
[2023-06-17T03:41:11.347+0000] {logging_mixin.py:149} INFO - [2023-06-17T03:41:11.347+0000] {dagbag.py:541} INFO - Filling up the DagBag from /home/airflow/.local/lib/python3.7/site-packages/airflow/example_dags/example_skip_dag.py
[2023-06-17T03:41:11.355+0000] {processor.py:836} INFO - DAG(s) dict_keys(['example_skip_dag']) retrieved from /home/airflow/.local/lib/python3.7/site-packages/airflow/example_dags/example_skip_dag.py
[2023-06-17T03:41:11.395+0000] {logging_mixin.py:149} INFO - [2023-06-17T03:41:11.395+0000] {dag.py:2726} INFO - Sync 1 DAGs
[2023-06-17T03:41:11.444+0000] {logging_mixin.py:149} INFO - [2023-06-17T03:41:11.444+0000] {dag.py:3490} INFO - Setting next_dagrun for example_skip_dag to 2023-06-16T03:41:11.443851+00:00, run_after=2023-06-17T03:41:11.443851+00:00
[2023-06-17T03:41:11.489+0000] {processor.py:179} INFO - Processing /home/airflow/.local/lib/python3.7/site-packages/airflow/example_dags/example_skip_dag.py took 0.154 seconds
[2023-06-17T03:41:42.281+0000] {processor.py:157} INFO - Started process (PID=763) to work on /home/airflow/.local/lib/python3.7/site-packages/airflow/example_dags/example_skip_dag.py
[2023-06-17T03:41:42.288+0000] {processor.py:826} INFO - Processing file /home/airflow/.local/lib/python3.7/site-packages/airflow/example_dags/example_skip_dag.py for tasks to queue
[2023-06-17T03:41:42.289+0000] {logging_mixin.py:149} INFO - [2023-06-17T03:41:42.289+0000] {dagbag.py:541} INFO - Filling up the DagBag from /home/airflow/.local/lib/python3.7/site-packages/airflow/example_dags/example_skip_dag.py
[2023-06-17T03:41:42.295+0000] {processor.py:836} INFO - DAG(s) dict_keys(['example_skip_dag']) retrieved from /home/airflow/.local/lib/python3.7/site-packages/airflow/example_dags/example_skip_dag.py
[2023-06-17T03:41:42.321+0000] {logging_mixin.py:149} INFO - [2023-06-17T03:41:42.321+0000] {dag.py:2726} INFO - Sync 1 DAGs
[2023-06-17T03:41:42.349+0000] {logging_mixin.py:149} INFO - [2023-06-17T03:41:42.349+0000] {dag.py:3490} INFO - Setting next_dagrun for example_skip_dag to 2023-06-16T03:41:42.348803+00:00, run_after=2023-06-17T03:41:42.348803+00:00
[2023-06-17T03:41:42.375+0000] {processor.py:179} INFO - Processing /home/airflow/.local/lib/python3.7/site-packages/airflow/example_dags/example_skip_dag.py took 0.097 seconds
[2023-06-17T03:42:13.302+0000] {processor.py:157} INFO - Started process (PID=824) to work on /home/airflow/.local/lib/python3.7/site-packages/airflow/example_dags/example_skip_dag.py
[2023-06-17T03:42:13.305+0000] {processor.py:826} INFO - Processing file /home/airflow/.local/lib/python3.7/site-packages/airflow/example_dags/example_skip_dag.py for tasks to queue
[2023-06-17T03:42:13.305+0000] {logging_mixin.py:149} INFO - [2023-06-17T03:42:13.305+0000] {dagbag.py:541} INFO - Filling up the DagBag from /home/airflow/.local/lib/python3.7/site-packages/airflow/example_dags/example_skip_dag.py
[2023-06-17T03:42:13.312+0000] {processor.py:836} INFO - DAG(s) dict_keys(['example_skip_dag']) retrieved from /home/airflow/.local/lib/python3.7/site-packages/airflow/example_dags/example_skip_dag.py
[2023-06-17T03:42:13.335+0000] {logging_mixin.py:149} INFO - [2023-06-17T03:42:13.335+0000] {dag.py:2726} INFO - Sync 1 DAGs
[2023-06-17T03:42:13.364+0000] {logging_mixin.py:149} INFO - [2023-06-17T03:42:13.364+0000] {dag.py:3490} INFO - Setting next_dagrun for example_skip_dag to 2023-06-16T03:42:13.364078+00:00, run_after=2023-06-17T03:42:13.364078+00:00
[2023-06-17T03:42:13.398+0000] {processor.py:179} INFO - Processing /home/airflow/.local/lib/python3.7/site-packages/airflow/example_dags/example_skip_dag.py took 0.099 seconds
[2023-06-17T03:42:44.113+0000] {processor.py:157} INFO - Started process (PID=885) to work on /home/airflow/.local/lib/python3.7/site-packages/airflow/example_dags/example_skip_dag.py
[2023-06-17T03:42:44.125+0000] {processor.py:826} INFO - Processing file /home/airflow/.local/lib/python3.7/site-packages/airflow/example_dags/example_skip_dag.py for tasks to queue
[2023-06-17T03:42:44.126+0000] {logging_mixin.py:149} INFO - [2023-06-17T03:42:44.126+0000] {dagbag.py:541} INFO - Filling up the DagBag from /home/airflow/.local/lib/python3.7/site-packages/airflow/example_dags/example_skip_dag.py
[2023-06-17T03:42:44.132+0000] {processor.py:836} INFO - DAG(s) dict_keys(['example_skip_dag']) retrieved from /home/airflow/.local/lib/python3.7/site-packages/airflow/example_dags/example_skip_dag.py
[2023-06-17T03:42:44.155+0000] {logging_mixin.py:149} INFO - [2023-06-17T03:42:44.155+0000] {dag.py:2726} INFO - Sync 1 DAGs
[2023-06-17T03:42:44.186+0000] {logging_mixin.py:149} INFO - [2023-06-17T03:42:44.186+0000] {dag.py:3490} INFO - Setting next_dagrun for example_skip_dag to 2023-06-16T03:42:44.185916+00:00, run_after=2023-06-17T03:42:44.185916+00:00
[2023-06-17T03:42:44.220+0000] {processor.py:179} INFO - Processing /home/airflow/.local/lib/python3.7/site-packages/airflow/example_dags/example_skip_dag.py took 0.110 seconds
[2023-06-17T03:43:14.655+0000] {processor.py:157} INFO - Started process (PID=946) to work on /home/airflow/.local/lib/python3.7/site-packages/airflow/example_dags/example_skip_dag.py
[2023-06-17T03:43:14.665+0000] {processor.py:826} INFO - Processing file /home/airflow/.local/lib/python3.7/site-packages/airflow/example_dags/example_skip_dag.py for tasks to queue
[2023-06-17T03:43:14.666+0000] {logging_mixin.py:149} INFO - [2023-06-17T03:43:14.665+0000] {dagbag.py:541} INFO - Filling up the DagBag from /home/airflow/.local/lib/python3.7/site-packages/airflow/example_dags/example_skip_dag.py
[2023-06-17T03:43:14.672+0000] {processor.py:836} INFO - DAG(s) dict_keys(['example_skip_dag']) retrieved from /home/airflow/.local/lib/python3.7/site-packages/airflow/example_dags/example_skip_dag.py
[2023-06-17T03:43:14.695+0000] {logging_mixin.py:149} INFO - [2023-06-17T03:43:14.695+0000] {dag.py:2726} INFO - Sync 1 DAGs
[2023-06-17T03:43:14.723+0000] {logging_mixin.py:149} INFO - [2023-06-17T03:43:14.723+0000] {dag.py:3490} INFO - Setting next_dagrun for example_skip_dag to 2023-06-16T03:43:14.723587+00:00, run_after=2023-06-17T03:43:14.723587+00:00
[2023-06-17T03:43:14.749+0000] {processor.py:179} INFO - Processing /home/airflow/.local/lib/python3.7/site-packages/airflow/example_dags/example_skip_dag.py took 0.096 seconds
[2023-06-17T03:43:45.241+0000] {processor.py:157} INFO - Started process (PID=1007) to work on /home/airflow/.local/lib/python3.7/site-packages/airflow/example_dags/example_skip_dag.py
[2023-06-17T03:43:45.244+0000] {processor.py:826} INFO - Processing file /home/airflow/.local/lib/python3.7/site-packages/airflow/example_dags/example_skip_dag.py for tasks to queue
[2023-06-17T03:43:45.245+0000] {logging_mixin.py:149} INFO - [2023-06-17T03:43:45.244+0000] {dagbag.py:541} INFO - Filling up the DagBag from /home/airflow/.local/lib/python3.7/site-packages/airflow/example_dags/example_skip_dag.py
[2023-06-17T03:43:45.251+0000] {processor.py:836} INFO - DAG(s) dict_keys(['example_skip_dag']) retrieved from /home/airflow/.local/lib/python3.7/site-packages/airflow/example_dags/example_skip_dag.py
[2023-06-17T03:43:45.274+0000] {logging_mixin.py:149} INFO - [2023-06-17T03:43:45.274+0000] {dag.py:2726} INFO - Sync 1 DAGs
[2023-06-17T03:43:45.302+0000] {logging_mixin.py:149} INFO - [2023-06-17T03:43:45.302+0000] {dag.py:3490} INFO - Setting next_dagrun for example_skip_dag to 2023-06-16T03:43:45.302197+00:00, run_after=2023-06-17T03:43:45.302197+00:00
[2023-06-17T03:43:45.327+0000] {processor.py:179} INFO - Processing /home/airflow/.local/lib/python3.7/site-packages/airflow/example_dags/example_skip_dag.py took 0.088 seconds
[2023-06-17T03:44:15.740+0000] {processor.py:157} INFO - Started process (PID=1068) to work on /home/airflow/.local/lib/python3.7/site-packages/airflow/example_dags/example_skip_dag.py
[2023-06-17T03:44:15.746+0000] {processor.py:826} INFO - Processing file /home/airflow/.local/lib/python3.7/site-packages/airflow/example_dags/example_skip_dag.py for tasks to queue
[2023-06-17T03:44:15.747+0000] {logging_mixin.py:149} INFO - [2023-06-17T03:44:15.747+0000] {dagbag.py:541} INFO - Filling up the DagBag from /home/airflow/.local/lib/python3.7/site-packages/airflow/example_dags/example_skip_dag.py
[2023-06-17T03:44:15.756+0000] {processor.py:836} INFO - DAG(s) dict_keys(['example_skip_dag']) retrieved from /home/airflow/.local/lib/python3.7/site-packages/airflow/example_dags/example_skip_dag.py
[2023-06-17T03:44:15.785+0000] {logging_mixin.py:149} INFO - [2023-06-17T03:44:15.785+0000] {dag.py:2726} INFO - Sync 1 DAGs
[2023-06-17T03:44:15.828+0000] {logging_mixin.py:149} INFO - [2023-06-17T03:44:15.827+0000] {dag.py:3490} INFO - Setting next_dagrun for example_skip_dag to 2023-06-16T03:44:15.827693+00:00, run_after=2023-06-17T03:44:15.827693+00:00
[2023-06-17T03:44:15.865+0000] {processor.py:179} INFO - Processing /home/airflow/.local/lib/python3.7/site-packages/airflow/example_dags/example_skip_dag.py took 0.129 seconds
[2023-06-17T03:44:45.931+0000] {processor.py:157} INFO - Started process (PID=1129) to work on /home/airflow/.local/lib/python3.7/site-packages/airflow/example_dags/example_skip_dag.py
[2023-06-17T03:44:45.931+0000] {processor.py:826} INFO - Processing file /home/airflow/.local/lib/python3.7/site-packages/airflow/example_dags/example_skip_dag.py for tasks to queue
[2023-06-17T03:44:45.932+0000] {logging_mixin.py:149} INFO - [2023-06-17T03:44:45.932+0000] {dagbag.py:541} INFO - Filling up the DagBag from /home/airflow/.local/lib/python3.7/site-packages/airflow/example_dags/example_skip_dag.py
[2023-06-17T03:44:45.938+0000] {processor.py:836} INFO - DAG(s) dict_keys(['example_skip_dag']) retrieved from /home/airflow/.local/lib/python3.7/site-packages/airflow/example_dags/example_skip_dag.py
[2023-06-17T03:44:45.966+0000] {logging_mixin.py:149} INFO - [2023-06-17T03:44:45.966+0000] {dag.py:2726} INFO - Sync 1 DAGs
[2023-06-17T03:44:45.994+0000] {logging_mixin.py:149} INFO - [2023-06-17T03:44:45.994+0000] {dag.py:3490} INFO - Setting next_dagrun for example_skip_dag to 2023-06-16T03:44:45.993999+00:00, run_after=2023-06-17T03:44:45.993999+00:00
[2023-06-17T03:44:46.025+0000] {processor.py:179} INFO - Processing /home/airflow/.local/lib/python3.7/site-packages/airflow/example_dags/example_skip_dag.py took 0.097 seconds
[2023-06-17T03:45:16.555+0000] {processor.py:157} INFO - Started process (PID=1190) to work on /home/airflow/.local/lib/python3.7/site-packages/airflow/example_dags/example_skip_dag.py
[2023-06-17T03:45:16.556+0000] {processor.py:826} INFO - Processing file /home/airflow/.local/lib/python3.7/site-packages/airflow/example_dags/example_skip_dag.py for tasks to queue
[2023-06-17T03:45:16.557+0000] {logging_mixin.py:149} INFO - [2023-06-17T03:45:16.557+0000] {dagbag.py:541} INFO - Filling up the DagBag from /home/airflow/.local/lib/python3.7/site-packages/airflow/example_dags/example_skip_dag.py
[2023-06-17T03:45:16.566+0000] {processor.py:836} INFO - DAG(s) dict_keys(['example_skip_dag']) retrieved from /home/airflow/.local/lib/python3.7/site-packages/airflow/example_dags/example_skip_dag.py
[2023-06-17T03:45:16.596+0000] {logging_mixin.py:149} INFO - [2023-06-17T03:45:16.596+0000] {dag.py:2726} INFO - Sync 1 DAGs
[2023-06-17T03:45:16.634+0000] {logging_mixin.py:149} INFO - [2023-06-17T03:45:16.634+0000] {dag.py:3490} INFO - Setting next_dagrun for example_skip_dag to 2023-06-16T03:45:16.634408+00:00, run_after=2023-06-17T03:45:16.634408+00:00
[2023-06-17T03:45:16.669+0000] {processor.py:179} INFO - Processing /home/airflow/.local/lib/python3.7/site-packages/airflow/example_dags/example_skip_dag.py took 0.117 seconds
[2023-06-17T03:45:46.828+0000] {processor.py:157} INFO - Started process (PID=1251) to work on /home/airflow/.local/lib/python3.7/site-packages/airflow/example_dags/example_skip_dag.py
[2023-06-17T03:45:46.829+0000] {processor.py:826} INFO - Processing file /home/airflow/.local/lib/python3.7/site-packages/airflow/example_dags/example_skip_dag.py for tasks to queue
[2023-06-17T03:45:46.830+0000] {logging_mixin.py:149} INFO - [2023-06-17T03:45:46.830+0000] {dagbag.py:541} INFO - Filling up the DagBag from /home/airflow/.local/lib/python3.7/site-packages/airflow/example_dags/example_skip_dag.py
[2023-06-17T03:45:46.837+0000] {processor.py:836} INFO - DAG(s) dict_keys(['example_skip_dag']) retrieved from /home/airflow/.local/lib/python3.7/site-packages/airflow/example_dags/example_skip_dag.py
[2023-06-17T03:45:46.862+0000] {logging_mixin.py:149} INFO - [2023-06-17T03:45:46.862+0000] {dag.py:2726} INFO - Sync 1 DAGs
[2023-06-17T03:45:46.888+0000] {logging_mixin.py:149} INFO - [2023-06-17T03:45:46.888+0000] {dag.py:3490} INFO - Setting next_dagrun for example_skip_dag to 2023-06-16T03:45:46.888601+00:00, run_after=2023-06-17T03:45:46.888601+00:00
[2023-06-17T03:45:46.919+0000] {processor.py:179} INFO - Processing /home/airflow/.local/lib/python3.7/site-packages/airflow/example_dags/example_skip_dag.py took 0.093 seconds
[2023-06-17T03:46:17.689+0000] {processor.py:157} INFO - Started process (PID=1312) to work on /home/airflow/.local/lib/python3.7/site-packages/airflow/example_dags/example_skip_dag.py
[2023-06-17T03:46:17.690+0000] {processor.py:826} INFO - Processing file /home/airflow/.local/lib/python3.7/site-packages/airflow/example_dags/example_skip_dag.py for tasks to queue
[2023-06-17T03:46:17.690+0000] {logging_mixin.py:149} INFO - [2023-06-17T03:46:17.690+0000] {dagbag.py:541} INFO - Filling up the DagBag from /home/airflow/.local/lib/python3.7/site-packages/airflow/example_dags/example_skip_dag.py
[2023-06-17T03:46:17.696+0000] {processor.py:836} INFO - DAG(s) dict_keys(['example_skip_dag']) retrieved from /home/airflow/.local/lib/python3.7/site-packages/airflow/example_dags/example_skip_dag.py
[2023-06-17T03:46:17.724+0000] {logging_mixin.py:149} INFO - [2023-06-17T03:46:17.724+0000] {dag.py:2726} INFO - Sync 1 DAGs
[2023-06-17T03:46:17.756+0000] {logging_mixin.py:149} INFO - [2023-06-17T03:46:17.756+0000] {dag.py:3490} INFO - Setting next_dagrun for example_skip_dag to 2023-06-16T03:46:17.755810+00:00, run_after=2023-06-17T03:46:17.755810+00:00
[2023-06-17T03:46:17.789+0000] {processor.py:179} INFO - Processing /home/airflow/.local/lib/python3.7/site-packages/airflow/example_dags/example_skip_dag.py took 0.102 seconds
[2023-06-17T03:46:49.000+0000] {processor.py:157} INFO - Started process (PID=1373) to work on /home/airflow/.local/lib/python3.7/site-packages/airflow/example_dags/example_skip_dag.py
[2023-06-17T03:46:49.028+0000] {processor.py:826} INFO - Processing file /home/airflow/.local/lib/python3.7/site-packages/airflow/example_dags/example_skip_dag.py for tasks to queue
[2023-06-17T03:46:49.029+0000] {logging_mixin.py:149} INFO - [2023-06-17T03:46:49.029+0000] {dagbag.py:541} INFO - Filling up the DagBag from /home/airflow/.local/lib/python3.7/site-packages/airflow/example_dags/example_skip_dag.py
[2023-06-17T03:46:49.035+0000] {processor.py:836} INFO - DAG(s) dict_keys(['example_skip_dag']) retrieved from /home/airflow/.local/lib/python3.7/site-packages/airflow/example_dags/example_skip_dag.py
[2023-06-17T03:46:49.059+0000] {logging_mixin.py:149} INFO - [2023-06-17T03:46:49.059+0000] {dag.py:2726} INFO - Sync 1 DAGs
[2023-06-17T03:46:49.089+0000] {logging_mixin.py:149} INFO - [2023-06-17T03:46:49.089+0000] {dag.py:3490} INFO - Setting next_dagrun for example_skip_dag to 2023-06-16T03:46:49.089275+00:00, run_after=2023-06-17T03:46:49.089275+00:00
[2023-06-17T03:46:49.118+0000] {processor.py:179} INFO - Processing /home/airflow/.local/lib/python3.7/site-packages/airflow/example_dags/example_skip_dag.py took 0.120 seconds
[2023-06-17T03:47:19.308+0000] {processor.py:157} INFO - Started process (PID=1434) to work on /home/airflow/.local/lib/python3.7/site-packages/airflow/example_dags/example_skip_dag.py
[2023-06-17T03:47:19.317+0000] {processor.py:826} INFO - Processing file /home/airflow/.local/lib/python3.7/site-packages/airflow/example_dags/example_skip_dag.py for tasks to queue
[2023-06-17T03:47:19.317+0000] {logging_mixin.py:149} INFO - [2023-06-17T03:47:19.317+0000] {dagbag.py:541} INFO - Filling up the DagBag from /home/airflow/.local/lib/python3.7/site-packages/airflow/example_dags/example_skip_dag.py
[2023-06-17T03:47:19.323+0000] {processor.py:836} INFO - DAG(s) dict_keys(['example_skip_dag']) retrieved from /home/airflow/.local/lib/python3.7/site-packages/airflow/example_dags/example_skip_dag.py
[2023-06-17T03:47:19.347+0000] {logging_mixin.py:149} INFO - [2023-06-17T03:47:19.347+0000] {dag.py:2726} INFO - Sync 1 DAGs
[2023-06-17T03:47:19.375+0000] {logging_mixin.py:149} INFO - [2023-06-17T03:47:19.374+0000] {dag.py:3490} INFO - Setting next_dagrun for example_skip_dag to 2023-06-16T03:47:19.374660+00:00, run_after=2023-06-17T03:47:19.374660+00:00
[2023-06-17T03:47:19.404+0000] {processor.py:179} INFO - Processing /home/airflow/.local/lib/python3.7/site-packages/airflow/example_dags/example_skip_dag.py took 0.098 seconds
[2023-06-17T03:47:50.234+0000] {processor.py:157} INFO - Started process (PID=1495) to work on /home/airflow/.local/lib/python3.7/site-packages/airflow/example_dags/example_skip_dag.py
[2023-06-17T03:47:50.235+0000] {processor.py:826} INFO - Processing file /home/airflow/.local/lib/python3.7/site-packages/airflow/example_dags/example_skip_dag.py for tasks to queue
[2023-06-17T03:47:50.235+0000] {logging_mixin.py:149} INFO - [2023-06-17T03:47:50.235+0000] {dagbag.py:541} INFO - Filling up the DagBag from /home/airflow/.local/lib/python3.7/site-packages/airflow/example_dags/example_skip_dag.py
[2023-06-17T03:47:50.242+0000] {processor.py:836} INFO - DAG(s) dict_keys(['example_skip_dag']) retrieved from /home/airflow/.local/lib/python3.7/site-packages/airflow/example_dags/example_skip_dag.py
[2023-06-17T03:47:50.276+0000] {logging_mixin.py:149} INFO - [2023-06-17T03:47:50.276+0000] {dag.py:2726} INFO - Sync 1 DAGs
[2023-06-17T03:47:50.319+0000] {logging_mixin.py:149} INFO - [2023-06-17T03:47:50.319+0000] {dag.py:3490} INFO - Setting next_dagrun for example_skip_dag to 2023-06-16T03:47:50.318828+00:00, run_after=2023-06-17T03:47:50.318828+00:00
[2023-06-17T03:47:50.358+0000] {processor.py:179} INFO - Processing /home/airflow/.local/lib/python3.7/site-packages/airflow/example_dags/example_skip_dag.py took 0.128 seconds
[2023-06-17T03:48:20.867+0000] {processor.py:157} INFO - Started process (PID=1556) to work on /home/airflow/.local/lib/python3.7/site-packages/airflow/example_dags/example_skip_dag.py
[2023-06-17T03:48:20.868+0000] {processor.py:826} INFO - Processing file /home/airflow/.local/lib/python3.7/site-packages/airflow/example_dags/example_skip_dag.py for tasks to queue
[2023-06-17T03:48:20.868+0000] {logging_mixin.py:149} INFO - [2023-06-17T03:48:20.868+0000] {dagbag.py:541} INFO - Filling up the DagBag from /home/airflow/.local/lib/python3.7/site-packages/airflow/example_dags/example_skip_dag.py
[2023-06-17T03:48:20.875+0000] {processor.py:836} INFO - DAG(s) dict_keys(['example_skip_dag']) retrieved from /home/airflow/.local/lib/python3.7/site-packages/airflow/example_dags/example_skip_dag.py
[2023-06-17T03:48:20.904+0000] {logging_mixin.py:149} INFO - [2023-06-17T03:48:20.904+0000] {dag.py:2726} INFO - Sync 1 DAGs
[2023-06-17T03:48:20.935+0000] {logging_mixin.py:149} INFO - [2023-06-17T03:48:20.935+0000] {dag.py:3490} INFO - Setting next_dagrun for example_skip_dag to 2023-06-16T03:48:20.935319+00:00, run_after=2023-06-17T03:48:20.935319+00:00
[2023-06-17T03:48:20.973+0000] {processor.py:179} INFO - Processing /home/airflow/.local/lib/python3.7/site-packages/airflow/example_dags/example_skip_dag.py took 0.108 seconds
[2023-06-17T03:48:51.497+0000] {processor.py:157} INFO - Started process (PID=1617) to work on /home/airflow/.local/lib/python3.7/site-packages/airflow/example_dags/example_skip_dag.py
[2023-06-17T03:48:51.498+0000] {processor.py:826} INFO - Processing file /home/airflow/.local/lib/python3.7/site-packages/airflow/example_dags/example_skip_dag.py for tasks to queue
[2023-06-17T03:48:51.499+0000] {logging_mixin.py:149} INFO - [2023-06-17T03:48:51.498+0000] {dagbag.py:541} INFO - Filling up the DagBag from /home/airflow/.local/lib/python3.7/site-packages/airflow/example_dags/example_skip_dag.py
[2023-06-17T03:48:51.505+0000] {processor.py:836} INFO - DAG(s) dict_keys(['example_skip_dag']) retrieved from /home/airflow/.local/lib/python3.7/site-packages/airflow/example_dags/example_skip_dag.py
[2023-06-17T03:48:51.528+0000] {logging_mixin.py:149} INFO - [2023-06-17T03:48:51.528+0000] {dag.py:2726} INFO - Sync 1 DAGs
[2023-06-17T03:48:51.557+0000] {logging_mixin.py:149} INFO - [2023-06-17T03:48:51.557+0000] {dag.py:3490} INFO - Setting next_dagrun for example_skip_dag to 2023-06-16T03:48:51.556856+00:00, run_after=2023-06-17T03:48:51.556856+00:00
[2023-06-17T03:48:51.585+0000] {processor.py:179} INFO - Processing /home/airflow/.local/lib/python3.7/site-packages/airflow/example_dags/example_skip_dag.py took 0.090 seconds
[2023-06-17T03:49:22.476+0000] {processor.py:157} INFO - Started process (PID=1679) to work on /home/airflow/.local/lib/python3.7/site-packages/airflow/example_dags/example_skip_dag.py
[2023-06-17T03:49:22.479+0000] {processor.py:826} INFO - Processing file /home/airflow/.local/lib/python3.7/site-packages/airflow/example_dags/example_skip_dag.py for tasks to queue
[2023-06-17T03:49:22.480+0000] {logging_mixin.py:149} INFO - [2023-06-17T03:49:22.480+0000] {dagbag.py:541} INFO - Filling up the DagBag from /home/airflow/.local/lib/python3.7/site-packages/airflow/example_dags/example_skip_dag.py
[2023-06-17T03:49:22.486+0000] {processor.py:836} INFO - DAG(s) dict_keys(['example_skip_dag']) retrieved from /home/airflow/.local/lib/python3.7/site-packages/airflow/example_dags/example_skip_dag.py
[2023-06-17T03:49:22.509+0000] {logging_mixin.py:149} INFO - [2023-06-17T03:49:22.509+0000] {dag.py:2726} INFO - Sync 1 DAGs
[2023-06-17T03:49:22.538+0000] {logging_mixin.py:149} INFO - [2023-06-17T03:49:22.538+0000] {dag.py:3490} INFO - Setting next_dagrun for example_skip_dag to 2023-06-16T03:49:22.538122+00:00, run_after=2023-06-17T03:49:22.538122+00:00
[2023-06-17T03:49:22.567+0000] {processor.py:179} INFO - Processing /home/airflow/.local/lib/python3.7/site-packages/airflow/example_dags/example_skip_dag.py took 0.094 seconds
