[2023-06-17T02:16:44.867+0000] {processor.py:157} INFO - Started process (PID=51) to work on /home/airflow/.local/lib/python3.7/site-packages/airflow/example_dags/example_nested_branch_dag.py
[2023-06-17T02:16:44.868+0000] {processor.py:826} INFO - Processing file /home/airflow/.local/lib/python3.7/site-packages/airflow/example_dags/example_nested_branch_dag.py for tasks to queue
[2023-06-17T02:16:44.870+0000] {logging_mixin.py:149} INFO - [2023-06-17T02:16:44.870+0000] {dagbag.py:541} INFO - Filling up the DagBag from /home/airflow/.local/lib/python3.7/site-packages/airflow/example_dags/example_nested_branch_dag.py
[2023-06-17T02:16:44.897+0000] {processor.py:836} INFO - DAG(s) dict_keys(['example_nested_branch_dag']) retrieved from /home/airflow/.local/lib/python3.7/site-packages/airflow/example_dags/example_nested_branch_dag.py
[2023-06-17T02:16:45.007+0000] {logging_mixin.py:149} INFO - [2023-06-17T02:16:45.007+0000] {dag.py:2726} INFO - Sync 1 DAGs
[2023-06-17T02:16:45.096+0000] {logging_mixin.py:149} INFO - [2023-06-17T02:16:45.095+0000] {dag.py:3490} INFO - Setting next_dagrun for example_nested_branch_dag to 2023-06-16T00:00:00+00:00, run_after=2023-06-17T00:00:00+00:00
[2023-06-17T02:16:45.205+0000] {processor.py:179} INFO - Processing /home/airflow/.local/lib/python3.7/site-packages/airflow/example_dags/example_nested_branch_dag.py took 0.345 seconds
[2023-06-17T02:17:53.786+0000] {processor.py:157} INFO - Started process (PID=117) to work on /home/airflow/.local/lib/python3.7/site-packages/airflow/example_dags/example_nested_branch_dag.py
[2023-06-17T02:17:54.247+0000] {processor.py:826} INFO - Processing file /home/airflow/.local/lib/python3.7/site-packages/airflow/example_dags/example_nested_branch_dag.py for tasks to queue
[2023-06-17T02:17:54.250+0000] {logging_mixin.py:149} INFO - [2023-06-17T02:17:54.249+0000] {dagbag.py:541} INFO - Filling up the DagBag from /home/airflow/.local/lib/python3.7/site-packages/airflow/example_dags/example_nested_branch_dag.py
[2023-06-17T02:17:54.756+0000] {processor.py:836} INFO - DAG(s) dict_keys(['example_nested_branch_dag']) retrieved from /home/airflow/.local/lib/python3.7/site-packages/airflow/example_dags/example_nested_branch_dag.py
[2023-06-17T02:17:54.779+0000] {logging_mixin.py:149} INFO - [2023-06-17T02:17:54.778+0000] {dag.py:2726} INFO - Sync 1 DAGs
[2023-06-17T02:17:54.808+0000] {logging_mixin.py:149} INFO - [2023-06-17T02:17:54.808+0000] {dag.py:3490} INFO - Setting next_dagrun for example_nested_branch_dag to 2023-06-16T00:00:00+00:00, run_after=2023-06-17T00:00:00+00:00
[2023-06-17T02:17:55.335+0000] {processor.py:179} INFO - Processing /home/airflow/.local/lib/python3.7/site-packages/airflow/example_dags/example_nested_branch_dag.py took 1.552 seconds
[2023-06-17T02:18:32.543+0000] {processor.py:157} INFO - Started process (PID=176) to work on /home/airflow/.local/lib/python3.7/site-packages/airflow/example_dags/example_nested_branch_dag.py
[2023-06-17T02:18:32.570+0000] {processor.py:826} INFO - Processing file /home/airflow/.local/lib/python3.7/site-packages/airflow/example_dags/example_nested_branch_dag.py for tasks to queue
[2023-06-17T02:18:32.571+0000] {logging_mixin.py:149} INFO - [2023-06-17T02:18:32.571+0000] {dagbag.py:541} INFO - Filling up the DagBag from /home/airflow/.local/lib/python3.7/site-packages/airflow/example_dags/example_nested_branch_dag.py
[2023-06-17T02:18:32.579+0000] {processor.py:836} INFO - DAG(s) dict_keys(['example_nested_branch_dag']) retrieved from /home/airflow/.local/lib/python3.7/site-packages/airflow/example_dags/example_nested_branch_dag.py
[2023-06-17T02:18:32.602+0000] {logging_mixin.py:149} INFO - [2023-06-17T02:18:32.602+0000] {dag.py:2726} INFO - Sync 1 DAGs
[2023-06-17T02:18:32.629+0000] {logging_mixin.py:149} INFO - [2023-06-17T02:18:32.629+0000] {dag.py:3490} INFO - Setting next_dagrun for example_nested_branch_dag to 2023-06-16T00:00:00+00:00, run_after=2023-06-17T00:00:00+00:00
[2023-06-17T02:18:32.786+0000] {processor.py:179} INFO - Processing /home/airflow/.local/lib/python3.7/site-packages/airflow/example_dags/example_nested_branch_dag.py took 0.246 seconds
[2023-06-17T02:19:02.924+0000] {processor.py:157} INFO - Started process (PID=228) to work on /home/airflow/.local/lib/python3.7/site-packages/airflow/example_dags/example_nested_branch_dag.py
[2023-06-17T02:19:03.029+0000] {processor.py:826} INFO - Processing file /home/airflow/.local/lib/python3.7/site-packages/airflow/example_dags/example_nested_branch_dag.py for tasks to queue
[2023-06-17T02:19:03.030+0000] {logging_mixin.py:149} INFO - [2023-06-17T02:19:03.030+0000] {dagbag.py:541} INFO - Filling up the DagBag from /home/airflow/.local/lib/python3.7/site-packages/airflow/example_dags/example_nested_branch_dag.py
[2023-06-17T02:19:03.044+0000] {processor.py:836} INFO - DAG(s) dict_keys(['example_nested_branch_dag']) retrieved from /home/airflow/.local/lib/python3.7/site-packages/airflow/example_dags/example_nested_branch_dag.py
[2023-06-17T02:19:03.082+0000] {logging_mixin.py:149} INFO - [2023-06-17T02:19:03.082+0000] {dag.py:2726} INFO - Sync 1 DAGs
[2023-06-17T02:19:03.124+0000] {logging_mixin.py:149} INFO - [2023-06-17T02:19:03.124+0000] {dag.py:3490} INFO - Setting next_dagrun for example_nested_branch_dag to 2023-06-16T00:00:00+00:00, run_after=2023-06-17T00:00:00+00:00
[2023-06-17T02:19:03.244+0000] {processor.py:179} INFO - Processing /home/airflow/.local/lib/python3.7/site-packages/airflow/example_dags/example_nested_branch_dag.py took 0.325 seconds
[2023-06-17T02:19:34.384+0000] {processor.py:157} INFO - Started process (PID=289) to work on /home/airflow/.local/lib/python3.7/site-packages/airflow/example_dags/example_nested_branch_dag.py
[2023-06-17T02:19:34.864+0000] {processor.py:826} INFO - Processing file /home/airflow/.local/lib/python3.7/site-packages/airflow/example_dags/example_nested_branch_dag.py for tasks to queue
[2023-06-17T02:19:34.864+0000] {logging_mixin.py:149} INFO - [2023-06-17T02:19:34.864+0000] {dagbag.py:541} INFO - Filling up the DagBag from /home/airflow/.local/lib/python3.7/site-packages/airflow/example_dags/example_nested_branch_dag.py
[2023-06-17T02:19:34.899+0000] {processor.py:836} INFO - DAG(s) dict_keys(['example_nested_branch_dag']) retrieved from /home/airflow/.local/lib/python3.7/site-packages/airflow/example_dags/example_nested_branch_dag.py
[2023-06-17T02:19:34.927+0000] {logging_mixin.py:149} INFO - [2023-06-17T02:19:34.927+0000] {dag.py:2726} INFO - Sync 1 DAGs
[2023-06-17T02:19:34.958+0000] {logging_mixin.py:149} INFO - [2023-06-17T02:19:34.958+0000] {dag.py:3490} INFO - Setting next_dagrun for example_nested_branch_dag to 2023-06-16T00:00:00+00:00, run_after=2023-06-17T00:00:00+00:00
[2023-06-17T02:19:35.116+0000] {processor.py:179} INFO - Processing /home/airflow/.local/lib/python3.7/site-packages/airflow/example_dags/example_nested_branch_dag.py took 0.735 seconds
[2023-06-17T02:20:05.738+0000] {processor.py:157} INFO - Started process (PID=341) to work on /home/airflow/.local/lib/python3.7/site-packages/airflow/example_dags/example_nested_branch_dag.py
[2023-06-17T02:20:05.813+0000] {processor.py:826} INFO - Processing file /home/airflow/.local/lib/python3.7/site-packages/airflow/example_dags/example_nested_branch_dag.py for tasks to queue
[2023-06-17T02:20:05.814+0000] {logging_mixin.py:149} INFO - [2023-06-17T02:20:05.814+0000] {dagbag.py:541} INFO - Filling up the DagBag from /home/airflow/.local/lib/python3.7/site-packages/airflow/example_dags/example_nested_branch_dag.py
[2023-06-17T02:20:05.830+0000] {processor.py:836} INFO - DAG(s) dict_keys(['example_nested_branch_dag']) retrieved from /home/airflow/.local/lib/python3.7/site-packages/airflow/example_dags/example_nested_branch_dag.py
[2023-06-17T02:20:05.854+0000] {logging_mixin.py:149} INFO - [2023-06-17T02:20:05.854+0000] {dag.py:2726} INFO - Sync 1 DAGs
[2023-06-17T02:20:05.880+0000] {logging_mixin.py:149} INFO - [2023-06-17T02:20:05.880+0000] {dag.py:3490} INFO - Setting next_dagrun for example_nested_branch_dag to 2023-06-16T00:00:00+00:00, run_after=2023-06-17T00:00:00+00:00
[2023-06-17T02:20:05.994+0000] {processor.py:179} INFO - Processing /home/airflow/.local/lib/python3.7/site-packages/airflow/example_dags/example_nested_branch_dag.py took 0.265 seconds
[2023-06-17T02:20:36.685+0000] {processor.py:157} INFO - Started process (PID=402) to work on /home/airflow/.local/lib/python3.7/site-packages/airflow/example_dags/example_nested_branch_dag.py
[2023-06-17T02:20:36.973+0000] {processor.py:826} INFO - Processing file /home/airflow/.local/lib/python3.7/site-packages/airflow/example_dags/example_nested_branch_dag.py for tasks to queue
[2023-06-17T02:20:36.975+0000] {logging_mixin.py:149} INFO - [2023-06-17T02:20:36.975+0000] {dagbag.py:541} INFO - Filling up the DagBag from /home/airflow/.local/lib/python3.7/site-packages/airflow/example_dags/example_nested_branch_dag.py
[2023-06-17T02:20:37.008+0000] {processor.py:836} INFO - DAG(s) dict_keys(['example_nested_branch_dag']) retrieved from /home/airflow/.local/lib/python3.7/site-packages/airflow/example_dags/example_nested_branch_dag.py
[2023-06-17T02:20:37.038+0000] {logging_mixin.py:149} INFO - [2023-06-17T02:20:37.037+0000] {dag.py:2726} INFO - Sync 1 DAGs
[2023-06-17T02:20:37.065+0000] {logging_mixin.py:149} INFO - [2023-06-17T02:20:37.065+0000] {dag.py:3490} INFO - Setting next_dagrun for example_nested_branch_dag to 2023-06-16T00:00:00+00:00, run_after=2023-06-17T00:00:00+00:00
[2023-06-17T02:20:37.462+0000] {processor.py:179} INFO - Processing /home/airflow/.local/lib/python3.7/site-packages/airflow/example_dags/example_nested_branch_dag.py took 0.780 seconds
[2023-06-17T02:21:07.763+0000] {processor.py:157} INFO - Started process (PID=462) to work on /home/airflow/.local/lib/python3.7/site-packages/airflow/example_dags/example_nested_branch_dag.py
[2023-06-17T02:21:07.810+0000] {processor.py:826} INFO - Processing file /home/airflow/.local/lib/python3.7/site-packages/airflow/example_dags/example_nested_branch_dag.py for tasks to queue
[2023-06-17T02:21:07.812+0000] {logging_mixin.py:149} INFO - [2023-06-17T02:21:07.812+0000] {dagbag.py:541} INFO - Filling up the DagBag from /home/airflow/.local/lib/python3.7/site-packages/airflow/example_dags/example_nested_branch_dag.py
[2023-06-17T02:21:07.840+0000] {processor.py:836} INFO - DAG(s) dict_keys(['example_nested_branch_dag']) retrieved from /home/airflow/.local/lib/python3.7/site-packages/airflow/example_dags/example_nested_branch_dag.py
[2023-06-17T02:21:07.868+0000] {logging_mixin.py:149} INFO - [2023-06-17T02:21:07.868+0000] {dag.py:2726} INFO - Sync 1 DAGs
[2023-06-17T02:21:07.900+0000] {logging_mixin.py:149} INFO - [2023-06-17T02:21:07.900+0000] {dag.py:3490} INFO - Setting next_dagrun for example_nested_branch_dag to 2023-06-16T00:00:00+00:00, run_after=2023-06-17T00:00:00+00:00
[2023-06-17T02:21:07.970+0000] {processor.py:179} INFO - Processing /home/airflow/.local/lib/python3.7/site-packages/airflow/example_dags/example_nested_branch_dag.py took 0.209 seconds
[2023-06-17T02:21:44.811+0000] {processor.py:157} INFO - Started process (PID=523) to work on /home/airflow/.local/lib/python3.7/site-packages/airflow/example_dags/example_nested_branch_dag.py
[2023-06-17T02:21:44.848+0000] {processor.py:826} INFO - Processing file /home/airflow/.local/lib/python3.7/site-packages/airflow/example_dags/example_nested_branch_dag.py for tasks to queue
[2023-06-17T02:21:44.849+0000] {logging_mixin.py:149} INFO - [2023-06-17T02:21:44.849+0000] {dagbag.py:541} INFO - Filling up the DagBag from /home/airflow/.local/lib/python3.7/site-packages/airflow/example_dags/example_nested_branch_dag.py
[2023-06-17T02:21:44.858+0000] {processor.py:836} INFO - DAG(s) dict_keys(['example_nested_branch_dag']) retrieved from /home/airflow/.local/lib/python3.7/site-packages/airflow/example_dags/example_nested_branch_dag.py
[2023-06-17T02:21:44.880+0000] {logging_mixin.py:149} INFO - [2023-06-17T02:21:44.880+0000] {dag.py:2726} INFO - Sync 1 DAGs
[2023-06-17T02:21:44.907+0000] {logging_mixin.py:149} INFO - [2023-06-17T02:21:44.907+0000] {dag.py:3490} INFO - Setting next_dagrun for example_nested_branch_dag to 2023-06-16T00:00:00+00:00, run_after=2023-06-17T00:00:00+00:00
[2023-06-17T02:21:45.214+0000] {processor.py:179} INFO - Processing /home/airflow/.local/lib/python3.7/site-packages/airflow/example_dags/example_nested_branch_dag.py took 0.406 seconds
[2023-06-17T02:22:15.633+0000] {processor.py:157} INFO - Started process (PID=576) to work on /home/airflow/.local/lib/python3.7/site-packages/airflow/example_dags/example_nested_branch_dag.py
[2023-06-17T02:22:15.748+0000] {processor.py:826} INFO - Processing file /home/airflow/.local/lib/python3.7/site-packages/airflow/example_dags/example_nested_branch_dag.py for tasks to queue
[2023-06-17T02:22:15.748+0000] {logging_mixin.py:149} INFO - [2023-06-17T02:22:15.748+0000] {dagbag.py:541} INFO - Filling up the DagBag from /home/airflow/.local/lib/python3.7/site-packages/airflow/example_dags/example_nested_branch_dag.py
[2023-06-17T02:22:15.758+0000] {processor.py:836} INFO - DAG(s) dict_keys(['example_nested_branch_dag']) retrieved from /home/airflow/.local/lib/python3.7/site-packages/airflow/example_dags/example_nested_branch_dag.py
[2023-06-17T02:22:15.783+0000] {logging_mixin.py:149} INFO - [2023-06-17T02:22:15.783+0000] {dag.py:2726} INFO - Sync 1 DAGs
[2023-06-17T02:22:15.814+0000] {logging_mixin.py:149} INFO - [2023-06-17T02:22:15.814+0000] {dag.py:3490} INFO - Setting next_dagrun for example_nested_branch_dag to 2023-06-16T00:00:00+00:00, run_after=2023-06-17T00:00:00+00:00
[2023-06-17T02:22:16.045+0000] {processor.py:179} INFO - Processing /home/airflow/.local/lib/python3.7/site-packages/airflow/example_dags/example_nested_branch_dag.py took 0.414 seconds
[2023-06-17T02:22:46.258+0000] {processor.py:157} INFO - Started process (PID=637) to work on /home/airflow/.local/lib/python3.7/site-packages/airflow/example_dags/example_nested_branch_dag.py
[2023-06-17T02:22:46.311+0000] {processor.py:826} INFO - Processing file /home/airflow/.local/lib/python3.7/site-packages/airflow/example_dags/example_nested_branch_dag.py for tasks to queue
[2023-06-17T02:22:46.312+0000] {logging_mixin.py:149} INFO - [2023-06-17T02:22:46.311+0000] {dagbag.py:541} INFO - Filling up the DagBag from /home/airflow/.local/lib/python3.7/site-packages/airflow/example_dags/example_nested_branch_dag.py
[2023-06-17T02:22:46.321+0000] {processor.py:836} INFO - DAG(s) dict_keys(['example_nested_branch_dag']) retrieved from /home/airflow/.local/lib/python3.7/site-packages/airflow/example_dags/example_nested_branch_dag.py
[2023-06-17T02:22:46.344+0000] {logging_mixin.py:149} INFO - [2023-06-17T02:22:46.344+0000] {dag.py:2726} INFO - Sync 1 DAGs
[2023-06-17T02:22:46.374+0000] {logging_mixin.py:149} INFO - [2023-06-17T02:22:46.374+0000] {dag.py:3490} INFO - Setting next_dagrun for example_nested_branch_dag to 2023-06-16T00:00:00+00:00, run_after=2023-06-17T00:00:00+00:00
[2023-06-17T02:22:46.472+0000] {processor.py:179} INFO - Processing /home/airflow/.local/lib/python3.7/site-packages/airflow/example_dags/example_nested_branch_dag.py took 0.216 seconds
[2023-06-17T02:23:19.714+0000] {processor.py:157} INFO - Started process (PID=679) to work on /home/airflow/.local/lib/python3.7/site-packages/airflow/example_dags/example_nested_branch_dag.py
[2023-06-17T02:23:19.781+0000] {processor.py:826} INFO - Processing file /home/airflow/.local/lib/python3.7/site-packages/airflow/example_dags/example_nested_branch_dag.py for tasks to queue
[2023-06-17T02:23:19.781+0000] {logging_mixin.py:149} INFO - [2023-06-17T02:23:19.781+0000] {dagbag.py:541} INFO - Filling up the DagBag from /home/airflow/.local/lib/python3.7/site-packages/airflow/example_dags/example_nested_branch_dag.py
[2023-06-17T02:23:19.790+0000] {processor.py:836} INFO - DAG(s) dict_keys(['example_nested_branch_dag']) retrieved from /home/airflow/.local/lib/python3.7/site-packages/airflow/example_dags/example_nested_branch_dag.py
[2023-06-17T02:23:19.811+0000] {logging_mixin.py:149} INFO - [2023-06-17T02:23:19.811+0000] {dag.py:2726} INFO - Sync 1 DAGs
[2023-06-17T02:23:19.838+0000] {logging_mixin.py:149} INFO - [2023-06-17T02:23:19.838+0000] {dag.py:3490} INFO - Setting next_dagrun for example_nested_branch_dag to 2023-06-16T00:00:00+00:00, run_after=2023-06-17T00:00:00+00:00
[2023-06-17T02:23:20.037+0000] {processor.py:179} INFO - Processing /home/airflow/.local/lib/python3.7/site-packages/airflow/example_dags/example_nested_branch_dag.py took 0.325 seconds
[2023-06-17T02:23:51.005+0000] {processor.py:157} INFO - Started process (PID=740) to work on /home/airflow/.local/lib/python3.7/site-packages/airflow/example_dags/example_nested_branch_dag.py
[2023-06-17T02:23:51.006+0000] {processor.py:826} INFO - Processing file /home/airflow/.local/lib/python3.7/site-packages/airflow/example_dags/example_nested_branch_dag.py for tasks to queue
[2023-06-17T02:23:51.007+0000] {logging_mixin.py:149} INFO - [2023-06-17T02:23:51.007+0000] {dagbag.py:541} INFO - Filling up the DagBag from /home/airflow/.local/lib/python3.7/site-packages/airflow/example_dags/example_nested_branch_dag.py
[2023-06-17T02:23:51.022+0000] {processor.py:836} INFO - DAG(s) dict_keys(['example_nested_branch_dag']) retrieved from /home/airflow/.local/lib/python3.7/site-packages/airflow/example_dags/example_nested_branch_dag.py
[2023-06-17T02:23:51.060+0000] {logging_mixin.py:149} INFO - [2023-06-17T02:23:51.060+0000] {dag.py:2726} INFO - Sync 1 DAGs
[2023-06-17T02:23:51.097+0000] {logging_mixin.py:149} INFO - [2023-06-17T02:23:51.097+0000] {dag.py:3490} INFO - Setting next_dagrun for example_nested_branch_dag to 2023-06-16T00:00:00+00:00, run_after=2023-06-17T00:00:00+00:00
[2023-06-17T02:23:51.417+0000] {processor.py:179} INFO - Processing /home/airflow/.local/lib/python3.7/site-packages/airflow/example_dags/example_nested_branch_dag.py took 0.415 seconds
[2023-06-17T02:24:21.972+0000] {processor.py:157} INFO - Started process (PID=801) to work on /home/airflow/.local/lib/python3.7/site-packages/airflow/example_dags/example_nested_branch_dag.py
[2023-06-17T02:24:22.008+0000] {processor.py:826} INFO - Processing file /home/airflow/.local/lib/python3.7/site-packages/airflow/example_dags/example_nested_branch_dag.py for tasks to queue
[2023-06-17T02:24:22.008+0000] {logging_mixin.py:149} INFO - [2023-06-17T02:24:22.008+0000] {dagbag.py:541} INFO - Filling up the DagBag from /home/airflow/.local/lib/python3.7/site-packages/airflow/example_dags/example_nested_branch_dag.py
[2023-06-17T02:24:22.020+0000] {processor.py:836} INFO - DAG(s) dict_keys(['example_nested_branch_dag']) retrieved from /home/airflow/.local/lib/python3.7/site-packages/airflow/example_dags/example_nested_branch_dag.py
[2023-06-17T02:24:22.055+0000] {logging_mixin.py:149} INFO - [2023-06-17T02:24:22.055+0000] {dag.py:2726} INFO - Sync 1 DAGs
[2023-06-17T02:24:22.095+0000] {logging_mixin.py:149} INFO - [2023-06-17T02:24:22.094+0000] {dag.py:3490} INFO - Setting next_dagrun for example_nested_branch_dag to 2023-06-16T00:00:00+00:00, run_after=2023-06-17T00:00:00+00:00
[2023-06-17T02:24:22.130+0000] {processor.py:179} INFO - Processing /home/airflow/.local/lib/python3.7/site-packages/airflow/example_dags/example_nested_branch_dag.py took 0.161 seconds
[2023-06-17T02:24:55.228+0000] {processor.py:157} INFO - Started process (PID=865) to work on /home/airflow/.local/lib/python3.7/site-packages/airflow/example_dags/example_nested_branch_dag.py
[2023-06-17T02:24:55.242+0000] {processor.py:826} INFO - Processing file /home/airflow/.local/lib/python3.7/site-packages/airflow/example_dags/example_nested_branch_dag.py for tasks to queue
[2023-06-17T02:24:55.243+0000] {logging_mixin.py:149} INFO - [2023-06-17T02:24:55.243+0000] {dagbag.py:541} INFO - Filling up the DagBag from /home/airflow/.local/lib/python3.7/site-packages/airflow/example_dags/example_nested_branch_dag.py
[2023-06-17T02:24:55.255+0000] {processor.py:836} INFO - DAG(s) dict_keys(['example_nested_branch_dag']) retrieved from /home/airflow/.local/lib/python3.7/site-packages/airflow/example_dags/example_nested_branch_dag.py
[2023-06-17T02:24:55.282+0000] {logging_mixin.py:149} INFO - [2023-06-17T02:24:55.282+0000] {dag.py:2726} INFO - Sync 1 DAGs
[2023-06-17T02:24:55.313+0000] {logging_mixin.py:149} INFO - [2023-06-17T02:24:55.313+0000] {dag.py:3490} INFO - Setting next_dagrun for example_nested_branch_dag to 2023-06-16T00:00:00+00:00, run_after=2023-06-17T00:00:00+00:00
[2023-06-17T02:24:55.371+0000] {processor.py:179} INFO - Processing /home/airflow/.local/lib/python3.7/site-packages/airflow/example_dags/example_nested_branch_dag.py took 0.146 seconds
[2023-06-17T02:25:29.701+0000] {processor.py:157} INFO - Started process (PID=906) to work on /home/airflow/.local/lib/python3.7/site-packages/airflow/example_dags/example_nested_branch_dag.py
[2023-06-17T02:25:29.765+0000] {processor.py:826} INFO - Processing file /home/airflow/.local/lib/python3.7/site-packages/airflow/example_dags/example_nested_branch_dag.py for tasks to queue
[2023-06-17T02:25:29.778+0000] {logging_mixin.py:149} INFO - [2023-06-17T02:25:29.778+0000] {dagbag.py:541} INFO - Filling up the DagBag from /home/airflow/.local/lib/python3.7/site-packages/airflow/example_dags/example_nested_branch_dag.py
[2023-06-17T02:25:29.815+0000] {processor.py:836} INFO - DAG(s) dict_keys(['example_nested_branch_dag']) retrieved from /home/airflow/.local/lib/python3.7/site-packages/airflow/example_dags/example_nested_branch_dag.py
[2023-06-17T02:25:29.844+0000] {logging_mixin.py:149} INFO - [2023-06-17T02:25:29.844+0000] {dag.py:2726} INFO - Sync 1 DAGs
[2023-06-17T02:25:29.871+0000] {logging_mixin.py:149} INFO - [2023-06-17T02:25:29.871+0000] {dag.py:3490} INFO - Setting next_dagrun for example_nested_branch_dag to 2023-06-16T00:00:00+00:00, run_after=2023-06-17T00:00:00+00:00
[2023-06-17T02:25:30.021+0000] {processor.py:179} INFO - Processing /home/airflow/.local/lib/python3.7/site-packages/airflow/example_dags/example_nested_branch_dag.py took 0.322 seconds
[2023-06-17T02:26:01.111+0000] {processor.py:157} INFO - Started process (PID=967) to work on /home/airflow/.local/lib/python3.7/site-packages/airflow/example_dags/example_nested_branch_dag.py
[2023-06-17T02:26:01.113+0000] {processor.py:826} INFO - Processing file /home/airflow/.local/lib/python3.7/site-packages/airflow/example_dags/example_nested_branch_dag.py for tasks to queue
[2023-06-17T02:26:01.115+0000] {logging_mixin.py:149} INFO - [2023-06-17T02:26:01.114+0000] {dagbag.py:541} INFO - Filling up the DagBag from /home/airflow/.local/lib/python3.7/site-packages/airflow/example_dags/example_nested_branch_dag.py
[2023-06-17T02:26:01.143+0000] {processor.py:836} INFO - DAG(s) dict_keys(['example_nested_branch_dag']) retrieved from /home/airflow/.local/lib/python3.7/site-packages/airflow/example_dags/example_nested_branch_dag.py
[2023-06-17T02:26:01.213+0000] {logging_mixin.py:149} INFO - [2023-06-17T02:26:01.212+0000] {dag.py:2726} INFO - Sync 1 DAGs
[2023-06-17T02:26:01.309+0000] {logging_mixin.py:149} INFO - [2023-06-17T02:26:01.308+0000] {dag.py:3490} INFO - Setting next_dagrun for example_nested_branch_dag to 2023-06-16T00:00:00+00:00, run_after=2023-06-17T00:00:00+00:00
[2023-06-17T02:26:01.379+0000] {processor.py:179} INFO - Processing /home/airflow/.local/lib/python3.7/site-packages/airflow/example_dags/example_nested_branch_dag.py took 0.276 seconds
[2023-06-17T02:26:31.511+0000] {processor.py:157} INFO - Started process (PID=1028) to work on /home/airflow/.local/lib/python3.7/site-packages/airflow/example_dags/example_nested_branch_dag.py
[2023-06-17T02:26:31.522+0000] {processor.py:826} INFO - Processing file /home/airflow/.local/lib/python3.7/site-packages/airflow/example_dags/example_nested_branch_dag.py for tasks to queue
[2023-06-17T02:26:31.523+0000] {logging_mixin.py:149} INFO - [2023-06-17T02:26:31.523+0000] {dagbag.py:541} INFO - Filling up the DagBag from /home/airflow/.local/lib/python3.7/site-packages/airflow/example_dags/example_nested_branch_dag.py
[2023-06-17T02:26:31.537+0000] {processor.py:836} INFO - DAG(s) dict_keys(['example_nested_branch_dag']) retrieved from /home/airflow/.local/lib/python3.7/site-packages/airflow/example_dags/example_nested_branch_dag.py
[2023-06-17T02:26:31.572+0000] {logging_mixin.py:149} INFO - [2023-06-17T02:26:31.572+0000] {dag.py:2726} INFO - Sync 1 DAGs
[2023-06-17T02:26:31.617+0000] {logging_mixin.py:149} INFO - [2023-06-17T02:26:31.617+0000] {dag.py:3490} INFO - Setting next_dagrun for example_nested_branch_dag to 2023-06-16T00:00:00+00:00, run_after=2023-06-17T00:00:00+00:00
[2023-06-17T02:26:31.659+0000] {processor.py:179} INFO - Processing /home/airflow/.local/lib/python3.7/site-packages/airflow/example_dags/example_nested_branch_dag.py took 0.151 seconds
[2023-06-17T02:27:16.565+0000] {processor.py:157} INFO - Started process (PID=1092) to work on /home/airflow/.local/lib/python3.7/site-packages/airflow/example_dags/example_nested_branch_dag.py
[2023-06-17T02:27:16.584+0000] {processor.py:826} INFO - Processing file /home/airflow/.local/lib/python3.7/site-packages/airflow/example_dags/example_nested_branch_dag.py for tasks to queue
[2023-06-17T02:27:16.584+0000] {logging_mixin.py:149} INFO - [2023-06-17T02:27:16.584+0000] {dagbag.py:541} INFO - Filling up the DagBag from /home/airflow/.local/lib/python3.7/site-packages/airflow/example_dags/example_nested_branch_dag.py
[2023-06-17T02:27:16.593+0000] {processor.py:836} INFO - DAG(s) dict_keys(['example_nested_branch_dag']) retrieved from /home/airflow/.local/lib/python3.7/site-packages/airflow/example_dags/example_nested_branch_dag.py
[2023-06-17T02:27:16.616+0000] {logging_mixin.py:149} INFO - [2023-06-17T02:27:16.615+0000] {dag.py:2726} INFO - Sync 1 DAGs
[2023-06-17T02:27:16.643+0000] {logging_mixin.py:149} INFO - [2023-06-17T02:27:16.643+0000] {dag.py:3490} INFO - Setting next_dagrun for example_nested_branch_dag to 2023-06-16T00:00:00+00:00, run_after=2023-06-17T00:00:00+00:00
[2023-06-17T02:27:16.807+0000] {processor.py:179} INFO - Processing /home/airflow/.local/lib/python3.7/site-packages/airflow/example_dags/example_nested_branch_dag.py took 0.245 seconds
[2023-06-17T02:27:48.135+0000] {processor.py:157} INFO - Started process (PID=1153) to work on /home/airflow/.local/lib/python3.7/site-packages/airflow/example_dags/example_nested_branch_dag.py
[2023-06-17T02:27:48.293+0000] {processor.py:826} INFO - Processing file /home/airflow/.local/lib/python3.7/site-packages/airflow/example_dags/example_nested_branch_dag.py for tasks to queue
[2023-06-17T02:27:48.376+0000] {logging_mixin.py:149} INFO - [2023-06-17T02:27:48.376+0000] {dagbag.py:541} INFO - Filling up the DagBag from /home/airflow/.local/lib/python3.7/site-packages/airflow/example_dags/example_nested_branch_dag.py
[2023-06-17T02:27:48.420+0000] {processor.py:836} INFO - DAG(s) dict_keys(['example_nested_branch_dag']) retrieved from /home/airflow/.local/lib/python3.7/site-packages/airflow/example_dags/example_nested_branch_dag.py
[2023-06-17T02:27:48.448+0000] {logging_mixin.py:149} INFO - [2023-06-17T02:27:48.448+0000] {dag.py:2726} INFO - Sync 1 DAGs
[2023-06-17T02:27:48.477+0000] {logging_mixin.py:149} INFO - [2023-06-17T02:27:48.477+0000] {dag.py:3490} INFO - Setting next_dagrun for example_nested_branch_dag to 2023-06-16T00:00:00+00:00, run_after=2023-06-17T00:00:00+00:00
[2023-06-17T02:27:48.621+0000] {processor.py:179} INFO - Processing /home/airflow/.local/lib/python3.7/site-packages/airflow/example_dags/example_nested_branch_dag.py took 0.488 seconds
[2023-06-17T02:28:18.939+0000] {processor.py:157} INFO - Started process (PID=1214) to work on /home/airflow/.local/lib/python3.7/site-packages/airflow/example_dags/example_nested_branch_dag.py
[2023-06-17T02:28:18.940+0000] {processor.py:826} INFO - Processing file /home/airflow/.local/lib/python3.7/site-packages/airflow/example_dags/example_nested_branch_dag.py for tasks to queue
[2023-06-17T02:28:18.941+0000] {logging_mixin.py:149} INFO - [2023-06-17T02:28:18.940+0000] {dagbag.py:541} INFO - Filling up the DagBag from /home/airflow/.local/lib/python3.7/site-packages/airflow/example_dags/example_nested_branch_dag.py
[2023-06-17T02:28:18.949+0000] {processor.py:836} INFO - DAG(s) dict_keys(['example_nested_branch_dag']) retrieved from /home/airflow/.local/lib/python3.7/site-packages/airflow/example_dags/example_nested_branch_dag.py
[2023-06-17T02:28:18.975+0000] {logging_mixin.py:149} INFO - [2023-06-17T02:28:18.975+0000] {dag.py:2726} INFO - Sync 1 DAGs
[2023-06-17T02:28:19.011+0000] {logging_mixin.py:149} INFO - [2023-06-17T02:28:19.011+0000] {dag.py:3490} INFO - Setting next_dagrun for example_nested_branch_dag to 2023-06-16T00:00:00+00:00, run_after=2023-06-17T00:00:00+00:00
[2023-06-17T02:28:19.049+0000] {processor.py:179} INFO - Processing /home/airflow/.local/lib/python3.7/site-packages/airflow/example_dags/example_nested_branch_dag.py took 0.112 seconds
[2023-06-17T02:28:50.208+0000] {processor.py:157} INFO - Started process (PID=1266) to work on /home/airflow/.local/lib/python3.7/site-packages/airflow/example_dags/example_nested_branch_dag.py
[2023-06-17T02:28:50.219+0000] {processor.py:826} INFO - Processing file /home/airflow/.local/lib/python3.7/site-packages/airflow/example_dags/example_nested_branch_dag.py for tasks to queue
[2023-06-17T02:28:50.220+0000] {logging_mixin.py:149} INFO - [2023-06-17T02:28:50.220+0000] {dagbag.py:541} INFO - Filling up the DagBag from /home/airflow/.local/lib/python3.7/site-packages/airflow/example_dags/example_nested_branch_dag.py
[2023-06-17T02:28:50.234+0000] {processor.py:836} INFO - DAG(s) dict_keys(['example_nested_branch_dag']) retrieved from /home/airflow/.local/lib/python3.7/site-packages/airflow/example_dags/example_nested_branch_dag.py
[2023-06-17T02:28:50.269+0000] {logging_mixin.py:149} INFO - [2023-06-17T02:28:50.269+0000] {dag.py:2726} INFO - Sync 1 DAGs
[2023-06-17T02:28:50.323+0000] {logging_mixin.py:149} INFO - [2023-06-17T02:28:50.322+0000] {dag.py:3490} INFO - Setting next_dagrun for example_nested_branch_dag to 2023-06-16T00:00:00+00:00, run_after=2023-06-17T00:00:00+00:00
[2023-06-17T02:28:50.397+0000] {processor.py:179} INFO - Processing /home/airflow/.local/lib/python3.7/site-packages/airflow/example_dags/example_nested_branch_dag.py took 0.192 seconds
[2023-06-17T02:29:21.858+0000] {processor.py:157} INFO - Started process (PID=1327) to work on /home/airflow/.local/lib/python3.7/site-packages/airflow/example_dags/example_nested_branch_dag.py
[2023-06-17T02:29:21.869+0000] {processor.py:826} INFO - Processing file /home/airflow/.local/lib/python3.7/site-packages/airflow/example_dags/example_nested_branch_dag.py for tasks to queue
[2023-06-17T02:29:21.869+0000] {logging_mixin.py:149} INFO - [2023-06-17T02:29:21.869+0000] {dagbag.py:541} INFO - Filling up the DagBag from /home/airflow/.local/lib/python3.7/site-packages/airflow/example_dags/example_nested_branch_dag.py
[2023-06-17T02:29:21.879+0000] {processor.py:836} INFO - DAG(s) dict_keys(['example_nested_branch_dag']) retrieved from /home/airflow/.local/lib/python3.7/site-packages/airflow/example_dags/example_nested_branch_dag.py
[2023-06-17T02:29:21.909+0000] {logging_mixin.py:149} INFO - [2023-06-17T02:29:21.909+0000] {dag.py:2726} INFO - Sync 1 DAGs
[2023-06-17T02:29:21.936+0000] {logging_mixin.py:149} INFO - [2023-06-17T02:29:21.936+0000] {dag.py:3490} INFO - Setting next_dagrun for example_nested_branch_dag to 2023-06-16T00:00:00+00:00, run_after=2023-06-17T00:00:00+00:00
[2023-06-17T02:29:22.143+0000] {processor.py:179} INFO - Processing /home/airflow/.local/lib/python3.7/site-packages/airflow/example_dags/example_nested_branch_dag.py took 0.287 seconds
[2023-06-17T02:32:14.327+0000] {processor.py:157} INFO - Started process (PID=1407) to work on /home/airflow/.local/lib/python3.7/site-packages/airflow/example_dags/example_nested_branch_dag.py
[2023-06-17T02:32:14.664+0000] {processor.py:826} INFO - Processing file /home/airflow/.local/lib/python3.7/site-packages/airflow/example_dags/example_nested_branch_dag.py for tasks to queue
[2023-06-17T02:32:14.667+0000] {logging_mixin.py:149} INFO - [2023-06-17T02:32:14.666+0000] {dagbag.py:541} INFO - Filling up the DagBag from /home/airflow/.local/lib/python3.7/site-packages/airflow/example_dags/example_nested_branch_dag.py
[2023-06-17T02:32:14.700+0000] {processor.py:836} INFO - DAG(s) dict_keys(['example_nested_branch_dag']) retrieved from /home/airflow/.local/lib/python3.7/site-packages/airflow/example_dags/example_nested_branch_dag.py
[2023-06-17T02:32:14.730+0000] {logging_mixin.py:149} INFO - [2023-06-17T02:32:14.729+0000] {dag.py:2726} INFO - Sync 1 DAGs
[2023-06-17T02:32:14.759+0000] {logging_mixin.py:149} INFO - [2023-06-17T02:32:14.759+0000] {dag.py:3490} INFO - Setting next_dagrun for example_nested_branch_dag to 2023-06-16T00:00:00+00:00, run_after=2023-06-17T00:00:00+00:00
[2023-06-17T02:32:14.923+0000] {processor.py:179} INFO - Processing /home/airflow/.local/lib/python3.7/site-packages/airflow/example_dags/example_nested_branch_dag.py took 0.606 seconds
[2023-06-17T02:32:45.138+0000] {processor.py:157} INFO - Started process (PID=1466) to work on /home/airflow/.local/lib/python3.7/site-packages/airflow/example_dags/example_nested_branch_dag.py
[2023-06-17T02:32:45.315+0000] {processor.py:826} INFO - Processing file /home/airflow/.local/lib/python3.7/site-packages/airflow/example_dags/example_nested_branch_dag.py for tasks to queue
[2023-06-17T02:32:45.331+0000] {logging_mixin.py:149} INFO - [2023-06-17T02:32:45.330+0000] {dagbag.py:541} INFO - Filling up the DagBag from /home/airflow/.local/lib/python3.7/site-packages/airflow/example_dags/example_nested_branch_dag.py
[2023-06-17T02:32:45.369+0000] {processor.py:836} INFO - DAG(s) dict_keys(['example_nested_branch_dag']) retrieved from /home/airflow/.local/lib/python3.7/site-packages/airflow/example_dags/example_nested_branch_dag.py
[2023-06-17T02:32:45.398+0000] {logging_mixin.py:149} INFO - [2023-06-17T02:32:45.398+0000] {dag.py:2726} INFO - Sync 1 DAGs
[2023-06-17T02:32:45.428+0000] {logging_mixin.py:149} INFO - [2023-06-17T02:32:45.428+0000] {dag.py:3490} INFO - Setting next_dagrun for example_nested_branch_dag to 2023-06-16T00:00:00+00:00, run_after=2023-06-17T00:00:00+00:00
[2023-06-17T02:32:45.868+0000] {processor.py:179} INFO - Processing /home/airflow/.local/lib/python3.7/site-packages/airflow/example_dags/example_nested_branch_dag.py took 0.735 seconds
[2023-06-17T02:33:16.050+0000] {processor.py:157} INFO - Started process (PID=1519) to work on /home/airflow/.local/lib/python3.7/site-packages/airflow/example_dags/example_nested_branch_dag.py
[2023-06-17T02:33:16.062+0000] {processor.py:826} INFO - Processing file /home/airflow/.local/lib/python3.7/site-packages/airflow/example_dags/example_nested_branch_dag.py for tasks to queue
[2023-06-17T02:33:16.063+0000] {logging_mixin.py:149} INFO - [2023-06-17T02:33:16.063+0000] {dagbag.py:541} INFO - Filling up the DagBag from /home/airflow/.local/lib/python3.7/site-packages/airflow/example_dags/example_nested_branch_dag.py
[2023-06-17T02:33:16.074+0000] {processor.py:836} INFO - DAG(s) dict_keys(['example_nested_branch_dag']) retrieved from /home/airflow/.local/lib/python3.7/site-packages/airflow/example_dags/example_nested_branch_dag.py
[2023-06-17T02:33:16.107+0000] {logging_mixin.py:149} INFO - [2023-06-17T02:33:16.107+0000] {dag.py:2726} INFO - Sync 1 DAGs
[2023-06-17T02:33:16.144+0000] {logging_mixin.py:149} INFO - [2023-06-17T02:33:16.144+0000] {dag.py:3490} INFO - Setting next_dagrun for example_nested_branch_dag to 2023-06-16T00:00:00+00:00, run_after=2023-06-17T00:00:00+00:00
[2023-06-17T02:33:16.174+0000] {processor.py:179} INFO - Processing /home/airflow/.local/lib/python3.7/site-packages/airflow/example_dags/example_nested_branch_dag.py took 0.127 seconds
[2023-06-17T02:33:46.458+0000] {processor.py:157} INFO - Started process (PID=1580) to work on /home/airflow/.local/lib/python3.7/site-packages/airflow/example_dags/example_nested_branch_dag.py
[2023-06-17T02:33:46.481+0000] {processor.py:826} INFO - Processing file /home/airflow/.local/lib/python3.7/site-packages/airflow/example_dags/example_nested_branch_dag.py for tasks to queue
[2023-06-17T02:33:46.482+0000] {logging_mixin.py:149} INFO - [2023-06-17T02:33:46.481+0000] {dagbag.py:541} INFO - Filling up the DagBag from /home/airflow/.local/lib/python3.7/site-packages/airflow/example_dags/example_nested_branch_dag.py
[2023-06-17T02:33:46.494+0000] {processor.py:836} INFO - DAG(s) dict_keys(['example_nested_branch_dag']) retrieved from /home/airflow/.local/lib/python3.7/site-packages/airflow/example_dags/example_nested_branch_dag.py
[2023-06-17T02:33:46.526+0000] {logging_mixin.py:149} INFO - [2023-06-17T02:33:46.526+0000] {dag.py:2726} INFO - Sync 1 DAGs
[2023-06-17T02:33:46.559+0000] {logging_mixin.py:149} INFO - [2023-06-17T02:33:46.559+0000] {dag.py:3490} INFO - Setting next_dagrun for example_nested_branch_dag to 2023-06-16T00:00:00+00:00, run_after=2023-06-17T00:00:00+00:00
[2023-06-17T02:33:46.685+0000] {processor.py:179} INFO - Processing /home/airflow/.local/lib/python3.7/site-packages/airflow/example_dags/example_nested_branch_dag.py took 0.232 seconds
[2023-06-17T02:34:17.162+0000] {processor.py:157} INFO - Started process (PID=1641) to work on /home/airflow/.local/lib/python3.7/site-packages/airflow/example_dags/example_nested_branch_dag.py
[2023-06-17T02:34:17.174+0000] {processor.py:826} INFO - Processing file /home/airflow/.local/lib/python3.7/site-packages/airflow/example_dags/example_nested_branch_dag.py for tasks to queue
[2023-06-17T02:34:17.174+0000] {logging_mixin.py:149} INFO - [2023-06-17T02:34:17.174+0000] {dagbag.py:541} INFO - Filling up the DagBag from /home/airflow/.local/lib/python3.7/site-packages/airflow/example_dags/example_nested_branch_dag.py
[2023-06-17T02:34:17.187+0000] {processor.py:836} INFO - DAG(s) dict_keys(['example_nested_branch_dag']) retrieved from /home/airflow/.local/lib/python3.7/site-packages/airflow/example_dags/example_nested_branch_dag.py
[2023-06-17T02:34:17.219+0000] {logging_mixin.py:149} INFO - [2023-06-17T02:34:17.218+0000] {dag.py:2726} INFO - Sync 1 DAGs
[2023-06-17T02:34:17.258+0000] {logging_mixin.py:149} INFO - [2023-06-17T02:34:17.258+0000] {dag.py:3490} INFO - Setting next_dagrun for example_nested_branch_dag to 2023-06-16T00:00:00+00:00, run_after=2023-06-17T00:00:00+00:00
[2023-06-17T02:34:17.287+0000] {processor.py:179} INFO - Processing /home/airflow/.local/lib/python3.7/site-packages/airflow/example_dags/example_nested_branch_dag.py took 0.128 seconds
[2023-06-17T02:34:47.382+0000] {processor.py:157} INFO - Started process (PID=1701) to work on /home/airflow/.local/lib/python3.7/site-packages/airflow/example_dags/example_nested_branch_dag.py
[2023-06-17T02:34:47.394+0000] {processor.py:826} INFO - Processing file /home/airflow/.local/lib/python3.7/site-packages/airflow/example_dags/example_nested_branch_dag.py for tasks to queue
[2023-06-17T02:34:47.395+0000] {logging_mixin.py:149} INFO - [2023-06-17T02:34:47.395+0000] {dagbag.py:541} INFO - Filling up the DagBag from /home/airflow/.local/lib/python3.7/site-packages/airflow/example_dags/example_nested_branch_dag.py
[2023-06-17T02:34:47.411+0000] {processor.py:836} INFO - DAG(s) dict_keys(['example_nested_branch_dag']) retrieved from /home/airflow/.local/lib/python3.7/site-packages/airflow/example_dags/example_nested_branch_dag.py
[2023-06-17T02:34:47.455+0000] {logging_mixin.py:149} INFO - [2023-06-17T02:34:47.455+0000] {dag.py:2726} INFO - Sync 1 DAGs
[2023-06-17T02:34:47.524+0000] {logging_mixin.py:149} INFO - [2023-06-17T02:34:47.523+0000] {dag.py:3490} INFO - Setting next_dagrun for example_nested_branch_dag to 2023-06-16T00:00:00+00:00, run_after=2023-06-17T00:00:00+00:00
[2023-06-17T02:34:47.580+0000] {processor.py:179} INFO - Processing /home/airflow/.local/lib/python3.7/site-packages/airflow/example_dags/example_nested_branch_dag.py took 0.202 seconds
[2023-06-17T02:35:17.993+0000] {processor.py:157} INFO - Started process (PID=1761) to work on /home/airflow/.local/lib/python3.7/site-packages/airflow/example_dags/example_nested_branch_dag.py
[2023-06-17T02:35:18.035+0000] {processor.py:826} INFO - Processing file /home/airflow/.local/lib/python3.7/site-packages/airflow/example_dags/example_nested_branch_dag.py for tasks to queue
[2023-06-17T02:35:18.035+0000] {logging_mixin.py:149} INFO - [2023-06-17T02:35:18.035+0000] {dagbag.py:541} INFO - Filling up the DagBag from /home/airflow/.local/lib/python3.7/site-packages/airflow/example_dags/example_nested_branch_dag.py
[2023-06-17T02:35:18.048+0000] {processor.py:836} INFO - DAG(s) dict_keys(['example_nested_branch_dag']) retrieved from /home/airflow/.local/lib/python3.7/site-packages/airflow/example_dags/example_nested_branch_dag.py
[2023-06-17T02:35:18.084+0000] {logging_mixin.py:149} INFO - [2023-06-17T02:35:18.084+0000] {dag.py:2726} INFO - Sync 1 DAGs
[2023-06-17T02:35:18.123+0000] {logging_mixin.py:149} INFO - [2023-06-17T02:35:18.123+0000] {dag.py:3490} INFO - Setting next_dagrun for example_nested_branch_dag to 2023-06-16T00:00:00+00:00, run_after=2023-06-17T00:00:00+00:00
[2023-06-17T02:35:18.163+0000] {processor.py:179} INFO - Processing /home/airflow/.local/lib/python3.7/site-packages/airflow/example_dags/example_nested_branch_dag.py took 0.173 seconds
[2023-06-17T02:35:48.729+0000] {processor.py:157} INFO - Started process (PID=1822) to work on /home/airflow/.local/lib/python3.7/site-packages/airflow/example_dags/example_nested_branch_dag.py
[2023-06-17T02:35:48.813+0000] {processor.py:826} INFO - Processing file /home/airflow/.local/lib/python3.7/site-packages/airflow/example_dags/example_nested_branch_dag.py for tasks to queue
[2023-06-17T02:35:48.814+0000] {logging_mixin.py:149} INFO - [2023-06-17T02:35:48.814+0000] {dagbag.py:541} INFO - Filling up the DagBag from /home/airflow/.local/lib/python3.7/site-packages/airflow/example_dags/example_nested_branch_dag.py
[2023-06-17T02:35:48.825+0000] {processor.py:836} INFO - DAG(s) dict_keys(['example_nested_branch_dag']) retrieved from /home/airflow/.local/lib/python3.7/site-packages/airflow/example_dags/example_nested_branch_dag.py
[2023-06-17T02:35:48.851+0000] {logging_mixin.py:149} INFO - [2023-06-17T02:35:48.851+0000] {dag.py:2726} INFO - Sync 1 DAGs
[2023-06-17T02:35:48.884+0000] {logging_mixin.py:149} INFO - [2023-06-17T02:35:48.884+0000] {dag.py:3490} INFO - Setting next_dagrun for example_nested_branch_dag to 2023-06-16T00:00:00+00:00, run_after=2023-06-17T00:00:00+00:00
[2023-06-17T02:35:48.909+0000] {processor.py:179} INFO - Processing /home/airflow/.local/lib/python3.7/site-packages/airflow/example_dags/example_nested_branch_dag.py took 0.183 seconds
[2023-06-17T02:36:19.286+0000] {processor.py:157} INFO - Started process (PID=1883) to work on /home/airflow/.local/lib/python3.7/site-packages/airflow/example_dags/example_nested_branch_dag.py
[2023-06-17T02:36:19.331+0000] {processor.py:826} INFO - Processing file /home/airflow/.local/lib/python3.7/site-packages/airflow/example_dags/example_nested_branch_dag.py for tasks to queue
[2023-06-17T02:36:19.332+0000] {logging_mixin.py:149} INFO - [2023-06-17T02:36:19.332+0000] {dagbag.py:541} INFO - Filling up the DagBag from /home/airflow/.local/lib/python3.7/site-packages/airflow/example_dags/example_nested_branch_dag.py
[2023-06-17T02:36:19.342+0000] {processor.py:836} INFO - DAG(s) dict_keys(['example_nested_branch_dag']) retrieved from /home/airflow/.local/lib/python3.7/site-packages/airflow/example_dags/example_nested_branch_dag.py
[2023-06-17T02:36:19.369+0000] {logging_mixin.py:149} INFO - [2023-06-17T02:36:19.369+0000] {dag.py:2726} INFO - Sync 1 DAGs
[2023-06-17T02:36:19.402+0000] {logging_mixin.py:149} INFO - [2023-06-17T02:36:19.402+0000] {dag.py:3490} INFO - Setting next_dagrun for example_nested_branch_dag to 2023-06-16T00:00:00+00:00, run_after=2023-06-17T00:00:00+00:00
[2023-06-17T02:36:19.434+0000] {processor.py:179} INFO - Processing /home/airflow/.local/lib/python3.7/site-packages/airflow/example_dags/example_nested_branch_dag.py took 0.151 seconds
[2023-06-17T02:36:49.709+0000] {processor.py:157} INFO - Started process (PID=1944) to work on /home/airflow/.local/lib/python3.7/site-packages/airflow/example_dags/example_nested_branch_dag.py
[2023-06-17T02:36:49.732+0000] {processor.py:826} INFO - Processing file /home/airflow/.local/lib/python3.7/site-packages/airflow/example_dags/example_nested_branch_dag.py for tasks to queue
[2023-06-17T02:36:49.732+0000] {logging_mixin.py:149} INFO - [2023-06-17T02:36:49.732+0000] {dagbag.py:541} INFO - Filling up the DagBag from /home/airflow/.local/lib/python3.7/site-packages/airflow/example_dags/example_nested_branch_dag.py
[2023-06-17T02:36:49.743+0000] {processor.py:836} INFO - DAG(s) dict_keys(['example_nested_branch_dag']) retrieved from /home/airflow/.local/lib/python3.7/site-packages/airflow/example_dags/example_nested_branch_dag.py
[2023-06-17T02:36:49.769+0000] {logging_mixin.py:149} INFO - [2023-06-17T02:36:49.769+0000] {dag.py:2726} INFO - Sync 1 DAGs
[2023-06-17T02:36:49.810+0000] {logging_mixin.py:149} INFO - [2023-06-17T02:36:49.810+0000] {dag.py:3490} INFO - Setting next_dagrun for example_nested_branch_dag to 2023-06-16T00:00:00+00:00, run_after=2023-06-17T00:00:00+00:00
[2023-06-17T02:36:49.848+0000] {processor.py:179} INFO - Processing /home/airflow/.local/lib/python3.7/site-packages/airflow/example_dags/example_nested_branch_dag.py took 0.142 seconds
[2023-06-17T02:37:20.125+0000] {processor.py:157} INFO - Started process (PID=2005) to work on /home/airflow/.local/lib/python3.7/site-packages/airflow/example_dags/example_nested_branch_dag.py
[2023-06-17T02:37:20.180+0000] {processor.py:826} INFO - Processing file /home/airflow/.local/lib/python3.7/site-packages/airflow/example_dags/example_nested_branch_dag.py for tasks to queue
[2023-06-17T02:37:20.182+0000] {logging_mixin.py:149} INFO - [2023-06-17T02:37:20.181+0000] {dagbag.py:541} INFO - Filling up the DagBag from /home/airflow/.local/lib/python3.7/site-packages/airflow/example_dags/example_nested_branch_dag.py
[2023-06-17T02:37:20.210+0000] {processor.py:836} INFO - DAG(s) dict_keys(['example_nested_branch_dag']) retrieved from /home/airflow/.local/lib/python3.7/site-packages/airflow/example_dags/example_nested_branch_dag.py
[2023-06-17T02:37:20.242+0000] {logging_mixin.py:149} INFO - [2023-06-17T02:37:20.242+0000] {dag.py:2726} INFO - Sync 1 DAGs
[2023-06-17T02:37:20.269+0000] {logging_mixin.py:149} INFO - [2023-06-17T02:37:20.269+0000] {dag.py:3490} INFO - Setting next_dagrun for example_nested_branch_dag to 2023-06-16T00:00:00+00:00, run_after=2023-06-17T00:00:00+00:00
[2023-06-17T02:37:20.390+0000] {processor.py:179} INFO - Processing /home/airflow/.local/lib/python3.7/site-packages/airflow/example_dags/example_nested_branch_dag.py took 0.269 seconds
[2023-06-17T02:37:50.548+0000] {processor.py:157} INFO - Started process (PID=2065) to work on /home/airflow/.local/lib/python3.7/site-packages/airflow/example_dags/example_nested_branch_dag.py
[2023-06-17T02:37:50.557+0000] {processor.py:826} INFO - Processing file /home/airflow/.local/lib/python3.7/site-packages/airflow/example_dags/example_nested_branch_dag.py for tasks to queue
[2023-06-17T02:37:50.558+0000] {logging_mixin.py:149} INFO - [2023-06-17T02:37:50.558+0000] {dagbag.py:541} INFO - Filling up the DagBag from /home/airflow/.local/lib/python3.7/site-packages/airflow/example_dags/example_nested_branch_dag.py
[2023-06-17T02:37:50.581+0000] {processor.py:836} INFO - DAG(s) dict_keys(['example_nested_branch_dag']) retrieved from /home/airflow/.local/lib/python3.7/site-packages/airflow/example_dags/example_nested_branch_dag.py
[2023-06-17T02:37:50.635+0000] {logging_mixin.py:149} INFO - [2023-06-17T02:37:50.635+0000] {dag.py:2726} INFO - Sync 1 DAGs
[2023-06-17T02:37:50.674+0000] {logging_mixin.py:149} INFO - [2023-06-17T02:37:50.674+0000] {dag.py:3490} INFO - Setting next_dagrun for example_nested_branch_dag to 2023-06-16T00:00:00+00:00, run_after=2023-06-17T00:00:00+00:00
[2023-06-17T02:37:50.828+0000] {processor.py:179} INFO - Processing /home/airflow/.local/lib/python3.7/site-packages/airflow/example_dags/example_nested_branch_dag.py took 0.284 seconds
[2023-06-17T03:24:50.795+0000] {processor.py:157} INFO - Started process (PID=2128) to work on /home/airflow/.local/lib/python3.7/site-packages/airflow/example_dags/example_nested_branch_dag.py
[2023-06-17T03:24:51.239+0000] {processor.py:826} INFO - Processing file /home/airflow/.local/lib/python3.7/site-packages/airflow/example_dags/example_nested_branch_dag.py for tasks to queue
[2023-06-17T03:24:51.397+0000] {logging_mixin.py:149} INFO - [2023-06-17T03:24:51.397+0000] {dagbag.py:541} INFO - Filling up the DagBag from /home/airflow/.local/lib/python3.7/site-packages/airflow/example_dags/example_nested_branch_dag.py
[2023-06-17T03:24:51.406+0000] {processor.py:836} INFO - DAG(s) dict_keys(['example_nested_branch_dag']) retrieved from /home/airflow/.local/lib/python3.7/site-packages/airflow/example_dags/example_nested_branch_dag.py
[2023-06-17T03:24:51.428+0000] {logging_mixin.py:149} INFO - [2023-06-17T03:24:51.428+0000] {dag.py:2726} INFO - Sync 1 DAGs
[2023-06-17T03:24:51.454+0000] {logging_mixin.py:149} INFO - [2023-06-17T03:24:51.454+0000] {dag.py:3490} INFO - Setting next_dagrun for example_nested_branch_dag to 2023-06-16T00:00:00+00:00, run_after=2023-06-17T00:00:00+00:00
[2023-06-17T03:24:51.904+0000] {processor.py:179} INFO - Processing /home/airflow/.local/lib/python3.7/site-packages/airflow/example_dags/example_nested_branch_dag.py took 1.112 seconds
[2023-06-17T03:25:21.947+0000] {processor.py:157} INFO - Started process (PID=2189) to work on /home/airflow/.local/lib/python3.7/site-packages/airflow/example_dags/example_nested_branch_dag.py
[2023-06-17T03:25:21.958+0000] {processor.py:826} INFO - Processing file /home/airflow/.local/lib/python3.7/site-packages/airflow/example_dags/example_nested_branch_dag.py for tasks to queue
[2023-06-17T03:25:21.959+0000] {logging_mixin.py:149} INFO - [2023-06-17T03:25:21.959+0000] {dagbag.py:541} INFO - Filling up the DagBag from /home/airflow/.local/lib/python3.7/site-packages/airflow/example_dags/example_nested_branch_dag.py
[2023-06-17T03:25:21.973+0000] {processor.py:836} INFO - DAG(s) dict_keys(['example_nested_branch_dag']) retrieved from /home/airflow/.local/lib/python3.7/site-packages/airflow/example_dags/example_nested_branch_dag.py
[2023-06-17T03:25:22.021+0000] {logging_mixin.py:149} INFO - [2023-06-17T03:25:22.021+0000] {dag.py:2726} INFO - Sync 1 DAGs
[2023-06-17T03:25:22.086+0000] {logging_mixin.py:149} INFO - [2023-06-17T03:25:22.086+0000] {dag.py:3490} INFO - Setting next_dagrun for example_nested_branch_dag to 2023-06-16T00:00:00+00:00, run_after=2023-06-17T00:00:00+00:00
[2023-06-17T03:25:22.301+0000] {processor.py:179} INFO - Processing /home/airflow/.local/lib/python3.7/site-packages/airflow/example_dags/example_nested_branch_dag.py took 0.357 seconds
[2023-06-17T03:35:59.525+0000] {processor.py:157} INFO - Started process (PID=72) to work on /home/airflow/.local/lib/python3.7/site-packages/airflow/example_dags/example_nested_branch_dag.py
[2023-06-17T03:35:59.592+0000] {processor.py:826} INFO - Processing file /home/airflow/.local/lib/python3.7/site-packages/airflow/example_dags/example_nested_branch_dag.py for tasks to queue
[2023-06-17T03:35:59.593+0000] {logging_mixin.py:149} INFO - [2023-06-17T03:35:59.593+0000] {dagbag.py:541} INFO - Filling up the DagBag from /home/airflow/.local/lib/python3.7/site-packages/airflow/example_dags/example_nested_branch_dag.py
[2023-06-17T03:35:59.608+0000] {processor.py:836} INFO - DAG(s) dict_keys(['example_nested_branch_dag']) retrieved from /home/airflow/.local/lib/python3.7/site-packages/airflow/example_dags/example_nested_branch_dag.py
[2023-06-17T03:35:59.652+0000] {logging_mixin.py:149} INFO - [2023-06-17T03:35:59.652+0000] {dag.py:2726} INFO - Sync 1 DAGs
[2023-06-17T03:35:59.721+0000] {logging_mixin.py:149} INFO - [2023-06-17T03:35:59.721+0000] {dag.py:3490} INFO - Setting next_dagrun for example_nested_branch_dag to 2023-06-16T00:00:00+00:00, run_after=2023-06-17T00:00:00+00:00
[2023-06-17T03:35:59.909+0000] {processor.py:179} INFO - Processing /home/airflow/.local/lib/python3.7/site-packages/airflow/example_dags/example_nested_branch_dag.py took 0.387 seconds
[2023-06-17T03:36:32.273+0000] {processor.py:157} INFO - Started process (PID=133) to work on /home/airflow/.local/lib/python3.7/site-packages/airflow/example_dags/example_nested_branch_dag.py
[2023-06-17T03:36:32.498+0000] {processor.py:826} INFO - Processing file /home/airflow/.local/lib/python3.7/site-packages/airflow/example_dags/example_nested_branch_dag.py for tasks to queue
[2023-06-17T03:36:32.500+0000] {logging_mixin.py:149} INFO - [2023-06-17T03:36:32.499+0000] {dagbag.py:541} INFO - Filling up the DagBag from /home/airflow/.local/lib/python3.7/site-packages/airflow/example_dags/example_nested_branch_dag.py
[2023-06-17T03:36:32.546+0000] {processor.py:836} INFO - DAG(s) dict_keys(['example_nested_branch_dag']) retrieved from /home/airflow/.local/lib/python3.7/site-packages/airflow/example_dags/example_nested_branch_dag.py
[2023-06-17T03:36:32.574+0000] {logging_mixin.py:149} INFO - [2023-06-17T03:36:32.574+0000] {dag.py:2726} INFO - Sync 1 DAGs
[2023-06-17T03:36:32.602+0000] {logging_mixin.py:149} INFO - [2023-06-17T03:36:32.602+0000] {dag.py:3490} INFO - Setting next_dagrun for example_nested_branch_dag to 2023-06-16T00:00:00+00:00, run_after=2023-06-17T00:00:00+00:00
[2023-06-17T03:36:32.892+0000] {processor.py:179} INFO - Processing /home/airflow/.local/lib/python3.7/site-packages/airflow/example_dags/example_nested_branch_dag.py took 0.623 seconds
[2023-06-17T03:37:02.992+0000] {processor.py:157} INFO - Started process (PID=187) to work on /home/airflow/.local/lib/python3.7/site-packages/airflow/example_dags/example_nested_branch_dag.py
[2023-06-17T03:37:03.000+0000] {processor.py:826} INFO - Processing file /home/airflow/.local/lib/python3.7/site-packages/airflow/example_dags/example_nested_branch_dag.py for tasks to queue
[2023-06-17T03:37:03.001+0000] {logging_mixin.py:149} INFO - [2023-06-17T03:37:03.001+0000] {dagbag.py:541} INFO - Filling up the DagBag from /home/airflow/.local/lib/python3.7/site-packages/airflow/example_dags/example_nested_branch_dag.py
[2023-06-17T03:37:03.013+0000] {processor.py:836} INFO - DAG(s) dict_keys(['example_nested_branch_dag']) retrieved from /home/airflow/.local/lib/python3.7/site-packages/airflow/example_dags/example_nested_branch_dag.py
[2023-06-17T03:37:03.040+0000] {logging_mixin.py:149} INFO - [2023-06-17T03:37:03.040+0000] {dag.py:2726} INFO - Sync 1 DAGs
[2023-06-17T03:37:03.201+0000] {logging_mixin.py:149} INFO - [2023-06-17T03:37:03.201+0000] {dag.py:3490} INFO - Setting next_dagrun for example_nested_branch_dag to 2023-06-16T00:00:00+00:00, run_after=2023-06-17T00:00:00+00:00
[2023-06-17T03:37:03.274+0000] {processor.py:179} INFO - Processing /home/airflow/.local/lib/python3.7/site-packages/airflow/example_dags/example_nested_branch_dag.py took 0.285 seconds
[2023-06-17T03:37:33.743+0000] {processor.py:157} INFO - Started process (PID=249) to work on /home/airflow/.local/lib/python3.7/site-packages/airflow/example_dags/example_nested_branch_dag.py
[2023-06-17T03:37:33.840+0000] {processor.py:826} INFO - Processing file /home/airflow/.local/lib/python3.7/site-packages/airflow/example_dags/example_nested_branch_dag.py for tasks to queue
[2023-06-17T03:37:33.842+0000] {logging_mixin.py:149} INFO - [2023-06-17T03:37:33.842+0000] {dagbag.py:541} INFO - Filling up the DagBag from /home/airflow/.local/lib/python3.7/site-packages/airflow/example_dags/example_nested_branch_dag.py
[2023-06-17T03:37:33.867+0000] {processor.py:836} INFO - DAG(s) dict_keys(['example_nested_branch_dag']) retrieved from /home/airflow/.local/lib/python3.7/site-packages/airflow/example_dags/example_nested_branch_dag.py
[2023-06-17T03:37:33.897+0000] {logging_mixin.py:149} INFO - [2023-06-17T03:37:33.897+0000] {dag.py:2726} INFO - Sync 1 DAGs
[2023-06-17T03:37:33.923+0000] {logging_mixin.py:149} INFO - [2023-06-17T03:37:33.923+0000] {dag.py:3490} INFO - Setting next_dagrun for example_nested_branch_dag to 2023-06-16T00:00:00+00:00, run_after=2023-06-17T00:00:00+00:00
[2023-06-17T03:37:33.978+0000] {processor.py:179} INFO - Processing /home/airflow/.local/lib/python3.7/site-packages/airflow/example_dags/example_nested_branch_dag.py took 0.238 seconds
[2023-06-17T03:38:04.304+0000] {processor.py:157} INFO - Started process (PID=310) to work on /home/airflow/.local/lib/python3.7/site-packages/airflow/example_dags/example_nested_branch_dag.py
[2023-06-17T03:38:04.313+0000] {processor.py:826} INFO - Processing file /home/airflow/.local/lib/python3.7/site-packages/airflow/example_dags/example_nested_branch_dag.py for tasks to queue
[2023-06-17T03:38:04.314+0000] {logging_mixin.py:149} INFO - [2023-06-17T03:38:04.314+0000] {dagbag.py:541} INFO - Filling up the DagBag from /home/airflow/.local/lib/python3.7/site-packages/airflow/example_dags/example_nested_branch_dag.py
[2023-06-17T03:38:04.326+0000] {processor.py:836} INFO - DAG(s) dict_keys(['example_nested_branch_dag']) retrieved from /home/airflow/.local/lib/python3.7/site-packages/airflow/example_dags/example_nested_branch_dag.py
[2023-06-17T03:38:04.356+0000] {logging_mixin.py:149} INFO - [2023-06-17T03:38:04.356+0000] {dag.py:2726} INFO - Sync 1 DAGs
[2023-06-17T03:38:04.394+0000] {logging_mixin.py:149} INFO - [2023-06-17T03:38:04.394+0000] {dag.py:3490} INFO - Setting next_dagrun for example_nested_branch_dag to 2023-06-16T00:00:00+00:00, run_after=2023-06-17T00:00:00+00:00
[2023-06-17T03:38:04.426+0000] {processor.py:179} INFO - Processing /home/airflow/.local/lib/python3.7/site-packages/airflow/example_dags/example_nested_branch_dag.py took 0.125 seconds
[2023-06-17T03:38:34.911+0000] {processor.py:157} INFO - Started process (PID=371) to work on /home/airflow/.local/lib/python3.7/site-packages/airflow/example_dags/example_nested_branch_dag.py
[2023-06-17T03:38:34.998+0000] {processor.py:826} INFO - Processing file /home/airflow/.local/lib/python3.7/site-packages/airflow/example_dags/example_nested_branch_dag.py for tasks to queue
[2023-06-17T03:38:35.001+0000] {logging_mixin.py:149} INFO - [2023-06-17T03:38:35.000+0000] {dagbag.py:541} INFO - Filling up the DagBag from /home/airflow/.local/lib/python3.7/site-packages/airflow/example_dags/example_nested_branch_dag.py
[2023-06-17T03:38:35.033+0000] {processor.py:836} INFO - DAG(s) dict_keys(['example_nested_branch_dag']) retrieved from /home/airflow/.local/lib/python3.7/site-packages/airflow/example_dags/example_nested_branch_dag.py
[2023-06-17T03:38:35.063+0000] {logging_mixin.py:149} INFO - [2023-06-17T03:38:35.063+0000] {dag.py:2726} INFO - Sync 1 DAGs
[2023-06-17T03:38:35.093+0000] {logging_mixin.py:149} INFO - [2023-06-17T03:38:35.093+0000] {dag.py:3490} INFO - Setting next_dagrun for example_nested_branch_dag to 2023-06-16T00:00:00+00:00, run_after=2023-06-17T00:00:00+00:00
[2023-06-17T03:38:35.243+0000] {processor.py:179} INFO - Processing /home/airflow/.local/lib/python3.7/site-packages/airflow/example_dags/example_nested_branch_dag.py took 0.337 seconds
[2023-06-17T03:39:05.769+0000] {processor.py:157} INFO - Started process (PID=432) to work on /home/airflow/.local/lib/python3.7/site-packages/airflow/example_dags/example_nested_branch_dag.py
[2023-06-17T03:39:05.774+0000] {processor.py:826} INFO - Processing file /home/airflow/.local/lib/python3.7/site-packages/airflow/example_dags/example_nested_branch_dag.py for tasks to queue
[2023-06-17T03:39:05.775+0000] {logging_mixin.py:149} INFO - [2023-06-17T03:39:05.775+0000] {dagbag.py:541} INFO - Filling up the DagBag from /home/airflow/.local/lib/python3.7/site-packages/airflow/example_dags/example_nested_branch_dag.py
[2023-06-17T03:39:05.785+0000] {processor.py:836} INFO - DAG(s) dict_keys(['example_nested_branch_dag']) retrieved from /home/airflow/.local/lib/python3.7/site-packages/airflow/example_dags/example_nested_branch_dag.py
[2023-06-17T03:39:05.807+0000] {logging_mixin.py:149} INFO - [2023-06-17T03:39:05.807+0000] {dag.py:2726} INFO - Sync 1 DAGs
[2023-06-17T03:39:05.834+0000] {logging_mixin.py:149} INFO - [2023-06-17T03:39:05.834+0000] {dag.py:3490} INFO - Setting next_dagrun for example_nested_branch_dag to 2023-06-16T00:00:00+00:00, run_after=2023-06-17T00:00:00+00:00
[2023-06-17T03:39:05.864+0000] {processor.py:179} INFO - Processing /home/airflow/.local/lib/python3.7/site-packages/airflow/example_dags/example_nested_branch_dag.py took 0.098 seconds
[2023-06-17T03:39:36.882+0000] {processor.py:157} INFO - Started process (PID=500) to work on /home/airflow/.local/lib/python3.7/site-packages/airflow/example_dags/example_nested_branch_dag.py
[2023-06-17T03:39:36.898+0000] {processor.py:826} INFO - Processing file /home/airflow/.local/lib/python3.7/site-packages/airflow/example_dags/example_nested_branch_dag.py for tasks to queue
[2023-06-17T03:39:36.899+0000] {logging_mixin.py:149} INFO - [2023-06-17T03:39:36.899+0000] {dagbag.py:541} INFO - Filling up the DagBag from /home/airflow/.local/lib/python3.7/site-packages/airflow/example_dags/example_nested_branch_dag.py
[2023-06-17T03:39:36.907+0000] {processor.py:836} INFO - DAG(s) dict_keys(['example_nested_branch_dag']) retrieved from /home/airflow/.local/lib/python3.7/site-packages/airflow/example_dags/example_nested_branch_dag.py
[2023-06-17T03:39:36.935+0000] {logging_mixin.py:149} INFO - [2023-06-17T03:39:36.935+0000] {dag.py:2726} INFO - Sync 1 DAGs
[2023-06-17T03:39:36.966+0000] {logging_mixin.py:149} INFO - [2023-06-17T03:39:36.966+0000] {dag.py:3490} INFO - Setting next_dagrun for example_nested_branch_dag to 2023-06-16T00:00:00+00:00, run_after=2023-06-17T00:00:00+00:00
[2023-06-17T03:39:36.999+0000] {processor.py:179} INFO - Processing /home/airflow/.local/lib/python3.7/site-packages/airflow/example_dags/example_nested_branch_dag.py took 0.121 seconds
[2023-06-17T03:40:07.421+0000] {processor.py:157} INFO - Started process (PID=561) to work on /home/airflow/.local/lib/python3.7/site-packages/airflow/example_dags/example_nested_branch_dag.py
[2023-06-17T03:40:07.437+0000] {processor.py:826} INFO - Processing file /home/airflow/.local/lib/python3.7/site-packages/airflow/example_dags/example_nested_branch_dag.py for tasks to queue
[2023-06-17T03:40:07.438+0000] {logging_mixin.py:149} INFO - [2023-06-17T03:40:07.438+0000] {dagbag.py:541} INFO - Filling up the DagBag from /home/airflow/.local/lib/python3.7/site-packages/airflow/example_dags/example_nested_branch_dag.py
[2023-06-17T03:40:07.447+0000] {processor.py:836} INFO - DAG(s) dict_keys(['example_nested_branch_dag']) retrieved from /home/airflow/.local/lib/python3.7/site-packages/airflow/example_dags/example_nested_branch_dag.py
[2023-06-17T03:40:07.477+0000] {logging_mixin.py:149} INFO - [2023-06-17T03:40:07.477+0000] {dag.py:2726} INFO - Sync 1 DAGs
[2023-06-17T03:40:07.511+0000] {logging_mixin.py:149} INFO - [2023-06-17T03:40:07.511+0000] {dag.py:3490} INFO - Setting next_dagrun for example_nested_branch_dag to 2023-06-16T00:00:00+00:00, run_after=2023-06-17T00:00:00+00:00
[2023-06-17T03:40:07.549+0000] {processor.py:179} INFO - Processing /home/airflow/.local/lib/python3.7/site-packages/airflow/example_dags/example_nested_branch_dag.py took 0.131 seconds
[2023-06-17T03:40:38.354+0000] {processor.py:157} INFO - Started process (PID=623) to work on /home/airflow/.local/lib/python3.7/site-packages/airflow/example_dags/example_nested_branch_dag.py
[2023-06-17T03:40:38.421+0000] {processor.py:826} INFO - Processing file /home/airflow/.local/lib/python3.7/site-packages/airflow/example_dags/example_nested_branch_dag.py for tasks to queue
[2023-06-17T03:40:38.422+0000] {logging_mixin.py:149} INFO - [2023-06-17T03:40:38.422+0000] {dagbag.py:541} INFO - Filling up the DagBag from /home/airflow/.local/lib/python3.7/site-packages/airflow/example_dags/example_nested_branch_dag.py
[2023-06-17T03:40:38.652+0000] {processor.py:836} INFO - DAG(s) dict_keys(['example_nested_branch_dag']) retrieved from /home/airflow/.local/lib/python3.7/site-packages/airflow/example_dags/example_nested_branch_dag.py
[2023-06-17T03:40:38.676+0000] {logging_mixin.py:149} INFO - [2023-06-17T03:40:38.676+0000] {dag.py:2726} INFO - Sync 1 DAGs
[2023-06-17T03:40:38.704+0000] {logging_mixin.py:149} INFO - [2023-06-17T03:40:38.704+0000] {dag.py:3490} INFO - Setting next_dagrun for example_nested_branch_dag to 2023-06-16T00:00:00+00:00, run_after=2023-06-17T00:00:00+00:00
[2023-06-17T03:40:38.786+0000] {processor.py:179} INFO - Processing /home/airflow/.local/lib/python3.7/site-packages/airflow/example_dags/example_nested_branch_dag.py took 0.435 seconds
[2023-06-17T03:41:09.624+0000] {processor.py:157} INFO - Started process (PID=684) to work on /home/airflow/.local/lib/python3.7/site-packages/airflow/example_dags/example_nested_branch_dag.py
[2023-06-17T03:41:09.632+0000] {processor.py:826} INFO - Processing file /home/airflow/.local/lib/python3.7/site-packages/airflow/example_dags/example_nested_branch_dag.py for tasks to queue
[2023-06-17T03:41:09.633+0000] {logging_mixin.py:149} INFO - [2023-06-17T03:41:09.633+0000] {dagbag.py:541} INFO - Filling up the DagBag from /home/airflow/.local/lib/python3.7/site-packages/airflow/example_dags/example_nested_branch_dag.py
[2023-06-17T03:41:09.642+0000] {processor.py:836} INFO - DAG(s) dict_keys(['example_nested_branch_dag']) retrieved from /home/airflow/.local/lib/python3.7/site-packages/airflow/example_dags/example_nested_branch_dag.py
[2023-06-17T03:41:09.668+0000] {logging_mixin.py:149} INFO - [2023-06-17T03:41:09.668+0000] {dag.py:2726} INFO - Sync 1 DAGs
[2023-06-17T03:41:09.714+0000] {logging_mixin.py:149} INFO - [2023-06-17T03:41:09.714+0000] {dag.py:3490} INFO - Setting next_dagrun for example_nested_branch_dag to 2023-06-16T00:00:00+00:00, run_after=2023-06-17T00:00:00+00:00
[2023-06-17T03:41:09.758+0000] {processor.py:179} INFO - Processing /home/airflow/.local/lib/python3.7/site-packages/airflow/example_dags/example_nested_branch_dag.py took 0.137 seconds
[2023-06-17T03:41:40.142+0000] {processor.py:157} INFO - Started process (PID=745) to work on /home/airflow/.local/lib/python3.7/site-packages/airflow/example_dags/example_nested_branch_dag.py
[2023-06-17T03:41:40.164+0000] {processor.py:826} INFO - Processing file /home/airflow/.local/lib/python3.7/site-packages/airflow/example_dags/example_nested_branch_dag.py for tasks to queue
[2023-06-17T03:41:40.165+0000] {logging_mixin.py:149} INFO - [2023-06-17T03:41:40.165+0000] {dagbag.py:541} INFO - Filling up the DagBag from /home/airflow/.local/lib/python3.7/site-packages/airflow/example_dags/example_nested_branch_dag.py
[2023-06-17T03:41:40.184+0000] {processor.py:836} INFO - DAG(s) dict_keys(['example_nested_branch_dag']) retrieved from /home/airflow/.local/lib/python3.7/site-packages/airflow/example_dags/example_nested_branch_dag.py
[2023-06-17T03:41:40.207+0000] {logging_mixin.py:149} INFO - [2023-06-17T03:41:40.207+0000] {dag.py:2726} INFO - Sync 1 DAGs
[2023-06-17T03:41:40.242+0000] {logging_mixin.py:149} INFO - [2023-06-17T03:41:40.241+0000] {dag.py:3490} INFO - Setting next_dagrun for example_nested_branch_dag to 2023-06-16T00:00:00+00:00, run_after=2023-06-17T00:00:00+00:00
[2023-06-17T03:41:40.277+0000] {processor.py:179} INFO - Processing /home/airflow/.local/lib/python3.7/site-packages/airflow/example_dags/example_nested_branch_dag.py took 0.138 seconds
[2023-06-17T03:42:11.259+0000] {processor.py:157} INFO - Started process (PID=806) to work on /home/airflow/.local/lib/python3.7/site-packages/airflow/example_dags/example_nested_branch_dag.py
[2023-06-17T03:42:11.268+0000] {processor.py:826} INFO - Processing file /home/airflow/.local/lib/python3.7/site-packages/airflow/example_dags/example_nested_branch_dag.py for tasks to queue
[2023-06-17T03:42:11.269+0000] {logging_mixin.py:149} INFO - [2023-06-17T03:42:11.269+0000] {dagbag.py:541} INFO - Filling up the DagBag from /home/airflow/.local/lib/python3.7/site-packages/airflow/example_dags/example_nested_branch_dag.py
[2023-06-17T03:42:11.279+0000] {processor.py:836} INFO - DAG(s) dict_keys(['example_nested_branch_dag']) retrieved from /home/airflow/.local/lib/python3.7/site-packages/airflow/example_dags/example_nested_branch_dag.py
[2023-06-17T03:42:11.302+0000] {logging_mixin.py:149} INFO - [2023-06-17T03:42:11.302+0000] {dag.py:2726} INFO - Sync 1 DAGs
[2023-06-17T03:42:11.331+0000] {logging_mixin.py:149} INFO - [2023-06-17T03:42:11.331+0000] {dag.py:3490} INFO - Setting next_dagrun for example_nested_branch_dag to 2023-06-16T00:00:00+00:00, run_after=2023-06-17T00:00:00+00:00
[2023-06-17T03:42:11.370+0000] {processor.py:179} INFO - Processing /home/airflow/.local/lib/python3.7/site-packages/airflow/example_dags/example_nested_branch_dag.py took 0.113 seconds
[2023-06-17T03:42:41.841+0000] {processor.py:157} INFO - Started process (PID=867) to work on /home/airflow/.local/lib/python3.7/site-packages/airflow/example_dags/example_nested_branch_dag.py
[2023-06-17T03:42:41.845+0000] {processor.py:826} INFO - Processing file /home/airflow/.local/lib/python3.7/site-packages/airflow/example_dags/example_nested_branch_dag.py for tasks to queue
[2023-06-17T03:42:41.846+0000] {logging_mixin.py:149} INFO - [2023-06-17T03:42:41.846+0000] {dagbag.py:541} INFO - Filling up the DagBag from /home/airflow/.local/lib/python3.7/site-packages/airflow/example_dags/example_nested_branch_dag.py
[2023-06-17T03:42:41.860+0000] {processor.py:836} INFO - DAG(s) dict_keys(['example_nested_branch_dag']) retrieved from /home/airflow/.local/lib/python3.7/site-packages/airflow/example_dags/example_nested_branch_dag.py
[2023-06-17T03:42:41.896+0000] {logging_mixin.py:149} INFO - [2023-06-17T03:42:41.895+0000] {dag.py:2726} INFO - Sync 1 DAGs
[2023-06-17T03:42:41.944+0000] {logging_mixin.py:149} INFO - [2023-06-17T03:42:41.944+0000] {dag.py:3490} INFO - Setting next_dagrun for example_nested_branch_dag to 2023-06-16T00:00:00+00:00, run_after=2023-06-17T00:00:00+00:00
[2023-06-17T03:42:41.984+0000] {processor.py:179} INFO - Processing /home/airflow/.local/lib/python3.7/site-packages/airflow/example_dags/example_nested_branch_dag.py took 0.147 seconds
[2023-06-17T03:43:12.673+0000] {processor.py:157} INFO - Started process (PID=928) to work on /home/airflow/.local/lib/python3.7/site-packages/airflow/example_dags/example_nested_branch_dag.py
[2023-06-17T03:43:12.686+0000] {processor.py:826} INFO - Processing file /home/airflow/.local/lib/python3.7/site-packages/airflow/example_dags/example_nested_branch_dag.py for tasks to queue
[2023-06-17T03:43:12.687+0000] {logging_mixin.py:149} INFO - [2023-06-17T03:43:12.687+0000] {dagbag.py:541} INFO - Filling up the DagBag from /home/airflow/.local/lib/python3.7/site-packages/airflow/example_dags/example_nested_branch_dag.py
[2023-06-17T03:43:12.695+0000] {processor.py:836} INFO - DAG(s) dict_keys(['example_nested_branch_dag']) retrieved from /home/airflow/.local/lib/python3.7/site-packages/airflow/example_dags/example_nested_branch_dag.py
[2023-06-17T03:43:12.722+0000] {logging_mixin.py:149} INFO - [2023-06-17T03:43:12.722+0000] {dag.py:2726} INFO - Sync 1 DAGs
[2023-06-17T03:43:12.752+0000] {logging_mixin.py:149} INFO - [2023-06-17T03:43:12.752+0000] {dag.py:3490} INFO - Setting next_dagrun for example_nested_branch_dag to 2023-06-16T00:00:00+00:00, run_after=2023-06-17T00:00:00+00:00
[2023-06-17T03:43:12.776+0000] {processor.py:179} INFO - Processing /home/airflow/.local/lib/python3.7/site-packages/airflow/example_dags/example_nested_branch_dag.py took 0.106 seconds
[2023-06-17T03:43:43.173+0000] {processor.py:157} INFO - Started process (PID=989) to work on /home/airflow/.local/lib/python3.7/site-packages/airflow/example_dags/example_nested_branch_dag.py
[2023-06-17T03:43:43.186+0000] {processor.py:826} INFO - Processing file /home/airflow/.local/lib/python3.7/site-packages/airflow/example_dags/example_nested_branch_dag.py for tasks to queue
[2023-06-17T03:43:43.187+0000] {logging_mixin.py:149} INFO - [2023-06-17T03:43:43.187+0000] {dagbag.py:541} INFO - Filling up the DagBag from /home/airflow/.local/lib/python3.7/site-packages/airflow/example_dags/example_nested_branch_dag.py
[2023-06-17T03:43:43.195+0000] {processor.py:836} INFO - DAG(s) dict_keys(['example_nested_branch_dag']) retrieved from /home/airflow/.local/lib/python3.7/site-packages/airflow/example_dags/example_nested_branch_dag.py
[2023-06-17T03:43:43.219+0000] {logging_mixin.py:149} INFO - [2023-06-17T03:43:43.218+0000] {dag.py:2726} INFO - Sync 1 DAGs
[2023-06-17T03:43:43.249+0000] {logging_mixin.py:149} INFO - [2023-06-17T03:43:43.249+0000] {dag.py:3490} INFO - Setting next_dagrun for example_nested_branch_dag to 2023-06-16T00:00:00+00:00, run_after=2023-06-17T00:00:00+00:00
[2023-06-17T03:43:43.276+0000] {processor.py:179} INFO - Processing /home/airflow/.local/lib/python3.7/site-packages/airflow/example_dags/example_nested_branch_dag.py took 0.105 seconds
[2023-06-17T03:44:14.026+0000] {processor.py:157} INFO - Started process (PID=1050) to work on /home/airflow/.local/lib/python3.7/site-packages/airflow/example_dags/example_nested_branch_dag.py
[2023-06-17T03:44:14.037+0000] {processor.py:826} INFO - Processing file /home/airflow/.local/lib/python3.7/site-packages/airflow/example_dags/example_nested_branch_dag.py for tasks to queue
[2023-06-17T03:44:14.038+0000] {logging_mixin.py:149} INFO - [2023-06-17T03:44:14.038+0000] {dagbag.py:541} INFO - Filling up the DagBag from /home/airflow/.local/lib/python3.7/site-packages/airflow/example_dags/example_nested_branch_dag.py
[2023-06-17T03:44:14.047+0000] {processor.py:836} INFO - DAG(s) dict_keys(['example_nested_branch_dag']) retrieved from /home/airflow/.local/lib/python3.7/site-packages/airflow/example_dags/example_nested_branch_dag.py
[2023-06-17T03:44:14.076+0000] {logging_mixin.py:149} INFO - [2023-06-17T03:44:14.076+0000] {dag.py:2726} INFO - Sync 1 DAGs
[2023-06-17T03:44:14.122+0000] {logging_mixin.py:149} INFO - [2023-06-17T03:44:14.122+0000] {dag.py:3490} INFO - Setting next_dagrun for example_nested_branch_dag to 2023-06-16T00:00:00+00:00, run_after=2023-06-17T00:00:00+00:00
[2023-06-17T03:44:14.158+0000] {processor.py:179} INFO - Processing /home/airflow/.local/lib/python3.7/site-packages/airflow/example_dags/example_nested_branch_dag.py took 0.135 seconds
[2023-06-17T03:44:44.587+0000] {processor.py:157} INFO - Started process (PID=1111) to work on /home/airflow/.local/lib/python3.7/site-packages/airflow/example_dags/example_nested_branch_dag.py
[2023-06-17T03:44:44.591+0000] {processor.py:826} INFO - Processing file /home/airflow/.local/lib/python3.7/site-packages/airflow/example_dags/example_nested_branch_dag.py for tasks to queue
[2023-06-17T03:44:44.592+0000] {logging_mixin.py:149} INFO - [2023-06-17T03:44:44.592+0000] {dagbag.py:541} INFO - Filling up the DagBag from /home/airflow/.local/lib/python3.7/site-packages/airflow/example_dags/example_nested_branch_dag.py
[2023-06-17T03:44:44.603+0000] {processor.py:836} INFO - DAG(s) dict_keys(['example_nested_branch_dag']) retrieved from /home/airflow/.local/lib/python3.7/site-packages/airflow/example_dags/example_nested_branch_dag.py
[2023-06-17T03:44:44.632+0000] {logging_mixin.py:149} INFO - [2023-06-17T03:44:44.632+0000] {dag.py:2726} INFO - Sync 1 DAGs
[2023-06-17T03:44:44.667+0000] {logging_mixin.py:149} INFO - [2023-06-17T03:44:44.667+0000] {dag.py:3490} INFO - Setting next_dagrun for example_nested_branch_dag to 2023-06-16T00:00:00+00:00, run_after=2023-06-17T00:00:00+00:00
[2023-06-17T03:44:44.701+0000] {processor.py:179} INFO - Processing /home/airflow/.local/lib/python3.7/site-packages/airflow/example_dags/example_nested_branch_dag.py took 0.117 seconds
[2023-06-17T03:45:15.038+0000] {processor.py:157} INFO - Started process (PID=1172) to work on /home/airflow/.local/lib/python3.7/site-packages/airflow/example_dags/example_nested_branch_dag.py
[2023-06-17T03:45:15.041+0000] {processor.py:826} INFO - Processing file /home/airflow/.local/lib/python3.7/site-packages/airflow/example_dags/example_nested_branch_dag.py for tasks to queue
[2023-06-17T03:45:15.042+0000] {logging_mixin.py:149} INFO - [2023-06-17T03:45:15.042+0000] {dagbag.py:541} INFO - Filling up the DagBag from /home/airflow/.local/lib/python3.7/site-packages/airflow/example_dags/example_nested_branch_dag.py
[2023-06-17T03:45:15.051+0000] {processor.py:836} INFO - DAG(s) dict_keys(['example_nested_branch_dag']) retrieved from /home/airflow/.local/lib/python3.7/site-packages/airflow/example_dags/example_nested_branch_dag.py
[2023-06-17T03:45:15.074+0000] {logging_mixin.py:149} INFO - [2023-06-17T03:45:15.073+0000] {dag.py:2726} INFO - Sync 1 DAGs
[2023-06-17T03:45:15.105+0000] {logging_mixin.py:149} INFO - [2023-06-17T03:45:15.104+0000] {dag.py:3490} INFO - Setting next_dagrun for example_nested_branch_dag to 2023-06-16T00:00:00+00:00, run_after=2023-06-17T00:00:00+00:00
[2023-06-17T03:45:15.137+0000] {processor.py:179} INFO - Processing /home/airflow/.local/lib/python3.7/site-packages/airflow/example_dags/example_nested_branch_dag.py took 0.102 seconds
[2023-06-17T03:45:45.764+0000] {processor.py:157} INFO - Started process (PID=1233) to work on /home/airflow/.local/lib/python3.7/site-packages/airflow/example_dags/example_nested_branch_dag.py
[2023-06-17T03:45:45.773+0000] {processor.py:826} INFO - Processing file /home/airflow/.local/lib/python3.7/site-packages/airflow/example_dags/example_nested_branch_dag.py for tasks to queue
[2023-06-17T03:45:45.774+0000] {logging_mixin.py:149} INFO - [2023-06-17T03:45:45.774+0000] {dagbag.py:541} INFO - Filling up the DagBag from /home/airflow/.local/lib/python3.7/site-packages/airflow/example_dags/example_nested_branch_dag.py
[2023-06-17T03:45:45.782+0000] {processor.py:836} INFO - DAG(s) dict_keys(['example_nested_branch_dag']) retrieved from /home/airflow/.local/lib/python3.7/site-packages/airflow/example_dags/example_nested_branch_dag.py
[2023-06-17T03:45:45.805+0000] {logging_mixin.py:149} INFO - [2023-06-17T03:45:45.805+0000] {dag.py:2726} INFO - Sync 1 DAGs
[2023-06-17T03:45:45.834+0000] {logging_mixin.py:149} INFO - [2023-06-17T03:45:45.834+0000] {dag.py:3490} INFO - Setting next_dagrun for example_nested_branch_dag to 2023-06-16T00:00:00+00:00, run_after=2023-06-17T00:00:00+00:00
[2023-06-17T03:45:45.857+0000] {processor.py:179} INFO - Processing /home/airflow/.local/lib/python3.7/site-packages/airflow/example_dags/example_nested_branch_dag.py took 0.095 seconds
[2023-06-17T03:46:16.633+0000] {processor.py:157} INFO - Started process (PID=1294) to work on /home/airflow/.local/lib/python3.7/site-packages/airflow/example_dags/example_nested_branch_dag.py
[2023-06-17T03:46:16.644+0000] {processor.py:826} INFO - Processing file /home/airflow/.local/lib/python3.7/site-packages/airflow/example_dags/example_nested_branch_dag.py for tasks to queue
[2023-06-17T03:46:16.644+0000] {logging_mixin.py:149} INFO - [2023-06-17T03:46:16.644+0000] {dagbag.py:541} INFO - Filling up the DagBag from /home/airflow/.local/lib/python3.7/site-packages/airflow/example_dags/example_nested_branch_dag.py
[2023-06-17T03:46:16.657+0000] {processor.py:836} INFO - DAG(s) dict_keys(['example_nested_branch_dag']) retrieved from /home/airflow/.local/lib/python3.7/site-packages/airflow/example_dags/example_nested_branch_dag.py
[2023-06-17T03:46:16.697+0000] {logging_mixin.py:149} INFO - [2023-06-17T03:46:16.697+0000] {dag.py:2726} INFO - Sync 1 DAGs
[2023-06-17T03:46:16.739+0000] {logging_mixin.py:149} INFO - [2023-06-17T03:46:16.739+0000] {dag.py:3490} INFO - Setting next_dagrun for example_nested_branch_dag to 2023-06-16T00:00:00+00:00, run_after=2023-06-17T00:00:00+00:00
[2023-06-17T03:46:16.782+0000] {processor.py:179} INFO - Processing /home/airflow/.local/lib/python3.7/site-packages/airflow/example_dags/example_nested_branch_dag.py took 0.151 seconds
[2023-06-17T03:46:47.523+0000] {processor.py:157} INFO - Started process (PID=1355) to work on /home/airflow/.local/lib/python3.7/site-packages/airflow/example_dags/example_nested_branch_dag.py
[2023-06-17T03:46:47.578+0000] {processor.py:826} INFO - Processing file /home/airflow/.local/lib/python3.7/site-packages/airflow/example_dags/example_nested_branch_dag.py for tasks to queue
[2023-06-17T03:46:47.587+0000] {logging_mixin.py:149} INFO - [2023-06-17T03:46:47.587+0000] {dagbag.py:541} INFO - Filling up the DagBag from /home/airflow/.local/lib/python3.7/site-packages/airflow/example_dags/example_nested_branch_dag.py
[2023-06-17T03:46:47.599+0000] {processor.py:836} INFO - DAG(s) dict_keys(['example_nested_branch_dag']) retrieved from /home/airflow/.local/lib/python3.7/site-packages/airflow/example_dags/example_nested_branch_dag.py
[2023-06-17T03:46:47.623+0000] {logging_mixin.py:149} INFO - [2023-06-17T03:46:47.623+0000] {dag.py:2726} INFO - Sync 1 DAGs
[2023-06-17T03:46:47.652+0000] {logging_mixin.py:149} INFO - [2023-06-17T03:46:47.652+0000] {dag.py:3490} INFO - Setting next_dagrun for example_nested_branch_dag to 2023-06-16T00:00:00+00:00, run_after=2023-06-17T00:00:00+00:00
[2023-06-17T03:46:47.705+0000] {processor.py:179} INFO - Processing /home/airflow/.local/lib/python3.7/site-packages/airflow/example_dags/example_nested_branch_dag.py took 0.185 seconds
[2023-06-17T03:47:18.072+0000] {processor.py:157} INFO - Started process (PID=1416) to work on /home/airflow/.local/lib/python3.7/site-packages/airflow/example_dags/example_nested_branch_dag.py
[2023-06-17T03:47:18.081+0000] {processor.py:826} INFO - Processing file /home/airflow/.local/lib/python3.7/site-packages/airflow/example_dags/example_nested_branch_dag.py for tasks to queue
[2023-06-17T03:47:18.082+0000] {logging_mixin.py:149} INFO - [2023-06-17T03:47:18.081+0000] {dagbag.py:541} INFO - Filling up the DagBag from /home/airflow/.local/lib/python3.7/site-packages/airflow/example_dags/example_nested_branch_dag.py
[2023-06-17T03:47:18.100+0000] {processor.py:836} INFO - DAG(s) dict_keys(['example_nested_branch_dag']) retrieved from /home/airflow/.local/lib/python3.7/site-packages/airflow/example_dags/example_nested_branch_dag.py
[2023-06-17T03:47:18.156+0000] {logging_mixin.py:149} INFO - [2023-06-17T03:47:18.156+0000] {dag.py:2726} INFO - Sync 1 DAGs
[2023-06-17T03:47:18.200+0000] {logging_mixin.py:149} INFO - [2023-06-17T03:47:18.199+0000] {dag.py:3490} INFO - Setting next_dagrun for example_nested_branch_dag to 2023-06-16T00:00:00+00:00, run_after=2023-06-17T00:00:00+00:00
[2023-06-17T03:47:18.241+0000] {processor.py:179} INFO - Processing /home/airflow/.local/lib/python3.7/site-packages/airflow/example_dags/example_nested_branch_dag.py took 0.172 seconds
[2023-06-17T03:47:48.762+0000] {processor.py:157} INFO - Started process (PID=1477) to work on /home/airflow/.local/lib/python3.7/site-packages/airflow/example_dags/example_nested_branch_dag.py
[2023-06-17T03:47:48.794+0000] {processor.py:826} INFO - Processing file /home/airflow/.local/lib/python3.7/site-packages/airflow/example_dags/example_nested_branch_dag.py for tasks to queue
[2023-06-17T03:47:48.794+0000] {logging_mixin.py:149} INFO - [2023-06-17T03:47:48.794+0000] {dagbag.py:541} INFO - Filling up the DagBag from /home/airflow/.local/lib/python3.7/site-packages/airflow/example_dags/example_nested_branch_dag.py
[2023-06-17T03:47:48.803+0000] {processor.py:836} INFO - DAG(s) dict_keys(['example_nested_branch_dag']) retrieved from /home/airflow/.local/lib/python3.7/site-packages/airflow/example_dags/example_nested_branch_dag.py
[2023-06-17T03:47:48.830+0000] {logging_mixin.py:149} INFO - [2023-06-17T03:47:48.830+0000] {dag.py:2726} INFO - Sync 1 DAGs
[2023-06-17T03:47:48.863+0000] {logging_mixin.py:149} INFO - [2023-06-17T03:47:48.863+0000] {dag.py:3490} INFO - Setting next_dagrun for example_nested_branch_dag to 2023-06-16T00:00:00+00:00, run_after=2023-06-17T00:00:00+00:00
[2023-06-17T03:47:49.034+0000] {processor.py:179} INFO - Processing /home/airflow/.local/lib/python3.7/site-packages/airflow/example_dags/example_nested_branch_dag.py took 0.274 seconds
[2023-06-17T03:48:19.675+0000] {processor.py:157} INFO - Started process (PID=1538) to work on /home/airflow/.local/lib/python3.7/site-packages/airflow/example_dags/example_nested_branch_dag.py
[2023-06-17T03:48:19.697+0000] {processor.py:826} INFO - Processing file /home/airflow/.local/lib/python3.7/site-packages/airflow/example_dags/example_nested_branch_dag.py for tasks to queue
[2023-06-17T03:48:19.697+0000] {logging_mixin.py:149} INFO - [2023-06-17T03:48:19.697+0000] {dagbag.py:541} INFO - Filling up the DagBag from /home/airflow/.local/lib/python3.7/site-packages/airflow/example_dags/example_nested_branch_dag.py
[2023-06-17T03:48:19.706+0000] {processor.py:836} INFO - DAG(s) dict_keys(['example_nested_branch_dag']) retrieved from /home/airflow/.local/lib/python3.7/site-packages/airflow/example_dags/example_nested_branch_dag.py
[2023-06-17T03:48:19.731+0000] {logging_mixin.py:149} INFO - [2023-06-17T03:48:19.731+0000] {dag.py:2726} INFO - Sync 1 DAGs
[2023-06-17T03:48:19.762+0000] {logging_mixin.py:149} INFO - [2023-06-17T03:48:19.762+0000] {dag.py:3490} INFO - Setting next_dagrun for example_nested_branch_dag to 2023-06-16T00:00:00+00:00, run_after=2023-06-17T00:00:00+00:00
[2023-06-17T03:48:19.833+0000] {processor.py:179} INFO - Processing /home/airflow/.local/lib/python3.7/site-packages/airflow/example_dags/example_nested_branch_dag.py took 0.161 seconds
[2023-06-17T03:48:50.293+0000] {processor.py:157} INFO - Started process (PID=1599) to work on /home/airflow/.local/lib/python3.7/site-packages/airflow/example_dags/example_nested_branch_dag.py
[2023-06-17T03:48:50.306+0000] {processor.py:826} INFO - Processing file /home/airflow/.local/lib/python3.7/site-packages/airflow/example_dags/example_nested_branch_dag.py for tasks to queue
[2023-06-17T03:48:50.307+0000] {logging_mixin.py:149} INFO - [2023-06-17T03:48:50.307+0000] {dagbag.py:541} INFO - Filling up the DagBag from /home/airflow/.local/lib/python3.7/site-packages/airflow/example_dags/example_nested_branch_dag.py
[2023-06-17T03:48:50.317+0000] {processor.py:836} INFO - DAG(s) dict_keys(['example_nested_branch_dag']) retrieved from /home/airflow/.local/lib/python3.7/site-packages/airflow/example_dags/example_nested_branch_dag.py
[2023-06-17T03:48:50.342+0000] {logging_mixin.py:149} INFO - [2023-06-17T03:48:50.342+0000] {dag.py:2726} INFO - Sync 1 DAGs
[2023-06-17T03:48:50.370+0000] {logging_mixin.py:149} INFO - [2023-06-17T03:48:50.370+0000] {dag.py:3490} INFO - Setting next_dagrun for example_nested_branch_dag to 2023-06-16T00:00:00+00:00, run_after=2023-06-17T00:00:00+00:00
[2023-06-17T03:48:50.403+0000] {processor.py:179} INFO - Processing /home/airflow/.local/lib/python3.7/site-packages/airflow/example_dags/example_nested_branch_dag.py took 0.113 seconds
[2023-06-17T03:49:20.962+0000] {processor.py:157} INFO - Started process (PID=1661) to work on /home/airflow/.local/lib/python3.7/site-packages/airflow/example_dags/example_nested_branch_dag.py
[2023-06-17T03:49:21.011+0000] {processor.py:826} INFO - Processing file /home/airflow/.local/lib/python3.7/site-packages/airflow/example_dags/example_nested_branch_dag.py for tasks to queue
[2023-06-17T03:49:21.012+0000] {logging_mixin.py:149} INFO - [2023-06-17T03:49:21.012+0000] {dagbag.py:541} INFO - Filling up the DagBag from /home/airflow/.local/lib/python3.7/site-packages/airflow/example_dags/example_nested_branch_dag.py
[2023-06-17T03:49:21.021+0000] {processor.py:836} INFO - DAG(s) dict_keys(['example_nested_branch_dag']) retrieved from /home/airflow/.local/lib/python3.7/site-packages/airflow/example_dags/example_nested_branch_dag.py
[2023-06-17T03:49:21.049+0000] {logging_mixin.py:149} INFO - [2023-06-17T03:49:21.049+0000] {dag.py:2726} INFO - Sync 1 DAGs
[2023-06-17T03:49:21.093+0000] {logging_mixin.py:149} INFO - [2023-06-17T03:49:21.093+0000] {dag.py:3490} INFO - Setting next_dagrun for example_nested_branch_dag to 2023-06-16T00:00:00+00:00, run_after=2023-06-17T00:00:00+00:00
[2023-06-17T03:49:21.179+0000] {processor.py:179} INFO - Processing /home/airflow/.local/lib/python3.7/site-packages/airflow/example_dags/example_nested_branch_dag.py took 0.220 seconds
