[2023-06-17T02:16:43.949+0000] {processor.py:157} INFO - Started process (PID=47) to work on /home/airflow/.local/lib/python3.7/site-packages/airflow/example_dags/example_branch_labels.py
[2023-06-17T02:16:43.950+0000] {processor.py:826} INFO - Processing file /home/airflow/.local/lib/python3.7/site-packages/airflow/example_dags/example_branch_labels.py for tasks to queue
[2023-06-17T02:16:43.952+0000] {logging_mixin.py:149} INFO - [2023-06-17T02:16:43.952+0000] {dagbag.py:541} INFO - Filling up the DagBag from /home/airflow/.local/lib/python3.7/site-packages/airflow/example_dags/example_branch_labels.py
[2023-06-17T02:16:43.994+0000] {processor.py:836} INFO - DAG(s) dict_keys(['example_branch_labels']) retrieved from /home/airflow/.local/lib/python3.7/site-packages/airflow/example_dags/example_branch_labels.py
[2023-06-17T02:16:44.115+0000] {logging_mixin.py:149} INFO - [2023-06-17T02:16:44.114+0000] {dag.py:2726} INFO - Sync 1 DAGs
[2023-06-17T02:16:44.276+0000] {logging_mixin.py:149} INFO - [2023-06-17T02:16:44.275+0000] {dag.py:3490} INFO - Setting next_dagrun for example_branch_labels to 2023-06-16T00:00:00+00:00, run_after=2023-06-17T00:00:00+00:00
[2023-06-17T02:16:44.371+0000] {processor.py:179} INFO - Processing /home/airflow/.local/lib/python3.7/site-packages/airflow/example_dags/example_branch_labels.py took 0.437 seconds
[2023-06-17T02:17:35.992+0000] {processor.py:157} INFO - Started process (PID=113) to work on /home/airflow/.local/lib/python3.7/site-packages/airflow/example_dags/example_branch_labels.py
[2023-06-17T02:17:36.948+0000] {processor.py:826} INFO - Processing file /home/airflow/.local/lib/python3.7/site-packages/airflow/example_dags/example_branch_labels.py for tasks to queue
[2023-06-17T02:17:36.950+0000] {logging_mixin.py:149} INFO - [2023-06-17T02:17:36.950+0000] {dagbag.py:541} INFO - Filling up the DagBag from /home/airflow/.local/lib/python3.7/site-packages/airflow/example_dags/example_branch_labels.py
[2023-06-17T02:17:37.034+0000] {processor.py:836} INFO - DAG(s) dict_keys(['example_branch_labels']) retrieved from /home/airflow/.local/lib/python3.7/site-packages/airflow/example_dags/example_branch_labels.py
[2023-06-17T02:17:37.070+0000] {logging_mixin.py:149} INFO - [2023-06-17T02:17:37.070+0000] {dag.py:2726} INFO - Sync 1 DAGs
[2023-06-17T02:17:37.098+0000] {logging_mixin.py:149} INFO - [2023-06-17T02:17:37.098+0000] {dag.py:3490} INFO - Setting next_dagrun for example_branch_labels to 2023-06-16T00:00:00+00:00, run_after=2023-06-17T00:00:00+00:00
[2023-06-17T02:17:37.419+0000] {processor.py:179} INFO - Processing /home/airflow/.local/lib/python3.7/site-packages/airflow/example_dags/example_branch_labels.py took 1.432 seconds
[2023-06-17T02:18:20.648+0000] {processor.py:157} INFO - Started process (PID=172) to work on /home/airflow/.local/lib/python3.7/site-packages/airflow/example_dags/example_branch_labels.py
[2023-06-17T02:18:20.871+0000] {processor.py:826} INFO - Processing file /home/airflow/.local/lib/python3.7/site-packages/airflow/example_dags/example_branch_labels.py for tasks to queue
[2023-06-17T02:18:20.873+0000] {logging_mixin.py:149} INFO - [2023-06-17T02:18:20.873+0000] {dagbag.py:541} INFO - Filling up the DagBag from /home/airflow/.local/lib/python3.7/site-packages/airflow/example_dags/example_branch_labels.py
[2023-06-17T02:18:20.900+0000] {processor.py:836} INFO - DAG(s) dict_keys(['example_branch_labels']) retrieved from /home/airflow/.local/lib/python3.7/site-packages/airflow/example_dags/example_branch_labels.py
[2023-06-17T02:18:20.935+0000] {logging_mixin.py:149} INFO - [2023-06-17T02:18:20.935+0000] {dag.py:2726} INFO - Sync 1 DAGs
[2023-06-17T02:18:20.965+0000] {logging_mixin.py:149} INFO - [2023-06-17T02:18:20.965+0000] {dag.py:3490} INFO - Setting next_dagrun for example_branch_labels to 2023-06-16T00:00:00+00:00, run_after=2023-06-17T00:00:00+00:00
[2023-06-17T02:18:21.609+0000] {processor.py:179} INFO - Processing /home/airflow/.local/lib/python3.7/site-packages/airflow/example_dags/example_branch_labels.py took 0.970 seconds
[2023-06-17T02:18:52.142+0000] {processor.py:157} INFO - Started process (PID=217) to work on /home/airflow/.local/lib/python3.7/site-packages/airflow/example_dags/example_branch_labels.py
[2023-06-17T02:18:52.182+0000] {processor.py:826} INFO - Processing file /home/airflow/.local/lib/python3.7/site-packages/airflow/example_dags/example_branch_labels.py for tasks to queue
[2023-06-17T02:18:52.184+0000] {logging_mixin.py:149} INFO - [2023-06-17T02:18:52.183+0000] {dagbag.py:541} INFO - Filling up the DagBag from /home/airflow/.local/lib/python3.7/site-packages/airflow/example_dags/example_branch_labels.py
[2023-06-17T02:18:52.206+0000] {processor.py:836} INFO - DAG(s) dict_keys(['example_branch_labels']) retrieved from /home/airflow/.local/lib/python3.7/site-packages/airflow/example_dags/example_branch_labels.py
[2023-06-17T02:18:52.239+0000] {logging_mixin.py:149} INFO - [2023-06-17T02:18:52.238+0000] {dag.py:2726} INFO - Sync 1 DAGs
[2023-06-17T02:18:52.269+0000] {logging_mixin.py:149} INFO - [2023-06-17T02:18:52.269+0000] {dag.py:3490} INFO - Setting next_dagrun for example_branch_labels to 2023-06-16T00:00:00+00:00, run_after=2023-06-17T00:00:00+00:00
[2023-06-17T02:18:52.468+0000] {processor.py:179} INFO - Processing /home/airflow/.local/lib/python3.7/site-packages/airflow/example_dags/example_branch_labels.py took 0.329 seconds
[2023-06-17T02:19:22.839+0000] {processor.py:157} INFO - Started process (PID=277) to work on /home/airflow/.local/lib/python3.7/site-packages/airflow/example_dags/example_branch_labels.py
[2023-06-17T02:19:23.003+0000] {processor.py:826} INFO - Processing file /home/airflow/.local/lib/python3.7/site-packages/airflow/example_dags/example_branch_labels.py for tasks to queue
[2023-06-17T02:19:23.004+0000] {logging_mixin.py:149} INFO - [2023-06-17T02:19:23.004+0000] {dagbag.py:541} INFO - Filling up the DagBag from /home/airflow/.local/lib/python3.7/site-packages/airflow/example_dags/example_branch_labels.py
[2023-06-17T02:19:23.143+0000] {processor.py:836} INFO - DAG(s) dict_keys(['example_branch_labels']) retrieved from /home/airflow/.local/lib/python3.7/site-packages/airflow/example_dags/example_branch_labels.py
[2023-06-17T02:19:23.172+0000] {logging_mixin.py:149} INFO - [2023-06-17T02:19:23.172+0000] {dag.py:2726} INFO - Sync 1 DAGs
[2023-06-17T02:19:23.218+0000] {logging_mixin.py:149} INFO - [2023-06-17T02:19:23.218+0000] {dag.py:3490} INFO - Setting next_dagrun for example_branch_labels to 2023-06-16T00:00:00+00:00, run_after=2023-06-17T00:00:00+00:00
[2023-06-17T02:19:24.093+0000] {processor.py:179} INFO - Processing /home/airflow/.local/lib/python3.7/site-packages/airflow/example_dags/example_branch_labels.py took 1.257 seconds
[2023-06-17T02:19:54.446+0000] {processor.py:157} INFO - Started process (PID=330) to work on /home/airflow/.local/lib/python3.7/site-packages/airflow/example_dags/example_branch_labels.py
[2023-06-17T02:19:54.467+0000] {processor.py:826} INFO - Processing file /home/airflow/.local/lib/python3.7/site-packages/airflow/example_dags/example_branch_labels.py for tasks to queue
[2023-06-17T02:19:54.469+0000] {logging_mixin.py:149} INFO - [2023-06-17T02:19:54.469+0000] {dagbag.py:541} INFO - Filling up the DagBag from /home/airflow/.local/lib/python3.7/site-packages/airflow/example_dags/example_branch_labels.py
[2023-06-17T02:19:54.491+0000] {processor.py:836} INFO - DAG(s) dict_keys(['example_branch_labels']) retrieved from /home/airflow/.local/lib/python3.7/site-packages/airflow/example_dags/example_branch_labels.py
[2023-06-17T02:19:54.516+0000] {logging_mixin.py:149} INFO - [2023-06-17T02:19:54.516+0000] {dag.py:2726} INFO - Sync 1 DAGs
[2023-06-17T02:19:54.543+0000] {logging_mixin.py:149} INFO - [2023-06-17T02:19:54.543+0000] {dag.py:3490} INFO - Setting next_dagrun for example_branch_labels to 2023-06-16T00:00:00+00:00, run_after=2023-06-17T00:00:00+00:00
[2023-06-17T02:19:54.711+0000] {processor.py:179} INFO - Processing /home/airflow/.local/lib/python3.7/site-packages/airflow/example_dags/example_branch_labels.py took 0.270 seconds
[2023-06-17T02:20:26.924+0000] {processor.py:157} INFO - Started process (PID=398) to work on /home/airflow/.local/lib/python3.7/site-packages/airflow/example_dags/example_branch_labels.py
[2023-06-17T02:20:27.105+0000] {processor.py:826} INFO - Processing file /home/airflow/.local/lib/python3.7/site-packages/airflow/example_dags/example_branch_labels.py for tasks to queue
[2023-06-17T02:20:27.106+0000] {logging_mixin.py:149} INFO - [2023-06-17T02:20:27.106+0000] {dagbag.py:541} INFO - Filling up the DagBag from /home/airflow/.local/lib/python3.7/site-packages/airflow/example_dags/example_branch_labels.py
[2023-06-17T02:20:27.114+0000] {processor.py:836} INFO - DAG(s) dict_keys(['example_branch_labels']) retrieved from /home/airflow/.local/lib/python3.7/site-packages/airflow/example_dags/example_branch_labels.py
[2023-06-17T02:20:27.140+0000] {logging_mixin.py:149} INFO - [2023-06-17T02:20:27.140+0000] {dag.py:2726} INFO - Sync 1 DAGs
[2023-06-17T02:20:27.177+0000] {logging_mixin.py:149} INFO - [2023-06-17T02:20:27.177+0000] {dag.py:3490} INFO - Setting next_dagrun for example_branch_labels to 2023-06-16T00:00:00+00:00, run_after=2023-06-17T00:00:00+00:00
[2023-06-17T02:20:27.375+0000] {processor.py:179} INFO - Processing /home/airflow/.local/lib/python3.7/site-packages/airflow/example_dags/example_branch_labels.py took 0.455 seconds
[2023-06-17T02:21:00.247+0000] {processor.py:157} INFO - Started process (PID=454) to work on /home/airflow/.local/lib/python3.7/site-packages/airflow/example_dags/example_branch_labels.py
[2023-06-17T02:21:00.327+0000] {processor.py:826} INFO - Processing file /home/airflow/.local/lib/python3.7/site-packages/airflow/example_dags/example_branch_labels.py for tasks to queue
[2023-06-17T02:21:00.328+0000] {logging_mixin.py:149} INFO - [2023-06-17T02:21:00.327+0000] {dagbag.py:541} INFO - Filling up the DagBag from /home/airflow/.local/lib/python3.7/site-packages/airflow/example_dags/example_branch_labels.py
[2023-06-17T02:21:00.336+0000] {processor.py:836} INFO - DAG(s) dict_keys(['example_branch_labels']) retrieved from /home/airflow/.local/lib/python3.7/site-packages/airflow/example_dags/example_branch_labels.py
[2023-06-17T02:21:00.360+0000] {logging_mixin.py:149} INFO - [2023-06-17T02:21:00.360+0000] {dag.py:2726} INFO - Sync 1 DAGs
[2023-06-17T02:21:00.390+0000] {logging_mixin.py:149} INFO - [2023-06-17T02:21:00.390+0000] {dag.py:3490} INFO - Setting next_dagrun for example_branch_labels to 2023-06-16T00:00:00+00:00, run_after=2023-06-17T00:00:00+00:00
[2023-06-17T02:21:00.490+0000] {processor.py:179} INFO - Processing /home/airflow/.local/lib/python3.7/site-packages/airflow/example_dags/example_branch_labels.py took 0.246 seconds
[2023-06-17T02:21:31.168+0000] {processor.py:157} INFO - Started process (PID=506) to work on /home/airflow/.local/lib/python3.7/site-packages/airflow/example_dags/example_branch_labels.py
[2023-06-17T02:21:31.250+0000] {processor.py:826} INFO - Processing file /home/airflow/.local/lib/python3.7/site-packages/airflow/example_dags/example_branch_labels.py for tasks to queue
[2023-06-17T02:21:31.252+0000] {logging_mixin.py:149} INFO - [2023-06-17T02:21:31.252+0000] {dagbag.py:541} INFO - Filling up the DagBag from /home/airflow/.local/lib/python3.7/site-packages/airflow/example_dags/example_branch_labels.py
[2023-06-17T02:21:31.410+0000] {processor.py:836} INFO - DAG(s) dict_keys(['example_branch_labels']) retrieved from /home/airflow/.local/lib/python3.7/site-packages/airflow/example_dags/example_branch_labels.py
[2023-06-17T02:21:31.433+0000] {logging_mixin.py:149} INFO - [2023-06-17T02:21:31.433+0000] {dag.py:2726} INFO - Sync 1 DAGs
[2023-06-17T02:21:31.459+0000] {logging_mixin.py:149} INFO - [2023-06-17T02:21:31.459+0000] {dag.py:3490} INFO - Setting next_dagrun for example_branch_labels to 2023-06-16T00:00:00+00:00, run_after=2023-06-17T00:00:00+00:00
[2023-06-17T02:21:31.807+0000] {processor.py:179} INFO - Processing /home/airflow/.local/lib/python3.7/site-packages/airflow/example_dags/example_branch_labels.py took 0.643 seconds
[2023-06-17T02:22:02.266+0000] {processor.py:157} INFO - Started process (PID=567) to work on /home/airflow/.local/lib/python3.7/site-packages/airflow/example_dags/example_branch_labels.py
[2023-06-17T02:22:02.292+0000] {processor.py:826} INFO - Processing file /home/airflow/.local/lib/python3.7/site-packages/airflow/example_dags/example_branch_labels.py for tasks to queue
[2023-06-17T02:22:02.294+0000] {logging_mixin.py:149} INFO - [2023-06-17T02:22:02.294+0000] {dagbag.py:541} INFO - Filling up the DagBag from /home/airflow/.local/lib/python3.7/site-packages/airflow/example_dags/example_branch_labels.py
[2023-06-17T02:22:02.315+0000] {processor.py:836} INFO - DAG(s) dict_keys(['example_branch_labels']) retrieved from /home/airflow/.local/lib/python3.7/site-packages/airflow/example_dags/example_branch_labels.py
[2023-06-17T02:22:02.343+0000] {logging_mixin.py:149} INFO - [2023-06-17T02:22:02.343+0000] {dag.py:2726} INFO - Sync 1 DAGs
[2023-06-17T02:22:02.371+0000] {logging_mixin.py:149} INFO - [2023-06-17T02:22:02.371+0000] {dag.py:3490} INFO - Setting next_dagrun for example_branch_labels to 2023-06-16T00:00:00+00:00, run_after=2023-06-17T00:00:00+00:00
[2023-06-17T02:22:02.521+0000] {processor.py:179} INFO - Processing /home/airflow/.local/lib/python3.7/site-packages/airflow/example_dags/example_branch_labels.py took 0.259 seconds
[2023-06-17T02:22:34.540+0000] {processor.py:157} INFO - Started process (PID=628) to work on /home/airflow/.local/lib/python3.7/site-packages/airflow/example_dags/example_branch_labels.py
[2023-06-17T02:22:34.624+0000] {processor.py:826} INFO - Processing file /home/airflow/.local/lib/python3.7/site-packages/airflow/example_dags/example_branch_labels.py for tasks to queue
[2023-06-17T02:22:34.626+0000] {logging_mixin.py:149} INFO - [2023-06-17T02:22:34.626+0000] {dagbag.py:541} INFO - Filling up the DagBag from /home/airflow/.local/lib/python3.7/site-packages/airflow/example_dags/example_branch_labels.py
[2023-06-17T02:22:34.652+0000] {processor.py:836} INFO - DAG(s) dict_keys(['example_branch_labels']) retrieved from /home/airflow/.local/lib/python3.7/site-packages/airflow/example_dags/example_branch_labels.py
[2023-06-17T02:22:34.693+0000] {logging_mixin.py:149} INFO - [2023-06-17T02:22:34.693+0000] {dag.py:2726} INFO - Sync 1 DAGs
[2023-06-17T02:22:34.726+0000] {logging_mixin.py:149} INFO - [2023-06-17T02:22:34.726+0000] {dag.py:3490} INFO - Setting next_dagrun for example_branch_labels to 2023-06-16T00:00:00+00:00, run_after=2023-06-17T00:00:00+00:00
[2023-06-17T02:22:35.159+0000] {processor.py:179} INFO - Processing /home/airflow/.local/lib/python3.7/site-packages/airflow/example_dags/example_branch_labels.py took 0.622 seconds
[2023-06-17T02:23:19.298+0000] {processor.py:157} INFO - Started process (PID=676) to work on /home/airflow/.local/lib/python3.7/site-packages/airflow/example_dags/example_branch_labels.py
[2023-06-17T02:23:19.379+0000] {processor.py:826} INFO - Processing file /home/airflow/.local/lib/python3.7/site-packages/airflow/example_dags/example_branch_labels.py for tasks to queue
[2023-06-17T02:23:19.382+0000] {logging_mixin.py:149} INFO - [2023-06-17T02:23:19.382+0000] {dagbag.py:541} INFO - Filling up the DagBag from /home/airflow/.local/lib/python3.7/site-packages/airflow/example_dags/example_branch_labels.py
[2023-06-17T02:23:19.399+0000] {processor.py:836} INFO - DAG(s) dict_keys(['example_branch_labels']) retrieved from /home/airflow/.local/lib/python3.7/site-packages/airflow/example_dags/example_branch_labels.py
[2023-06-17T02:23:19.430+0000] {logging_mixin.py:149} INFO - [2023-06-17T02:23:19.430+0000] {dag.py:2726} INFO - Sync 1 DAGs
[2023-06-17T02:23:19.457+0000] {logging_mixin.py:149} INFO - [2023-06-17T02:23:19.457+0000] {dag.py:3490} INFO - Setting next_dagrun for example_branch_labels to 2023-06-16T00:00:00+00:00, run_after=2023-06-17T00:00:00+00:00
[2023-06-17T02:23:19.558+0000] {processor.py:179} INFO - Processing /home/airflow/.local/lib/python3.7/site-packages/airflow/example_dags/example_branch_labels.py took 0.265 seconds
[2023-06-17T02:23:49.677+0000] {processor.py:157} INFO - Started process (PID=737) to work on /home/airflow/.local/lib/python3.7/site-packages/airflow/example_dags/example_branch_labels.py
[2023-06-17T02:23:49.677+0000] {processor.py:826} INFO - Processing file /home/airflow/.local/lib/python3.7/site-packages/airflow/example_dags/example_branch_labels.py for tasks to queue
[2023-06-17T02:23:49.678+0000] {logging_mixin.py:149} INFO - [2023-06-17T02:23:49.678+0000] {dagbag.py:541} INFO - Filling up the DagBag from /home/airflow/.local/lib/python3.7/site-packages/airflow/example_dags/example_branch_labels.py
[2023-06-17T02:23:49.685+0000] {processor.py:836} INFO - DAG(s) dict_keys(['example_branch_labels']) retrieved from /home/airflow/.local/lib/python3.7/site-packages/airflow/example_dags/example_branch_labels.py
[2023-06-17T02:23:49.706+0000] {logging_mixin.py:149} INFO - [2023-06-17T02:23:49.706+0000] {dag.py:2726} INFO - Sync 1 DAGs
[2023-06-17T02:23:49.734+0000] {logging_mixin.py:149} INFO - [2023-06-17T02:23:49.734+0000] {dag.py:3490} INFO - Setting next_dagrun for example_branch_labels to 2023-06-16T00:00:00+00:00, run_after=2023-06-17T00:00:00+00:00
[2023-06-17T02:23:49.796+0000] {processor.py:179} INFO - Processing /home/airflow/.local/lib/python3.7/site-packages/airflow/example_dags/example_branch_labels.py took 0.121 seconds
[2023-06-17T02:24:20.755+0000] {processor.py:157} INFO - Started process (PID=798) to work on /home/airflow/.local/lib/python3.7/site-packages/airflow/example_dags/example_branch_labels.py
[2023-06-17T02:24:20.763+0000] {processor.py:826} INFO - Processing file /home/airflow/.local/lib/python3.7/site-packages/airflow/example_dags/example_branch_labels.py for tasks to queue
[2023-06-17T02:24:20.764+0000] {logging_mixin.py:149} INFO - [2023-06-17T02:24:20.764+0000] {dagbag.py:541} INFO - Filling up the DagBag from /home/airflow/.local/lib/python3.7/site-packages/airflow/example_dags/example_branch_labels.py
[2023-06-17T02:24:20.775+0000] {processor.py:836} INFO - DAG(s) dict_keys(['example_branch_labels']) retrieved from /home/airflow/.local/lib/python3.7/site-packages/airflow/example_dags/example_branch_labels.py
[2023-06-17T02:24:20.812+0000] {logging_mixin.py:149} INFO - [2023-06-17T02:24:20.812+0000] {dag.py:2726} INFO - Sync 1 DAGs
[2023-06-17T02:24:20.856+0000] {logging_mixin.py:149} INFO - [2023-06-17T02:24:20.856+0000] {dag.py:3490} INFO - Setting next_dagrun for example_branch_labels to 2023-06-16T00:00:00+00:00, run_after=2023-06-17T00:00:00+00:00
[2023-06-17T02:24:20.891+0000] {processor.py:179} INFO - Processing /home/airflow/.local/lib/python3.7/site-packages/airflow/example_dags/example_branch_labels.py took 0.140 seconds
[2023-06-17T02:24:53.290+0000] {processor.py:157} INFO - Started process (PID=851) to work on /home/airflow/.local/lib/python3.7/site-packages/airflow/example_dags/example_branch_labels.py
[2023-06-17T02:24:53.387+0000] {processor.py:826} INFO - Processing file /home/airflow/.local/lib/python3.7/site-packages/airflow/example_dags/example_branch_labels.py for tasks to queue
[2023-06-17T02:24:53.388+0000] {logging_mixin.py:149} INFO - [2023-06-17T02:24:53.388+0000] {dagbag.py:541} INFO - Filling up the DagBag from /home/airflow/.local/lib/python3.7/site-packages/airflow/example_dags/example_branch_labels.py
[2023-06-17T02:24:53.395+0000] {processor.py:836} INFO - DAG(s) dict_keys(['example_branch_labels']) retrieved from /home/airflow/.local/lib/python3.7/site-packages/airflow/example_dags/example_branch_labels.py
[2023-06-17T02:24:53.421+0000] {logging_mixin.py:149} INFO - [2023-06-17T02:24:53.420+0000] {dag.py:2726} INFO - Sync 1 DAGs
[2023-06-17T02:24:53.462+0000] {logging_mixin.py:149} INFO - [2023-06-17T02:24:53.462+0000] {dag.py:3490} INFO - Setting next_dagrun for example_branch_labels to 2023-06-16T00:00:00+00:00, run_after=2023-06-17T00:00:00+00:00
[2023-06-17T02:24:53.771+0000] {processor.py:179} INFO - Processing /home/airflow/.local/lib/python3.7/site-packages/airflow/example_dags/example_branch_labels.py took 0.484 seconds
[2023-06-17T02:25:29.319+0000] {processor.py:157} INFO - Started process (PID=903) to work on /home/airflow/.local/lib/python3.7/site-packages/airflow/example_dags/example_branch_labels.py
[2023-06-17T02:25:29.363+0000] {processor.py:826} INFO - Processing file /home/airflow/.local/lib/python3.7/site-packages/airflow/example_dags/example_branch_labels.py for tasks to queue
[2023-06-17T02:25:29.366+0000] {logging_mixin.py:149} INFO - [2023-06-17T02:25:29.366+0000] {dagbag.py:541} INFO - Filling up the DagBag from /home/airflow/.local/lib/python3.7/site-packages/airflow/example_dags/example_branch_labels.py
[2023-06-17T02:25:29.394+0000] {processor.py:836} INFO - DAG(s) dict_keys(['example_branch_labels']) retrieved from /home/airflow/.local/lib/python3.7/site-packages/airflow/example_dags/example_branch_labels.py
[2023-06-17T02:25:29.423+0000] {logging_mixin.py:149} INFO - [2023-06-17T02:25:29.422+0000] {dag.py:2726} INFO - Sync 1 DAGs
[2023-06-17T02:25:29.555+0000] {logging_mixin.py:149} INFO - [2023-06-17T02:25:29.555+0000] {dag.py:3490} INFO - Setting next_dagrun for example_branch_labels to 2023-06-16T00:00:00+00:00, run_after=2023-06-17T00:00:00+00:00
[2023-06-17T02:25:29.662+0000] {processor.py:179} INFO - Processing /home/airflow/.local/lib/python3.7/site-packages/airflow/example_dags/example_branch_labels.py took 0.345 seconds
[2023-06-17T02:26:00.629+0000] {processor.py:157} INFO - Started process (PID=964) to work on /home/airflow/.local/lib/python3.7/site-packages/airflow/example_dags/example_branch_labels.py
[2023-06-17T02:26:00.631+0000] {processor.py:826} INFO - Processing file /home/airflow/.local/lib/python3.7/site-packages/airflow/example_dags/example_branch_labels.py for tasks to queue
[2023-06-17T02:26:00.633+0000] {logging_mixin.py:149} INFO - [2023-06-17T02:26:00.632+0000] {dagbag.py:541} INFO - Filling up the DagBag from /home/airflow/.local/lib/python3.7/site-packages/airflow/example_dags/example_branch_labels.py
[2023-06-17T02:26:00.654+0000] {processor.py:836} INFO - DAG(s) dict_keys(['example_branch_labels']) retrieved from /home/airflow/.local/lib/python3.7/site-packages/airflow/example_dags/example_branch_labels.py
[2023-06-17T02:26:00.723+0000] {logging_mixin.py:149} INFO - [2023-06-17T02:26:00.722+0000] {dag.py:2726} INFO - Sync 1 DAGs
[2023-06-17T02:26:00.818+0000] {logging_mixin.py:149} INFO - [2023-06-17T02:26:00.817+0000] {dag.py:3490} INFO - Setting next_dagrun for example_branch_labels to 2023-06-16T00:00:00+00:00, run_after=2023-06-17T00:00:00+00:00
[2023-06-17T02:26:00.886+0000] {processor.py:179} INFO - Processing /home/airflow/.local/lib/python3.7/site-packages/airflow/example_dags/example_branch_labels.py took 0.264 seconds
[2023-06-17T02:26:31.314+0000] {processor.py:157} INFO - Started process (PID=1025) to work on /home/airflow/.local/lib/python3.7/site-packages/airflow/example_dags/example_branch_labels.py
[2023-06-17T02:26:31.314+0000] {processor.py:826} INFO - Processing file /home/airflow/.local/lib/python3.7/site-packages/airflow/example_dags/example_branch_labels.py for tasks to queue
[2023-06-17T02:26:31.315+0000] {logging_mixin.py:149} INFO - [2023-06-17T02:26:31.315+0000] {dagbag.py:541} INFO - Filling up the DagBag from /home/airflow/.local/lib/python3.7/site-packages/airflow/example_dags/example_branch_labels.py
[2023-06-17T02:26:31.325+0000] {processor.py:836} INFO - DAG(s) dict_keys(['example_branch_labels']) retrieved from /home/airflow/.local/lib/python3.7/site-packages/airflow/example_dags/example_branch_labels.py
[2023-06-17T02:26:31.362+0000] {logging_mixin.py:149} INFO - [2023-06-17T02:26:31.361+0000] {dag.py:2726} INFO - Sync 1 DAGs
[2023-06-17T02:26:31.403+0000] {logging_mixin.py:149} INFO - [2023-06-17T02:26:31.403+0000] {dag.py:3490} INFO - Setting next_dagrun for example_branch_labels to 2023-06-16T00:00:00+00:00, run_after=2023-06-17T00:00:00+00:00
[2023-06-17T02:26:31.431+0000] {processor.py:179} INFO - Processing /home/airflow/.local/lib/python3.7/site-packages/airflow/example_dags/example_branch_labels.py took 0.121 seconds
[2023-06-17T02:27:15.485+0000] {processor.py:157} INFO - Started process (PID=1089) to work on /home/airflow/.local/lib/python3.7/site-packages/airflow/example_dags/example_branch_labels.py
[2023-06-17T02:27:15.524+0000] {processor.py:826} INFO - Processing file /home/airflow/.local/lib/python3.7/site-packages/airflow/example_dags/example_branch_labels.py for tasks to queue
[2023-06-17T02:27:15.526+0000] {logging_mixin.py:149} INFO - [2023-06-17T02:27:15.526+0000] {dagbag.py:541} INFO - Filling up the DagBag from /home/airflow/.local/lib/python3.7/site-packages/airflow/example_dags/example_branch_labels.py
[2023-06-17T02:27:15.568+0000] {processor.py:836} INFO - DAG(s) dict_keys(['example_branch_labels']) retrieved from /home/airflow/.local/lib/python3.7/site-packages/airflow/example_dags/example_branch_labels.py
[2023-06-17T02:27:15.602+0000] {logging_mixin.py:149} INFO - [2023-06-17T02:27:15.601+0000] {dag.py:2726} INFO - Sync 1 DAGs
[2023-06-17T02:27:15.631+0000] {logging_mixin.py:149} INFO - [2023-06-17T02:27:15.631+0000] {dag.py:3490} INFO - Setting next_dagrun for example_branch_labels to 2023-06-16T00:00:00+00:00, run_after=2023-06-17T00:00:00+00:00
[2023-06-17T02:27:15.760+0000] {processor.py:179} INFO - Processing /home/airflow/.local/lib/python3.7/site-packages/airflow/example_dags/example_branch_labels.py took 0.277 seconds
[2023-06-17T02:27:47.604+0000] {processor.py:157} INFO - Started process (PID=1150) to work on /home/airflow/.local/lib/python3.7/site-packages/airflow/example_dags/example_branch_labels.py
[2023-06-17T02:27:47.670+0000] {processor.py:826} INFO - Processing file /home/airflow/.local/lib/python3.7/site-packages/airflow/example_dags/example_branch_labels.py for tasks to queue
[2023-06-17T02:27:47.672+0000] {logging_mixin.py:149} INFO - [2023-06-17T02:27:47.672+0000] {dagbag.py:541} INFO - Filling up the DagBag from /home/airflow/.local/lib/python3.7/site-packages/airflow/example_dags/example_branch_labels.py
[2023-06-17T02:27:47.686+0000] {processor.py:836} INFO - DAG(s) dict_keys(['example_branch_labels']) retrieved from /home/airflow/.local/lib/python3.7/site-packages/airflow/example_dags/example_branch_labels.py
[2023-06-17T02:27:47.711+0000] {logging_mixin.py:149} INFO - [2023-06-17T02:27:47.711+0000] {dag.py:2726} INFO - Sync 1 DAGs
[2023-06-17T02:27:47.739+0000] {logging_mixin.py:149} INFO - [2023-06-17T02:27:47.739+0000] {dag.py:3490} INFO - Setting next_dagrun for example_branch_labels to 2023-06-16T00:00:00+00:00, run_after=2023-06-17T00:00:00+00:00
[2023-06-17T02:27:47.845+0000] {processor.py:179} INFO - Processing /home/airflow/.local/lib/python3.7/site-packages/airflow/example_dags/example_branch_labels.py took 0.244 seconds
[2023-06-17T02:28:18.332+0000] {processor.py:157} INFO - Started process (PID=1202) to work on /home/airflow/.local/lib/python3.7/site-packages/airflow/example_dags/example_branch_labels.py
[2023-06-17T02:28:18.335+0000] {processor.py:826} INFO - Processing file /home/airflow/.local/lib/python3.7/site-packages/airflow/example_dags/example_branch_labels.py for tasks to queue
[2023-06-17T02:28:18.336+0000] {logging_mixin.py:149} INFO - [2023-06-17T02:28:18.336+0000] {dagbag.py:541} INFO - Filling up the DagBag from /home/airflow/.local/lib/python3.7/site-packages/airflow/example_dags/example_branch_labels.py
[2023-06-17T02:28:18.344+0000] {processor.py:836} INFO - DAG(s) dict_keys(['example_branch_labels']) retrieved from /home/airflow/.local/lib/python3.7/site-packages/airflow/example_dags/example_branch_labels.py
[2023-06-17T02:28:18.375+0000] {logging_mixin.py:149} INFO - [2023-06-17T02:28:18.374+0000] {dag.py:2726} INFO - Sync 1 DAGs
[2023-06-17T02:28:18.415+0000] {logging_mixin.py:149} INFO - [2023-06-17T02:28:18.415+0000] {dag.py:3490} INFO - Setting next_dagrun for example_branch_labels to 2023-06-16T00:00:00+00:00, run_after=2023-06-17T00:00:00+00:00
[2023-06-17T02:28:18.650+0000] {processor.py:179} INFO - Processing /home/airflow/.local/lib/python3.7/site-packages/airflow/example_dags/example_branch_labels.py took 0.321 seconds
[2023-06-17T02:28:49.438+0000] {processor.py:157} INFO - Started process (PID=1263) to work on /home/airflow/.local/lib/python3.7/site-packages/airflow/example_dags/example_branch_labels.py
[2023-06-17T02:28:49.613+0000] {processor.py:826} INFO - Processing file /home/airflow/.local/lib/python3.7/site-packages/airflow/example_dags/example_branch_labels.py for tasks to queue
[2023-06-17T02:28:49.614+0000] {logging_mixin.py:149} INFO - [2023-06-17T02:28:49.614+0000] {dagbag.py:541} INFO - Filling up the DagBag from /home/airflow/.local/lib/python3.7/site-packages/airflow/example_dags/example_branch_labels.py
[2023-06-17T02:28:49.628+0000] {processor.py:836} INFO - DAG(s) dict_keys(['example_branch_labels']) retrieved from /home/airflow/.local/lib/python3.7/site-packages/airflow/example_dags/example_branch_labels.py
[2023-06-17T02:28:49.674+0000] {logging_mixin.py:149} INFO - [2023-06-17T02:28:49.674+0000] {dag.py:2726} INFO - Sync 1 DAGs
[2023-06-17T02:28:49.724+0000] {logging_mixin.py:149} INFO - [2023-06-17T02:28:49.724+0000] {dag.py:3490} INFO - Setting next_dagrun for example_branch_labels to 2023-06-16T00:00:00+00:00, run_after=2023-06-17T00:00:00+00:00
[2023-06-17T02:28:50.014+0000] {processor.py:179} INFO - Processing /home/airflow/.local/lib/python3.7/site-packages/airflow/example_dags/example_branch_labels.py took 0.581 seconds
[2023-06-17T02:29:21.235+0000] {processor.py:157} INFO - Started process (PID=1324) to work on /home/airflow/.local/lib/python3.7/site-packages/airflow/example_dags/example_branch_labels.py
[2023-06-17T02:29:21.326+0000] {processor.py:826} INFO - Processing file /home/airflow/.local/lib/python3.7/site-packages/airflow/example_dags/example_branch_labels.py for tasks to queue
[2023-06-17T02:29:21.328+0000] {logging_mixin.py:149} INFO - [2023-06-17T02:29:21.327+0000] {dagbag.py:541} INFO - Filling up the DagBag from /home/airflow/.local/lib/python3.7/site-packages/airflow/example_dags/example_branch_labels.py
[2023-06-17T02:29:21.353+0000] {processor.py:836} INFO - DAG(s) dict_keys(['example_branch_labels']) retrieved from /home/airflow/.local/lib/python3.7/site-packages/airflow/example_dags/example_branch_labels.py
[2023-06-17T02:29:21.388+0000] {logging_mixin.py:149} INFO - [2023-06-17T02:29:21.388+0000] {dag.py:2726} INFO - Sync 1 DAGs
[2023-06-17T02:29:21.415+0000] {logging_mixin.py:149} INFO - [2023-06-17T02:29:21.415+0000] {dag.py:3490} INFO - Setting next_dagrun for example_branch_labels to 2023-06-16T00:00:00+00:00, run_after=2023-06-17T00:00:00+00:00
[2023-06-17T02:29:21.606+0000] {processor.py:179} INFO - Processing /home/airflow/.local/lib/python3.7/site-packages/airflow/example_dags/example_branch_labels.py took 0.373 seconds
[2023-06-17T02:31:55.823+0000] {processor.py:157} INFO - Started process (PID=1396) to work on /home/airflow/.local/lib/python3.7/site-packages/airflow/example_dags/example_branch_labels.py
[2023-06-17T02:31:56.216+0000] {processor.py:826} INFO - Processing file /home/airflow/.local/lib/python3.7/site-packages/airflow/example_dags/example_branch_labels.py for tasks to queue
[2023-06-17T02:31:56.217+0000] {logging_mixin.py:149} INFO - [2023-06-17T02:31:56.217+0000] {dagbag.py:541} INFO - Filling up the DagBag from /home/airflow/.local/lib/python3.7/site-packages/airflow/example_dags/example_branch_labels.py
[2023-06-17T02:31:56.225+0000] {processor.py:836} INFO - DAG(s) dict_keys(['example_branch_labels']) retrieved from /home/airflow/.local/lib/python3.7/site-packages/airflow/example_dags/example_branch_labels.py
[2023-06-17T02:31:56.247+0000] {logging_mixin.py:149} INFO - [2023-06-17T02:31:56.247+0000] {dag.py:2726} INFO - Sync 1 DAGs
[2023-06-17T02:31:56.274+0000] {logging_mixin.py:149} INFO - [2023-06-17T02:31:56.274+0000] {dag.py:3490} INFO - Setting next_dagrun for example_branch_labels to 2023-06-16T00:00:00+00:00, run_after=2023-06-17T00:00:00+00:00
[2023-06-17T02:31:57.287+0000] {processor.py:179} INFO - Processing /home/airflow/.local/lib/python3.7/site-packages/airflow/example_dags/example_branch_labels.py took 1.467 seconds
[2023-06-17T02:32:38.736+0000] {processor.py:157} INFO - Started process (PID=1460) to work on /home/airflow/.local/lib/python3.7/site-packages/airflow/example_dags/example_branch_labels.py
[2023-06-17T02:32:38.813+0000] {processor.py:826} INFO - Processing file /home/airflow/.local/lib/python3.7/site-packages/airflow/example_dags/example_branch_labels.py for tasks to queue
[2023-06-17T02:32:38.815+0000] {logging_mixin.py:149} INFO - [2023-06-17T02:32:38.815+0000] {dagbag.py:541} INFO - Filling up the DagBag from /home/airflow/.local/lib/python3.7/site-packages/airflow/example_dags/example_branch_labels.py
[2023-06-17T02:32:38.841+0000] {processor.py:836} INFO - DAG(s) dict_keys(['example_branch_labels']) retrieved from /home/airflow/.local/lib/python3.7/site-packages/airflow/example_dags/example_branch_labels.py
[2023-06-17T02:32:38.880+0000] {logging_mixin.py:149} INFO - [2023-06-17T02:32:38.879+0000] {dag.py:2726} INFO - Sync 1 DAGs
[2023-06-17T02:32:38.915+0000] {logging_mixin.py:149} INFO - [2023-06-17T02:32:38.915+0000] {dag.py:3490} INFO - Setting next_dagrun for example_branch_labels to 2023-06-16T00:00:00+00:00, run_after=2023-06-17T00:00:00+00:00
[2023-06-17T02:32:39.017+0000] {processor.py:179} INFO - Processing /home/airflow/.local/lib/python3.7/site-packages/airflow/example_dags/example_branch_labels.py took 0.283 seconds
[2023-06-17T02:33:09.259+0000] {processor.py:157} INFO - Started process (PID=1513) to work on /home/airflow/.local/lib/python3.7/site-packages/airflow/example_dags/example_branch_labels.py
[2023-06-17T02:33:09.278+0000] {processor.py:826} INFO - Processing file /home/airflow/.local/lib/python3.7/site-packages/airflow/example_dags/example_branch_labels.py for tasks to queue
[2023-06-17T02:33:09.280+0000] {logging_mixin.py:149} INFO - [2023-06-17T02:33:09.279+0000] {dagbag.py:541} INFO - Filling up the DagBag from /home/airflow/.local/lib/python3.7/site-packages/airflow/example_dags/example_branch_labels.py
[2023-06-17T02:33:09.294+0000] {processor.py:836} INFO - DAG(s) dict_keys(['example_branch_labels']) retrieved from /home/airflow/.local/lib/python3.7/site-packages/airflow/example_dags/example_branch_labels.py
[2023-06-17T02:33:09.336+0000] {logging_mixin.py:149} INFO - [2023-06-17T02:33:09.336+0000] {dag.py:2726} INFO - Sync 1 DAGs
[2023-06-17T02:33:09.397+0000] {logging_mixin.py:149} INFO - [2023-06-17T02:33:09.397+0000] {dag.py:3490} INFO - Setting next_dagrun for example_branch_labels to 2023-06-16T00:00:00+00:00, run_after=2023-06-17T00:00:00+00:00
[2023-06-17T02:33:09.446+0000] {processor.py:179} INFO - Processing /home/airflow/.local/lib/python3.7/site-packages/airflow/example_dags/example_branch_labels.py took 0.191 seconds
[2023-06-17T02:33:39.964+0000] {processor.py:157} INFO - Started process (PID=1574) to work on /home/airflow/.local/lib/python3.7/site-packages/airflow/example_dags/example_branch_labels.py
[2023-06-17T02:33:39.976+0000] {processor.py:826} INFO - Processing file /home/airflow/.local/lib/python3.7/site-packages/airflow/example_dags/example_branch_labels.py for tasks to queue
[2023-06-17T02:33:39.978+0000] {logging_mixin.py:149} INFO - [2023-06-17T02:33:39.977+0000] {dagbag.py:541} INFO - Filling up the DagBag from /home/airflow/.local/lib/python3.7/site-packages/airflow/example_dags/example_branch_labels.py
[2023-06-17T02:33:39.993+0000] {processor.py:836} INFO - DAG(s) dict_keys(['example_branch_labels']) retrieved from /home/airflow/.local/lib/python3.7/site-packages/airflow/example_dags/example_branch_labels.py
[2023-06-17T02:33:40.035+0000] {logging_mixin.py:149} INFO - [2023-06-17T02:33:40.034+0000] {dag.py:2726} INFO - Sync 1 DAGs
[2023-06-17T02:33:40.103+0000] {logging_mixin.py:149} INFO - [2023-06-17T02:33:40.102+0000] {dag.py:3490} INFO - Setting next_dagrun for example_branch_labels to 2023-06-16T00:00:00+00:00, run_after=2023-06-17T00:00:00+00:00
[2023-06-17T02:33:40.368+0000] {processor.py:179} INFO - Processing /home/airflow/.local/lib/python3.7/site-packages/airflow/example_dags/example_branch_labels.py took 0.407 seconds
[2023-06-17T02:34:11.197+0000] {processor.py:157} INFO - Started process (PID=1626) to work on /home/airflow/.local/lib/python3.7/site-packages/airflow/example_dags/example_branch_labels.py
[2023-06-17T02:34:11.198+0000] {processor.py:826} INFO - Processing file /home/airflow/.local/lib/python3.7/site-packages/airflow/example_dags/example_branch_labels.py for tasks to queue
[2023-06-17T02:34:11.198+0000] {logging_mixin.py:149} INFO - [2023-06-17T02:34:11.198+0000] {dagbag.py:541} INFO - Filling up the DagBag from /home/airflow/.local/lib/python3.7/site-packages/airflow/example_dags/example_branch_labels.py
[2023-06-17T02:34:11.206+0000] {processor.py:836} INFO - DAG(s) dict_keys(['example_branch_labels']) retrieved from /home/airflow/.local/lib/python3.7/site-packages/airflow/example_dags/example_branch_labels.py
[2023-06-17T02:34:11.236+0000] {logging_mixin.py:149} INFO - [2023-06-17T02:34:11.236+0000] {dag.py:2726} INFO - Sync 1 DAGs
[2023-06-17T02:34:11.276+0000] {logging_mixin.py:149} INFO - [2023-06-17T02:34:11.276+0000] {dag.py:3490} INFO - Setting next_dagrun for example_branch_labels to 2023-06-16T00:00:00+00:00, run_after=2023-06-17T00:00:00+00:00
[2023-06-17T02:34:11.310+0000] {processor.py:179} INFO - Processing /home/airflow/.local/lib/python3.7/site-packages/airflow/example_dags/example_branch_labels.py took 0.116 seconds
[2023-06-17T02:34:41.496+0000] {processor.py:157} INFO - Started process (PID=1687) to work on /home/airflow/.local/lib/python3.7/site-packages/airflow/example_dags/example_branch_labels.py
[2023-06-17T02:34:41.509+0000] {processor.py:826} INFO - Processing file /home/airflow/.local/lib/python3.7/site-packages/airflow/example_dags/example_branch_labels.py for tasks to queue
[2023-06-17T02:34:41.509+0000] {logging_mixin.py:149} INFO - [2023-06-17T02:34:41.509+0000] {dagbag.py:541} INFO - Filling up the DagBag from /home/airflow/.local/lib/python3.7/site-packages/airflow/example_dags/example_branch_labels.py
[2023-06-17T02:34:41.517+0000] {processor.py:836} INFO - DAG(s) dict_keys(['example_branch_labels']) retrieved from /home/airflow/.local/lib/python3.7/site-packages/airflow/example_dags/example_branch_labels.py
[2023-06-17T02:34:41.545+0000] {logging_mixin.py:149} INFO - [2023-06-17T02:34:41.544+0000] {dag.py:2726} INFO - Sync 1 DAGs
[2023-06-17T02:34:41.580+0000] {logging_mixin.py:149} INFO - [2023-06-17T02:34:41.579+0000] {dag.py:3490} INFO - Setting next_dagrun for example_branch_labels to 2023-06-16T00:00:00+00:00, run_after=2023-06-17T00:00:00+00:00
[2023-06-17T02:34:41.606+0000] {processor.py:179} INFO - Processing /home/airflow/.local/lib/python3.7/site-packages/airflow/example_dags/example_branch_labels.py took 0.113 seconds
[2023-06-17T02:35:12.011+0000] {processor.py:157} INFO - Started process (PID=1747) to work on /home/airflow/.local/lib/python3.7/site-packages/airflow/example_dags/example_branch_labels.py
[2023-06-17T02:35:12.060+0000] {processor.py:826} INFO - Processing file /home/airflow/.local/lib/python3.7/site-packages/airflow/example_dags/example_branch_labels.py for tasks to queue
[2023-06-17T02:35:12.061+0000] {logging_mixin.py:149} INFO - [2023-06-17T02:35:12.061+0000] {dagbag.py:541} INFO - Filling up the DagBag from /home/airflow/.local/lib/python3.7/site-packages/airflow/example_dags/example_branch_labels.py
[2023-06-17T02:35:12.069+0000] {processor.py:836} INFO - DAG(s) dict_keys(['example_branch_labels']) retrieved from /home/airflow/.local/lib/python3.7/site-packages/airflow/example_dags/example_branch_labels.py
[2023-06-17T02:35:12.098+0000] {logging_mixin.py:149} INFO - [2023-06-17T02:35:12.097+0000] {dag.py:2726} INFO - Sync 1 DAGs
[2023-06-17T02:35:12.135+0000] {logging_mixin.py:149} INFO - [2023-06-17T02:35:12.134+0000] {dag.py:3490} INFO - Setting next_dagrun for example_branch_labels to 2023-06-16T00:00:00+00:00, run_after=2023-06-17T00:00:00+00:00
[2023-06-17T02:35:12.168+0000] {processor.py:179} INFO - Processing /home/airflow/.local/lib/python3.7/site-packages/airflow/example_dags/example_branch_labels.py took 0.160 seconds
[2023-06-17T02:35:42.284+0000] {processor.py:157} INFO - Started process (PID=1808) to work on /home/airflow/.local/lib/python3.7/site-packages/airflow/example_dags/example_branch_labels.py
[2023-06-17T02:35:42.302+0000] {processor.py:826} INFO - Processing file /home/airflow/.local/lib/python3.7/site-packages/airflow/example_dags/example_branch_labels.py for tasks to queue
[2023-06-17T02:35:42.303+0000] {logging_mixin.py:149} INFO - [2023-06-17T02:35:42.303+0000] {dagbag.py:541} INFO - Filling up the DagBag from /home/airflow/.local/lib/python3.7/site-packages/airflow/example_dags/example_branch_labels.py
[2023-06-17T02:35:42.309+0000] {processor.py:836} INFO - DAG(s) dict_keys(['example_branch_labels']) retrieved from /home/airflow/.local/lib/python3.7/site-packages/airflow/example_dags/example_branch_labels.py
[2023-06-17T02:35:42.333+0000] {logging_mixin.py:149} INFO - [2023-06-17T02:35:42.333+0000] {dag.py:2726} INFO - Sync 1 DAGs
[2023-06-17T02:35:42.360+0000] {logging_mixin.py:149} INFO - [2023-06-17T02:35:42.360+0000] {dag.py:3490} INFO - Setting next_dagrun for example_branch_labels to 2023-06-16T00:00:00+00:00, run_after=2023-06-17T00:00:00+00:00
[2023-06-17T02:35:42.471+0000] {processor.py:179} INFO - Processing /home/airflow/.local/lib/python3.7/site-packages/airflow/example_dags/example_branch_labels.py took 0.189 seconds
[2023-06-17T02:36:12.877+0000] {processor.py:157} INFO - Started process (PID=1869) to work on /home/airflow/.local/lib/python3.7/site-packages/airflow/example_dags/example_branch_labels.py
[2023-06-17T02:36:12.889+0000] {processor.py:826} INFO - Processing file /home/airflow/.local/lib/python3.7/site-packages/airflow/example_dags/example_branch_labels.py for tasks to queue
[2023-06-17T02:36:12.889+0000] {logging_mixin.py:149} INFO - [2023-06-17T02:36:12.889+0000] {dagbag.py:541} INFO - Filling up the DagBag from /home/airflow/.local/lib/python3.7/site-packages/airflow/example_dags/example_branch_labels.py
[2023-06-17T02:36:12.898+0000] {processor.py:836} INFO - DAG(s) dict_keys(['example_branch_labels']) retrieved from /home/airflow/.local/lib/python3.7/site-packages/airflow/example_dags/example_branch_labels.py
[2023-06-17T02:36:12.937+0000] {logging_mixin.py:149} INFO - [2023-06-17T02:36:12.936+0000] {dag.py:2726} INFO - Sync 1 DAGs
[2023-06-17T02:36:12.990+0000] {logging_mixin.py:149} INFO - [2023-06-17T02:36:12.989+0000] {dag.py:3490} INFO - Setting next_dagrun for example_branch_labels to 2023-06-16T00:00:00+00:00, run_after=2023-06-17T00:00:00+00:00
[2023-06-17T02:36:13.031+0000] {processor.py:179} INFO - Processing /home/airflow/.local/lib/python3.7/site-packages/airflow/example_dags/example_branch_labels.py took 0.157 seconds
[2023-06-17T02:36:43.196+0000] {processor.py:157} INFO - Started process (PID=1930) to work on /home/airflow/.local/lib/python3.7/site-packages/airflow/example_dags/example_branch_labels.py
[2023-06-17T02:36:43.201+0000] {processor.py:826} INFO - Processing file /home/airflow/.local/lib/python3.7/site-packages/airflow/example_dags/example_branch_labels.py for tasks to queue
[2023-06-17T02:36:43.202+0000] {logging_mixin.py:149} INFO - [2023-06-17T02:36:43.202+0000] {dagbag.py:541} INFO - Filling up the DagBag from /home/airflow/.local/lib/python3.7/site-packages/airflow/example_dags/example_branch_labels.py
[2023-06-17T02:36:43.209+0000] {processor.py:836} INFO - DAG(s) dict_keys(['example_branch_labels']) retrieved from /home/airflow/.local/lib/python3.7/site-packages/airflow/example_dags/example_branch_labels.py
[2023-06-17T02:36:43.238+0000] {logging_mixin.py:149} INFO - [2023-06-17T02:36:43.238+0000] {dag.py:2726} INFO - Sync 1 DAGs
[2023-06-17T02:36:43.275+0000] {logging_mixin.py:149} INFO - [2023-06-17T02:36:43.275+0000] {dag.py:3490} INFO - Setting next_dagrun for example_branch_labels to 2023-06-16T00:00:00+00:00, run_after=2023-06-17T00:00:00+00:00
[2023-06-17T02:36:43.310+0000] {processor.py:179} INFO - Processing /home/airflow/.local/lib/python3.7/site-packages/airflow/example_dags/example_branch_labels.py took 0.117 seconds
[2023-06-17T02:37:13.705+0000] {processor.py:157} INFO - Started process (PID=1991) to work on /home/airflow/.local/lib/python3.7/site-packages/airflow/example_dags/example_branch_labels.py
[2023-06-17T02:37:13.715+0000] {processor.py:826} INFO - Processing file /home/airflow/.local/lib/python3.7/site-packages/airflow/example_dags/example_branch_labels.py for tasks to queue
[2023-06-17T02:37:13.716+0000] {logging_mixin.py:149} INFO - [2023-06-17T02:37:13.716+0000] {dagbag.py:541} INFO - Filling up the DagBag from /home/airflow/.local/lib/python3.7/site-packages/airflow/example_dags/example_branch_labels.py
[2023-06-17T02:37:13.725+0000] {processor.py:836} INFO - DAG(s) dict_keys(['example_branch_labels']) retrieved from /home/airflow/.local/lib/python3.7/site-packages/airflow/example_dags/example_branch_labels.py
[2023-06-17T02:37:13.755+0000] {logging_mixin.py:149} INFO - [2023-06-17T02:37:13.755+0000] {dag.py:2726} INFO - Sync 1 DAGs
[2023-06-17T02:37:13.794+0000] {logging_mixin.py:149} INFO - [2023-06-17T02:37:13.794+0000] {dag.py:3490} INFO - Setting next_dagrun for example_branch_labels to 2023-06-16T00:00:00+00:00, run_after=2023-06-17T00:00:00+00:00
[2023-06-17T02:37:13.831+0000] {processor.py:179} INFO - Processing /home/airflow/.local/lib/python3.7/site-packages/airflow/example_dags/example_branch_labels.py took 0.128 seconds
[2023-06-17T02:37:44.358+0000] {processor.py:157} INFO - Started process (PID=2052) to work on /home/airflow/.local/lib/python3.7/site-packages/airflow/example_dags/example_branch_labels.py
[2023-06-17T02:37:44.585+0000] {processor.py:826} INFO - Processing file /home/airflow/.local/lib/python3.7/site-packages/airflow/example_dags/example_branch_labels.py for tasks to queue
[2023-06-17T02:37:44.588+0000] {logging_mixin.py:149} INFO - [2023-06-17T02:37:44.587+0000] {dagbag.py:541} INFO - Filling up the DagBag from /home/airflow/.local/lib/python3.7/site-packages/airflow/example_dags/example_branch_labels.py
[2023-06-17T02:37:44.613+0000] {processor.py:836} INFO - DAG(s) dict_keys(['example_branch_labels']) retrieved from /home/airflow/.local/lib/python3.7/site-packages/airflow/example_dags/example_branch_labels.py
[2023-06-17T02:37:44.644+0000] {logging_mixin.py:149} INFO - [2023-06-17T02:37:44.644+0000] {dag.py:2726} INFO - Sync 1 DAGs
[2023-06-17T02:37:44.671+0000] {logging_mixin.py:149} INFO - [2023-06-17T02:37:44.671+0000] {dag.py:3490} INFO - Setting next_dagrun for example_branch_labels to 2023-06-16T00:00:00+00:00, run_after=2023-06-17T00:00:00+00:00
[2023-06-17T02:37:45.116+0000] {processor.py:179} INFO - Processing /home/airflow/.local/lib/python3.7/site-packages/airflow/example_dags/example_branch_labels.py took 0.760 seconds
[2023-06-17T03:24:49.876+0000] {processor.py:157} INFO - Started process (PID=2124) to work on /home/airflow/.local/lib/python3.7/site-packages/airflow/example_dags/example_branch_labels.py
[2023-06-17T03:24:49.916+0000] {processor.py:826} INFO - Processing file /home/airflow/.local/lib/python3.7/site-packages/airflow/example_dags/example_branch_labels.py for tasks to queue
[2023-06-17T03:24:49.918+0000] {logging_mixin.py:149} INFO - [2023-06-17T03:24:49.918+0000] {dagbag.py:541} INFO - Filling up the DagBag from /home/airflow/.local/lib/python3.7/site-packages/airflow/example_dags/example_branch_labels.py
[2023-06-17T03:24:49.945+0000] {processor.py:836} INFO - DAG(s) dict_keys(['example_branch_labels']) retrieved from /home/airflow/.local/lib/python3.7/site-packages/airflow/example_dags/example_branch_labels.py
[2023-06-17T03:24:49.979+0000] {logging_mixin.py:149} INFO - [2023-06-17T03:24:49.978+0000] {dag.py:2726} INFO - Sync 1 DAGs
[2023-06-17T03:24:50.005+0000] {logging_mixin.py:149} INFO - [2023-06-17T03:24:50.005+0000] {dag.py:3490} INFO - Setting next_dagrun for example_branch_labels to 2023-06-16T00:00:00+00:00, run_after=2023-06-17T00:00:00+00:00
[2023-06-17T03:24:50.207+0000] {processor.py:179} INFO - Processing /home/airflow/.local/lib/python3.7/site-packages/airflow/example_dags/example_branch_labels.py took 0.333 seconds
[2023-06-17T03:25:20.392+0000] {processor.py:157} INFO - Started process (PID=2185) to work on /home/airflow/.local/lib/python3.7/site-packages/airflow/example_dags/example_branch_labels.py
[2023-06-17T03:25:20.400+0000] {processor.py:826} INFO - Processing file /home/airflow/.local/lib/python3.7/site-packages/airflow/example_dags/example_branch_labels.py for tasks to queue
[2023-06-17T03:25:20.402+0000] {logging_mixin.py:149} INFO - [2023-06-17T03:25:20.401+0000] {dagbag.py:541} INFO - Filling up the DagBag from /home/airflow/.local/lib/python3.7/site-packages/airflow/example_dags/example_branch_labels.py
[2023-06-17T03:25:20.424+0000] {processor.py:836} INFO - DAG(s) dict_keys(['example_branch_labels']) retrieved from /home/airflow/.local/lib/python3.7/site-packages/airflow/example_dags/example_branch_labels.py
[2023-06-17T03:25:20.488+0000] {logging_mixin.py:149} INFO - [2023-06-17T03:25:20.488+0000] {dag.py:2726} INFO - Sync 1 DAGs
[2023-06-17T03:25:20.569+0000] {logging_mixin.py:149} INFO - [2023-06-17T03:25:20.569+0000] {dag.py:3490} INFO - Setting next_dagrun for example_branch_labels to 2023-06-16T00:00:00+00:00, run_after=2023-06-17T00:00:00+00:00
[2023-06-17T03:25:20.636+0000] {processor.py:179} INFO - Processing /home/airflow/.local/lib/python3.7/site-packages/airflow/example_dags/example_branch_labels.py took 0.251 seconds
[2023-06-17T03:35:54.505+0000] {processor.py:157} INFO - Started process (PID=68) to work on /home/airflow/.local/lib/python3.7/site-packages/airflow/example_dags/example_branch_labels.py
[2023-06-17T03:35:54.580+0000] {processor.py:826} INFO - Processing file /home/airflow/.local/lib/python3.7/site-packages/airflow/example_dags/example_branch_labels.py for tasks to queue
[2023-06-17T03:35:54.581+0000] {logging_mixin.py:149} INFO - [2023-06-17T03:35:54.581+0000] {dagbag.py:541} INFO - Filling up the DagBag from /home/airflow/.local/lib/python3.7/site-packages/airflow/example_dags/example_branch_labels.py
[2023-06-17T03:35:54.593+0000] {processor.py:836} INFO - DAG(s) dict_keys(['example_branch_labels']) retrieved from /home/airflow/.local/lib/python3.7/site-packages/airflow/example_dags/example_branch_labels.py
[2023-06-17T03:35:54.629+0000] {logging_mixin.py:149} INFO - [2023-06-17T03:35:54.629+0000] {dag.py:2726} INFO - Sync 1 DAGs
[2023-06-17T03:35:54.664+0000] {logging_mixin.py:149} INFO - [2023-06-17T03:35:54.664+0000] {dag.py:3490} INFO - Setting next_dagrun for example_branch_labels to 2023-06-16T00:00:00+00:00, run_after=2023-06-17T00:00:00+00:00
[2023-06-17T03:35:54.782+0000] {processor.py:179} INFO - Processing /home/airflow/.local/lib/python3.7/site-packages/airflow/example_dags/example_branch_labels.py took 0.281 seconds
[2023-06-17T03:36:27.923+0000] {processor.py:157} INFO - Started process (PID=127) to work on /home/airflow/.local/lib/python3.7/site-packages/airflow/example_dags/example_branch_labels.py
[2023-06-17T03:36:28.023+0000] {processor.py:826} INFO - Processing file /home/airflow/.local/lib/python3.7/site-packages/airflow/example_dags/example_branch_labels.py for tasks to queue
[2023-06-17T03:36:28.025+0000] {logging_mixin.py:149} INFO - [2023-06-17T03:36:28.025+0000] {dagbag.py:541} INFO - Filling up the DagBag from /home/airflow/.local/lib/python3.7/site-packages/airflow/example_dags/example_branch_labels.py
[2023-06-17T03:36:28.051+0000] {processor.py:836} INFO - DAG(s) dict_keys(['example_branch_labels']) retrieved from /home/airflow/.local/lib/python3.7/site-packages/airflow/example_dags/example_branch_labels.py
[2023-06-17T03:36:28.083+0000] {logging_mixin.py:149} INFO - [2023-06-17T03:36:28.083+0000] {dag.py:2726} INFO - Sync 1 DAGs
[2023-06-17T03:36:28.110+0000] {logging_mixin.py:149} INFO - [2023-06-17T03:36:28.109+0000] {dag.py:3490} INFO - Setting next_dagrun for example_branch_labels to 2023-06-16T00:00:00+00:00, run_after=2023-06-17T00:00:00+00:00
[2023-06-17T03:36:28.310+0000] {processor.py:179} INFO - Processing /home/airflow/.local/lib/python3.7/site-packages/airflow/example_dags/example_branch_labels.py took 0.391 seconds
[2023-06-17T03:36:58.710+0000] {processor.py:157} INFO - Started process (PID=181) to work on /home/airflow/.local/lib/python3.7/site-packages/airflow/example_dags/example_branch_labels.py
[2023-06-17T03:36:58.763+0000] {processor.py:826} INFO - Processing file /home/airflow/.local/lib/python3.7/site-packages/airflow/example_dags/example_branch_labels.py for tasks to queue
[2023-06-17T03:36:58.764+0000] {logging_mixin.py:149} INFO - [2023-06-17T03:36:58.763+0000] {dagbag.py:541} INFO - Filling up the DagBag from /home/airflow/.local/lib/python3.7/site-packages/airflow/example_dags/example_branch_labels.py
[2023-06-17T03:36:58.771+0000] {processor.py:836} INFO - DAG(s) dict_keys(['example_branch_labels']) retrieved from /home/airflow/.local/lib/python3.7/site-packages/airflow/example_dags/example_branch_labels.py
[2023-06-17T03:36:58.799+0000] {logging_mixin.py:149} INFO - [2023-06-17T03:36:58.799+0000] {dag.py:2726} INFO - Sync 1 DAGs
[2023-06-17T03:36:58.931+0000] {logging_mixin.py:149} INFO - [2023-06-17T03:36:58.931+0000] {dag.py:3490} INFO - Setting next_dagrun for example_branch_labels to 2023-06-16T00:00:00+00:00, run_after=2023-06-17T00:00:00+00:00
[2023-06-17T03:36:59.000+0000] {processor.py:179} INFO - Processing /home/airflow/.local/lib/python3.7/site-packages/airflow/example_dags/example_branch_labels.py took 0.292 seconds
[2023-06-17T03:37:29.688+0000] {processor.py:157} INFO - Started process (PID=235) to work on /home/airflow/.local/lib/python3.7/site-packages/airflow/example_dags/example_branch_labels.py
[2023-06-17T03:37:29.697+0000] {processor.py:826} INFO - Processing file /home/airflow/.local/lib/python3.7/site-packages/airflow/example_dags/example_branch_labels.py for tasks to queue
[2023-06-17T03:37:29.698+0000] {logging_mixin.py:149} INFO - [2023-06-17T03:37:29.698+0000] {dagbag.py:541} INFO - Filling up the DagBag from /home/airflow/.local/lib/python3.7/site-packages/airflow/example_dags/example_branch_labels.py
[2023-06-17T03:37:29.706+0000] {processor.py:836} INFO - DAG(s) dict_keys(['example_branch_labels']) retrieved from /home/airflow/.local/lib/python3.7/site-packages/airflow/example_dags/example_branch_labels.py
[2023-06-17T03:37:29.838+0000] {logging_mixin.py:149} INFO - [2023-06-17T03:37:29.838+0000] {dag.py:2726} INFO - Sync 1 DAGs
[2023-06-17T03:37:29.882+0000] {logging_mixin.py:149} INFO - [2023-06-17T03:37:29.882+0000] {dag.py:3490} INFO - Setting next_dagrun for example_branch_labels to 2023-06-16T00:00:00+00:00, run_after=2023-06-17T00:00:00+00:00
[2023-06-17T03:37:30.016+0000] {processor.py:179} INFO - Processing /home/airflow/.local/lib/python3.7/site-packages/airflow/example_dags/example_branch_labels.py took 0.331 seconds
[2023-06-17T03:38:00.397+0000] {processor.py:157} INFO - Started process (PID=296) to work on /home/airflow/.local/lib/python3.7/site-packages/airflow/example_dags/example_branch_labels.py
[2023-06-17T03:38:00.405+0000] {processor.py:826} INFO - Processing file /home/airflow/.local/lib/python3.7/site-packages/airflow/example_dags/example_branch_labels.py for tasks to queue
[2023-06-17T03:38:00.406+0000] {logging_mixin.py:149} INFO - [2023-06-17T03:38:00.406+0000] {dagbag.py:541} INFO - Filling up the DagBag from /home/airflow/.local/lib/python3.7/site-packages/airflow/example_dags/example_branch_labels.py
[2023-06-17T03:38:00.415+0000] {processor.py:836} INFO - DAG(s) dict_keys(['example_branch_labels']) retrieved from /home/airflow/.local/lib/python3.7/site-packages/airflow/example_dags/example_branch_labels.py
[2023-06-17T03:38:00.445+0000] {logging_mixin.py:149} INFO - [2023-06-17T03:38:00.445+0000] {dag.py:2726} INFO - Sync 1 DAGs
[2023-06-17T03:38:00.480+0000] {logging_mixin.py:149} INFO - [2023-06-17T03:38:00.479+0000] {dag.py:3490} INFO - Setting next_dagrun for example_branch_labels to 2023-06-16T00:00:00+00:00, run_after=2023-06-17T00:00:00+00:00
[2023-06-17T03:38:00.511+0000] {processor.py:179} INFO - Processing /home/airflow/.local/lib/python3.7/site-packages/airflow/example_dags/example_branch_labels.py took 0.117 seconds
[2023-06-17T03:38:31.063+0000] {processor.py:157} INFO - Started process (PID=357) to work on /home/airflow/.local/lib/python3.7/site-packages/airflow/example_dags/example_branch_labels.py
[2023-06-17T03:38:31.287+0000] {processor.py:826} INFO - Processing file /home/airflow/.local/lib/python3.7/site-packages/airflow/example_dags/example_branch_labels.py for tasks to queue
[2023-06-17T03:38:31.288+0000] {logging_mixin.py:149} INFO - [2023-06-17T03:38:31.288+0000] {dagbag.py:541} INFO - Filling up the DagBag from /home/airflow/.local/lib/python3.7/site-packages/airflow/example_dags/example_branch_labels.py
[2023-06-17T03:38:31.296+0000] {processor.py:836} INFO - DAG(s) dict_keys(['example_branch_labels']) retrieved from /home/airflow/.local/lib/python3.7/site-packages/airflow/example_dags/example_branch_labels.py
[2023-06-17T03:38:31.330+0000] {logging_mixin.py:149} INFO - [2023-06-17T03:38:31.330+0000] {dag.py:2726} INFO - Sync 1 DAGs
[2023-06-17T03:38:31.369+0000] {logging_mixin.py:149} INFO - [2023-06-17T03:38:31.369+0000] {dag.py:3490} INFO - Setting next_dagrun for example_branch_labels to 2023-06-16T00:00:00+00:00, run_after=2023-06-17T00:00:00+00:00
[2023-06-17T03:38:31.418+0000] {processor.py:179} INFO - Processing /home/airflow/.local/lib/python3.7/site-packages/airflow/example_dags/example_branch_labels.py took 0.358 seconds
[2023-06-17T03:39:01.486+0000] {processor.py:157} INFO - Started process (PID=417) to work on /home/airflow/.local/lib/python3.7/site-packages/airflow/example_dags/example_branch_labels.py
[2023-06-17T03:39:01.498+0000] {processor.py:826} INFO - Processing file /home/airflow/.local/lib/python3.7/site-packages/airflow/example_dags/example_branch_labels.py for tasks to queue
[2023-06-17T03:39:01.499+0000] {logging_mixin.py:149} INFO - [2023-06-17T03:39:01.499+0000] {dagbag.py:541} INFO - Filling up the DagBag from /home/airflow/.local/lib/python3.7/site-packages/airflow/example_dags/example_branch_labels.py
[2023-06-17T03:39:01.507+0000] {processor.py:836} INFO - DAG(s) dict_keys(['example_branch_labels']) retrieved from /home/airflow/.local/lib/python3.7/site-packages/airflow/example_dags/example_branch_labels.py
[2023-06-17T03:39:01.532+0000] {logging_mixin.py:149} INFO - [2023-06-17T03:39:01.532+0000] {dag.py:2726} INFO - Sync 1 DAGs
[2023-06-17T03:39:01.572+0000] {logging_mixin.py:149} INFO - [2023-06-17T03:39:01.572+0000] {dag.py:3490} INFO - Setting next_dagrun for example_branch_labels to 2023-06-16T00:00:00+00:00, run_after=2023-06-17T00:00:00+00:00
[2023-06-17T03:39:01.597+0000] {processor.py:179} INFO - Processing /home/airflow/.local/lib/python3.7/site-packages/airflow/example_dags/example_branch_labels.py took 0.114 seconds
[2023-06-17T03:39:32.209+0000] {processor.py:157} INFO - Started process (PID=479) to work on /home/airflow/.local/lib/python3.7/site-packages/airflow/example_dags/example_branch_labels.py
[2023-06-17T03:39:32.210+0000] {processor.py:826} INFO - Processing file /home/airflow/.local/lib/python3.7/site-packages/airflow/example_dags/example_branch_labels.py for tasks to queue
[2023-06-17T03:39:32.211+0000] {logging_mixin.py:149} INFO - [2023-06-17T03:39:32.211+0000] {dagbag.py:541} INFO - Filling up the DagBag from /home/airflow/.local/lib/python3.7/site-packages/airflow/example_dags/example_branch_labels.py
[2023-06-17T03:39:32.218+0000] {processor.py:836} INFO - DAG(s) dict_keys(['example_branch_labels']) retrieved from /home/airflow/.local/lib/python3.7/site-packages/airflow/example_dags/example_branch_labels.py
[2023-06-17T03:39:32.245+0000] {logging_mixin.py:149} INFO - [2023-06-17T03:39:32.245+0000] {dag.py:2726} INFO - Sync 1 DAGs
[2023-06-17T03:39:32.276+0000] {logging_mixin.py:149} INFO - [2023-06-17T03:39:32.276+0000] {dag.py:3490} INFO - Setting next_dagrun for example_branch_labels to 2023-06-16T00:00:00+00:00, run_after=2023-06-17T00:00:00+00:00
[2023-06-17T03:39:32.434+0000] {processor.py:179} INFO - Processing /home/airflow/.local/lib/python3.7/site-packages/airflow/example_dags/example_branch_labels.py took 0.228 seconds
[2023-06-17T03:40:03.354+0000] {processor.py:157} INFO - Started process (PID=540) to work on /home/airflow/.local/lib/python3.7/site-packages/airflow/example_dags/example_branch_labels.py
[2023-06-17T03:40:03.381+0000] {processor.py:826} INFO - Processing file /home/airflow/.local/lib/python3.7/site-packages/airflow/example_dags/example_branch_labels.py for tasks to queue
[2023-06-17T03:40:03.382+0000] {logging_mixin.py:149} INFO - [2023-06-17T03:40:03.382+0000] {dagbag.py:541} INFO - Filling up the DagBag from /home/airflow/.local/lib/python3.7/site-packages/airflow/example_dags/example_branch_labels.py
[2023-06-17T03:40:03.388+0000] {processor.py:836} INFO - DAG(s) dict_keys(['example_branch_labels']) retrieved from /home/airflow/.local/lib/python3.7/site-packages/airflow/example_dags/example_branch_labels.py
[2023-06-17T03:40:03.411+0000] {logging_mixin.py:149} INFO - [2023-06-17T03:40:03.411+0000] {dag.py:2726} INFO - Sync 1 DAGs
[2023-06-17T03:40:03.446+0000] {logging_mixin.py:149} INFO - [2023-06-17T03:40:03.446+0000] {dag.py:3490} INFO - Setting next_dagrun for example_branch_labels to 2023-06-16T00:00:00+00:00, run_after=2023-06-17T00:00:00+00:00
[2023-06-17T03:40:03.479+0000] {processor.py:179} INFO - Processing /home/airflow/.local/lib/python3.7/site-packages/airflow/example_dags/example_branch_labels.py took 0.129 seconds
[2023-06-17T03:40:33.949+0000] {processor.py:157} INFO - Started process (PID=601) to work on /home/airflow/.local/lib/python3.7/site-packages/airflow/example_dags/example_branch_labels.py
[2023-06-17T03:40:33.950+0000] {processor.py:826} INFO - Processing file /home/airflow/.local/lib/python3.7/site-packages/airflow/example_dags/example_branch_labels.py for tasks to queue
[2023-06-17T03:40:33.951+0000] {logging_mixin.py:149} INFO - [2023-06-17T03:40:33.951+0000] {dagbag.py:541} INFO - Filling up the DagBag from /home/airflow/.local/lib/python3.7/site-packages/airflow/example_dags/example_branch_labels.py
[2023-06-17T03:40:33.958+0000] {processor.py:836} INFO - DAG(s) dict_keys(['example_branch_labels']) retrieved from /home/airflow/.local/lib/python3.7/site-packages/airflow/example_dags/example_branch_labels.py
[2023-06-17T03:40:33.982+0000] {logging_mixin.py:149} INFO - [2023-06-17T03:40:33.982+0000] {dag.py:2726} INFO - Sync 1 DAGs
[2023-06-17T03:40:34.011+0000] {logging_mixin.py:149} INFO - [2023-06-17T03:40:34.011+0000] {dag.py:3490} INFO - Setting next_dagrun for example_branch_labels to 2023-06-16T00:00:00+00:00, run_after=2023-06-17T00:00:00+00:00
[2023-06-17T03:40:34.052+0000] {processor.py:179} INFO - Processing /home/airflow/.local/lib/python3.7/site-packages/airflow/example_dags/example_branch_labels.py took 0.106 seconds
[2023-06-17T03:41:04.671+0000] {processor.py:157} INFO - Started process (PID=663) to work on /home/airflow/.local/lib/python3.7/site-packages/airflow/example_dags/example_branch_labels.py
[2023-06-17T03:41:04.763+0000] {processor.py:826} INFO - Processing file /home/airflow/.local/lib/python3.7/site-packages/airflow/example_dags/example_branch_labels.py for tasks to queue
[2023-06-17T03:41:04.764+0000] {logging_mixin.py:149} INFO - [2023-06-17T03:41:04.764+0000] {dagbag.py:541} INFO - Filling up the DagBag from /home/airflow/.local/lib/python3.7/site-packages/airflow/example_dags/example_branch_labels.py
[2023-06-17T03:41:04.771+0000] {processor.py:836} INFO - DAG(s) dict_keys(['example_branch_labels']) retrieved from /home/airflow/.local/lib/python3.7/site-packages/airflow/example_dags/example_branch_labels.py
[2023-06-17T03:41:04.793+0000] {logging_mixin.py:149} INFO - [2023-06-17T03:41:04.793+0000] {dag.py:2726} INFO - Sync 1 DAGs
[2023-06-17T03:41:04.822+0000] {logging_mixin.py:149} INFO - [2023-06-17T03:41:04.822+0000] {dag.py:3490} INFO - Setting next_dagrun for example_branch_labels to 2023-06-16T00:00:00+00:00, run_after=2023-06-17T00:00:00+00:00
[2023-06-17T03:41:04.843+0000] {processor.py:179} INFO - Processing /home/airflow/.local/lib/python3.7/site-packages/airflow/example_dags/example_branch_labels.py took 0.175 seconds
[2023-06-17T03:41:34.953+0000] {processor.py:157} INFO - Started process (PID=724) to work on /home/airflow/.local/lib/python3.7/site-packages/airflow/example_dags/example_branch_labels.py
[2023-06-17T03:41:34.988+0000] {processor.py:826} INFO - Processing file /home/airflow/.local/lib/python3.7/site-packages/airflow/example_dags/example_branch_labels.py for tasks to queue
[2023-06-17T03:41:34.989+0000] {logging_mixin.py:149} INFO - [2023-06-17T03:41:34.989+0000] {dagbag.py:541} INFO - Filling up the DagBag from /home/airflow/.local/lib/python3.7/site-packages/airflow/example_dags/example_branch_labels.py
[2023-06-17T03:41:34.996+0000] {processor.py:836} INFO - DAG(s) dict_keys(['example_branch_labels']) retrieved from /home/airflow/.local/lib/python3.7/site-packages/airflow/example_dags/example_branch_labels.py
[2023-06-17T03:41:35.020+0000] {logging_mixin.py:149} INFO - [2023-06-17T03:41:35.020+0000] {dag.py:2726} INFO - Sync 1 DAGs
[2023-06-17T03:41:35.049+0000] {logging_mixin.py:149} INFO - [2023-06-17T03:41:35.049+0000] {dag.py:3490} INFO - Setting next_dagrun for example_branch_labels to 2023-06-16T00:00:00+00:00, run_after=2023-06-17T00:00:00+00:00
[2023-06-17T03:41:35.073+0000] {processor.py:179} INFO - Processing /home/airflow/.local/lib/python3.7/site-packages/airflow/example_dags/example_branch_labels.py took 0.123 seconds
[2023-06-17T03:42:05.203+0000] {processor.py:157} INFO - Started process (PID=785) to work on /home/airflow/.local/lib/python3.7/site-packages/airflow/example_dags/example_branch_labels.py
[2023-06-17T03:42:05.209+0000] {processor.py:826} INFO - Processing file /home/airflow/.local/lib/python3.7/site-packages/airflow/example_dags/example_branch_labels.py for tasks to queue
[2023-06-17T03:42:05.210+0000] {logging_mixin.py:149} INFO - [2023-06-17T03:42:05.209+0000] {dagbag.py:541} INFO - Filling up the DagBag from /home/airflow/.local/lib/python3.7/site-packages/airflow/example_dags/example_branch_labels.py
[2023-06-17T03:42:05.220+0000] {processor.py:836} INFO - DAG(s) dict_keys(['example_branch_labels']) retrieved from /home/airflow/.local/lib/python3.7/site-packages/airflow/example_dags/example_branch_labels.py
[2023-06-17T03:42:05.264+0000] {logging_mixin.py:149} INFO - [2023-06-17T03:42:05.264+0000] {dag.py:2726} INFO - Sync 1 DAGs
[2023-06-17T03:42:05.309+0000] {logging_mixin.py:149} INFO - [2023-06-17T03:42:05.309+0000] {dag.py:3490} INFO - Setting next_dagrun for example_branch_labels to 2023-06-16T00:00:00+00:00, run_after=2023-06-17T00:00:00+00:00
[2023-06-17T03:42:05.339+0000] {processor.py:179} INFO - Processing /home/airflow/.local/lib/python3.7/site-packages/airflow/example_dags/example_branch_labels.py took 0.139 seconds
[2023-06-17T03:42:35.941+0000] {processor.py:157} INFO - Started process (PID=846) to work on /home/airflow/.local/lib/python3.7/site-packages/airflow/example_dags/example_branch_labels.py
[2023-06-17T03:42:35.988+0000] {processor.py:826} INFO - Processing file /home/airflow/.local/lib/python3.7/site-packages/airflow/example_dags/example_branch_labels.py for tasks to queue
[2023-06-17T03:42:35.989+0000] {logging_mixin.py:149} INFO - [2023-06-17T03:42:35.989+0000] {dagbag.py:541} INFO - Filling up the DagBag from /home/airflow/.local/lib/python3.7/site-packages/airflow/example_dags/example_branch_labels.py
[2023-06-17T03:42:35.997+0000] {processor.py:836} INFO - DAG(s) dict_keys(['example_branch_labels']) retrieved from /home/airflow/.local/lib/python3.7/site-packages/airflow/example_dags/example_branch_labels.py
[2023-06-17T03:42:36.022+0000] {logging_mixin.py:149} INFO - [2023-06-17T03:42:36.022+0000] {dag.py:2726} INFO - Sync 1 DAGs
[2023-06-17T03:42:36.058+0000] {logging_mixin.py:149} INFO - [2023-06-17T03:42:36.058+0000] {dag.py:3490} INFO - Setting next_dagrun for example_branch_labels to 2023-06-16T00:00:00+00:00, run_after=2023-06-17T00:00:00+00:00
[2023-06-17T03:42:36.083+0000] {processor.py:179} INFO - Processing /home/airflow/.local/lib/python3.7/site-packages/airflow/example_dags/example_branch_labels.py took 0.145 seconds
[2023-06-17T03:43:06.478+0000] {processor.py:157} INFO - Started process (PID=907) to work on /home/airflow/.local/lib/python3.7/site-packages/airflow/example_dags/example_branch_labels.py
[2023-06-17T03:43:06.548+0000] {processor.py:826} INFO - Processing file /home/airflow/.local/lib/python3.7/site-packages/airflow/example_dags/example_branch_labels.py for tasks to queue
[2023-06-17T03:43:06.549+0000] {logging_mixin.py:149} INFO - [2023-06-17T03:43:06.549+0000] {dagbag.py:541} INFO - Filling up the DagBag from /home/airflow/.local/lib/python3.7/site-packages/airflow/example_dags/example_branch_labels.py
[2023-06-17T03:43:06.556+0000] {processor.py:836} INFO - DAG(s) dict_keys(['example_branch_labels']) retrieved from /home/airflow/.local/lib/python3.7/site-packages/airflow/example_dags/example_branch_labels.py
[2023-06-17T03:43:06.579+0000] {logging_mixin.py:149} INFO - [2023-06-17T03:43:06.579+0000] {dag.py:2726} INFO - Sync 1 DAGs
[2023-06-17T03:43:06.610+0000] {logging_mixin.py:149} INFO - [2023-06-17T03:43:06.610+0000] {dag.py:3490} INFO - Setting next_dagrun for example_branch_labels to 2023-06-16T00:00:00+00:00, run_after=2023-06-17T00:00:00+00:00
[2023-06-17T03:43:06.637+0000] {processor.py:179} INFO - Processing /home/airflow/.local/lib/python3.7/site-packages/airflow/example_dags/example_branch_labels.py took 0.162 seconds
[2023-06-17T03:43:37.275+0000] {processor.py:157} INFO - Started process (PID=968) to work on /home/airflow/.local/lib/python3.7/site-packages/airflow/example_dags/example_branch_labels.py
[2023-06-17T03:43:37.362+0000] {processor.py:826} INFO - Processing file /home/airflow/.local/lib/python3.7/site-packages/airflow/example_dags/example_branch_labels.py for tasks to queue
[2023-06-17T03:43:37.363+0000] {logging_mixin.py:149} INFO - [2023-06-17T03:43:37.363+0000] {dagbag.py:541} INFO - Filling up the DagBag from /home/airflow/.local/lib/python3.7/site-packages/airflow/example_dags/example_branch_labels.py
[2023-06-17T03:43:37.373+0000] {processor.py:836} INFO - DAG(s) dict_keys(['example_branch_labels']) retrieved from /home/airflow/.local/lib/python3.7/site-packages/airflow/example_dags/example_branch_labels.py
[2023-06-17T03:43:37.414+0000] {logging_mixin.py:149} INFO - [2023-06-17T03:43:37.414+0000] {dag.py:2726} INFO - Sync 1 DAGs
[2023-06-17T03:43:37.449+0000] {logging_mixin.py:149} INFO - [2023-06-17T03:43:37.449+0000] {dag.py:3490} INFO - Setting next_dagrun for example_branch_labels to 2023-06-16T00:00:00+00:00, run_after=2023-06-17T00:00:00+00:00
[2023-06-17T03:43:37.478+0000] {processor.py:179} INFO - Processing /home/airflow/.local/lib/python3.7/site-packages/airflow/example_dags/example_branch_labels.py took 0.207 seconds
[2023-06-17T03:44:07.619+0000] {processor.py:157} INFO - Started process (PID=1029) to work on /home/airflow/.local/lib/python3.7/site-packages/airflow/example_dags/example_branch_labels.py
[2023-06-17T03:44:07.635+0000] {processor.py:826} INFO - Processing file /home/airflow/.local/lib/python3.7/site-packages/airflow/example_dags/example_branch_labels.py for tasks to queue
[2023-06-17T03:44:07.636+0000] {logging_mixin.py:149} INFO - [2023-06-17T03:44:07.636+0000] {dagbag.py:541} INFO - Filling up the DagBag from /home/airflow/.local/lib/python3.7/site-packages/airflow/example_dags/example_branch_labels.py
[2023-06-17T03:44:07.642+0000] {processor.py:836} INFO - DAG(s) dict_keys(['example_branch_labels']) retrieved from /home/airflow/.local/lib/python3.7/site-packages/airflow/example_dags/example_branch_labels.py
[2023-06-17T03:44:07.671+0000] {logging_mixin.py:149} INFO - [2023-06-17T03:44:07.671+0000] {dag.py:2726} INFO - Sync 1 DAGs
[2023-06-17T03:44:07.705+0000] {logging_mixin.py:149} INFO - [2023-06-17T03:44:07.704+0000] {dag.py:3490} INFO - Setting next_dagrun for example_branch_labels to 2023-06-16T00:00:00+00:00, run_after=2023-06-17T00:00:00+00:00
[2023-06-17T03:44:07.728+0000] {processor.py:179} INFO - Processing /home/airflow/.local/lib/python3.7/site-packages/airflow/example_dags/example_branch_labels.py took 0.111 seconds
[2023-06-17T03:44:38.197+0000] {processor.py:157} INFO - Started process (PID=1090) to work on /home/airflow/.local/lib/python3.7/site-packages/airflow/example_dags/example_branch_labels.py
[2023-06-17T03:44:38.364+0000] {processor.py:826} INFO - Processing file /home/airflow/.local/lib/python3.7/site-packages/airflow/example_dags/example_branch_labels.py for tasks to queue
[2023-06-17T03:44:38.365+0000] {logging_mixin.py:149} INFO - [2023-06-17T03:44:38.365+0000] {dagbag.py:541} INFO - Filling up the DagBag from /home/airflow/.local/lib/python3.7/site-packages/airflow/example_dags/example_branch_labels.py
[2023-06-17T03:44:38.372+0000] {processor.py:836} INFO - DAG(s) dict_keys(['example_branch_labels']) retrieved from /home/airflow/.local/lib/python3.7/site-packages/airflow/example_dags/example_branch_labels.py
[2023-06-17T03:44:38.395+0000] {logging_mixin.py:149} INFO - [2023-06-17T03:44:38.395+0000] {dag.py:2726} INFO - Sync 1 DAGs
[2023-06-17T03:44:38.424+0000] {logging_mixin.py:149} INFO - [2023-06-17T03:44:38.424+0000] {dag.py:3490} INFO - Setting next_dagrun for example_branch_labels to 2023-06-16T00:00:00+00:00, run_after=2023-06-17T00:00:00+00:00
[2023-06-17T03:44:38.448+0000] {processor.py:179} INFO - Processing /home/airflow/.local/lib/python3.7/site-packages/airflow/example_dags/example_branch_labels.py took 0.254 seconds
[2023-06-17T03:45:08.853+0000] {processor.py:157} INFO - Started process (PID=1151) to work on /home/airflow/.local/lib/python3.7/site-packages/airflow/example_dags/example_branch_labels.py
[2023-06-17T03:45:08.874+0000] {processor.py:826} INFO - Processing file /home/airflow/.local/lib/python3.7/site-packages/airflow/example_dags/example_branch_labels.py for tasks to queue
[2023-06-17T03:45:08.874+0000] {logging_mixin.py:149} INFO - [2023-06-17T03:45:08.874+0000] {dagbag.py:541} INFO - Filling up the DagBag from /home/airflow/.local/lib/python3.7/site-packages/airflow/example_dags/example_branch_labels.py
[2023-06-17T03:45:08.884+0000] {processor.py:836} INFO - DAG(s) dict_keys(['example_branch_labels']) retrieved from /home/airflow/.local/lib/python3.7/site-packages/airflow/example_dags/example_branch_labels.py
[2023-06-17T03:45:08.908+0000] {logging_mixin.py:149} INFO - [2023-06-17T03:45:08.908+0000] {dag.py:2726} INFO - Sync 1 DAGs
[2023-06-17T03:45:08.944+0000] {logging_mixin.py:149} INFO - [2023-06-17T03:45:08.944+0000] {dag.py:3490} INFO - Setting next_dagrun for example_branch_labels to 2023-06-16T00:00:00+00:00, run_after=2023-06-17T00:00:00+00:00
[2023-06-17T03:45:08.994+0000] {processor.py:179} INFO - Processing /home/airflow/.local/lib/python3.7/site-packages/airflow/example_dags/example_branch_labels.py took 0.144 seconds
[2023-06-17T03:45:39.568+0000] {processor.py:157} INFO - Started process (PID=1212) to work on /home/airflow/.local/lib/python3.7/site-packages/airflow/example_dags/example_branch_labels.py
[2023-06-17T03:45:39.648+0000] {processor.py:826} INFO - Processing file /home/airflow/.local/lib/python3.7/site-packages/airflow/example_dags/example_branch_labels.py for tasks to queue
[2023-06-17T03:45:39.649+0000] {logging_mixin.py:149} INFO - [2023-06-17T03:45:39.648+0000] {dagbag.py:541} INFO - Filling up the DagBag from /home/airflow/.local/lib/python3.7/site-packages/airflow/example_dags/example_branch_labels.py
[2023-06-17T03:45:39.655+0000] {processor.py:836} INFO - DAG(s) dict_keys(['example_branch_labels']) retrieved from /home/airflow/.local/lib/python3.7/site-packages/airflow/example_dags/example_branch_labels.py
[2023-06-17T03:45:39.679+0000] {logging_mixin.py:149} INFO - [2023-06-17T03:45:39.679+0000] {dag.py:2726} INFO - Sync 1 DAGs
[2023-06-17T03:45:39.709+0000] {logging_mixin.py:149} INFO - [2023-06-17T03:45:39.709+0000] {dag.py:3490} INFO - Setting next_dagrun for example_branch_labels to 2023-06-16T00:00:00+00:00, run_after=2023-06-17T00:00:00+00:00
[2023-06-17T03:45:39.732+0000] {processor.py:179} INFO - Processing /home/airflow/.local/lib/python3.7/site-packages/airflow/example_dags/example_branch_labels.py took 0.167 seconds
[2023-06-17T03:46:10.271+0000] {processor.py:157} INFO - Started process (PID=1273) to work on /home/airflow/.local/lib/python3.7/site-packages/airflow/example_dags/example_branch_labels.py
[2023-06-17T03:46:10.316+0000] {processor.py:826} INFO - Processing file /home/airflow/.local/lib/python3.7/site-packages/airflow/example_dags/example_branch_labels.py for tasks to queue
[2023-06-17T03:46:10.317+0000] {logging_mixin.py:149} INFO - [2023-06-17T03:46:10.317+0000] {dagbag.py:541} INFO - Filling up the DagBag from /home/airflow/.local/lib/python3.7/site-packages/airflow/example_dags/example_branch_labels.py
[2023-06-17T03:46:10.328+0000] {processor.py:836} INFO - DAG(s) dict_keys(['example_branch_labels']) retrieved from /home/airflow/.local/lib/python3.7/site-packages/airflow/example_dags/example_branch_labels.py
[2023-06-17T03:46:10.368+0000] {logging_mixin.py:149} INFO - [2023-06-17T03:46:10.368+0000] {dag.py:2726} INFO - Sync 1 DAGs
[2023-06-17T03:46:10.405+0000] {logging_mixin.py:149} INFO - [2023-06-17T03:46:10.405+0000] {dag.py:3490} INFO - Setting next_dagrun for example_branch_labels to 2023-06-16T00:00:00+00:00, run_after=2023-06-17T00:00:00+00:00
[2023-06-17T03:46:10.435+0000] {processor.py:179} INFO - Processing /home/airflow/.local/lib/python3.7/site-packages/airflow/example_dags/example_branch_labels.py took 0.166 seconds
[2023-06-17T03:46:41.232+0000] {processor.py:157} INFO - Started process (PID=1341) to work on /home/airflow/.local/lib/python3.7/site-packages/airflow/example_dags/example_branch_labels.py
[2023-06-17T03:46:41.233+0000] {processor.py:826} INFO - Processing file /home/airflow/.local/lib/python3.7/site-packages/airflow/example_dags/example_branch_labels.py for tasks to queue
[2023-06-17T03:46:41.233+0000] {logging_mixin.py:149} INFO - [2023-06-17T03:46:41.233+0000] {dagbag.py:541} INFO - Filling up the DagBag from /home/airflow/.local/lib/python3.7/site-packages/airflow/example_dags/example_branch_labels.py
[2023-06-17T03:46:41.240+0000] {processor.py:836} INFO - DAG(s) dict_keys(['example_branch_labels']) retrieved from /home/airflow/.local/lib/python3.7/site-packages/airflow/example_dags/example_branch_labels.py
[2023-06-17T03:46:41.270+0000] {logging_mixin.py:149} INFO - [2023-06-17T03:46:41.270+0000] {dag.py:2726} INFO - Sync 1 DAGs
[2023-06-17T03:46:41.304+0000] {logging_mixin.py:149} INFO - [2023-06-17T03:46:41.304+0000] {dag.py:3490} INFO - Setting next_dagrun for example_branch_labels to 2023-06-16T00:00:00+00:00, run_after=2023-06-17T00:00:00+00:00
[2023-06-17T03:46:41.347+0000] {processor.py:179} INFO - Processing /home/airflow/.local/lib/python3.7/site-packages/airflow/example_dags/example_branch_labels.py took 0.118 seconds
[2023-06-17T03:47:11.752+0000] {processor.py:157} INFO - Started process (PID=1402) to work on /home/airflow/.local/lib/python3.7/site-packages/airflow/example_dags/example_branch_labels.py
[2023-06-17T03:47:11.826+0000] {processor.py:826} INFO - Processing file /home/airflow/.local/lib/python3.7/site-packages/airflow/example_dags/example_branch_labels.py for tasks to queue
[2023-06-17T03:47:11.827+0000] {logging_mixin.py:149} INFO - [2023-06-17T03:47:11.827+0000] {dagbag.py:541} INFO - Filling up the DagBag from /home/airflow/.local/lib/python3.7/site-packages/airflow/example_dags/example_branch_labels.py
[2023-06-17T03:47:11.837+0000] {processor.py:836} INFO - DAG(s) dict_keys(['example_branch_labels']) retrieved from /home/airflow/.local/lib/python3.7/site-packages/airflow/example_dags/example_branch_labels.py
[2023-06-17T03:47:11.865+0000] {logging_mixin.py:149} INFO - [2023-06-17T03:47:11.864+0000] {dag.py:2726} INFO - Sync 1 DAGs
[2023-06-17T03:47:11.895+0000] {logging_mixin.py:149} INFO - [2023-06-17T03:47:11.895+0000] {dag.py:3490} INFO - Setting next_dagrun for example_branch_labels to 2023-06-16T00:00:00+00:00, run_after=2023-06-17T00:00:00+00:00
[2023-06-17T03:47:11.922+0000] {processor.py:179} INFO - Processing /home/airflow/.local/lib/python3.7/site-packages/airflow/example_dags/example_branch_labels.py took 0.173 seconds
[2023-06-17T03:47:42.694+0000] {processor.py:157} INFO - Started process (PID=1463) to work on /home/airflow/.local/lib/python3.7/site-packages/airflow/example_dags/example_branch_labels.py
[2023-06-17T03:47:42.751+0000] {processor.py:826} INFO - Processing file /home/airflow/.local/lib/python3.7/site-packages/airflow/example_dags/example_branch_labels.py for tasks to queue
[2023-06-17T03:47:42.752+0000] {logging_mixin.py:149} INFO - [2023-06-17T03:47:42.752+0000] {dagbag.py:541} INFO - Filling up the DagBag from /home/airflow/.local/lib/python3.7/site-packages/airflow/example_dags/example_branch_labels.py
[2023-06-17T03:47:42.759+0000] {processor.py:836} INFO - DAG(s) dict_keys(['example_branch_labels']) retrieved from /home/airflow/.local/lib/python3.7/site-packages/airflow/example_dags/example_branch_labels.py
[2023-06-17T03:47:42.783+0000] {logging_mixin.py:149} INFO - [2023-06-17T03:47:42.783+0000] {dag.py:2726} INFO - Sync 1 DAGs
[2023-06-17T03:47:42.814+0000] {logging_mixin.py:149} INFO - [2023-06-17T03:47:42.814+0000] {dag.py:3490} INFO - Setting next_dagrun for example_branch_labels to 2023-06-16T00:00:00+00:00, run_after=2023-06-17T00:00:00+00:00
[2023-06-17T03:47:42.847+0000] {processor.py:179} INFO - Processing /home/airflow/.local/lib/python3.7/site-packages/airflow/example_dags/example_branch_labels.py took 0.156 seconds
[2023-06-17T03:48:12.916+0000] {processor.py:157} INFO - Started process (PID=1522) to work on /home/airflow/.local/lib/python3.7/site-packages/airflow/example_dags/example_branch_labels.py
[2023-06-17T03:48:13.087+0000] {processor.py:826} INFO - Processing file /home/airflow/.local/lib/python3.7/site-packages/airflow/example_dags/example_branch_labels.py for tasks to queue
[2023-06-17T03:48:13.089+0000] {logging_mixin.py:149} INFO - [2023-06-17T03:48:13.088+0000] {dagbag.py:541} INFO - Filling up the DagBag from /home/airflow/.local/lib/python3.7/site-packages/airflow/example_dags/example_branch_labels.py
[2023-06-17T03:48:13.117+0000] {processor.py:836} INFO - DAG(s) dict_keys(['example_branch_labels']) retrieved from /home/airflow/.local/lib/python3.7/site-packages/airflow/example_dags/example_branch_labels.py
[2023-06-17T03:48:13.157+0000] {logging_mixin.py:149} INFO - [2023-06-17T03:48:13.157+0000] {dag.py:2726} INFO - Sync 1 DAGs
[2023-06-17T03:48:13.193+0000] {logging_mixin.py:149} INFO - [2023-06-17T03:48:13.193+0000] {dag.py:3490} INFO - Setting next_dagrun for example_branch_labels to 2023-06-16T00:00:00+00:00, run_after=2023-06-17T00:00:00+00:00
[2023-06-17T03:48:13.382+0000] {processor.py:179} INFO - Processing /home/airflow/.local/lib/python3.7/site-packages/airflow/example_dags/example_branch_labels.py took 0.468 seconds
[2023-06-17T03:48:43.910+0000] {processor.py:157} INFO - Started process (PID=1577) to work on /home/airflow/.local/lib/python3.7/site-packages/airflow/example_dags/example_branch_labels.py
[2023-06-17T03:48:43.911+0000] {processor.py:826} INFO - Processing file /home/airflow/.local/lib/python3.7/site-packages/airflow/example_dags/example_branch_labels.py for tasks to queue
[2023-06-17T03:48:43.912+0000] {logging_mixin.py:149} INFO - [2023-06-17T03:48:43.911+0000] {dagbag.py:541} INFO - Filling up the DagBag from /home/airflow/.local/lib/python3.7/site-packages/airflow/example_dags/example_branch_labels.py
[2023-06-17T03:48:43.919+0000] {processor.py:836} INFO - DAG(s) dict_keys(['example_branch_labels']) retrieved from /home/airflow/.local/lib/python3.7/site-packages/airflow/example_dags/example_branch_labels.py
[2023-06-17T03:48:43.958+0000] {logging_mixin.py:149} INFO - [2023-06-17T03:48:43.958+0000] {dag.py:2726} INFO - Sync 1 DAGs
[2023-06-17T03:48:43.994+0000] {logging_mixin.py:149} INFO - [2023-06-17T03:48:43.994+0000] {dag.py:3490} INFO - Setting next_dagrun for example_branch_labels to 2023-06-16T00:00:00+00:00, run_after=2023-06-17T00:00:00+00:00
[2023-06-17T03:48:44.033+0000] {processor.py:179} INFO - Processing /home/airflow/.local/lib/python3.7/site-packages/airflow/example_dags/example_branch_labels.py took 0.126 seconds
[2023-06-17T03:49:14.140+0000] {processor.py:157} INFO - Started process (PID=1645) to work on /home/airflow/.local/lib/python3.7/site-packages/airflow/example_dags/example_branch_labels.py
[2023-06-17T03:49:14.153+0000] {processor.py:826} INFO - Processing file /home/airflow/.local/lib/python3.7/site-packages/airflow/example_dags/example_branch_labels.py for tasks to queue
[2023-06-17T03:49:14.154+0000] {logging_mixin.py:149} INFO - [2023-06-17T03:49:14.153+0000] {dagbag.py:541} INFO - Filling up the DagBag from /home/airflow/.local/lib/python3.7/site-packages/airflow/example_dags/example_branch_labels.py
[2023-06-17T03:49:14.161+0000] {processor.py:836} INFO - DAG(s) dict_keys(['example_branch_labels']) retrieved from /home/airflow/.local/lib/python3.7/site-packages/airflow/example_dags/example_branch_labels.py
[2023-06-17T03:49:14.197+0000] {logging_mixin.py:149} INFO - [2023-06-17T03:49:14.197+0000] {dag.py:2726} INFO - Sync 1 DAGs
[2023-06-17T03:49:14.228+0000] {logging_mixin.py:149} INFO - [2023-06-17T03:49:14.228+0000] {dag.py:3490} INFO - Setting next_dagrun for example_branch_labels to 2023-06-16T00:00:00+00:00, run_after=2023-06-17T00:00:00+00:00
[2023-06-17T03:49:14.255+0000] {processor.py:179} INFO - Processing /home/airflow/.local/lib/python3.7/site-packages/airflow/example_dags/example_branch_labels.py took 0.118 seconds
[2023-06-17T03:49:45.122+0000] {processor.py:157} INFO - Started process (PID=1707) to work on /home/airflow/.local/lib/python3.7/site-packages/airflow/example_dags/example_branch_labels.py
[2023-06-17T03:49:45.158+0000] {processor.py:826} INFO - Processing file /home/airflow/.local/lib/python3.7/site-packages/airflow/example_dags/example_branch_labels.py for tasks to queue
[2023-06-17T03:49:45.159+0000] {logging_mixin.py:149} INFO - [2023-06-17T03:49:45.159+0000] {dagbag.py:541} INFO - Filling up the DagBag from /home/airflow/.local/lib/python3.7/site-packages/airflow/example_dags/example_branch_labels.py
[2023-06-17T03:49:45.166+0000] {processor.py:836} INFO - DAG(s) dict_keys(['example_branch_labels']) retrieved from /home/airflow/.local/lib/python3.7/site-packages/airflow/example_dags/example_branch_labels.py
[2023-06-17T03:49:45.191+0000] {logging_mixin.py:149} INFO - [2023-06-17T03:49:45.191+0000] {dag.py:2726} INFO - Sync 1 DAGs
[2023-06-17T03:49:45.219+0000] {logging_mixin.py:149} INFO - [2023-06-17T03:49:45.219+0000] {dag.py:3490} INFO - Setting next_dagrun for example_branch_labels to 2023-06-16T00:00:00+00:00, run_after=2023-06-17T00:00:00+00:00
[2023-06-17T03:49:45.296+0000] {processor.py:179} INFO - Processing /home/airflow/.local/lib/python3.7/site-packages/airflow/example_dags/example_branch_labels.py took 0.177 seconds
