[2023-06-17T02:16:46.332+0000] {processor.py:157} INFO - Started process (PID=62) to work on /home/airflow/.local/lib/python3.7/site-packages/airflow/example_dags/example_short_circuit_decorator.py
[2023-06-17T02:16:46.339+0000] {processor.py:826} INFO - Processing file /home/airflow/.local/lib/python3.7/site-packages/airflow/example_dags/example_short_circuit_decorator.py for tasks to queue
[2023-06-17T02:16:46.340+0000] {logging_mixin.py:149} INFO - [2023-06-17T02:16:46.340+0000] {dagbag.py:541} INFO - Filling up the DagBag from /home/airflow/.local/lib/python3.7/site-packages/airflow/example_dags/example_short_circuit_decorator.py
[2023-06-17T02:16:46.378+0000] {processor.py:836} INFO - DAG(s) dict_keys(['example_short_circuit_decorator']) retrieved from /home/airflow/.local/lib/python3.7/site-packages/airflow/example_dags/example_short_circuit_decorator.py
[2023-06-17T02:16:46.473+0000] {logging_mixin.py:149} INFO - [2023-06-17T02:16:46.473+0000] {dag.py:2726} INFO - Sync 1 DAGs
[2023-06-17T02:16:46.593+0000] {logging_mixin.py:149} INFO - [2023-06-17T02:16:46.593+0000] {dag.py:3490} INFO - Setting next_dagrun for example_short_circuit_decorator to 2023-06-16T02:16:46.592605+00:00, run_after=2023-06-17T02:16:46.592605+00:00
[2023-06-17T02:16:46.700+0000] {processor.py:179} INFO - Processing /home/airflow/.local/lib/python3.7/site-packages/airflow/example_dags/example_short_circuit_decorator.py took 0.377 seconds
[2023-06-17T02:18:06.317+0000] {processor.py:157} INFO - Started process (PID=130) to work on /home/airflow/.local/lib/python3.7/site-packages/airflow/example_dags/example_short_circuit_decorator.py
[2023-06-17T02:18:06.668+0000] {processor.py:826} INFO - Processing file /home/airflow/.local/lib/python3.7/site-packages/airflow/example_dags/example_short_circuit_decorator.py for tasks to queue
[2023-06-17T02:18:06.670+0000] {logging_mixin.py:149} INFO - [2023-06-17T02:18:06.669+0000] {dagbag.py:541} INFO - Filling up the DagBag from /home/airflow/.local/lib/python3.7/site-packages/airflow/example_dags/example_short_circuit_decorator.py
[2023-06-17T02:18:06.920+0000] {processor.py:836} INFO - DAG(s) dict_keys(['example_short_circuit_decorator']) retrieved from /home/airflow/.local/lib/python3.7/site-packages/airflow/example_dags/example_short_circuit_decorator.py
[2023-06-17T02:18:06.960+0000] {logging_mixin.py:149} INFO - [2023-06-17T02:18:06.959+0000] {dag.py:2726} INFO - Sync 1 DAGs
[2023-06-17T02:18:06.990+0000] {logging_mixin.py:149} INFO - [2023-06-17T02:18:06.990+0000] {dag.py:3490} INFO - Setting next_dagrun for example_short_circuit_decorator to 2023-06-16T02:18:06.990006+00:00, run_after=2023-06-17T02:18:06.990006+00:00
[2023-06-17T02:18:07.438+0000] {processor.py:179} INFO - Processing /home/airflow/.local/lib/python3.7/site-packages/airflow/example_dags/example_short_circuit_decorator.py took 1.125 seconds
[2023-06-17T02:18:39.267+0000] {processor.py:157} INFO - Started process (PID=189) to work on /home/airflow/.local/lib/python3.7/site-packages/airflow/example_dags/example_short_circuit_decorator.py
[2023-06-17T02:18:39.412+0000] {processor.py:826} INFO - Processing file /home/airflow/.local/lib/python3.7/site-packages/airflow/example_dags/example_short_circuit_decorator.py for tasks to queue
[2023-06-17T02:18:39.415+0000] {logging_mixin.py:149} INFO - [2023-06-17T02:18:39.414+0000] {dagbag.py:541} INFO - Filling up the DagBag from /home/airflow/.local/lib/python3.7/site-packages/airflow/example_dags/example_short_circuit_decorator.py
[2023-06-17T02:18:39.447+0000] {processor.py:836} INFO - DAG(s) dict_keys(['example_short_circuit_decorator']) retrieved from /home/airflow/.local/lib/python3.7/site-packages/airflow/example_dags/example_short_circuit_decorator.py
[2023-06-17T02:18:39.476+0000] {logging_mixin.py:149} INFO - [2023-06-17T02:18:39.476+0000] {dag.py:2726} INFO - Sync 1 DAGs
[2023-06-17T02:18:39.502+0000] {logging_mixin.py:149} INFO - [2023-06-17T02:18:39.502+0000] {dag.py:3490} INFO - Setting next_dagrun for example_short_circuit_decorator to 2023-06-16T02:18:39.502173+00:00, run_after=2023-06-17T02:18:39.502173+00:00
[2023-06-17T02:18:39.751+0000] {processor.py:179} INFO - Processing /home/airflow/.local/lib/python3.7/site-packages/airflow/example_dags/example_short_circuit_decorator.py took 0.487 seconds
[2023-06-17T02:19:09.838+0000] {processor.py:157} INFO - Started process (PID=241) to work on /home/airflow/.local/lib/python3.7/site-packages/airflow/example_dags/example_short_circuit_decorator.py
[2023-06-17T02:19:09.839+0000] {processor.py:826} INFO - Processing file /home/airflow/.local/lib/python3.7/site-packages/airflow/example_dags/example_short_circuit_decorator.py for tasks to queue
[2023-06-17T02:19:09.840+0000] {logging_mixin.py:149} INFO - [2023-06-17T02:19:09.840+0000] {dagbag.py:541} INFO - Filling up the DagBag from /home/airflow/.local/lib/python3.7/site-packages/airflow/example_dags/example_short_circuit_decorator.py
[2023-06-17T02:19:09.850+0000] {processor.py:836} INFO - DAG(s) dict_keys(['example_short_circuit_decorator']) retrieved from /home/airflow/.local/lib/python3.7/site-packages/airflow/example_dags/example_short_circuit_decorator.py
[2023-06-17T02:19:09.885+0000] {logging_mixin.py:149} INFO - [2023-06-17T02:19:09.885+0000] {dag.py:2726} INFO - Sync 1 DAGs
[2023-06-17T02:19:09.911+0000] {logging_mixin.py:149} INFO - [2023-06-17T02:19:09.910+0000] {dag.py:3490} INFO - Setting next_dagrun for example_short_circuit_decorator to 2023-06-16T02:19:09.910634+00:00, run_after=2023-06-17T02:19:09.910634+00:00
[2023-06-17T02:19:10.030+0000] {processor.py:179} INFO - Processing /home/airflow/.local/lib/python3.7/site-packages/airflow/example_dags/example_short_circuit_decorator.py took 0.195 seconds
[2023-06-17T02:19:41.727+0000] {processor.py:157} INFO - Started process (PID=302) to work on /home/airflow/.local/lib/python3.7/site-packages/airflow/example_dags/example_short_circuit_decorator.py
[2023-06-17T02:19:41.798+0000] {processor.py:826} INFO - Processing file /home/airflow/.local/lib/python3.7/site-packages/airflow/example_dags/example_short_circuit_decorator.py for tasks to queue
[2023-06-17T02:19:41.800+0000] {logging_mixin.py:149} INFO - [2023-06-17T02:19:41.799+0000] {dagbag.py:541} INFO - Filling up the DagBag from /home/airflow/.local/lib/python3.7/site-packages/airflow/example_dags/example_short_circuit_decorator.py
[2023-06-17T02:19:41.856+0000] {processor.py:836} INFO - DAG(s) dict_keys(['example_short_circuit_decorator']) retrieved from /home/airflow/.local/lib/python3.7/site-packages/airflow/example_dags/example_short_circuit_decorator.py
[2023-06-17T02:19:41.899+0000] {logging_mixin.py:149} INFO - [2023-06-17T02:19:41.899+0000] {dag.py:2726} INFO - Sync 1 DAGs
[2023-06-17T02:19:41.930+0000] {logging_mixin.py:149} INFO - [2023-06-17T02:19:41.930+0000] {dag.py:3490} INFO - Setting next_dagrun for example_short_circuit_decorator to 2023-06-16T02:19:41.930377+00:00, run_after=2023-06-17T02:19:41.930377+00:00
[2023-06-17T02:19:42.113+0000] {processor.py:179} INFO - Processing /home/airflow/.local/lib/python3.7/site-packages/airflow/example_dags/example_short_circuit_decorator.py took 0.391 seconds
[2023-06-17T02:20:13.292+0000] {processor.py:157} INFO - Started process (PID=363) to work on /home/airflow/.local/lib/python3.7/site-packages/airflow/example_dags/example_short_circuit_decorator.py
[2023-06-17T02:20:13.390+0000] {processor.py:826} INFO - Processing file /home/airflow/.local/lib/python3.7/site-packages/airflow/example_dags/example_short_circuit_decorator.py for tasks to queue
[2023-06-17T02:20:13.391+0000] {logging_mixin.py:149} INFO - [2023-06-17T02:20:13.391+0000] {dagbag.py:541} INFO - Filling up the DagBag from /home/airflow/.local/lib/python3.7/site-packages/airflow/example_dags/example_short_circuit_decorator.py
[2023-06-17T02:20:13.491+0000] {processor.py:836} INFO - DAG(s) dict_keys(['example_short_circuit_decorator']) retrieved from /home/airflow/.local/lib/python3.7/site-packages/airflow/example_dags/example_short_circuit_decorator.py
[2023-06-17T02:20:13.915+0000] {logging_mixin.py:149} INFO - [2023-06-17T02:20:13.915+0000] {dag.py:2726} INFO - Sync 1 DAGs
[2023-06-17T02:20:13.943+0000] {logging_mixin.py:149} INFO - [2023-06-17T02:20:13.943+0000] {dag.py:3490} INFO - Setting next_dagrun for example_short_circuit_decorator to 2023-06-16T02:20:13.943005+00:00, run_after=2023-06-17T02:20:13.943005+00:00
[2023-06-17T02:20:14.390+0000] {processor.py:179} INFO - Processing /home/airflow/.local/lib/python3.7/site-packages/airflow/example_dags/example_short_circuit_decorator.py took 1.105 seconds
[2023-06-17T02:20:45.623+0000] {processor.py:157} INFO - Started process (PID=416) to work on /home/airflow/.local/lib/python3.7/site-packages/airflow/example_dags/example_short_circuit_decorator.py
[2023-06-17T02:20:45.950+0000] {processor.py:826} INFO - Processing file /home/airflow/.local/lib/python3.7/site-packages/airflow/example_dags/example_short_circuit_decorator.py for tasks to queue
[2023-06-17T02:20:45.952+0000] {logging_mixin.py:149} INFO - [2023-06-17T02:20:45.951+0000] {dagbag.py:541} INFO - Filling up the DagBag from /home/airflow/.local/lib/python3.7/site-packages/airflow/example_dags/example_short_circuit_decorator.py
[2023-06-17T02:20:45.979+0000] {processor.py:836} INFO - DAG(s) dict_keys(['example_short_circuit_decorator']) retrieved from /home/airflow/.local/lib/python3.7/site-packages/airflow/example_dags/example_short_circuit_decorator.py
[2023-06-17T02:20:46.009+0000] {logging_mixin.py:149} INFO - [2023-06-17T02:20:46.008+0000] {dag.py:2726} INFO - Sync 1 DAGs
[2023-06-17T02:20:46.035+0000] {logging_mixin.py:149} INFO - [2023-06-17T02:20:46.034+0000] {dag.py:3490} INFO - Setting next_dagrun for example_short_circuit_decorator to 2023-06-16T02:20:46.034664+00:00, run_after=2023-06-17T02:20:46.034664+00:00
[2023-06-17T02:20:46.374+0000] {processor.py:179} INFO - Processing /home/airflow/.local/lib/python3.7/site-packages/airflow/example_dags/example_short_circuit_decorator.py took 0.753 seconds
[2023-06-17T02:21:17.548+0000] {processor.py:157} INFO - Started process (PID=476) to work on /home/airflow/.local/lib/python3.7/site-packages/airflow/example_dags/example_short_circuit_decorator.py
[2023-06-17T02:21:17.798+0000] {processor.py:826} INFO - Processing file /home/airflow/.local/lib/python3.7/site-packages/airflow/example_dags/example_short_circuit_decorator.py for tasks to queue
[2023-06-17T02:21:17.800+0000] {logging_mixin.py:149} INFO - [2023-06-17T02:21:17.800+0000] {dagbag.py:541} INFO - Filling up the DagBag from /home/airflow/.local/lib/python3.7/site-packages/airflow/example_dags/example_short_circuit_decorator.py
[2023-06-17T02:21:17.830+0000] {processor.py:836} INFO - DAG(s) dict_keys(['example_short_circuit_decorator']) retrieved from /home/airflow/.local/lib/python3.7/site-packages/airflow/example_dags/example_short_circuit_decorator.py
[2023-06-17T02:21:19.273+0000] {logging_mixin.py:149} INFO - [2023-06-17T02:21:19.272+0000] {dag.py:2726} INFO - Sync 1 DAGs
[2023-06-17T02:21:19.468+0000] {logging_mixin.py:149} INFO - [2023-06-17T02:21:19.468+0000] {dag.py:3490} INFO - Setting next_dagrun for example_short_circuit_decorator to 2023-06-16T02:21:19.467792+00:00, run_after=2023-06-17T02:21:19.467792+00:00
[2023-06-17T02:21:19.848+0000] {processor.py:179} INFO - Processing /home/airflow/.local/lib/python3.7/site-packages/airflow/example_dags/example_short_circuit_decorator.py took 2.302 seconds
[2023-06-17T02:21:51.915+0000] {processor.py:157} INFO - Started process (PID=537) to work on /home/airflow/.local/lib/python3.7/site-packages/airflow/example_dags/example_short_circuit_decorator.py
[2023-06-17T02:21:52.035+0000] {processor.py:826} INFO - Processing file /home/airflow/.local/lib/python3.7/site-packages/airflow/example_dags/example_short_circuit_decorator.py for tasks to queue
[2023-06-17T02:21:52.037+0000] {logging_mixin.py:149} INFO - [2023-06-17T02:21:52.036+0000] {dagbag.py:541} INFO - Filling up the DagBag from /home/airflow/.local/lib/python3.7/site-packages/airflow/example_dags/example_short_circuit_decorator.py
[2023-06-17T02:21:52.069+0000] {processor.py:836} INFO - DAG(s) dict_keys(['example_short_circuit_decorator']) retrieved from /home/airflow/.local/lib/python3.7/site-packages/airflow/example_dags/example_short_circuit_decorator.py
[2023-06-17T02:21:52.104+0000] {logging_mixin.py:149} INFO - [2023-06-17T02:21:52.104+0000] {dag.py:2726} INFO - Sync 1 DAGs
[2023-06-17T02:21:52.134+0000] {logging_mixin.py:149} INFO - [2023-06-17T02:21:52.133+0000] {dag.py:3490} INFO - Setting next_dagrun for example_short_circuit_decorator to 2023-06-16T02:21:52.133779+00:00, run_after=2023-06-17T02:21:52.133779+00:00
[2023-06-17T02:21:52.273+0000] {processor.py:179} INFO - Processing /home/airflow/.local/lib/python3.7/site-packages/airflow/example_dags/example_short_circuit_decorator.py took 0.361 seconds
[2023-06-17T02:22:22.310+0000] {processor.py:157} INFO - Started process (PID=589) to work on /home/airflow/.local/lib/python3.7/site-packages/airflow/example_dags/example_short_circuit_decorator.py
[2023-06-17T02:22:22.311+0000] {processor.py:826} INFO - Processing file /home/airflow/.local/lib/python3.7/site-packages/airflow/example_dags/example_short_circuit_decorator.py for tasks to queue
[2023-06-17T02:22:22.312+0000] {logging_mixin.py:149} INFO - [2023-06-17T02:22:22.312+0000] {dagbag.py:541} INFO - Filling up the DagBag from /home/airflow/.local/lib/python3.7/site-packages/airflow/example_dags/example_short_circuit_decorator.py
[2023-06-17T02:22:22.332+0000] {processor.py:836} INFO - DAG(s) dict_keys(['example_short_circuit_decorator']) retrieved from /home/airflow/.local/lib/python3.7/site-packages/airflow/example_dags/example_short_circuit_decorator.py
[2023-06-17T02:22:22.373+0000] {logging_mixin.py:149} INFO - [2023-06-17T02:22:22.373+0000] {dag.py:2726} INFO - Sync 1 DAGs
[2023-06-17T02:22:22.419+0000] {logging_mixin.py:149} INFO - [2023-06-17T02:22:22.419+0000] {dag.py:3490} INFO - Setting next_dagrun for example_short_circuit_decorator to 2023-06-16T02:22:22.419069+00:00, run_after=2023-06-17T02:22:22.419069+00:00
[2023-06-17T02:22:22.465+0000] {processor.py:179} INFO - Processing /home/airflow/.local/lib/python3.7/site-packages/airflow/example_dags/example_short_circuit_decorator.py took 0.160 seconds
[2023-06-17T02:23:15.633+0000] {processor.py:157} INFO - Started process (PID=658) to work on /home/airflow/.local/lib/python3.7/site-packages/airflow/example_dags/example_short_circuit_decorator.py
[2023-06-17T02:23:15.779+0000] {processor.py:826} INFO - Processing file /home/airflow/.local/lib/python3.7/site-packages/airflow/example_dags/example_short_circuit_decorator.py for tasks to queue
[2023-06-17T02:23:15.780+0000] {logging_mixin.py:149} INFO - [2023-06-17T02:23:15.780+0000] {dagbag.py:541} INFO - Filling up the DagBag from /home/airflow/.local/lib/python3.7/site-packages/airflow/example_dags/example_short_circuit_decorator.py
[2023-06-17T02:23:15.984+0000] {processor.py:836} INFO - DAG(s) dict_keys(['example_short_circuit_decorator']) retrieved from /home/airflow/.local/lib/python3.7/site-packages/airflow/example_dags/example_short_circuit_decorator.py
[2023-06-17T02:23:16.013+0000] {logging_mixin.py:149} INFO - [2023-06-17T02:23:16.013+0000] {dag.py:2726} INFO - Sync 1 DAGs
[2023-06-17T02:23:16.046+0000] {logging_mixin.py:149} INFO - [2023-06-17T02:23:16.046+0000] {dag.py:3490} INFO - Setting next_dagrun for example_short_circuit_decorator to 2023-06-16T02:23:16.046217+00:00, run_after=2023-06-17T02:23:16.046217+00:00
[2023-06-17T02:23:16.314+0000] {processor.py:179} INFO - Processing /home/airflow/.local/lib/python3.7/site-packages/airflow/example_dags/example_short_circuit_decorator.py took 0.683 seconds
[2023-06-17T02:23:46.840+0000] {processor.py:157} INFO - Started process (PID=719) to work on /home/airflow/.local/lib/python3.7/site-packages/airflow/example_dags/example_short_circuit_decorator.py
[2023-06-17T02:23:46.841+0000] {processor.py:826} INFO - Processing file /home/airflow/.local/lib/python3.7/site-packages/airflow/example_dags/example_short_circuit_decorator.py for tasks to queue
[2023-06-17T02:23:46.841+0000] {logging_mixin.py:149} INFO - [2023-06-17T02:23:46.841+0000] {dagbag.py:541} INFO - Filling up the DagBag from /home/airflow/.local/lib/python3.7/site-packages/airflow/example_dags/example_short_circuit_decorator.py
[2023-06-17T02:23:46.853+0000] {processor.py:836} INFO - DAG(s) dict_keys(['example_short_circuit_decorator']) retrieved from /home/airflow/.local/lib/python3.7/site-packages/airflow/example_dags/example_short_circuit_decorator.py
[2023-06-17T02:23:46.892+0000] {logging_mixin.py:149} INFO - [2023-06-17T02:23:46.892+0000] {dag.py:2726} INFO - Sync 1 DAGs
[2023-06-17T02:23:46.930+0000] {logging_mixin.py:149} INFO - [2023-06-17T02:23:46.930+0000] {dag.py:3490} INFO - Setting next_dagrun for example_short_circuit_decorator to 2023-06-16T02:23:46.930155+00:00, run_after=2023-06-17T02:23:46.930155+00:00
[2023-06-17T02:23:46.977+0000] {processor.py:179} INFO - Processing /home/airflow/.local/lib/python3.7/site-packages/airflow/example_dags/example_short_circuit_decorator.py took 0.140 seconds
[2023-06-17T02:24:17.808+0000] {processor.py:157} INFO - Started process (PID=780) to work on /home/airflow/.local/lib/python3.7/site-packages/airflow/example_dags/example_short_circuit_decorator.py
[2023-06-17T02:24:17.815+0000] {processor.py:826} INFO - Processing file /home/airflow/.local/lib/python3.7/site-packages/airflow/example_dags/example_short_circuit_decorator.py for tasks to queue
[2023-06-17T02:24:17.816+0000] {logging_mixin.py:149} INFO - [2023-06-17T02:24:17.816+0000] {dagbag.py:541} INFO - Filling up the DagBag from /home/airflow/.local/lib/python3.7/site-packages/airflow/example_dags/example_short_circuit_decorator.py
[2023-06-17T02:24:17.825+0000] {processor.py:836} INFO - DAG(s) dict_keys(['example_short_circuit_decorator']) retrieved from /home/airflow/.local/lib/python3.7/site-packages/airflow/example_dags/example_short_circuit_decorator.py
[2023-06-17T02:24:17.850+0000] {logging_mixin.py:149} INFO - [2023-06-17T02:24:17.849+0000] {dag.py:2726} INFO - Sync 1 DAGs
[2023-06-17T02:24:17.877+0000] {logging_mixin.py:149} INFO - [2023-06-17T02:24:17.877+0000] {dag.py:3490} INFO - Setting next_dagrun for example_short_circuit_decorator to 2023-06-16T02:24:17.876855+00:00, run_after=2023-06-17T02:24:17.876855+00:00
[2023-06-17T02:24:17.906+0000] {processor.py:179} INFO - Processing /home/airflow/.local/lib/python3.7/site-packages/airflow/example_dags/example_short_circuit_decorator.py took 0.101 seconds
[2023-06-17T02:24:49.971+0000] {processor.py:157} INFO - Started process (PID=840) to work on /home/airflow/.local/lib/python3.7/site-packages/airflow/example_dags/example_short_circuit_decorator.py
[2023-06-17T02:24:50.051+0000] {processor.py:826} INFO - Processing file /home/airflow/.local/lib/python3.7/site-packages/airflow/example_dags/example_short_circuit_decorator.py for tasks to queue
[2023-06-17T02:24:50.054+0000] {logging_mixin.py:149} INFO - [2023-06-17T02:24:50.053+0000] {dagbag.py:541} INFO - Filling up the DagBag from /home/airflow/.local/lib/python3.7/site-packages/airflow/example_dags/example_short_circuit_decorator.py
[2023-06-17T02:24:50.079+0000] {processor.py:836} INFO - DAG(s) dict_keys(['example_short_circuit_decorator']) retrieved from /home/airflow/.local/lib/python3.7/site-packages/airflow/example_dags/example_short_circuit_decorator.py
[2023-06-17T02:24:50.106+0000] {logging_mixin.py:149} INFO - [2023-06-17T02:24:50.106+0000] {dag.py:2726} INFO - Sync 1 DAGs
[2023-06-17T02:24:50.131+0000] {logging_mixin.py:149} INFO - [2023-06-17T02:24:50.131+0000] {dag.py:3490} INFO - Setting next_dagrun for example_short_circuit_decorator to 2023-06-16T02:24:50.131242+00:00, run_after=2023-06-17T02:24:50.131242+00:00
[2023-06-17T02:24:50.547+0000] {processor.py:179} INFO - Processing /home/airflow/.local/lib/python3.7/site-packages/airflow/example_dags/example_short_circuit_decorator.py took 0.579 seconds
[2023-06-17T02:25:30.368+0000] {processor.py:157} INFO - Started process (PID=909) to work on /home/airflow/.local/lib/python3.7/site-packages/airflow/example_dags/example_short_circuit_decorator.py
[2023-06-17T02:25:30.436+0000] {processor.py:826} INFO - Processing file /home/airflow/.local/lib/python3.7/site-packages/airflow/example_dags/example_short_circuit_decorator.py for tasks to queue
[2023-06-17T02:25:30.437+0000] {logging_mixin.py:149} INFO - [2023-06-17T02:25:30.437+0000] {dagbag.py:541} INFO - Filling up the DagBag from /home/airflow/.local/lib/python3.7/site-packages/airflow/example_dags/example_short_circuit_decorator.py
[2023-06-17T02:25:30.447+0000] {processor.py:836} INFO - DAG(s) dict_keys(['example_short_circuit_decorator']) retrieved from /home/airflow/.local/lib/python3.7/site-packages/airflow/example_dags/example_short_circuit_decorator.py
[2023-06-17T02:25:30.474+0000] {logging_mixin.py:149} INFO - [2023-06-17T02:25:30.474+0000] {dag.py:2726} INFO - Sync 1 DAGs
[2023-06-17T02:25:30.503+0000] {logging_mixin.py:149} INFO - [2023-06-17T02:25:30.503+0000] {dag.py:3490} INFO - Setting next_dagrun for example_short_circuit_decorator to 2023-06-16T02:25:30.503253+00:00, run_after=2023-06-17T02:25:30.503253+00:00
[2023-06-17T02:25:30.552+0000] {processor.py:179} INFO - Processing /home/airflow/.local/lib/python3.7/site-packages/airflow/example_dags/example_short_circuit_decorator.py took 0.186 seconds
[2023-06-17T02:26:01.543+0000] {processor.py:157} INFO - Started process (PID=970) to work on /home/airflow/.local/lib/python3.7/site-packages/airflow/example_dags/example_short_circuit_decorator.py
[2023-06-17T02:26:01.556+0000] {processor.py:826} INFO - Processing file /home/airflow/.local/lib/python3.7/site-packages/airflow/example_dags/example_short_circuit_decorator.py for tasks to queue
[2023-06-17T02:26:01.558+0000] {logging_mixin.py:149} INFO - [2023-06-17T02:26:01.557+0000] {dagbag.py:541} INFO - Filling up the DagBag from /home/airflow/.local/lib/python3.7/site-packages/airflow/example_dags/example_short_circuit_decorator.py
[2023-06-17T02:26:01.586+0000] {processor.py:836} INFO - DAG(s) dict_keys(['example_short_circuit_decorator']) retrieved from /home/airflow/.local/lib/python3.7/site-packages/airflow/example_dags/example_short_circuit_decorator.py
[2023-06-17T02:26:01.664+0000] {logging_mixin.py:149} INFO - [2023-06-17T02:26:01.663+0000] {dag.py:2726} INFO - Sync 1 DAGs
[2023-06-17T02:26:01.776+0000] {logging_mixin.py:149} INFO - [2023-06-17T02:26:01.775+0000] {dag.py:3490} INFO - Setting next_dagrun for example_short_circuit_decorator to 2023-06-16T02:26:01.775158+00:00, run_after=2023-06-17T02:26:01.775158+00:00
[2023-06-17T02:26:01.850+0000] {processor.py:179} INFO - Processing /home/airflow/.local/lib/python3.7/site-packages/airflow/example_dags/example_short_circuit_decorator.py took 0.314 seconds
[2023-06-17T02:26:31.909+0000] {processor.py:157} INFO - Started process (PID=1031) to work on /home/airflow/.local/lib/python3.7/site-packages/airflow/example_dags/example_short_circuit_decorator.py
[2023-06-17T02:26:31.918+0000] {processor.py:826} INFO - Processing file /home/airflow/.local/lib/python3.7/site-packages/airflow/example_dags/example_short_circuit_decorator.py for tasks to queue
[2023-06-17T02:26:31.918+0000] {logging_mixin.py:149} INFO - [2023-06-17T02:26:31.918+0000] {dagbag.py:541} INFO - Filling up the DagBag from /home/airflow/.local/lib/python3.7/site-packages/airflow/example_dags/example_short_circuit_decorator.py
[2023-06-17T02:26:31.931+0000] {processor.py:836} INFO - DAG(s) dict_keys(['example_short_circuit_decorator']) retrieved from /home/airflow/.local/lib/python3.7/site-packages/airflow/example_dags/example_short_circuit_decorator.py
[2023-06-17T02:26:31.967+0000] {logging_mixin.py:149} INFO - [2023-06-17T02:26:31.966+0000] {dag.py:2726} INFO - Sync 1 DAGs
[2023-06-17T02:26:32.008+0000] {logging_mixin.py:149} INFO - [2023-06-17T02:26:32.008+0000] {dag.py:3490} INFO - Setting next_dagrun for example_short_circuit_decorator to 2023-06-16T02:26:32.008422+00:00, run_after=2023-06-17T02:26:32.008422+00:00
[2023-06-17T02:26:32.059+0000] {processor.py:179} INFO - Processing /home/airflow/.local/lib/python3.7/site-packages/airflow/example_dags/example_short_circuit_decorator.py took 0.153 seconds
[2023-06-17T02:27:17.102+0000] {processor.py:157} INFO - Started process (PID=1095) to work on /home/airflow/.local/lib/python3.7/site-packages/airflow/example_dags/example_short_circuit_decorator.py
[2023-06-17T02:27:17.272+0000] {processor.py:826} INFO - Processing file /home/airflow/.local/lib/python3.7/site-packages/airflow/example_dags/example_short_circuit_decorator.py for tasks to queue
[2023-06-17T02:27:17.274+0000] {logging_mixin.py:149} INFO - [2023-06-17T02:27:17.274+0000] {dagbag.py:541} INFO - Filling up the DagBag from /home/airflow/.local/lib/python3.7/site-packages/airflow/example_dags/example_short_circuit_decorator.py
[2023-06-17T02:27:17.358+0000] {processor.py:836} INFO - DAG(s) dict_keys(['example_short_circuit_decorator']) retrieved from /home/airflow/.local/lib/python3.7/site-packages/airflow/example_dags/example_short_circuit_decorator.py
[2023-06-17T02:27:17.390+0000] {logging_mixin.py:149} INFO - [2023-06-17T02:27:17.390+0000] {dag.py:2726} INFO - Sync 1 DAGs
[2023-06-17T02:27:17.422+0000] {logging_mixin.py:149} INFO - [2023-06-17T02:27:17.422+0000] {dag.py:3490} INFO - Setting next_dagrun for example_short_circuit_decorator to 2023-06-16T02:27:17.422463+00:00, run_after=2023-06-17T02:27:17.422463+00:00
[2023-06-17T02:27:17.736+0000] {processor.py:179} INFO - Processing /home/airflow/.local/lib/python3.7/site-packages/airflow/example_dags/example_short_circuit_decorator.py took 0.636 seconds
[2023-06-17T02:27:48.800+0000] {processor.py:157} INFO - Started process (PID=1156) to work on /home/airflow/.local/lib/python3.7/site-packages/airflow/example_dags/example_short_circuit_decorator.py
[2023-06-17T02:27:48.982+0000] {processor.py:826} INFO - Processing file /home/airflow/.local/lib/python3.7/site-packages/airflow/example_dags/example_short_circuit_decorator.py for tasks to queue
[2023-06-17T02:27:48.982+0000] {logging_mixin.py:149} INFO - [2023-06-17T02:27:48.982+0000] {dagbag.py:541} INFO - Filling up the DagBag from /home/airflow/.local/lib/python3.7/site-packages/airflow/example_dags/example_short_circuit_decorator.py
[2023-06-17T02:27:48.995+0000] {processor.py:836} INFO - DAG(s) dict_keys(['example_short_circuit_decorator']) retrieved from /home/airflow/.local/lib/python3.7/site-packages/airflow/example_dags/example_short_circuit_decorator.py
[2023-06-17T02:27:49.020+0000] {logging_mixin.py:149} INFO - [2023-06-17T02:27:49.019+0000] {dag.py:2726} INFO - Sync 1 DAGs
[2023-06-17T02:27:49.046+0000] {logging_mixin.py:149} INFO - [2023-06-17T02:27:49.046+0000] {dag.py:3490} INFO - Setting next_dagrun for example_short_circuit_decorator to 2023-06-16T02:27:49.046219+00:00, run_after=2023-06-17T02:27:49.046219+00:00
[2023-06-17T02:27:49.140+0000] {processor.py:179} INFO - Processing /home/airflow/.local/lib/python3.7/site-packages/airflow/example_dags/example_short_circuit_decorator.py took 0.342 seconds
[2023-06-17T02:28:19.168+0000] {processor.py:157} INFO - Started process (PID=1217) to work on /home/airflow/.local/lib/python3.7/site-packages/airflow/example_dags/example_short_circuit_decorator.py
[2023-06-17T02:28:19.169+0000] {processor.py:826} INFO - Processing file /home/airflow/.local/lib/python3.7/site-packages/airflow/example_dags/example_short_circuit_decorator.py for tasks to queue
[2023-06-17T02:28:19.169+0000] {logging_mixin.py:149} INFO - [2023-06-17T02:28:19.169+0000] {dagbag.py:541} INFO - Filling up the DagBag from /home/airflow/.local/lib/python3.7/site-packages/airflow/example_dags/example_short_circuit_decorator.py
[2023-06-17T02:28:19.179+0000] {processor.py:836} INFO - DAG(s) dict_keys(['example_short_circuit_decorator']) retrieved from /home/airflow/.local/lib/python3.7/site-packages/airflow/example_dags/example_short_circuit_decorator.py
[2023-06-17T02:28:19.203+0000] {logging_mixin.py:149} INFO - [2023-06-17T02:28:19.203+0000] {dag.py:2726} INFO - Sync 1 DAGs
[2023-06-17T02:28:19.232+0000] {logging_mixin.py:149} INFO - [2023-06-17T02:28:19.232+0000] {dag.py:3490} INFO - Setting next_dagrun for example_short_circuit_decorator to 2023-06-16T02:28:19.231936+00:00, run_after=2023-06-17T02:28:19.231936+00:00
[2023-06-17T02:28:19.373+0000] {processor.py:179} INFO - Processing /home/airflow/.local/lib/python3.7/site-packages/airflow/example_dags/example_short_circuit_decorator.py took 0.208 seconds
[2023-06-17T02:28:50.860+0000] {processor.py:157} INFO - Started process (PID=1277) to work on /home/airflow/.local/lib/python3.7/site-packages/airflow/example_dags/example_short_circuit_decorator.py
[2023-06-17T02:28:50.898+0000] {processor.py:826} INFO - Processing file /home/airflow/.local/lib/python3.7/site-packages/airflow/example_dags/example_short_circuit_decorator.py for tasks to queue
[2023-06-17T02:28:50.899+0000] {logging_mixin.py:149} INFO - [2023-06-17T02:28:50.898+0000] {dagbag.py:541} INFO - Filling up the DagBag from /home/airflow/.local/lib/python3.7/site-packages/airflow/example_dags/example_short_circuit_decorator.py
[2023-06-17T02:28:50.913+0000] {processor.py:836} INFO - DAG(s) dict_keys(['example_short_circuit_decorator']) retrieved from /home/airflow/.local/lib/python3.7/site-packages/airflow/example_dags/example_short_circuit_decorator.py
[2023-06-17T02:28:50.962+0000] {logging_mixin.py:149} INFO - [2023-06-17T02:28:50.961+0000] {dag.py:2726} INFO - Sync 1 DAGs
[2023-06-17T02:28:51.014+0000] {logging_mixin.py:149} INFO - [2023-06-17T02:28:51.013+0000] {dag.py:3490} INFO - Setting next_dagrun for example_short_circuit_decorator to 2023-06-16T02:28:51.013320+00:00, run_after=2023-06-17T02:28:51.013320+00:00
[2023-06-17T02:28:51.121+0000] {processor.py:179} INFO - Processing /home/airflow/.local/lib/python3.7/site-packages/airflow/example_dags/example_short_circuit_decorator.py took 0.265 seconds
[2023-06-17T02:29:22.399+0000] {processor.py:157} INFO - Started process (PID=1330) to work on /home/airflow/.local/lib/python3.7/site-packages/airflow/example_dags/example_short_circuit_decorator.py
[2023-06-17T02:29:22.437+0000] {processor.py:826} INFO - Processing file /home/airflow/.local/lib/python3.7/site-packages/airflow/example_dags/example_short_circuit_decorator.py for tasks to queue
[2023-06-17T02:29:22.438+0000] {logging_mixin.py:149} INFO - [2023-06-17T02:29:22.438+0000] {dagbag.py:541} INFO - Filling up the DagBag from /home/airflow/.local/lib/python3.7/site-packages/airflow/example_dags/example_short_circuit_decorator.py
[2023-06-17T02:29:22.447+0000] {processor.py:836} INFO - DAG(s) dict_keys(['example_short_circuit_decorator']) retrieved from /home/airflow/.local/lib/python3.7/site-packages/airflow/example_dags/example_short_circuit_decorator.py
[2023-06-17T02:29:22.471+0000] {logging_mixin.py:149} INFO - [2023-06-17T02:29:22.471+0000] {dag.py:2726} INFO - Sync 1 DAGs
[2023-06-17T02:29:22.497+0000] {logging_mixin.py:149} INFO - [2023-06-17T02:29:22.496+0000] {dag.py:3490} INFO - Setting next_dagrun for example_short_circuit_decorator to 2023-06-16T02:29:22.496674+00:00, run_after=2023-06-17T02:29:22.496674+00:00
[2023-06-17T02:29:22.646+0000] {processor.py:179} INFO - Processing /home/airflow/.local/lib/python3.7/site-packages/airflow/example_dags/example_short_circuit_decorator.py took 0.250 seconds
[2023-06-17T02:32:17.338+0000] {processor.py:157} INFO - Started process (PID=1411) to work on /home/airflow/.local/lib/python3.7/site-packages/airflow/example_dags/example_short_circuit_decorator.py
[2023-06-17T02:32:17.707+0000] {processor.py:826} INFO - Processing file /home/airflow/.local/lib/python3.7/site-packages/airflow/example_dags/example_short_circuit_decorator.py for tasks to queue
[2023-06-17T02:32:17.710+0000] {logging_mixin.py:149} INFO - [2023-06-17T02:32:17.709+0000] {dagbag.py:541} INFO - Filling up the DagBag from /home/airflow/.local/lib/python3.7/site-packages/airflow/example_dags/example_short_circuit_decorator.py
[2023-06-17T02:32:17.720+0000] {processor.py:836} INFO - DAG(s) dict_keys(['example_short_circuit_decorator']) retrieved from /home/airflow/.local/lib/python3.7/site-packages/airflow/example_dags/example_short_circuit_decorator.py
[2023-06-17T02:32:17.744+0000] {logging_mixin.py:149} INFO - [2023-06-17T02:32:17.744+0000] {dag.py:2726} INFO - Sync 1 DAGs
[2023-06-17T02:32:17.769+0000] {logging_mixin.py:149} INFO - [2023-06-17T02:32:17.769+0000] {dag.py:3490} INFO - Setting next_dagrun for example_short_circuit_decorator to 2023-06-16T02:32:17.768884+00:00, run_after=2023-06-17T02:32:17.768884+00:00
[2023-06-17T02:32:17.948+0000] {processor.py:179} INFO - Processing /home/airflow/.local/lib/python3.7/site-packages/airflow/example_dags/example_short_circuit_decorator.py took 0.623 seconds
[2023-06-17T02:32:48.482+0000] {processor.py:157} INFO - Started process (PID=1470) to work on /home/airflow/.local/lib/python3.7/site-packages/airflow/example_dags/example_short_circuit_decorator.py
[2023-06-17T02:32:48.525+0000] {processor.py:826} INFO - Processing file /home/airflow/.local/lib/python3.7/site-packages/airflow/example_dags/example_short_circuit_decorator.py for tasks to queue
[2023-06-17T02:32:48.527+0000] {logging_mixin.py:149} INFO - [2023-06-17T02:32:48.527+0000] {dagbag.py:541} INFO - Filling up the DagBag from /home/airflow/.local/lib/python3.7/site-packages/airflow/example_dags/example_short_circuit_decorator.py
[2023-06-17T02:32:48.562+0000] {processor.py:836} INFO - DAG(s) dict_keys(['example_short_circuit_decorator']) retrieved from /home/airflow/.local/lib/python3.7/site-packages/airflow/example_dags/example_short_circuit_decorator.py
[2023-06-17T02:32:48.597+0000] {logging_mixin.py:149} INFO - [2023-06-17T02:32:48.597+0000] {dag.py:2726} INFO - Sync 1 DAGs
[2023-06-17T02:32:48.630+0000] {logging_mixin.py:149} INFO - [2023-06-17T02:32:48.629+0000] {dag.py:3490} INFO - Setting next_dagrun for example_short_circuit_decorator to 2023-06-16T02:32:48.629632+00:00, run_after=2023-06-17T02:32:48.629632+00:00
[2023-06-17T02:32:48.832+0000] {processor.py:179} INFO - Processing /home/airflow/.local/lib/python3.7/site-packages/airflow/example_dags/example_short_circuit_decorator.py took 0.353 seconds
[2023-06-17T02:33:19.296+0000] {processor.py:157} INFO - Started process (PID=1523) to work on /home/airflow/.local/lib/python3.7/site-packages/airflow/example_dags/example_short_circuit_decorator.py
[2023-06-17T02:33:19.430+0000] {processor.py:826} INFO - Processing file /home/airflow/.local/lib/python3.7/site-packages/airflow/example_dags/example_short_circuit_decorator.py for tasks to queue
[2023-06-17T02:33:19.431+0000] {logging_mixin.py:149} INFO - [2023-06-17T02:33:19.430+0000] {dagbag.py:541} INFO - Filling up the DagBag from /home/airflow/.local/lib/python3.7/site-packages/airflow/example_dags/example_short_circuit_decorator.py
[2023-06-17T02:33:19.440+0000] {processor.py:836} INFO - DAG(s) dict_keys(['example_short_circuit_decorator']) retrieved from /home/airflow/.local/lib/python3.7/site-packages/airflow/example_dags/example_short_circuit_decorator.py
[2023-06-17T02:33:19.470+0000] {logging_mixin.py:149} INFO - [2023-06-17T02:33:19.469+0000] {dag.py:2726} INFO - Sync 1 DAGs
[2023-06-17T02:33:19.503+0000] {logging_mixin.py:149} INFO - [2023-06-17T02:33:19.503+0000] {dag.py:3490} INFO - Setting next_dagrun for example_short_circuit_decorator to 2023-06-16T02:33:19.503528+00:00, run_after=2023-06-17T02:33:19.503528+00:00
[2023-06-17T02:33:19.534+0000] {processor.py:179} INFO - Processing /home/airflow/.local/lib/python3.7/site-packages/airflow/example_dags/example_short_circuit_decorator.py took 0.240 seconds
[2023-06-17T02:33:49.856+0000] {processor.py:157} INFO - Started process (PID=1584) to work on /home/airflow/.local/lib/python3.7/site-packages/airflow/example_dags/example_short_circuit_decorator.py
[2023-06-17T02:33:50.059+0000] {processor.py:826} INFO - Processing file /home/airflow/.local/lib/python3.7/site-packages/airflow/example_dags/example_short_circuit_decorator.py for tasks to queue
[2023-06-17T02:33:50.060+0000] {logging_mixin.py:149} INFO - [2023-06-17T02:33:50.060+0000] {dagbag.py:541} INFO - Filling up the DagBag from /home/airflow/.local/lib/python3.7/site-packages/airflow/example_dags/example_short_circuit_decorator.py
[2023-06-17T02:33:50.070+0000] {processor.py:836} INFO - DAG(s) dict_keys(['example_short_circuit_decorator']) retrieved from /home/airflow/.local/lib/python3.7/site-packages/airflow/example_dags/example_short_circuit_decorator.py
[2023-06-17T02:33:50.105+0000] {logging_mixin.py:149} INFO - [2023-06-17T02:33:50.105+0000] {dag.py:2726} INFO - Sync 1 DAGs
[2023-06-17T02:33:50.137+0000] {logging_mixin.py:149} INFO - [2023-06-17T02:33:50.137+0000] {dag.py:3490} INFO - Setting next_dagrun for example_short_circuit_decorator to 2023-06-16T02:33:50.136790+00:00, run_after=2023-06-17T02:33:50.136790+00:00
[2023-06-17T02:33:50.240+0000] {processor.py:179} INFO - Processing /home/airflow/.local/lib/python3.7/site-packages/airflow/example_dags/example_short_circuit_decorator.py took 0.387 seconds
[2023-06-17T02:34:20.500+0000] {processor.py:157} INFO - Started process (PID=1645) to work on /home/airflow/.local/lib/python3.7/site-packages/airflow/example_dags/example_short_circuit_decorator.py
[2023-06-17T02:34:20.555+0000] {processor.py:826} INFO - Processing file /home/airflow/.local/lib/python3.7/site-packages/airflow/example_dags/example_short_circuit_decorator.py for tasks to queue
[2023-06-17T02:34:20.556+0000] {logging_mixin.py:149} INFO - [2023-06-17T02:34:20.556+0000] {dagbag.py:541} INFO - Filling up the DagBag from /home/airflow/.local/lib/python3.7/site-packages/airflow/example_dags/example_short_circuit_decorator.py
[2023-06-17T02:34:20.566+0000] {processor.py:836} INFO - DAG(s) dict_keys(['example_short_circuit_decorator']) retrieved from /home/airflow/.local/lib/python3.7/site-packages/airflow/example_dags/example_short_circuit_decorator.py
[2023-06-17T02:34:20.605+0000] {logging_mixin.py:149} INFO - [2023-06-17T02:34:20.605+0000] {dag.py:2726} INFO - Sync 1 DAGs
[2023-06-17T02:34:20.646+0000] {logging_mixin.py:149} INFO - [2023-06-17T02:34:20.645+0000] {dag.py:3490} INFO - Setting next_dagrun for example_short_circuit_decorator to 2023-06-16T02:34:20.645642+00:00, run_after=2023-06-17T02:34:20.645642+00:00
[2023-06-17T02:34:20.678+0000] {processor.py:179} INFO - Processing /home/airflow/.local/lib/python3.7/site-packages/airflow/example_dags/example_short_circuit_decorator.py took 0.181 seconds
[2023-06-17T02:34:50.910+0000] {processor.py:157} INFO - Started process (PID=1706) to work on /home/airflow/.local/lib/python3.7/site-packages/airflow/example_dags/example_short_circuit_decorator.py
[2023-06-17T02:34:50.944+0000] {processor.py:826} INFO - Processing file /home/airflow/.local/lib/python3.7/site-packages/airflow/example_dags/example_short_circuit_decorator.py for tasks to queue
[2023-06-17T02:34:50.945+0000] {logging_mixin.py:149} INFO - [2023-06-17T02:34:50.945+0000] {dagbag.py:541} INFO - Filling up the DagBag from /home/airflow/.local/lib/python3.7/site-packages/airflow/example_dags/example_short_circuit_decorator.py
[2023-06-17T02:34:50.958+0000] {processor.py:836} INFO - DAG(s) dict_keys(['example_short_circuit_decorator']) retrieved from /home/airflow/.local/lib/python3.7/site-packages/airflow/example_dags/example_short_circuit_decorator.py
[2023-06-17T02:34:51.002+0000] {logging_mixin.py:149} INFO - [2023-06-17T02:34:51.001+0000] {dag.py:2726} INFO - Sync 1 DAGs
[2023-06-17T02:34:51.044+0000] {logging_mixin.py:149} INFO - [2023-06-17T02:34:51.044+0000] {dag.py:3490} INFO - Setting next_dagrun for example_short_circuit_decorator to 2023-06-16T02:34:51.043822+00:00, run_after=2023-06-17T02:34:51.043822+00:00
[2023-06-17T02:34:51.091+0000] {processor.py:179} INFO - Processing /home/airflow/.local/lib/python3.7/site-packages/airflow/example_dags/example_short_circuit_decorator.py took 0.184 seconds
[2023-06-17T02:35:21.217+0000] {processor.py:157} INFO - Started process (PID=1766) to work on /home/airflow/.local/lib/python3.7/site-packages/airflow/example_dags/example_short_circuit_decorator.py
[2023-06-17T02:35:21.330+0000] {processor.py:826} INFO - Processing file /home/airflow/.local/lib/python3.7/site-packages/airflow/example_dags/example_short_circuit_decorator.py for tasks to queue
[2023-06-17T02:35:21.331+0000] {logging_mixin.py:149} INFO - [2023-06-17T02:35:21.331+0000] {dagbag.py:541} INFO - Filling up the DagBag from /home/airflow/.local/lib/python3.7/site-packages/airflow/example_dags/example_short_circuit_decorator.py
[2023-06-17T02:35:21.342+0000] {processor.py:836} INFO - DAG(s) dict_keys(['example_short_circuit_decorator']) retrieved from /home/airflow/.local/lib/python3.7/site-packages/airflow/example_dags/example_short_circuit_decorator.py
[2023-06-17T02:35:21.371+0000] {logging_mixin.py:149} INFO - [2023-06-17T02:35:21.370+0000] {dag.py:2726} INFO - Sync 1 DAGs
[2023-06-17T02:35:21.402+0000] {logging_mixin.py:149} INFO - [2023-06-17T02:35:21.402+0000] {dag.py:3490} INFO - Setting next_dagrun for example_short_circuit_decorator to 2023-06-16T02:35:21.402061+00:00, run_after=2023-06-17T02:35:21.402061+00:00
[2023-06-17T02:35:21.436+0000] {processor.py:179} INFO - Processing /home/airflow/.local/lib/python3.7/site-packages/airflow/example_dags/example_short_circuit_decorator.py took 0.223 seconds
[2023-06-17T02:35:51.970+0000] {processor.py:157} INFO - Started process (PID=1827) to work on /home/airflow/.local/lib/python3.7/site-packages/airflow/example_dags/example_short_circuit_decorator.py
[2023-06-17T02:35:52.014+0000] {processor.py:826} INFO - Processing file /home/airflow/.local/lib/python3.7/site-packages/airflow/example_dags/example_short_circuit_decorator.py for tasks to queue
[2023-06-17T02:35:52.015+0000] {logging_mixin.py:149} INFO - [2023-06-17T02:35:52.014+0000] {dagbag.py:541} INFO - Filling up the DagBag from /home/airflow/.local/lib/python3.7/site-packages/airflow/example_dags/example_short_circuit_decorator.py
[2023-06-17T02:35:52.028+0000] {processor.py:836} INFO - DAG(s) dict_keys(['example_short_circuit_decorator']) retrieved from /home/airflow/.local/lib/python3.7/site-packages/airflow/example_dags/example_short_circuit_decorator.py
[2023-06-17T02:35:52.079+0000] {logging_mixin.py:149} INFO - [2023-06-17T02:35:52.078+0000] {dag.py:2726} INFO - Sync 1 DAGs
[2023-06-17T02:35:52.139+0000] {logging_mixin.py:149} INFO - [2023-06-17T02:35:52.139+0000] {dag.py:3490} INFO - Setting next_dagrun for example_short_circuit_decorator to 2023-06-16T02:35:52.138669+00:00, run_after=2023-06-17T02:35:52.138669+00:00
[2023-06-17T02:35:52.182+0000] {processor.py:179} INFO - Processing /home/airflow/.local/lib/python3.7/site-packages/airflow/example_dags/example_short_circuit_decorator.py took 0.216 seconds
[2023-06-17T02:36:22.249+0000] {processor.py:157} INFO - Started process (PID=1888) to work on /home/airflow/.local/lib/python3.7/site-packages/airflow/example_dags/example_short_circuit_decorator.py
[2023-06-17T02:36:22.361+0000] {processor.py:826} INFO - Processing file /home/airflow/.local/lib/python3.7/site-packages/airflow/example_dags/example_short_circuit_decorator.py for tasks to queue
[2023-06-17T02:36:22.364+0000] {logging_mixin.py:149} INFO - [2023-06-17T02:36:22.363+0000] {dagbag.py:541} INFO - Filling up the DagBag from /home/airflow/.local/lib/python3.7/site-packages/airflow/example_dags/example_short_circuit_decorator.py
[2023-06-17T02:36:22.397+0000] {processor.py:836} INFO - DAG(s) dict_keys(['example_short_circuit_decorator']) retrieved from /home/airflow/.local/lib/python3.7/site-packages/airflow/example_dags/example_short_circuit_decorator.py
[2023-06-17T02:36:22.444+0000] {logging_mixin.py:149} INFO - [2023-06-17T02:36:22.444+0000] {dag.py:2726} INFO - Sync 1 DAGs
[2023-06-17T02:36:22.478+0000] {logging_mixin.py:149} INFO - [2023-06-17T02:36:22.478+0000] {dag.py:3490} INFO - Setting next_dagrun for example_short_circuit_decorator to 2023-06-16T02:36:22.478569+00:00, run_after=2023-06-17T02:36:22.478569+00:00
[2023-06-17T02:36:22.632+0000] {processor.py:179} INFO - Processing /home/airflow/.local/lib/python3.7/site-packages/airflow/example_dags/example_short_circuit_decorator.py took 0.386 seconds
[2023-06-17T02:36:53.001+0000] {processor.py:157} INFO - Started process (PID=1949) to work on /home/airflow/.local/lib/python3.7/site-packages/airflow/example_dags/example_short_circuit_decorator.py
[2023-06-17T02:36:53.007+0000] {processor.py:826} INFO - Processing file /home/airflow/.local/lib/python3.7/site-packages/airflow/example_dags/example_short_circuit_decorator.py for tasks to queue
[2023-06-17T02:36:53.008+0000] {logging_mixin.py:149} INFO - [2023-06-17T02:36:53.008+0000] {dagbag.py:541} INFO - Filling up the DagBag from /home/airflow/.local/lib/python3.7/site-packages/airflow/example_dags/example_short_circuit_decorator.py
[2023-06-17T02:36:53.020+0000] {processor.py:836} INFO - DAG(s) dict_keys(['example_short_circuit_decorator']) retrieved from /home/airflow/.local/lib/python3.7/site-packages/airflow/example_dags/example_short_circuit_decorator.py
[2023-06-17T02:36:53.054+0000] {logging_mixin.py:149} INFO - [2023-06-17T02:36:53.054+0000] {dag.py:2726} INFO - Sync 1 DAGs
[2023-06-17T02:36:53.094+0000] {logging_mixin.py:149} INFO - [2023-06-17T02:36:53.094+0000] {dag.py:3490} INFO - Setting next_dagrun for example_short_circuit_decorator to 2023-06-16T02:36:53.093826+00:00, run_after=2023-06-17T02:36:53.093826+00:00
[2023-06-17T02:36:53.125+0000] {processor.py:179} INFO - Processing /home/airflow/.local/lib/python3.7/site-packages/airflow/example_dags/example_short_circuit_decorator.py took 0.128 seconds
[2023-06-17T02:37:23.405+0000] {processor.py:157} INFO - Started process (PID=2009) to work on /home/airflow/.local/lib/python3.7/site-packages/airflow/example_dags/example_short_circuit_decorator.py
[2023-06-17T02:37:23.453+0000] {processor.py:826} INFO - Processing file /home/airflow/.local/lib/python3.7/site-packages/airflow/example_dags/example_short_circuit_decorator.py for tasks to queue
[2023-06-17T02:37:23.455+0000] {logging_mixin.py:149} INFO - [2023-06-17T02:37:23.454+0000] {dagbag.py:541} INFO - Filling up the DagBag from /home/airflow/.local/lib/python3.7/site-packages/airflow/example_dags/example_short_circuit_decorator.py
[2023-06-17T02:37:23.476+0000] {processor.py:836} INFO - DAG(s) dict_keys(['example_short_circuit_decorator']) retrieved from /home/airflow/.local/lib/python3.7/site-packages/airflow/example_dags/example_short_circuit_decorator.py
[2023-06-17T02:37:23.537+0000] {logging_mixin.py:149} INFO - [2023-06-17T02:37:23.537+0000] {dag.py:2726} INFO - Sync 1 DAGs
[2023-06-17T02:37:23.607+0000] {logging_mixin.py:149} INFO - [2023-06-17T02:37:23.606+0000] {dag.py:3490} INFO - Setting next_dagrun for example_short_circuit_decorator to 2023-06-16T02:37:23.606150+00:00, run_after=2023-06-17T02:37:23.606150+00:00
[2023-06-17T02:37:23.736+0000] {processor.py:179} INFO - Processing /home/airflow/.local/lib/python3.7/site-packages/airflow/example_dags/example_short_circuit_decorator.py took 0.337 seconds
[2023-06-17T02:37:54.655+0000] {processor.py:157} INFO - Started process (PID=2070) to work on /home/airflow/.local/lib/python3.7/site-packages/airflow/example_dags/example_short_circuit_decorator.py
[2023-06-17T02:37:54.836+0000] {processor.py:826} INFO - Processing file /home/airflow/.local/lib/python3.7/site-packages/airflow/example_dags/example_short_circuit_decorator.py for tasks to queue
[2023-06-17T02:37:54.837+0000] {logging_mixin.py:149} INFO - [2023-06-17T02:37:54.837+0000] {dagbag.py:541} INFO - Filling up the DagBag from /home/airflow/.local/lib/python3.7/site-packages/airflow/example_dags/example_short_circuit_decorator.py
[2023-06-17T02:37:54.848+0000] {processor.py:836} INFO - DAG(s) dict_keys(['example_short_circuit_decorator']) retrieved from /home/airflow/.local/lib/python3.7/site-packages/airflow/example_dags/example_short_circuit_decorator.py
[2023-06-17T02:37:54.878+0000] {logging_mixin.py:149} INFO - [2023-06-17T02:37:54.878+0000] {dag.py:2726} INFO - Sync 1 DAGs
[2023-06-17T02:37:54.918+0000] {logging_mixin.py:149} INFO - [2023-06-17T02:37:54.918+0000] {dag.py:3490} INFO - Setting next_dagrun for example_short_circuit_decorator to 2023-06-16T02:37:54.918285+00:00, run_after=2023-06-17T02:37:54.918285+00:00
[2023-06-17T02:37:55.184+0000] {processor.py:179} INFO - Processing /home/airflow/.local/lib/python3.7/site-packages/airflow/example_dags/example_short_circuit_decorator.py took 0.531 seconds
[2023-06-17T03:24:52.565+0000] {processor.py:157} INFO - Started process (PID=2132) to work on /home/airflow/.local/lib/python3.7/site-packages/airflow/example_dags/example_short_circuit_decorator.py
[2023-06-17T03:24:52.718+0000] {processor.py:826} INFO - Processing file /home/airflow/.local/lib/python3.7/site-packages/airflow/example_dags/example_short_circuit_decorator.py for tasks to queue
[2023-06-17T03:24:52.720+0000] {logging_mixin.py:149} INFO - [2023-06-17T03:24:52.720+0000] {dagbag.py:541} INFO - Filling up the DagBag from /home/airflow/.local/lib/python3.7/site-packages/airflow/example_dags/example_short_circuit_decorator.py
[2023-06-17T03:24:52.751+0000] {processor.py:836} INFO - DAG(s) dict_keys(['example_short_circuit_decorator']) retrieved from /home/airflow/.local/lib/python3.7/site-packages/airflow/example_dags/example_short_circuit_decorator.py
[2023-06-17T03:24:52.790+0000] {logging_mixin.py:149} INFO - [2023-06-17T03:24:52.790+0000] {dag.py:2726} INFO - Sync 1 DAGs
[2023-06-17T03:24:52.820+0000] {logging_mixin.py:149} INFO - [2023-06-17T03:24:52.820+0000] {dag.py:3490} INFO - Setting next_dagrun for example_short_circuit_decorator to 2023-06-16T03:24:52.819792+00:00, run_after=2023-06-17T03:24:52.819792+00:00
[2023-06-17T03:24:52.999+0000] {processor.py:179} INFO - Processing /home/airflow/.local/lib/python3.7/site-packages/airflow/example_dags/example_short_circuit_decorator.py took 0.436 seconds
[2023-06-17T03:25:23.721+0000] {processor.py:157} INFO - Started process (PID=2193) to work on /home/airflow/.local/lib/python3.7/site-packages/airflow/example_dags/example_short_circuit_decorator.py
[2023-06-17T03:25:23.739+0000] {processor.py:826} INFO - Processing file /home/airflow/.local/lib/python3.7/site-packages/airflow/example_dags/example_short_circuit_decorator.py for tasks to queue
[2023-06-17T03:25:23.740+0000] {logging_mixin.py:149} INFO - [2023-06-17T03:25:23.740+0000] {dagbag.py:541} INFO - Filling up the DagBag from /home/airflow/.local/lib/python3.7/site-packages/airflow/example_dags/example_short_circuit_decorator.py
[2023-06-17T03:25:23.755+0000] {processor.py:836} INFO - DAG(s) dict_keys(['example_short_circuit_decorator']) retrieved from /home/airflow/.local/lib/python3.7/site-packages/airflow/example_dags/example_short_circuit_decorator.py
[2023-06-17T03:25:23.795+0000] {logging_mixin.py:149} INFO - [2023-06-17T03:25:23.795+0000] {dag.py:2726} INFO - Sync 1 DAGs
[2023-06-17T03:25:23.841+0000] {logging_mixin.py:149} INFO - [2023-06-17T03:25:23.841+0000] {dag.py:3490} INFO - Setting next_dagrun for example_short_circuit_decorator to 2023-06-16T03:25:23.841195+00:00, run_after=2023-06-17T03:25:23.841195+00:00
[2023-06-17T03:25:23.882+0000] {processor.py:179} INFO - Processing /home/airflow/.local/lib/python3.7/site-packages/airflow/example_dags/example_short_circuit_decorator.py took 0.165 seconds
[2023-06-17T03:36:00.401+0000] {processor.py:157} INFO - Started process (PID=76) to work on /home/airflow/.local/lib/python3.7/site-packages/airflow/example_dags/example_short_circuit_decorator.py
[2023-06-17T03:36:00.623+0000] {processor.py:826} INFO - Processing file /home/airflow/.local/lib/python3.7/site-packages/airflow/example_dags/example_short_circuit_decorator.py for tasks to queue
[2023-06-17T03:36:00.623+0000] {logging_mixin.py:149} INFO - [2023-06-17T03:36:00.623+0000] {dagbag.py:541} INFO - Filling up the DagBag from /home/airflow/.local/lib/python3.7/site-packages/airflow/example_dags/example_short_circuit_decorator.py
[2023-06-17T03:36:00.633+0000] {processor.py:836} INFO - DAG(s) dict_keys(['example_short_circuit_decorator']) retrieved from /home/airflow/.local/lib/python3.7/site-packages/airflow/example_dags/example_short_circuit_decorator.py
[2023-06-17T03:36:00.667+0000] {logging_mixin.py:149} INFO - [2023-06-17T03:36:00.666+0000] {dag.py:2726} INFO - Sync 1 DAGs
[2023-06-17T03:36:00.697+0000] {logging_mixin.py:149} INFO - [2023-06-17T03:36:00.696+0000] {dag.py:3490} INFO - Setting next_dagrun for example_short_circuit_decorator to 2023-06-16T03:36:00.696702+00:00, run_after=2023-06-17T03:36:00.696702+00:00
[2023-06-17T03:36:01.277+0000] {processor.py:179} INFO - Processing /home/airflow/.local/lib/python3.7/site-packages/airflow/example_dags/example_short_circuit_decorator.py took 0.879 seconds
[2023-06-17T03:36:33.255+0000] {processor.py:157} INFO - Started process (PID=137) to work on /home/airflow/.local/lib/python3.7/site-packages/airflow/example_dags/example_short_circuit_decorator.py
[2023-06-17T03:36:33.287+0000] {processor.py:826} INFO - Processing file /home/airflow/.local/lib/python3.7/site-packages/airflow/example_dags/example_short_circuit_decorator.py for tasks to queue
[2023-06-17T03:36:33.287+0000] {logging_mixin.py:149} INFO - [2023-06-17T03:36:33.287+0000] {dagbag.py:541} INFO - Filling up the DagBag from /home/airflow/.local/lib/python3.7/site-packages/airflow/example_dags/example_short_circuit_decorator.py
[2023-06-17T03:36:33.295+0000] {processor.py:836} INFO - DAG(s) dict_keys(['example_short_circuit_decorator']) retrieved from /home/airflow/.local/lib/python3.7/site-packages/airflow/example_dags/example_short_circuit_decorator.py
[2023-06-17T03:36:33.324+0000] {logging_mixin.py:149} INFO - [2023-06-17T03:36:33.324+0000] {dag.py:2726} INFO - Sync 1 DAGs
[2023-06-17T03:36:33.352+0000] {logging_mixin.py:149} INFO - [2023-06-17T03:36:33.351+0000] {dag.py:3490} INFO - Setting next_dagrun for example_short_circuit_decorator to 2023-06-16T03:36:33.351739+00:00, run_after=2023-06-17T03:36:33.351739+00:00
[2023-06-17T03:36:33.496+0000] {processor.py:179} INFO - Processing /home/airflow/.local/lib/python3.7/site-packages/airflow/example_dags/example_short_circuit_decorator.py took 0.244 seconds
[2023-06-17T03:37:03.659+0000] {processor.py:157} INFO - Started process (PID=191) to work on /home/airflow/.local/lib/python3.7/site-packages/airflow/example_dags/example_short_circuit_decorator.py
[2023-06-17T03:37:03.735+0000] {processor.py:826} INFO - Processing file /home/airflow/.local/lib/python3.7/site-packages/airflow/example_dags/example_short_circuit_decorator.py for tasks to queue
[2023-06-17T03:37:03.736+0000] {logging_mixin.py:149} INFO - [2023-06-17T03:37:03.736+0000] {dagbag.py:541} INFO - Filling up the DagBag from /home/airflow/.local/lib/python3.7/site-packages/airflow/example_dags/example_short_circuit_decorator.py
[2023-06-17T03:37:03.759+0000] {processor.py:836} INFO - DAG(s) dict_keys(['example_short_circuit_decorator']) retrieved from /home/airflow/.local/lib/python3.7/site-packages/airflow/example_dags/example_short_circuit_decorator.py
[2023-06-17T03:37:03.791+0000] {logging_mixin.py:149} INFO - [2023-06-17T03:37:03.791+0000] {dag.py:2726} INFO - Sync 1 DAGs
[2023-06-17T03:37:03.953+0000] {logging_mixin.py:149} INFO - [2023-06-17T03:37:03.952+0000] {dag.py:3490} INFO - Setting next_dagrun for example_short_circuit_decorator to 2023-06-16T03:37:03.952649+00:00, run_after=2023-06-17T03:37:03.952649+00:00
[2023-06-17T03:37:04.010+0000] {processor.py:179} INFO - Processing /home/airflow/.local/lib/python3.7/site-packages/airflow/example_dags/example_short_circuit_decorator.py took 0.355 seconds
[2023-06-17T03:37:34.338+0000] {processor.py:157} INFO - Started process (PID=259) to work on /home/airflow/.local/lib/python3.7/site-packages/airflow/example_dags/example_short_circuit_decorator.py
[2023-06-17T03:37:34.424+0000] {processor.py:826} INFO - Processing file /home/airflow/.local/lib/python3.7/site-packages/airflow/example_dags/example_short_circuit_decorator.py for tasks to queue
[2023-06-17T03:37:34.426+0000] {logging_mixin.py:149} INFO - [2023-06-17T03:37:34.426+0000] {dagbag.py:541} INFO - Filling up the DagBag from /home/airflow/.local/lib/python3.7/site-packages/airflow/example_dags/example_short_circuit_decorator.py
[2023-06-17T03:37:34.452+0000] {processor.py:836} INFO - DAG(s) dict_keys(['example_short_circuit_decorator']) retrieved from /home/airflow/.local/lib/python3.7/site-packages/airflow/example_dags/example_short_circuit_decorator.py
[2023-06-17T03:37:34.499+0000] {logging_mixin.py:149} INFO - [2023-06-17T03:37:34.499+0000] {dag.py:2726} INFO - Sync 1 DAGs
[2023-06-17T03:37:34.528+0000] {logging_mixin.py:149} INFO - [2023-06-17T03:37:34.528+0000] {dag.py:3490} INFO - Setting next_dagrun for example_short_circuit_decorator to 2023-06-16T03:37:34.528386+00:00, run_after=2023-06-17T03:37:34.528386+00:00
[2023-06-17T03:37:34.923+0000] {processor.py:179} INFO - Processing /home/airflow/.local/lib/python3.7/site-packages/airflow/example_dags/example_short_circuit_decorator.py took 0.587 seconds
[2023-06-17T03:38:05.752+0000] {processor.py:157} INFO - Started process (PID=321) to work on /home/airflow/.local/lib/python3.7/site-packages/airflow/example_dags/example_short_circuit_decorator.py
[2023-06-17T03:38:05.925+0000] {processor.py:826} INFO - Processing file /home/airflow/.local/lib/python3.7/site-packages/airflow/example_dags/example_short_circuit_decorator.py for tasks to queue
[2023-06-17T03:38:05.926+0000] {logging_mixin.py:149} INFO - [2023-06-17T03:38:05.926+0000] {dagbag.py:541} INFO - Filling up the DagBag from /home/airflow/.local/lib/python3.7/site-packages/airflow/example_dags/example_short_circuit_decorator.py
[2023-06-17T03:38:05.937+0000] {processor.py:836} INFO - DAG(s) dict_keys(['example_short_circuit_decorator']) retrieved from /home/airflow/.local/lib/python3.7/site-packages/airflow/example_dags/example_short_circuit_decorator.py
[2023-06-17T03:38:05.971+0000] {logging_mixin.py:149} INFO - [2023-06-17T03:38:05.971+0000] {dag.py:2726} INFO - Sync 1 DAGs
[2023-06-17T03:38:06.009+0000] {logging_mixin.py:149} INFO - [2023-06-17T03:38:06.009+0000] {dag.py:3490} INFO - Setting next_dagrun for example_short_circuit_decorator to 2023-06-16T03:38:06.009344+00:00, run_after=2023-06-17T03:38:06.009344+00:00
[2023-06-17T03:38:06.065+0000] {processor.py:179} INFO - Processing /home/airflow/.local/lib/python3.7/site-packages/airflow/example_dags/example_short_circuit_decorator.py took 0.315 seconds
[2023-06-17T03:38:36.647+0000] {processor.py:157} INFO - Started process (PID=382) to work on /home/airflow/.local/lib/python3.7/site-packages/airflow/example_dags/example_short_circuit_decorator.py
[2023-06-17T03:38:36.655+0000] {processor.py:826} INFO - Processing file /home/airflow/.local/lib/python3.7/site-packages/airflow/example_dags/example_short_circuit_decorator.py for tasks to queue
[2023-06-17T03:38:36.656+0000] {logging_mixin.py:149} INFO - [2023-06-17T03:38:36.656+0000] {dagbag.py:541} INFO - Filling up the DagBag from /home/airflow/.local/lib/python3.7/site-packages/airflow/example_dags/example_short_circuit_decorator.py
[2023-06-17T03:38:36.669+0000] {processor.py:836} INFO - DAG(s) dict_keys(['example_short_circuit_decorator']) retrieved from /home/airflow/.local/lib/python3.7/site-packages/airflow/example_dags/example_short_circuit_decorator.py
[2023-06-17T03:38:36.708+0000] {logging_mixin.py:149} INFO - [2023-06-17T03:38:36.708+0000] {dag.py:2726} INFO - Sync 1 DAGs
[2023-06-17T03:38:36.748+0000] {logging_mixin.py:149} INFO - [2023-06-17T03:38:36.748+0000] {dag.py:3490} INFO - Setting next_dagrun for example_short_circuit_decorator to 2023-06-16T03:38:36.748285+00:00, run_after=2023-06-17T03:38:36.748285+00:00
[2023-06-17T03:38:36.809+0000] {processor.py:179} INFO - Processing /home/airflow/.local/lib/python3.7/site-packages/airflow/example_dags/example_short_circuit_decorator.py took 0.167 seconds
[2023-06-17T03:39:06.987+0000] {processor.py:157} INFO - Started process (PID=443) to work on /home/airflow/.local/lib/python3.7/site-packages/airflow/example_dags/example_short_circuit_decorator.py
[2023-06-17T03:39:07.009+0000] {processor.py:826} INFO - Processing file /home/airflow/.local/lib/python3.7/site-packages/airflow/example_dags/example_short_circuit_decorator.py for tasks to queue
[2023-06-17T03:39:07.010+0000] {logging_mixin.py:149} INFO - [2023-06-17T03:39:07.009+0000] {dagbag.py:541} INFO - Filling up the DagBag from /home/airflow/.local/lib/python3.7/site-packages/airflow/example_dags/example_short_circuit_decorator.py
[2023-06-17T03:39:07.018+0000] {processor.py:836} INFO - DAG(s) dict_keys(['example_short_circuit_decorator']) retrieved from /home/airflow/.local/lib/python3.7/site-packages/airflow/example_dags/example_short_circuit_decorator.py
[2023-06-17T03:39:07.047+0000] {logging_mixin.py:149} INFO - [2023-06-17T03:39:07.046+0000] {dag.py:2726} INFO - Sync 1 DAGs
[2023-06-17T03:39:07.072+0000] {logging_mixin.py:149} INFO - [2023-06-17T03:39:07.072+0000] {dag.py:3490} INFO - Setting next_dagrun for example_short_circuit_decorator to 2023-06-16T03:39:07.072424+00:00, run_after=2023-06-17T03:39:07.072424+00:00
[2023-06-17T03:39:07.106+0000] {processor.py:179} INFO - Processing /home/airflow/.local/lib/python3.7/site-packages/airflow/example_dags/example_short_circuit_decorator.py took 0.122 seconds
[2023-06-17T03:39:37.128+0000] {processor.py:157} INFO - Started process (PID=504) to work on /home/airflow/.local/lib/python3.7/site-packages/airflow/example_dags/example_short_circuit_decorator.py
[2023-06-17T03:39:37.134+0000] {processor.py:826} INFO - Processing file /home/airflow/.local/lib/python3.7/site-packages/airflow/example_dags/example_short_circuit_decorator.py for tasks to queue
[2023-06-17T03:39:37.134+0000] {logging_mixin.py:149} INFO - [2023-06-17T03:39:37.134+0000] {dagbag.py:541} INFO - Filling up the DagBag from /home/airflow/.local/lib/python3.7/site-packages/airflow/example_dags/example_short_circuit_decorator.py
[2023-06-17T03:39:37.146+0000] {processor.py:836} INFO - DAG(s) dict_keys(['example_short_circuit_decorator']) retrieved from /home/airflow/.local/lib/python3.7/site-packages/airflow/example_dags/example_short_circuit_decorator.py
[2023-06-17T03:39:37.173+0000] {logging_mixin.py:149} INFO - [2023-06-17T03:39:37.173+0000] {dag.py:2726} INFO - Sync 1 DAGs
[2023-06-17T03:39:37.206+0000] {logging_mixin.py:149} INFO - [2023-06-17T03:39:37.206+0000] {dag.py:3490} INFO - Setting next_dagrun for example_short_circuit_decorator to 2023-06-16T03:39:37.205801+00:00, run_after=2023-06-17T03:39:37.205801+00:00
[2023-06-17T03:39:37.242+0000] {processor.py:179} INFO - Processing /home/airflow/.local/lib/python3.7/site-packages/airflow/example_dags/example_short_circuit_decorator.py took 0.116 seconds
[2023-06-17T03:40:07.678+0000] {processor.py:157} INFO - Started process (PID=565) to work on /home/airflow/.local/lib/python3.7/site-packages/airflow/example_dags/example_short_circuit_decorator.py
[2023-06-17T03:40:07.683+0000] {processor.py:826} INFO - Processing file /home/airflow/.local/lib/python3.7/site-packages/airflow/example_dags/example_short_circuit_decorator.py for tasks to queue
[2023-06-17T03:40:07.684+0000] {logging_mixin.py:149} INFO - [2023-06-17T03:40:07.684+0000] {dagbag.py:541} INFO - Filling up the DagBag from /home/airflow/.local/lib/python3.7/site-packages/airflow/example_dags/example_short_circuit_decorator.py
[2023-06-17T03:40:07.693+0000] {processor.py:836} INFO - DAG(s) dict_keys(['example_short_circuit_decorator']) retrieved from /home/airflow/.local/lib/python3.7/site-packages/airflow/example_dags/example_short_circuit_decorator.py
[2023-06-17T03:40:07.719+0000] {logging_mixin.py:149} INFO - [2023-06-17T03:40:07.719+0000] {dag.py:2726} INFO - Sync 1 DAGs
[2023-06-17T03:40:07.746+0000] {logging_mixin.py:149} INFO - [2023-06-17T03:40:07.745+0000] {dag.py:3490} INFO - Setting next_dagrun for example_short_circuit_decorator to 2023-06-16T03:40:07.745727+00:00, run_after=2023-06-17T03:40:07.745727+00:00
[2023-06-17T03:40:07.772+0000] {processor.py:179} INFO - Processing /home/airflow/.local/lib/python3.7/site-packages/airflow/example_dags/example_short_circuit_decorator.py took 0.097 seconds
[2023-06-17T03:40:38.939+0000] {processor.py:157} INFO - Started process (PID=627) to work on /home/airflow/.local/lib/python3.7/site-packages/airflow/example_dags/example_short_circuit_decorator.py
[2023-06-17T03:40:38.946+0000] {processor.py:826} INFO - Processing file /home/airflow/.local/lib/python3.7/site-packages/airflow/example_dags/example_short_circuit_decorator.py for tasks to queue
[2023-06-17T03:40:38.946+0000] {logging_mixin.py:149} INFO - [2023-06-17T03:40:38.946+0000] {dagbag.py:541} INFO - Filling up the DagBag from /home/airflow/.local/lib/python3.7/site-packages/airflow/example_dags/example_short_circuit_decorator.py
[2023-06-17T03:40:38.956+0000] {processor.py:836} INFO - DAG(s) dict_keys(['example_short_circuit_decorator']) retrieved from /home/airflow/.local/lib/python3.7/site-packages/airflow/example_dags/example_short_circuit_decorator.py
[2023-06-17T03:40:38.983+0000] {logging_mixin.py:149} INFO - [2023-06-17T03:40:38.983+0000] {dag.py:2726} INFO - Sync 1 DAGs
[2023-06-17T03:40:39.013+0000] {logging_mixin.py:149} INFO - [2023-06-17T03:40:39.013+0000] {dag.py:3490} INFO - Setting next_dagrun for example_short_circuit_decorator to 2023-06-16T03:40:39.012982+00:00, run_after=2023-06-17T03:40:39.012982+00:00
[2023-06-17T03:40:39.043+0000] {processor.py:179} INFO - Processing /home/airflow/.local/lib/python3.7/site-packages/airflow/example_dags/example_short_circuit_decorator.py took 0.107 seconds
[2023-06-17T03:41:09.925+0000] {processor.py:157} INFO - Started process (PID=688) to work on /home/airflow/.local/lib/python3.7/site-packages/airflow/example_dags/example_short_circuit_decorator.py
[2023-06-17T03:41:09.936+0000] {processor.py:826} INFO - Processing file /home/airflow/.local/lib/python3.7/site-packages/airflow/example_dags/example_short_circuit_decorator.py for tasks to queue
[2023-06-17T03:41:09.937+0000] {logging_mixin.py:149} INFO - [2023-06-17T03:41:09.937+0000] {dagbag.py:541} INFO - Filling up the DagBag from /home/airflow/.local/lib/python3.7/site-packages/airflow/example_dags/example_short_circuit_decorator.py
[2023-06-17T03:41:09.950+0000] {processor.py:836} INFO - DAG(s) dict_keys(['example_short_circuit_decorator']) retrieved from /home/airflow/.local/lib/python3.7/site-packages/airflow/example_dags/example_short_circuit_decorator.py
[2023-06-17T03:41:09.981+0000] {logging_mixin.py:149} INFO - [2023-06-17T03:41:09.981+0000] {dag.py:2726} INFO - Sync 1 DAGs
[2023-06-17T03:41:10.023+0000] {logging_mixin.py:149} INFO - [2023-06-17T03:41:10.022+0000] {dag.py:3490} INFO - Setting next_dagrun for example_short_circuit_decorator to 2023-06-16T03:41:10.022662+00:00, run_after=2023-06-17T03:41:10.022662+00:00
[2023-06-17T03:41:10.056+0000] {processor.py:179} INFO - Processing /home/airflow/.local/lib/python3.7/site-packages/airflow/example_dags/example_short_circuit_decorator.py took 0.134 seconds
[2023-06-17T03:41:40.391+0000] {processor.py:157} INFO - Started process (PID=749) to work on /home/airflow/.local/lib/python3.7/site-packages/airflow/example_dags/example_short_circuit_decorator.py
[2023-06-17T03:41:40.398+0000] {processor.py:826} INFO - Processing file /home/airflow/.local/lib/python3.7/site-packages/airflow/example_dags/example_short_circuit_decorator.py for tasks to queue
[2023-06-17T03:41:40.399+0000] {logging_mixin.py:149} INFO - [2023-06-17T03:41:40.398+0000] {dagbag.py:541} INFO - Filling up the DagBag from /home/airflow/.local/lib/python3.7/site-packages/airflow/example_dags/example_short_circuit_decorator.py
[2023-06-17T03:41:40.407+0000] {processor.py:836} INFO - DAG(s) dict_keys(['example_short_circuit_decorator']) retrieved from /home/airflow/.local/lib/python3.7/site-packages/airflow/example_dags/example_short_circuit_decorator.py
[2023-06-17T03:41:40.432+0000] {logging_mixin.py:149} INFO - [2023-06-17T03:41:40.432+0000] {dag.py:2726} INFO - Sync 1 DAGs
[2023-06-17T03:41:40.458+0000] {logging_mixin.py:149} INFO - [2023-06-17T03:41:40.458+0000] {dag.py:3490} INFO - Setting next_dagrun for example_short_circuit_decorator to 2023-06-16T03:41:40.457857+00:00, run_after=2023-06-17T03:41:40.457857+00:00
[2023-06-17T03:41:40.486+0000] {processor.py:179} INFO - Processing /home/airflow/.local/lib/python3.7/site-packages/airflow/example_dags/example_short_circuit_decorator.py took 0.098 seconds
[2023-06-17T03:42:11.504+0000] {processor.py:157} INFO - Started process (PID=810) to work on /home/airflow/.local/lib/python3.7/site-packages/airflow/example_dags/example_short_circuit_decorator.py
[2023-06-17T03:42:11.511+0000] {processor.py:826} INFO - Processing file /home/airflow/.local/lib/python3.7/site-packages/airflow/example_dags/example_short_circuit_decorator.py for tasks to queue
[2023-06-17T03:42:11.511+0000] {logging_mixin.py:149} INFO - [2023-06-17T03:42:11.511+0000] {dagbag.py:541} INFO - Filling up the DagBag from /home/airflow/.local/lib/python3.7/site-packages/airflow/example_dags/example_short_circuit_decorator.py
[2023-06-17T03:42:11.520+0000] {processor.py:836} INFO - DAG(s) dict_keys(['example_short_circuit_decorator']) retrieved from /home/airflow/.local/lib/python3.7/site-packages/airflow/example_dags/example_short_circuit_decorator.py
[2023-06-17T03:42:11.552+0000] {logging_mixin.py:149} INFO - [2023-06-17T03:42:11.552+0000] {dag.py:2726} INFO - Sync 1 DAGs
[2023-06-17T03:42:11.584+0000] {logging_mixin.py:149} INFO - [2023-06-17T03:42:11.584+0000] {dag.py:3490} INFO - Setting next_dagrun for example_short_circuit_decorator to 2023-06-16T03:42:11.584300+00:00, run_after=2023-06-17T03:42:11.584300+00:00
[2023-06-17T03:42:11.616+0000] {processor.py:179} INFO - Processing /home/airflow/.local/lib/python3.7/site-packages/airflow/example_dags/example_short_circuit_decorator.py took 0.115 seconds
[2023-06-17T03:42:42.149+0000] {processor.py:157} INFO - Started process (PID=871) to work on /home/airflow/.local/lib/python3.7/site-packages/airflow/example_dags/example_short_circuit_decorator.py
[2023-06-17T03:42:42.157+0000] {processor.py:826} INFO - Processing file /home/airflow/.local/lib/python3.7/site-packages/airflow/example_dags/example_short_circuit_decorator.py for tasks to queue
[2023-06-17T03:42:42.158+0000] {logging_mixin.py:149} INFO - [2023-06-17T03:42:42.157+0000] {dagbag.py:541} INFO - Filling up the DagBag from /home/airflow/.local/lib/python3.7/site-packages/airflow/example_dags/example_short_circuit_decorator.py
[2023-06-17T03:42:42.170+0000] {processor.py:836} INFO - DAG(s) dict_keys(['example_short_circuit_decorator']) retrieved from /home/airflow/.local/lib/python3.7/site-packages/airflow/example_dags/example_short_circuit_decorator.py
[2023-06-17T03:42:42.210+0000] {logging_mixin.py:149} INFO - [2023-06-17T03:42:42.210+0000] {dag.py:2726} INFO - Sync 1 DAGs
[2023-06-17T03:42:42.257+0000] {logging_mixin.py:149} INFO - [2023-06-17T03:42:42.257+0000] {dag.py:3490} INFO - Setting next_dagrun for example_short_circuit_decorator to 2023-06-16T03:42:42.257300+00:00, run_after=2023-06-17T03:42:42.257300+00:00
[2023-06-17T03:42:42.299+0000] {processor.py:179} INFO - Processing /home/airflow/.local/lib/python3.7/site-packages/airflow/example_dags/example_short_circuit_decorator.py took 0.152 seconds
[2023-06-17T03:43:12.894+0000] {processor.py:157} INFO - Started process (PID=932) to work on /home/airflow/.local/lib/python3.7/site-packages/airflow/example_dags/example_short_circuit_decorator.py
[2023-06-17T03:43:12.897+0000] {processor.py:826} INFO - Processing file /home/airflow/.local/lib/python3.7/site-packages/airflow/example_dags/example_short_circuit_decorator.py for tasks to queue
[2023-06-17T03:43:12.898+0000] {logging_mixin.py:149} INFO - [2023-06-17T03:43:12.898+0000] {dagbag.py:541} INFO - Filling up the DagBag from /home/airflow/.local/lib/python3.7/site-packages/airflow/example_dags/example_short_circuit_decorator.py
[2023-06-17T03:43:12.907+0000] {processor.py:836} INFO - DAG(s) dict_keys(['example_short_circuit_decorator']) retrieved from /home/airflow/.local/lib/python3.7/site-packages/airflow/example_dags/example_short_circuit_decorator.py
[2023-06-17T03:43:12.935+0000] {logging_mixin.py:149} INFO - [2023-06-17T03:43:12.935+0000] {dag.py:2726} INFO - Sync 1 DAGs
[2023-06-17T03:43:12.963+0000] {logging_mixin.py:149} INFO - [2023-06-17T03:43:12.963+0000] {dag.py:3490} INFO - Setting next_dagrun for example_short_circuit_decorator to 2023-06-16T03:43:12.963348+00:00, run_after=2023-06-17T03:43:12.963348+00:00
[2023-06-17T03:43:12.988+0000] {processor.py:179} INFO - Processing /home/airflow/.local/lib/python3.7/site-packages/airflow/example_dags/example_short_circuit_decorator.py took 0.097 seconds
[2023-06-17T03:43:43.408+0000] {processor.py:157} INFO - Started process (PID=993) to work on /home/airflow/.local/lib/python3.7/site-packages/airflow/example_dags/example_short_circuit_decorator.py
[2023-06-17T03:43:43.421+0000] {processor.py:826} INFO - Processing file /home/airflow/.local/lib/python3.7/site-packages/airflow/example_dags/example_short_circuit_decorator.py for tasks to queue
[2023-06-17T03:43:43.422+0000] {logging_mixin.py:149} INFO - [2023-06-17T03:43:43.422+0000] {dagbag.py:541} INFO - Filling up the DagBag from /home/airflow/.local/lib/python3.7/site-packages/airflow/example_dags/example_short_circuit_decorator.py
[2023-06-17T03:43:43.430+0000] {processor.py:836} INFO - DAG(s) dict_keys(['example_short_circuit_decorator']) retrieved from /home/airflow/.local/lib/python3.7/site-packages/airflow/example_dags/example_short_circuit_decorator.py
[2023-06-17T03:43:43.455+0000] {logging_mixin.py:149} INFO - [2023-06-17T03:43:43.455+0000] {dag.py:2726} INFO - Sync 1 DAGs
[2023-06-17T03:43:43.483+0000] {logging_mixin.py:149} INFO - [2023-06-17T03:43:43.483+0000] {dag.py:3490} INFO - Setting next_dagrun for example_short_circuit_decorator to 2023-06-16T03:43:43.483403+00:00, run_after=2023-06-17T03:43:43.483403+00:00
[2023-06-17T03:43:43.510+0000] {processor.py:179} INFO - Processing /home/airflow/.local/lib/python3.7/site-packages/airflow/example_dags/example_short_circuit_decorator.py took 0.105 seconds
[2023-06-17T03:44:14.460+0000] {processor.py:157} INFO - Started process (PID=1054) to work on /home/airflow/.local/lib/python3.7/site-packages/airflow/example_dags/example_short_circuit_decorator.py
[2023-06-17T03:44:14.471+0000] {processor.py:826} INFO - Processing file /home/airflow/.local/lib/python3.7/site-packages/airflow/example_dags/example_short_circuit_decorator.py for tasks to queue
[2023-06-17T03:44:14.472+0000] {logging_mixin.py:149} INFO - [2023-06-17T03:44:14.472+0000] {dagbag.py:541} INFO - Filling up the DagBag from /home/airflow/.local/lib/python3.7/site-packages/airflow/example_dags/example_short_circuit_decorator.py
[2023-06-17T03:44:14.485+0000] {processor.py:836} INFO - DAG(s) dict_keys(['example_short_circuit_decorator']) retrieved from /home/airflow/.local/lib/python3.7/site-packages/airflow/example_dags/example_short_circuit_decorator.py
[2023-06-17T03:44:14.523+0000] {logging_mixin.py:149} INFO - [2023-06-17T03:44:14.523+0000] {dag.py:2726} INFO - Sync 1 DAGs
[2023-06-17T03:44:14.566+0000] {logging_mixin.py:149} INFO - [2023-06-17T03:44:14.565+0000] {dag.py:3490} INFO - Setting next_dagrun for example_short_circuit_decorator to 2023-06-16T03:44:14.565545+00:00, run_after=2023-06-17T03:44:14.565545+00:00
[2023-06-17T03:44:14.611+0000] {processor.py:179} INFO - Processing /home/airflow/.local/lib/python3.7/site-packages/airflow/example_dags/example_short_circuit_decorator.py took 0.155 seconds
[2023-06-17T03:44:45.066+0000] {processor.py:157} INFO - Started process (PID=1115) to work on /home/airflow/.local/lib/python3.7/site-packages/airflow/example_dags/example_short_circuit_decorator.py
[2023-06-17T03:44:45.092+0000] {processor.py:826} INFO - Processing file /home/airflow/.local/lib/python3.7/site-packages/airflow/example_dags/example_short_circuit_decorator.py for tasks to queue
[2023-06-17T03:44:45.093+0000] {logging_mixin.py:149} INFO - [2023-06-17T03:44:45.093+0000] {dagbag.py:541} INFO - Filling up the DagBag from /home/airflow/.local/lib/python3.7/site-packages/airflow/example_dags/example_short_circuit_decorator.py
[2023-06-17T03:44:45.101+0000] {processor.py:836} INFO - DAG(s) dict_keys(['example_short_circuit_decorator']) retrieved from /home/airflow/.local/lib/python3.7/site-packages/airflow/example_dags/example_short_circuit_decorator.py
[2023-06-17T03:44:45.129+0000] {logging_mixin.py:149} INFO - [2023-06-17T03:44:45.129+0000] {dag.py:2726} INFO - Sync 1 DAGs
[2023-06-17T03:44:45.156+0000] {logging_mixin.py:149} INFO - [2023-06-17T03:44:45.156+0000] {dag.py:3490} INFO - Setting next_dagrun for example_short_circuit_decorator to 2023-06-16T03:44:45.156374+00:00, run_after=2023-06-17T03:44:45.156374+00:00
[2023-06-17T03:44:45.185+0000] {processor.py:179} INFO - Processing /home/airflow/.local/lib/python3.7/site-packages/airflow/example_dags/example_short_circuit_decorator.py took 0.122 seconds
[2023-06-17T03:45:15.431+0000] {processor.py:157} INFO - Started process (PID=1176) to work on /home/airflow/.local/lib/python3.7/site-packages/airflow/example_dags/example_short_circuit_decorator.py
[2023-06-17T03:45:15.435+0000] {processor.py:826} INFO - Processing file /home/airflow/.local/lib/python3.7/site-packages/airflow/example_dags/example_short_circuit_decorator.py for tasks to queue
[2023-06-17T03:45:15.435+0000] {logging_mixin.py:149} INFO - [2023-06-17T03:45:15.435+0000] {dagbag.py:541} INFO - Filling up the DagBag from /home/airflow/.local/lib/python3.7/site-packages/airflow/example_dags/example_short_circuit_decorator.py
[2023-06-17T03:45:15.444+0000] {processor.py:836} INFO - DAG(s) dict_keys(['example_short_circuit_decorator']) retrieved from /home/airflow/.local/lib/python3.7/site-packages/airflow/example_dags/example_short_circuit_decorator.py
[2023-06-17T03:45:15.471+0000] {logging_mixin.py:149} INFO - [2023-06-17T03:45:15.470+0000] {dag.py:2726} INFO - Sync 1 DAGs
[2023-06-17T03:45:15.503+0000] {logging_mixin.py:149} INFO - [2023-06-17T03:45:15.503+0000] {dag.py:3490} INFO - Setting next_dagrun for example_short_circuit_decorator to 2023-06-16T03:45:15.503186+00:00, run_after=2023-06-17T03:45:15.503186+00:00
[2023-06-17T03:45:15.546+0000] {processor.py:179} INFO - Processing /home/airflow/.local/lib/python3.7/site-packages/airflow/example_dags/example_short_circuit_decorator.py took 0.118 seconds
[2023-06-17T03:45:45.974+0000] {processor.py:157} INFO - Started process (PID=1237) to work on /home/airflow/.local/lib/python3.7/site-packages/airflow/example_dags/example_short_circuit_decorator.py
[2023-06-17T03:45:45.985+0000] {processor.py:826} INFO - Processing file /home/airflow/.local/lib/python3.7/site-packages/airflow/example_dags/example_short_circuit_decorator.py for tasks to queue
[2023-06-17T03:45:45.986+0000] {logging_mixin.py:149} INFO - [2023-06-17T03:45:45.986+0000] {dagbag.py:541} INFO - Filling up the DagBag from /home/airflow/.local/lib/python3.7/site-packages/airflow/example_dags/example_short_circuit_decorator.py
[2023-06-17T03:45:45.994+0000] {processor.py:836} INFO - DAG(s) dict_keys(['example_short_circuit_decorator']) retrieved from /home/airflow/.local/lib/python3.7/site-packages/airflow/example_dags/example_short_circuit_decorator.py
[2023-06-17T03:45:46.026+0000] {logging_mixin.py:149} INFO - [2023-06-17T03:45:46.026+0000] {dag.py:2726} INFO - Sync 1 DAGs
[2023-06-17T03:45:46.054+0000] {logging_mixin.py:149} INFO - [2023-06-17T03:45:46.054+0000] {dag.py:3490} INFO - Setting next_dagrun for example_short_circuit_decorator to 2023-06-16T03:45:46.054234+00:00, run_after=2023-06-17T03:45:46.054234+00:00
[2023-06-17T03:45:46.081+0000] {processor.py:179} INFO - Processing /home/airflow/.local/lib/python3.7/site-packages/airflow/example_dags/example_short_circuit_decorator.py took 0.110 seconds
[2023-06-17T03:46:16.897+0000] {processor.py:157} INFO - Started process (PID=1298) to work on /home/airflow/.local/lib/python3.7/site-packages/airflow/example_dags/example_short_circuit_decorator.py
[2023-06-17T03:46:16.900+0000] {processor.py:826} INFO - Processing file /home/airflow/.local/lib/python3.7/site-packages/airflow/example_dags/example_short_circuit_decorator.py for tasks to queue
[2023-06-17T03:46:16.901+0000] {logging_mixin.py:149} INFO - [2023-06-17T03:46:16.900+0000] {dagbag.py:541} INFO - Filling up the DagBag from /home/airflow/.local/lib/python3.7/site-packages/airflow/example_dags/example_short_circuit_decorator.py
[2023-06-17T03:46:16.911+0000] {processor.py:836} INFO - DAG(s) dict_keys(['example_short_circuit_decorator']) retrieved from /home/airflow/.local/lib/python3.7/site-packages/airflow/example_dags/example_short_circuit_decorator.py
[2023-06-17T03:46:16.935+0000] {logging_mixin.py:149} INFO - [2023-06-17T03:46:16.935+0000] {dag.py:2726} INFO - Sync 1 DAGs
[2023-06-17T03:46:16.964+0000] {logging_mixin.py:149} INFO - [2023-06-17T03:46:16.964+0000] {dag.py:3490} INFO - Setting next_dagrun for example_short_circuit_decorator to 2023-06-16T03:46:16.964272+00:00, run_after=2023-06-17T03:46:16.964272+00:00
[2023-06-17T03:46:16.994+0000] {processor.py:179} INFO - Processing /home/airflow/.local/lib/python3.7/site-packages/airflow/example_dags/example_short_circuit_decorator.py took 0.100 seconds
[2023-06-17T03:46:47.877+0000] {processor.py:157} INFO - Started process (PID=1359) to work on /home/airflow/.local/lib/python3.7/site-packages/airflow/example_dags/example_short_circuit_decorator.py
[2023-06-17T03:46:47.952+0000] {processor.py:826} INFO - Processing file /home/airflow/.local/lib/python3.7/site-packages/airflow/example_dags/example_short_circuit_decorator.py for tasks to queue
[2023-06-17T03:46:47.953+0000] {logging_mixin.py:149} INFO - [2023-06-17T03:46:47.953+0000] {dagbag.py:541} INFO - Filling up the DagBag from /home/airflow/.local/lib/python3.7/site-packages/airflow/example_dags/example_short_circuit_decorator.py
[2023-06-17T03:46:47.961+0000] {processor.py:836} INFO - DAG(s) dict_keys(['example_short_circuit_decorator']) retrieved from /home/airflow/.local/lib/python3.7/site-packages/airflow/example_dags/example_short_circuit_decorator.py
[2023-06-17T03:46:47.986+0000] {logging_mixin.py:149} INFO - [2023-06-17T03:46:47.986+0000] {dag.py:2726} INFO - Sync 1 DAGs
[2023-06-17T03:46:48.013+0000] {logging_mixin.py:149} INFO - [2023-06-17T03:46:48.013+0000] {dag.py:3490} INFO - Setting next_dagrun for example_short_circuit_decorator to 2023-06-16T03:46:48.012807+00:00, run_after=2023-06-17T03:46:48.012807+00:00
[2023-06-17T03:46:48.060+0000] {processor.py:179} INFO - Processing /home/airflow/.local/lib/python3.7/site-packages/airflow/example_dags/example_short_circuit_decorator.py took 0.185 seconds
[2023-06-17T03:47:18.383+0000] {processor.py:157} INFO - Started process (PID=1420) to work on /home/airflow/.local/lib/python3.7/site-packages/airflow/example_dags/example_short_circuit_decorator.py
[2023-06-17T03:47:18.392+0000] {processor.py:826} INFO - Processing file /home/airflow/.local/lib/python3.7/site-packages/airflow/example_dags/example_short_circuit_decorator.py for tasks to queue
[2023-06-17T03:47:18.393+0000] {logging_mixin.py:149} INFO - [2023-06-17T03:47:18.393+0000] {dagbag.py:541} INFO - Filling up the DagBag from /home/airflow/.local/lib/python3.7/site-packages/airflow/example_dags/example_short_circuit_decorator.py
[2023-06-17T03:47:18.401+0000] {processor.py:836} INFO - DAG(s) dict_keys(['example_short_circuit_decorator']) retrieved from /home/airflow/.local/lib/python3.7/site-packages/airflow/example_dags/example_short_circuit_decorator.py
[2023-06-17T03:47:18.426+0000] {logging_mixin.py:149} INFO - [2023-06-17T03:47:18.426+0000] {dag.py:2726} INFO - Sync 1 DAGs
[2023-06-17T03:47:18.454+0000] {logging_mixin.py:149} INFO - [2023-06-17T03:47:18.453+0000] {dag.py:3490} INFO - Setting next_dagrun for example_short_circuit_decorator to 2023-06-16T03:47:18.453730+00:00, run_after=2023-06-17T03:47:18.453730+00:00
[2023-06-17T03:47:18.477+0000] {processor.py:179} INFO - Processing /home/airflow/.local/lib/python3.7/site-packages/airflow/example_dags/example_short_circuit_decorator.py took 0.097 seconds
[2023-06-17T03:47:49.322+0000] {processor.py:157} INFO - Started process (PID=1481) to work on /home/airflow/.local/lib/python3.7/site-packages/airflow/example_dags/example_short_circuit_decorator.py
[2023-06-17T03:47:49.341+0000] {processor.py:826} INFO - Processing file /home/airflow/.local/lib/python3.7/site-packages/airflow/example_dags/example_short_circuit_decorator.py for tasks to queue
[2023-06-17T03:47:49.341+0000] {logging_mixin.py:149} INFO - [2023-06-17T03:47:49.341+0000] {dagbag.py:541} INFO - Filling up the DagBag from /home/airflow/.local/lib/python3.7/site-packages/airflow/example_dags/example_short_circuit_decorator.py
[2023-06-17T03:47:49.358+0000] {processor.py:836} INFO - DAG(s) dict_keys(['example_short_circuit_decorator']) retrieved from /home/airflow/.local/lib/python3.7/site-packages/airflow/example_dags/example_short_circuit_decorator.py
[2023-06-17T03:47:49.386+0000] {logging_mixin.py:149} INFO - [2023-06-17T03:47:49.386+0000] {dag.py:2726} INFO - Sync 1 DAGs
[2023-06-17T03:47:49.411+0000] {logging_mixin.py:149} INFO - [2023-06-17T03:47:49.411+0000] {dag.py:3490} INFO - Setting next_dagrun for example_short_circuit_decorator to 2023-06-16T03:47:49.411586+00:00, run_after=2023-06-17T03:47:49.411586+00:00
[2023-06-17T03:47:49.441+0000] {processor.py:179} INFO - Processing /home/airflow/.local/lib/python3.7/site-packages/airflow/example_dags/example_short_circuit_decorator.py took 0.121 seconds
[2023-06-17T03:48:20.007+0000] {processor.py:157} INFO - Started process (PID=1542) to work on /home/airflow/.local/lib/python3.7/site-packages/airflow/example_dags/example_short_circuit_decorator.py
[2023-06-17T03:48:20.016+0000] {processor.py:826} INFO - Processing file /home/airflow/.local/lib/python3.7/site-packages/airflow/example_dags/example_short_circuit_decorator.py for tasks to queue
[2023-06-17T03:48:20.016+0000] {logging_mixin.py:149} INFO - [2023-06-17T03:48:20.016+0000] {dagbag.py:541} INFO - Filling up the DagBag from /home/airflow/.local/lib/python3.7/site-packages/airflow/example_dags/example_short_circuit_decorator.py
[2023-06-17T03:48:20.027+0000] {processor.py:836} INFO - DAG(s) dict_keys(['example_short_circuit_decorator']) retrieved from /home/airflow/.local/lib/python3.7/site-packages/airflow/example_dags/example_short_circuit_decorator.py
[2023-06-17T03:48:20.059+0000] {logging_mixin.py:149} INFO - [2023-06-17T03:48:20.059+0000] {dag.py:2726} INFO - Sync 1 DAGs
[2023-06-17T03:48:20.089+0000] {logging_mixin.py:149} INFO - [2023-06-17T03:48:20.089+0000] {dag.py:3490} INFO - Setting next_dagrun for example_short_circuit_decorator to 2023-06-16T03:48:20.088769+00:00, run_after=2023-06-17T03:48:20.088769+00:00
[2023-06-17T03:48:20.123+0000] {processor.py:179} INFO - Processing /home/airflow/.local/lib/python3.7/site-packages/airflow/example_dags/example_short_circuit_decorator.py took 0.119 seconds
[2023-06-17T03:48:50.520+0000] {processor.py:157} INFO - Started process (PID=1603) to work on /home/airflow/.local/lib/python3.7/site-packages/airflow/example_dags/example_short_circuit_decorator.py
[2023-06-17T03:48:50.530+0000] {processor.py:826} INFO - Processing file /home/airflow/.local/lib/python3.7/site-packages/airflow/example_dags/example_short_circuit_decorator.py for tasks to queue
[2023-06-17T03:48:50.531+0000] {logging_mixin.py:149} INFO - [2023-06-17T03:48:50.531+0000] {dagbag.py:541} INFO - Filling up the DagBag from /home/airflow/.local/lib/python3.7/site-packages/airflow/example_dags/example_short_circuit_decorator.py
[2023-06-17T03:48:50.539+0000] {processor.py:836} INFO - DAG(s) dict_keys(['example_short_circuit_decorator']) retrieved from /home/airflow/.local/lib/python3.7/site-packages/airflow/example_dags/example_short_circuit_decorator.py
[2023-06-17T03:48:50.565+0000] {logging_mixin.py:149} INFO - [2023-06-17T03:48:50.565+0000] {dag.py:2726} INFO - Sync 1 DAGs
[2023-06-17T03:48:50.595+0000] {logging_mixin.py:149} INFO - [2023-06-17T03:48:50.594+0000] {dag.py:3490} INFO - Setting next_dagrun for example_short_circuit_decorator to 2023-06-16T03:48:50.594689+00:00, run_after=2023-06-17T03:48:50.594689+00:00
[2023-06-17T03:48:50.671+0000] {processor.py:179} INFO - Processing /home/airflow/.local/lib/python3.7/site-packages/airflow/example_dags/example_short_circuit_decorator.py took 0.154 seconds
[2023-06-17T03:49:21.465+0000] {processor.py:157} INFO - Started process (PID=1665) to work on /home/airflow/.local/lib/python3.7/site-packages/airflow/example_dags/example_short_circuit_decorator.py
[2023-06-17T03:49:21.578+0000] {processor.py:826} INFO - Processing file /home/airflow/.local/lib/python3.7/site-packages/airflow/example_dags/example_short_circuit_decorator.py for tasks to queue
[2023-06-17T03:49:21.631+0000] {logging_mixin.py:149} INFO - [2023-06-17T03:49:21.631+0000] {dagbag.py:541} INFO - Filling up the DagBag from /home/airflow/.local/lib/python3.7/site-packages/airflow/example_dags/example_short_circuit_decorator.py
[2023-06-17T03:49:21.640+0000] {processor.py:836} INFO - DAG(s) dict_keys(['example_short_circuit_decorator']) retrieved from /home/airflow/.local/lib/python3.7/site-packages/airflow/example_dags/example_short_circuit_decorator.py
[2023-06-17T03:49:21.669+0000] {logging_mixin.py:149} INFO - [2023-06-17T03:49:21.668+0000] {dag.py:2726} INFO - Sync 1 DAGs
[2023-06-17T03:49:21.701+0000] {logging_mixin.py:149} INFO - [2023-06-17T03:49:21.701+0000] {dag.py:3490} INFO - Setting next_dagrun for example_short_circuit_decorator to 2023-06-16T03:49:21.701153+00:00, run_after=2023-06-17T03:49:21.701153+00:00
[2023-06-17T03:49:21.729+0000] {processor.py:179} INFO - Processing /home/airflow/.local/lib/python3.7/site-packages/airflow/example_dags/example_short_circuit_decorator.py took 0.267 seconds
