[2023-06-17T02:16:48.563+0000] {processor.py:157} INFO - Started process (PID=75) to work on /home/airflow/.local/lib/python3.7/site-packages/airflow/example_dags/example_task_group_decorator.py
[2023-06-17T02:16:48.564+0000] {processor.py:826} INFO - Processing file /home/airflow/.local/lib/python3.7/site-packages/airflow/example_dags/example_task_group_decorator.py for tasks to queue
[2023-06-17T02:16:48.565+0000] {logging_mixin.py:149} INFO - [2023-06-17T02:16:48.565+0000] {dagbag.py:541} INFO - Filling up the DagBag from /home/airflow/.local/lib/python3.7/site-packages/airflow/example_dags/example_task_group_decorator.py
[2023-06-17T02:16:48.592+0000] {processor.py:836} INFO - DAG(s) dict_keys(['example_task_group_decorator']) retrieved from /home/airflow/.local/lib/python3.7/site-packages/airflow/example_dags/example_task_group_decorator.py
[2023-06-17T02:16:48.641+0000] {logging_mixin.py:149} INFO - [2023-06-17T02:16:48.641+0000] {dag.py:2726} INFO - Sync 1 DAGs
[2023-06-17T02:16:48.688+0000] {logging_mixin.py:149} INFO - [2023-06-17T02:16:48.688+0000] {dag.py:3490} INFO - Setting next_dagrun for example_task_group_decorator to 2023-06-16T02:16:48.688252+00:00, run_after=2023-06-17T02:16:48.688252+00:00
[2023-06-17T02:16:48.812+0000] {processor.py:179} INFO - Processing /home/airflow/.local/lib/python3.7/site-packages/airflow/example_dags/example_task_group_decorator.py took 0.253 seconds
[2023-06-17T02:18:13.841+0000] {processor.py:157} INFO - Started process (PID=143) to work on /home/airflow/.local/lib/python3.7/site-packages/airflow/example_dags/example_task_group_decorator.py
[2023-06-17T02:18:14.142+0000] {processor.py:826} INFO - Processing file /home/airflow/.local/lib/python3.7/site-packages/airflow/example_dags/example_task_group_decorator.py for tasks to queue
[2023-06-17T02:18:14.143+0000] {logging_mixin.py:149} INFO - [2023-06-17T02:18:14.142+0000] {dagbag.py:541} INFO - Filling up the DagBag from /home/airflow/.local/lib/python3.7/site-packages/airflow/example_dags/example_task_group_decorator.py
[2023-06-17T02:18:14.166+0000] {processor.py:836} INFO - DAG(s) dict_keys(['example_task_group_decorator']) retrieved from /home/airflow/.local/lib/python3.7/site-packages/airflow/example_dags/example_task_group_decorator.py
[2023-06-17T02:18:14.385+0000] {logging_mixin.py:149} INFO - [2023-06-17T02:18:14.385+0000] {dag.py:2726} INFO - Sync 1 DAGs
[2023-06-17T02:18:14.410+0000] {logging_mixin.py:149} INFO - [2023-06-17T02:18:14.410+0000] {dag.py:3490} INFO - Setting next_dagrun for example_task_group_decorator to 2023-06-16T02:18:14.410388+00:00, run_after=2023-06-17T02:18:14.410388+00:00
[2023-06-17T02:18:14.574+0000] {processor.py:179} INFO - Processing /home/airflow/.local/lib/python3.7/site-packages/airflow/example_dags/example_task_group_decorator.py took 0.737 seconds
[2023-06-17T02:18:45.295+0000] {processor.py:157} INFO - Started process (PID=203) to work on /home/airflow/.local/lib/python3.7/site-packages/airflow/example_dags/example_task_group_decorator.py
[2023-06-17T02:18:45.324+0000] {processor.py:826} INFO - Processing file /home/airflow/.local/lib/python3.7/site-packages/airflow/example_dags/example_task_group_decorator.py for tasks to queue
[2023-06-17T02:18:45.325+0000] {logging_mixin.py:149} INFO - [2023-06-17T02:18:45.325+0000] {dagbag.py:541} INFO - Filling up the DagBag from /home/airflow/.local/lib/python3.7/site-packages/airflow/example_dags/example_task_group_decorator.py
[2023-06-17T02:18:45.349+0000] {processor.py:836} INFO - DAG(s) dict_keys(['example_task_group_decorator']) retrieved from /home/airflow/.local/lib/python3.7/site-packages/airflow/example_dags/example_task_group_decorator.py
[2023-06-17T02:18:45.382+0000] {logging_mixin.py:149} INFO - [2023-06-17T02:18:45.381+0000] {dag.py:2726} INFO - Sync 1 DAGs
[2023-06-17T02:18:45.410+0000] {logging_mixin.py:149} INFO - [2023-06-17T02:18:45.410+0000] {dag.py:3490} INFO - Setting next_dagrun for example_task_group_decorator to 2023-06-16T02:18:45.410407+00:00, run_after=2023-06-17T02:18:45.410407+00:00
[2023-06-17T02:18:45.739+0000] {processor.py:179} INFO - Processing /home/airflow/.local/lib/python3.7/site-packages/airflow/example_dags/example_task_group_decorator.py took 0.447 seconds
[2023-06-17T02:19:17.537+0000] {processor.py:157} INFO - Started process (PID=255) to work on /home/airflow/.local/lib/python3.7/site-packages/airflow/example_dags/example_task_group_decorator.py
[2023-06-17T02:19:17.593+0000] {processor.py:826} INFO - Processing file /home/airflow/.local/lib/python3.7/site-packages/airflow/example_dags/example_task_group_decorator.py for tasks to queue
[2023-06-17T02:19:17.594+0000] {logging_mixin.py:149} INFO - [2023-06-17T02:19:17.594+0000] {dagbag.py:541} INFO - Filling up the DagBag from /home/airflow/.local/lib/python3.7/site-packages/airflow/example_dags/example_task_group_decorator.py
[2023-06-17T02:19:17.669+0000] {processor.py:836} INFO - DAG(s) dict_keys(['example_task_group_decorator']) retrieved from /home/airflow/.local/lib/python3.7/site-packages/airflow/example_dags/example_task_group_decorator.py
[2023-06-17T02:19:17.697+0000] {logging_mixin.py:149} INFO - [2023-06-17T02:19:17.697+0000] {dag.py:2726} INFO - Sync 1 DAGs
[2023-06-17T02:19:17.733+0000] {logging_mixin.py:149} INFO - [2023-06-17T02:19:17.733+0000] {dag.py:3490} INFO - Setting next_dagrun for example_task_group_decorator to 2023-06-16T02:19:17.733317+00:00, run_after=2023-06-17T02:19:17.733317+00:00
[2023-06-17T02:19:17.833+0000] {processor.py:179} INFO - Processing /home/airflow/.local/lib/python3.7/site-packages/airflow/example_dags/example_task_group_decorator.py took 0.299 seconds
[2023-06-17T02:19:48.639+0000] {processor.py:157} INFO - Started process (PID=316) to work on /home/airflow/.local/lib/python3.7/site-packages/airflow/example_dags/example_task_group_decorator.py
[2023-06-17T02:19:48.865+0000] {processor.py:826} INFO - Processing file /home/airflow/.local/lib/python3.7/site-packages/airflow/example_dags/example_task_group_decorator.py for tasks to queue
[2023-06-17T02:19:48.868+0000] {logging_mixin.py:149} INFO - [2023-06-17T02:19:48.867+0000] {dagbag.py:541} INFO - Filling up the DagBag from /home/airflow/.local/lib/python3.7/site-packages/airflow/example_dags/example_task_group_decorator.py
[2023-06-17T02:19:48.908+0000] {processor.py:836} INFO - DAG(s) dict_keys(['example_task_group_decorator']) retrieved from /home/airflow/.local/lib/python3.7/site-packages/airflow/example_dags/example_task_group_decorator.py
[2023-06-17T02:19:48.937+0000] {logging_mixin.py:149} INFO - [2023-06-17T02:19:48.937+0000] {dag.py:2726} INFO - Sync 1 DAGs
[2023-06-17T02:19:48.962+0000] {logging_mixin.py:149} INFO - [2023-06-17T02:19:48.962+0000] {dag.py:3490} INFO - Setting next_dagrun for example_task_group_decorator to 2023-06-16T02:19:48.961982+00:00, run_after=2023-06-17T02:19:48.961982+00:00
[2023-06-17T02:19:49.118+0000] {processor.py:179} INFO - Processing /home/airflow/.local/lib/python3.7/site-packages/airflow/example_dags/example_task_group_decorator.py took 0.481 seconds
[2023-06-17T02:20:20.225+0000] {processor.py:157} INFO - Started process (PID=377) to work on /home/airflow/.local/lib/python3.7/site-packages/airflow/example_dags/example_task_group_decorator.py
[2023-06-17T02:20:21.263+0000] {processor.py:826} INFO - Processing file /home/airflow/.local/lib/python3.7/site-packages/airflow/example_dags/example_task_group_decorator.py for tasks to queue
[2023-06-17T02:20:21.263+0000] {logging_mixin.py:149} INFO - [2023-06-17T02:20:21.263+0000] {dagbag.py:541} INFO - Filling up the DagBag from /home/airflow/.local/lib/python3.7/site-packages/airflow/example_dags/example_task_group_decorator.py
[2023-06-17T02:20:21.277+0000] {processor.py:836} INFO - DAG(s) dict_keys(['example_task_group_decorator']) retrieved from /home/airflow/.local/lib/python3.7/site-packages/airflow/example_dags/example_task_group_decorator.py
[2023-06-17T02:20:21.305+0000] {logging_mixin.py:149} INFO - [2023-06-17T02:20:21.305+0000] {dag.py:2726} INFO - Sync 1 DAGs
[2023-06-17T02:20:21.331+0000] {logging_mixin.py:149} INFO - [2023-06-17T02:20:21.331+0000] {dag.py:3490} INFO - Setting next_dagrun for example_task_group_decorator to 2023-06-16T02:20:21.330965+00:00, run_after=2023-06-17T02:20:21.330965+00:00
[2023-06-17T02:20:21.653+0000] {processor.py:179} INFO - Processing /home/airflow/.local/lib/python3.7/site-packages/airflow/example_dags/example_task_group_decorator.py took 1.431 seconds
[2023-06-17T02:20:57.017+0000] {processor.py:157} INFO - Started process (PID=446) to work on /home/airflow/.local/lib/python3.7/site-packages/airflow/example_dags/example_task_group_decorator.py
[2023-06-17T02:20:57.313+0000] {processor.py:826} INFO - Processing file /home/airflow/.local/lib/python3.7/site-packages/airflow/example_dags/example_task_group_decorator.py for tasks to queue
[2023-06-17T02:20:57.410+0000] {logging_mixin.py:149} INFO - [2023-06-17T02:20:57.410+0000] {dagbag.py:541} INFO - Filling up the DagBag from /home/airflow/.local/lib/python3.7/site-packages/airflow/example_dags/example_task_group_decorator.py
[2023-06-17T02:20:57.427+0000] {processor.py:836} INFO - DAG(s) dict_keys(['example_task_group_decorator']) retrieved from /home/airflow/.local/lib/python3.7/site-packages/airflow/example_dags/example_task_group_decorator.py
[2023-06-17T02:20:57.455+0000] {logging_mixin.py:149} INFO - [2023-06-17T02:20:57.454+0000] {dag.py:2726} INFO - Sync 1 DAGs
[2023-06-17T02:20:57.490+0000] {logging_mixin.py:149} INFO - [2023-06-17T02:20:57.490+0000] {dag.py:3490} INFO - Setting next_dagrun for example_task_group_decorator to 2023-06-16T02:20:57.490286+00:00, run_after=2023-06-17T02:20:57.490286+00:00
[2023-06-17T02:20:57.734+0000] {processor.py:179} INFO - Processing /home/airflow/.local/lib/python3.7/site-packages/airflow/example_dags/example_task_group_decorator.py took 0.721 seconds
[2023-06-17T02:21:28.509+0000] {processor.py:157} INFO - Started process (PID=498) to work on /home/airflow/.local/lib/python3.7/site-packages/airflow/example_dags/example_task_group_decorator.py
[2023-06-17T02:21:28.582+0000] {processor.py:826} INFO - Processing file /home/airflow/.local/lib/python3.7/site-packages/airflow/example_dags/example_task_group_decorator.py for tasks to queue
[2023-06-17T02:21:28.583+0000] {logging_mixin.py:149} INFO - [2023-06-17T02:21:28.583+0000] {dagbag.py:541} INFO - Filling up the DagBag from /home/airflow/.local/lib/python3.7/site-packages/airflow/example_dags/example_task_group_decorator.py
[2023-06-17T02:21:28.627+0000] {processor.py:836} INFO - DAG(s) dict_keys(['example_task_group_decorator']) retrieved from /home/airflow/.local/lib/python3.7/site-packages/airflow/example_dags/example_task_group_decorator.py
[2023-06-17T02:21:28.657+0000] {logging_mixin.py:149} INFO - [2023-06-17T02:21:28.657+0000] {dag.py:2726} INFO - Sync 1 DAGs
[2023-06-17T02:21:28.686+0000] {logging_mixin.py:149} INFO - [2023-06-17T02:21:28.686+0000] {dag.py:3490} INFO - Setting next_dagrun for example_task_group_decorator to 2023-06-16T02:21:28.686491+00:00, run_after=2023-06-17T02:21:28.686491+00:00
[2023-06-17T02:21:29.033+0000] {processor.py:179} INFO - Processing /home/airflow/.local/lib/python3.7/site-packages/airflow/example_dags/example_task_group_decorator.py took 0.530 seconds
[2023-06-17T02:21:59.687+0000] {processor.py:157} INFO - Started process (PID=553) to work on /home/airflow/.local/lib/python3.7/site-packages/airflow/example_dags/example_task_group_decorator.py
[2023-06-17T02:21:59.709+0000] {processor.py:826} INFO - Processing file /home/airflow/.local/lib/python3.7/site-packages/airflow/example_dags/example_task_group_decorator.py for tasks to queue
[2023-06-17T02:21:59.711+0000] {logging_mixin.py:149} INFO - [2023-06-17T02:21:59.711+0000] {dagbag.py:541} INFO - Filling up the DagBag from /home/airflow/.local/lib/python3.7/site-packages/airflow/example_dags/example_task_group_decorator.py
[2023-06-17T02:21:59.724+0000] {processor.py:836} INFO - DAG(s) dict_keys(['example_task_group_decorator']) retrieved from /home/airflow/.local/lib/python3.7/site-packages/airflow/example_dags/example_task_group_decorator.py
[2023-06-17T02:21:59.750+0000] {logging_mixin.py:149} INFO - [2023-06-17T02:21:59.750+0000] {dag.py:2726} INFO - Sync 1 DAGs
[2023-06-17T02:21:59.775+0000] {logging_mixin.py:149} INFO - [2023-06-17T02:21:59.775+0000] {dag.py:3490} INFO - Setting next_dagrun for example_task_group_decorator to 2023-06-16T02:21:59.774986+00:00, run_after=2023-06-17T02:21:59.774986+00:00
[2023-06-17T02:22:00.027+0000] {processor.py:179} INFO - Processing /home/airflow/.local/lib/python3.7/site-packages/airflow/example_dags/example_task_group_decorator.py took 0.343 seconds
[2023-06-17T02:22:30.535+0000] {processor.py:157} INFO - Started process (PID=605) to work on /home/airflow/.local/lib/python3.7/site-packages/airflow/example_dags/example_task_group_decorator.py
[2023-06-17T02:22:30.689+0000] {processor.py:826} INFO - Processing file /home/airflow/.local/lib/python3.7/site-packages/airflow/example_dags/example_task_group_decorator.py for tasks to queue
[2023-06-17T02:22:30.799+0000] {logging_mixin.py:149} INFO - [2023-06-17T02:22:30.799+0000] {dagbag.py:541} INFO - Filling up the DagBag from /home/airflow/.local/lib/python3.7/site-packages/airflow/example_dags/example_task_group_decorator.py
[2023-06-17T02:22:30.819+0000] {processor.py:836} INFO - DAG(s) dict_keys(['example_task_group_decorator']) retrieved from /home/airflow/.local/lib/python3.7/site-packages/airflow/example_dags/example_task_group_decorator.py
[2023-06-17T02:22:30.848+0000] {logging_mixin.py:149} INFO - [2023-06-17T02:22:30.848+0000] {dag.py:2726} INFO - Sync 1 DAGs
[2023-06-17T02:22:30.874+0000] {logging_mixin.py:149} INFO - [2023-06-17T02:22:30.874+0000] {dag.py:3490} INFO - Setting next_dagrun for example_task_group_decorator to 2023-06-16T02:22:30.874095+00:00, run_after=2023-06-17T02:22:30.874095+00:00
[2023-06-17T02:22:31.129+0000] {processor.py:179} INFO - Processing /home/airflow/.local/lib/python3.7/site-packages/airflow/example_dags/example_task_group_decorator.py took 0.597 seconds
[2023-06-17T02:23:20.587+0000] {processor.py:157} INFO - Started process (PID=683) to work on /home/airflow/.local/lib/python3.7/site-packages/airflow/example_dags/example_task_group_decorator.py
[2023-06-17T02:23:20.683+0000] {processor.py:826} INFO - Processing file /home/airflow/.local/lib/python3.7/site-packages/airflow/example_dags/example_task_group_decorator.py for tasks to queue
[2023-06-17T02:23:20.700+0000] {logging_mixin.py:149} INFO - [2023-06-17T02:23:20.699+0000] {dagbag.py:541} INFO - Filling up the DagBag from /home/airflow/.local/lib/python3.7/site-packages/airflow/example_dags/example_task_group_decorator.py
[2023-06-17T02:23:20.735+0000] {processor.py:836} INFO - DAG(s) dict_keys(['example_task_group_decorator']) retrieved from /home/airflow/.local/lib/python3.7/site-packages/airflow/example_dags/example_task_group_decorator.py
[2023-06-17T02:23:20.764+0000] {logging_mixin.py:149} INFO - [2023-06-17T02:23:20.764+0000] {dag.py:2726} INFO - Sync 1 DAGs
[2023-06-17T02:23:20.792+0000] {logging_mixin.py:149} INFO - [2023-06-17T02:23:20.791+0000] {dag.py:3490} INFO - Setting next_dagrun for example_task_group_decorator to 2023-06-16T02:23:20.791745+00:00, run_after=2023-06-17T02:23:20.791745+00:00
[2023-06-17T02:23:21.079+0000] {processor.py:179} INFO - Processing /home/airflow/.local/lib/python3.7/site-packages/airflow/example_dags/example_task_group_decorator.py took 0.494 seconds
[2023-06-17T02:23:51.445+0000] {processor.py:157} INFO - Started process (PID=744) to work on /home/airflow/.local/lib/python3.7/site-packages/airflow/example_dags/example_task_group_decorator.py
[2023-06-17T02:23:51.445+0000] {processor.py:826} INFO - Processing file /home/airflow/.local/lib/python3.7/site-packages/airflow/example_dags/example_task_group_decorator.py for tasks to queue
[2023-06-17T02:23:51.446+0000] {logging_mixin.py:149} INFO - [2023-06-17T02:23:51.446+0000] {dagbag.py:541} INFO - Filling up the DagBag from /home/airflow/.local/lib/python3.7/site-packages/airflow/example_dags/example_task_group_decorator.py
[2023-06-17T02:23:51.460+0000] {processor.py:836} INFO - DAG(s) dict_keys(['example_task_group_decorator']) retrieved from /home/airflow/.local/lib/python3.7/site-packages/airflow/example_dags/example_task_group_decorator.py
[2023-06-17T02:23:51.487+0000] {logging_mixin.py:149} INFO - [2023-06-17T02:23:51.487+0000] {dag.py:2726} INFO - Sync 1 DAGs
[2023-06-17T02:23:51.514+0000] {logging_mixin.py:149} INFO - [2023-06-17T02:23:51.514+0000] {dag.py:3490} INFO - Setting next_dagrun for example_task_group_decorator to 2023-06-16T02:23:51.513856+00:00, run_after=2023-06-17T02:23:51.513856+00:00
[2023-06-17T02:23:51.553+0000] {processor.py:179} INFO - Processing /home/airflow/.local/lib/python3.7/site-packages/airflow/example_dags/example_task_group_decorator.py took 0.111 seconds
[2023-06-17T02:24:22.198+0000] {processor.py:157} INFO - Started process (PID=805) to work on /home/airflow/.local/lib/python3.7/site-packages/airflow/example_dags/example_task_group_decorator.py
[2023-06-17T02:24:22.208+0000] {processor.py:826} INFO - Processing file /home/airflow/.local/lib/python3.7/site-packages/airflow/example_dags/example_task_group_decorator.py for tasks to queue
[2023-06-17T02:24:22.209+0000] {logging_mixin.py:149} INFO - [2023-06-17T02:24:22.209+0000] {dagbag.py:541} INFO - Filling up the DagBag from /home/airflow/.local/lib/python3.7/site-packages/airflow/example_dags/example_task_group_decorator.py
[2023-06-17T02:24:22.227+0000] {processor.py:836} INFO - DAG(s) dict_keys(['example_task_group_decorator']) retrieved from /home/airflow/.local/lib/python3.7/site-packages/airflow/example_dags/example_task_group_decorator.py
[2023-06-17T02:24:22.265+0000] {logging_mixin.py:149} INFO - [2023-06-17T02:24:22.264+0000] {dag.py:2726} INFO - Sync 1 DAGs
[2023-06-17T02:24:22.302+0000] {logging_mixin.py:149} INFO - [2023-06-17T02:24:22.302+0000] {dag.py:3490} INFO - Setting next_dagrun for example_task_group_decorator to 2023-06-16T02:24:22.302271+00:00, run_after=2023-06-17T02:24:22.302271+00:00
[2023-06-17T02:24:22.345+0000] {processor.py:179} INFO - Processing /home/airflow/.local/lib/python3.7/site-packages/airflow/example_dags/example_task_group_decorator.py took 0.150 seconds
[2023-06-17T02:24:55.601+0000] {processor.py:157} INFO - Started process (PID=869) to work on /home/airflow/.local/lib/python3.7/site-packages/airflow/example_dags/example_task_group_decorator.py
[2023-06-17T02:24:55.632+0000] {processor.py:826} INFO - Processing file /home/airflow/.local/lib/python3.7/site-packages/airflow/example_dags/example_task_group_decorator.py for tasks to queue
[2023-06-17T02:24:55.633+0000] {logging_mixin.py:149} INFO - [2023-06-17T02:24:55.633+0000] {dagbag.py:541} INFO - Filling up the DagBag from /home/airflow/.local/lib/python3.7/site-packages/airflow/example_dags/example_task_group_decorator.py
[2023-06-17T02:24:55.652+0000] {processor.py:836} INFO - DAG(s) dict_keys(['example_task_group_decorator']) retrieved from /home/airflow/.local/lib/python3.7/site-packages/airflow/example_dags/example_task_group_decorator.py
[2023-06-17T02:24:55.678+0000] {logging_mixin.py:149} INFO - [2023-06-17T02:24:55.678+0000] {dag.py:2726} INFO - Sync 1 DAGs
[2023-06-17T02:24:55.706+0000] {logging_mixin.py:149} INFO - [2023-06-17T02:24:55.706+0000] {dag.py:3490} INFO - Setting next_dagrun for example_task_group_decorator to 2023-06-16T02:24:55.706444+00:00, run_after=2023-06-17T02:24:55.706444+00:00
[2023-06-17T02:24:55.753+0000] {processor.py:179} INFO - Processing /home/airflow/.local/lib/python3.7/site-packages/airflow/example_dags/example_task_group_decorator.py took 0.154 seconds
[2023-06-17T02:25:31.893+0000] {processor.py:157} INFO - Started process (PID=922) to work on /home/airflow/.local/lib/python3.7/site-packages/airflow/example_dags/example_task_group_decorator.py
[2023-06-17T02:25:31.921+0000] {processor.py:826} INFO - Processing file /home/airflow/.local/lib/python3.7/site-packages/airflow/example_dags/example_task_group_decorator.py for tasks to queue
[2023-06-17T02:25:31.922+0000] {logging_mixin.py:149} INFO - [2023-06-17T02:25:31.922+0000] {dagbag.py:541} INFO - Filling up the DagBag from /home/airflow/.local/lib/python3.7/site-packages/airflow/example_dags/example_task_group_decorator.py
[2023-06-17T02:25:31.943+0000] {processor.py:836} INFO - DAG(s) dict_keys(['example_task_group_decorator']) retrieved from /home/airflow/.local/lib/python3.7/site-packages/airflow/example_dags/example_task_group_decorator.py
[2023-06-17T02:25:31.981+0000] {logging_mixin.py:149} INFO - [2023-06-17T02:25:31.981+0000] {dag.py:2726} INFO - Sync 1 DAGs
[2023-06-17T02:25:32.017+0000] {logging_mixin.py:149} INFO - [2023-06-17T02:25:32.017+0000] {dag.py:3490} INFO - Setting next_dagrun for example_task_group_decorator to 2023-06-16T02:25:32.016836+00:00, run_after=2023-06-17T02:25:32.016836+00:00
[2023-06-17T02:25:32.055+0000] {processor.py:179} INFO - Processing /home/airflow/.local/lib/python3.7/site-packages/airflow/example_dags/example_task_group_decorator.py took 0.166 seconds
[2023-06-17T02:26:03.321+0000] {processor.py:157} INFO - Started process (PID=983) to work on /home/airflow/.local/lib/python3.7/site-packages/airflow/example_dags/example_task_group_decorator.py
[2023-06-17T02:26:03.333+0000] {processor.py:826} INFO - Processing file /home/airflow/.local/lib/python3.7/site-packages/airflow/example_dags/example_task_group_decorator.py for tasks to queue
[2023-06-17T02:26:03.334+0000] {logging_mixin.py:149} INFO - [2023-06-17T02:26:03.334+0000] {dagbag.py:541} INFO - Filling up the DagBag from /home/airflow/.local/lib/python3.7/site-packages/airflow/example_dags/example_task_group_decorator.py
[2023-06-17T02:26:03.375+0000] {processor.py:836} INFO - DAG(s) dict_keys(['example_task_group_decorator']) retrieved from /home/airflow/.local/lib/python3.7/site-packages/airflow/example_dags/example_task_group_decorator.py
[2023-06-17T02:26:03.450+0000] {logging_mixin.py:149} INFO - [2023-06-17T02:26:03.450+0000] {dag.py:2726} INFO - Sync 1 DAGs
[2023-06-17T02:26:03.516+0000] {logging_mixin.py:149} INFO - [2023-06-17T02:26:03.516+0000] {dag.py:3490} INFO - Setting next_dagrun for example_task_group_decorator to 2023-06-16T02:26:03.515655+00:00, run_after=2023-06-17T02:26:03.515655+00:00
[2023-06-17T02:26:03.560+0000] {processor.py:179} INFO - Processing /home/airflow/.local/lib/python3.7/site-packages/airflow/example_dags/example_task_group_decorator.py took 0.245 seconds
[2023-06-17T02:26:34.242+0000] {processor.py:157} INFO - Started process (PID=1046) to work on /home/airflow/.local/lib/python3.7/site-packages/airflow/example_dags/example_task_group_decorator.py
[2023-06-17T02:26:34.256+0000] {processor.py:826} INFO - Processing file /home/airflow/.local/lib/python3.7/site-packages/airflow/example_dags/example_task_group_decorator.py for tasks to queue
[2023-06-17T02:26:34.257+0000] {logging_mixin.py:149} INFO - [2023-06-17T02:26:34.256+0000] {dagbag.py:541} INFO - Filling up the DagBag from /home/airflow/.local/lib/python3.7/site-packages/airflow/example_dags/example_task_group_decorator.py
[2023-06-17T02:26:34.281+0000] {processor.py:836} INFO - DAG(s) dict_keys(['example_task_group_decorator']) retrieved from /home/airflow/.local/lib/python3.7/site-packages/airflow/example_dags/example_task_group_decorator.py
[2023-06-17T02:26:34.333+0000] {logging_mixin.py:149} INFO - [2023-06-17T02:26:34.333+0000] {dag.py:2726} INFO - Sync 1 DAGs
[2023-06-17T02:26:34.383+0000] {logging_mixin.py:149} INFO - [2023-06-17T02:26:34.383+0000] {dag.py:3490} INFO - Setting next_dagrun for example_task_group_decorator to 2023-06-16T02:26:34.383196+00:00, run_after=2023-06-17T02:26:34.383196+00:00
[2023-06-17T02:26:34.431+0000] {processor.py:179} INFO - Processing /home/airflow/.local/lib/python3.7/site-packages/airflow/example_dags/example_task_group_decorator.py took 0.194 seconds
[2023-06-17T02:27:24.016+0000] {processor.py:157} INFO - Started process (PID=1114) to work on /home/airflow/.local/lib/python3.7/site-packages/airflow/example_dags/example_task_group_decorator.py
[2023-06-17T02:27:24.190+0000] {processor.py:826} INFO - Processing file /home/airflow/.local/lib/python3.7/site-packages/airflow/example_dags/example_task_group_decorator.py for tasks to queue
[2023-06-17T02:27:24.243+0000] {logging_mixin.py:149} INFO - [2023-06-17T02:27:24.243+0000] {dagbag.py:541} INFO - Filling up the DagBag from /home/airflow/.local/lib/python3.7/site-packages/airflow/example_dags/example_task_group_decorator.py
[2023-06-17T02:27:24.795+0000] {processor.py:836} INFO - DAG(s) dict_keys(['example_task_group_decorator']) retrieved from /home/airflow/.local/lib/python3.7/site-packages/airflow/example_dags/example_task_group_decorator.py
[2023-06-17T02:27:24.825+0000] {logging_mixin.py:149} INFO - [2023-06-17T02:27:24.825+0000] {dag.py:2726} INFO - Sync 1 DAGs
[2023-06-17T02:27:24.850+0000] {logging_mixin.py:149} INFO - [2023-06-17T02:27:24.850+0000] {dag.py:3490} INFO - Setting next_dagrun for example_task_group_decorator to 2023-06-16T02:27:24.850001+00:00, run_after=2023-06-17T02:27:24.850001+00:00
[2023-06-17T02:27:26.322+0000] {processor.py:179} INFO - Processing /home/airflow/.local/lib/python3.7/site-packages/airflow/example_dags/example_task_group_decorator.py took 2.317 seconds
[2023-06-17T02:27:57.178+0000] {processor.py:157} INFO - Started process (PID=1169) to work on /home/airflow/.local/lib/python3.7/site-packages/airflow/example_dags/example_task_group_decorator.py
[2023-06-17T02:27:57.180+0000] {processor.py:826} INFO - Processing file /home/airflow/.local/lib/python3.7/site-packages/airflow/example_dags/example_task_group_decorator.py for tasks to queue
[2023-06-17T02:27:57.182+0000] {logging_mixin.py:149} INFO - [2023-06-17T02:27:57.181+0000] {dagbag.py:541} INFO - Filling up the DagBag from /home/airflow/.local/lib/python3.7/site-packages/airflow/example_dags/example_task_group_decorator.py
[2023-06-17T02:27:57.215+0000] {processor.py:836} INFO - DAG(s) dict_keys(['example_task_group_decorator']) retrieved from /home/airflow/.local/lib/python3.7/site-packages/airflow/example_dags/example_task_group_decorator.py
[2023-06-17T02:27:57.242+0000] {logging_mixin.py:149} INFO - [2023-06-17T02:27:57.242+0000] {dag.py:2726} INFO - Sync 1 DAGs
[2023-06-17T02:27:57.270+0000] {logging_mixin.py:149} INFO - [2023-06-17T02:27:57.270+0000] {dag.py:3490} INFO - Setting next_dagrun for example_task_group_decorator to 2023-06-16T02:27:57.270173+00:00, run_after=2023-06-17T02:27:57.270173+00:00
[2023-06-17T02:27:57.585+0000] {processor.py:179} INFO - Processing /home/airflow/.local/lib/python3.7/site-packages/airflow/example_dags/example_task_group_decorator.py took 0.417 seconds
[2023-06-17T02:28:27.846+0000] {processor.py:157} INFO - Started process (PID=1230) to work on /home/airflow/.local/lib/python3.7/site-packages/airflow/example_dags/example_task_group_decorator.py
[2023-06-17T02:28:27.847+0000] {processor.py:826} INFO - Processing file /home/airflow/.local/lib/python3.7/site-packages/airflow/example_dags/example_task_group_decorator.py for tasks to queue
[2023-06-17T02:28:27.848+0000] {logging_mixin.py:149} INFO - [2023-06-17T02:28:27.848+0000] {dagbag.py:541} INFO - Filling up the DagBag from /home/airflow/.local/lib/python3.7/site-packages/airflow/example_dags/example_task_group_decorator.py
[2023-06-17T02:28:27.875+0000] {processor.py:836} INFO - DAG(s) dict_keys(['example_task_group_decorator']) retrieved from /home/airflow/.local/lib/python3.7/site-packages/airflow/example_dags/example_task_group_decorator.py
[2023-06-17T02:28:27.915+0000] {logging_mixin.py:149} INFO - [2023-06-17T02:28:27.915+0000] {dag.py:2726} INFO - Sync 1 DAGs
[2023-06-17T02:28:27.956+0000] {logging_mixin.py:149} INFO - [2023-06-17T02:28:27.955+0000] {dag.py:3490} INFO - Setting next_dagrun for example_task_group_decorator to 2023-06-16T02:28:27.955630+00:00, run_after=2023-06-17T02:28:27.955630+00:00
[2023-06-17T02:28:28.181+0000] {processor.py:179} INFO - Processing /home/airflow/.local/lib/python3.7/site-packages/airflow/example_dags/example_task_group_decorator.py took 0.339 seconds
[2023-06-17T02:28:58.760+0000] {processor.py:157} INFO - Started process (PID=1291) to work on /home/airflow/.local/lib/python3.7/site-packages/airflow/example_dags/example_task_group_decorator.py
[2023-06-17T02:28:58.792+0000] {processor.py:826} INFO - Processing file /home/airflow/.local/lib/python3.7/site-packages/airflow/example_dags/example_task_group_decorator.py for tasks to queue
[2023-06-17T02:28:58.793+0000] {logging_mixin.py:149} INFO - [2023-06-17T02:28:58.793+0000] {dagbag.py:541} INFO - Filling up the DagBag from /home/airflow/.local/lib/python3.7/site-packages/airflow/example_dags/example_task_group_decorator.py
[2023-06-17T02:28:58.814+0000] {processor.py:836} INFO - DAG(s) dict_keys(['example_task_group_decorator']) retrieved from /home/airflow/.local/lib/python3.7/site-packages/airflow/example_dags/example_task_group_decorator.py
[2023-06-17T02:28:58.851+0000] {logging_mixin.py:149} INFO - [2023-06-17T02:28:58.851+0000] {dag.py:2726} INFO - Sync 1 DAGs
[2023-06-17T02:28:58.895+0000] {logging_mixin.py:149} INFO - [2023-06-17T02:28:58.894+0000] {dag.py:3490} INFO - Setting next_dagrun for example_task_group_decorator to 2023-06-16T02:28:58.894513+00:00, run_after=2023-06-17T02:28:58.894513+00:00
[2023-06-17T02:28:58.958+0000] {processor.py:179} INFO - Processing /home/airflow/.local/lib/python3.7/site-packages/airflow/example_dags/example_task_group_decorator.py took 0.202 seconds
[2023-06-17T02:29:29.404+0000] {processor.py:157} INFO - Started process (PID=1352) to work on /home/airflow/.local/lib/python3.7/site-packages/airflow/example_dags/example_task_group_decorator.py
[2023-06-17T02:29:29.413+0000] {processor.py:826} INFO - Processing file /home/airflow/.local/lib/python3.7/site-packages/airflow/example_dags/example_task_group_decorator.py for tasks to queue
[2023-06-17T02:29:29.414+0000] {logging_mixin.py:149} INFO - [2023-06-17T02:29:29.414+0000] {dagbag.py:541} INFO - Filling up the DagBag from /home/airflow/.local/lib/python3.7/site-packages/airflow/example_dags/example_task_group_decorator.py
[2023-06-17T02:29:29.430+0000] {processor.py:836} INFO - DAG(s) dict_keys(['example_task_group_decorator']) retrieved from /home/airflow/.local/lib/python3.7/site-packages/airflow/example_dags/example_task_group_decorator.py
[2023-06-17T02:29:29.602+0000] {logging_mixin.py:149} INFO - [2023-06-17T02:29:29.602+0000] {dag.py:2726} INFO - Sync 1 DAGs
[2023-06-17T02:29:29.647+0000] {logging_mixin.py:149} INFO - [2023-06-17T02:29:29.647+0000] {dag.py:3490} INFO - Setting next_dagrun for example_task_group_decorator to 2023-06-16T02:29:29.646928+00:00, run_after=2023-06-17T02:29:29.646928+00:00
[2023-06-17T02:29:29.688+0000] {processor.py:179} INFO - Processing /home/airflow/.local/lib/python3.7/site-packages/airflow/example_dags/example_task_group_decorator.py took 0.287 seconds
[2023-06-17T02:32:27.992+0000] {processor.py:157} INFO - Started process (PID=1424) to work on /home/airflow/.local/lib/python3.7/site-packages/airflow/example_dags/example_task_group_decorator.py
[2023-06-17T02:32:28.121+0000] {processor.py:826} INFO - Processing file /home/airflow/.local/lib/python3.7/site-packages/airflow/example_dags/example_task_group_decorator.py for tasks to queue
[2023-06-17T02:32:28.122+0000] {logging_mixin.py:149} INFO - [2023-06-17T02:32:28.122+0000] {dagbag.py:541} INFO - Filling up the DagBag from /home/airflow/.local/lib/python3.7/site-packages/airflow/example_dags/example_task_group_decorator.py
[2023-06-17T02:32:28.143+0000] {processor.py:836} INFO - DAG(s) dict_keys(['example_task_group_decorator']) retrieved from /home/airflow/.local/lib/python3.7/site-packages/airflow/example_dags/example_task_group_decorator.py
[2023-06-17T02:32:28.178+0000] {logging_mixin.py:149} INFO - [2023-06-17T02:32:28.178+0000] {dag.py:2726} INFO - Sync 1 DAGs
[2023-06-17T02:32:28.203+0000] {logging_mixin.py:149} INFO - [2023-06-17T02:32:28.202+0000] {dag.py:3490} INFO - Setting next_dagrun for example_task_group_decorator to 2023-06-16T02:32:28.202755+00:00, run_after=2023-06-17T02:32:28.202755+00:00
[2023-06-17T02:32:28.396+0000] {processor.py:179} INFO - Processing /home/airflow/.local/lib/python3.7/site-packages/airflow/example_dags/example_task_group_decorator.py took 0.406 seconds
[2023-06-17T02:32:58.834+0000] {processor.py:157} INFO - Started process (PID=1483) to work on /home/airflow/.local/lib/python3.7/site-packages/airflow/example_dags/example_task_group_decorator.py
[2023-06-17T02:32:58.863+0000] {processor.py:826} INFO - Processing file /home/airflow/.local/lib/python3.7/site-packages/airflow/example_dags/example_task_group_decorator.py for tasks to queue
[2023-06-17T02:32:58.863+0000] {logging_mixin.py:149} INFO - [2023-06-17T02:32:58.863+0000] {dagbag.py:541} INFO - Filling up the DagBag from /home/airflow/.local/lib/python3.7/site-packages/airflow/example_dags/example_task_group_decorator.py
[2023-06-17T02:32:58.881+0000] {processor.py:836} INFO - DAG(s) dict_keys(['example_task_group_decorator']) retrieved from /home/airflow/.local/lib/python3.7/site-packages/airflow/example_dags/example_task_group_decorator.py
[2023-06-17T02:32:58.910+0000] {logging_mixin.py:149} INFO - [2023-06-17T02:32:58.909+0000] {dag.py:2726} INFO - Sync 1 DAGs
[2023-06-17T02:32:58.948+0000] {logging_mixin.py:149} INFO - [2023-06-17T02:32:58.947+0000] {dag.py:3490} INFO - Setting next_dagrun for example_task_group_decorator to 2023-06-16T02:32:58.947629+00:00, run_after=2023-06-17T02:32:58.947629+00:00
[2023-06-17T02:32:59.030+0000] {processor.py:179} INFO - Processing /home/airflow/.local/lib/python3.7/site-packages/airflow/example_dags/example_task_group_decorator.py took 0.199 seconds
[2023-06-17T02:33:29.199+0000] {processor.py:157} INFO - Started process (PID=1536) to work on /home/airflow/.local/lib/python3.7/site-packages/airflow/example_dags/example_task_group_decorator.py
[2023-06-17T02:33:29.212+0000] {processor.py:826} INFO - Processing file /home/airflow/.local/lib/python3.7/site-packages/airflow/example_dags/example_task_group_decorator.py for tasks to queue
[2023-06-17T02:33:29.213+0000] {logging_mixin.py:149} INFO - [2023-06-17T02:33:29.212+0000] {dagbag.py:541} INFO - Filling up the DagBag from /home/airflow/.local/lib/python3.7/site-packages/airflow/example_dags/example_task_group_decorator.py
[2023-06-17T02:33:29.234+0000] {processor.py:836} INFO - DAG(s) dict_keys(['example_task_group_decorator']) retrieved from /home/airflow/.local/lib/python3.7/site-packages/airflow/example_dags/example_task_group_decorator.py
[2023-06-17T02:33:29.271+0000] {logging_mixin.py:149} INFO - [2023-06-17T02:33:29.271+0000] {dag.py:2726} INFO - Sync 1 DAGs
[2023-06-17T02:33:29.311+0000] {logging_mixin.py:149} INFO - [2023-06-17T02:33:29.311+0000] {dag.py:3490} INFO - Setting next_dagrun for example_task_group_decorator to 2023-06-16T02:33:29.311198+00:00, run_after=2023-06-17T02:33:29.311198+00:00
[2023-06-17T02:33:29.373+0000] {processor.py:179} INFO - Processing /home/airflow/.local/lib/python3.7/site-packages/airflow/example_dags/example_task_group_decorator.py took 0.178 seconds
[2023-06-17T02:33:59.432+0000] {processor.py:157} INFO - Started process (PID=1597) to work on /home/airflow/.local/lib/python3.7/site-packages/airflow/example_dags/example_task_group_decorator.py
[2023-06-17T02:33:59.480+0000] {processor.py:826} INFO - Processing file /home/airflow/.local/lib/python3.7/site-packages/airflow/example_dags/example_task_group_decorator.py for tasks to queue
[2023-06-17T02:33:59.482+0000] {logging_mixin.py:149} INFO - [2023-06-17T02:33:59.481+0000] {dagbag.py:541} INFO - Filling up the DagBag from /home/airflow/.local/lib/python3.7/site-packages/airflow/example_dags/example_task_group_decorator.py
[2023-06-17T02:33:59.507+0000] {processor.py:836} INFO - DAG(s) dict_keys(['example_task_group_decorator']) retrieved from /home/airflow/.local/lib/python3.7/site-packages/airflow/example_dags/example_task_group_decorator.py
[2023-06-17T02:33:59.555+0000] {logging_mixin.py:149} INFO - [2023-06-17T02:33:59.555+0000] {dag.py:2726} INFO - Sync 1 DAGs
[2023-06-17T02:33:59.605+0000] {logging_mixin.py:149} INFO - [2023-06-17T02:33:59.604+0000] {dag.py:3490} INFO - Setting next_dagrun for example_task_group_decorator to 2023-06-16T02:33:59.604516+00:00, run_after=2023-06-17T02:33:59.604516+00:00
[2023-06-17T02:33:59.638+0000] {processor.py:179} INFO - Processing /home/airflow/.local/lib/python3.7/site-packages/airflow/example_dags/example_task_group_decorator.py took 0.210 seconds
[2023-06-17T02:34:29.751+0000] {processor.py:157} INFO - Started process (PID=1658) to work on /home/airflow/.local/lib/python3.7/site-packages/airflow/example_dags/example_task_group_decorator.py
[2023-06-17T02:34:29.770+0000] {processor.py:826} INFO - Processing file /home/airflow/.local/lib/python3.7/site-packages/airflow/example_dags/example_task_group_decorator.py for tasks to queue
[2023-06-17T02:34:29.771+0000] {logging_mixin.py:149} INFO - [2023-06-17T02:34:29.771+0000] {dagbag.py:541} INFO - Filling up the DagBag from /home/airflow/.local/lib/python3.7/site-packages/airflow/example_dags/example_task_group_decorator.py
[2023-06-17T02:34:29.798+0000] {processor.py:836} INFO - DAG(s) dict_keys(['example_task_group_decorator']) retrieved from /home/airflow/.local/lib/python3.7/site-packages/airflow/example_dags/example_task_group_decorator.py
[2023-06-17T02:34:29.846+0000] {logging_mixin.py:149} INFO - [2023-06-17T02:34:29.845+0000] {dag.py:2726} INFO - Sync 1 DAGs
[2023-06-17T02:34:29.894+0000] {logging_mixin.py:149} INFO - [2023-06-17T02:34:29.894+0000] {dag.py:3490} INFO - Setting next_dagrun for example_task_group_decorator to 2023-06-16T02:34:29.893892+00:00, run_after=2023-06-17T02:34:29.893892+00:00
[2023-06-17T02:34:29.928+0000] {processor.py:179} INFO - Processing /home/airflow/.local/lib/python3.7/site-packages/airflow/example_dags/example_task_group_decorator.py took 0.180 seconds
[2023-06-17T02:35:00.115+0000] {processor.py:157} INFO - Started process (PID=1719) to work on /home/airflow/.local/lib/python3.7/site-packages/airflow/example_dags/example_task_group_decorator.py
[2023-06-17T02:35:00.127+0000] {processor.py:826} INFO - Processing file /home/airflow/.local/lib/python3.7/site-packages/airflow/example_dags/example_task_group_decorator.py for tasks to queue
[2023-06-17T02:35:00.128+0000] {logging_mixin.py:149} INFO - [2023-06-17T02:35:00.127+0000] {dagbag.py:541} INFO - Filling up the DagBag from /home/airflow/.local/lib/python3.7/site-packages/airflow/example_dags/example_task_group_decorator.py
[2023-06-17T02:35:00.153+0000] {processor.py:836} INFO - DAG(s) dict_keys(['example_task_group_decorator']) retrieved from /home/airflow/.local/lib/python3.7/site-packages/airflow/example_dags/example_task_group_decorator.py
[2023-06-17T02:35:00.186+0000] {logging_mixin.py:149} INFO - [2023-06-17T02:35:00.186+0000] {dag.py:2726} INFO - Sync 1 DAGs
[2023-06-17T02:35:00.222+0000] {logging_mixin.py:149} INFO - [2023-06-17T02:35:00.221+0000] {dag.py:3490} INFO - Setting next_dagrun for example_task_group_decorator to 2023-06-16T02:35:00.221613+00:00, run_after=2023-06-17T02:35:00.221613+00:00
[2023-06-17T02:35:00.286+0000] {processor.py:179} INFO - Processing /home/airflow/.local/lib/python3.7/site-packages/airflow/example_dags/example_task_group_decorator.py took 0.174 seconds
[2023-06-17T02:35:30.436+0000] {processor.py:157} INFO - Started process (PID=1779) to work on /home/airflow/.local/lib/python3.7/site-packages/airflow/example_dags/example_task_group_decorator.py
[2023-06-17T02:35:30.502+0000] {processor.py:826} INFO - Processing file /home/airflow/.local/lib/python3.7/site-packages/airflow/example_dags/example_task_group_decorator.py for tasks to queue
[2023-06-17T02:35:30.502+0000] {logging_mixin.py:149} INFO - [2023-06-17T02:35:30.502+0000] {dagbag.py:541} INFO - Filling up the DagBag from /home/airflow/.local/lib/python3.7/site-packages/airflow/example_dags/example_task_group_decorator.py
[2023-06-17T02:35:30.521+0000] {processor.py:836} INFO - DAG(s) dict_keys(['example_task_group_decorator']) retrieved from /home/airflow/.local/lib/python3.7/site-packages/airflow/example_dags/example_task_group_decorator.py
[2023-06-17T02:35:30.555+0000] {logging_mixin.py:149} INFO - [2023-06-17T02:35:30.555+0000] {dag.py:2726} INFO - Sync 1 DAGs
[2023-06-17T02:35:30.596+0000] {logging_mixin.py:149} INFO - [2023-06-17T02:35:30.596+0000] {dag.py:3490} INFO - Setting next_dagrun for example_task_group_decorator to 2023-06-16T02:35:30.596221+00:00, run_after=2023-06-17T02:35:30.596221+00:00
[2023-06-17T02:35:30.633+0000] {processor.py:179} INFO - Processing /home/airflow/.local/lib/python3.7/site-packages/airflow/example_dags/example_task_group_decorator.py took 0.200 seconds
[2023-06-17T02:36:00.974+0000] {processor.py:157} INFO - Started process (PID=1840) to work on /home/airflow/.local/lib/python3.7/site-packages/airflow/example_dags/example_task_group_decorator.py
[2023-06-17T02:36:01.006+0000] {processor.py:826} INFO - Processing file /home/airflow/.local/lib/python3.7/site-packages/airflow/example_dags/example_task_group_decorator.py for tasks to queue
[2023-06-17T02:36:01.006+0000] {logging_mixin.py:149} INFO - [2023-06-17T02:36:01.006+0000] {dagbag.py:541} INFO - Filling up the DagBag from /home/airflow/.local/lib/python3.7/site-packages/airflow/example_dags/example_task_group_decorator.py
[2023-06-17T02:36:01.025+0000] {processor.py:836} INFO - DAG(s) dict_keys(['example_task_group_decorator']) retrieved from /home/airflow/.local/lib/python3.7/site-packages/airflow/example_dags/example_task_group_decorator.py
[2023-06-17T02:36:01.060+0000] {logging_mixin.py:149} INFO - [2023-06-17T02:36:01.060+0000] {dag.py:2726} INFO - Sync 1 DAGs
[2023-06-17T02:36:01.096+0000] {logging_mixin.py:149} INFO - [2023-06-17T02:36:01.095+0000] {dag.py:3490} INFO - Setting next_dagrun for example_task_group_decorator to 2023-06-16T02:36:01.095407+00:00, run_after=2023-06-17T02:36:01.095407+00:00
[2023-06-17T02:36:01.149+0000] {processor.py:179} INFO - Processing /home/airflow/.local/lib/python3.7/site-packages/airflow/example_dags/example_task_group_decorator.py took 0.178 seconds
[2023-06-17T02:36:31.524+0000] {processor.py:157} INFO - Started process (PID=1901) to work on /home/airflow/.local/lib/python3.7/site-packages/airflow/example_dags/example_task_group_decorator.py
[2023-06-17T02:36:31.532+0000] {processor.py:826} INFO - Processing file /home/airflow/.local/lib/python3.7/site-packages/airflow/example_dags/example_task_group_decorator.py for tasks to queue
[2023-06-17T02:36:31.533+0000] {logging_mixin.py:149} INFO - [2023-06-17T02:36:31.533+0000] {dagbag.py:541} INFO - Filling up the DagBag from /home/airflow/.local/lib/python3.7/site-packages/airflow/example_dags/example_task_group_decorator.py
[2023-06-17T02:36:31.554+0000] {processor.py:836} INFO - DAG(s) dict_keys(['example_task_group_decorator']) retrieved from /home/airflow/.local/lib/python3.7/site-packages/airflow/example_dags/example_task_group_decorator.py
[2023-06-17T02:36:31.593+0000] {logging_mixin.py:149} INFO - [2023-06-17T02:36:31.593+0000] {dag.py:2726} INFO - Sync 1 DAGs
[2023-06-17T02:36:31.632+0000] {logging_mixin.py:149} INFO - [2023-06-17T02:36:31.632+0000] {dag.py:3490} INFO - Setting next_dagrun for example_task_group_decorator to 2023-06-16T02:36:31.631764+00:00, run_after=2023-06-17T02:36:31.631764+00:00
[2023-06-17T02:36:31.668+0000] {processor.py:179} INFO - Processing /home/airflow/.local/lib/python3.7/site-packages/airflow/example_dags/example_task_group_decorator.py took 0.147 seconds
[2023-06-17T02:37:01.741+0000] {processor.py:157} INFO - Started process (PID=1962) to work on /home/airflow/.local/lib/python3.7/site-packages/airflow/example_dags/example_task_group_decorator.py
[2023-06-17T02:37:01.764+0000] {processor.py:826} INFO - Processing file /home/airflow/.local/lib/python3.7/site-packages/airflow/example_dags/example_task_group_decorator.py for tasks to queue
[2023-06-17T02:37:01.765+0000] {logging_mixin.py:149} INFO - [2023-06-17T02:37:01.765+0000] {dagbag.py:541} INFO - Filling up the DagBag from /home/airflow/.local/lib/python3.7/site-packages/airflow/example_dags/example_task_group_decorator.py
[2023-06-17T02:37:01.785+0000] {processor.py:836} INFO - DAG(s) dict_keys(['example_task_group_decorator']) retrieved from /home/airflow/.local/lib/python3.7/site-packages/airflow/example_dags/example_task_group_decorator.py
[2023-06-17T02:37:01.820+0000] {logging_mixin.py:149} INFO - [2023-06-17T02:37:01.820+0000] {dag.py:2726} INFO - Sync 1 DAGs
[2023-06-17T02:37:01.849+0000] {logging_mixin.py:149} INFO - [2023-06-17T02:37:01.849+0000] {dag.py:3490} INFO - Setting next_dagrun for example_task_group_decorator to 2023-06-16T02:37:01.849637+00:00, run_after=2023-06-17T02:37:01.849637+00:00
[2023-06-17T02:37:01.946+0000] {processor.py:179} INFO - Processing /home/airflow/.local/lib/python3.7/site-packages/airflow/example_dags/example_task_group_decorator.py took 0.208 seconds
[2023-06-17T02:37:32.788+0000] {processor.py:157} INFO - Started process (PID=2023) to work on /home/airflow/.local/lib/python3.7/site-packages/airflow/example_dags/example_task_group_decorator.py
[2023-06-17T02:37:32.819+0000] {processor.py:826} INFO - Processing file /home/airflow/.local/lib/python3.7/site-packages/airflow/example_dags/example_task_group_decorator.py for tasks to queue
[2023-06-17T02:37:32.819+0000] {logging_mixin.py:149} INFO - [2023-06-17T02:37:32.819+0000] {dagbag.py:541} INFO - Filling up the DagBag from /home/airflow/.local/lib/python3.7/site-packages/airflow/example_dags/example_task_group_decorator.py
[2023-06-17T02:37:32.838+0000] {processor.py:836} INFO - DAG(s) dict_keys(['example_task_group_decorator']) retrieved from /home/airflow/.local/lib/python3.7/site-packages/airflow/example_dags/example_task_group_decorator.py
[2023-06-17T02:37:32.872+0000] {logging_mixin.py:149} INFO - [2023-06-17T02:37:32.871+0000] {dag.py:2726} INFO - Sync 1 DAGs
[2023-06-17T02:37:32.908+0000] {logging_mixin.py:149} INFO - [2023-06-17T02:37:32.908+0000] {dag.py:3490} INFO - Setting next_dagrun for example_task_group_decorator to 2023-06-16T02:37:32.907947+00:00, run_after=2023-06-17T02:37:32.907947+00:00
[2023-06-17T02:37:32.943+0000] {processor.py:179} INFO - Processing /home/airflow/.local/lib/python3.7/site-packages/airflow/example_dags/example_task_group_decorator.py took 0.158 seconds
[2023-06-17T02:38:03.857+0000] {processor.py:157} INFO - Started process (PID=2084) to work on /home/airflow/.local/lib/python3.7/site-packages/airflow/example_dags/example_task_group_decorator.py
[2023-06-17T02:38:03.986+0000] {processor.py:826} INFO - Processing file /home/airflow/.local/lib/python3.7/site-packages/airflow/example_dags/example_task_group_decorator.py for tasks to queue
[2023-06-17T02:38:03.988+0000] {logging_mixin.py:149} INFO - [2023-06-17T02:38:03.987+0000] {dagbag.py:541} INFO - Filling up the DagBag from /home/airflow/.local/lib/python3.7/site-packages/airflow/example_dags/example_task_group_decorator.py
[2023-06-17T02:38:04.015+0000] {processor.py:836} INFO - DAG(s) dict_keys(['example_task_group_decorator']) retrieved from /home/airflow/.local/lib/python3.7/site-packages/airflow/example_dags/example_task_group_decorator.py
[2023-06-17T02:38:04.042+0000] {logging_mixin.py:149} INFO - [2023-06-17T02:38:04.042+0000] {dag.py:2726} INFO - Sync 1 DAGs
[2023-06-17T02:38:04.067+0000] {logging_mixin.py:149} INFO - [2023-06-17T02:38:04.067+0000] {dag.py:3490} INFO - Setting next_dagrun for example_task_group_decorator to 2023-06-16T02:38:04.066892+00:00, run_after=2023-06-17T02:38:04.066892+00:00
[2023-06-17T02:38:04.675+0000] {processor.py:179} INFO - Processing /home/airflow/.local/lib/python3.7/site-packages/airflow/example_dags/example_task_group_decorator.py took 0.822 seconds
[2023-06-17T03:24:57.174+0000] {processor.py:157} INFO - Started process (PID=2145) to work on /home/airflow/.local/lib/python3.7/site-packages/airflow/example_dags/example_task_group_decorator.py
[2023-06-17T03:24:57.364+0000] {processor.py:826} INFO - Processing file /home/airflow/.local/lib/python3.7/site-packages/airflow/example_dags/example_task_group_decorator.py for tasks to queue
[2023-06-17T03:24:57.365+0000] {logging_mixin.py:149} INFO - [2023-06-17T03:24:57.365+0000] {dagbag.py:541} INFO - Filling up the DagBag from /home/airflow/.local/lib/python3.7/site-packages/airflow/example_dags/example_task_group_decorator.py
[2023-06-17T03:24:57.387+0000] {processor.py:836} INFO - DAG(s) dict_keys(['example_task_group_decorator']) retrieved from /home/airflow/.local/lib/python3.7/site-packages/airflow/example_dags/example_task_group_decorator.py
[2023-06-17T03:24:57.417+0000] {logging_mixin.py:149} INFO - [2023-06-17T03:24:57.417+0000] {dag.py:2726} INFO - Sync 1 DAGs
[2023-06-17T03:24:57.448+0000] {logging_mixin.py:149} INFO - [2023-06-17T03:24:57.448+0000] {dag.py:3490} INFO - Setting next_dagrun for example_task_group_decorator to 2023-06-16T03:24:57.448155+00:00, run_after=2023-06-17T03:24:57.448155+00:00
[2023-06-17T03:24:57.741+0000] {processor.py:179} INFO - Processing /home/airflow/.local/lib/python3.7/site-packages/airflow/example_dags/example_task_group_decorator.py took 0.571 seconds
[2023-06-17T03:25:28.321+0000] {processor.py:157} INFO - Started process (PID=2206) to work on /home/airflow/.local/lib/python3.7/site-packages/airflow/example_dags/example_task_group_decorator.py
[2023-06-17T03:25:28.327+0000] {processor.py:826} INFO - Processing file /home/airflow/.local/lib/python3.7/site-packages/airflow/example_dags/example_task_group_decorator.py for tasks to queue
[2023-06-17T03:25:28.328+0000] {logging_mixin.py:149} INFO - [2023-06-17T03:25:28.328+0000] {dagbag.py:541} INFO - Filling up the DagBag from /home/airflow/.local/lib/python3.7/site-packages/airflow/example_dags/example_task_group_decorator.py
[2023-06-17T03:25:28.358+0000] {processor.py:836} INFO - DAG(s) dict_keys(['example_task_group_decorator']) retrieved from /home/airflow/.local/lib/python3.7/site-packages/airflow/example_dags/example_task_group_decorator.py
[2023-06-17T03:25:28.416+0000] {logging_mixin.py:149} INFO - [2023-06-17T03:25:28.416+0000] {dag.py:2726} INFO - Sync 1 DAGs
[2023-06-17T03:25:28.485+0000] {logging_mixin.py:149} INFO - [2023-06-17T03:25:28.485+0000] {dag.py:3490} INFO - Setting next_dagrun for example_task_group_decorator to 2023-06-16T03:25:28.485021+00:00, run_after=2023-06-17T03:25:28.485021+00:00
[2023-06-17T03:25:28.537+0000] {processor.py:179} INFO - Processing /home/airflow/.local/lib/python3.7/site-packages/airflow/example_dags/example_task_group_decorator.py took 0.222 seconds
[2023-06-17T03:36:02.834+0000] {processor.py:157} INFO - Started process (PID=89) to work on /home/airflow/.local/lib/python3.7/site-packages/airflow/example_dags/example_task_group_decorator.py
[2023-06-17T03:36:02.881+0000] {processor.py:826} INFO - Processing file /home/airflow/.local/lib/python3.7/site-packages/airflow/example_dags/example_task_group_decorator.py for tasks to queue
[2023-06-17T03:36:02.882+0000] {logging_mixin.py:149} INFO - [2023-06-17T03:36:02.882+0000] {dagbag.py:541} INFO - Filling up the DagBag from /home/airflow/.local/lib/python3.7/site-packages/airflow/example_dags/example_task_group_decorator.py
[2023-06-17T03:36:02.902+0000] {processor.py:836} INFO - DAG(s) dict_keys(['example_task_group_decorator']) retrieved from /home/airflow/.local/lib/python3.7/site-packages/airflow/example_dags/example_task_group_decorator.py
[2023-06-17T03:36:02.945+0000] {logging_mixin.py:149} INFO - [2023-06-17T03:36:02.945+0000] {dag.py:2726} INFO - Sync 1 DAGs
[2023-06-17T03:36:02.986+0000] {logging_mixin.py:149} INFO - [2023-06-17T03:36:02.986+0000] {dag.py:3490} INFO - Setting next_dagrun for example_task_group_decorator to 2023-06-16T03:36:02.986405+00:00, run_after=2023-06-17T03:36:02.986405+00:00
[2023-06-17T03:36:03.056+0000] {processor.py:179} INFO - Processing /home/airflow/.local/lib/python3.7/site-packages/airflow/example_dags/example_task_group_decorator.py took 0.226 seconds
[2023-06-17T03:36:35.715+0000] {processor.py:157} INFO - Started process (PID=150) to work on /home/airflow/.local/lib/python3.7/site-packages/airflow/example_dags/example_task_group_decorator.py
[2023-06-17T03:36:35.902+0000] {processor.py:826} INFO - Processing file /home/airflow/.local/lib/python3.7/site-packages/airflow/example_dags/example_task_group_decorator.py for tasks to queue
[2023-06-17T03:36:35.917+0000] {logging_mixin.py:149} INFO - [2023-06-17T03:36:35.917+0000] {dagbag.py:541} INFO - Filling up the DagBag from /home/airflow/.local/lib/python3.7/site-packages/airflow/example_dags/example_task_group_decorator.py
[2023-06-17T03:36:35.960+0000] {processor.py:836} INFO - DAG(s) dict_keys(['example_task_group_decorator']) retrieved from /home/airflow/.local/lib/python3.7/site-packages/airflow/example_dags/example_task_group_decorator.py
[2023-06-17T03:36:35.992+0000] {logging_mixin.py:149} INFO - [2023-06-17T03:36:35.992+0000] {dag.py:2726} INFO - Sync 1 DAGs
[2023-06-17T03:36:36.020+0000] {logging_mixin.py:149} INFO - [2023-06-17T03:36:36.020+0000] {dag.py:3490} INFO - Setting next_dagrun for example_task_group_decorator to 2023-06-16T03:36:36.020034+00:00, run_after=2023-06-17T03:36:36.020034+00:00
[2023-06-17T03:36:36.175+0000] {processor.py:179} INFO - Processing /home/airflow/.local/lib/python3.7/site-packages/airflow/example_dags/example_task_group_decorator.py took 0.463 seconds
[2023-06-17T03:37:06.780+0000] {processor.py:157} INFO - Started process (PID=212) to work on /home/airflow/.local/lib/python3.7/site-packages/airflow/example_dags/example_task_group_decorator.py
[2023-06-17T03:37:06.818+0000] {processor.py:826} INFO - Processing file /home/airflow/.local/lib/python3.7/site-packages/airflow/example_dags/example_task_group_decorator.py for tasks to queue
[2023-06-17T03:37:06.819+0000] {logging_mixin.py:149} INFO - [2023-06-17T03:37:06.819+0000] {dagbag.py:541} INFO - Filling up the DagBag from /home/airflow/.local/lib/python3.7/site-packages/airflow/example_dags/example_task_group_decorator.py
[2023-06-17T03:37:06.837+0000] {processor.py:836} INFO - DAG(s) dict_keys(['example_task_group_decorator']) retrieved from /home/airflow/.local/lib/python3.7/site-packages/airflow/example_dags/example_task_group_decorator.py
[2023-06-17T03:37:06.869+0000] {logging_mixin.py:149} INFO - [2023-06-17T03:37:06.868+0000] {dag.py:2726} INFO - Sync 1 DAGs
[2023-06-17T03:37:07.007+0000] {logging_mixin.py:149} INFO - [2023-06-17T03:37:07.006+0000] {dag.py:3490} INFO - Setting next_dagrun for example_task_group_decorator to 2023-06-16T03:37:07.006785+00:00, run_after=2023-06-17T03:37:07.006785+00:00
[2023-06-17T03:37:07.100+0000] {processor.py:179} INFO - Processing /home/airflow/.local/lib/python3.7/site-packages/airflow/example_dags/example_task_group_decorator.py took 0.323 seconds
[2023-06-17T03:37:37.322+0000] {processor.py:157} INFO - Started process (PID=273) to work on /home/airflow/.local/lib/python3.7/site-packages/airflow/example_dags/example_task_group_decorator.py
[2023-06-17T03:37:37.335+0000] {processor.py:826} INFO - Processing file /home/airflow/.local/lib/python3.7/site-packages/airflow/example_dags/example_task_group_decorator.py for tasks to queue
[2023-06-17T03:37:37.336+0000] {logging_mixin.py:149} INFO - [2023-06-17T03:37:37.336+0000] {dagbag.py:541} INFO - Filling up the DagBag from /home/airflow/.local/lib/python3.7/site-packages/airflow/example_dags/example_task_group_decorator.py
[2023-06-17T03:37:37.359+0000] {processor.py:836} INFO - DAG(s) dict_keys(['example_task_group_decorator']) retrieved from /home/airflow/.local/lib/python3.7/site-packages/airflow/example_dags/example_task_group_decorator.py
[2023-06-17T03:37:37.399+0000] {logging_mixin.py:149} INFO - [2023-06-17T03:37:37.399+0000] {dag.py:2726} INFO - Sync 1 DAGs
[2023-06-17T03:37:37.442+0000] {logging_mixin.py:149} INFO - [2023-06-17T03:37:37.442+0000] {dag.py:3490} INFO - Setting next_dagrun for example_task_group_decorator to 2023-06-16T03:37:37.441682+00:00, run_after=2023-06-17T03:37:37.441682+00:00
[2023-06-17T03:37:37.487+0000] {processor.py:179} INFO - Processing /home/airflow/.local/lib/python3.7/site-packages/airflow/example_dags/example_task_group_decorator.py took 0.169 seconds
[2023-06-17T03:38:07.899+0000] {processor.py:157} INFO - Started process (PID=334) to work on /home/airflow/.local/lib/python3.7/site-packages/airflow/example_dags/example_task_group_decorator.py
[2023-06-17T03:38:07.983+0000] {processor.py:826} INFO - Processing file /home/airflow/.local/lib/python3.7/site-packages/airflow/example_dags/example_task_group_decorator.py for tasks to queue
[2023-06-17T03:38:07.984+0000] {logging_mixin.py:149} INFO - [2023-06-17T03:38:07.984+0000] {dagbag.py:541} INFO - Filling up the DagBag from /home/airflow/.local/lib/python3.7/site-packages/airflow/example_dags/example_task_group_decorator.py
[2023-06-17T03:38:08.004+0000] {processor.py:836} INFO - DAG(s) dict_keys(['example_task_group_decorator']) retrieved from /home/airflow/.local/lib/python3.7/site-packages/airflow/example_dags/example_task_group_decorator.py
[2023-06-17T03:38:08.040+0000] {logging_mixin.py:149} INFO - [2023-06-17T03:38:08.040+0000] {dag.py:2726} INFO - Sync 1 DAGs
[2023-06-17T03:38:08.075+0000] {logging_mixin.py:149} INFO - [2023-06-17T03:38:08.075+0000] {dag.py:3490} INFO - Setting next_dagrun for example_task_group_decorator to 2023-06-16T03:38:08.074915+00:00, run_after=2023-06-17T03:38:08.074915+00:00
[2023-06-17T03:38:08.106+0000] {processor.py:179} INFO - Processing /home/airflow/.local/lib/python3.7/site-packages/airflow/example_dags/example_task_group_decorator.py took 0.209 seconds
[2023-06-17T03:38:38.814+0000] {processor.py:157} INFO - Started process (PID=395) to work on /home/airflow/.local/lib/python3.7/site-packages/airflow/example_dags/example_task_group_decorator.py
[2023-06-17T03:38:38.824+0000] {processor.py:826} INFO - Processing file /home/airflow/.local/lib/python3.7/site-packages/airflow/example_dags/example_task_group_decorator.py for tasks to queue
[2023-06-17T03:38:38.825+0000] {logging_mixin.py:149} INFO - [2023-06-17T03:38:38.824+0000] {dagbag.py:541} INFO - Filling up the DagBag from /home/airflow/.local/lib/python3.7/site-packages/airflow/example_dags/example_task_group_decorator.py
[2023-06-17T03:38:38.847+0000] {processor.py:836} INFO - DAG(s) dict_keys(['example_task_group_decorator']) retrieved from /home/airflow/.local/lib/python3.7/site-packages/airflow/example_dags/example_task_group_decorator.py
[2023-06-17T03:38:38.888+0000] {logging_mixin.py:149} INFO - [2023-06-17T03:38:38.887+0000] {dag.py:2726} INFO - Sync 1 DAGs
[2023-06-17T03:38:38.925+0000] {logging_mixin.py:149} INFO - [2023-06-17T03:38:38.924+0000] {dag.py:3490} INFO - Setting next_dagrun for example_task_group_decorator to 2023-06-16T03:38:38.924452+00:00, run_after=2023-06-17T03:38:38.924452+00:00
[2023-06-17T03:38:38.972+0000] {processor.py:179} INFO - Processing /home/airflow/.local/lib/python3.7/site-packages/airflow/example_dags/example_task_group_decorator.py took 0.161 seconds
[2023-06-17T03:39:09.765+0000] {processor.py:157} INFO - Started process (PID=456) to work on /home/airflow/.local/lib/python3.7/site-packages/airflow/example_dags/example_task_group_decorator.py
[2023-06-17T03:39:09.788+0000] {processor.py:826} INFO - Processing file /home/airflow/.local/lib/python3.7/site-packages/airflow/example_dags/example_task_group_decorator.py for tasks to queue
[2023-06-17T03:39:09.788+0000] {logging_mixin.py:149} INFO - [2023-06-17T03:39:09.788+0000] {dagbag.py:541} INFO - Filling up the DagBag from /home/airflow/.local/lib/python3.7/site-packages/airflow/example_dags/example_task_group_decorator.py
[2023-06-17T03:39:09.802+0000] {processor.py:836} INFO - DAG(s) dict_keys(['example_task_group_decorator']) retrieved from /home/airflow/.local/lib/python3.7/site-packages/airflow/example_dags/example_task_group_decorator.py
[2023-06-17T03:39:09.830+0000] {logging_mixin.py:149} INFO - [2023-06-17T03:39:09.829+0000] {dag.py:2726} INFO - Sync 1 DAGs
[2023-06-17T03:39:09.857+0000] {logging_mixin.py:149} INFO - [2023-06-17T03:39:09.857+0000] {dag.py:3490} INFO - Setting next_dagrun for example_task_group_decorator to 2023-06-16T03:39:09.857499+00:00, run_after=2023-06-17T03:39:09.857499+00:00
[2023-06-17T03:39:09.887+0000] {processor.py:179} INFO - Processing /home/airflow/.local/lib/python3.7/site-packages/airflow/example_dags/example_task_group_decorator.py took 0.124 seconds
[2023-06-17T03:39:40.123+0000] {processor.py:157} INFO - Started process (PID=517) to work on /home/airflow/.local/lib/python3.7/site-packages/airflow/example_dags/example_task_group_decorator.py
[2023-06-17T03:39:40.157+0000] {processor.py:826} INFO - Processing file /home/airflow/.local/lib/python3.7/site-packages/airflow/example_dags/example_task_group_decorator.py for tasks to queue
[2023-06-17T03:39:40.158+0000] {logging_mixin.py:149} INFO - [2023-06-17T03:39:40.158+0000] {dagbag.py:541} INFO - Filling up the DagBag from /home/airflow/.local/lib/python3.7/site-packages/airflow/example_dags/example_task_group_decorator.py
[2023-06-17T03:39:40.171+0000] {processor.py:836} INFO - DAG(s) dict_keys(['example_task_group_decorator']) retrieved from /home/airflow/.local/lib/python3.7/site-packages/airflow/example_dags/example_task_group_decorator.py
[2023-06-17T03:39:40.197+0000] {logging_mixin.py:149} INFO - [2023-06-17T03:39:40.196+0000] {dag.py:2726} INFO - Sync 1 DAGs
[2023-06-17T03:39:40.223+0000] {logging_mixin.py:149} INFO - [2023-06-17T03:39:40.222+0000] {dag.py:3490} INFO - Setting next_dagrun for example_task_group_decorator to 2023-06-16T03:39:40.222755+00:00, run_after=2023-06-17T03:39:40.222755+00:00
[2023-06-17T03:39:40.254+0000] {processor.py:179} INFO - Processing /home/airflow/.local/lib/python3.7/site-packages/airflow/example_dags/example_task_group_decorator.py took 0.134 seconds
[2023-06-17T03:40:10.280+0000] {processor.py:157} INFO - Started process (PID=578) to work on /home/airflow/.local/lib/python3.7/site-packages/airflow/example_dags/example_task_group_decorator.py
[2023-06-17T03:40:10.296+0000] {processor.py:826} INFO - Processing file /home/airflow/.local/lib/python3.7/site-packages/airflow/example_dags/example_task_group_decorator.py for tasks to queue
[2023-06-17T03:40:10.297+0000] {logging_mixin.py:149} INFO - [2023-06-17T03:40:10.297+0000] {dagbag.py:541} INFO - Filling up the DagBag from /home/airflow/.local/lib/python3.7/site-packages/airflow/example_dags/example_task_group_decorator.py
[2023-06-17T03:40:10.311+0000] {processor.py:836} INFO - DAG(s) dict_keys(['example_task_group_decorator']) retrieved from /home/airflow/.local/lib/python3.7/site-packages/airflow/example_dags/example_task_group_decorator.py
[2023-06-17T03:40:10.338+0000] {logging_mixin.py:149} INFO - [2023-06-17T03:40:10.338+0000] {dag.py:2726} INFO - Sync 1 DAGs
[2023-06-17T03:40:10.363+0000] {logging_mixin.py:149} INFO - [2023-06-17T03:40:10.363+0000] {dag.py:3490} INFO - Setting next_dagrun for example_task_group_decorator to 2023-06-16T03:40:10.363454+00:00, run_after=2023-06-17T03:40:10.363454+00:00
[2023-06-17T03:40:10.403+0000] {processor.py:179} INFO - Processing /home/airflow/.local/lib/python3.7/site-packages/airflow/example_dags/example_task_group_decorator.py took 0.125 seconds
[2023-06-17T03:40:40.725+0000] {processor.py:157} INFO - Started process (PID=640) to work on /home/airflow/.local/lib/python3.7/site-packages/airflow/example_dags/example_task_group_decorator.py
[2023-06-17T03:40:40.737+0000] {processor.py:826} INFO - Processing file /home/airflow/.local/lib/python3.7/site-packages/airflow/example_dags/example_task_group_decorator.py for tasks to queue
[2023-06-17T03:40:40.737+0000] {logging_mixin.py:149} INFO - [2023-06-17T03:40:40.737+0000] {dagbag.py:541} INFO - Filling up the DagBag from /home/airflow/.local/lib/python3.7/site-packages/airflow/example_dags/example_task_group_decorator.py
[2023-06-17T03:40:40.751+0000] {processor.py:836} INFO - DAG(s) dict_keys(['example_task_group_decorator']) retrieved from /home/airflow/.local/lib/python3.7/site-packages/airflow/example_dags/example_task_group_decorator.py
[2023-06-17T03:40:40.780+0000] {logging_mixin.py:149} INFO - [2023-06-17T03:40:40.780+0000] {dag.py:2726} INFO - Sync 1 DAGs
[2023-06-17T03:40:40.808+0000] {logging_mixin.py:149} INFO - [2023-06-17T03:40:40.808+0000] {dag.py:3490} INFO - Setting next_dagrun for example_task_group_decorator to 2023-06-16T03:40:40.808580+00:00, run_after=2023-06-17T03:40:40.808580+00:00
[2023-06-17T03:40:40.838+0000] {processor.py:179} INFO - Processing /home/airflow/.local/lib/python3.7/site-packages/airflow/example_dags/example_task_group_decorator.py took 0.115 seconds
[2023-06-17T03:41:11.279+0000] {processor.py:157} INFO - Started process (PID=701) to work on /home/airflow/.local/lib/python3.7/site-packages/airflow/example_dags/example_task_group_decorator.py
[2023-06-17T03:41:11.305+0000] {processor.py:826} INFO - Processing file /home/airflow/.local/lib/python3.7/site-packages/airflow/example_dags/example_task_group_decorator.py for tasks to queue
[2023-06-17T03:41:11.306+0000] {logging_mixin.py:149} INFO - [2023-06-17T03:41:11.306+0000] {dagbag.py:541} INFO - Filling up the DagBag from /home/airflow/.local/lib/python3.7/site-packages/airflow/example_dags/example_task_group_decorator.py
[2023-06-17T03:41:11.332+0000] {processor.py:836} INFO - DAG(s) dict_keys(['example_task_group_decorator']) retrieved from /home/airflow/.local/lib/python3.7/site-packages/airflow/example_dags/example_task_group_decorator.py
[2023-06-17T03:41:11.381+0000] {logging_mixin.py:149} INFO - [2023-06-17T03:41:11.381+0000] {dag.py:2726} INFO - Sync 1 DAGs
[2023-06-17T03:41:11.431+0000] {logging_mixin.py:149} INFO - [2023-06-17T03:41:11.431+0000] {dag.py:3490} INFO - Setting next_dagrun for example_task_group_decorator to 2023-06-16T03:41:11.430932+00:00, run_after=2023-06-17T03:41:11.430932+00:00
[2023-06-17T03:41:11.474+0000] {processor.py:179} INFO - Processing /home/airflow/.local/lib/python3.7/site-packages/airflow/example_dags/example_task_group_decorator.py took 0.199 seconds
[2023-06-17T03:41:42.194+0000] {processor.py:157} INFO - Started process (PID=762) to work on /home/airflow/.local/lib/python3.7/site-packages/airflow/example_dags/example_task_group_decorator.py
[2023-06-17T03:41:42.203+0000] {processor.py:826} INFO - Processing file /home/airflow/.local/lib/python3.7/site-packages/airflow/example_dags/example_task_group_decorator.py for tasks to queue
[2023-06-17T03:41:42.203+0000] {logging_mixin.py:149} INFO - [2023-06-17T03:41:42.203+0000] {dagbag.py:541} INFO - Filling up the DagBag from /home/airflow/.local/lib/python3.7/site-packages/airflow/example_dags/example_task_group_decorator.py
[2023-06-17T03:41:42.218+0000] {processor.py:836} INFO - DAG(s) dict_keys(['example_task_group_decorator']) retrieved from /home/airflow/.local/lib/python3.7/site-packages/airflow/example_dags/example_task_group_decorator.py
[2023-06-17T03:41:42.247+0000] {logging_mixin.py:149} INFO - [2023-06-17T03:41:42.247+0000] {dag.py:2726} INFO - Sync 1 DAGs
[2023-06-17T03:41:42.275+0000] {logging_mixin.py:149} INFO - [2023-06-17T03:41:42.275+0000] {dag.py:3490} INFO - Setting next_dagrun for example_task_group_decorator to 2023-06-16T03:41:42.275370+00:00, run_after=2023-06-17T03:41:42.275370+00:00
[2023-06-17T03:41:42.311+0000] {processor.py:179} INFO - Processing /home/airflow/.local/lib/python3.7/site-packages/airflow/example_dags/example_task_group_decorator.py took 0.120 seconds
[2023-06-17T03:42:13.237+0000] {processor.py:157} INFO - Started process (PID=823) to work on /home/airflow/.local/lib/python3.7/site-packages/airflow/example_dags/example_task_group_decorator.py
[2023-06-17T03:42:13.250+0000] {processor.py:826} INFO - Processing file /home/airflow/.local/lib/python3.7/site-packages/airflow/example_dags/example_task_group_decorator.py for tasks to queue
[2023-06-17T03:42:13.251+0000] {logging_mixin.py:149} INFO - [2023-06-17T03:42:13.251+0000] {dagbag.py:541} INFO - Filling up the DagBag from /home/airflow/.local/lib/python3.7/site-packages/airflow/example_dags/example_task_group_decorator.py
[2023-06-17T03:42:13.265+0000] {processor.py:836} INFO - DAG(s) dict_keys(['example_task_group_decorator']) retrieved from /home/airflow/.local/lib/python3.7/site-packages/airflow/example_dags/example_task_group_decorator.py
[2023-06-17T03:42:13.295+0000] {logging_mixin.py:149} INFO - [2023-06-17T03:42:13.294+0000] {dag.py:2726} INFO - Sync 1 DAGs
[2023-06-17T03:42:13.324+0000] {logging_mixin.py:149} INFO - [2023-06-17T03:42:13.324+0000] {dag.py:3490} INFO - Setting next_dagrun for example_task_group_decorator to 2023-06-16T03:42:13.323935+00:00, run_after=2023-06-17T03:42:13.323935+00:00
[2023-06-17T03:42:13.353+0000] {processor.py:179} INFO - Processing /home/airflow/.local/lib/python3.7/site-packages/airflow/example_dags/example_task_group_decorator.py took 0.119 seconds
[2023-06-17T03:42:44.047+0000] {processor.py:157} INFO - Started process (PID=884) to work on /home/airflow/.local/lib/python3.7/site-packages/airflow/example_dags/example_task_group_decorator.py
[2023-06-17T03:42:44.058+0000] {processor.py:826} INFO - Processing file /home/airflow/.local/lib/python3.7/site-packages/airflow/example_dags/example_task_group_decorator.py for tasks to queue
[2023-06-17T03:42:44.058+0000] {logging_mixin.py:149} INFO - [2023-06-17T03:42:44.058+0000] {dagbag.py:541} INFO - Filling up the DagBag from /home/airflow/.local/lib/python3.7/site-packages/airflow/example_dags/example_task_group_decorator.py
[2023-06-17T03:42:44.073+0000] {processor.py:836} INFO - DAG(s) dict_keys(['example_task_group_decorator']) retrieved from /home/airflow/.local/lib/python3.7/site-packages/airflow/example_dags/example_task_group_decorator.py
[2023-06-17T03:42:44.102+0000] {logging_mixin.py:149} INFO - [2023-06-17T03:42:44.102+0000] {dag.py:2726} INFO - Sync 1 DAGs
[2023-06-17T03:42:44.130+0000] {logging_mixin.py:149} INFO - [2023-06-17T03:42:44.130+0000] {dag.py:3490} INFO - Setting next_dagrun for example_task_group_decorator to 2023-06-16T03:42:44.129948+00:00, run_after=2023-06-17T03:42:44.129948+00:00
[2023-06-17T03:42:44.165+0000] {processor.py:179} INFO - Processing /home/airflow/.local/lib/python3.7/site-packages/airflow/example_dags/example_task_group_decorator.py took 0.120 seconds
[2023-06-17T03:43:14.600+0000] {processor.py:157} INFO - Started process (PID=945) to work on /home/airflow/.local/lib/python3.7/site-packages/airflow/example_dags/example_task_group_decorator.py
[2023-06-17T03:43:14.610+0000] {processor.py:826} INFO - Processing file /home/airflow/.local/lib/python3.7/site-packages/airflow/example_dags/example_task_group_decorator.py for tasks to queue
[2023-06-17T03:43:14.611+0000] {logging_mixin.py:149} INFO - [2023-06-17T03:43:14.610+0000] {dagbag.py:541} INFO - Filling up the DagBag from /home/airflow/.local/lib/python3.7/site-packages/airflow/example_dags/example_task_group_decorator.py
[2023-06-17T03:43:14.625+0000] {processor.py:836} INFO - DAG(s) dict_keys(['example_task_group_decorator']) retrieved from /home/airflow/.local/lib/python3.7/site-packages/airflow/example_dags/example_task_group_decorator.py
[2023-06-17T03:43:14.652+0000] {logging_mixin.py:149} INFO - [2023-06-17T03:43:14.652+0000] {dag.py:2726} INFO - Sync 1 DAGs
[2023-06-17T03:43:14.680+0000] {logging_mixin.py:149} INFO - [2023-06-17T03:43:14.680+0000] {dag.py:3490} INFO - Setting next_dagrun for example_task_group_decorator to 2023-06-16T03:43:14.679915+00:00, run_after=2023-06-17T03:43:14.679915+00:00
[2023-06-17T03:43:14.704+0000] {processor.py:179} INFO - Processing /home/airflow/.local/lib/python3.7/site-packages/airflow/example_dags/example_task_group_decorator.py took 0.107 seconds
[2023-06-17T03:43:45.197+0000] {processor.py:157} INFO - Started process (PID=1006) to work on /home/airflow/.local/lib/python3.7/site-packages/airflow/example_dags/example_task_group_decorator.py
[2023-06-17T03:43:45.210+0000] {processor.py:826} INFO - Processing file /home/airflow/.local/lib/python3.7/site-packages/airflow/example_dags/example_task_group_decorator.py for tasks to queue
[2023-06-17T03:43:45.211+0000] {logging_mixin.py:149} INFO - [2023-06-17T03:43:45.211+0000] {dagbag.py:541} INFO - Filling up the DagBag from /home/airflow/.local/lib/python3.7/site-packages/airflow/example_dags/example_task_group_decorator.py
[2023-06-17T03:43:45.225+0000] {processor.py:836} INFO - DAG(s) dict_keys(['example_task_group_decorator']) retrieved from /home/airflow/.local/lib/python3.7/site-packages/airflow/example_dags/example_task_group_decorator.py
[2023-06-17T03:43:45.253+0000] {logging_mixin.py:149} INFO - [2023-06-17T03:43:45.253+0000] {dag.py:2726} INFO - Sync 1 DAGs
[2023-06-17T03:43:45.281+0000] {logging_mixin.py:149} INFO - [2023-06-17T03:43:45.281+0000] {dag.py:3490} INFO - Setting next_dagrun for example_task_group_decorator to 2023-06-16T03:43:45.281059+00:00, run_after=2023-06-17T03:43:45.281059+00:00
[2023-06-17T03:43:45.313+0000] {processor.py:179} INFO - Processing /home/airflow/.local/lib/python3.7/site-packages/airflow/example_dags/example_task_group_decorator.py took 0.119 seconds
[2023-06-17T03:44:15.570+0000] {processor.py:157} INFO - Started process (PID=1067) to work on /home/airflow/.local/lib/python3.7/site-packages/airflow/example_dags/example_task_group_decorator.py
[2023-06-17T03:44:15.583+0000] {processor.py:826} INFO - Processing file /home/airflow/.local/lib/python3.7/site-packages/airflow/example_dags/example_task_group_decorator.py for tasks to queue
[2023-06-17T03:44:15.584+0000] {logging_mixin.py:149} INFO - [2023-06-17T03:44:15.584+0000] {dagbag.py:541} INFO - Filling up the DagBag from /home/airflow/.local/lib/python3.7/site-packages/airflow/example_dags/example_task_group_decorator.py
[2023-06-17T03:44:15.606+0000] {processor.py:836} INFO - DAG(s) dict_keys(['example_task_group_decorator']) retrieved from /home/airflow/.local/lib/python3.7/site-packages/airflow/example_dags/example_task_group_decorator.py
[2023-06-17T03:44:15.650+0000] {logging_mixin.py:149} INFO - [2023-06-17T03:44:15.650+0000] {dag.py:2726} INFO - Sync 1 DAGs
[2023-06-17T03:44:15.696+0000] {logging_mixin.py:149} INFO - [2023-06-17T03:44:15.696+0000] {dag.py:3490} INFO - Setting next_dagrun for example_task_group_decorator to 2023-06-16T03:44:15.696162+00:00, run_after=2023-06-17T03:44:15.696162+00:00
[2023-06-17T03:44:15.732+0000] {processor.py:179} INFO - Processing /home/airflow/.local/lib/python3.7/site-packages/airflow/example_dags/example_task_group_decorator.py took 0.165 seconds
[2023-06-17T03:44:45.833+0000] {processor.py:157} INFO - Started process (PID=1128) to work on /home/airflow/.local/lib/python3.7/site-packages/airflow/example_dags/example_task_group_decorator.py
[2023-06-17T03:44:45.837+0000] {processor.py:826} INFO - Processing file /home/airflow/.local/lib/python3.7/site-packages/airflow/example_dags/example_task_group_decorator.py for tasks to queue
[2023-06-17T03:44:45.838+0000] {logging_mixin.py:149} INFO - [2023-06-17T03:44:45.838+0000] {dagbag.py:541} INFO - Filling up the DagBag from /home/airflow/.local/lib/python3.7/site-packages/airflow/example_dags/example_task_group_decorator.py
[2023-06-17T03:44:45.852+0000] {processor.py:836} INFO - DAG(s) dict_keys(['example_task_group_decorator']) retrieved from /home/airflow/.local/lib/python3.7/site-packages/airflow/example_dags/example_task_group_decorator.py
[2023-06-17T03:44:45.879+0000] {logging_mixin.py:149} INFO - [2023-06-17T03:44:45.879+0000] {dag.py:2726} INFO - Sync 1 DAGs
[2023-06-17T03:44:45.906+0000] {logging_mixin.py:149} INFO - [2023-06-17T03:44:45.906+0000] {dag.py:3490} INFO - Setting next_dagrun for example_task_group_decorator to 2023-06-16T03:44:45.906154+00:00, run_after=2023-06-17T03:44:45.906154+00:00
[2023-06-17T03:44:45.936+0000] {processor.py:179} INFO - Processing /home/airflow/.local/lib/python3.7/site-packages/airflow/example_dags/example_task_group_decorator.py took 0.105 seconds
[2023-06-17T03:45:16.460+0000] {processor.py:157} INFO - Started process (PID=1189) to work on /home/airflow/.local/lib/python3.7/site-packages/airflow/example_dags/example_task_group_decorator.py
[2023-06-17T03:45:16.469+0000] {processor.py:826} INFO - Processing file /home/airflow/.local/lib/python3.7/site-packages/airflow/example_dags/example_task_group_decorator.py for tasks to queue
[2023-06-17T03:45:16.469+0000] {logging_mixin.py:149} INFO - [2023-06-17T03:45:16.469+0000] {dagbag.py:541} INFO - Filling up the DagBag from /home/airflow/.local/lib/python3.7/site-packages/airflow/example_dags/example_task_group_decorator.py
[2023-06-17T03:45:16.484+0000] {processor.py:836} INFO - DAG(s) dict_keys(['example_task_group_decorator']) retrieved from /home/airflow/.local/lib/python3.7/site-packages/airflow/example_dags/example_task_group_decorator.py
[2023-06-17T03:45:16.515+0000] {logging_mixin.py:149} INFO - [2023-06-17T03:45:16.515+0000] {dag.py:2726} INFO - Sync 1 DAGs
[2023-06-17T03:45:16.549+0000] {logging_mixin.py:149} INFO - [2023-06-17T03:45:16.549+0000] {dag.py:3490} INFO - Setting next_dagrun for example_task_group_decorator to 2023-06-16T03:45:16.549080+00:00, run_after=2023-06-17T03:45:16.549080+00:00
[2023-06-17T03:45:16.582+0000] {processor.py:179} INFO - Processing /home/airflow/.local/lib/python3.7/site-packages/airflow/example_dags/example_task_group_decorator.py took 0.126 seconds
[2023-06-17T03:45:46.717+0000] {processor.py:157} INFO - Started process (PID=1250) to work on /home/airflow/.local/lib/python3.7/site-packages/airflow/example_dags/example_task_group_decorator.py
[2023-06-17T03:45:46.725+0000] {processor.py:826} INFO - Processing file /home/airflow/.local/lib/python3.7/site-packages/airflow/example_dags/example_task_group_decorator.py for tasks to queue
[2023-06-17T03:45:46.726+0000] {logging_mixin.py:149} INFO - [2023-06-17T03:45:46.726+0000] {dagbag.py:541} INFO - Filling up the DagBag from /home/airflow/.local/lib/python3.7/site-packages/airflow/example_dags/example_task_group_decorator.py
[2023-06-17T03:45:46.746+0000] {processor.py:836} INFO - DAG(s) dict_keys(['example_task_group_decorator']) retrieved from /home/airflow/.local/lib/python3.7/site-packages/airflow/example_dags/example_task_group_decorator.py
[2023-06-17T03:45:46.775+0000] {logging_mixin.py:149} INFO - [2023-06-17T03:45:46.774+0000] {dag.py:2726} INFO - Sync 1 DAGs
[2023-06-17T03:45:46.802+0000] {logging_mixin.py:149} INFO - [2023-06-17T03:45:46.802+0000] {dag.py:3490} INFO - Setting next_dagrun for example_task_group_decorator to 2023-06-16T03:45:46.802165+00:00, run_after=2023-06-17T03:45:46.802165+00:00
[2023-06-17T03:45:46.830+0000] {processor.py:179} INFO - Processing /home/airflow/.local/lib/python3.7/site-packages/airflow/example_dags/example_task_group_decorator.py took 0.116 seconds
[2023-06-17T03:46:17.621+0000] {processor.py:157} INFO - Started process (PID=1311) to work on /home/airflow/.local/lib/python3.7/site-packages/airflow/example_dags/example_task_group_decorator.py
[2023-06-17T03:46:17.634+0000] {processor.py:826} INFO - Processing file /home/airflow/.local/lib/python3.7/site-packages/airflow/example_dags/example_task_group_decorator.py for tasks to queue
[2023-06-17T03:46:17.635+0000] {logging_mixin.py:149} INFO - [2023-06-17T03:46:17.635+0000] {dagbag.py:541} INFO - Filling up the DagBag from /home/airflow/.local/lib/python3.7/site-packages/airflow/example_dags/example_task_group_decorator.py
[2023-06-17T03:46:17.650+0000] {processor.py:836} INFO - DAG(s) dict_keys(['example_task_group_decorator']) retrieved from /home/airflow/.local/lib/python3.7/site-packages/airflow/example_dags/example_task_group_decorator.py
[2023-06-17T03:46:17.678+0000] {logging_mixin.py:149} INFO - [2023-06-17T03:46:17.678+0000] {dag.py:2726} INFO - Sync 1 DAGs
[2023-06-17T03:46:17.707+0000] {logging_mixin.py:149} INFO - [2023-06-17T03:46:17.707+0000] {dag.py:3490} INFO - Setting next_dagrun for example_task_group_decorator to 2023-06-16T03:46:17.706884+00:00, run_after=2023-06-17T03:46:17.706884+00:00
[2023-06-17T03:46:17.742+0000] {processor.py:179} INFO - Processing /home/airflow/.local/lib/python3.7/site-packages/airflow/example_dags/example_task_group_decorator.py took 0.124 seconds
[2023-06-17T03:46:48.958+0000] {processor.py:157} INFO - Started process (PID=1372) to work on /home/airflow/.local/lib/python3.7/site-packages/airflow/example_dags/example_task_group_decorator.py
[2023-06-17T03:46:49.040+0000] {processor.py:826} INFO - Processing file /home/airflow/.local/lib/python3.7/site-packages/airflow/example_dags/example_task_group_decorator.py for tasks to queue
[2023-06-17T03:46:49.040+0000] {logging_mixin.py:149} INFO - [2023-06-17T03:46:49.040+0000] {dagbag.py:541} INFO - Filling up the DagBag from /home/airflow/.local/lib/python3.7/site-packages/airflow/example_dags/example_task_group_decorator.py
[2023-06-17T03:46:49.054+0000] {processor.py:836} INFO - DAG(s) dict_keys(['example_task_group_decorator']) retrieved from /home/airflow/.local/lib/python3.7/site-packages/airflow/example_dags/example_task_group_decorator.py
[2023-06-17T03:46:49.081+0000] {logging_mixin.py:149} INFO - [2023-06-17T03:46:49.081+0000] {dag.py:2726} INFO - Sync 1 DAGs
[2023-06-17T03:46:49.109+0000] {logging_mixin.py:149} INFO - [2023-06-17T03:46:49.109+0000] {dag.py:3490} INFO - Setting next_dagrun for example_task_group_decorator to 2023-06-16T03:46:49.109588+00:00, run_after=2023-06-17T03:46:49.109588+00:00
[2023-06-17T03:46:49.140+0000] {processor.py:179} INFO - Processing /home/airflow/.local/lib/python3.7/site-packages/airflow/example_dags/example_task_group_decorator.py took 0.184 seconds
[2023-06-17T03:47:19.191+0000] {processor.py:157} INFO - Started process (PID=1433) to work on /home/airflow/.local/lib/python3.7/site-packages/airflow/example_dags/example_task_group_decorator.py
[2023-06-17T03:47:19.196+0000] {processor.py:826} INFO - Processing file /home/airflow/.local/lib/python3.7/site-packages/airflow/example_dags/example_task_group_decorator.py for tasks to queue
[2023-06-17T03:47:19.197+0000] {logging_mixin.py:149} INFO - [2023-06-17T03:47:19.197+0000] {dagbag.py:541} INFO - Filling up the DagBag from /home/airflow/.local/lib/python3.7/site-packages/airflow/example_dags/example_task_group_decorator.py
[2023-06-17T03:47:19.213+0000] {processor.py:836} INFO - DAG(s) dict_keys(['example_task_group_decorator']) retrieved from /home/airflow/.local/lib/python3.7/site-packages/airflow/example_dags/example_task_group_decorator.py
[2023-06-17T03:47:19.241+0000] {logging_mixin.py:149} INFO - [2023-06-17T03:47:19.241+0000] {dag.py:2726} INFO - Sync 1 DAGs
[2023-06-17T03:47:19.268+0000] {logging_mixin.py:149} INFO - [2023-06-17T03:47:19.268+0000] {dag.py:3490} INFO - Setting next_dagrun for example_task_group_decorator to 2023-06-16T03:47:19.268304+00:00, run_after=2023-06-17T03:47:19.268304+00:00
[2023-06-17T03:47:19.291+0000] {processor.py:179} INFO - Processing /home/airflow/.local/lib/python3.7/site-packages/airflow/example_dags/example_task_group_decorator.py took 0.103 seconds
[2023-06-17T03:47:50.175+0000] {processor.py:157} INFO - Started process (PID=1494) to work on /home/airflow/.local/lib/python3.7/site-packages/airflow/example_dags/example_task_group_decorator.py
[2023-06-17T03:47:50.186+0000] {processor.py:826} INFO - Processing file /home/airflow/.local/lib/python3.7/site-packages/airflow/example_dags/example_task_group_decorator.py for tasks to queue
[2023-06-17T03:47:50.187+0000] {logging_mixin.py:149} INFO - [2023-06-17T03:47:50.186+0000] {dagbag.py:541} INFO - Filling up the DagBag from /home/airflow/.local/lib/python3.7/site-packages/airflow/example_dags/example_task_group_decorator.py
[2023-06-17T03:47:50.203+0000] {processor.py:836} INFO - DAG(s) dict_keys(['example_task_group_decorator']) retrieved from /home/airflow/.local/lib/python3.7/site-packages/airflow/example_dags/example_task_group_decorator.py
[2023-06-17T03:47:50.244+0000] {logging_mixin.py:149} INFO - [2023-06-17T03:47:50.244+0000] {dag.py:2726} INFO - Sync 1 DAGs
[2023-06-17T03:47:50.288+0000] {logging_mixin.py:149} INFO - [2023-06-17T03:47:50.288+0000] {dag.py:3490} INFO - Setting next_dagrun for example_task_group_decorator to 2023-06-16T03:47:50.287960+00:00, run_after=2023-06-17T03:47:50.287960+00:00
[2023-06-17T03:47:50.325+0000] {processor.py:179} INFO - Processing /home/airflow/.local/lib/python3.7/site-packages/airflow/example_dags/example_task_group_decorator.py took 0.153 seconds
[2023-06-17T03:48:20.824+0000] {processor.py:157} INFO - Started process (PID=1555) to work on /home/airflow/.local/lib/python3.7/site-packages/airflow/example_dags/example_task_group_decorator.py
[2023-06-17T03:48:20.829+0000] {processor.py:826} INFO - Processing file /home/airflow/.local/lib/python3.7/site-packages/airflow/example_dags/example_task_group_decorator.py for tasks to queue
[2023-06-17T03:48:20.829+0000] {logging_mixin.py:149} INFO - [2023-06-17T03:48:20.829+0000] {dagbag.py:541} INFO - Filling up the DagBag from /home/airflow/.local/lib/python3.7/site-packages/airflow/example_dags/example_task_group_decorator.py
[2023-06-17T03:48:20.843+0000] {processor.py:836} INFO - DAG(s) dict_keys(['example_task_group_decorator']) retrieved from /home/airflow/.local/lib/python3.7/site-packages/airflow/example_dags/example_task_group_decorator.py
[2023-06-17T03:48:20.871+0000] {logging_mixin.py:149} INFO - [2023-06-17T03:48:20.871+0000] {dag.py:2726} INFO - Sync 1 DAGs
[2023-06-17T03:48:20.900+0000] {logging_mixin.py:149} INFO - [2023-06-17T03:48:20.900+0000] {dag.py:3490} INFO - Setting next_dagrun for example_task_group_decorator to 2023-06-16T03:48:20.899978+00:00, run_after=2023-06-17T03:48:20.899978+00:00
[2023-06-17T03:48:20.927+0000] {processor.py:179} INFO - Processing /home/airflow/.local/lib/python3.7/site-packages/airflow/example_dags/example_task_group_decorator.py took 0.105 seconds
[2023-06-17T03:48:51.410+0000] {processor.py:157} INFO - Started process (PID=1616) to work on /home/airflow/.local/lib/python3.7/site-packages/airflow/example_dags/example_task_group_decorator.py
[2023-06-17T03:48:51.417+0000] {processor.py:826} INFO - Processing file /home/airflow/.local/lib/python3.7/site-packages/airflow/example_dags/example_task_group_decorator.py for tasks to queue
[2023-06-17T03:48:51.418+0000] {logging_mixin.py:149} INFO - [2023-06-17T03:48:51.418+0000] {dagbag.py:541} INFO - Filling up the DagBag from /home/airflow/.local/lib/python3.7/site-packages/airflow/example_dags/example_task_group_decorator.py
[2023-06-17T03:48:51.432+0000] {processor.py:836} INFO - DAG(s) dict_keys(['example_task_group_decorator']) retrieved from /home/airflow/.local/lib/python3.7/site-packages/airflow/example_dags/example_task_group_decorator.py
[2023-06-17T03:48:51.467+0000] {logging_mixin.py:149} INFO - [2023-06-17T03:48:51.467+0000] {dag.py:2726} INFO - Sync 1 DAGs
[2023-06-17T03:48:51.506+0000] {logging_mixin.py:149} INFO - [2023-06-17T03:48:51.506+0000] {dag.py:3490} INFO - Setting next_dagrun for example_task_group_decorator to 2023-06-16T03:48:51.506209+00:00, run_after=2023-06-17T03:48:51.506209+00:00
[2023-06-17T03:48:51.537+0000] {processor.py:179} INFO - Processing /home/airflow/.local/lib/python3.7/site-packages/airflow/example_dags/example_task_group_decorator.py took 0.130 seconds
[2023-06-17T03:49:22.392+0000] {processor.py:157} INFO - Started process (PID=1678) to work on /home/airflow/.local/lib/python3.7/site-packages/airflow/example_dags/example_task_group_decorator.py
[2023-06-17T03:49:22.401+0000] {processor.py:826} INFO - Processing file /home/airflow/.local/lib/python3.7/site-packages/airflow/example_dags/example_task_group_decorator.py for tasks to queue
[2023-06-17T03:49:22.401+0000] {logging_mixin.py:149} INFO - [2023-06-17T03:49:22.401+0000] {dagbag.py:541} INFO - Filling up the DagBag from /home/airflow/.local/lib/python3.7/site-packages/airflow/example_dags/example_task_group_decorator.py
[2023-06-17T03:49:22.416+0000] {processor.py:836} INFO - DAG(s) dict_keys(['example_task_group_decorator']) retrieved from /home/airflow/.local/lib/python3.7/site-packages/airflow/example_dags/example_task_group_decorator.py
[2023-06-17T03:49:22.444+0000] {logging_mixin.py:149} INFO - [2023-06-17T03:49:22.444+0000] {dag.py:2726} INFO - Sync 1 DAGs
[2023-06-17T03:49:22.473+0000] {logging_mixin.py:149} INFO - [2023-06-17T03:49:22.473+0000] {dag.py:3490} INFO - Setting next_dagrun for example_task_group_decorator to 2023-06-16T03:49:22.473214+00:00, run_after=2023-06-17T03:49:22.473214+00:00
[2023-06-17T03:49:22.501+0000] {processor.py:179} INFO - Processing /home/airflow/.local/lib/python3.7/site-packages/airflow/example_dags/example_task_group_decorator.py took 0.112 seconds
