[2023-06-17T02:16:46.507+0000] {processor.py:157} INFO - Started process (PID=63) to work on /home/airflow/.local/lib/python3.7/site-packages/airflow/example_dags/example_bash_operator.py
[2023-06-17T02:16:46.509+0000] {processor.py:826} INFO - Processing file /home/airflow/.local/lib/python3.7/site-packages/airflow/example_dags/example_bash_operator.py for tasks to queue
[2023-06-17T02:16:46.515+0000] {logging_mixin.py:149} INFO - [2023-06-17T02:16:46.514+0000] {dagbag.py:541} INFO - Filling up the DagBag from /home/airflow/.local/lib/python3.7/site-packages/airflow/example_dags/example_bash_operator.py
[2023-06-17T02:16:46.569+0000] {processor.py:836} INFO - DAG(s) dict_keys(['example_bash_operator']) retrieved from /home/airflow/.local/lib/python3.7/site-packages/airflow/example_dags/example_bash_operator.py
[2023-06-17T02:16:46.759+0000] {logging_mixin.py:149} INFO - [2023-06-17T02:16:46.758+0000] {dag.py:2726} INFO - Sync 1 DAGs
[2023-06-17T02:16:46.871+0000] {logging_mixin.py:149} INFO - [2023-06-17T02:16:46.870+0000] {dag.py:3490} INFO - Setting next_dagrun for example_bash_operator to 2023-06-16T00:00:00+00:00, run_after=2023-06-17T00:00:00+00:00
[2023-06-17T02:16:46.951+0000] {processor.py:179} INFO - Processing /home/airflow/.local/lib/python3.7/site-packages/airflow/example_dags/example_bash_operator.py took 0.450 seconds
[2023-06-17T02:18:07.490+0000] {processor.py:157} INFO - Started process (PID=131) to work on /home/airflow/.local/lib/python3.7/site-packages/airflow/example_dags/example_bash_operator.py
[2023-06-17T02:18:07.699+0000] {processor.py:826} INFO - Processing file /home/airflow/.local/lib/python3.7/site-packages/airflow/example_dags/example_bash_operator.py for tasks to queue
[2023-06-17T02:18:07.701+0000] {logging_mixin.py:149} INFO - [2023-06-17T02:18:07.701+0000] {dagbag.py:541} INFO - Filling up the DagBag from /home/airflow/.local/lib/python3.7/site-packages/airflow/example_dags/example_bash_operator.py
[2023-06-17T02:18:07.807+0000] {processor.py:836} INFO - DAG(s) dict_keys(['example_bash_operator']) retrieved from /home/airflow/.local/lib/python3.7/site-packages/airflow/example_dags/example_bash_operator.py
[2023-06-17T02:18:07.847+0000] {logging_mixin.py:149} INFO - [2023-06-17T02:18:07.847+0000] {dag.py:2726} INFO - Sync 1 DAGs
[2023-06-17T02:18:07.874+0000] {logging_mixin.py:149} INFO - [2023-06-17T02:18:07.873+0000] {dag.py:3490} INFO - Setting next_dagrun for example_bash_operator to 2023-06-16T00:00:00+00:00, run_after=2023-06-17T00:00:00+00:00
[2023-06-17T02:18:08.340+0000] {processor.py:179} INFO - Processing /home/airflow/.local/lib/python3.7/site-packages/airflow/example_dags/example_bash_operator.py took 0.860 seconds
[2023-06-17T02:18:39.766+0000] {processor.py:157} INFO - Started process (PID=190) to work on /home/airflow/.local/lib/python3.7/site-packages/airflow/example_dags/example_bash_operator.py
[2023-06-17T02:18:39.905+0000] {processor.py:826} INFO - Processing file /home/airflow/.local/lib/python3.7/site-packages/airflow/example_dags/example_bash_operator.py for tasks to queue
[2023-06-17T02:18:39.907+0000] {logging_mixin.py:149} INFO - [2023-06-17T02:18:39.907+0000] {dagbag.py:541} INFO - Filling up the DagBag from /home/airflow/.local/lib/python3.7/site-packages/airflow/example_dags/example_bash_operator.py
[2023-06-17T02:18:39.946+0000] {processor.py:836} INFO - DAG(s) dict_keys(['example_bash_operator']) retrieved from /home/airflow/.local/lib/python3.7/site-packages/airflow/example_dags/example_bash_operator.py
[2023-06-17T02:18:39.987+0000] {logging_mixin.py:149} INFO - [2023-06-17T02:18:39.987+0000] {dag.py:2726} INFO - Sync 1 DAGs
[2023-06-17T02:18:40.014+0000] {logging_mixin.py:149} INFO - [2023-06-17T02:18:40.014+0000] {dag.py:3490} INFO - Setting next_dagrun for example_bash_operator to 2023-06-16T00:00:00+00:00, run_after=2023-06-17T00:00:00+00:00
[2023-06-17T02:18:40.178+0000] {processor.py:179} INFO - Processing /home/airflow/.local/lib/python3.7/site-packages/airflow/example_dags/example_bash_operator.py took 0.414 seconds
[2023-06-17T02:19:10.999+0000] {processor.py:157} INFO - Started process (PID=242) to work on /home/airflow/.local/lib/python3.7/site-packages/airflow/example_dags/example_bash_operator.py
[2023-06-17T02:19:11.000+0000] {processor.py:826} INFO - Processing file /home/airflow/.local/lib/python3.7/site-packages/airflow/example_dags/example_bash_operator.py for tasks to queue
[2023-06-17T02:19:11.001+0000] {logging_mixin.py:149} INFO - [2023-06-17T02:19:11.001+0000] {dagbag.py:541} INFO - Filling up the DagBag from /home/airflow/.local/lib/python3.7/site-packages/airflow/example_dags/example_bash_operator.py
[2023-06-17T02:19:11.015+0000] {processor.py:836} INFO - DAG(s) dict_keys(['example_bash_operator']) retrieved from /home/airflow/.local/lib/python3.7/site-packages/airflow/example_dags/example_bash_operator.py
[2023-06-17T02:19:11.066+0000] {logging_mixin.py:149} INFO - [2023-06-17T02:19:11.066+0000] {dag.py:2726} INFO - Sync 1 DAGs
[2023-06-17T02:19:11.096+0000] {logging_mixin.py:149} INFO - [2023-06-17T02:19:11.095+0000] {dag.py:3490} INFO - Setting next_dagrun for example_bash_operator to 2023-06-16T00:00:00+00:00, run_after=2023-06-17T00:00:00+00:00
[2023-06-17T02:19:11.161+0000] {processor.py:179} INFO - Processing /home/airflow/.local/lib/python3.7/site-packages/airflow/example_dags/example_bash_operator.py took 0.164 seconds
[2023-06-17T02:19:42.137+0000] {processor.py:157} INFO - Started process (PID=303) to work on /home/airflow/.local/lib/python3.7/site-packages/airflow/example_dags/example_bash_operator.py
[2023-06-17T02:19:42.233+0000] {processor.py:826} INFO - Processing file /home/airflow/.local/lib/python3.7/site-packages/airflow/example_dags/example_bash_operator.py for tasks to queue
[2023-06-17T02:19:42.236+0000] {logging_mixin.py:149} INFO - [2023-06-17T02:19:42.235+0000] {dagbag.py:541} INFO - Filling up the DagBag from /home/airflow/.local/lib/python3.7/site-packages/airflow/example_dags/example_bash_operator.py
[2023-06-17T02:19:42.383+0000] {processor.py:836} INFO - DAG(s) dict_keys(['example_bash_operator']) retrieved from /home/airflow/.local/lib/python3.7/site-packages/airflow/example_dags/example_bash_operator.py
[2023-06-17T02:19:42.426+0000] {logging_mixin.py:149} INFO - [2023-06-17T02:19:42.426+0000] {dag.py:2726} INFO - Sync 1 DAGs
[2023-06-17T02:19:42.453+0000] {logging_mixin.py:149} INFO - [2023-06-17T02:19:42.453+0000] {dag.py:3490} INFO - Setting next_dagrun for example_bash_operator to 2023-06-16T00:00:00+00:00, run_after=2023-06-17T00:00:00+00:00
[2023-06-17T02:19:42.567+0000] {processor.py:179} INFO - Processing /home/airflow/.local/lib/python3.7/site-packages/airflow/example_dags/example_bash_operator.py took 0.433 seconds
[2023-06-17T02:20:13.642+0000] {processor.py:157} INFO - Started process (PID=364) to work on /home/airflow/.local/lib/python3.7/site-packages/airflow/example_dags/example_bash_operator.py
[2023-06-17T02:20:13.642+0000] {processor.py:826} INFO - Processing file /home/airflow/.local/lib/python3.7/site-packages/airflow/example_dags/example_bash_operator.py for tasks to queue
[2023-06-17T02:20:13.643+0000] {logging_mixin.py:149} INFO - [2023-06-17T02:20:13.643+0000] {dagbag.py:541} INFO - Filling up the DagBag from /home/airflow/.local/lib/python3.7/site-packages/airflow/example_dags/example_bash_operator.py
[2023-06-17T02:20:13.758+0000] {processor.py:836} INFO - DAG(s) dict_keys(['example_bash_operator']) retrieved from /home/airflow/.local/lib/python3.7/site-packages/airflow/example_dags/example_bash_operator.py
[2023-06-17T02:20:13.932+0000] {logging_mixin.py:149} INFO - [2023-06-17T02:20:13.932+0000] {dag.py:2726} INFO - Sync 1 DAGs
[2023-06-17T02:20:13.968+0000] {logging_mixin.py:149} INFO - [2023-06-17T02:20:13.968+0000] {dag.py:3490} INFO - Setting next_dagrun for example_bash_operator to 2023-06-16T00:00:00+00:00, run_after=2023-06-17T00:00:00+00:00
[2023-06-17T02:20:14.666+0000] {processor.py:179} INFO - Processing /home/airflow/.local/lib/python3.7/site-packages/airflow/example_dags/example_bash_operator.py took 1.026 seconds
[2023-06-17T02:20:46.639+0000] {processor.py:157} INFO - Started process (PID=417) to work on /home/airflow/.local/lib/python3.7/site-packages/airflow/example_dags/example_bash_operator.py
[2023-06-17T02:20:46.822+0000] {processor.py:826} INFO - Processing file /home/airflow/.local/lib/python3.7/site-packages/airflow/example_dags/example_bash_operator.py for tasks to queue
[2023-06-17T02:20:46.824+0000] {logging_mixin.py:149} INFO - [2023-06-17T02:20:46.824+0000] {dagbag.py:541} INFO - Filling up the DagBag from /home/airflow/.local/lib/python3.7/site-packages/airflow/example_dags/example_bash_operator.py
[2023-06-17T02:20:46.866+0000] {processor.py:836} INFO - DAG(s) dict_keys(['example_bash_operator']) retrieved from /home/airflow/.local/lib/python3.7/site-packages/airflow/example_dags/example_bash_operator.py
[2023-06-17T02:20:46.908+0000] {logging_mixin.py:149} INFO - [2023-06-17T02:20:46.908+0000] {dag.py:2726} INFO - Sync 1 DAGs
[2023-06-17T02:20:46.934+0000] {logging_mixin.py:149} INFO - [2023-06-17T02:20:46.934+0000] {dag.py:3490} INFO - Setting next_dagrun for example_bash_operator to 2023-06-16T00:00:00+00:00, run_after=2023-06-17T00:00:00+00:00
[2023-06-17T02:20:47.431+0000] {processor.py:179} INFO - Processing /home/airflow/.local/lib/python3.7/site-packages/airflow/example_dags/example_bash_operator.py took 0.796 seconds
[2023-06-17T02:21:19.737+0000] {processor.py:157} INFO - Started process (PID=477) to work on /home/airflow/.local/lib/python3.7/site-packages/airflow/example_dags/example_bash_operator.py
[2023-06-17T02:21:19.954+0000] {processor.py:826} INFO - Processing file /home/airflow/.local/lib/python3.7/site-packages/airflow/example_dags/example_bash_operator.py for tasks to queue
[2023-06-17T02:21:19.954+0000] {logging_mixin.py:149} INFO - [2023-06-17T02:21:19.954+0000] {dagbag.py:541} INFO - Filling up the DagBag from /home/airflow/.local/lib/python3.7/site-packages/airflow/example_dags/example_bash_operator.py
[2023-06-17T02:21:20.170+0000] {processor.py:836} INFO - DAG(s) dict_keys(['example_bash_operator']) retrieved from /home/airflow/.local/lib/python3.7/site-packages/airflow/example_dags/example_bash_operator.py
[2023-06-17T02:21:20.211+0000] {logging_mixin.py:149} INFO - [2023-06-17T02:21:20.211+0000] {dag.py:2726} INFO - Sync 1 DAGs
[2023-06-17T02:21:20.238+0000] {logging_mixin.py:149} INFO - [2023-06-17T02:21:20.238+0000] {dag.py:3490} INFO - Setting next_dagrun for example_bash_operator to 2023-06-16T00:00:00+00:00, run_after=2023-06-17T00:00:00+00:00
[2023-06-17T02:21:20.366+0000] {processor.py:179} INFO - Processing /home/airflow/.local/lib/python3.7/site-packages/airflow/example_dags/example_bash_operator.py took 0.634 seconds
[2023-06-17T02:21:52.327+0000] {processor.py:157} INFO - Started process (PID=538) to work on /home/airflow/.local/lib/python3.7/site-packages/airflow/example_dags/example_bash_operator.py
[2023-06-17T02:21:52.367+0000] {processor.py:826} INFO - Processing file /home/airflow/.local/lib/python3.7/site-packages/airflow/example_dags/example_bash_operator.py for tasks to queue
[2023-06-17T02:21:52.368+0000] {logging_mixin.py:149} INFO - [2023-06-17T02:21:52.367+0000] {dagbag.py:541} INFO - Filling up the DagBag from /home/airflow/.local/lib/python3.7/site-packages/airflow/example_dags/example_bash_operator.py
[2023-06-17T02:21:52.381+0000] {processor.py:836} INFO - DAG(s) dict_keys(['example_bash_operator']) retrieved from /home/airflow/.local/lib/python3.7/site-packages/airflow/example_dags/example_bash_operator.py
[2023-06-17T02:21:52.419+0000] {logging_mixin.py:149} INFO - [2023-06-17T02:21:52.418+0000] {dag.py:2726} INFO - Sync 1 DAGs
[2023-06-17T02:21:52.446+0000] {logging_mixin.py:149} INFO - [2023-06-17T02:21:52.446+0000] {dag.py:3490} INFO - Setting next_dagrun for example_bash_operator to 2023-06-16T00:00:00+00:00, run_after=2023-06-17T00:00:00+00:00
[2023-06-17T02:21:52.560+0000] {processor.py:179} INFO - Processing /home/airflow/.local/lib/python3.7/site-packages/airflow/example_dags/example_bash_operator.py took 0.236 seconds
[2023-06-17T02:22:23.327+0000] {processor.py:157} INFO - Started process (PID=591) to work on /home/airflow/.local/lib/python3.7/site-packages/airflow/example_dags/example_bash_operator.py
[2023-06-17T02:22:23.328+0000] {processor.py:826} INFO - Processing file /home/airflow/.local/lib/python3.7/site-packages/airflow/example_dags/example_bash_operator.py for tasks to queue
[2023-06-17T02:22:23.328+0000] {logging_mixin.py:149} INFO - [2023-06-17T02:22:23.328+0000] {dagbag.py:541} INFO - Filling up the DagBag from /home/airflow/.local/lib/python3.7/site-packages/airflow/example_dags/example_bash_operator.py
[2023-06-17T02:22:23.348+0000] {processor.py:836} INFO - DAG(s) dict_keys(['example_bash_operator']) retrieved from /home/airflow/.local/lib/python3.7/site-packages/airflow/example_dags/example_bash_operator.py
[2023-06-17T02:22:23.405+0000] {logging_mixin.py:149} INFO - [2023-06-17T02:22:23.404+0000] {dag.py:2726} INFO - Sync 1 DAGs
[2023-06-17T02:22:23.447+0000] {logging_mixin.py:149} INFO - [2023-06-17T02:22:23.447+0000] {dag.py:3490} INFO - Setting next_dagrun for example_bash_operator to 2023-06-16T00:00:00+00:00, run_after=2023-06-17T00:00:00+00:00
[2023-06-17T02:22:23.595+0000] {processor.py:179} INFO - Processing /home/airflow/.local/lib/python3.7/site-packages/airflow/example_dags/example_bash_operator.py took 0.272 seconds
[2023-06-17T02:23:15.796+0000] {processor.py:157} INFO - Started process (PID=659) to work on /home/airflow/.local/lib/python3.7/site-packages/airflow/example_dags/example_bash_operator.py
[2023-06-17T02:23:15.987+0000] {processor.py:826} INFO - Processing file /home/airflow/.local/lib/python3.7/site-packages/airflow/example_dags/example_bash_operator.py for tasks to queue
[2023-06-17T02:23:15.988+0000] {logging_mixin.py:149} INFO - [2023-06-17T02:23:15.988+0000] {dagbag.py:541} INFO - Filling up the DagBag from /home/airflow/.local/lib/python3.7/site-packages/airflow/example_dags/example_bash_operator.py
[2023-06-17T02:23:16.138+0000] {processor.py:836} INFO - DAG(s) dict_keys(['example_bash_operator']) retrieved from /home/airflow/.local/lib/python3.7/site-packages/airflow/example_dags/example_bash_operator.py
[2023-06-17T02:23:16.180+0000] {logging_mixin.py:149} INFO - [2023-06-17T02:23:16.180+0000] {dag.py:2726} INFO - Sync 1 DAGs
[2023-06-17T02:23:16.206+0000] {logging_mixin.py:149} INFO - [2023-06-17T02:23:16.206+0000] {dag.py:3490} INFO - Setting next_dagrun for example_bash_operator to 2023-06-16T00:00:00+00:00, run_after=2023-06-17T00:00:00+00:00
[2023-06-17T02:23:16.399+0000] {processor.py:179} INFO - Processing /home/airflow/.local/lib/python3.7/site-packages/airflow/example_dags/example_bash_operator.py took 0.607 seconds
[2023-06-17T02:23:46.848+0000] {processor.py:157} INFO - Started process (PID=720) to work on /home/airflow/.local/lib/python3.7/site-packages/airflow/example_dags/example_bash_operator.py
[2023-06-17T02:23:46.849+0000] {processor.py:826} INFO - Processing file /home/airflow/.local/lib/python3.7/site-packages/airflow/example_dags/example_bash_operator.py for tasks to queue
[2023-06-17T02:23:46.849+0000] {logging_mixin.py:149} INFO - [2023-06-17T02:23:46.849+0000] {dagbag.py:541} INFO - Filling up the DagBag from /home/airflow/.local/lib/python3.7/site-packages/airflow/example_dags/example_bash_operator.py
[2023-06-17T02:23:46.866+0000] {processor.py:836} INFO - DAG(s) dict_keys(['example_bash_operator']) retrieved from /home/airflow/.local/lib/python3.7/site-packages/airflow/example_dags/example_bash_operator.py
[2023-06-17T02:23:46.922+0000] {logging_mixin.py:149} INFO - [2023-06-17T02:23:46.922+0000] {dag.py:2726} INFO - Sync 1 DAGs
[2023-06-17T02:23:46.956+0000] {logging_mixin.py:149} INFO - [2023-06-17T02:23:46.956+0000] {dag.py:3490} INFO - Setting next_dagrun for example_bash_operator to 2023-06-16T00:00:00+00:00, run_after=2023-06-17T00:00:00+00:00
[2023-06-17T02:23:47.047+0000] {processor.py:179} INFO - Processing /home/airflow/.local/lib/python3.7/site-packages/airflow/example_dags/example_bash_operator.py took 0.204 seconds
[2023-06-17T02:24:17.813+0000] {processor.py:157} INFO - Started process (PID=781) to work on /home/airflow/.local/lib/python3.7/site-packages/airflow/example_dags/example_bash_operator.py
[2023-06-17T02:24:17.821+0000] {processor.py:826} INFO - Processing file /home/airflow/.local/lib/python3.7/site-packages/airflow/example_dags/example_bash_operator.py for tasks to queue
[2023-06-17T02:24:17.822+0000] {logging_mixin.py:149} INFO - [2023-06-17T02:24:17.822+0000] {dagbag.py:541} INFO - Filling up the DagBag from /home/airflow/.local/lib/python3.7/site-packages/airflow/example_dags/example_bash_operator.py
[2023-06-17T02:24:17.838+0000] {processor.py:836} INFO - DAG(s) dict_keys(['example_bash_operator']) retrieved from /home/airflow/.local/lib/python3.7/site-packages/airflow/example_dags/example_bash_operator.py
[2023-06-17T02:24:17.885+0000] {logging_mixin.py:149} INFO - [2023-06-17T02:24:17.884+0000] {dag.py:2726} INFO - Sync 1 DAGs
[2023-06-17T02:24:17.914+0000] {logging_mixin.py:149} INFO - [2023-06-17T02:24:17.914+0000] {dag.py:3490} INFO - Setting next_dagrun for example_bash_operator to 2023-06-16T00:00:00+00:00, run_after=2023-06-17T00:00:00+00:00
[2023-06-17T02:24:17.941+0000] {processor.py:179} INFO - Processing /home/airflow/.local/lib/python3.7/site-packages/airflow/example_dags/example_bash_operator.py took 0.131 seconds
[2023-06-17T02:24:50.569+0000] {processor.py:157} INFO - Started process (PID=841) to work on /home/airflow/.local/lib/python3.7/site-packages/airflow/example_dags/example_bash_operator.py
[2023-06-17T02:24:50.641+0000] {processor.py:826} INFO - Processing file /home/airflow/.local/lib/python3.7/site-packages/airflow/example_dags/example_bash_operator.py for tasks to queue
[2023-06-17T02:24:50.643+0000] {logging_mixin.py:149} INFO - [2023-06-17T02:24:50.642+0000] {dagbag.py:541} INFO - Filling up the DagBag from /home/airflow/.local/lib/python3.7/site-packages/airflow/example_dags/example_bash_operator.py
[2023-06-17T02:24:50.682+0000] {processor.py:836} INFO - DAG(s) dict_keys(['example_bash_operator']) retrieved from /home/airflow/.local/lib/python3.7/site-packages/airflow/example_dags/example_bash_operator.py
[2023-06-17T02:24:50.723+0000] {logging_mixin.py:149} INFO - [2023-06-17T02:24:50.723+0000] {dag.py:2726} INFO - Sync 1 DAGs
[2023-06-17T02:24:50.749+0000] {logging_mixin.py:149} INFO - [2023-06-17T02:24:50.749+0000] {dag.py:3490} INFO - Setting next_dagrun for example_bash_operator to 2023-06-16T00:00:00+00:00, run_after=2023-06-17T00:00:00+00:00
[2023-06-17T02:24:51.001+0000] {processor.py:179} INFO - Processing /home/airflow/.local/lib/python3.7/site-packages/airflow/example_dags/example_bash_operator.py took 0.435 seconds
[2023-06-17T02:25:30.572+0000] {processor.py:157} INFO - Started process (PID=910) to work on /home/airflow/.local/lib/python3.7/site-packages/airflow/example_dags/example_bash_operator.py
[2023-06-17T02:25:30.590+0000] {processor.py:826} INFO - Processing file /home/airflow/.local/lib/python3.7/site-packages/airflow/example_dags/example_bash_operator.py for tasks to queue
[2023-06-17T02:25:30.591+0000] {logging_mixin.py:149} INFO - [2023-06-17T02:25:30.591+0000] {dagbag.py:541} INFO - Filling up the DagBag from /home/airflow/.local/lib/python3.7/site-packages/airflow/example_dags/example_bash_operator.py
[2023-06-17T02:25:30.605+0000] {processor.py:836} INFO - DAG(s) dict_keys(['example_bash_operator']) retrieved from /home/airflow/.local/lib/python3.7/site-packages/airflow/example_dags/example_bash_operator.py
[2023-06-17T02:25:30.650+0000] {logging_mixin.py:149} INFO - [2023-06-17T02:25:30.649+0000] {dag.py:2726} INFO - Sync 1 DAGs
[2023-06-17T02:25:30.681+0000] {logging_mixin.py:149} INFO - [2023-06-17T02:25:30.681+0000] {dag.py:3490} INFO - Setting next_dagrun for example_bash_operator to 2023-06-16T00:00:00+00:00, run_after=2023-06-17T00:00:00+00:00
[2023-06-17T02:25:30.721+0000] {processor.py:179} INFO - Processing /home/airflow/.local/lib/python3.7/site-packages/airflow/example_dags/example_bash_operator.py took 0.153 seconds
[2023-06-17T02:26:01.711+0000] {processor.py:157} INFO - Started process (PID=971) to work on /home/airflow/.local/lib/python3.7/site-packages/airflow/example_dags/example_bash_operator.py
[2023-06-17T02:26:01.720+0000] {processor.py:826} INFO - Processing file /home/airflow/.local/lib/python3.7/site-packages/airflow/example_dags/example_bash_operator.py for tasks to queue
[2023-06-17T02:26:01.726+0000] {logging_mixin.py:149} INFO - [2023-06-17T02:26:01.725+0000] {dagbag.py:541} INFO - Filling up the DagBag from /home/airflow/.local/lib/python3.7/site-packages/airflow/example_dags/example_bash_operator.py
[2023-06-17T02:26:01.775+0000] {processor.py:836} INFO - DAG(s) dict_keys(['example_bash_operator']) retrieved from /home/airflow/.local/lib/python3.7/site-packages/airflow/example_dags/example_bash_operator.py
[2023-06-17T02:26:01.911+0000] {logging_mixin.py:149} INFO - [2023-06-17T02:26:01.910+0000] {dag.py:2726} INFO - Sync 1 DAGs
[2023-06-17T02:26:01.999+0000] {logging_mixin.py:149} INFO - [2023-06-17T02:26:01.998+0000] {dag.py:3490} INFO - Setting next_dagrun for example_bash_operator to 2023-06-16T00:00:00+00:00, run_after=2023-06-17T00:00:00+00:00
[2023-06-17T02:26:02.061+0000] {processor.py:179} INFO - Processing /home/airflow/.local/lib/python3.7/site-packages/airflow/example_dags/example_bash_operator.py took 0.358 seconds
[2023-06-17T02:26:32.919+0000] {processor.py:157} INFO - Started process (PID=1032) to work on /home/airflow/.local/lib/python3.7/site-packages/airflow/example_dags/example_bash_operator.py
[2023-06-17T02:26:32.920+0000] {processor.py:826} INFO - Processing file /home/airflow/.local/lib/python3.7/site-packages/airflow/example_dags/example_bash_operator.py for tasks to queue
[2023-06-17T02:26:32.921+0000] {logging_mixin.py:149} INFO - [2023-06-17T02:26:32.921+0000] {dagbag.py:541} INFO - Filling up the DagBag from /home/airflow/.local/lib/python3.7/site-packages/airflow/example_dags/example_bash_operator.py
[2023-06-17T02:26:32.941+0000] {processor.py:836} INFO - DAG(s) dict_keys(['example_bash_operator']) retrieved from /home/airflow/.local/lib/python3.7/site-packages/airflow/example_dags/example_bash_operator.py
[2023-06-17T02:26:33.001+0000] {logging_mixin.py:149} INFO - [2023-06-17T02:26:33.000+0000] {dag.py:2726} INFO - Sync 1 DAGs
[2023-06-17T02:26:33.046+0000] {logging_mixin.py:149} INFO - [2023-06-17T02:26:33.046+0000] {dag.py:3490} INFO - Setting next_dagrun for example_bash_operator to 2023-06-16T00:00:00+00:00, run_after=2023-06-17T00:00:00+00:00
[2023-06-17T02:26:33.081+0000] {processor.py:179} INFO - Processing /home/airflow/.local/lib/python3.7/site-packages/airflow/example_dags/example_bash_operator.py took 0.165 seconds
[2023-06-17T02:27:17.579+0000] {processor.py:157} INFO - Started process (PID=1096) to work on /home/airflow/.local/lib/python3.7/site-packages/airflow/example_dags/example_bash_operator.py
[2023-06-17T02:27:17.728+0000] {processor.py:826} INFO - Processing file /home/airflow/.local/lib/python3.7/site-packages/airflow/example_dags/example_bash_operator.py for tasks to queue
[2023-06-17T02:27:17.730+0000] {logging_mixin.py:149} INFO - [2023-06-17T02:27:17.730+0000] {dagbag.py:541} INFO - Filling up the DagBag from /home/airflow/.local/lib/python3.7/site-packages/airflow/example_dags/example_bash_operator.py
[2023-06-17T02:27:17.920+0000] {processor.py:836} INFO - DAG(s) dict_keys(['example_bash_operator']) retrieved from /home/airflow/.local/lib/python3.7/site-packages/airflow/example_dags/example_bash_operator.py
[2023-06-17T02:27:18.170+0000] {logging_mixin.py:149} INFO - [2023-06-17T02:27:18.169+0000] {dag.py:2726} INFO - Sync 1 DAGs
[2023-06-17T02:27:18.198+0000] {logging_mixin.py:149} INFO - [2023-06-17T02:27:18.198+0000] {dag.py:3490} INFO - Setting next_dagrun for example_bash_operator to 2023-06-16T00:00:00+00:00, run_after=2023-06-17T00:00:00+00:00
[2023-06-17T02:27:18.505+0000] {processor.py:179} INFO - Processing /home/airflow/.local/lib/python3.7/site-packages/airflow/example_dags/example_bash_operator.py took 0.930 seconds
[2023-06-17T02:27:48.881+0000] {processor.py:157} INFO - Started process (PID=1157) to work on /home/airflow/.local/lib/python3.7/site-packages/airflow/example_dags/example_bash_operator.py
[2023-06-17T02:27:49.005+0000] {processor.py:826} INFO - Processing file /home/airflow/.local/lib/python3.7/site-packages/airflow/example_dags/example_bash_operator.py for tasks to queue
[2023-06-17T02:27:49.006+0000] {logging_mixin.py:149} INFO - [2023-06-17T02:27:49.006+0000] {dagbag.py:541} INFO - Filling up the DagBag from /home/airflow/.local/lib/python3.7/site-packages/airflow/example_dags/example_bash_operator.py
[2023-06-17T02:27:49.021+0000] {processor.py:836} INFO - DAG(s) dict_keys(['example_bash_operator']) retrieved from /home/airflow/.local/lib/python3.7/site-packages/airflow/example_dags/example_bash_operator.py
[2023-06-17T02:27:49.062+0000] {logging_mixin.py:149} INFO - [2023-06-17T02:27:49.061+0000] {dag.py:2726} INFO - Sync 1 DAGs
[2023-06-17T02:27:49.090+0000] {logging_mixin.py:149} INFO - [2023-06-17T02:27:49.089+0000] {dag.py:3490} INFO - Setting next_dagrun for example_bash_operator to 2023-06-16T00:00:00+00:00, run_after=2023-06-17T00:00:00+00:00
[2023-06-17T02:27:49.241+0000] {processor.py:179} INFO - Processing /home/airflow/.local/lib/python3.7/site-packages/airflow/example_dags/example_bash_operator.py took 0.362 seconds
[2023-06-17T02:28:19.391+0000] {processor.py:157} INFO - Started process (PID=1218) to work on /home/airflow/.local/lib/python3.7/site-packages/airflow/example_dags/example_bash_operator.py
[2023-06-17T02:28:19.391+0000] {processor.py:826} INFO - Processing file /home/airflow/.local/lib/python3.7/site-packages/airflow/example_dags/example_bash_operator.py for tasks to queue
[2023-06-17T02:28:19.392+0000] {logging_mixin.py:149} INFO - [2023-06-17T02:28:19.392+0000] {dagbag.py:541} INFO - Filling up the DagBag from /home/airflow/.local/lib/python3.7/site-packages/airflow/example_dags/example_bash_operator.py
[2023-06-17T02:28:19.406+0000] {processor.py:836} INFO - DAG(s) dict_keys(['example_bash_operator']) retrieved from /home/airflow/.local/lib/python3.7/site-packages/airflow/example_dags/example_bash_operator.py
[2023-06-17T02:28:19.449+0000] {logging_mixin.py:149} INFO - [2023-06-17T02:28:19.449+0000] {dag.py:2726} INFO - Sync 1 DAGs
[2023-06-17T02:28:19.477+0000] {logging_mixin.py:149} INFO - [2023-06-17T02:28:19.477+0000] {dag.py:3490} INFO - Setting next_dagrun for example_bash_operator to 2023-06-16T00:00:00+00:00, run_after=2023-06-17T00:00:00+00:00
[2023-06-17T02:28:19.608+0000] {processor.py:179} INFO - Processing /home/airflow/.local/lib/python3.7/site-packages/airflow/example_dags/example_bash_operator.py took 0.220 seconds
[2023-06-17T02:28:51.159+0000] {processor.py:157} INFO - Started process (PID=1278) to work on /home/airflow/.local/lib/python3.7/site-packages/airflow/example_dags/example_bash_operator.py
[2023-06-17T02:28:51.265+0000] {processor.py:826} INFO - Processing file /home/airflow/.local/lib/python3.7/site-packages/airflow/example_dags/example_bash_operator.py for tasks to queue
[2023-06-17T02:28:51.266+0000] {logging_mixin.py:149} INFO - [2023-06-17T02:28:51.266+0000] {dagbag.py:541} INFO - Filling up the DagBag from /home/airflow/.local/lib/python3.7/site-packages/airflow/example_dags/example_bash_operator.py
[2023-06-17T02:28:51.602+0000] {processor.py:836} INFO - DAG(s) dict_keys(['example_bash_operator']) retrieved from /home/airflow/.local/lib/python3.7/site-packages/airflow/example_dags/example_bash_operator.py
[2023-06-17T02:28:51.687+0000] {logging_mixin.py:149} INFO - [2023-06-17T02:28:51.687+0000] {dag.py:2726} INFO - Sync 1 DAGs
[2023-06-17T02:28:51.731+0000] {logging_mixin.py:149} INFO - [2023-06-17T02:28:51.731+0000] {dag.py:3490} INFO - Setting next_dagrun for example_bash_operator to 2023-06-16T00:00:00+00:00, run_after=2023-06-17T00:00:00+00:00
[2023-06-17T02:28:52.096+0000] {processor.py:179} INFO - Processing /home/airflow/.local/lib/python3.7/site-packages/airflow/example_dags/example_bash_operator.py took 0.942 seconds
[2023-06-17T02:29:22.662+0000] {processor.py:157} INFO - Started process (PID=1331) to work on /home/airflow/.local/lib/python3.7/site-packages/airflow/example_dags/example_bash_operator.py
[2023-06-17T02:29:22.727+0000] {processor.py:826} INFO - Processing file /home/airflow/.local/lib/python3.7/site-packages/airflow/example_dags/example_bash_operator.py for tasks to queue
[2023-06-17T02:29:22.727+0000] {logging_mixin.py:149} INFO - [2023-06-17T02:29:22.727+0000] {dagbag.py:541} INFO - Filling up the DagBag from /home/airflow/.local/lib/python3.7/site-packages/airflow/example_dags/example_bash_operator.py
[2023-06-17T02:29:22.741+0000] {processor.py:836} INFO - DAG(s) dict_keys(['example_bash_operator']) retrieved from /home/airflow/.local/lib/python3.7/site-packages/airflow/example_dags/example_bash_operator.py
[2023-06-17T02:29:22.782+0000] {logging_mixin.py:149} INFO - [2023-06-17T02:29:22.782+0000] {dag.py:2726} INFO - Sync 1 DAGs
[2023-06-17T02:29:22.809+0000] {logging_mixin.py:149} INFO - [2023-06-17T02:29:22.809+0000] {dag.py:3490} INFO - Setting next_dagrun for example_bash_operator to 2023-06-16T00:00:00+00:00, run_after=2023-06-17T00:00:00+00:00
[2023-06-17T02:29:22.942+0000] {processor.py:179} INFO - Processing /home/airflow/.local/lib/python3.7/site-packages/airflow/example_dags/example_bash_operator.py took 0.282 seconds
[2023-06-17T02:32:17.974+0000] {processor.py:157} INFO - Started process (PID=1412) to work on /home/airflow/.local/lib/python3.7/site-packages/airflow/example_dags/example_bash_operator.py
[2023-06-17T02:32:18.020+0000] {processor.py:826} INFO - Processing file /home/airflow/.local/lib/python3.7/site-packages/airflow/example_dags/example_bash_operator.py for tasks to queue
[2023-06-17T02:32:18.022+0000] {logging_mixin.py:149} INFO - [2023-06-17T02:32:18.021+0000] {dagbag.py:541} INFO - Filling up the DagBag from /home/airflow/.local/lib/python3.7/site-packages/airflow/example_dags/example_bash_operator.py
[2023-06-17T02:32:18.062+0000] {processor.py:836} INFO - DAG(s) dict_keys(['example_bash_operator']) retrieved from /home/airflow/.local/lib/python3.7/site-packages/airflow/example_dags/example_bash_operator.py
[2023-06-17T02:32:18.102+0000] {logging_mixin.py:149} INFO - [2023-06-17T02:32:18.102+0000] {dag.py:2726} INFO - Sync 1 DAGs
[2023-06-17T02:32:18.128+0000] {logging_mixin.py:149} INFO - [2023-06-17T02:32:18.128+0000] {dag.py:3490} INFO - Setting next_dagrun for example_bash_operator to 2023-06-16T00:00:00+00:00, run_after=2023-06-17T00:00:00+00:00
[2023-06-17T02:32:18.337+0000] {processor.py:179} INFO - Processing /home/airflow/.local/lib/python3.7/site-packages/airflow/example_dags/example_bash_operator.py took 0.366 seconds
[2023-06-17T02:32:48.857+0000] {processor.py:157} INFO - Started process (PID=1471) to work on /home/airflow/.local/lib/python3.7/site-packages/airflow/example_dags/example_bash_operator.py
[2023-06-17T02:32:48.913+0000] {processor.py:826} INFO - Processing file /home/airflow/.local/lib/python3.7/site-packages/airflow/example_dags/example_bash_operator.py for tasks to queue
[2023-06-17T02:32:48.915+0000] {logging_mixin.py:149} INFO - [2023-06-17T02:32:48.915+0000] {dagbag.py:541} INFO - Filling up the DagBag from /home/airflow/.local/lib/python3.7/site-packages/airflow/example_dags/example_bash_operator.py
[2023-06-17T02:32:48.952+0000] {processor.py:836} INFO - DAG(s) dict_keys(['example_bash_operator']) retrieved from /home/airflow/.local/lib/python3.7/site-packages/airflow/example_dags/example_bash_operator.py
[2023-06-17T02:32:48.994+0000] {logging_mixin.py:149} INFO - [2023-06-17T02:32:48.993+0000] {dag.py:2726} INFO - Sync 1 DAGs
[2023-06-17T02:32:49.020+0000] {logging_mixin.py:149} INFO - [2023-06-17T02:32:49.020+0000] {dag.py:3490} INFO - Setting next_dagrun for example_bash_operator to 2023-06-16T00:00:00+00:00, run_after=2023-06-17T00:00:00+00:00
[2023-06-17T02:32:49.174+0000] {processor.py:179} INFO - Processing /home/airflow/.local/lib/python3.7/site-packages/airflow/example_dags/example_bash_operator.py took 0.321 seconds
[2023-06-17T02:33:19.527+0000] {processor.py:157} INFO - Started process (PID=1524) to work on /home/airflow/.local/lib/python3.7/site-packages/airflow/example_dags/example_bash_operator.py
[2023-06-17T02:33:19.530+0000] {processor.py:826} INFO - Processing file /home/airflow/.local/lib/python3.7/site-packages/airflow/example_dags/example_bash_operator.py for tasks to queue
[2023-06-17T02:33:19.531+0000] {logging_mixin.py:149} INFO - [2023-06-17T02:33:19.531+0000] {dagbag.py:541} INFO - Filling up the DagBag from /home/airflow/.local/lib/python3.7/site-packages/airflow/example_dags/example_bash_operator.py
[2023-06-17T02:33:19.548+0000] {processor.py:836} INFO - DAG(s) dict_keys(['example_bash_operator']) retrieved from /home/airflow/.local/lib/python3.7/site-packages/airflow/example_dags/example_bash_operator.py
[2023-06-17T02:33:19.597+0000] {logging_mixin.py:149} INFO - [2023-06-17T02:33:19.597+0000] {dag.py:2726} INFO - Sync 1 DAGs
[2023-06-17T02:33:19.633+0000] {logging_mixin.py:149} INFO - [2023-06-17T02:33:19.633+0000] {dag.py:3490} INFO - Setting next_dagrun for example_bash_operator to 2023-06-16T00:00:00+00:00, run_after=2023-06-17T00:00:00+00:00
[2023-06-17T02:33:19.666+0000] {processor.py:179} INFO - Processing /home/airflow/.local/lib/python3.7/site-packages/airflow/example_dags/example_bash_operator.py took 0.142 seconds
[2023-06-17T02:33:50.248+0000] {processor.py:157} INFO - Started process (PID=1585) to work on /home/airflow/.local/lib/python3.7/site-packages/airflow/example_dags/example_bash_operator.py
[2023-06-17T02:33:50.257+0000] {processor.py:826} INFO - Processing file /home/airflow/.local/lib/python3.7/site-packages/airflow/example_dags/example_bash_operator.py for tasks to queue
[2023-06-17T02:33:50.258+0000] {logging_mixin.py:149} INFO - [2023-06-17T02:33:50.258+0000] {dagbag.py:541} INFO - Filling up the DagBag from /home/airflow/.local/lib/python3.7/site-packages/airflow/example_dags/example_bash_operator.py
[2023-06-17T02:33:50.281+0000] {processor.py:836} INFO - DAG(s) dict_keys(['example_bash_operator']) retrieved from /home/airflow/.local/lib/python3.7/site-packages/airflow/example_dags/example_bash_operator.py
[2023-06-17T02:33:50.329+0000] {logging_mixin.py:149} INFO - [2023-06-17T02:33:50.329+0000] {dag.py:2726} INFO - Sync 1 DAGs
[2023-06-17T02:33:50.363+0000] {logging_mixin.py:149} INFO - [2023-06-17T02:33:50.362+0000] {dag.py:3490} INFO - Setting next_dagrun for example_bash_operator to 2023-06-16T00:00:00+00:00, run_after=2023-06-17T00:00:00+00:00
[2023-06-17T02:33:50.396+0000] {processor.py:179} INFO - Processing /home/airflow/.local/lib/python3.7/site-packages/airflow/example_dags/example_bash_operator.py took 0.151 seconds
[2023-06-17T02:34:20.684+0000] {processor.py:157} INFO - Started process (PID=1646) to work on /home/airflow/.local/lib/python3.7/site-packages/airflow/example_dags/example_bash_operator.py
[2023-06-17T02:34:20.688+0000] {processor.py:826} INFO - Processing file /home/airflow/.local/lib/python3.7/site-packages/airflow/example_dags/example_bash_operator.py for tasks to queue
[2023-06-17T02:34:20.689+0000] {logging_mixin.py:149} INFO - [2023-06-17T02:34:20.689+0000] {dagbag.py:541} INFO - Filling up the DagBag from /home/airflow/.local/lib/python3.7/site-packages/airflow/example_dags/example_bash_operator.py
[2023-06-17T02:34:20.707+0000] {processor.py:836} INFO - DAG(s) dict_keys(['example_bash_operator']) retrieved from /home/airflow/.local/lib/python3.7/site-packages/airflow/example_dags/example_bash_operator.py
[2023-06-17T02:34:20.756+0000] {logging_mixin.py:149} INFO - [2023-06-17T02:34:20.756+0000] {dag.py:2726} INFO - Sync 1 DAGs
[2023-06-17T02:34:20.792+0000] {logging_mixin.py:149} INFO - [2023-06-17T02:34:20.792+0000] {dag.py:3490} INFO - Setting next_dagrun for example_bash_operator to 2023-06-16T00:00:00+00:00, run_after=2023-06-17T00:00:00+00:00
[2023-06-17T02:34:20.958+0000] {processor.py:179} INFO - Processing /home/airflow/.local/lib/python3.7/site-packages/airflow/example_dags/example_bash_operator.py took 0.277 seconds
[2023-06-17T02:34:51.068+0000] {processor.py:157} INFO - Started process (PID=1707) to work on /home/airflow/.local/lib/python3.7/site-packages/airflow/example_dags/example_bash_operator.py
[2023-06-17T02:34:51.089+0000] {processor.py:826} INFO - Processing file /home/airflow/.local/lib/python3.7/site-packages/airflow/example_dags/example_bash_operator.py for tasks to queue
[2023-06-17T02:34:51.090+0000] {logging_mixin.py:149} INFO - [2023-06-17T02:34:51.090+0000] {dagbag.py:541} INFO - Filling up the DagBag from /home/airflow/.local/lib/python3.7/site-packages/airflow/example_dags/example_bash_operator.py
[2023-06-17T02:34:51.114+0000] {processor.py:836} INFO - DAG(s) dict_keys(['example_bash_operator']) retrieved from /home/airflow/.local/lib/python3.7/site-packages/airflow/example_dags/example_bash_operator.py
[2023-06-17T02:34:51.183+0000] {logging_mixin.py:149} INFO - [2023-06-17T02:34:51.182+0000] {dag.py:2726} INFO - Sync 1 DAGs
[2023-06-17T02:34:51.228+0000] {logging_mixin.py:149} INFO - [2023-06-17T02:34:51.228+0000] {dag.py:3490} INFO - Setting next_dagrun for example_bash_operator to 2023-06-16T00:00:00+00:00, run_after=2023-06-17T00:00:00+00:00
[2023-06-17T02:34:51.370+0000] {processor.py:179} INFO - Processing /home/airflow/.local/lib/python3.7/site-packages/airflow/example_dags/example_bash_operator.py took 0.306 seconds
[2023-06-17T02:35:21.431+0000] {processor.py:157} INFO - Started process (PID=1767) to work on /home/airflow/.local/lib/python3.7/site-packages/airflow/example_dags/example_bash_operator.py
[2023-06-17T02:35:21.443+0000] {processor.py:826} INFO - Processing file /home/airflow/.local/lib/python3.7/site-packages/airflow/example_dags/example_bash_operator.py for tasks to queue
[2023-06-17T02:35:21.443+0000] {logging_mixin.py:149} INFO - [2023-06-17T02:35:21.443+0000] {dagbag.py:541} INFO - Filling up the DagBag from /home/airflow/.local/lib/python3.7/site-packages/airflow/example_dags/example_bash_operator.py
[2023-06-17T02:35:21.461+0000] {processor.py:836} INFO - DAG(s) dict_keys(['example_bash_operator']) retrieved from /home/airflow/.local/lib/python3.7/site-packages/airflow/example_dags/example_bash_operator.py
[2023-06-17T02:35:21.519+0000] {logging_mixin.py:149} INFO - [2023-06-17T02:35:21.519+0000] {dag.py:2726} INFO - Sync 1 DAGs
[2023-06-17T02:35:21.556+0000] {logging_mixin.py:149} INFO - [2023-06-17T02:35:21.555+0000] {dag.py:3490} INFO - Setting next_dagrun for example_bash_operator to 2023-06-16T00:00:00+00:00, run_after=2023-06-17T00:00:00+00:00
[2023-06-17T02:35:21.590+0000] {processor.py:179} INFO - Processing /home/airflow/.local/lib/python3.7/site-packages/airflow/example_dags/example_bash_operator.py took 0.162 seconds
[2023-06-17T02:35:52.135+0000] {processor.py:157} INFO - Started process (PID=1828) to work on /home/airflow/.local/lib/python3.7/site-packages/airflow/example_dags/example_bash_operator.py
[2023-06-17T02:35:52.146+0000] {processor.py:826} INFO - Processing file /home/airflow/.local/lib/python3.7/site-packages/airflow/example_dags/example_bash_operator.py for tasks to queue
[2023-06-17T02:35:52.147+0000] {logging_mixin.py:149} INFO - [2023-06-17T02:35:52.147+0000] {dagbag.py:541} INFO - Filling up the DagBag from /home/airflow/.local/lib/python3.7/site-packages/airflow/example_dags/example_bash_operator.py
[2023-06-17T02:35:52.169+0000] {processor.py:836} INFO - DAG(s) dict_keys(['example_bash_operator']) retrieved from /home/airflow/.local/lib/python3.7/site-packages/airflow/example_dags/example_bash_operator.py
[2023-06-17T02:35:52.239+0000] {logging_mixin.py:149} INFO - [2023-06-17T02:35:52.239+0000] {dag.py:2726} INFO - Sync 1 DAGs
[2023-06-17T02:35:52.286+0000] {logging_mixin.py:149} INFO - [2023-06-17T02:35:52.286+0000] {dag.py:3490} INFO - Setting next_dagrun for example_bash_operator to 2023-06-16T00:00:00+00:00, run_after=2023-06-17T00:00:00+00:00
[2023-06-17T02:35:52.412+0000] {processor.py:179} INFO - Processing /home/airflow/.local/lib/python3.7/site-packages/airflow/example_dags/example_bash_operator.py took 0.281 seconds
[2023-06-17T02:36:22.634+0000] {processor.py:157} INFO - Started process (PID=1889) to work on /home/airflow/.local/lib/python3.7/site-packages/airflow/example_dags/example_bash_operator.py
[2023-06-17T02:36:22.648+0000] {processor.py:826} INFO - Processing file /home/airflow/.local/lib/python3.7/site-packages/airflow/example_dags/example_bash_operator.py for tasks to queue
[2023-06-17T02:36:22.648+0000] {logging_mixin.py:149} INFO - [2023-06-17T02:36:22.648+0000] {dagbag.py:541} INFO - Filling up the DagBag from /home/airflow/.local/lib/python3.7/site-packages/airflow/example_dags/example_bash_operator.py
[2023-06-17T02:36:22.662+0000] {processor.py:836} INFO - DAG(s) dict_keys(['example_bash_operator']) retrieved from /home/airflow/.local/lib/python3.7/site-packages/airflow/example_dags/example_bash_operator.py
[2023-06-17T02:36:22.701+0000] {logging_mixin.py:149} INFO - [2023-06-17T02:36:22.701+0000] {dag.py:2726} INFO - Sync 1 DAGs
[2023-06-17T02:36:22.729+0000] {logging_mixin.py:149} INFO - [2023-06-17T02:36:22.728+0000] {dag.py:3490} INFO - Setting next_dagrun for example_bash_operator to 2023-06-16T00:00:00+00:00, run_after=2023-06-17T00:00:00+00:00
[2023-06-17T02:36:22.761+0000] {processor.py:179} INFO - Processing /home/airflow/.local/lib/python3.7/site-packages/airflow/example_dags/example_bash_operator.py took 0.130 seconds
[2023-06-17T02:36:53.147+0000] {processor.py:157} INFO - Started process (PID=1950) to work on /home/airflow/.local/lib/python3.7/site-packages/airflow/example_dags/example_bash_operator.py
[2023-06-17T02:36:53.157+0000] {processor.py:826} INFO - Processing file /home/airflow/.local/lib/python3.7/site-packages/airflow/example_dags/example_bash_operator.py for tasks to queue
[2023-06-17T02:36:53.158+0000] {logging_mixin.py:149} INFO - [2023-06-17T02:36:53.158+0000] {dagbag.py:541} INFO - Filling up the DagBag from /home/airflow/.local/lib/python3.7/site-packages/airflow/example_dags/example_bash_operator.py
[2023-06-17T02:36:53.176+0000] {processor.py:836} INFO - DAG(s) dict_keys(['example_bash_operator']) retrieved from /home/airflow/.local/lib/python3.7/site-packages/airflow/example_dags/example_bash_operator.py
[2023-06-17T02:36:53.230+0000] {logging_mixin.py:149} INFO - [2023-06-17T02:36:53.230+0000] {dag.py:2726} INFO - Sync 1 DAGs
[2023-06-17T02:36:53.269+0000] {logging_mixin.py:149} INFO - [2023-06-17T02:36:53.269+0000] {dag.py:3490} INFO - Setting next_dagrun for example_bash_operator to 2023-06-16T00:00:00+00:00, run_after=2023-06-17T00:00:00+00:00
[2023-06-17T02:36:53.303+0000] {processor.py:179} INFO - Processing /home/airflow/.local/lib/python3.7/site-packages/airflow/example_dags/example_bash_operator.py took 0.159 seconds
[2023-06-17T02:37:23.778+0000] {processor.py:157} INFO - Started process (PID=2011) to work on /home/airflow/.local/lib/python3.7/site-packages/airflow/example_dags/example_bash_operator.py
[2023-06-17T02:37:23.798+0000] {processor.py:826} INFO - Processing file /home/airflow/.local/lib/python3.7/site-packages/airflow/example_dags/example_bash_operator.py for tasks to queue
[2023-06-17T02:37:23.799+0000] {logging_mixin.py:149} INFO - [2023-06-17T02:37:23.799+0000] {dagbag.py:541} INFO - Filling up the DagBag from /home/airflow/.local/lib/python3.7/site-packages/airflow/example_dags/example_bash_operator.py
[2023-06-17T02:37:23.834+0000] {processor.py:836} INFO - DAG(s) dict_keys(['example_bash_operator']) retrieved from /home/airflow/.local/lib/python3.7/site-packages/airflow/example_dags/example_bash_operator.py
[2023-06-17T02:37:23.938+0000] {logging_mixin.py:149} INFO - [2023-06-17T02:37:23.937+0000] {dag.py:2726} INFO - Sync 1 DAGs
[2023-06-17T02:37:24.004+0000] {logging_mixin.py:149} INFO - [2023-06-17T02:37:24.003+0000] {dag.py:3490} INFO - Setting next_dagrun for example_bash_operator to 2023-06-16T00:00:00+00:00, run_after=2023-06-17T00:00:00+00:00
[2023-06-17T02:37:24.090+0000] {processor.py:179} INFO - Processing /home/airflow/.local/lib/python3.7/site-packages/airflow/example_dags/example_bash_operator.py took 0.318 seconds
[2023-06-17T02:37:55.204+0000] {processor.py:157} INFO - Started process (PID=2072) to work on /home/airflow/.local/lib/python3.7/site-packages/airflow/example_dags/example_bash_operator.py
[2023-06-17T02:37:55.236+0000] {processor.py:826} INFO - Processing file /home/airflow/.local/lib/python3.7/site-packages/airflow/example_dags/example_bash_operator.py for tasks to queue
[2023-06-17T02:37:55.237+0000] {logging_mixin.py:149} INFO - [2023-06-17T02:37:55.236+0000] {dagbag.py:541} INFO - Filling up the DagBag from /home/airflow/.local/lib/python3.7/site-packages/airflow/example_dags/example_bash_operator.py
[2023-06-17T02:37:55.259+0000] {processor.py:836} INFO - DAG(s) dict_keys(['example_bash_operator']) retrieved from /home/airflow/.local/lib/python3.7/site-packages/airflow/example_dags/example_bash_operator.py
[2023-06-17T02:37:55.315+0000] {logging_mixin.py:149} INFO - [2023-06-17T02:37:55.315+0000] {dag.py:2726} INFO - Sync 1 DAGs
[2023-06-17T02:37:55.358+0000] {logging_mixin.py:149} INFO - [2023-06-17T02:37:55.358+0000] {dag.py:3490} INFO - Setting next_dagrun for example_bash_operator to 2023-06-16T00:00:00+00:00, run_after=2023-06-17T00:00:00+00:00
[2023-06-17T02:37:55.474+0000] {processor.py:179} INFO - Processing /home/airflow/.local/lib/python3.7/site-packages/airflow/example_dags/example_bash_operator.py took 0.273 seconds
[2023-06-17T03:24:53.013+0000] {processor.py:157} INFO - Started process (PID=2133) to work on /home/airflow/.local/lib/python3.7/site-packages/airflow/example_dags/example_bash_operator.py
[2023-06-17T03:24:53.163+0000] {processor.py:826} INFO - Processing file /home/airflow/.local/lib/python3.7/site-packages/airflow/example_dags/example_bash_operator.py for tasks to queue
[2023-06-17T03:24:53.165+0000] {logging_mixin.py:149} INFO - [2023-06-17T03:24:53.165+0000] {dagbag.py:541} INFO - Filling up the DagBag from /home/airflow/.local/lib/python3.7/site-packages/airflow/example_dags/example_bash_operator.py
[2023-06-17T03:24:53.208+0000] {processor.py:836} INFO - DAG(s) dict_keys(['example_bash_operator']) retrieved from /home/airflow/.local/lib/python3.7/site-packages/airflow/example_dags/example_bash_operator.py
[2023-06-17T03:24:53.250+0000] {logging_mixin.py:149} INFO - [2023-06-17T03:24:53.249+0000] {dag.py:2726} INFO - Sync 1 DAGs
[2023-06-17T03:24:53.277+0000] {logging_mixin.py:149} INFO - [2023-06-17T03:24:53.276+0000] {dag.py:3490} INFO - Setting next_dagrun for example_bash_operator to 2023-06-16T00:00:00+00:00, run_after=2023-06-17T00:00:00+00:00
[2023-06-17T03:24:53.534+0000] {processor.py:179} INFO - Processing /home/airflow/.local/lib/python3.7/site-packages/airflow/example_dags/example_bash_operator.py took 0.522 seconds
[2023-06-17T03:25:23.895+0000] {processor.py:157} INFO - Started process (PID=2194) to work on /home/airflow/.local/lib/python3.7/site-packages/airflow/example_dags/example_bash_operator.py
[2023-06-17T03:25:23.905+0000] {processor.py:826} INFO - Processing file /home/airflow/.local/lib/python3.7/site-packages/airflow/example_dags/example_bash_operator.py for tasks to queue
[2023-06-17T03:25:23.906+0000] {logging_mixin.py:149} INFO - [2023-06-17T03:25:23.906+0000] {dagbag.py:541} INFO - Filling up the DagBag from /home/airflow/.local/lib/python3.7/site-packages/airflow/example_dags/example_bash_operator.py
[2023-06-17T03:25:23.927+0000] {processor.py:836} INFO - DAG(s) dict_keys(['example_bash_operator']) retrieved from /home/airflow/.local/lib/python3.7/site-packages/airflow/example_dags/example_bash_operator.py
[2023-06-17T03:25:24.008+0000] {logging_mixin.py:149} INFO - [2023-06-17T03:25:24.008+0000] {dag.py:2726} INFO - Sync 1 DAGs
[2023-06-17T03:25:24.076+0000] {logging_mixin.py:149} INFO - [2023-06-17T03:25:24.076+0000] {dag.py:3490} INFO - Setting next_dagrun for example_bash_operator to 2023-06-16T00:00:00+00:00, run_after=2023-06-17T00:00:00+00:00
[2023-06-17T03:25:24.115+0000] {processor.py:179} INFO - Processing /home/airflow/.local/lib/python3.7/site-packages/airflow/example_dags/example_bash_operator.py took 0.225 seconds
[2023-06-17T03:36:01.219+0000] {processor.py:157} INFO - Started process (PID=77) to work on /home/airflow/.local/lib/python3.7/site-packages/airflow/example_dags/example_bash_operator.py
[2023-06-17T03:36:01.315+0000] {processor.py:826} INFO - Processing file /home/airflow/.local/lib/python3.7/site-packages/airflow/example_dags/example_bash_operator.py for tasks to queue
[2023-06-17T03:36:01.316+0000] {logging_mixin.py:149} INFO - [2023-06-17T03:36:01.316+0000] {dagbag.py:541} INFO - Filling up the DagBag from /home/airflow/.local/lib/python3.7/site-packages/airflow/example_dags/example_bash_operator.py
[2023-06-17T03:36:01.343+0000] {processor.py:836} INFO - DAG(s) dict_keys(['example_bash_operator']) retrieved from /home/airflow/.local/lib/python3.7/site-packages/airflow/example_dags/example_bash_operator.py
[2023-06-17T03:36:01.420+0000] {logging_mixin.py:149} INFO - [2023-06-17T03:36:01.419+0000] {dag.py:2726} INFO - Sync 1 DAGs
[2023-06-17T03:36:01.473+0000] {logging_mixin.py:149} INFO - [2023-06-17T03:36:01.473+0000] {dag.py:3490} INFO - Setting next_dagrun for example_bash_operator to 2023-06-16T00:00:00+00:00, run_after=2023-06-17T00:00:00+00:00
[2023-06-17T03:36:01.560+0000] {processor.py:179} INFO - Processing /home/airflow/.local/lib/python3.7/site-packages/airflow/example_dags/example_bash_operator.py took 0.344 seconds
[2023-06-17T03:36:33.287+0000] {processor.py:157} INFO - Started process (PID=138) to work on /home/airflow/.local/lib/python3.7/site-packages/airflow/example_dags/example_bash_operator.py
[2023-06-17T03:36:33.298+0000] {processor.py:826} INFO - Processing file /home/airflow/.local/lib/python3.7/site-packages/airflow/example_dags/example_bash_operator.py for tasks to queue
[2023-06-17T03:36:33.299+0000] {logging_mixin.py:149} INFO - [2023-06-17T03:36:33.299+0000] {dagbag.py:541} INFO - Filling up the DagBag from /home/airflow/.local/lib/python3.7/site-packages/airflow/example_dags/example_bash_operator.py
[2023-06-17T03:36:33.313+0000] {processor.py:836} INFO - DAG(s) dict_keys(['example_bash_operator']) retrieved from /home/airflow/.local/lib/python3.7/site-packages/airflow/example_dags/example_bash_operator.py
[2023-06-17T03:36:33.356+0000] {logging_mixin.py:149} INFO - [2023-06-17T03:36:33.356+0000] {dag.py:2726} INFO - Sync 1 DAGs
[2023-06-17T03:36:33.383+0000] {logging_mixin.py:149} INFO - [2023-06-17T03:36:33.383+0000] {dag.py:3490} INFO - Setting next_dagrun for example_bash_operator to 2023-06-16T00:00:00+00:00, run_after=2023-06-17T00:00:00+00:00
[2023-06-17T03:36:33.577+0000] {processor.py:179} INFO - Processing /home/airflow/.local/lib/python3.7/site-packages/airflow/example_dags/example_bash_operator.py took 0.292 seconds
[2023-06-17T03:37:03.709+0000] {processor.py:157} INFO - Started process (PID=192) to work on /home/airflow/.local/lib/python3.7/site-packages/airflow/example_dags/example_bash_operator.py
[2023-06-17T03:37:03.791+0000] {processor.py:826} INFO - Processing file /home/airflow/.local/lib/python3.7/site-packages/airflow/example_dags/example_bash_operator.py for tasks to queue
[2023-06-17T03:37:03.791+0000] {logging_mixin.py:149} INFO - [2023-06-17T03:37:03.791+0000] {dagbag.py:541} INFO - Filling up the DagBag from /home/airflow/.local/lib/python3.7/site-packages/airflow/example_dags/example_bash_operator.py
[2023-06-17T03:37:03.818+0000] {processor.py:836} INFO - DAG(s) dict_keys(['example_bash_operator']) retrieved from /home/airflow/.local/lib/python3.7/site-packages/airflow/example_dags/example_bash_operator.py
[2023-06-17T03:37:03.886+0000] {logging_mixin.py:149} INFO - [2023-06-17T03:37:03.886+0000] {dag.py:2726} INFO - Sync 1 DAGs
[2023-06-17T03:37:04.037+0000] {logging_mixin.py:149} INFO - [2023-06-17T03:37:04.036+0000] {dag.py:3490} INFO - Setting next_dagrun for example_bash_operator to 2023-06-16T00:00:00+00:00, run_after=2023-06-17T00:00:00+00:00
[2023-06-17T03:37:04.081+0000] {processor.py:179} INFO - Processing /home/airflow/.local/lib/python3.7/site-packages/airflow/example_dags/example_bash_operator.py took 0.375 seconds
[2023-06-17T03:37:34.518+0000] {processor.py:157} INFO - Started process (PID=260) to work on /home/airflow/.local/lib/python3.7/site-packages/airflow/example_dags/example_bash_operator.py
[2023-06-17T03:37:34.546+0000] {processor.py:826} INFO - Processing file /home/airflow/.local/lib/python3.7/site-packages/airflow/example_dags/example_bash_operator.py for tasks to queue
[2023-06-17T03:37:34.548+0000] {logging_mixin.py:149} INFO - [2023-06-17T03:37:34.547+0000] {dagbag.py:541} INFO - Filling up the DagBag from /home/airflow/.local/lib/python3.7/site-packages/airflow/example_dags/example_bash_operator.py
[2023-06-17T03:37:34.569+0000] {processor.py:836} INFO - DAG(s) dict_keys(['example_bash_operator']) retrieved from /home/airflow/.local/lib/python3.7/site-packages/airflow/example_dags/example_bash_operator.py
[2023-06-17T03:37:34.609+0000] {logging_mixin.py:149} INFO - [2023-06-17T03:37:34.609+0000] {dag.py:2726} INFO - Sync 1 DAGs
[2023-06-17T03:37:34.636+0000] {logging_mixin.py:149} INFO - [2023-06-17T03:37:34.636+0000] {dag.py:3490} INFO - Setting next_dagrun for example_bash_operator to 2023-06-16T00:00:00+00:00, run_after=2023-06-17T00:00:00+00:00
[2023-06-17T03:37:35.056+0000] {processor.py:179} INFO - Processing /home/airflow/.local/lib/python3.7/site-packages/airflow/example_dags/example_bash_operator.py took 0.540 seconds
[2023-06-17T03:38:05.757+0000] {processor.py:157} INFO - Started process (PID=322) to work on /home/airflow/.local/lib/python3.7/site-packages/airflow/example_dags/example_bash_operator.py
[2023-06-17T03:38:05.925+0000] {processor.py:826} INFO - Processing file /home/airflow/.local/lib/python3.7/site-packages/airflow/example_dags/example_bash_operator.py for tasks to queue
[2023-06-17T03:38:05.926+0000] {logging_mixin.py:149} INFO - [2023-06-17T03:38:05.926+0000] {dagbag.py:541} INFO - Filling up the DagBag from /home/airflow/.local/lib/python3.7/site-packages/airflow/example_dags/example_bash_operator.py
[2023-06-17T03:38:05.943+0000] {processor.py:836} INFO - DAG(s) dict_keys(['example_bash_operator']) retrieved from /home/airflow/.local/lib/python3.7/site-packages/airflow/example_dags/example_bash_operator.py
[2023-06-17T03:38:06.002+0000] {logging_mixin.py:149} INFO - [2023-06-17T03:38:06.002+0000] {dag.py:2726} INFO - Sync 1 DAGs
[2023-06-17T03:38:06.038+0000] {logging_mixin.py:149} INFO - [2023-06-17T03:38:06.038+0000] {dag.py:3490} INFO - Setting next_dagrun for example_bash_operator to 2023-06-16T00:00:00+00:00, run_after=2023-06-17T00:00:00+00:00
[2023-06-17T03:38:06.080+0000] {processor.py:179} INFO - Processing /home/airflow/.local/lib/python3.7/site-packages/airflow/example_dags/example_bash_operator.py took 0.325 seconds
[2023-06-17T03:38:36.658+0000] {processor.py:157} INFO - Started process (PID=383) to work on /home/airflow/.local/lib/python3.7/site-packages/airflow/example_dags/example_bash_operator.py
[2023-06-17T03:38:36.666+0000] {processor.py:826} INFO - Processing file /home/airflow/.local/lib/python3.7/site-packages/airflow/example_dags/example_bash_operator.py for tasks to queue
[2023-06-17T03:38:36.668+0000] {logging_mixin.py:149} INFO - [2023-06-17T03:38:36.667+0000] {dagbag.py:541} INFO - Filling up the DagBag from /home/airflow/.local/lib/python3.7/site-packages/airflow/example_dags/example_bash_operator.py
[2023-06-17T03:38:36.697+0000] {processor.py:836} INFO - DAG(s) dict_keys(['example_bash_operator']) retrieved from /home/airflow/.local/lib/python3.7/site-packages/airflow/example_dags/example_bash_operator.py
[2023-06-17T03:38:36.765+0000] {logging_mixin.py:149} INFO - [2023-06-17T03:38:36.765+0000] {dag.py:2726} INFO - Sync 1 DAGs
[2023-06-17T03:38:36.804+0000] {logging_mixin.py:149} INFO - [2023-06-17T03:38:36.804+0000] {dag.py:3490} INFO - Setting next_dagrun for example_bash_operator to 2023-06-16T00:00:00+00:00, run_after=2023-06-17T00:00:00+00:00
[2023-06-17T03:38:36.865+0000] {processor.py:179} INFO - Processing /home/airflow/.local/lib/python3.7/site-packages/airflow/example_dags/example_bash_operator.py took 0.213 seconds
[2023-06-17T03:39:06.992+0000] {processor.py:157} INFO - Started process (PID=444) to work on /home/airflow/.local/lib/python3.7/site-packages/airflow/example_dags/example_bash_operator.py
[2023-06-17T03:39:07.020+0000] {processor.py:826} INFO - Processing file /home/airflow/.local/lib/python3.7/site-packages/airflow/example_dags/example_bash_operator.py for tasks to queue
[2023-06-17T03:39:07.021+0000] {logging_mixin.py:149} INFO - [2023-06-17T03:39:07.021+0000] {dagbag.py:541} INFO - Filling up the DagBag from /home/airflow/.local/lib/python3.7/site-packages/airflow/example_dags/example_bash_operator.py
[2023-06-17T03:39:07.038+0000] {processor.py:836} INFO - DAG(s) dict_keys(['example_bash_operator']) retrieved from /home/airflow/.local/lib/python3.7/site-packages/airflow/example_dags/example_bash_operator.py
[2023-06-17T03:39:07.078+0000] {logging_mixin.py:149} INFO - [2023-06-17T03:39:07.078+0000] {dag.py:2726} INFO - Sync 1 DAGs
[2023-06-17T03:39:07.113+0000] {logging_mixin.py:149} INFO - [2023-06-17T03:39:07.113+0000] {dag.py:3490} INFO - Setting next_dagrun for example_bash_operator to 2023-06-16T00:00:00+00:00, run_after=2023-06-17T00:00:00+00:00
[2023-06-17T03:39:07.137+0000] {processor.py:179} INFO - Processing /home/airflow/.local/lib/python3.7/site-packages/airflow/example_dags/example_bash_operator.py took 0.147 seconds
[2023-06-17T03:39:37.155+0000] {processor.py:157} INFO - Started process (PID=505) to work on /home/airflow/.local/lib/python3.7/site-packages/airflow/example_dags/example_bash_operator.py
[2023-06-17T03:39:37.167+0000] {processor.py:826} INFO - Processing file /home/airflow/.local/lib/python3.7/site-packages/airflow/example_dags/example_bash_operator.py for tasks to queue
[2023-06-17T03:39:37.168+0000] {logging_mixin.py:149} INFO - [2023-06-17T03:39:37.168+0000] {dagbag.py:541} INFO - Filling up the DagBag from /home/airflow/.local/lib/python3.7/site-packages/airflow/example_dags/example_bash_operator.py
[2023-06-17T03:39:37.183+0000] {processor.py:836} INFO - DAG(s) dict_keys(['example_bash_operator']) retrieved from /home/airflow/.local/lib/python3.7/site-packages/airflow/example_dags/example_bash_operator.py
[2023-06-17T03:39:37.222+0000] {logging_mixin.py:149} INFO - [2023-06-17T03:39:37.222+0000] {dag.py:2726} INFO - Sync 1 DAGs
[2023-06-17T03:39:37.253+0000] {logging_mixin.py:149} INFO - [2023-06-17T03:39:37.253+0000] {dag.py:3490} INFO - Setting next_dagrun for example_bash_operator to 2023-06-16T00:00:00+00:00, run_after=2023-06-17T00:00:00+00:00
[2023-06-17T03:39:37.274+0000] {processor.py:179} INFO - Processing /home/airflow/.local/lib/python3.7/site-packages/airflow/example_dags/example_bash_operator.py took 0.122 seconds
[2023-06-17T03:40:07.690+0000] {processor.py:157} INFO - Started process (PID=566) to work on /home/airflow/.local/lib/python3.7/site-packages/airflow/example_dags/example_bash_operator.py
[2023-06-17T03:40:07.695+0000] {processor.py:826} INFO - Processing file /home/airflow/.local/lib/python3.7/site-packages/airflow/example_dags/example_bash_operator.py for tasks to queue
[2023-06-17T03:40:07.695+0000] {logging_mixin.py:149} INFO - [2023-06-17T03:40:07.695+0000] {dagbag.py:541} INFO - Filling up the DagBag from /home/airflow/.local/lib/python3.7/site-packages/airflow/example_dags/example_bash_operator.py
[2023-06-17T03:40:07.709+0000] {processor.py:836} INFO - DAG(s) dict_keys(['example_bash_operator']) retrieved from /home/airflow/.local/lib/python3.7/site-packages/airflow/example_dags/example_bash_operator.py
[2023-06-17T03:40:07.751+0000] {logging_mixin.py:149} INFO - [2023-06-17T03:40:07.750+0000] {dag.py:2726} INFO - Sync 1 DAGs
[2023-06-17T03:40:07.781+0000] {logging_mixin.py:149} INFO - [2023-06-17T03:40:07.781+0000] {dag.py:3490} INFO - Setting next_dagrun for example_bash_operator to 2023-06-16T00:00:00+00:00, run_after=2023-06-17T00:00:00+00:00
[2023-06-17T03:40:07.820+0000] {processor.py:179} INFO - Processing /home/airflow/.local/lib/python3.7/site-packages/airflow/example_dags/example_bash_operator.py took 0.133 seconds
[2023-06-17T03:40:38.963+0000] {processor.py:157} INFO - Started process (PID=628) to work on /home/airflow/.local/lib/python3.7/site-packages/airflow/example_dags/example_bash_operator.py
[2023-06-17T03:40:38.968+0000] {processor.py:826} INFO - Processing file /home/airflow/.local/lib/python3.7/site-packages/airflow/example_dags/example_bash_operator.py for tasks to queue
[2023-06-17T03:40:38.969+0000] {logging_mixin.py:149} INFO - [2023-06-17T03:40:38.969+0000] {dagbag.py:541} INFO - Filling up the DagBag from /home/airflow/.local/lib/python3.7/site-packages/airflow/example_dags/example_bash_operator.py
[2023-06-17T03:40:38.985+0000] {processor.py:836} INFO - DAG(s) dict_keys(['example_bash_operator']) retrieved from /home/airflow/.local/lib/python3.7/site-packages/airflow/example_dags/example_bash_operator.py
[2023-06-17T03:40:39.028+0000] {logging_mixin.py:149} INFO - [2023-06-17T03:40:39.028+0000] {dag.py:2726} INFO - Sync 1 DAGs
[2023-06-17T03:40:39.060+0000] {logging_mixin.py:149} INFO - [2023-06-17T03:40:39.059+0000] {dag.py:3490} INFO - Setting next_dagrun for example_bash_operator to 2023-06-16T00:00:00+00:00, run_after=2023-06-17T00:00:00+00:00
[2023-06-17T03:40:39.099+0000] {processor.py:179} INFO - Processing /home/airflow/.local/lib/python3.7/site-packages/airflow/example_dags/example_bash_operator.py took 0.139 seconds
[2023-06-17T03:41:09.939+0000] {processor.py:157} INFO - Started process (PID=689) to work on /home/airflow/.local/lib/python3.7/site-packages/airflow/example_dags/example_bash_operator.py
[2023-06-17T03:41:09.947+0000] {processor.py:826} INFO - Processing file /home/airflow/.local/lib/python3.7/site-packages/airflow/example_dags/example_bash_operator.py for tasks to queue
[2023-06-17T03:41:09.948+0000] {logging_mixin.py:149} INFO - [2023-06-17T03:41:09.948+0000] {dagbag.py:541} INFO - Filling up the DagBag from /home/airflow/.local/lib/python3.7/site-packages/airflow/example_dags/example_bash_operator.py
[2023-06-17T03:41:09.965+0000] {processor.py:836} INFO - DAG(s) dict_keys(['example_bash_operator']) retrieved from /home/airflow/.local/lib/python3.7/site-packages/airflow/example_dags/example_bash_operator.py
[2023-06-17T03:41:10.028+0000] {logging_mixin.py:149} INFO - [2023-06-17T03:41:10.028+0000] {dag.py:2726} INFO - Sync 1 DAGs
[2023-06-17T03:41:10.072+0000] {logging_mixin.py:149} INFO - [2023-06-17T03:41:10.071+0000] {dag.py:3490} INFO - Setting next_dagrun for example_bash_operator to 2023-06-16T00:00:00+00:00, run_after=2023-06-17T00:00:00+00:00
[2023-06-17T03:41:10.106+0000] {processor.py:179} INFO - Processing /home/airflow/.local/lib/python3.7/site-packages/airflow/example_dags/example_bash_operator.py took 0.171 seconds
[2023-06-17T03:41:40.403+0000] {processor.py:157} INFO - Started process (PID=750) to work on /home/airflow/.local/lib/python3.7/site-packages/airflow/example_dags/example_bash_operator.py
[2023-06-17T03:41:40.410+0000] {processor.py:826} INFO - Processing file /home/airflow/.local/lib/python3.7/site-packages/airflow/example_dags/example_bash_operator.py for tasks to queue
[2023-06-17T03:41:40.411+0000] {logging_mixin.py:149} INFO - [2023-06-17T03:41:40.411+0000] {dagbag.py:541} INFO - Filling up the DagBag from /home/airflow/.local/lib/python3.7/site-packages/airflow/example_dags/example_bash_operator.py
[2023-06-17T03:41:40.424+0000] {processor.py:836} INFO - DAG(s) dict_keys(['example_bash_operator']) retrieved from /home/airflow/.local/lib/python3.7/site-packages/airflow/example_dags/example_bash_operator.py
[2023-06-17T03:41:40.464+0000] {logging_mixin.py:149} INFO - [2023-06-17T03:41:40.464+0000] {dag.py:2726} INFO - Sync 1 DAGs
[2023-06-17T03:41:40.493+0000] {logging_mixin.py:149} INFO - [2023-06-17T03:41:40.492+0000] {dag.py:3490} INFO - Setting next_dagrun for example_bash_operator to 2023-06-16T00:00:00+00:00, run_after=2023-06-17T00:00:00+00:00
[2023-06-17T03:41:40.518+0000] {processor.py:179} INFO - Processing /home/airflow/.local/lib/python3.7/site-packages/airflow/example_dags/example_bash_operator.py took 0.118 seconds
[2023-06-17T03:42:11.544+0000] {processor.py:157} INFO - Started process (PID=811) to work on /home/airflow/.local/lib/python3.7/site-packages/airflow/example_dags/example_bash_operator.py
[2023-06-17T03:42:11.547+0000] {processor.py:826} INFO - Processing file /home/airflow/.local/lib/python3.7/site-packages/airflow/example_dags/example_bash_operator.py for tasks to queue
[2023-06-17T03:42:11.547+0000] {logging_mixin.py:149} INFO - [2023-06-17T03:42:11.547+0000] {dagbag.py:541} INFO - Filling up the DagBag from /home/airflow/.local/lib/python3.7/site-packages/airflow/example_dags/example_bash_operator.py
[2023-06-17T03:42:11.560+0000] {processor.py:836} INFO - DAG(s) dict_keys(['example_bash_operator']) retrieved from /home/airflow/.local/lib/python3.7/site-packages/airflow/example_dags/example_bash_operator.py
[2023-06-17T03:42:11.599+0000] {logging_mixin.py:149} INFO - [2023-06-17T03:42:11.599+0000] {dag.py:2726} INFO - Sync 1 DAGs
[2023-06-17T03:42:11.627+0000] {logging_mixin.py:149} INFO - [2023-06-17T03:42:11.627+0000] {dag.py:3490} INFO - Setting next_dagrun for example_bash_operator to 2023-06-16T00:00:00+00:00, run_after=2023-06-17T00:00:00+00:00
[2023-06-17T03:42:11.661+0000] {processor.py:179} INFO - Processing /home/airflow/.local/lib/python3.7/site-packages/airflow/example_dags/example_bash_operator.py took 0.120 seconds
[2023-06-17T03:42:42.169+0000] {processor.py:157} INFO - Started process (PID=872) to work on /home/airflow/.local/lib/python3.7/site-packages/airflow/example_dags/example_bash_operator.py
[2023-06-17T03:42:42.179+0000] {processor.py:826} INFO - Processing file /home/airflow/.local/lib/python3.7/site-packages/airflow/example_dags/example_bash_operator.py for tasks to queue
[2023-06-17T03:42:42.180+0000] {logging_mixin.py:149} INFO - [2023-06-17T03:42:42.180+0000] {dagbag.py:541} INFO - Filling up the DagBag from /home/airflow/.local/lib/python3.7/site-packages/airflow/example_dags/example_bash_operator.py
[2023-06-17T03:42:42.204+0000] {processor.py:836} INFO - DAG(s) dict_keys(['example_bash_operator']) retrieved from /home/airflow/.local/lib/python3.7/site-packages/airflow/example_dags/example_bash_operator.py
[2023-06-17T03:42:42.278+0000] {logging_mixin.py:149} INFO - [2023-06-17T03:42:42.278+0000] {dag.py:2726} INFO - Sync 1 DAGs
[2023-06-17T03:42:42.327+0000] {logging_mixin.py:149} INFO - [2023-06-17T03:42:42.326+0000] {dag.py:3490} INFO - Setting next_dagrun for example_bash_operator to 2023-06-16T00:00:00+00:00, run_after=2023-06-17T00:00:00+00:00
[2023-06-17T03:42:42.361+0000] {processor.py:179} INFO - Processing /home/airflow/.local/lib/python3.7/site-packages/airflow/example_dags/example_bash_operator.py took 0.196 seconds
[2023-06-17T03:43:12.919+0000] {processor.py:157} INFO - Started process (PID=933) to work on /home/airflow/.local/lib/python3.7/site-packages/airflow/example_dags/example_bash_operator.py
[2023-06-17T03:43:12.931+0000] {processor.py:826} INFO - Processing file /home/airflow/.local/lib/python3.7/site-packages/airflow/example_dags/example_bash_operator.py for tasks to queue
[2023-06-17T03:43:12.932+0000] {logging_mixin.py:149} INFO - [2023-06-17T03:43:12.931+0000] {dagbag.py:541} INFO - Filling up the DagBag from /home/airflow/.local/lib/python3.7/site-packages/airflow/example_dags/example_bash_operator.py
[2023-06-17T03:43:12.945+0000] {processor.py:836} INFO - DAG(s) dict_keys(['example_bash_operator']) retrieved from /home/airflow/.local/lib/python3.7/site-packages/airflow/example_dags/example_bash_operator.py
[2023-06-17T03:43:12.998+0000] {logging_mixin.py:149} INFO - [2023-06-17T03:43:12.998+0000] {dag.py:2726} INFO - Sync 1 DAGs
[2023-06-17T03:43:13.030+0000] {logging_mixin.py:149} INFO - [2023-06-17T03:43:13.030+0000] {dag.py:3490} INFO - Setting next_dagrun for example_bash_operator to 2023-06-16T00:00:00+00:00, run_after=2023-06-17T00:00:00+00:00
[2023-06-17T03:43:13.056+0000] {processor.py:179} INFO - Processing /home/airflow/.local/lib/python3.7/site-packages/airflow/example_dags/example_bash_operator.py took 0.140 seconds
[2023-06-17T03:43:43.417+0000] {processor.py:157} INFO - Started process (PID=994) to work on /home/airflow/.local/lib/python3.7/site-packages/airflow/example_dags/example_bash_operator.py
[2023-06-17T03:43:43.432+0000] {processor.py:826} INFO - Processing file /home/airflow/.local/lib/python3.7/site-packages/airflow/example_dags/example_bash_operator.py for tasks to queue
[2023-06-17T03:43:43.433+0000] {logging_mixin.py:149} INFO - [2023-06-17T03:43:43.433+0000] {dagbag.py:541} INFO - Filling up the DagBag from /home/airflow/.local/lib/python3.7/site-packages/airflow/example_dags/example_bash_operator.py
[2023-06-17T03:43:43.447+0000] {processor.py:836} INFO - DAG(s) dict_keys(['example_bash_operator']) retrieved from /home/airflow/.local/lib/python3.7/site-packages/airflow/example_dags/example_bash_operator.py
[2023-06-17T03:43:43.489+0000] {logging_mixin.py:149} INFO - [2023-06-17T03:43:43.489+0000] {dag.py:2726} INFO - Sync 1 DAGs
[2023-06-17T03:43:43.523+0000] {logging_mixin.py:149} INFO - [2023-06-17T03:43:43.523+0000] {dag.py:3490} INFO - Setting next_dagrun for example_bash_operator to 2023-06-16T00:00:00+00:00, run_after=2023-06-17T00:00:00+00:00
[2023-06-17T03:43:43.555+0000] {processor.py:179} INFO - Processing /home/airflow/.local/lib/python3.7/site-packages/airflow/example_dags/example_bash_operator.py took 0.141 seconds
[2023-06-17T03:44:14.466+0000] {processor.py:157} INFO - Started process (PID=1055) to work on /home/airflow/.local/lib/python3.7/site-packages/airflow/example_dags/example_bash_operator.py
[2023-06-17T03:44:14.471+0000] {processor.py:826} INFO - Processing file /home/airflow/.local/lib/python3.7/site-packages/airflow/example_dags/example_bash_operator.py for tasks to queue
[2023-06-17T03:44:14.472+0000] {logging_mixin.py:149} INFO - [2023-06-17T03:44:14.472+0000] {dagbag.py:541} INFO - Filling up the DagBag from /home/airflow/.local/lib/python3.7/site-packages/airflow/example_dags/example_bash_operator.py
[2023-06-17T03:44:14.492+0000] {processor.py:836} INFO - DAG(s) dict_keys(['example_bash_operator']) retrieved from /home/airflow/.local/lib/python3.7/site-packages/airflow/example_dags/example_bash_operator.py
[2023-06-17T03:44:14.538+0000] {logging_mixin.py:149} INFO - [2023-06-17T03:44:14.538+0000] {dag.py:2726} INFO - Sync 1 DAGs
[2023-06-17T03:44:14.582+0000] {logging_mixin.py:149} INFO - [2023-06-17T03:44:14.582+0000] {dag.py:3490} INFO - Setting next_dagrun for example_bash_operator to 2023-06-16T00:00:00+00:00, run_after=2023-06-17T00:00:00+00:00
[2023-06-17T03:44:14.630+0000] {processor.py:179} INFO - Processing /home/airflow/.local/lib/python3.7/site-packages/airflow/example_dags/example_bash_operator.py took 0.168 seconds
[2023-06-17T03:44:45.079+0000] {processor.py:157} INFO - Started process (PID=1116) to work on /home/airflow/.local/lib/python3.7/site-packages/airflow/example_dags/example_bash_operator.py
[2023-06-17T03:44:45.103+0000] {processor.py:826} INFO - Processing file /home/airflow/.local/lib/python3.7/site-packages/airflow/example_dags/example_bash_operator.py for tasks to queue
[2023-06-17T03:44:45.104+0000] {logging_mixin.py:149} INFO - [2023-06-17T03:44:45.104+0000] {dagbag.py:541} INFO - Filling up the DagBag from /home/airflow/.local/lib/python3.7/site-packages/airflow/example_dags/example_bash_operator.py
[2023-06-17T03:44:45.119+0000] {processor.py:836} INFO - DAG(s) dict_keys(['example_bash_operator']) retrieved from /home/airflow/.local/lib/python3.7/site-packages/airflow/example_dags/example_bash_operator.py
[2023-06-17T03:44:45.161+0000] {logging_mixin.py:149} INFO - [2023-06-17T03:44:45.161+0000] {dag.py:2726} INFO - Sync 1 DAGs
[2023-06-17T03:44:45.191+0000] {logging_mixin.py:149} INFO - [2023-06-17T03:44:45.191+0000] {dag.py:3490} INFO - Setting next_dagrun for example_bash_operator to 2023-06-16T00:00:00+00:00, run_after=2023-06-17T00:00:00+00:00
[2023-06-17T03:44:45.219+0000] {processor.py:179} INFO - Processing /home/airflow/.local/lib/python3.7/site-packages/airflow/example_dags/example_bash_operator.py took 0.142 seconds
[2023-06-17T03:45:15.568+0000] {processor.py:157} INFO - Started process (PID=1177) to work on /home/airflow/.local/lib/python3.7/site-packages/airflow/example_dags/example_bash_operator.py
[2023-06-17T03:45:15.579+0000] {processor.py:826} INFO - Processing file /home/airflow/.local/lib/python3.7/site-packages/airflow/example_dags/example_bash_operator.py for tasks to queue
[2023-06-17T03:45:15.580+0000] {logging_mixin.py:149} INFO - [2023-06-17T03:45:15.580+0000] {dagbag.py:541} INFO - Filling up the DagBag from /home/airflow/.local/lib/python3.7/site-packages/airflow/example_dags/example_bash_operator.py
[2023-06-17T03:45:15.596+0000] {processor.py:836} INFO - DAG(s) dict_keys(['example_bash_operator']) retrieved from /home/airflow/.local/lib/python3.7/site-packages/airflow/example_dags/example_bash_operator.py
[2023-06-17T03:45:15.636+0000] {logging_mixin.py:149} INFO - [2023-06-17T03:45:15.636+0000] {dag.py:2726} INFO - Sync 1 DAGs
[2023-06-17T03:45:15.667+0000] {logging_mixin.py:149} INFO - [2023-06-17T03:45:15.667+0000] {dag.py:3490} INFO - Setting next_dagrun for example_bash_operator to 2023-06-16T00:00:00+00:00, run_after=2023-06-17T00:00:00+00:00
[2023-06-17T03:45:15.696+0000] {processor.py:179} INFO - Processing /home/airflow/.local/lib/python3.7/site-packages/airflow/example_dags/example_bash_operator.py took 0.131 seconds
[2023-06-17T03:45:46.018+0000] {processor.py:157} INFO - Started process (PID=1238) to work on /home/airflow/.local/lib/python3.7/site-packages/airflow/example_dags/example_bash_operator.py
[2023-06-17T03:45:46.030+0000] {processor.py:826} INFO - Processing file /home/airflow/.local/lib/python3.7/site-packages/airflow/example_dags/example_bash_operator.py for tasks to queue
[2023-06-17T03:45:46.030+0000] {logging_mixin.py:149} INFO - [2023-06-17T03:45:46.030+0000] {dagbag.py:541} INFO - Filling up the DagBag from /home/airflow/.local/lib/python3.7/site-packages/airflow/example_dags/example_bash_operator.py
[2023-06-17T03:45:46.044+0000] {processor.py:836} INFO - DAG(s) dict_keys(['example_bash_operator']) retrieved from /home/airflow/.local/lib/python3.7/site-packages/airflow/example_dags/example_bash_operator.py
[2023-06-17T03:45:46.088+0000] {logging_mixin.py:149} INFO - [2023-06-17T03:45:46.088+0000] {dag.py:2726} INFO - Sync 1 DAGs
[2023-06-17T03:45:46.120+0000] {logging_mixin.py:149} INFO - [2023-06-17T03:45:46.120+0000] {dag.py:3490} INFO - Setting next_dagrun for example_bash_operator to 2023-06-16T00:00:00+00:00, run_after=2023-06-17T00:00:00+00:00
[2023-06-17T03:45:46.152+0000] {processor.py:179} INFO - Processing /home/airflow/.local/lib/python3.7/site-packages/airflow/example_dags/example_bash_operator.py took 0.136 seconds
[2023-06-17T03:46:16.912+0000] {processor.py:157} INFO - Started process (PID=1299) to work on /home/airflow/.local/lib/python3.7/site-packages/airflow/example_dags/example_bash_operator.py
[2023-06-17T03:46:16.922+0000] {processor.py:826} INFO - Processing file /home/airflow/.local/lib/python3.7/site-packages/airflow/example_dags/example_bash_operator.py for tasks to queue
[2023-06-17T03:46:16.923+0000] {logging_mixin.py:149} INFO - [2023-06-17T03:46:16.923+0000] {dagbag.py:541} INFO - Filling up the DagBag from /home/airflow/.local/lib/python3.7/site-packages/airflow/example_dags/example_bash_operator.py
[2023-06-17T03:46:16.936+0000] {processor.py:836} INFO - DAG(s) dict_keys(['example_bash_operator']) retrieved from /home/airflow/.local/lib/python3.7/site-packages/airflow/example_dags/example_bash_operator.py
[2023-06-17T03:46:16.979+0000] {logging_mixin.py:149} INFO - [2023-06-17T03:46:16.979+0000] {dag.py:2726} INFO - Sync 1 DAGs
[2023-06-17T03:46:17.011+0000] {logging_mixin.py:149} INFO - [2023-06-17T03:46:17.011+0000] {dag.py:3490} INFO - Setting next_dagrun for example_bash_operator to 2023-06-16T00:00:00+00:00, run_after=2023-06-17T00:00:00+00:00
[2023-06-17T03:46:17.038+0000] {processor.py:179} INFO - Processing /home/airflow/.local/lib/python3.7/site-packages/airflow/example_dags/example_bash_operator.py took 0.129 seconds
[2023-06-17T03:46:47.910+0000] {processor.py:157} INFO - Started process (PID=1360) to work on /home/airflow/.local/lib/python3.7/site-packages/airflow/example_dags/example_bash_operator.py
[2023-06-17T03:46:47.945+0000] {processor.py:826} INFO - Processing file /home/airflow/.local/lib/python3.7/site-packages/airflow/example_dags/example_bash_operator.py for tasks to queue
[2023-06-17T03:46:47.946+0000] {logging_mixin.py:149} INFO - [2023-06-17T03:46:47.946+0000] {dagbag.py:541} INFO - Filling up the DagBag from /home/airflow/.local/lib/python3.7/site-packages/airflow/example_dags/example_bash_operator.py
[2023-06-17T03:46:47.959+0000] {processor.py:836} INFO - DAG(s) dict_keys(['example_bash_operator']) retrieved from /home/airflow/.local/lib/python3.7/site-packages/airflow/example_dags/example_bash_operator.py
[2023-06-17T03:46:47.999+0000] {logging_mixin.py:149} INFO - [2023-06-17T03:46:47.999+0000] {dag.py:2726} INFO - Sync 1 DAGs
[2023-06-17T03:46:48.028+0000] {logging_mixin.py:149} INFO - [2023-06-17T03:46:48.028+0000] {dag.py:3490} INFO - Setting next_dagrun for example_bash_operator to 2023-06-16T00:00:00+00:00, run_after=2023-06-17T00:00:00+00:00
[2023-06-17T03:46:48.072+0000] {processor.py:179} INFO - Processing /home/airflow/.local/lib/python3.7/site-packages/airflow/example_dags/example_bash_operator.py took 0.164 seconds
[2023-06-17T03:47:18.394+0000] {processor.py:157} INFO - Started process (PID=1421) to work on /home/airflow/.local/lib/python3.7/site-packages/airflow/example_dags/example_bash_operator.py
[2023-06-17T03:47:18.404+0000] {processor.py:826} INFO - Processing file /home/airflow/.local/lib/python3.7/site-packages/airflow/example_dags/example_bash_operator.py for tasks to queue
[2023-06-17T03:47:18.404+0000] {logging_mixin.py:149} INFO - [2023-06-17T03:47:18.404+0000] {dagbag.py:541} INFO - Filling up the DagBag from /home/airflow/.local/lib/python3.7/site-packages/airflow/example_dags/example_bash_operator.py
[2023-06-17T03:47:18.418+0000] {processor.py:836} INFO - DAG(s) dict_keys(['example_bash_operator']) retrieved from /home/airflow/.local/lib/python3.7/site-packages/airflow/example_dags/example_bash_operator.py
[2023-06-17T03:47:18.473+0000] {logging_mixin.py:149} INFO - [2023-06-17T03:47:18.473+0000] {dag.py:2726} INFO - Sync 1 DAGs
[2023-06-17T03:47:18.502+0000] {logging_mixin.py:149} INFO - [2023-06-17T03:47:18.502+0000] {dag.py:3490} INFO - Setting next_dagrun for example_bash_operator to 2023-06-16T00:00:00+00:00, run_after=2023-06-17T00:00:00+00:00
[2023-06-17T03:47:18.533+0000] {processor.py:179} INFO - Processing /home/airflow/.local/lib/python3.7/site-packages/airflow/example_dags/example_bash_operator.py took 0.142 seconds
[2023-06-17T03:47:49.435+0000] {processor.py:157} INFO - Started process (PID=1482) to work on /home/airflow/.local/lib/python3.7/site-packages/airflow/example_dags/example_bash_operator.py
[2023-06-17T03:47:49.452+0000] {processor.py:826} INFO - Processing file /home/airflow/.local/lib/python3.7/site-packages/airflow/example_dags/example_bash_operator.py for tasks to queue
[2023-06-17T03:47:49.452+0000] {logging_mixin.py:149} INFO - [2023-06-17T03:47:49.452+0000] {dagbag.py:541} INFO - Filling up the DagBag from /home/airflow/.local/lib/python3.7/site-packages/airflow/example_dags/example_bash_operator.py
[2023-06-17T03:47:49.465+0000] {processor.py:836} INFO - DAG(s) dict_keys(['example_bash_operator']) retrieved from /home/airflow/.local/lib/python3.7/site-packages/airflow/example_dags/example_bash_operator.py
[2023-06-17T03:47:49.506+0000] {logging_mixin.py:149} INFO - [2023-06-17T03:47:49.505+0000] {dag.py:2726} INFO - Sync 1 DAGs
[2023-06-17T03:47:49.533+0000] {logging_mixin.py:149} INFO - [2023-06-17T03:47:49.533+0000] {dag.py:3490} INFO - Setting next_dagrun for example_bash_operator to 2023-06-16T00:00:00+00:00, run_after=2023-06-17T00:00:00+00:00
[2023-06-17T03:47:49.569+0000] {processor.py:179} INFO - Processing /home/airflow/.local/lib/python3.7/site-packages/airflow/example_dags/example_bash_operator.py took 0.137 seconds
[2023-06-17T03:48:20.095+0000] {processor.py:157} INFO - Started process (PID=1543) to work on /home/airflow/.local/lib/python3.7/site-packages/airflow/example_dags/example_bash_operator.py
[2023-06-17T03:48:20.104+0000] {processor.py:826} INFO - Processing file /home/airflow/.local/lib/python3.7/site-packages/airflow/example_dags/example_bash_operator.py for tasks to queue
[2023-06-17T03:48:20.105+0000] {logging_mixin.py:149} INFO - [2023-06-17T03:48:20.105+0000] {dagbag.py:541} INFO - Filling up the DagBag from /home/airflow/.local/lib/python3.7/site-packages/airflow/example_dags/example_bash_operator.py
[2023-06-17T03:48:20.118+0000] {processor.py:836} INFO - DAG(s) dict_keys(['example_bash_operator']) retrieved from /home/airflow/.local/lib/python3.7/site-packages/airflow/example_dags/example_bash_operator.py
[2023-06-17T03:48:20.169+0000] {logging_mixin.py:149} INFO - [2023-06-17T03:48:20.169+0000] {dag.py:2726} INFO - Sync 1 DAGs
[2023-06-17T03:48:20.209+0000] {logging_mixin.py:149} INFO - [2023-06-17T03:48:20.209+0000] {dag.py:3490} INFO - Setting next_dagrun for example_bash_operator to 2023-06-16T00:00:00+00:00, run_after=2023-06-17T00:00:00+00:00
[2023-06-17T03:48:20.247+0000] {processor.py:179} INFO - Processing /home/airflow/.local/lib/python3.7/site-packages/airflow/example_dags/example_bash_operator.py took 0.155 seconds
[2023-06-17T03:48:50.533+0000] {processor.py:157} INFO - Started process (PID=1604) to work on /home/airflow/.local/lib/python3.7/site-packages/airflow/example_dags/example_bash_operator.py
[2023-06-17T03:48:50.541+0000] {processor.py:826} INFO - Processing file /home/airflow/.local/lib/python3.7/site-packages/airflow/example_dags/example_bash_operator.py for tasks to queue
[2023-06-17T03:48:50.542+0000] {logging_mixin.py:149} INFO - [2023-06-17T03:48:50.542+0000] {dagbag.py:541} INFO - Filling up the DagBag from /home/airflow/.local/lib/python3.7/site-packages/airflow/example_dags/example_bash_operator.py
[2023-06-17T03:48:50.556+0000] {processor.py:836} INFO - DAG(s) dict_keys(['example_bash_operator']) retrieved from /home/airflow/.local/lib/python3.7/site-packages/airflow/example_dags/example_bash_operator.py
[2023-06-17T03:48:50.600+0000] {logging_mixin.py:149} INFO - [2023-06-17T03:48:50.600+0000] {dag.py:2726} INFO - Sync 1 DAGs
[2023-06-17T03:48:50.628+0000] {logging_mixin.py:149} INFO - [2023-06-17T03:48:50.628+0000] {dag.py:3490} INFO - Setting next_dagrun for example_bash_operator to 2023-06-16T00:00:00+00:00, run_after=2023-06-17T00:00:00+00:00
[2023-06-17T03:48:50.683+0000] {processor.py:179} INFO - Processing /home/airflow/.local/lib/python3.7/site-packages/airflow/example_dags/example_bash_operator.py took 0.153 seconds
[2023-06-17T03:49:21.595+0000] {processor.py:157} INFO - Started process (PID=1666) to work on /home/airflow/.local/lib/python3.7/site-packages/airflow/example_dags/example_bash_operator.py
[2023-06-17T03:49:21.634+0000] {processor.py:826} INFO - Processing file /home/airflow/.local/lib/python3.7/site-packages/airflow/example_dags/example_bash_operator.py for tasks to queue
[2023-06-17T03:49:21.634+0000] {logging_mixin.py:149} INFO - [2023-06-17T03:49:21.634+0000] {dagbag.py:541} INFO - Filling up the DagBag from /home/airflow/.local/lib/python3.7/site-packages/airflow/example_dags/example_bash_operator.py
[2023-06-17T03:49:21.648+0000] {processor.py:836} INFO - DAG(s) dict_keys(['example_bash_operator']) retrieved from /home/airflow/.local/lib/python3.7/site-packages/airflow/example_dags/example_bash_operator.py
[2023-06-17T03:49:21.697+0000] {logging_mixin.py:149} INFO - [2023-06-17T03:49:21.697+0000] {dag.py:2726} INFO - Sync 1 DAGs
[2023-06-17T03:49:21.729+0000] {logging_mixin.py:149} INFO - [2023-06-17T03:49:21.728+0000] {dag.py:3490} INFO - Setting next_dagrun for example_bash_operator to 2023-06-16T00:00:00+00:00, run_after=2023-06-17T00:00:00+00:00
[2023-06-17T03:49:21.763+0000] {processor.py:179} INFO - Processing /home/airflow/.local/lib/python3.7/site-packages/airflow/example_dags/example_bash_operator.py took 0.170 seconds
