[2023-06-17T02:16:49.355+0000] {processor.py:157} INFO - Started process (PID=78) to work on /home/airflow/.local/lib/python3.7/site-packages/airflow/example_dags/example_params_ui_tutorial.py
[2023-06-17T02:16:49.355+0000] {processor.py:826} INFO - Processing file /home/airflow/.local/lib/python3.7/site-packages/airflow/example_dags/example_params_ui_tutorial.py for tasks to queue
[2023-06-17T02:16:49.356+0000] {logging_mixin.py:149} INFO - [2023-06-17T02:16:49.356+0000] {dagbag.py:541} INFO - Filling up the DagBag from /home/airflow/.local/lib/python3.7/site-packages/airflow/example_dags/example_params_ui_tutorial.py
[2023-06-17T02:16:49.490+0000] {processor.py:836} INFO - DAG(s) dict_keys(['example_params_ui_tutorial']) retrieved from /home/airflow/.local/lib/python3.7/site-packages/airflow/example_dags/example_params_ui_tutorial.py
[2023-06-17T02:16:49.610+0000] {logging_mixin.py:149} INFO - [2023-06-17T02:16:49.610+0000] {dag.py:2726} INFO - Sync 1 DAGs
[2023-06-17T02:16:49.714+0000] {logging_mixin.py:149} INFO - [2023-06-17T02:16:49.713+0000] {dag.py:3490} INFO - Setting next_dagrun for example_params_ui_tutorial to None, run_after=None
[2023-06-17T02:16:49.920+0000] {processor.py:179} INFO - Processing /home/airflow/.local/lib/python3.7/site-packages/airflow/example_dags/example_params_ui_tutorial.py took 0.569 seconds
[2023-06-17T02:18:14.753+0000] {processor.py:157} INFO - Started process (PID=146) to work on /home/airflow/.local/lib/python3.7/site-packages/airflow/example_dags/example_params_ui_tutorial.py
[2023-06-17T02:18:14.984+0000] {processor.py:826} INFO - Processing file /home/airflow/.local/lib/python3.7/site-packages/airflow/example_dags/example_params_ui_tutorial.py for tasks to queue
[2023-06-17T02:18:14.985+0000] {logging_mixin.py:149} INFO - [2023-06-17T02:18:14.985+0000] {dagbag.py:541} INFO - Filling up the DagBag from /home/airflow/.local/lib/python3.7/site-packages/airflow/example_dags/example_params_ui_tutorial.py
[2023-06-17T02:18:15.030+0000] {processor.py:836} INFO - DAG(s) dict_keys(['example_params_ui_tutorial']) retrieved from /home/airflow/.local/lib/python3.7/site-packages/airflow/example_dags/example_params_ui_tutorial.py
[2023-06-17T02:18:15.100+0000] {logging_mixin.py:149} INFO - [2023-06-17T02:18:15.100+0000] {dag.py:2726} INFO - Sync 1 DAGs
[2023-06-17T02:18:15.126+0000] {logging_mixin.py:149} INFO - [2023-06-17T02:18:15.125+0000] {dag.py:3490} INFO - Setting next_dagrun for example_params_ui_tutorial to None, run_after=None
[2023-06-17T02:18:15.348+0000] {processor.py:179} INFO - Processing /home/airflow/.local/lib/python3.7/site-packages/airflow/example_dags/example_params_ui_tutorial.py took 0.598 seconds
[2023-06-17T02:18:46.400+0000] {processor.py:157} INFO - Started process (PID=206) to work on /home/airflow/.local/lib/python3.7/site-packages/airflow/example_dags/example_params_ui_tutorial.py
[2023-06-17T02:18:46.524+0000] {processor.py:826} INFO - Processing file /home/airflow/.local/lib/python3.7/site-packages/airflow/example_dags/example_params_ui_tutorial.py for tasks to queue
[2023-06-17T02:18:46.525+0000] {logging_mixin.py:149} INFO - [2023-06-17T02:18:46.524+0000] {dagbag.py:541} INFO - Filling up the DagBag from /home/airflow/.local/lib/python3.7/site-packages/airflow/example_dags/example_params_ui_tutorial.py
[2023-06-17T02:18:46.569+0000] {processor.py:836} INFO - DAG(s) dict_keys(['example_params_ui_tutorial']) retrieved from /home/airflow/.local/lib/python3.7/site-packages/airflow/example_dags/example_params_ui_tutorial.py
[2023-06-17T02:18:46.639+0000] {logging_mixin.py:149} INFO - [2023-06-17T02:18:46.639+0000] {dag.py:2726} INFO - Sync 1 DAGs
[2023-06-17T02:18:46.664+0000] {logging_mixin.py:149} INFO - [2023-06-17T02:18:46.664+0000] {dag.py:3490} INFO - Setting next_dagrun for example_params_ui_tutorial to None, run_after=None
[2023-06-17T02:18:46.824+0000] {processor.py:179} INFO - Processing /home/airflow/.local/lib/python3.7/site-packages/airflow/example_dags/example_params_ui_tutorial.py took 0.428 seconds
[2023-06-17T02:19:17.931+0000] {processor.py:157} INFO - Started process (PID=258) to work on /home/airflow/.local/lib/python3.7/site-packages/airflow/example_dags/example_params_ui_tutorial.py
[2023-06-17T02:19:17.988+0000] {processor.py:826} INFO - Processing file /home/airflow/.local/lib/python3.7/site-packages/airflow/example_dags/example_params_ui_tutorial.py for tasks to queue
[2023-06-17T02:19:17.988+0000] {logging_mixin.py:149} INFO - [2023-06-17T02:19:17.988+0000] {dagbag.py:541} INFO - Filling up the DagBag from /home/airflow/.local/lib/python3.7/site-packages/airflow/example_dags/example_params_ui_tutorial.py
[2023-06-17T02:19:18.142+0000] {processor.py:836} INFO - DAG(s) dict_keys(['example_params_ui_tutorial']) retrieved from /home/airflow/.local/lib/python3.7/site-packages/airflow/example_dags/example_params_ui_tutorial.py
[2023-06-17T02:19:18.215+0000] {logging_mixin.py:149} INFO - [2023-06-17T02:19:18.215+0000] {dag.py:2726} INFO - Sync 1 DAGs
[2023-06-17T02:19:18.241+0000] {logging_mixin.py:149} INFO - [2023-06-17T02:19:18.241+0000] {dag.py:3490} INFO - Setting next_dagrun for example_params_ui_tutorial to None, run_after=None
[2023-06-17T02:19:18.336+0000] {processor.py:179} INFO - Processing /home/airflow/.local/lib/python3.7/site-packages/airflow/example_dags/example_params_ui_tutorial.py took 0.407 seconds
[2023-06-17T02:19:49.861+0000] {processor.py:157} INFO - Started process (PID=319) to work on /home/airflow/.local/lib/python3.7/site-packages/airflow/example_dags/example_params_ui_tutorial.py
[2023-06-17T02:19:50.012+0000] {processor.py:826} INFO - Processing file /home/airflow/.local/lib/python3.7/site-packages/airflow/example_dags/example_params_ui_tutorial.py for tasks to queue
[2023-06-17T02:19:50.013+0000] {logging_mixin.py:149} INFO - [2023-06-17T02:19:50.013+0000] {dagbag.py:541} INFO - Filling up the DagBag from /home/airflow/.local/lib/python3.7/site-packages/airflow/example_dags/example_params_ui_tutorial.py
[2023-06-17T02:19:50.061+0000] {processor.py:836} INFO - DAG(s) dict_keys(['example_params_ui_tutorial']) retrieved from /home/airflow/.local/lib/python3.7/site-packages/airflow/example_dags/example_params_ui_tutorial.py
[2023-06-17T02:19:50.131+0000] {logging_mixin.py:149} INFO - [2023-06-17T02:19:50.131+0000] {dag.py:2726} INFO - Sync 1 DAGs
[2023-06-17T02:19:50.158+0000] {logging_mixin.py:149} INFO - [2023-06-17T02:19:50.158+0000] {dag.py:3490} INFO - Setting next_dagrun for example_params_ui_tutorial to None, run_after=None
[2023-06-17T02:19:50.451+0000] {processor.py:179} INFO - Processing /home/airflow/.local/lib/python3.7/site-packages/airflow/example_dags/example_params_ui_tutorial.py took 0.593 seconds
[2023-06-17T02:20:24.832+0000] {processor.py:157} INFO - Started process (PID=384) to work on /home/airflow/.local/lib/python3.7/site-packages/airflow/example_dags/example_params_ui_tutorial.py
[2023-06-17T02:20:24.930+0000] {processor.py:826} INFO - Processing file /home/airflow/.local/lib/python3.7/site-packages/airflow/example_dags/example_params_ui_tutorial.py for tasks to queue
[2023-06-17T02:20:24.931+0000] {logging_mixin.py:149} INFO - [2023-06-17T02:20:24.931+0000] {dagbag.py:541} INFO - Filling up the DagBag from /home/airflow/.local/lib/python3.7/site-packages/airflow/example_dags/example_params_ui_tutorial.py
[2023-06-17T02:20:25.469+0000] {processor.py:836} INFO - DAG(s) dict_keys(['example_params_ui_tutorial']) retrieved from /home/airflow/.local/lib/python3.7/site-packages/airflow/example_dags/example_params_ui_tutorial.py
[2023-06-17T02:20:25.577+0000] {logging_mixin.py:149} INFO - [2023-06-17T02:20:25.577+0000] {dag.py:2726} INFO - Sync 1 DAGs
[2023-06-17T02:20:25.617+0000] {logging_mixin.py:149} INFO - [2023-06-17T02:20:25.617+0000] {dag.py:3490} INFO - Setting next_dagrun for example_params_ui_tutorial to None, run_after=None
[2023-06-17T02:20:25.810+0000] {processor.py:179} INFO - Processing /home/airflow/.local/lib/python3.7/site-packages/airflow/example_dags/example_params_ui_tutorial.py took 0.981 seconds
[2023-06-17T02:21:00.963+0000] {processor.py:157} INFO - Started process (PID=457) to work on /home/airflow/.local/lib/python3.7/site-packages/airflow/example_dags/example_params_ui_tutorial.py
[2023-06-17T02:21:01.060+0000] {processor.py:826} INFO - Processing file /home/airflow/.local/lib/python3.7/site-packages/airflow/example_dags/example_params_ui_tutorial.py for tasks to queue
[2023-06-17T02:21:01.061+0000] {logging_mixin.py:149} INFO - [2023-06-17T02:21:01.061+0000] {dagbag.py:541} INFO - Filling up the DagBag from /home/airflow/.local/lib/python3.7/site-packages/airflow/example_dags/example_params_ui_tutorial.py
[2023-06-17T02:21:01.117+0000] {processor.py:836} INFO - DAG(s) dict_keys(['example_params_ui_tutorial']) retrieved from /home/airflow/.local/lib/python3.7/site-packages/airflow/example_dags/example_params_ui_tutorial.py
[2023-06-17T02:21:01.222+0000] {logging_mixin.py:149} INFO - [2023-06-17T02:21:01.222+0000] {dag.py:2726} INFO - Sync 1 DAGs
[2023-06-17T02:21:01.259+0000] {logging_mixin.py:149} INFO - [2023-06-17T02:21:01.259+0000] {dag.py:3490} INFO - Setting next_dagrun for example_params_ui_tutorial to None, run_after=None
[2023-06-17T02:21:01.370+0000] {processor.py:179} INFO - Processing /home/airflow/.local/lib/python3.7/site-packages/airflow/example_dags/example_params_ui_tutorial.py took 0.410 seconds
[2023-06-17T02:21:35.172+0000] {processor.py:157} INFO - Started process (PID=510) to work on /home/airflow/.local/lib/python3.7/site-packages/airflow/example_dags/example_params_ui_tutorial.py
[2023-06-17T02:21:35.660+0000] {processor.py:826} INFO - Processing file /home/airflow/.local/lib/python3.7/site-packages/airflow/example_dags/example_params_ui_tutorial.py for tasks to queue
[2023-06-17T02:21:35.660+0000] {logging_mixin.py:149} INFO - [2023-06-17T02:21:35.660+0000] {dagbag.py:541} INFO - Filling up the DagBag from /home/airflow/.local/lib/python3.7/site-packages/airflow/example_dags/example_params_ui_tutorial.py
[2023-06-17T02:21:35.835+0000] {processor.py:836} INFO - DAG(s) dict_keys(['example_params_ui_tutorial']) retrieved from /home/airflow/.local/lib/python3.7/site-packages/airflow/example_dags/example_params_ui_tutorial.py
[2023-06-17T02:21:35.908+0000] {logging_mixin.py:149} INFO - [2023-06-17T02:21:35.908+0000] {dag.py:2726} INFO - Sync 1 DAGs
[2023-06-17T02:21:35.934+0000] {logging_mixin.py:149} INFO - [2023-06-17T02:21:35.934+0000] {dag.py:3490} INFO - Setting next_dagrun for example_params_ui_tutorial to None, run_after=None
[2023-06-17T02:21:36.082+0000] {processor.py:179} INFO - Processing /home/airflow/.local/lib/python3.7/site-packages/airflow/example_dags/example_params_ui_tutorial.py took 0.912 seconds
[2023-06-17T02:22:06.812+0000] {processor.py:157} INFO - Started process (PID=570) to work on /home/airflow/.local/lib/python3.7/site-packages/airflow/example_dags/example_params_ui_tutorial.py
[2023-06-17T02:22:06.828+0000] {processor.py:826} INFO - Processing file /home/airflow/.local/lib/python3.7/site-packages/airflow/example_dags/example_params_ui_tutorial.py for tasks to queue
[2023-06-17T02:22:06.829+0000] {logging_mixin.py:149} INFO - [2023-06-17T02:22:06.829+0000] {dagbag.py:541} INFO - Filling up the DagBag from /home/airflow/.local/lib/python3.7/site-packages/airflow/example_dags/example_params_ui_tutorial.py
[2023-06-17T02:22:06.879+0000] {processor.py:836} INFO - DAG(s) dict_keys(['example_params_ui_tutorial']) retrieved from /home/airflow/.local/lib/python3.7/site-packages/airflow/example_dags/example_params_ui_tutorial.py
[2023-06-17T02:22:06.957+0000] {logging_mixin.py:149} INFO - [2023-06-17T02:22:06.957+0000] {dag.py:2726} INFO - Sync 1 DAGs
[2023-06-17T02:22:06.982+0000] {logging_mixin.py:149} INFO - [2023-06-17T02:22:06.981+0000] {dag.py:3490} INFO - Setting next_dagrun for example_params_ui_tutorial to None, run_after=None
[2023-06-17T02:22:07.129+0000] {processor.py:179} INFO - Processing /home/airflow/.local/lib/python3.7/site-packages/airflow/example_dags/example_params_ui_tutorial.py took 0.319 seconds
[2023-06-17T02:22:37.297+0000] {processor.py:157} INFO - Started process (PID=631) to work on /home/airflow/.local/lib/python3.7/site-packages/airflow/example_dags/example_params_ui_tutorial.py
[2023-06-17T02:22:37.433+0000] {processor.py:826} INFO - Processing file /home/airflow/.local/lib/python3.7/site-packages/airflow/example_dags/example_params_ui_tutorial.py for tasks to queue
[2023-06-17T02:22:37.433+0000] {logging_mixin.py:149} INFO - [2023-06-17T02:22:37.433+0000] {dagbag.py:541} INFO - Filling up the DagBag from /home/airflow/.local/lib/python3.7/site-packages/airflow/example_dags/example_params_ui_tutorial.py
[2023-06-17T02:22:37.477+0000] {processor.py:836} INFO - DAG(s) dict_keys(['example_params_ui_tutorial']) retrieved from /home/airflow/.local/lib/python3.7/site-packages/airflow/example_dags/example_params_ui_tutorial.py
[2023-06-17T02:22:37.550+0000] {logging_mixin.py:149} INFO - [2023-06-17T02:22:37.550+0000] {dag.py:2726} INFO - Sync 1 DAGs
[2023-06-17T02:22:37.575+0000] {logging_mixin.py:149} INFO - [2023-06-17T02:22:37.575+0000] {dag.py:3490} INFO - Setting next_dagrun for example_params_ui_tutorial to None, run_after=None
[2023-06-17T02:22:37.852+0000] {processor.py:179} INFO - Processing /home/airflow/.local/lib/python3.7/site-packages/airflow/example_dags/example_params_ui_tutorial.py took 0.558 seconds
[2023-06-17T02:23:21.109+0000] {processor.py:157} INFO - Started process (PID=686) to work on /home/airflow/.local/lib/python3.7/site-packages/airflow/example_dags/example_params_ui_tutorial.py
[2023-06-17T02:23:21.128+0000] {processor.py:826} INFO - Processing file /home/airflow/.local/lib/python3.7/site-packages/airflow/example_dags/example_params_ui_tutorial.py for tasks to queue
[2023-06-17T02:23:21.129+0000] {logging_mixin.py:149} INFO - [2023-06-17T02:23:21.128+0000] {dagbag.py:541} INFO - Filling up the DagBag from /home/airflow/.local/lib/python3.7/site-packages/airflow/example_dags/example_params_ui_tutorial.py
[2023-06-17T02:23:21.183+0000] {processor.py:836} INFO - DAG(s) dict_keys(['example_params_ui_tutorial']) retrieved from /home/airflow/.local/lib/python3.7/site-packages/airflow/example_dags/example_params_ui_tutorial.py
[2023-06-17T02:23:21.257+0000] {logging_mixin.py:149} INFO - [2023-06-17T02:23:21.257+0000] {dag.py:2726} INFO - Sync 1 DAGs
[2023-06-17T02:23:21.283+0000] {logging_mixin.py:149} INFO - [2023-06-17T02:23:21.283+0000] {dag.py:3490} INFO - Setting next_dagrun for example_params_ui_tutorial to None, run_after=None
[2023-06-17T02:23:21.418+0000] {processor.py:179} INFO - Processing /home/airflow/.local/lib/python3.7/site-packages/airflow/example_dags/example_params_ui_tutorial.py took 0.314 seconds
[2023-06-17T02:23:51.661+0000] {processor.py:157} INFO - Started process (PID=747) to work on /home/airflow/.local/lib/python3.7/site-packages/airflow/example_dags/example_params_ui_tutorial.py
[2023-06-17T02:23:51.678+0000] {processor.py:826} INFO - Processing file /home/airflow/.local/lib/python3.7/site-packages/airflow/example_dags/example_params_ui_tutorial.py for tasks to queue
[2023-06-17T02:23:51.678+0000] {logging_mixin.py:149} INFO - [2023-06-17T02:23:51.678+0000] {dagbag.py:541} INFO - Filling up the DagBag from /home/airflow/.local/lib/python3.7/site-packages/airflow/example_dags/example_params_ui_tutorial.py
[2023-06-17T02:23:51.722+0000] {processor.py:836} INFO - DAG(s) dict_keys(['example_params_ui_tutorial']) retrieved from /home/airflow/.local/lib/python3.7/site-packages/airflow/example_dags/example_params_ui_tutorial.py
[2023-06-17T02:23:51.792+0000] {logging_mixin.py:149} INFO - [2023-06-17T02:23:51.792+0000] {dag.py:2726} INFO - Sync 1 DAGs
[2023-06-17T02:23:51.818+0000] {logging_mixin.py:149} INFO - [2023-06-17T02:23:51.818+0000] {dag.py:3490} INFO - Setting next_dagrun for example_params_ui_tutorial to None, run_after=None
[2023-06-17T02:23:51.852+0000] {processor.py:179} INFO - Processing /home/airflow/.local/lib/python3.7/site-packages/airflow/example_dags/example_params_ui_tutorial.py took 0.194 seconds
[2023-06-17T02:24:22.455+0000] {processor.py:157} INFO - Started process (PID=808) to work on /home/airflow/.local/lib/python3.7/site-packages/airflow/example_dags/example_params_ui_tutorial.py
[2023-06-17T02:24:22.468+0000] {processor.py:826} INFO - Processing file /home/airflow/.local/lib/python3.7/site-packages/airflow/example_dags/example_params_ui_tutorial.py for tasks to queue
[2023-06-17T02:24:22.469+0000] {logging_mixin.py:149} INFO - [2023-06-17T02:24:22.469+0000] {dagbag.py:541} INFO - Filling up the DagBag from /home/airflow/.local/lib/python3.7/site-packages/airflow/example_dags/example_params_ui_tutorial.py
[2023-06-17T02:24:22.534+0000] {processor.py:836} INFO - DAG(s) dict_keys(['example_params_ui_tutorial']) retrieved from /home/airflow/.local/lib/python3.7/site-packages/airflow/example_dags/example_params_ui_tutorial.py
[2023-06-17T02:24:22.642+0000] {logging_mixin.py:149} INFO - [2023-06-17T02:24:22.642+0000] {dag.py:2726} INFO - Sync 1 DAGs
[2023-06-17T02:24:22.680+0000] {logging_mixin.py:149} INFO - [2023-06-17T02:24:22.679+0000] {dag.py:3490} INFO - Setting next_dagrun for example_params_ui_tutorial to None, run_after=None
[2023-06-17T02:24:22.809+0000] {processor.py:179} INFO - Processing /home/airflow/.local/lib/python3.7/site-packages/airflow/example_dags/example_params_ui_tutorial.py took 0.358 seconds
[2023-06-17T02:24:55.803+0000] {processor.py:157} INFO - Started process (PID=872) to work on /home/airflow/.local/lib/python3.7/site-packages/airflow/example_dags/example_params_ui_tutorial.py
[2023-06-17T02:24:55.822+0000] {processor.py:826} INFO - Processing file /home/airflow/.local/lib/python3.7/site-packages/airflow/example_dags/example_params_ui_tutorial.py for tasks to queue
[2023-06-17T02:24:55.822+0000] {logging_mixin.py:149} INFO - [2023-06-17T02:24:55.822+0000] {dagbag.py:541} INFO - Filling up the DagBag from /home/airflow/.local/lib/python3.7/site-packages/airflow/example_dags/example_params_ui_tutorial.py
[2023-06-17T02:24:55.867+0000] {processor.py:836} INFO - DAG(s) dict_keys(['example_params_ui_tutorial']) retrieved from /home/airflow/.local/lib/python3.7/site-packages/airflow/example_dags/example_params_ui_tutorial.py
[2023-06-17T02:24:55.949+0000] {logging_mixin.py:149} INFO - [2023-06-17T02:24:55.949+0000] {dag.py:2726} INFO - Sync 1 DAGs
[2023-06-17T02:24:55.975+0000] {logging_mixin.py:149} INFO - [2023-06-17T02:24:55.974+0000] {dag.py:3490} INFO - Setting next_dagrun for example_params_ui_tutorial to None, run_after=None
[2023-06-17T02:24:56.009+0000] {processor.py:179} INFO - Processing /home/airflow/.local/lib/python3.7/site-packages/airflow/example_dags/example_params_ui_tutorial.py took 0.208 seconds
[2023-06-17T02:25:32.183+0000] {processor.py:157} INFO - Started process (PID=925) to work on /home/airflow/.local/lib/python3.7/site-packages/airflow/example_dags/example_params_ui_tutorial.py
[2023-06-17T02:25:32.233+0000] {processor.py:826} INFO - Processing file /home/airflow/.local/lib/python3.7/site-packages/airflow/example_dags/example_params_ui_tutorial.py for tasks to queue
[2023-06-17T02:25:32.234+0000] {logging_mixin.py:149} INFO - [2023-06-17T02:25:32.234+0000] {dagbag.py:541} INFO - Filling up the DagBag from /home/airflow/.local/lib/python3.7/site-packages/airflow/example_dags/example_params_ui_tutorial.py
[2023-06-17T02:25:32.285+0000] {processor.py:836} INFO - DAG(s) dict_keys(['example_params_ui_tutorial']) retrieved from /home/airflow/.local/lib/python3.7/site-packages/airflow/example_dags/example_params_ui_tutorial.py
[2023-06-17T02:25:32.358+0000] {logging_mixin.py:149} INFO - [2023-06-17T02:25:32.358+0000] {dag.py:2726} INFO - Sync 1 DAGs
[2023-06-17T02:25:32.388+0000] {logging_mixin.py:149} INFO - [2023-06-17T02:25:32.388+0000] {dag.py:3490} INFO - Setting next_dagrun for example_params_ui_tutorial to None, run_after=None
[2023-06-17T02:25:32.411+0000] {processor.py:179} INFO - Processing /home/airflow/.local/lib/python3.7/site-packages/airflow/example_dags/example_params_ui_tutorial.py took 0.232 seconds
[2023-06-17T02:26:03.963+0000] {processor.py:157} INFO - Started process (PID=988) to work on /home/airflow/.local/lib/python3.7/site-packages/airflow/example_dags/example_params_ui_tutorial.py
[2023-06-17T02:26:03.969+0000] {processor.py:826} INFO - Processing file /home/airflow/.local/lib/python3.7/site-packages/airflow/example_dags/example_params_ui_tutorial.py for tasks to queue
[2023-06-17T02:26:03.971+0000] {logging_mixin.py:149} INFO - [2023-06-17T02:26:03.971+0000] {dagbag.py:541} INFO - Filling up the DagBag from /home/airflow/.local/lib/python3.7/site-packages/airflow/example_dags/example_params_ui_tutorial.py
[2023-06-17T02:26:04.104+0000] {processor.py:836} INFO - DAG(s) dict_keys(['example_params_ui_tutorial']) retrieved from /home/airflow/.local/lib/python3.7/site-packages/airflow/example_dags/example_params_ui_tutorial.py
[2023-06-17T02:26:04.319+0000] {logging_mixin.py:149} INFO - [2023-06-17T02:26:04.319+0000] {dag.py:2726} INFO - Sync 1 DAGs
[2023-06-17T02:26:04.394+0000] {logging_mixin.py:149} INFO - [2023-06-17T02:26:04.394+0000] {dag.py:3490} INFO - Setting next_dagrun for example_params_ui_tutorial to None, run_after=None
[2023-06-17T02:26:04.443+0000] {processor.py:179} INFO - Processing /home/airflow/.local/lib/python3.7/site-packages/airflow/example_dags/example_params_ui_tutorial.py took 0.487 seconds
[2023-06-17T02:26:34.811+0000] {processor.py:157} INFO - Started process (PID=1050) to work on /home/airflow/.local/lib/python3.7/site-packages/airflow/example_dags/example_params_ui_tutorial.py
[2023-06-17T02:26:34.824+0000] {processor.py:826} INFO - Processing file /home/airflow/.local/lib/python3.7/site-packages/airflow/example_dags/example_params_ui_tutorial.py for tasks to queue
[2023-06-17T02:26:34.825+0000] {logging_mixin.py:149} INFO - [2023-06-17T02:26:34.825+0000] {dagbag.py:541} INFO - Filling up the DagBag from /home/airflow/.local/lib/python3.7/site-packages/airflow/example_dags/example_params_ui_tutorial.py
[2023-06-17T02:26:34.931+0000] {processor.py:836} INFO - DAG(s) dict_keys(['example_params_ui_tutorial']) retrieved from /home/airflow/.local/lib/python3.7/site-packages/airflow/example_dags/example_params_ui_tutorial.py
[2023-06-17T02:26:35.061+0000] {logging_mixin.py:149} INFO - [2023-06-17T02:26:35.061+0000] {dag.py:2726} INFO - Sync 1 DAGs
[2023-06-17T02:26:35.114+0000] {logging_mixin.py:149} INFO - [2023-06-17T02:26:35.114+0000] {dag.py:3490} INFO - Setting next_dagrun for example_params_ui_tutorial to None, run_after=None
[2023-06-17T02:26:35.153+0000] {processor.py:179} INFO - Processing /home/airflow/.local/lib/python3.7/site-packages/airflow/example_dags/example_params_ui_tutorial.py took 0.345 seconds
[2023-06-17T02:27:27.585+0000] {processor.py:157} INFO - Started process (PID=1117) to work on /home/airflow/.local/lib/python3.7/site-packages/airflow/example_dags/example_params_ui_tutorial.py
[2023-06-17T02:27:27.814+0000] {processor.py:826} INFO - Processing file /home/airflow/.local/lib/python3.7/site-packages/airflow/example_dags/example_params_ui_tutorial.py for tasks to queue
[2023-06-17T02:27:27.818+0000] {logging_mixin.py:149} INFO - [2023-06-17T02:27:27.817+0000] {dagbag.py:541} INFO - Filling up the DagBag from /home/airflow/.local/lib/python3.7/site-packages/airflow/example_dags/example_params_ui_tutorial.py
[2023-06-17T02:27:28.359+0000] {processor.py:836} INFO - DAG(s) dict_keys(['example_params_ui_tutorial']) retrieved from /home/airflow/.local/lib/python3.7/site-packages/airflow/example_dags/example_params_ui_tutorial.py
[2023-06-17T02:27:28.440+0000] {logging_mixin.py:149} INFO - [2023-06-17T02:27:28.440+0000] {dag.py:2726} INFO - Sync 1 DAGs
[2023-06-17T02:27:28.514+0000] {logging_mixin.py:149} INFO - [2023-06-17T02:27:28.514+0000] {dag.py:3490} INFO - Setting next_dagrun for example_params_ui_tutorial to None, run_after=None
[2023-06-17T02:27:28.797+0000] {processor.py:179} INFO - Processing /home/airflow/.local/lib/python3.7/site-packages/airflow/example_dags/example_params_ui_tutorial.py took 1.217 seconds
[2023-06-17T02:27:58.974+0000] {processor.py:157} INFO - Started process (PID=1172) to work on /home/airflow/.local/lib/python3.7/site-packages/airflow/example_dags/example_params_ui_tutorial.py
[2023-06-17T02:27:58.976+0000] {processor.py:826} INFO - Processing file /home/airflow/.local/lib/python3.7/site-packages/airflow/example_dags/example_params_ui_tutorial.py for tasks to queue
[2023-06-17T02:27:58.977+0000] {logging_mixin.py:149} INFO - [2023-06-17T02:27:58.977+0000] {dagbag.py:541} INFO - Filling up the DagBag from /home/airflow/.local/lib/python3.7/site-packages/airflow/example_dags/example_params_ui_tutorial.py
[2023-06-17T02:27:59.037+0000] {processor.py:836} INFO - DAG(s) dict_keys(['example_params_ui_tutorial']) retrieved from /home/airflow/.local/lib/python3.7/site-packages/airflow/example_dags/example_params_ui_tutorial.py
[2023-06-17T02:27:59.116+0000] {logging_mixin.py:149} INFO - [2023-06-17T02:27:59.116+0000] {dag.py:2726} INFO - Sync 1 DAGs
[2023-06-17T02:27:59.143+0000] {logging_mixin.py:149} INFO - [2023-06-17T02:27:59.143+0000] {dag.py:3490} INFO - Setting next_dagrun for example_params_ui_tutorial to None, run_after=None
[2023-06-17T02:27:59.357+0000] {processor.py:179} INFO - Processing /home/airflow/.local/lib/python3.7/site-packages/airflow/example_dags/example_params_ui_tutorial.py took 0.388 seconds
[2023-06-17T02:28:29.786+0000] {processor.py:157} INFO - Started process (PID=1233) to work on /home/airflow/.local/lib/python3.7/site-packages/airflow/example_dags/example_params_ui_tutorial.py
[2023-06-17T02:28:29.857+0000] {processor.py:826} INFO - Processing file /home/airflow/.local/lib/python3.7/site-packages/airflow/example_dags/example_params_ui_tutorial.py for tasks to queue
[2023-06-17T02:28:29.858+0000] {logging_mixin.py:149} INFO - [2023-06-17T02:28:29.858+0000] {dagbag.py:541} INFO - Filling up the DagBag from /home/airflow/.local/lib/python3.7/site-packages/airflow/example_dags/example_params_ui_tutorial.py
[2023-06-17T02:28:29.912+0000] {processor.py:836} INFO - DAG(s) dict_keys(['example_params_ui_tutorial']) retrieved from /home/airflow/.local/lib/python3.7/site-packages/airflow/example_dags/example_params_ui_tutorial.py
[2023-06-17T02:28:29.986+0000] {logging_mixin.py:149} INFO - [2023-06-17T02:28:29.986+0000] {dag.py:2726} INFO - Sync 1 DAGs
[2023-06-17T02:28:30.011+0000] {logging_mixin.py:149} INFO - [2023-06-17T02:28:30.011+0000] {dag.py:3490} INFO - Setting next_dagrun for example_params_ui_tutorial to None, run_after=None
[2023-06-17T02:28:30.378+0000] {processor.py:179} INFO - Processing /home/airflow/.local/lib/python3.7/site-packages/airflow/example_dags/example_params_ui_tutorial.py took 0.596 seconds
[2023-06-17T02:29:01.012+0000] {processor.py:157} INFO - Started process (PID=1294) to work on /home/airflow/.local/lib/python3.7/site-packages/airflow/example_dags/example_params_ui_tutorial.py
[2023-06-17T02:29:01.177+0000] {processor.py:826} INFO - Processing file /home/airflow/.local/lib/python3.7/site-packages/airflow/example_dags/example_params_ui_tutorial.py for tasks to queue
[2023-06-17T02:29:01.179+0000] {logging_mixin.py:149} INFO - [2023-06-17T02:29:01.178+0000] {dagbag.py:541} INFO - Filling up the DagBag from /home/airflow/.local/lib/python3.7/site-packages/airflow/example_dags/example_params_ui_tutorial.py
[2023-06-17T02:29:01.244+0000] {processor.py:836} INFO - DAG(s) dict_keys(['example_params_ui_tutorial']) retrieved from /home/airflow/.local/lib/python3.7/site-packages/airflow/example_dags/example_params_ui_tutorial.py
[2023-06-17T02:29:01.314+0000] {logging_mixin.py:149} INFO - [2023-06-17T02:29:01.314+0000] {dag.py:2726} INFO - Sync 1 DAGs
[2023-06-17T02:29:01.339+0000] {logging_mixin.py:149} INFO - [2023-06-17T02:29:01.339+0000] {dag.py:3490} INFO - Setting next_dagrun for example_params_ui_tutorial to None, run_after=None
[2023-06-17T02:29:01.566+0000] {processor.py:179} INFO - Processing /home/airflow/.local/lib/python3.7/site-packages/airflow/example_dags/example_params_ui_tutorial.py took 0.556 seconds
[2023-06-17T02:29:31.725+0000] {processor.py:157} INFO - Started process (PID=1355) to work on /home/airflow/.local/lib/python3.7/site-packages/airflow/example_dags/example_params_ui_tutorial.py
[2023-06-17T02:29:31.792+0000] {processor.py:826} INFO - Processing file /home/airflow/.local/lib/python3.7/site-packages/airflow/example_dags/example_params_ui_tutorial.py for tasks to queue
[2023-06-17T02:29:31.793+0000] {logging_mixin.py:149} INFO - [2023-06-17T02:29:31.793+0000] {dagbag.py:541} INFO - Filling up the DagBag from /home/airflow/.local/lib/python3.7/site-packages/airflow/example_dags/example_params_ui_tutorial.py
[2023-06-17T02:29:31.879+0000] {processor.py:836} INFO - DAG(s) dict_keys(['example_params_ui_tutorial']) retrieved from /home/airflow/.local/lib/python3.7/site-packages/airflow/example_dags/example_params_ui_tutorial.py
[2023-06-17T02:29:31.977+0000] {logging_mixin.py:149} INFO - [2023-06-17T02:29:31.977+0000] {dag.py:2726} INFO - Sync 1 DAGs
[2023-06-17T02:29:32.010+0000] {logging_mixin.py:149} INFO - [2023-06-17T02:29:32.010+0000] {dag.py:3490} INFO - Setting next_dagrun for example_params_ui_tutorial to None, run_after=None
[2023-06-17T02:29:32.331+0000] {processor.py:179} INFO - Processing /home/airflow/.local/lib/python3.7/site-packages/airflow/example_dags/example_params_ui_tutorial.py took 0.609 seconds
[2023-06-17T02:32:29.009+0000] {processor.py:157} INFO - Started process (PID=1427) to work on /home/airflow/.local/lib/python3.7/site-packages/airflow/example_dags/example_params_ui_tutorial.py
[2023-06-17T02:32:29.299+0000] {processor.py:826} INFO - Processing file /home/airflow/.local/lib/python3.7/site-packages/airflow/example_dags/example_params_ui_tutorial.py for tasks to queue
[2023-06-17T02:32:29.302+0000] {logging_mixin.py:149} INFO - [2023-06-17T02:32:29.301+0000] {dagbag.py:541} INFO - Filling up the DagBag from /home/airflow/.local/lib/python3.7/site-packages/airflow/example_dags/example_params_ui_tutorial.py
[2023-06-17T02:32:29.430+0000] {processor.py:836} INFO - DAG(s) dict_keys(['example_params_ui_tutorial']) retrieved from /home/airflow/.local/lib/python3.7/site-packages/airflow/example_dags/example_params_ui_tutorial.py
[2023-06-17T02:32:29.500+0000] {logging_mixin.py:149} INFO - [2023-06-17T02:32:29.500+0000] {dag.py:2726} INFO - Sync 1 DAGs
[2023-06-17T02:32:29.528+0000] {logging_mixin.py:149} INFO - [2023-06-17T02:32:29.528+0000] {dag.py:3490} INFO - Setting next_dagrun for example_params_ui_tutorial to None, run_after=None
[2023-06-17T02:32:29.674+0000] {processor.py:179} INFO - Processing /home/airflow/.local/lib/python3.7/site-packages/airflow/example_dags/example_params_ui_tutorial.py took 0.669 seconds
[2023-06-17T02:33:00.250+0000] {processor.py:157} INFO - Started process (PID=1487) to work on /home/airflow/.local/lib/python3.7/site-packages/airflow/example_dags/example_params_ui_tutorial.py
[2023-06-17T02:33:00.318+0000] {processor.py:826} INFO - Processing file /home/airflow/.local/lib/python3.7/site-packages/airflow/example_dags/example_params_ui_tutorial.py for tasks to queue
[2023-06-17T02:33:00.319+0000] {logging_mixin.py:149} INFO - [2023-06-17T02:33:00.319+0000] {dagbag.py:541} INFO - Filling up the DagBag from /home/airflow/.local/lib/python3.7/site-packages/airflow/example_dags/example_params_ui_tutorial.py
[2023-06-17T02:33:00.377+0000] {processor.py:836} INFO - DAG(s) dict_keys(['example_params_ui_tutorial']) retrieved from /home/airflow/.local/lib/python3.7/site-packages/airflow/example_dags/example_params_ui_tutorial.py
[2023-06-17T02:33:00.461+0000] {logging_mixin.py:149} INFO - [2023-06-17T02:33:00.461+0000] {dag.py:2726} INFO - Sync 1 DAGs
[2023-06-17T02:33:00.490+0000] {logging_mixin.py:149} INFO - [2023-06-17T02:33:00.490+0000] {dag.py:3490} INFO - Setting next_dagrun for example_params_ui_tutorial to None, run_after=None
[2023-06-17T02:33:00.559+0000] {processor.py:179} INFO - Processing /home/airflow/.local/lib/python3.7/site-packages/airflow/example_dags/example_params_ui_tutorial.py took 0.311 seconds
[2023-06-17T02:33:31.422+0000] {processor.py:157} INFO - Started process (PID=1539) to work on /home/airflow/.local/lib/python3.7/site-packages/airflow/example_dags/example_params_ui_tutorial.py
[2023-06-17T02:33:31.434+0000] {processor.py:826} INFO - Processing file /home/airflow/.local/lib/python3.7/site-packages/airflow/example_dags/example_params_ui_tutorial.py for tasks to queue
[2023-06-17T02:33:31.434+0000] {logging_mixin.py:149} INFO - [2023-06-17T02:33:31.434+0000] {dagbag.py:541} INFO - Filling up the DagBag from /home/airflow/.local/lib/python3.7/site-packages/airflow/example_dags/example_params_ui_tutorial.py
[2023-06-17T02:33:31.488+0000] {processor.py:836} INFO - DAG(s) dict_keys(['example_params_ui_tutorial']) retrieved from /home/airflow/.local/lib/python3.7/site-packages/airflow/example_dags/example_params_ui_tutorial.py
[2023-06-17T02:33:31.609+0000] {logging_mixin.py:149} INFO - [2023-06-17T02:33:31.609+0000] {dag.py:2726} INFO - Sync 1 DAGs
[2023-06-17T02:33:31.665+0000] {logging_mixin.py:149} INFO - [2023-06-17T02:33:31.665+0000] {dag.py:3490} INFO - Setting next_dagrun for example_params_ui_tutorial to None, run_after=None
[2023-06-17T02:33:31.707+0000] {processor.py:179} INFO - Processing /home/airflow/.local/lib/python3.7/site-packages/airflow/example_dags/example_params_ui_tutorial.py took 0.288 seconds
[2023-06-17T02:34:01.738+0000] {processor.py:157} INFO - Started process (PID=1600) to work on /home/airflow/.local/lib/python3.7/site-packages/airflow/example_dags/example_params_ui_tutorial.py
[2023-06-17T02:34:01.746+0000] {processor.py:826} INFO - Processing file /home/airflow/.local/lib/python3.7/site-packages/airflow/example_dags/example_params_ui_tutorial.py for tasks to queue
[2023-06-17T02:34:01.747+0000] {logging_mixin.py:149} INFO - [2023-06-17T02:34:01.747+0000] {dagbag.py:541} INFO - Filling up the DagBag from /home/airflow/.local/lib/python3.7/site-packages/airflow/example_dags/example_params_ui_tutorial.py
[2023-06-17T02:34:01.804+0000] {processor.py:836} INFO - DAG(s) dict_keys(['example_params_ui_tutorial']) retrieved from /home/airflow/.local/lib/python3.7/site-packages/airflow/example_dags/example_params_ui_tutorial.py
[2023-06-17T02:34:01.908+0000] {logging_mixin.py:149} INFO - [2023-06-17T02:34:01.908+0000] {dag.py:2726} INFO - Sync 1 DAGs
[2023-06-17T02:34:01.945+0000] {logging_mixin.py:149} INFO - [2023-06-17T02:34:01.944+0000] {dag.py:3490} INFO - Setting next_dagrun for example_params_ui_tutorial to None, run_after=None
[2023-06-17T02:34:01.995+0000] {processor.py:179} INFO - Processing /home/airflow/.local/lib/python3.7/site-packages/airflow/example_dags/example_params_ui_tutorial.py took 0.260 seconds
[2023-06-17T02:34:32.044+0000] {processor.py:157} INFO - Started process (PID=1661) to work on /home/airflow/.local/lib/python3.7/site-packages/airflow/example_dags/example_params_ui_tutorial.py
[2023-06-17T02:34:32.048+0000] {processor.py:826} INFO - Processing file /home/airflow/.local/lib/python3.7/site-packages/airflow/example_dags/example_params_ui_tutorial.py for tasks to queue
[2023-06-17T02:34:32.048+0000] {logging_mixin.py:149} INFO - [2023-06-17T02:34:32.048+0000] {dagbag.py:541} INFO - Filling up the DagBag from /home/airflow/.local/lib/python3.7/site-packages/airflow/example_dags/example_params_ui_tutorial.py
[2023-06-17T02:34:32.103+0000] {processor.py:836} INFO - DAG(s) dict_keys(['example_params_ui_tutorial']) retrieved from /home/airflow/.local/lib/python3.7/site-packages/airflow/example_dags/example_params_ui_tutorial.py
[2023-06-17T02:34:32.194+0000] {logging_mixin.py:149} INFO - [2023-06-17T02:34:32.194+0000] {dag.py:2726} INFO - Sync 1 DAGs
[2023-06-17T02:34:32.232+0000] {logging_mixin.py:149} INFO - [2023-06-17T02:34:32.232+0000] {dag.py:3490} INFO - Setting next_dagrun for example_params_ui_tutorial to None, run_after=None
[2023-06-17T02:34:32.263+0000] {processor.py:179} INFO - Processing /home/airflow/.local/lib/python3.7/site-packages/airflow/example_dags/example_params_ui_tutorial.py took 0.222 seconds
[2023-06-17T02:35:02.439+0000] {processor.py:157} INFO - Started process (PID=1722) to work on /home/airflow/.local/lib/python3.7/site-packages/airflow/example_dags/example_params_ui_tutorial.py
[2023-06-17T02:35:02.450+0000] {processor.py:826} INFO - Processing file /home/airflow/.local/lib/python3.7/site-packages/airflow/example_dags/example_params_ui_tutorial.py for tasks to queue
[2023-06-17T02:35:02.450+0000] {logging_mixin.py:149} INFO - [2023-06-17T02:35:02.450+0000] {dagbag.py:541} INFO - Filling up the DagBag from /home/airflow/.local/lib/python3.7/site-packages/airflow/example_dags/example_params_ui_tutorial.py
[2023-06-17T02:35:02.508+0000] {processor.py:836} INFO - DAG(s) dict_keys(['example_params_ui_tutorial']) retrieved from /home/airflow/.local/lib/python3.7/site-packages/airflow/example_dags/example_params_ui_tutorial.py
[2023-06-17T02:35:02.622+0000] {logging_mixin.py:149} INFO - [2023-06-17T02:35:02.622+0000] {dag.py:2726} INFO - Sync 1 DAGs
[2023-06-17T02:35:02.657+0000] {logging_mixin.py:149} INFO - [2023-06-17T02:35:02.657+0000] {dag.py:3490} INFO - Setting next_dagrun for example_params_ui_tutorial to None, run_after=None
[2023-06-17T02:35:02.704+0000] {processor.py:179} INFO - Processing /home/airflow/.local/lib/python3.7/site-packages/airflow/example_dags/example_params_ui_tutorial.py took 0.269 seconds
[2023-06-17T02:35:32.855+0000] {processor.py:157} INFO - Started process (PID=1782) to work on /home/airflow/.local/lib/python3.7/site-packages/airflow/example_dags/example_params_ui_tutorial.py
[2023-06-17T02:35:32.938+0000] {processor.py:826} INFO - Processing file /home/airflow/.local/lib/python3.7/site-packages/airflow/example_dags/example_params_ui_tutorial.py for tasks to queue
[2023-06-17T02:35:32.939+0000] {logging_mixin.py:149} INFO - [2023-06-17T02:35:32.939+0000] {dagbag.py:541} INFO - Filling up the DagBag from /home/airflow/.local/lib/python3.7/site-packages/airflow/example_dags/example_params_ui_tutorial.py
[2023-06-17T02:35:32.992+0000] {processor.py:836} INFO - DAG(s) dict_keys(['example_params_ui_tutorial']) retrieved from /home/airflow/.local/lib/python3.7/site-packages/airflow/example_dags/example_params_ui_tutorial.py
[2023-06-17T02:35:33.081+0000] {logging_mixin.py:149} INFO - [2023-06-17T02:35:33.081+0000] {dag.py:2726} INFO - Sync 1 DAGs
[2023-06-17T02:35:33.113+0000] {logging_mixin.py:149} INFO - [2023-06-17T02:35:33.113+0000] {dag.py:3490} INFO - Setting next_dagrun for example_params_ui_tutorial to None, run_after=None
[2023-06-17T02:35:33.222+0000] {processor.py:179} INFO - Processing /home/airflow/.local/lib/python3.7/site-packages/airflow/example_dags/example_params_ui_tutorial.py took 0.370 seconds
[2023-06-17T02:36:03.306+0000] {processor.py:157} INFO - Started process (PID=1843) to work on /home/airflow/.local/lib/python3.7/site-packages/airflow/example_dags/example_params_ui_tutorial.py
[2023-06-17T02:36:03.328+0000] {processor.py:826} INFO - Processing file /home/airflow/.local/lib/python3.7/site-packages/airflow/example_dags/example_params_ui_tutorial.py for tasks to queue
[2023-06-17T02:36:03.329+0000] {logging_mixin.py:149} INFO - [2023-06-17T02:36:03.328+0000] {dagbag.py:541} INFO - Filling up the DagBag from /home/airflow/.local/lib/python3.7/site-packages/airflow/example_dags/example_params_ui_tutorial.py
[2023-06-17T02:36:03.374+0000] {processor.py:836} INFO - DAG(s) dict_keys(['example_params_ui_tutorial']) retrieved from /home/airflow/.local/lib/python3.7/site-packages/airflow/example_dags/example_params_ui_tutorial.py
[2023-06-17T02:36:03.445+0000] {logging_mixin.py:149} INFO - [2023-06-17T02:36:03.445+0000] {dag.py:2726} INFO - Sync 1 DAGs
[2023-06-17T02:36:03.471+0000] {logging_mixin.py:149} INFO - [2023-06-17T02:36:03.471+0000] {dag.py:3490} INFO - Setting next_dagrun for example_params_ui_tutorial to None, run_after=None
[2023-06-17T02:36:03.505+0000] {processor.py:179} INFO - Processing /home/airflow/.local/lib/python3.7/site-packages/airflow/example_dags/example_params_ui_tutorial.py took 0.205 seconds
[2023-06-17T02:36:33.825+0000] {processor.py:157} INFO - Started process (PID=1904) to work on /home/airflow/.local/lib/python3.7/site-packages/airflow/example_dags/example_params_ui_tutorial.py
[2023-06-17T02:36:33.868+0000] {processor.py:826} INFO - Processing file /home/airflow/.local/lib/python3.7/site-packages/airflow/example_dags/example_params_ui_tutorial.py for tasks to queue
[2023-06-17T02:36:33.869+0000] {logging_mixin.py:149} INFO - [2023-06-17T02:36:33.869+0000] {dagbag.py:541} INFO - Filling up the DagBag from /home/airflow/.local/lib/python3.7/site-packages/airflow/example_dags/example_params_ui_tutorial.py
[2023-06-17T02:36:33.919+0000] {processor.py:836} INFO - DAG(s) dict_keys(['example_params_ui_tutorial']) retrieved from /home/airflow/.local/lib/python3.7/site-packages/airflow/example_dags/example_params_ui_tutorial.py
[2023-06-17T02:36:34.009+0000] {logging_mixin.py:149} INFO - [2023-06-17T02:36:34.009+0000] {dag.py:2726} INFO - Sync 1 DAGs
[2023-06-17T02:36:34.042+0000] {logging_mixin.py:149} INFO - [2023-06-17T02:36:34.041+0000] {dag.py:3490} INFO - Setting next_dagrun for example_params_ui_tutorial to None, run_after=None
[2023-06-17T02:36:34.074+0000] {processor.py:179} INFO - Processing /home/airflow/.local/lib/python3.7/site-packages/airflow/example_dags/example_params_ui_tutorial.py took 0.252 seconds
[2023-06-17T02:37:04.146+0000] {processor.py:157} INFO - Started process (PID=1965) to work on /home/airflow/.local/lib/python3.7/site-packages/airflow/example_dags/example_params_ui_tutorial.py
[2023-06-17T02:37:04.155+0000] {processor.py:826} INFO - Processing file /home/airflow/.local/lib/python3.7/site-packages/airflow/example_dags/example_params_ui_tutorial.py for tasks to queue
[2023-06-17T02:37:04.156+0000] {logging_mixin.py:149} INFO - [2023-06-17T02:37:04.156+0000] {dagbag.py:541} INFO - Filling up the DagBag from /home/airflow/.local/lib/python3.7/site-packages/airflow/example_dags/example_params_ui_tutorial.py
[2023-06-17T02:37:04.271+0000] {processor.py:836} INFO - DAG(s) dict_keys(['example_params_ui_tutorial']) retrieved from /home/airflow/.local/lib/python3.7/site-packages/airflow/example_dags/example_params_ui_tutorial.py
[2023-06-17T02:37:04.474+0000] {logging_mixin.py:149} INFO - [2023-06-17T02:37:04.474+0000] {dag.py:2726} INFO - Sync 1 DAGs
[2023-06-17T02:37:04.549+0000] {logging_mixin.py:149} INFO - [2023-06-17T02:37:04.549+0000] {dag.py:3490} INFO - Setting next_dagrun for example_params_ui_tutorial to None, run_after=None
[2023-06-17T02:37:04.648+0000] {processor.py:179} INFO - Processing /home/airflow/.local/lib/python3.7/site-packages/airflow/example_dags/example_params_ui_tutorial.py took 0.509 seconds
[2023-06-17T02:37:35.125+0000] {processor.py:157} INFO - Started process (PID=2026) to work on /home/airflow/.local/lib/python3.7/site-packages/airflow/example_dags/example_params_ui_tutorial.py
[2023-06-17T02:37:35.132+0000] {processor.py:826} INFO - Processing file /home/airflow/.local/lib/python3.7/site-packages/airflow/example_dags/example_params_ui_tutorial.py for tasks to queue
[2023-06-17T02:37:35.133+0000] {logging_mixin.py:149} INFO - [2023-06-17T02:37:35.133+0000] {dagbag.py:541} INFO - Filling up the DagBag from /home/airflow/.local/lib/python3.7/site-packages/airflow/example_dags/example_params_ui_tutorial.py
[2023-06-17T02:37:35.197+0000] {processor.py:836} INFO - DAG(s) dict_keys(['example_params_ui_tutorial']) retrieved from /home/airflow/.local/lib/python3.7/site-packages/airflow/example_dags/example_params_ui_tutorial.py
[2023-06-17T02:37:35.313+0000] {logging_mixin.py:149} INFO - [2023-06-17T02:37:35.312+0000] {dag.py:2726} INFO - Sync 1 DAGs
[2023-06-17T02:37:35.351+0000] {logging_mixin.py:149} INFO - [2023-06-17T02:37:35.351+0000] {dag.py:3490} INFO - Setting next_dagrun for example_params_ui_tutorial to None, run_after=None
[2023-06-17T02:37:35.394+0000] {processor.py:179} INFO - Processing /home/airflow/.local/lib/python3.7/site-packages/airflow/example_dags/example_params_ui_tutorial.py took 0.272 seconds
[2023-06-17T02:38:06.283+0000] {processor.py:157} INFO - Started process (PID=2087) to work on /home/airflow/.local/lib/python3.7/site-packages/airflow/example_dags/example_params_ui_tutorial.py
[2023-06-17T02:38:06.365+0000] {processor.py:826} INFO - Processing file /home/airflow/.local/lib/python3.7/site-packages/airflow/example_dags/example_params_ui_tutorial.py for tasks to queue
[2023-06-17T02:38:06.368+0000] {logging_mixin.py:149} INFO - [2023-06-17T02:38:06.367+0000] {dagbag.py:541} INFO - Filling up the DagBag from /home/airflow/.local/lib/python3.7/site-packages/airflow/example_dags/example_params_ui_tutorial.py
[2023-06-17T02:38:06.440+0000] {processor.py:836} INFO - DAG(s) dict_keys(['example_params_ui_tutorial']) retrieved from /home/airflow/.local/lib/python3.7/site-packages/airflow/example_dags/example_params_ui_tutorial.py
[2023-06-17T02:38:06.511+0000] {logging_mixin.py:149} INFO - [2023-06-17T02:38:06.510+0000] {dag.py:2726} INFO - Sync 1 DAGs
[2023-06-17T02:38:06.536+0000] {logging_mixin.py:149} INFO - [2023-06-17T02:38:06.536+0000] {dag.py:3490} INFO - Setting next_dagrun for example_params_ui_tutorial to None, run_after=None
[2023-06-17T02:38:06.788+0000] {processor.py:179} INFO - Processing /home/airflow/.local/lib/python3.7/site-packages/airflow/example_dags/example_params_ui_tutorial.py took 0.508 seconds
[2023-06-17T03:24:58.077+0000] {processor.py:157} INFO - Started process (PID=2148) to work on /home/airflow/.local/lib/python3.7/site-packages/airflow/example_dags/example_params_ui_tutorial.py
[2023-06-17T03:24:58.207+0000] {processor.py:826} INFO - Processing file /home/airflow/.local/lib/python3.7/site-packages/airflow/example_dags/example_params_ui_tutorial.py for tasks to queue
[2023-06-17T03:24:58.208+0000] {logging_mixin.py:149} INFO - [2023-06-17T03:24:58.208+0000] {dagbag.py:541} INFO - Filling up the DagBag from /home/airflow/.local/lib/python3.7/site-packages/airflow/example_dags/example_params_ui_tutorial.py
[2023-06-17T03:24:58.274+0000] {processor.py:836} INFO - DAG(s) dict_keys(['example_params_ui_tutorial']) retrieved from /home/airflow/.local/lib/python3.7/site-packages/airflow/example_dags/example_params_ui_tutorial.py
[2023-06-17T03:24:58.366+0000] {logging_mixin.py:149} INFO - [2023-06-17T03:24:58.366+0000] {dag.py:2726} INFO - Sync 1 DAGs
[2023-06-17T03:24:58.393+0000] {logging_mixin.py:149} INFO - [2023-06-17T03:24:58.393+0000] {dag.py:3490} INFO - Setting next_dagrun for example_params_ui_tutorial to None, run_after=None
[2023-06-17T03:24:58.590+0000] {processor.py:179} INFO - Processing /home/airflow/.local/lib/python3.7/site-packages/airflow/example_dags/example_params_ui_tutorial.py took 0.517 seconds
[2023-06-17T03:25:28.799+0000] {processor.py:157} INFO - Started process (PID=2209) to work on /home/airflow/.local/lib/python3.7/site-packages/airflow/example_dags/example_params_ui_tutorial.py
[2023-06-17T03:25:28.805+0000] {processor.py:826} INFO - Processing file /home/airflow/.local/lib/python3.7/site-packages/airflow/example_dags/example_params_ui_tutorial.py for tasks to queue
[2023-06-17T03:25:28.807+0000] {logging_mixin.py:149} INFO - [2023-06-17T03:25:28.806+0000] {dagbag.py:541} INFO - Filling up the DagBag from /home/airflow/.local/lib/python3.7/site-packages/airflow/example_dags/example_params_ui_tutorial.py
[2023-06-17T03:25:28.923+0000] {processor.py:836} INFO - DAG(s) dict_keys(['example_params_ui_tutorial']) retrieved from /home/airflow/.local/lib/python3.7/site-packages/airflow/example_dags/example_params_ui_tutorial.py
[2023-06-17T03:25:29.082+0000] {logging_mixin.py:149} INFO - [2023-06-17T03:25:29.082+0000] {dag.py:2726} INFO - Sync 1 DAGs
[2023-06-17T03:25:29.136+0000] {logging_mixin.py:149} INFO - [2023-06-17T03:25:29.136+0000] {dag.py:3490} INFO - Setting next_dagrun for example_params_ui_tutorial to None, run_after=None
[2023-06-17T03:25:29.182+0000] {processor.py:179} INFO - Processing /home/airflow/.local/lib/python3.7/site-packages/airflow/example_dags/example_params_ui_tutorial.py took 0.389 seconds
[2023-06-17T03:36:03.167+0000] {processor.py:157} INFO - Started process (PID=92) to work on /home/airflow/.local/lib/python3.7/site-packages/airflow/example_dags/example_params_ui_tutorial.py
[2023-06-17T03:36:03.269+0000] {processor.py:826} INFO - Processing file /home/airflow/.local/lib/python3.7/site-packages/airflow/example_dags/example_params_ui_tutorial.py for tasks to queue
[2023-06-17T03:36:03.270+0000] {logging_mixin.py:149} INFO - [2023-06-17T03:36:03.270+0000] {dagbag.py:541} INFO - Filling up the DagBag from /home/airflow/.local/lib/python3.7/site-packages/airflow/example_dags/example_params_ui_tutorial.py
[2023-06-17T03:36:03.413+0000] {processor.py:836} INFO - DAG(s) dict_keys(['example_params_ui_tutorial']) retrieved from /home/airflow/.local/lib/python3.7/site-packages/airflow/example_dags/example_params_ui_tutorial.py
[2023-06-17T03:36:03.556+0000] {logging_mixin.py:149} INFO - [2023-06-17T03:36:03.556+0000] {dag.py:2726} INFO - Sync 1 DAGs
[2023-06-17T03:36:03.600+0000] {logging_mixin.py:149} INFO - [2023-06-17T03:36:03.600+0000] {dag.py:3490} INFO - Setting next_dagrun for example_params_ui_tutorial to None, run_after=None
[2023-06-17T03:36:03.673+0000] {processor.py:179} INFO - Processing /home/airflow/.local/lib/python3.7/site-packages/airflow/example_dags/example_params_ui_tutorial.py took 0.509 seconds
[2023-06-17T03:36:36.452+0000] {processor.py:157} INFO - Started process (PID=153) to work on /home/airflow/.local/lib/python3.7/site-packages/airflow/example_dags/example_params_ui_tutorial.py
[2023-06-17T03:36:36.647+0000] {processor.py:826} INFO - Processing file /home/airflow/.local/lib/python3.7/site-packages/airflow/example_dags/example_params_ui_tutorial.py for tasks to queue
[2023-06-17T03:36:36.649+0000] {logging_mixin.py:149} INFO - [2023-06-17T03:36:36.649+0000] {dagbag.py:541} INFO - Filling up the DagBag from /home/airflow/.local/lib/python3.7/site-packages/airflow/example_dags/example_params_ui_tutorial.py
[2023-06-17T03:36:36.821+0000] {processor.py:836} INFO - DAG(s) dict_keys(['example_params_ui_tutorial']) retrieved from /home/airflow/.local/lib/python3.7/site-packages/airflow/example_dags/example_params_ui_tutorial.py
[2023-06-17T03:36:36.909+0000] {logging_mixin.py:149} INFO - [2023-06-17T03:36:36.909+0000] {dag.py:2726} INFO - Sync 1 DAGs
[2023-06-17T03:36:37.025+0000] {logging_mixin.py:149} INFO - [2023-06-17T03:36:37.024+0000] {dag.py:3490} INFO - Setting next_dagrun for example_params_ui_tutorial to None, run_after=None
[2023-06-17T03:36:37.146+0000] {processor.py:179} INFO - Processing /home/airflow/.local/lib/python3.7/site-packages/airflow/example_dags/example_params_ui_tutorial.py took 0.696 seconds
[2023-06-17T03:37:07.402+0000] {processor.py:157} INFO - Started process (PID=215) to work on /home/airflow/.local/lib/python3.7/site-packages/airflow/example_dags/example_params_ui_tutorial.py
[2023-06-17T03:37:07.439+0000] {processor.py:826} INFO - Processing file /home/airflow/.local/lib/python3.7/site-packages/airflow/example_dags/example_params_ui_tutorial.py for tasks to queue
[2023-06-17T03:37:07.440+0000] {logging_mixin.py:149} INFO - [2023-06-17T03:37:07.440+0000] {dagbag.py:541} INFO - Filling up the DagBag from /home/airflow/.local/lib/python3.7/site-packages/airflow/example_dags/example_params_ui_tutorial.py
[2023-06-17T03:37:07.496+0000] {processor.py:836} INFO - DAG(s) dict_keys(['example_params_ui_tutorial']) retrieved from /home/airflow/.local/lib/python3.7/site-packages/airflow/example_dags/example_params_ui_tutorial.py
[2023-06-17T03:37:07.690+0000] {logging_mixin.py:149} INFO - [2023-06-17T03:37:07.690+0000] {dag.py:2726} INFO - Sync 1 DAGs
[2023-06-17T03:37:07.722+0000] {logging_mixin.py:149} INFO - [2023-06-17T03:37:07.721+0000] {dag.py:3490} INFO - Setting next_dagrun for example_params_ui_tutorial to None, run_after=None
[2023-06-17T03:37:07.816+0000] {processor.py:179} INFO - Processing /home/airflow/.local/lib/python3.7/site-packages/airflow/example_dags/example_params_ui_tutorial.py took 0.417 seconds
[2023-06-17T03:37:38.523+0000] {processor.py:157} INFO - Started process (PID=276) to work on /home/airflow/.local/lib/python3.7/site-packages/airflow/example_dags/example_params_ui_tutorial.py
[2023-06-17T03:37:38.601+0000] {processor.py:826} INFO - Processing file /home/airflow/.local/lib/python3.7/site-packages/airflow/example_dags/example_params_ui_tutorial.py for tasks to queue
[2023-06-17T03:37:38.603+0000] {logging_mixin.py:149} INFO - [2023-06-17T03:37:38.602+0000] {dagbag.py:541} INFO - Filling up the DagBag from /home/airflow/.local/lib/python3.7/site-packages/airflow/example_dags/example_params_ui_tutorial.py
[2023-06-17T03:37:38.695+0000] {processor.py:836} INFO - DAG(s) dict_keys(['example_params_ui_tutorial']) retrieved from /home/airflow/.local/lib/python3.7/site-packages/airflow/example_dags/example_params_ui_tutorial.py
[2023-06-17T03:37:38.868+0000] {logging_mixin.py:149} INFO - [2023-06-17T03:37:38.867+0000] {dag.py:2726} INFO - Sync 1 DAGs
[2023-06-17T03:37:38.917+0000] {logging_mixin.py:149} INFO - [2023-06-17T03:37:38.916+0000] {dag.py:3490} INFO - Setting next_dagrun for example_params_ui_tutorial to None, run_after=None
[2023-06-17T03:37:38.980+0000] {processor.py:179} INFO - Processing /home/airflow/.local/lib/python3.7/site-packages/airflow/example_dags/example_params_ui_tutorial.py took 0.462 seconds
[2023-06-17T03:38:09.131+0000] {processor.py:157} INFO - Started process (PID=337) to work on /home/airflow/.local/lib/python3.7/site-packages/airflow/example_dags/example_params_ui_tutorial.py
[2023-06-17T03:38:09.139+0000] {processor.py:826} INFO - Processing file /home/airflow/.local/lib/python3.7/site-packages/airflow/example_dags/example_params_ui_tutorial.py for tasks to queue
[2023-06-17T03:38:09.139+0000] {logging_mixin.py:149} INFO - [2023-06-17T03:38:09.139+0000] {dagbag.py:541} INFO - Filling up the DagBag from /home/airflow/.local/lib/python3.7/site-packages/airflow/example_dags/example_params_ui_tutorial.py
[2023-06-17T03:38:09.197+0000] {processor.py:836} INFO - DAG(s) dict_keys(['example_params_ui_tutorial']) retrieved from /home/airflow/.local/lib/python3.7/site-packages/airflow/example_dags/example_params_ui_tutorial.py
[2023-06-17T03:38:09.295+0000] {logging_mixin.py:149} INFO - [2023-06-17T03:38:09.295+0000] {dag.py:2726} INFO - Sync 1 DAGs
[2023-06-17T03:38:09.332+0000] {logging_mixin.py:149} INFO - [2023-06-17T03:38:09.332+0000] {dag.py:3490} INFO - Setting next_dagrun for example_params_ui_tutorial to None, run_after=None
[2023-06-17T03:38:09.363+0000] {processor.py:179} INFO - Processing /home/airflow/.local/lib/python3.7/site-packages/airflow/example_dags/example_params_ui_tutorial.py took 0.235 seconds
[2023-06-17T03:38:39.434+0000] {processor.py:157} INFO - Started process (PID=400) to work on /home/airflow/.local/lib/python3.7/site-packages/airflow/example_dags/example_params_ui_tutorial.py
[2023-06-17T03:38:39.445+0000] {processor.py:826} INFO - Processing file /home/airflow/.local/lib/python3.7/site-packages/airflow/example_dags/example_params_ui_tutorial.py for tasks to queue
[2023-06-17T03:38:39.447+0000] {logging_mixin.py:149} INFO - [2023-06-17T03:38:39.446+0000] {dagbag.py:541} INFO - Filling up the DagBag from /home/airflow/.local/lib/python3.7/site-packages/airflow/example_dags/example_params_ui_tutorial.py
[2023-06-17T03:38:39.534+0000] {processor.py:836} INFO - DAG(s) dict_keys(['example_params_ui_tutorial']) retrieved from /home/airflow/.local/lib/python3.7/site-packages/airflow/example_dags/example_params_ui_tutorial.py
[2023-06-17T03:38:39.659+0000] {logging_mixin.py:149} INFO - [2023-06-17T03:38:39.659+0000] {dag.py:2726} INFO - Sync 1 DAGs
[2023-06-17T03:38:39.710+0000] {logging_mixin.py:149} INFO - [2023-06-17T03:38:39.709+0000] {dag.py:3490} INFO - Setting next_dagrun for example_params_ui_tutorial to None, run_after=None
[2023-06-17T03:38:39.768+0000] {processor.py:179} INFO - Processing /home/airflow/.local/lib/python3.7/site-packages/airflow/example_dags/example_params_ui_tutorial.py took 0.339 seconds
[2023-06-17T03:39:10.053+0000] {processor.py:157} INFO - Started process (PID=462) to work on /home/airflow/.local/lib/python3.7/site-packages/airflow/example_dags/example_params_ui_tutorial.py
[2023-06-17T03:39:10.064+0000] {processor.py:826} INFO - Processing file /home/airflow/.local/lib/python3.7/site-packages/airflow/example_dags/example_params_ui_tutorial.py for tasks to queue
[2023-06-17T03:39:10.064+0000] {logging_mixin.py:149} INFO - [2023-06-17T03:39:10.064+0000] {dagbag.py:541} INFO - Filling up the DagBag from /home/airflow/.local/lib/python3.7/site-packages/airflow/example_dags/example_params_ui_tutorial.py
[2023-06-17T03:39:10.109+0000] {processor.py:836} INFO - DAG(s) dict_keys(['example_params_ui_tutorial']) retrieved from /home/airflow/.local/lib/python3.7/site-packages/airflow/example_dags/example_params_ui_tutorial.py
[2023-06-17T03:39:10.180+0000] {logging_mixin.py:149} INFO - [2023-06-17T03:39:10.180+0000] {dag.py:2726} INFO - Sync 1 DAGs
[2023-06-17T03:39:10.205+0000] {logging_mixin.py:149} INFO - [2023-06-17T03:39:10.205+0000] {dag.py:3490} INFO - Setting next_dagrun for example_params_ui_tutorial to None, run_after=None
[2023-06-17T03:39:10.231+0000] {processor.py:179} INFO - Processing /home/airflow/.local/lib/python3.7/site-packages/airflow/example_dags/example_params_ui_tutorial.py took 0.182 seconds
[2023-06-17T03:39:40.409+0000] {processor.py:157} INFO - Started process (PID=524) to work on /home/airflow/.local/lib/python3.7/site-packages/airflow/example_dags/example_params_ui_tutorial.py
[2023-06-17T03:39:40.413+0000] {processor.py:826} INFO - Processing file /home/airflow/.local/lib/python3.7/site-packages/airflow/example_dags/example_params_ui_tutorial.py for tasks to queue
[2023-06-17T03:39:40.414+0000] {logging_mixin.py:149} INFO - [2023-06-17T03:39:40.413+0000] {dagbag.py:541} INFO - Filling up the DagBag from /home/airflow/.local/lib/python3.7/site-packages/airflow/example_dags/example_params_ui_tutorial.py
[2023-06-17T03:39:40.457+0000] {processor.py:836} INFO - DAG(s) dict_keys(['example_params_ui_tutorial']) retrieved from /home/airflow/.local/lib/python3.7/site-packages/airflow/example_dags/example_params_ui_tutorial.py
[2023-06-17T03:39:40.529+0000] {logging_mixin.py:149} INFO - [2023-06-17T03:39:40.529+0000] {dag.py:2726} INFO - Sync 1 DAGs
[2023-06-17T03:39:40.556+0000] {logging_mixin.py:149} INFO - [2023-06-17T03:39:40.556+0000] {dag.py:3490} INFO - Setting next_dagrun for example_params_ui_tutorial to None, run_after=None
[2023-06-17T03:39:40.590+0000] {processor.py:179} INFO - Processing /home/airflow/.local/lib/python3.7/site-packages/airflow/example_dags/example_params_ui_tutorial.py took 0.183 seconds
[2023-06-17T03:40:10.606+0000] {processor.py:157} INFO - Started process (PID=585) to work on /home/airflow/.local/lib/python3.7/site-packages/airflow/example_dags/example_params_ui_tutorial.py
[2023-06-17T03:40:10.616+0000] {processor.py:826} INFO - Processing file /home/airflow/.local/lib/python3.7/site-packages/airflow/example_dags/example_params_ui_tutorial.py for tasks to queue
[2023-06-17T03:40:10.617+0000] {logging_mixin.py:149} INFO - [2023-06-17T03:40:10.617+0000] {dagbag.py:541} INFO - Filling up the DagBag from /home/airflow/.local/lib/python3.7/site-packages/airflow/example_dags/example_params_ui_tutorial.py
[2023-06-17T03:40:10.661+0000] {processor.py:836} INFO - DAG(s) dict_keys(['example_params_ui_tutorial']) retrieved from /home/airflow/.local/lib/python3.7/site-packages/airflow/example_dags/example_params_ui_tutorial.py
[2023-06-17T03:40:10.734+0000] {logging_mixin.py:149} INFO - [2023-06-17T03:40:10.734+0000] {dag.py:2726} INFO - Sync 1 DAGs
[2023-06-17T03:40:10.760+0000] {logging_mixin.py:149} INFO - [2023-06-17T03:40:10.760+0000] {dag.py:3490} INFO - Setting next_dagrun for example_params_ui_tutorial to None, run_after=None
[2023-06-17T03:40:10.787+0000] {processor.py:179} INFO - Processing /home/airflow/.local/lib/python3.7/site-packages/airflow/example_dags/example_params_ui_tutorial.py took 0.184 seconds
[2023-06-17T03:40:41.048+0000] {processor.py:157} INFO - Started process (PID=647) to work on /home/airflow/.local/lib/python3.7/site-packages/airflow/example_dags/example_params_ui_tutorial.py
[2023-06-17T03:40:41.059+0000] {processor.py:826} INFO - Processing file /home/airflow/.local/lib/python3.7/site-packages/airflow/example_dags/example_params_ui_tutorial.py for tasks to queue
[2023-06-17T03:40:41.060+0000] {logging_mixin.py:149} INFO - [2023-06-17T03:40:41.059+0000] {dagbag.py:541} INFO - Filling up the DagBag from /home/airflow/.local/lib/python3.7/site-packages/airflow/example_dags/example_params_ui_tutorial.py
[2023-06-17T03:40:41.104+0000] {processor.py:836} INFO - DAG(s) dict_keys(['example_params_ui_tutorial']) retrieved from /home/airflow/.local/lib/python3.7/site-packages/airflow/example_dags/example_params_ui_tutorial.py
[2023-06-17T03:40:41.176+0000] {logging_mixin.py:149} INFO - [2023-06-17T03:40:41.176+0000] {dag.py:2726} INFO - Sync 1 DAGs
[2023-06-17T03:40:41.201+0000] {logging_mixin.py:149} INFO - [2023-06-17T03:40:41.201+0000] {dag.py:3490} INFO - Setting next_dagrun for example_params_ui_tutorial to None, run_after=None
[2023-06-17T03:40:41.238+0000] {processor.py:179} INFO - Processing /home/airflow/.local/lib/python3.7/site-packages/airflow/example_dags/example_params_ui_tutorial.py took 0.192 seconds
[2023-06-17T03:41:11.517+0000] {processor.py:157} INFO - Started process (PID=704) to work on /home/airflow/.local/lib/python3.7/site-packages/airflow/example_dags/example_params_ui_tutorial.py
[2023-06-17T03:41:11.524+0000] {processor.py:826} INFO - Processing file /home/airflow/.local/lib/python3.7/site-packages/airflow/example_dags/example_params_ui_tutorial.py for tasks to queue
[2023-06-17T03:41:11.525+0000] {logging_mixin.py:149} INFO - [2023-06-17T03:41:11.525+0000] {dagbag.py:541} INFO - Filling up the DagBag from /home/airflow/.local/lib/python3.7/site-packages/airflow/example_dags/example_params_ui_tutorial.py
[2023-06-17T03:41:11.602+0000] {processor.py:836} INFO - DAG(s) dict_keys(['example_params_ui_tutorial']) retrieved from /home/airflow/.local/lib/python3.7/site-packages/airflow/example_dags/example_params_ui_tutorial.py
[2023-06-17T03:41:11.719+0000] {logging_mixin.py:149} INFO - [2023-06-17T03:41:11.719+0000] {dag.py:2726} INFO - Sync 1 DAGs
[2023-06-17T03:41:11.765+0000] {logging_mixin.py:149} INFO - [2023-06-17T03:41:11.765+0000] {dag.py:3490} INFO - Setting next_dagrun for example_params_ui_tutorial to None, run_after=None
[2023-06-17T03:41:11.798+0000] {processor.py:179} INFO - Processing /home/airflow/.local/lib/python3.7/site-packages/airflow/example_dags/example_params_ui_tutorial.py took 0.284 seconds
[2023-06-17T03:41:42.394+0000] {processor.py:157} INFO - Started process (PID=765) to work on /home/airflow/.local/lib/python3.7/site-packages/airflow/example_dags/example_params_ui_tutorial.py
[2023-06-17T03:41:42.398+0000] {processor.py:826} INFO - Processing file /home/airflow/.local/lib/python3.7/site-packages/airflow/example_dags/example_params_ui_tutorial.py for tasks to queue
[2023-06-17T03:41:42.399+0000] {logging_mixin.py:149} INFO - [2023-06-17T03:41:42.399+0000] {dagbag.py:541} INFO - Filling up the DagBag from /home/airflow/.local/lib/python3.7/site-packages/airflow/example_dags/example_params_ui_tutorial.py
[2023-06-17T03:41:42.445+0000] {processor.py:836} INFO - DAG(s) dict_keys(['example_params_ui_tutorial']) retrieved from /home/airflow/.local/lib/python3.7/site-packages/airflow/example_dags/example_params_ui_tutorial.py
[2023-06-17T03:41:42.524+0000] {logging_mixin.py:149} INFO - [2023-06-17T03:41:42.524+0000] {dag.py:2726} INFO - Sync 1 DAGs
[2023-06-17T03:41:42.553+0000] {logging_mixin.py:149} INFO - [2023-06-17T03:41:42.553+0000] {dag.py:3490} INFO - Setting next_dagrun for example_params_ui_tutorial to None, run_after=None
[2023-06-17T03:41:42.589+0000] {processor.py:179} INFO - Processing /home/airflow/.local/lib/python3.7/site-packages/airflow/example_dags/example_params_ui_tutorial.py took 0.198 seconds
[2023-06-17T03:42:13.415+0000] {processor.py:157} INFO - Started process (PID=826) to work on /home/airflow/.local/lib/python3.7/site-packages/airflow/example_dags/example_params_ui_tutorial.py
[2023-06-17T03:42:13.427+0000] {processor.py:826} INFO - Processing file /home/airflow/.local/lib/python3.7/site-packages/airflow/example_dags/example_params_ui_tutorial.py for tasks to queue
[2023-06-17T03:42:13.428+0000] {logging_mixin.py:149} INFO - [2023-06-17T03:42:13.428+0000] {dagbag.py:541} INFO - Filling up the DagBag from /home/airflow/.local/lib/python3.7/site-packages/airflow/example_dags/example_params_ui_tutorial.py
[2023-06-17T03:42:13.472+0000] {processor.py:836} INFO - DAG(s) dict_keys(['example_params_ui_tutorial']) retrieved from /home/airflow/.local/lib/python3.7/site-packages/airflow/example_dags/example_params_ui_tutorial.py
[2023-06-17T03:42:13.551+0000] {logging_mixin.py:149} INFO - [2023-06-17T03:42:13.550+0000] {dag.py:2726} INFO - Sync 1 DAGs
[2023-06-17T03:42:13.580+0000] {logging_mixin.py:149} INFO - [2023-06-17T03:42:13.580+0000] {dag.py:3490} INFO - Setting next_dagrun for example_params_ui_tutorial to None, run_after=None
[2023-06-17T03:42:13.611+0000] {processor.py:179} INFO - Processing /home/airflow/.local/lib/python3.7/site-packages/airflow/example_dags/example_params_ui_tutorial.py took 0.198 seconds
[2023-06-17T03:42:44.240+0000] {processor.py:157} INFO - Started process (PID=887) to work on /home/airflow/.local/lib/python3.7/site-packages/airflow/example_dags/example_params_ui_tutorial.py
[2023-06-17T03:42:44.246+0000] {processor.py:826} INFO - Processing file /home/airflow/.local/lib/python3.7/site-packages/airflow/example_dags/example_params_ui_tutorial.py for tasks to queue
[2023-06-17T03:42:44.247+0000] {logging_mixin.py:149} INFO - [2023-06-17T03:42:44.247+0000] {dagbag.py:541} INFO - Filling up the DagBag from /home/airflow/.local/lib/python3.7/site-packages/airflow/example_dags/example_params_ui_tutorial.py
[2023-06-17T03:42:44.299+0000] {processor.py:836} INFO - DAG(s) dict_keys(['example_params_ui_tutorial']) retrieved from /home/airflow/.local/lib/python3.7/site-packages/airflow/example_dags/example_params_ui_tutorial.py
[2023-06-17T03:42:44.375+0000] {logging_mixin.py:149} INFO - [2023-06-17T03:42:44.375+0000] {dag.py:2726} INFO - Sync 1 DAGs
[2023-06-17T03:42:44.403+0000] {logging_mixin.py:149} INFO - [2023-06-17T03:42:44.403+0000] {dag.py:3490} INFO - Setting next_dagrun for example_params_ui_tutorial to None, run_after=None
[2023-06-17T03:42:44.430+0000] {processor.py:179} INFO - Processing /home/airflow/.local/lib/python3.7/site-packages/airflow/example_dags/example_params_ui_tutorial.py took 0.192 seconds
[2023-06-17T03:43:14.768+0000] {processor.py:157} INFO - Started process (PID=948) to work on /home/airflow/.local/lib/python3.7/site-packages/airflow/example_dags/example_params_ui_tutorial.py
[2023-06-17T03:43:14.776+0000] {processor.py:826} INFO - Processing file /home/airflow/.local/lib/python3.7/site-packages/airflow/example_dags/example_params_ui_tutorial.py for tasks to queue
[2023-06-17T03:43:14.776+0000] {logging_mixin.py:149} INFO - [2023-06-17T03:43:14.776+0000] {dagbag.py:541} INFO - Filling up the DagBag from /home/airflow/.local/lib/python3.7/site-packages/airflow/example_dags/example_params_ui_tutorial.py
[2023-06-17T03:43:14.822+0000] {processor.py:836} INFO - DAG(s) dict_keys(['example_params_ui_tutorial']) retrieved from /home/airflow/.local/lib/python3.7/site-packages/airflow/example_dags/example_params_ui_tutorial.py
[2023-06-17T03:43:14.898+0000] {logging_mixin.py:149} INFO - [2023-06-17T03:43:14.898+0000] {dag.py:2726} INFO - Sync 1 DAGs
[2023-06-17T03:43:14.925+0000] {logging_mixin.py:149} INFO - [2023-06-17T03:43:14.925+0000] {dag.py:3490} INFO - Setting next_dagrun for example_params_ui_tutorial to None, run_after=None
[2023-06-17T03:43:14.961+0000] {processor.py:179} INFO - Processing /home/airflow/.local/lib/python3.7/site-packages/airflow/example_dags/example_params_ui_tutorial.py took 0.195 seconds
[2023-06-17T03:43:45.346+0000] {processor.py:157} INFO - Started process (PID=1009) to work on /home/airflow/.local/lib/python3.7/site-packages/airflow/example_dags/example_params_ui_tutorial.py
[2023-06-17T03:43:45.355+0000] {processor.py:826} INFO - Processing file /home/airflow/.local/lib/python3.7/site-packages/airflow/example_dags/example_params_ui_tutorial.py for tasks to queue
[2023-06-17T03:43:45.356+0000] {logging_mixin.py:149} INFO - [2023-06-17T03:43:45.356+0000] {dagbag.py:541} INFO - Filling up the DagBag from /home/airflow/.local/lib/python3.7/site-packages/airflow/example_dags/example_params_ui_tutorial.py
[2023-06-17T03:43:45.400+0000] {processor.py:836} INFO - DAG(s) dict_keys(['example_params_ui_tutorial']) retrieved from /home/airflow/.local/lib/python3.7/site-packages/airflow/example_dags/example_params_ui_tutorial.py
[2023-06-17T03:43:45.480+0000] {logging_mixin.py:149} INFO - [2023-06-17T03:43:45.480+0000] {dag.py:2726} INFO - Sync 1 DAGs
[2023-06-17T03:43:45.509+0000] {logging_mixin.py:149} INFO - [2023-06-17T03:43:45.509+0000] {dag.py:3490} INFO - Setting next_dagrun for example_params_ui_tutorial to None, run_after=None
[2023-06-17T03:43:45.538+0000] {processor.py:179} INFO - Processing /home/airflow/.local/lib/python3.7/site-packages/airflow/example_dags/example_params_ui_tutorial.py took 0.194 seconds
[2023-06-17T03:44:15.891+0000] {processor.py:157} INFO - Started process (PID=1070) to work on /home/airflow/.local/lib/python3.7/site-packages/airflow/example_dags/example_params_ui_tutorial.py
[2023-06-17T03:44:15.902+0000] {processor.py:826} INFO - Processing file /home/airflow/.local/lib/python3.7/site-packages/airflow/example_dags/example_params_ui_tutorial.py for tasks to queue
[2023-06-17T03:44:15.903+0000] {logging_mixin.py:149} INFO - [2023-06-17T03:44:15.903+0000] {dagbag.py:541} INFO - Filling up the DagBag from /home/airflow/.local/lib/python3.7/site-packages/airflow/example_dags/example_params_ui_tutorial.py
[2023-06-17T03:44:15.960+0000] {processor.py:836} INFO - DAG(s) dict_keys(['example_params_ui_tutorial']) retrieved from /home/airflow/.local/lib/python3.7/site-packages/airflow/example_dags/example_params_ui_tutorial.py
[2023-06-17T03:44:16.045+0000] {logging_mixin.py:149} INFO - [2023-06-17T03:44:16.044+0000] {dag.py:2726} INFO - Sync 1 DAGs
[2023-06-17T03:44:16.074+0000] {logging_mixin.py:149} INFO - [2023-06-17T03:44:16.074+0000] {dag.py:3490} INFO - Setting next_dagrun for example_params_ui_tutorial to None, run_after=None
[2023-06-17T03:44:16.105+0000] {processor.py:179} INFO - Processing /home/airflow/.local/lib/python3.7/site-packages/airflow/example_dags/example_params_ui_tutorial.py took 0.217 seconds
[2023-06-17T03:44:46.137+0000] {processor.py:157} INFO - Started process (PID=1134) to work on /home/airflow/.local/lib/python3.7/site-packages/airflow/example_dags/example_params_ui_tutorial.py
[2023-06-17T03:44:46.147+0000] {processor.py:826} INFO - Processing file /home/airflow/.local/lib/python3.7/site-packages/airflow/example_dags/example_params_ui_tutorial.py for tasks to queue
[2023-06-17T03:44:46.148+0000] {logging_mixin.py:149} INFO - [2023-06-17T03:44:46.148+0000] {dagbag.py:541} INFO - Filling up the DagBag from /home/airflow/.local/lib/python3.7/site-packages/airflow/example_dags/example_params_ui_tutorial.py
[2023-06-17T03:44:46.196+0000] {processor.py:836} INFO - DAG(s) dict_keys(['example_params_ui_tutorial']) retrieved from /home/airflow/.local/lib/python3.7/site-packages/airflow/example_dags/example_params_ui_tutorial.py
[2023-06-17T03:44:46.268+0000] {logging_mixin.py:149} INFO - [2023-06-17T03:44:46.268+0000] {dag.py:2726} INFO - Sync 1 DAGs
[2023-06-17T03:44:46.293+0000] {logging_mixin.py:149} INFO - [2023-06-17T03:44:46.293+0000] {dag.py:3490} INFO - Setting next_dagrun for example_params_ui_tutorial to None, run_after=None
[2023-06-17T03:44:46.313+0000] {processor.py:179} INFO - Processing /home/airflow/.local/lib/python3.7/site-packages/airflow/example_dags/example_params_ui_tutorial.py took 0.179 seconds
[2023-06-17T03:45:17.072+0000] {processor.py:157} INFO - Started process (PID=1196) to work on /home/airflow/.local/lib/python3.7/site-packages/airflow/example_dags/example_params_ui_tutorial.py
[2023-06-17T03:45:17.261+0000] {processor.py:826} INFO - Processing file /home/airflow/.local/lib/python3.7/site-packages/airflow/example_dags/example_params_ui_tutorial.py for tasks to queue
[2023-06-17T03:45:17.455+0000] {logging_mixin.py:149} INFO - [2023-06-17T03:45:17.455+0000] {dagbag.py:541} INFO - Filling up the DagBag from /home/airflow/.local/lib/python3.7/site-packages/airflow/example_dags/example_params_ui_tutorial.py
[2023-06-17T03:45:17.502+0000] {processor.py:836} INFO - DAG(s) dict_keys(['example_params_ui_tutorial']) retrieved from /home/airflow/.local/lib/python3.7/site-packages/airflow/example_dags/example_params_ui_tutorial.py
[2023-06-17T03:45:17.579+0000] {logging_mixin.py:149} INFO - [2023-06-17T03:45:17.579+0000] {dag.py:2726} INFO - Sync 1 DAGs
[2023-06-17T03:45:17.606+0000] {logging_mixin.py:149} INFO - [2023-06-17T03:45:17.606+0000] {dag.py:3490} INFO - Setting next_dagrun for example_params_ui_tutorial to None, run_after=None
[2023-06-17T03:45:17.628+0000] {processor.py:179} INFO - Processing /home/airflow/.local/lib/python3.7/site-packages/airflow/example_dags/example_params_ui_tutorial.py took 0.559 seconds
[2023-06-17T03:45:47.973+0000] {processor.py:157} INFO - Started process (PID=1254) to work on /home/airflow/.local/lib/python3.7/site-packages/airflow/example_dags/example_params_ui_tutorial.py
[2023-06-17T03:45:48.046+0000] {processor.py:826} INFO - Processing file /home/airflow/.local/lib/python3.7/site-packages/airflow/example_dags/example_params_ui_tutorial.py for tasks to queue
[2023-06-17T03:45:48.047+0000] {logging_mixin.py:149} INFO - [2023-06-17T03:45:48.047+0000] {dagbag.py:541} INFO - Filling up the DagBag from /home/airflow/.local/lib/python3.7/site-packages/airflow/example_dags/example_params_ui_tutorial.py
[2023-06-17T03:45:48.101+0000] {processor.py:836} INFO - DAG(s) dict_keys(['example_params_ui_tutorial']) retrieved from /home/airflow/.local/lib/python3.7/site-packages/airflow/example_dags/example_params_ui_tutorial.py
[2023-06-17T03:45:48.209+0000] {logging_mixin.py:149} INFO - [2023-06-17T03:45:48.209+0000] {dag.py:2726} INFO - Sync 1 DAGs
[2023-06-17T03:45:48.247+0000] {logging_mixin.py:149} INFO - [2023-06-17T03:45:48.247+0000] {dag.py:3490} INFO - Setting next_dagrun for example_params_ui_tutorial to None, run_after=None
[2023-06-17T03:45:48.274+0000] {processor.py:179} INFO - Processing /home/airflow/.local/lib/python3.7/site-packages/airflow/example_dags/example_params_ui_tutorial.py took 0.304 seconds
[2023-06-17T03:46:18.867+0000] {processor.py:157} INFO - Started process (PID=1315) to work on /home/airflow/.local/lib/python3.7/site-packages/airflow/example_dags/example_params_ui_tutorial.py
[2023-06-17T03:46:18.875+0000] {processor.py:826} INFO - Processing file /home/airflow/.local/lib/python3.7/site-packages/airflow/example_dags/example_params_ui_tutorial.py for tasks to queue
[2023-06-17T03:46:18.876+0000] {logging_mixin.py:149} INFO - [2023-06-17T03:46:18.876+0000] {dagbag.py:541} INFO - Filling up the DagBag from /home/airflow/.local/lib/python3.7/site-packages/airflow/example_dags/example_params_ui_tutorial.py
[2023-06-17T03:46:18.933+0000] {processor.py:836} INFO - DAG(s) dict_keys(['example_params_ui_tutorial']) retrieved from /home/airflow/.local/lib/python3.7/site-packages/airflow/example_dags/example_params_ui_tutorial.py
[2023-06-17T03:46:19.010+0000] {logging_mixin.py:149} INFO - [2023-06-17T03:46:19.010+0000] {dag.py:2726} INFO - Sync 1 DAGs
[2023-06-17T03:46:19.036+0000] {logging_mixin.py:149} INFO - [2023-06-17T03:46:19.036+0000] {dag.py:3490} INFO - Setting next_dagrun for example_params_ui_tutorial to None, run_after=None
[2023-06-17T03:46:19.078+0000] {processor.py:179} INFO - Processing /home/airflow/.local/lib/python3.7/site-packages/airflow/example_dags/example_params_ui_tutorial.py took 0.219 seconds
[2023-06-17T03:46:49.170+0000] {processor.py:157} INFO - Started process (PID=1376) to work on /home/airflow/.local/lib/python3.7/site-packages/airflow/example_dags/example_params_ui_tutorial.py
[2023-06-17T03:46:49.179+0000] {processor.py:826} INFO - Processing file /home/airflow/.local/lib/python3.7/site-packages/airflow/example_dags/example_params_ui_tutorial.py for tasks to queue
[2023-06-17T03:46:49.179+0000] {logging_mixin.py:149} INFO - [2023-06-17T03:46:49.179+0000] {dagbag.py:541} INFO - Filling up the DagBag from /home/airflow/.local/lib/python3.7/site-packages/airflow/example_dags/example_params_ui_tutorial.py
[2023-06-17T03:46:49.225+0000] {processor.py:836} INFO - DAG(s) dict_keys(['example_params_ui_tutorial']) retrieved from /home/airflow/.local/lib/python3.7/site-packages/airflow/example_dags/example_params_ui_tutorial.py
[2023-06-17T03:46:49.304+0000] {logging_mixin.py:149} INFO - [2023-06-17T03:46:49.304+0000] {dag.py:2726} INFO - Sync 1 DAGs
[2023-06-17T03:46:49.332+0000] {logging_mixin.py:149} INFO - [2023-06-17T03:46:49.332+0000] {dag.py:3490} INFO - Setting next_dagrun for example_params_ui_tutorial to None, run_after=None
[2023-06-17T03:46:49.373+0000] {processor.py:179} INFO - Processing /home/airflow/.local/lib/python3.7/site-packages/airflow/example_dags/example_params_ui_tutorial.py took 0.206 seconds
[2023-06-17T03:47:19.423+0000] {processor.py:157} INFO - Started process (PID=1437) to work on /home/airflow/.local/lib/python3.7/site-packages/airflow/example_dags/example_params_ui_tutorial.py
[2023-06-17T03:47:19.428+0000] {processor.py:826} INFO - Processing file /home/airflow/.local/lib/python3.7/site-packages/airflow/example_dags/example_params_ui_tutorial.py for tasks to queue
[2023-06-17T03:47:19.429+0000] {logging_mixin.py:149} INFO - [2023-06-17T03:47:19.428+0000] {dagbag.py:541} INFO - Filling up the DagBag from /home/airflow/.local/lib/python3.7/site-packages/airflow/example_dags/example_params_ui_tutorial.py
[2023-06-17T03:47:19.475+0000] {processor.py:836} INFO - DAG(s) dict_keys(['example_params_ui_tutorial']) retrieved from /home/airflow/.local/lib/python3.7/site-packages/airflow/example_dags/example_params_ui_tutorial.py
[2023-06-17T03:47:19.552+0000] {logging_mixin.py:149} INFO - [2023-06-17T03:47:19.552+0000] {dag.py:2726} INFO - Sync 1 DAGs
[2023-06-17T03:47:19.587+0000] {logging_mixin.py:149} INFO - [2023-06-17T03:47:19.586+0000] {dag.py:3490} INFO - Setting next_dagrun for example_params_ui_tutorial to None, run_after=None
[2023-06-17T03:47:19.614+0000] {processor.py:179} INFO - Processing /home/airflow/.local/lib/python3.7/site-packages/airflow/example_dags/example_params_ui_tutorial.py took 0.194 seconds
[2023-06-17T03:47:50.381+0000] {processor.py:157} INFO - Started process (PID=1497) to work on /home/airflow/.local/lib/python3.7/site-packages/airflow/example_dags/example_params_ui_tutorial.py
[2023-06-17T03:47:50.394+0000] {processor.py:826} INFO - Processing file /home/airflow/.local/lib/python3.7/site-packages/airflow/example_dags/example_params_ui_tutorial.py for tasks to queue
[2023-06-17T03:47:50.394+0000] {logging_mixin.py:149} INFO - [2023-06-17T03:47:50.394+0000] {dagbag.py:541} INFO - Filling up the DagBag from /home/airflow/.local/lib/python3.7/site-packages/airflow/example_dags/example_params_ui_tutorial.py
[2023-06-17T03:47:50.443+0000] {processor.py:836} INFO - DAG(s) dict_keys(['example_params_ui_tutorial']) retrieved from /home/airflow/.local/lib/python3.7/site-packages/airflow/example_dags/example_params_ui_tutorial.py
[2023-06-17T03:47:50.522+0000] {logging_mixin.py:149} INFO - [2023-06-17T03:47:50.522+0000] {dag.py:2726} INFO - Sync 1 DAGs
[2023-06-17T03:47:50.551+0000] {logging_mixin.py:149} INFO - [2023-06-17T03:47:50.551+0000] {dag.py:3490} INFO - Setting next_dagrun for example_params_ui_tutorial to None, run_after=None
[2023-06-17T03:47:50.679+0000] {processor.py:179} INFO - Processing /home/airflow/.local/lib/python3.7/site-packages/airflow/example_dags/example_params_ui_tutorial.py took 0.301 seconds
[2023-06-17T03:48:20.991+0000] {processor.py:157} INFO - Started process (PID=1558) to work on /home/airflow/.local/lib/python3.7/site-packages/airflow/example_dags/example_params_ui_tutorial.py
[2023-06-17T03:48:20.997+0000] {processor.py:826} INFO - Processing file /home/airflow/.local/lib/python3.7/site-packages/airflow/example_dags/example_params_ui_tutorial.py for tasks to queue
[2023-06-17T03:48:20.997+0000] {logging_mixin.py:149} INFO - [2023-06-17T03:48:20.997+0000] {dagbag.py:541} INFO - Filling up the DagBag from /home/airflow/.local/lib/python3.7/site-packages/airflow/example_dags/example_params_ui_tutorial.py
[2023-06-17T03:48:21.056+0000] {processor.py:836} INFO - DAG(s) dict_keys(['example_params_ui_tutorial']) retrieved from /home/airflow/.local/lib/python3.7/site-packages/airflow/example_dags/example_params_ui_tutorial.py
[2023-06-17T03:48:21.133+0000] {logging_mixin.py:149} INFO - [2023-06-17T03:48:21.133+0000] {dag.py:2726} INFO - Sync 1 DAGs
[2023-06-17T03:48:21.161+0000] {logging_mixin.py:149} INFO - [2023-06-17T03:48:21.161+0000] {dag.py:3490} INFO - Setting next_dagrun for example_params_ui_tutorial to None, run_after=None
[2023-06-17T03:48:21.195+0000] {processor.py:179} INFO - Processing /home/airflow/.local/lib/python3.7/site-packages/airflow/example_dags/example_params_ui_tutorial.py took 0.206 seconds
[2023-06-17T03:48:51.606+0000] {processor.py:157} INFO - Started process (PID=1619) to work on /home/airflow/.local/lib/python3.7/site-packages/airflow/example_dags/example_params_ui_tutorial.py
[2023-06-17T03:48:51.614+0000] {processor.py:826} INFO - Processing file /home/airflow/.local/lib/python3.7/site-packages/airflow/example_dags/example_params_ui_tutorial.py for tasks to queue
[2023-06-17T03:48:51.614+0000] {logging_mixin.py:149} INFO - [2023-06-17T03:48:51.614+0000] {dagbag.py:541} INFO - Filling up the DagBag from /home/airflow/.local/lib/python3.7/site-packages/airflow/example_dags/example_params_ui_tutorial.py
[2023-06-17T03:48:51.661+0000] {processor.py:836} INFO - DAG(s) dict_keys(['example_params_ui_tutorial']) retrieved from /home/airflow/.local/lib/python3.7/site-packages/airflow/example_dags/example_params_ui_tutorial.py
[2023-06-17T03:48:51.742+0000] {logging_mixin.py:149} INFO - [2023-06-17T03:48:51.742+0000] {dag.py:2726} INFO - Sync 1 DAGs
[2023-06-17T03:48:51.781+0000] {logging_mixin.py:149} INFO - [2023-06-17T03:48:51.781+0000] {dag.py:3490} INFO - Setting next_dagrun for example_params_ui_tutorial to None, run_after=None
[2023-06-17T03:48:51.814+0000] {processor.py:179} INFO - Processing /home/airflow/.local/lib/python3.7/site-packages/airflow/example_dags/example_params_ui_tutorial.py took 0.210 seconds
[2023-06-17T03:49:22.586+0000] {processor.py:157} INFO - Started process (PID=1681) to work on /home/airflow/.local/lib/python3.7/site-packages/airflow/example_dags/example_params_ui_tutorial.py
[2023-06-17T03:49:22.591+0000] {processor.py:826} INFO - Processing file /home/airflow/.local/lib/python3.7/site-packages/airflow/example_dags/example_params_ui_tutorial.py for tasks to queue
[2023-06-17T03:49:22.592+0000] {logging_mixin.py:149} INFO - [2023-06-17T03:49:22.592+0000] {dagbag.py:541} INFO - Filling up the DagBag from /home/airflow/.local/lib/python3.7/site-packages/airflow/example_dags/example_params_ui_tutorial.py
[2023-06-17T03:49:22.640+0000] {processor.py:836} INFO - DAG(s) dict_keys(['example_params_ui_tutorial']) retrieved from /home/airflow/.local/lib/python3.7/site-packages/airflow/example_dags/example_params_ui_tutorial.py
[2023-06-17T03:49:22.747+0000] {logging_mixin.py:149} INFO - [2023-06-17T03:49:22.747+0000] {dag.py:2726} INFO - Sync 1 DAGs
[2023-06-17T03:49:22.780+0000] {logging_mixin.py:149} INFO - [2023-06-17T03:49:22.780+0000] {dag.py:3490} INFO - Setting next_dagrun for example_params_ui_tutorial to None, run_after=None
[2023-06-17T03:49:22.810+0000] {processor.py:179} INFO - Processing /home/airflow/.local/lib/python3.7/site-packages/airflow/example_dags/example_params_ui_tutorial.py took 0.227 seconds
