[2023-06-17T02:16:42.758+0000] {processor.py:157} INFO - Started process (PID=44) to work on /home/airflow/.local/lib/python3.7/site-packages/airflow/example_dags/example_branch_operator_decorator.py
[2023-06-17T02:16:42.759+0000] {processor.py:826} INFO - Processing file /home/airflow/.local/lib/python3.7/site-packages/airflow/example_dags/example_branch_operator_decorator.py for tasks to queue
[2023-06-17T02:16:42.760+0000] {logging_mixin.py:149} INFO - [2023-06-17T02:16:42.760+0000] {dagbag.py:541} INFO - Filling up the DagBag from /home/airflow/.local/lib/python3.7/site-packages/airflow/example_dags/example_branch_operator_decorator.py
[2023-06-17T02:16:42.781+0000] {processor.py:836} INFO - DAG(s) dict_keys(['example_branch_python_operator_decorator']) retrieved from /home/airflow/.local/lib/python3.7/site-packages/airflow/example_dags/example_branch_operator_decorator.py
[2023-06-17T02:16:42.829+0000] {logging_mixin.py:149} INFO - [2023-06-17T02:16:42.829+0000] {dag.py:2726} INFO - Sync 1 DAGs
[2023-06-17T02:16:42.898+0000] {logging_mixin.py:149} INFO - [2023-06-17T02:16:42.898+0000] {dag.py:3490} INFO - Setting next_dagrun for example_branch_python_operator_decorator to 2023-06-16T00:00:00+00:00, run_after=2023-06-17T00:00:00+00:00
[2023-06-17T02:16:42.968+0000] {processor.py:179} INFO - Processing /home/airflow/.local/lib/python3.7/site-packages/airflow/example_dags/example_branch_operator_decorator.py took 0.215 seconds
[2023-06-17T02:17:30.978+0000] {processor.py:157} INFO - Started process (PID=110) to work on /home/airflow/.local/lib/python3.7/site-packages/airflow/example_dags/example_branch_operator_decorator.py
[2023-06-17T02:17:31.478+0000] {processor.py:826} INFO - Processing file /home/airflow/.local/lib/python3.7/site-packages/airflow/example_dags/example_branch_operator_decorator.py for tasks to queue
[2023-06-17T02:17:31.481+0000] {logging_mixin.py:149} INFO - [2023-06-17T02:17:31.480+0000] {dagbag.py:541} INFO - Filling up the DagBag from /home/airflow/.local/lib/python3.7/site-packages/airflow/example_dags/example_branch_operator_decorator.py
[2023-06-17T02:17:31.730+0000] {processor.py:836} INFO - DAG(s) dict_keys(['example_branch_python_operator_decorator']) retrieved from /home/airflow/.local/lib/python3.7/site-packages/airflow/example_dags/example_branch_operator_decorator.py
[2023-06-17T02:17:31.764+0000] {logging_mixin.py:149} INFO - [2023-06-17T02:17:31.764+0000] {dag.py:2726} INFO - Sync 1 DAGs
[2023-06-17T02:17:31.791+0000] {logging_mixin.py:149} INFO - [2023-06-17T02:17:31.791+0000] {dag.py:3490} INFO - Setting next_dagrun for example_branch_python_operator_decorator to 2023-06-16T00:00:00+00:00, run_after=2023-06-17T00:00:00+00:00
[2023-06-17T02:17:32.285+0000] {processor.py:179} INFO - Processing /home/airflow/.local/lib/python3.7/site-packages/airflow/example_dags/example_branch_operator_decorator.py took 1.309 seconds
[2023-06-17T02:18:18.507+0000] {processor.py:157} INFO - Started process (PID=167) to work on /home/airflow/.local/lib/python3.7/site-packages/airflow/example_dags/example_branch_operator_decorator.py
[2023-06-17T02:18:18.718+0000] {processor.py:826} INFO - Processing file /home/airflow/.local/lib/python3.7/site-packages/airflow/example_dags/example_branch_operator_decorator.py for tasks to queue
[2023-06-17T02:18:18.720+0000] {logging_mixin.py:149} INFO - [2023-06-17T02:18:18.720+0000] {dagbag.py:541} INFO - Filling up the DagBag from /home/airflow/.local/lib/python3.7/site-packages/airflow/example_dags/example_branch_operator_decorator.py
[2023-06-17T02:18:18.741+0000] {processor.py:836} INFO - DAG(s) dict_keys(['example_branch_python_operator_decorator']) retrieved from /home/airflow/.local/lib/python3.7/site-packages/airflow/example_dags/example_branch_operator_decorator.py
[2023-06-17T02:18:18.766+0000] {logging_mixin.py:149} INFO - [2023-06-17T02:18:18.766+0000] {dag.py:2726} INFO - Sync 1 DAGs
[2023-06-17T02:18:18.793+0000] {logging_mixin.py:149} INFO - [2023-06-17T02:18:18.793+0000] {dag.py:3490} INFO - Setting next_dagrun for example_branch_python_operator_decorator to 2023-06-16T00:00:00+00:00, run_after=2023-06-17T00:00:00+00:00
[2023-06-17T02:18:19.221+0000] {processor.py:179} INFO - Processing /home/airflow/.local/lib/python3.7/site-packages/airflow/example_dags/example_branch_operator_decorator.py took 0.718 seconds
[2023-06-17T02:18:49.283+0000] {processor.py:157} INFO - Started process (PID=214) to work on /home/airflow/.local/lib/python3.7/site-packages/airflow/example_dags/example_branch_operator_decorator.py
[2023-06-17T02:18:49.292+0000] {processor.py:826} INFO - Processing file /home/airflow/.local/lib/python3.7/site-packages/airflow/example_dags/example_branch_operator_decorator.py for tasks to queue
[2023-06-17T02:18:49.423+0000] {logging_mixin.py:149} INFO - [2023-06-17T02:18:49.423+0000] {dagbag.py:541} INFO - Filling up the DagBag from /home/airflow/.local/lib/python3.7/site-packages/airflow/example_dags/example_branch_operator_decorator.py
[2023-06-17T02:18:49.453+0000] {processor.py:836} INFO - DAG(s) dict_keys(['example_branch_python_operator_decorator']) retrieved from /home/airflow/.local/lib/python3.7/site-packages/airflow/example_dags/example_branch_operator_decorator.py
[2023-06-17T02:18:49.480+0000] {logging_mixin.py:149} INFO - [2023-06-17T02:18:49.480+0000] {dag.py:2726} INFO - Sync 1 DAGs
[2023-06-17T02:18:49.507+0000] {logging_mixin.py:149} INFO - [2023-06-17T02:18:49.507+0000] {dag.py:3490} INFO - Setting next_dagrun for example_branch_python_operator_decorator to 2023-06-16T00:00:00+00:00, run_after=2023-06-17T00:00:00+00:00
[2023-06-17T02:18:49.660+0000] {processor.py:179} INFO - Processing /home/airflow/.local/lib/python3.7/site-packages/airflow/example_dags/example_branch_operator_decorator.py took 0.381 seconds
[2023-06-17T02:19:21.098+0000] {processor.py:157} INFO - Started process (PID=274) to work on /home/airflow/.local/lib/python3.7/site-packages/airflow/example_dags/example_branch_operator_decorator.py
[2023-06-17T02:19:21.224+0000] {processor.py:826} INFO - Processing file /home/airflow/.local/lib/python3.7/site-packages/airflow/example_dags/example_branch_operator_decorator.py for tasks to queue
[2023-06-17T02:19:21.227+0000] {logging_mixin.py:149} INFO - [2023-06-17T02:19:21.227+0000] {dagbag.py:541} INFO - Filling up the DagBag from /home/airflow/.local/lib/python3.7/site-packages/airflow/example_dags/example_branch_operator_decorator.py
[2023-06-17T02:19:21.334+0000] {processor.py:836} INFO - DAG(s) dict_keys(['example_branch_python_operator_decorator']) retrieved from /home/airflow/.local/lib/python3.7/site-packages/airflow/example_dags/example_branch_operator_decorator.py
[2023-06-17T02:19:21.368+0000] {logging_mixin.py:149} INFO - [2023-06-17T02:19:21.368+0000] {dag.py:2726} INFO - Sync 1 DAGs
[2023-06-17T02:19:21.407+0000] {logging_mixin.py:149} INFO - [2023-06-17T02:19:21.407+0000] {dag.py:3490} INFO - Setting next_dagrun for example_branch_python_operator_decorator to 2023-06-16T00:00:00+00:00, run_after=2023-06-17T00:00:00+00:00
[2023-06-17T02:19:21.548+0000] {processor.py:179} INFO - Processing /home/airflow/.local/lib/python3.7/site-packages/airflow/example_dags/example_branch_operator_decorator.py took 0.454 seconds
[2023-06-17T02:19:52.015+0000] {processor.py:157} INFO - Started process (PID=327) to work on /home/airflow/.local/lib/python3.7/site-packages/airflow/example_dags/example_branch_operator_decorator.py
[2023-06-17T02:19:52.045+0000] {processor.py:826} INFO - Processing file /home/airflow/.local/lib/python3.7/site-packages/airflow/example_dags/example_branch_operator_decorator.py for tasks to queue
[2023-06-17T02:19:52.046+0000] {logging_mixin.py:149} INFO - [2023-06-17T02:19:52.046+0000] {dagbag.py:541} INFO - Filling up the DagBag from /home/airflow/.local/lib/python3.7/site-packages/airflow/example_dags/example_branch_operator_decorator.py
[2023-06-17T02:19:52.058+0000] {processor.py:836} INFO - DAG(s) dict_keys(['example_branch_python_operator_decorator']) retrieved from /home/airflow/.local/lib/python3.7/site-packages/airflow/example_dags/example_branch_operator_decorator.py
[2023-06-17T02:19:52.080+0000] {logging_mixin.py:149} INFO - [2023-06-17T02:19:52.079+0000] {dag.py:2726} INFO - Sync 1 DAGs
[2023-06-17T02:19:52.106+0000] {logging_mixin.py:149} INFO - [2023-06-17T02:19:52.106+0000] {dag.py:3490} INFO - Setting next_dagrun for example_branch_python_operator_decorator to 2023-06-16T00:00:00+00:00, run_after=2023-06-17T00:00:00+00:00
[2023-06-17T02:19:52.352+0000] {processor.py:179} INFO - Processing /home/airflow/.local/lib/python3.7/site-packages/airflow/example_dags/example_branch_operator_decorator.py took 0.340 seconds
[2023-06-17T02:20:24.399+0000] {processor.py:157} INFO - Started process (PID=383) to work on /home/airflow/.local/lib/python3.7/site-packages/airflow/example_dags/example_branch_operator_decorator.py
[2023-06-17T02:20:24.598+0000] {processor.py:826} INFO - Processing file /home/airflow/.local/lib/python3.7/site-packages/airflow/example_dags/example_branch_operator_decorator.py for tasks to queue
[2023-06-17T02:20:24.599+0000] {logging_mixin.py:149} INFO - [2023-06-17T02:20:24.599+0000] {dagbag.py:541} INFO - Filling up the DagBag from /home/airflow/.local/lib/python3.7/site-packages/airflow/example_dags/example_branch_operator_decorator.py
[2023-06-17T02:20:24.611+0000] {processor.py:836} INFO - DAG(s) dict_keys(['example_branch_python_operator_decorator']) retrieved from /home/airflow/.local/lib/python3.7/site-packages/airflow/example_dags/example_branch_operator_decorator.py
[2023-06-17T02:20:24.642+0000] {logging_mixin.py:149} INFO - [2023-06-17T02:20:24.642+0000] {dag.py:2726} INFO - Sync 1 DAGs
[2023-06-17T02:20:24.680+0000] {logging_mixin.py:149} INFO - [2023-06-17T02:20:24.680+0000] {dag.py:3490} INFO - Setting next_dagrun for example_branch_python_operator_decorator to 2023-06-16T00:00:00+00:00, run_after=2023-06-17T00:00:00+00:00
[2023-06-17T02:20:24.894+0000] {processor.py:179} INFO - Processing /home/airflow/.local/lib/python3.7/site-packages/airflow/example_dags/example_branch_operator_decorator.py took 0.498 seconds
[2023-06-17T02:20:59.097+0000] {processor.py:157} INFO - Started process (PID=451) to work on /home/airflow/.local/lib/python3.7/site-packages/airflow/example_dags/example_branch_operator_decorator.py
[2023-06-17T02:20:59.215+0000] {processor.py:826} INFO - Processing file /home/airflow/.local/lib/python3.7/site-packages/airflow/example_dags/example_branch_operator_decorator.py for tasks to queue
[2023-06-17T02:20:59.215+0000] {logging_mixin.py:149} INFO - [2023-06-17T02:20:59.215+0000] {dagbag.py:541} INFO - Filling up the DagBag from /home/airflow/.local/lib/python3.7/site-packages/airflow/example_dags/example_branch_operator_decorator.py
[2023-06-17T02:20:59.226+0000] {processor.py:836} INFO - DAG(s) dict_keys(['example_branch_python_operator_decorator']) retrieved from /home/airflow/.local/lib/python3.7/site-packages/airflow/example_dags/example_branch_operator_decorator.py
[2023-06-17T02:20:59.252+0000] {logging_mixin.py:149} INFO - [2023-06-17T02:20:59.252+0000] {dag.py:2726} INFO - Sync 1 DAGs
[2023-06-17T02:20:59.284+0000] {logging_mixin.py:149} INFO - [2023-06-17T02:20:59.284+0000] {dag.py:3490} INFO - Setting next_dagrun for example_branch_python_operator_decorator to 2023-06-16T00:00:00+00:00, run_after=2023-06-17T00:00:00+00:00
[2023-06-17T02:20:59.455+0000] {processor.py:179} INFO - Processing /home/airflow/.local/lib/python3.7/site-packages/airflow/example_dags/example_branch_operator_decorator.py took 0.360 seconds
[2023-06-17T02:21:29.870+0000] {processor.py:157} INFO - Started process (PID=502) to work on /home/airflow/.local/lib/python3.7/site-packages/airflow/example_dags/example_branch_operator_decorator.py
[2023-06-17T02:21:29.971+0000] {processor.py:826} INFO - Processing file /home/airflow/.local/lib/python3.7/site-packages/airflow/example_dags/example_branch_operator_decorator.py for tasks to queue
[2023-06-17T02:21:29.972+0000] {logging_mixin.py:149} INFO - [2023-06-17T02:21:29.972+0000] {dagbag.py:541} INFO - Filling up the DagBag from /home/airflow/.local/lib/python3.7/site-packages/airflow/example_dags/example_branch_operator_decorator.py
[2023-06-17T02:21:30.018+0000] {processor.py:836} INFO - DAG(s) dict_keys(['example_branch_python_operator_decorator']) retrieved from /home/airflow/.local/lib/python3.7/site-packages/airflow/example_dags/example_branch_operator_decorator.py
[2023-06-17T02:21:30.047+0000] {logging_mixin.py:149} INFO - [2023-06-17T02:21:30.047+0000] {dag.py:2726} INFO - Sync 1 DAGs
[2023-06-17T02:21:30.074+0000] {logging_mixin.py:149} INFO - [2023-06-17T02:21:30.074+0000] {dag.py:3490} INFO - Setting next_dagrun for example_branch_python_operator_decorator to 2023-06-16T00:00:00+00:00, run_after=2023-06-17T00:00:00+00:00
[2023-06-17T02:21:30.197+0000] {processor.py:179} INFO - Processing /home/airflow/.local/lib/python3.7/site-packages/airflow/example_dags/example_branch_operator_decorator.py took 0.330 seconds
[2023-06-17T02:22:00.408+0000] {processor.py:157} INFO - Started process (PID=556) to work on /home/airflow/.local/lib/python3.7/site-packages/airflow/example_dags/example_branch_operator_decorator.py
[2023-06-17T02:22:00.490+0000] {processor.py:826} INFO - Processing file /home/airflow/.local/lib/python3.7/site-packages/airflow/example_dags/example_branch_operator_decorator.py for tasks to queue
[2023-06-17T02:22:00.490+0000] {logging_mixin.py:149} INFO - [2023-06-17T02:22:00.490+0000] {dagbag.py:541} INFO - Filling up the DagBag from /home/airflow/.local/lib/python3.7/site-packages/airflow/example_dags/example_branch_operator_decorator.py
[2023-06-17T02:22:00.499+0000] {processor.py:836} INFO - DAG(s) dict_keys(['example_branch_python_operator_decorator']) retrieved from /home/airflow/.local/lib/python3.7/site-packages/airflow/example_dags/example_branch_operator_decorator.py
[2023-06-17T02:22:00.524+0000] {logging_mixin.py:149} INFO - [2023-06-17T02:22:00.523+0000] {dag.py:2726} INFO - Sync 1 DAGs
[2023-06-17T02:22:00.550+0000] {logging_mixin.py:149} INFO - [2023-06-17T02:22:00.549+0000] {dag.py:3490} INFO - Setting next_dagrun for example_branch_python_operator_decorator to 2023-06-16T00:00:00+00:00, run_after=2023-06-17T00:00:00+00:00
[2023-06-17T02:22:00.697+0000] {processor.py:179} INFO - Processing /home/airflow/.local/lib/python3.7/site-packages/airflow/example_dags/example_branch_operator_decorator.py took 0.293 seconds
[2023-06-17T02:22:31.609+0000] {processor.py:157} INFO - Started process (PID=616) to work on /home/airflow/.local/lib/python3.7/site-packages/airflow/example_dags/example_branch_operator_decorator.py
[2023-06-17T02:22:31.700+0000] {processor.py:826} INFO - Processing file /home/airflow/.local/lib/python3.7/site-packages/airflow/example_dags/example_branch_operator_decorator.py for tasks to queue
[2023-06-17T02:22:31.761+0000] {logging_mixin.py:149} INFO - [2023-06-17T02:22:31.760+0000] {dagbag.py:541} INFO - Filling up the DagBag from /home/airflow/.local/lib/python3.7/site-packages/airflow/example_dags/example_branch_operator_decorator.py
[2023-06-17T02:22:31.770+0000] {processor.py:836} INFO - DAG(s) dict_keys(['example_branch_python_operator_decorator']) retrieved from /home/airflow/.local/lib/python3.7/site-packages/airflow/example_dags/example_branch_operator_decorator.py
[2023-06-17T02:22:31.806+0000] {logging_mixin.py:149} INFO - [2023-06-17T02:22:31.806+0000] {dag.py:2726} INFO - Sync 1 DAGs
[2023-06-17T02:22:31.835+0000] {logging_mixin.py:149} INFO - [2023-06-17T02:22:31.835+0000] {dag.py:3490} INFO - Setting next_dagrun for example_branch_python_operator_decorator to 2023-06-16T00:00:00+00:00, run_after=2023-06-17T00:00:00+00:00
[2023-06-17T02:22:32.182+0000] {processor.py:179} INFO - Processing /home/airflow/.local/lib/python3.7/site-packages/airflow/example_dags/example_branch_operator_decorator.py took 0.575 seconds
[2023-06-17T02:23:18.701+0000] {processor.py:157} INFO - Started process (PID=673) to work on /home/airflow/.local/lib/python3.7/site-packages/airflow/example_dags/example_branch_operator_decorator.py
[2023-06-17T02:23:18.789+0000] {processor.py:826} INFO - Processing file /home/airflow/.local/lib/python3.7/site-packages/airflow/example_dags/example_branch_operator_decorator.py for tasks to queue
[2023-06-17T02:23:18.789+0000] {logging_mixin.py:149} INFO - [2023-06-17T02:23:18.789+0000] {dagbag.py:541} INFO - Filling up the DagBag from /home/airflow/.local/lib/python3.7/site-packages/airflow/example_dags/example_branch_operator_decorator.py
[2023-06-17T02:23:18.798+0000] {processor.py:836} INFO - DAG(s) dict_keys(['example_branch_python_operator_decorator']) retrieved from /home/airflow/.local/lib/python3.7/site-packages/airflow/example_dags/example_branch_operator_decorator.py
[2023-06-17T02:23:18.823+0000] {logging_mixin.py:149} INFO - [2023-06-17T02:23:18.823+0000] {dag.py:2726} INFO - Sync 1 DAGs
[2023-06-17T02:23:18.852+0000] {logging_mixin.py:149} INFO - [2023-06-17T02:23:18.852+0000] {dag.py:3490} INFO - Setting next_dagrun for example_branch_python_operator_decorator to 2023-06-16T00:00:00+00:00, run_after=2023-06-17T00:00:00+00:00
[2023-06-17T02:23:19.023+0000] {processor.py:179} INFO - Processing /home/airflow/.local/lib/python3.7/site-packages/airflow/example_dags/example_branch_operator_decorator.py took 0.324 seconds
[2023-06-17T02:23:49.110+0000] {processor.py:157} INFO - Started process (PID=734) to work on /home/airflow/.local/lib/python3.7/site-packages/airflow/example_dags/example_branch_operator_decorator.py
[2023-06-17T02:23:49.111+0000] {processor.py:826} INFO - Processing file /home/airflow/.local/lib/python3.7/site-packages/airflow/example_dags/example_branch_operator_decorator.py for tasks to queue
[2023-06-17T02:23:49.112+0000] {logging_mixin.py:149} INFO - [2023-06-17T02:23:49.112+0000] {dagbag.py:541} INFO - Filling up the DagBag from /home/airflow/.local/lib/python3.7/site-packages/airflow/example_dags/example_branch_operator_decorator.py
[2023-06-17T02:23:49.123+0000] {processor.py:836} INFO - DAG(s) dict_keys(['example_branch_python_operator_decorator']) retrieved from /home/airflow/.local/lib/python3.7/site-packages/airflow/example_dags/example_branch_operator_decorator.py
[2023-06-17T02:23:49.148+0000] {logging_mixin.py:149} INFO - [2023-06-17T02:23:49.147+0000] {dag.py:2726} INFO - Sync 1 DAGs
[2023-06-17T02:23:49.192+0000] {logging_mixin.py:149} INFO - [2023-06-17T02:23:49.191+0000] {dag.py:3490} INFO - Setting next_dagrun for example_branch_python_operator_decorator to 2023-06-16T00:00:00+00:00, run_after=2023-06-17T00:00:00+00:00
[2023-06-17T02:23:49.316+0000] {processor.py:179} INFO - Processing /home/airflow/.local/lib/python3.7/site-packages/airflow/example_dags/example_branch_operator_decorator.py took 0.209 seconds
[2023-06-17T02:24:20.434+0000] {processor.py:157} INFO - Started process (PID=795) to work on /home/airflow/.local/lib/python3.7/site-packages/airflow/example_dags/example_branch_operator_decorator.py
[2023-06-17T02:24:20.441+0000] {processor.py:826} INFO - Processing file /home/airflow/.local/lib/python3.7/site-packages/airflow/example_dags/example_branch_operator_decorator.py for tasks to queue
[2023-06-17T02:24:20.442+0000] {logging_mixin.py:149} INFO - [2023-06-17T02:24:20.442+0000] {dagbag.py:541} INFO - Filling up the DagBag from /home/airflow/.local/lib/python3.7/site-packages/airflow/example_dags/example_branch_operator_decorator.py
[2023-06-17T02:24:20.456+0000] {processor.py:836} INFO - DAG(s) dict_keys(['example_branch_python_operator_decorator']) retrieved from /home/airflow/.local/lib/python3.7/site-packages/airflow/example_dags/example_branch_operator_decorator.py
[2023-06-17T02:24:20.494+0000] {logging_mixin.py:149} INFO - [2023-06-17T02:24:20.494+0000] {dag.py:2726} INFO - Sync 1 DAGs
[2023-06-17T02:24:20.546+0000] {logging_mixin.py:149} INFO - [2023-06-17T02:24:20.546+0000] {dag.py:3490} INFO - Setting next_dagrun for example_branch_python_operator_decorator to 2023-06-16T00:00:00+00:00, run_after=2023-06-17T00:00:00+00:00
[2023-06-17T02:24:20.576+0000] {processor.py:179} INFO - Processing /home/airflow/.local/lib/python3.7/site-packages/airflow/example_dags/example_branch_operator_decorator.py took 0.145 seconds
[2023-06-17T02:24:52.820+0000] {processor.py:157} INFO - Started process (PID=848) to work on /home/airflow/.local/lib/python3.7/site-packages/airflow/example_dags/example_branch_operator_decorator.py
[2023-06-17T02:24:52.853+0000] {processor.py:826} INFO - Processing file /home/airflow/.local/lib/python3.7/site-packages/airflow/example_dags/example_branch_operator_decorator.py for tasks to queue
[2023-06-17T02:24:52.854+0000] {logging_mixin.py:149} INFO - [2023-06-17T02:24:52.853+0000] {dagbag.py:541} INFO - Filling up the DagBag from /home/airflow/.local/lib/python3.7/site-packages/airflow/example_dags/example_branch_operator_decorator.py
[2023-06-17T02:24:52.864+0000] {processor.py:836} INFO - DAG(s) dict_keys(['example_branch_python_operator_decorator']) retrieved from /home/airflow/.local/lib/python3.7/site-packages/airflow/example_dags/example_branch_operator_decorator.py
[2023-06-17T02:24:52.898+0000] {logging_mixin.py:149} INFO - [2023-06-17T02:24:52.898+0000] {dag.py:2726} INFO - Sync 1 DAGs
[2023-06-17T02:24:52.944+0000] {logging_mixin.py:149} INFO - [2023-06-17T02:24:52.944+0000] {dag.py:3490} INFO - Setting next_dagrun for example_branch_python_operator_decorator to 2023-06-16T00:00:00+00:00, run_after=2023-06-17T00:00:00+00:00
[2023-06-17T02:24:52.985+0000] {processor.py:179} INFO - Processing /home/airflow/.local/lib/python3.7/site-packages/airflow/example_dags/example_branch_operator_decorator.py took 0.168 seconds
[2023-06-17T02:25:28.607+0000] {processor.py:157} INFO - Started process (PID=900) to work on /home/airflow/.local/lib/python3.7/site-packages/airflow/example_dags/example_branch_operator_decorator.py
[2023-06-17T02:25:28.620+0000] {processor.py:826} INFO - Processing file /home/airflow/.local/lib/python3.7/site-packages/airflow/example_dags/example_branch_operator_decorator.py for tasks to queue
[2023-06-17T02:25:28.620+0000] {logging_mixin.py:149} INFO - [2023-06-17T02:25:28.620+0000] {dagbag.py:541} INFO - Filling up the DagBag from /home/airflow/.local/lib/python3.7/site-packages/airflow/example_dags/example_branch_operator_decorator.py
[2023-06-17T02:25:28.855+0000] {processor.py:836} INFO - DAG(s) dict_keys(['example_branch_python_operator_decorator']) retrieved from /home/airflow/.local/lib/python3.7/site-packages/airflow/example_dags/example_branch_operator_decorator.py
[2023-06-17T02:25:28.921+0000] {logging_mixin.py:149} INFO - [2023-06-17T02:25:28.921+0000] {dag.py:2726} INFO - Sync 1 DAGs
[2023-06-17T02:25:28.949+0000] {logging_mixin.py:149} INFO - [2023-06-17T02:25:28.949+0000] {dag.py:3490} INFO - Setting next_dagrun for example_branch_python_operator_decorator to 2023-06-16T00:00:00+00:00, run_after=2023-06-17T00:00:00+00:00
[2023-06-17T02:25:29.016+0000] {processor.py:179} INFO - Processing /home/airflow/.local/lib/python3.7/site-packages/airflow/example_dags/example_branch_operator_decorator.py took 0.412 seconds
[2023-06-17T02:25:59.813+0000] {processor.py:157} INFO - Started process (PID=961) to work on /home/airflow/.local/lib/python3.7/site-packages/airflow/example_dags/example_branch_operator_decorator.py
[2023-06-17T02:25:59.857+0000] {processor.py:826} INFO - Processing file /home/airflow/.local/lib/python3.7/site-packages/airflow/example_dags/example_branch_operator_decorator.py for tasks to queue
[2023-06-17T02:25:59.859+0000] {logging_mixin.py:149} INFO - [2023-06-17T02:25:59.858+0000] {dagbag.py:541} INFO - Filling up the DagBag from /home/airflow/.local/lib/python3.7/site-packages/airflow/example_dags/example_branch_operator_decorator.py
[2023-06-17T02:25:59.894+0000] {processor.py:836} INFO - DAG(s) dict_keys(['example_branch_python_operator_decorator']) retrieved from /home/airflow/.local/lib/python3.7/site-packages/airflow/example_dags/example_branch_operator_decorator.py
[2023-06-17T02:25:59.966+0000] {logging_mixin.py:149} INFO - [2023-06-17T02:25:59.966+0000] {dag.py:2726} INFO - Sync 1 DAGs
[2023-06-17T02:26:00.087+0000] {logging_mixin.py:149} INFO - [2023-06-17T02:26:00.086+0000] {dag.py:3490} INFO - Setting next_dagrun for example_branch_python_operator_decorator to 2023-06-16T00:00:00+00:00, run_after=2023-06-17T00:00:00+00:00
[2023-06-17T02:26:00.166+0000] {processor.py:179} INFO - Processing /home/airflow/.local/lib/python3.7/site-packages/airflow/example_dags/example_branch_operator_decorator.py took 0.358 seconds
[2023-06-17T02:26:30.849+0000] {processor.py:157} INFO - Started process (PID=1022) to work on /home/airflow/.local/lib/python3.7/site-packages/airflow/example_dags/example_branch_operator_decorator.py
[2023-06-17T02:26:30.966+0000] {processor.py:826} INFO - Processing file /home/airflow/.local/lib/python3.7/site-packages/airflow/example_dags/example_branch_operator_decorator.py for tasks to queue
[2023-06-17T02:26:30.967+0000] {logging_mixin.py:149} INFO - [2023-06-17T02:26:30.967+0000] {dagbag.py:541} INFO - Filling up the DagBag from /home/airflow/.local/lib/python3.7/site-packages/airflow/example_dags/example_branch_operator_decorator.py
[2023-06-17T02:26:30.979+0000] {processor.py:836} INFO - DAG(s) dict_keys(['example_branch_python_operator_decorator']) retrieved from /home/airflow/.local/lib/python3.7/site-packages/airflow/example_dags/example_branch_operator_decorator.py
[2023-06-17T02:26:31.020+0000] {logging_mixin.py:149} INFO - [2023-06-17T02:26:31.020+0000] {dag.py:2726} INFO - Sync 1 DAGs
[2023-06-17T02:26:31.062+0000] {logging_mixin.py:149} INFO - [2023-06-17T02:26:31.062+0000] {dag.py:3490} INFO - Setting next_dagrun for example_branch_python_operator_decorator to 2023-06-16T00:00:00+00:00, run_after=2023-06-17T00:00:00+00:00
[2023-06-17T02:26:31.099+0000] {processor.py:179} INFO - Processing /home/airflow/.local/lib/python3.7/site-packages/airflow/example_dags/example_branch_operator_decorator.py took 0.254 seconds
[2023-06-17T02:27:14.368+0000] {processor.py:157} INFO - Started process (PID=1086) to work on /home/airflow/.local/lib/python3.7/site-packages/airflow/example_dags/example_branch_operator_decorator.py
[2023-06-17T02:27:14.551+0000] {processor.py:826} INFO - Processing file /home/airflow/.local/lib/python3.7/site-packages/airflow/example_dags/example_branch_operator_decorator.py for tasks to queue
[2023-06-17T02:27:14.585+0000] {logging_mixin.py:149} INFO - [2023-06-17T02:27:14.584+0000] {dagbag.py:541} INFO - Filling up the DagBag from /home/airflow/.local/lib/python3.7/site-packages/airflow/example_dags/example_branch_operator_decorator.py
[2023-06-17T02:27:14.809+0000] {processor.py:836} INFO - DAG(s) dict_keys(['example_branch_python_operator_decorator']) retrieved from /home/airflow/.local/lib/python3.7/site-packages/airflow/example_dags/example_branch_operator_decorator.py
[2023-06-17T02:27:14.840+0000] {logging_mixin.py:149} INFO - [2023-06-17T02:27:14.840+0000] {dag.py:2726} INFO - Sync 1 DAGs
[2023-06-17T02:27:14.868+0000] {logging_mixin.py:149} INFO - [2023-06-17T02:27:14.867+0000] {dag.py:3490} INFO - Setting next_dagrun for example_branch_python_operator_decorator to 2023-06-16T00:00:00+00:00, run_after=2023-06-17T00:00:00+00:00
[2023-06-17T02:27:15.023+0000] {processor.py:179} INFO - Processing /home/airflow/.local/lib/python3.7/site-packages/airflow/example_dags/example_branch_operator_decorator.py took 0.664 seconds
[2023-06-17T02:27:46.508+0000] {processor.py:157} INFO - Started process (PID=1147) to work on /home/airflow/.local/lib/python3.7/site-packages/airflow/example_dags/example_branch_operator_decorator.py
[2023-06-17T02:27:46.641+0000] {processor.py:826} INFO - Processing file /home/airflow/.local/lib/python3.7/site-packages/airflow/example_dags/example_branch_operator_decorator.py for tasks to queue
[2023-06-17T02:27:46.644+0000] {logging_mixin.py:149} INFO - [2023-06-17T02:27:46.643+0000] {dagbag.py:541} INFO - Filling up the DagBag from /home/airflow/.local/lib/python3.7/site-packages/airflow/example_dags/example_branch_operator_decorator.py
[2023-06-17T02:27:46.672+0000] {processor.py:836} INFO - DAG(s) dict_keys(['example_branch_python_operator_decorator']) retrieved from /home/airflow/.local/lib/python3.7/site-packages/airflow/example_dags/example_branch_operator_decorator.py
[2023-06-17T02:27:46.701+0000] {logging_mixin.py:149} INFO - [2023-06-17T02:27:46.700+0000] {dag.py:2726} INFO - Sync 1 DAGs
[2023-06-17T02:27:46.731+0000] {logging_mixin.py:149} INFO - [2023-06-17T02:27:46.730+0000] {dag.py:3490} INFO - Setting next_dagrun for example_branch_python_operator_decorator to 2023-06-16T00:00:00+00:00, run_after=2023-06-17T00:00:00+00:00
[2023-06-17T02:27:46.853+0000] {processor.py:179} INFO - Processing /home/airflow/.local/lib/python3.7/site-packages/airflow/example_dags/example_branch_operator_decorator.py took 0.347 seconds
[2023-06-17T02:28:17.121+0000] {processor.py:157} INFO - Started process (PID=1199) to work on /home/airflow/.local/lib/python3.7/site-packages/airflow/example_dags/example_branch_operator_decorator.py
[2023-06-17T02:28:17.121+0000] {processor.py:826} INFO - Processing file /home/airflow/.local/lib/python3.7/site-packages/airflow/example_dags/example_branch_operator_decorator.py for tasks to queue
[2023-06-17T02:28:17.122+0000] {logging_mixin.py:149} INFO - [2023-06-17T02:28:17.122+0000] {dagbag.py:541} INFO - Filling up the DagBag from /home/airflow/.local/lib/python3.7/site-packages/airflow/example_dags/example_branch_operator_decorator.py
[2023-06-17T02:28:17.131+0000] {processor.py:836} INFO - DAG(s) dict_keys(['example_branch_python_operator_decorator']) retrieved from /home/airflow/.local/lib/python3.7/site-packages/airflow/example_dags/example_branch_operator_decorator.py
[2023-06-17T02:28:17.154+0000] {logging_mixin.py:149} INFO - [2023-06-17T02:28:17.154+0000] {dag.py:2726} INFO - Sync 1 DAGs
[2023-06-17T02:28:17.182+0000] {logging_mixin.py:149} INFO - [2023-06-17T02:28:17.182+0000] {dag.py:3490} INFO - Setting next_dagrun for example_branch_python_operator_decorator to 2023-06-16T00:00:00+00:00, run_after=2023-06-17T00:00:00+00:00
[2023-06-17T02:28:17.226+0000] {processor.py:179} INFO - Processing /home/airflow/.local/lib/python3.7/site-packages/airflow/example_dags/example_branch_operator_decorator.py took 0.108 seconds
[2023-06-17T02:28:47.938+0000] {processor.py:157} INFO - Started process (PID=1260) to work on /home/airflow/.local/lib/python3.7/site-packages/airflow/example_dags/example_branch_operator_decorator.py
[2023-06-17T02:28:47.988+0000] {processor.py:826} INFO - Processing file /home/airflow/.local/lib/python3.7/site-packages/airflow/example_dags/example_branch_operator_decorator.py for tasks to queue
[2023-06-17T02:28:47.988+0000] {logging_mixin.py:149} INFO - [2023-06-17T02:28:47.988+0000] {dagbag.py:541} INFO - Filling up the DagBag from /home/airflow/.local/lib/python3.7/site-packages/airflow/example_dags/example_branch_operator_decorator.py
[2023-06-17T02:28:48.002+0000] {processor.py:836} INFO - DAG(s) dict_keys(['example_branch_python_operator_decorator']) retrieved from /home/airflow/.local/lib/python3.7/site-packages/airflow/example_dags/example_branch_operator_decorator.py
[2023-06-17T02:28:48.027+0000] {logging_mixin.py:149} INFO - [2023-06-17T02:28:48.027+0000] {dag.py:2726} INFO - Sync 1 DAGs
[2023-06-17T02:28:48.055+0000] {logging_mixin.py:149} INFO - [2023-06-17T02:28:48.054+0000] {dag.py:3490} INFO - Setting next_dagrun for example_branch_python_operator_decorator to 2023-06-16T00:00:00+00:00, run_after=2023-06-17T00:00:00+00:00
[2023-06-17T02:28:48.109+0000] {processor.py:179} INFO - Processing /home/airflow/.local/lib/python3.7/site-packages/airflow/example_dags/example_branch_operator_decorator.py took 0.173 seconds
[2023-06-17T02:29:18.834+0000] {processor.py:157} INFO - Started process (PID=1321) to work on /home/airflow/.local/lib/python3.7/site-packages/airflow/example_dags/example_branch_operator_decorator.py
[2023-06-17T02:29:18.869+0000] {processor.py:826} INFO - Processing file /home/airflow/.local/lib/python3.7/site-packages/airflow/example_dags/example_branch_operator_decorator.py for tasks to queue
[2023-06-17T02:29:18.869+0000] {logging_mixin.py:149} INFO - [2023-06-17T02:29:18.869+0000] {dagbag.py:541} INFO - Filling up the DagBag from /home/airflow/.local/lib/python3.7/site-packages/airflow/example_dags/example_branch_operator_decorator.py
[2023-06-17T02:29:18.881+0000] {processor.py:836} INFO - DAG(s) dict_keys(['example_branch_python_operator_decorator']) retrieved from /home/airflow/.local/lib/python3.7/site-packages/airflow/example_dags/example_branch_operator_decorator.py
[2023-06-17T02:29:18.906+0000] {logging_mixin.py:149} INFO - [2023-06-17T02:29:18.906+0000] {dag.py:2726} INFO - Sync 1 DAGs
[2023-06-17T02:29:18.942+0000] {logging_mixin.py:149} INFO - [2023-06-17T02:29:18.942+0000] {dag.py:3490} INFO - Setting next_dagrun for example_branch_python_operator_decorator to 2023-06-16T00:00:00+00:00, run_after=2023-06-17T00:00:00+00:00
[2023-06-17T02:29:19.358+0000] {processor.py:179} INFO - Processing /home/airflow/.local/lib/python3.7/site-packages/airflow/example_dags/example_branch_operator_decorator.py took 0.527 seconds
[2023-06-17T02:31:48.469+0000] {processor.py:157} INFO - Started process (PID=1393) to work on /home/airflow/.local/lib/python3.7/site-packages/airflow/example_dags/example_branch_operator_decorator.py
[2023-06-17T02:31:48.728+0000] {processor.py:826} INFO - Processing file /home/airflow/.local/lib/python3.7/site-packages/airflow/example_dags/example_branch_operator_decorator.py for tasks to queue
[2023-06-17T02:31:48.731+0000] {logging_mixin.py:149} INFO - [2023-06-17T02:31:48.730+0000] {dagbag.py:541} INFO - Filling up the DagBag from /home/airflow/.local/lib/python3.7/site-packages/airflow/example_dags/example_branch_operator_decorator.py
[2023-06-17T02:31:48.864+0000] {processor.py:836} INFO - DAG(s) dict_keys(['example_branch_python_operator_decorator']) retrieved from /home/airflow/.local/lib/python3.7/site-packages/airflow/example_dags/example_branch_operator_decorator.py
[2023-06-17T02:31:48.900+0000] {logging_mixin.py:149} INFO - [2023-06-17T02:31:48.900+0000] {dag.py:2726} INFO - Sync 1 DAGs
[2023-06-17T02:31:48.927+0000] {logging_mixin.py:149} INFO - [2023-06-17T02:31:48.927+0000] {dag.py:3490} INFO - Setting next_dagrun for example_branch_python_operator_decorator to 2023-06-16T00:00:00+00:00, run_after=2023-06-17T00:00:00+00:00
[2023-06-17T02:31:49.996+0000] {processor.py:179} INFO - Processing /home/airflow/.local/lib/python3.7/site-packages/airflow/example_dags/example_branch_operator_decorator.py took 1.530 seconds
[2023-06-17T02:32:37.293+0000] {processor.py:157} INFO - Started process (PID=1457) to work on /home/airflow/.local/lib/python3.7/site-packages/airflow/example_dags/example_branch_operator_decorator.py
[2023-06-17T02:32:37.410+0000] {processor.py:826} INFO - Processing file /home/airflow/.local/lib/python3.7/site-packages/airflow/example_dags/example_branch_operator_decorator.py for tasks to queue
[2023-06-17T02:32:37.413+0000] {logging_mixin.py:149} INFO - [2023-06-17T02:32:37.413+0000] {dagbag.py:541} INFO - Filling up the DagBag from /home/airflow/.local/lib/python3.7/site-packages/airflow/example_dags/example_branch_operator_decorator.py
[2023-06-17T02:32:37.470+0000] {processor.py:836} INFO - DAG(s) dict_keys(['example_branch_python_operator_decorator']) retrieved from /home/airflow/.local/lib/python3.7/site-packages/airflow/example_dags/example_branch_operator_decorator.py
[2023-06-17T02:32:37.542+0000] {logging_mixin.py:149} INFO - [2023-06-17T02:32:37.542+0000] {dag.py:2726} INFO - Sync 1 DAGs
[2023-06-17T02:32:37.573+0000] {logging_mixin.py:149} INFO - [2023-06-17T02:32:37.573+0000] {dag.py:3490} INFO - Setting next_dagrun for example_branch_python_operator_decorator to 2023-06-16T00:00:00+00:00, run_after=2023-06-17T00:00:00+00:00
[2023-06-17T02:32:37.755+0000] {processor.py:179} INFO - Processing /home/airflow/.local/lib/python3.7/site-packages/airflow/example_dags/example_branch_operator_decorator.py took 0.464 seconds
[2023-06-17T02:33:08.051+0000] {processor.py:157} INFO - Started process (PID=1510) to work on /home/airflow/.local/lib/python3.7/site-packages/airflow/example_dags/example_branch_operator_decorator.py
[2023-06-17T02:33:08.056+0000] {processor.py:826} INFO - Processing file /home/airflow/.local/lib/python3.7/site-packages/airflow/example_dags/example_branch_operator_decorator.py for tasks to queue
[2023-06-17T02:33:08.058+0000] {logging_mixin.py:149} INFO - [2023-06-17T02:33:08.057+0000] {dagbag.py:541} INFO - Filling up the DagBag from /home/airflow/.local/lib/python3.7/site-packages/airflow/example_dags/example_branch_operator_decorator.py
[2023-06-17T02:33:08.093+0000] {processor.py:836} INFO - DAG(s) dict_keys(['example_branch_python_operator_decorator']) retrieved from /home/airflow/.local/lib/python3.7/site-packages/airflow/example_dags/example_branch_operator_decorator.py
[2023-06-17T02:33:08.164+0000] {logging_mixin.py:149} INFO - [2023-06-17T02:33:08.163+0000] {dag.py:2726} INFO - Sync 1 DAGs
[2023-06-17T02:33:08.249+0000] {logging_mixin.py:149} INFO - [2023-06-17T02:33:08.249+0000] {dag.py:3490} INFO - Setting next_dagrun for example_branch_python_operator_decorator to 2023-06-16T00:00:00+00:00, run_after=2023-06-17T00:00:00+00:00
[2023-06-17T02:33:08.353+0000] {processor.py:179} INFO - Processing /home/airflow/.local/lib/python3.7/site-packages/airflow/example_dags/example_branch_operator_decorator.py took 0.309 seconds
[2023-06-17T02:33:39.079+0000] {processor.py:157} INFO - Started process (PID=1571) to work on /home/airflow/.local/lib/python3.7/site-packages/airflow/example_dags/example_branch_operator_decorator.py
[2023-06-17T02:33:39.232+0000] {processor.py:826} INFO - Processing file /home/airflow/.local/lib/python3.7/site-packages/airflow/example_dags/example_branch_operator_decorator.py for tasks to queue
[2023-06-17T02:33:39.233+0000] {logging_mixin.py:149} INFO - [2023-06-17T02:33:39.232+0000] {dagbag.py:541} INFO - Filling up the DagBag from /home/airflow/.local/lib/python3.7/site-packages/airflow/example_dags/example_branch_operator_decorator.py
[2023-06-17T02:33:39.245+0000] {processor.py:836} INFO - DAG(s) dict_keys(['example_branch_python_operator_decorator']) retrieved from /home/airflow/.local/lib/python3.7/site-packages/airflow/example_dags/example_branch_operator_decorator.py
[2023-06-17T02:33:39.281+0000] {logging_mixin.py:149} INFO - [2023-06-17T02:33:39.281+0000] {dag.py:2726} INFO - Sync 1 DAGs
[2023-06-17T02:33:39.319+0000] {logging_mixin.py:149} INFO - [2023-06-17T02:33:39.319+0000] {dag.py:3490} INFO - Setting next_dagrun for example_branch_python_operator_decorator to 2023-06-16T00:00:00+00:00, run_after=2023-06-17T00:00:00+00:00
[2023-06-17T02:33:39.370+0000] {processor.py:179} INFO - Processing /home/airflow/.local/lib/python3.7/site-packages/airflow/example_dags/example_branch_operator_decorator.py took 0.294 seconds
[2023-06-17T02:34:09.745+0000] {processor.py:157} INFO - Started process (PID=1623) to work on /home/airflow/.local/lib/python3.7/site-packages/airflow/example_dags/example_branch_operator_decorator.py
[2023-06-17T02:34:09.753+0000] {processor.py:826} INFO - Processing file /home/airflow/.local/lib/python3.7/site-packages/airflow/example_dags/example_branch_operator_decorator.py for tasks to queue
[2023-06-17T02:34:09.753+0000] {logging_mixin.py:149} INFO - [2023-06-17T02:34:09.753+0000] {dagbag.py:541} INFO - Filling up the DagBag from /home/airflow/.local/lib/python3.7/site-packages/airflow/example_dags/example_branch_operator_decorator.py
[2023-06-17T02:34:09.766+0000] {processor.py:836} INFO - DAG(s) dict_keys(['example_branch_python_operator_decorator']) retrieved from /home/airflow/.local/lib/python3.7/site-packages/airflow/example_dags/example_branch_operator_decorator.py
[2023-06-17T02:34:09.809+0000] {logging_mixin.py:149} INFO - [2023-06-17T02:34:09.809+0000] {dag.py:2726} INFO - Sync 1 DAGs
[2023-06-17T02:34:09.851+0000] {logging_mixin.py:149} INFO - [2023-06-17T02:34:09.851+0000] {dag.py:3490} INFO - Setting next_dagrun for example_branch_python_operator_decorator to 2023-06-16T00:00:00+00:00, run_after=2023-06-17T00:00:00+00:00
[2023-06-17T02:34:09.888+0000] {processor.py:179} INFO - Processing /home/airflow/.local/lib/python3.7/site-packages/airflow/example_dags/example_branch_operator_decorator.py took 0.148 seconds
[2023-06-17T02:34:40.120+0000] {processor.py:157} INFO - Started process (PID=1684) to work on /home/airflow/.local/lib/python3.7/site-packages/airflow/example_dags/example_branch_operator_decorator.py
[2023-06-17T02:34:40.178+0000] {processor.py:826} INFO - Processing file /home/airflow/.local/lib/python3.7/site-packages/airflow/example_dags/example_branch_operator_decorator.py for tasks to queue
[2023-06-17T02:34:40.179+0000] {logging_mixin.py:149} INFO - [2023-06-17T02:34:40.179+0000] {dagbag.py:541} INFO - Filling up the DagBag from /home/airflow/.local/lib/python3.7/site-packages/airflow/example_dags/example_branch_operator_decorator.py
[2023-06-17T02:34:40.191+0000] {processor.py:836} INFO - DAG(s) dict_keys(['example_branch_python_operator_decorator']) retrieved from /home/airflow/.local/lib/python3.7/site-packages/airflow/example_dags/example_branch_operator_decorator.py
[2023-06-17T02:34:40.222+0000] {logging_mixin.py:149} INFO - [2023-06-17T02:34:40.221+0000] {dag.py:2726} INFO - Sync 1 DAGs
[2023-06-17T02:34:40.258+0000] {logging_mixin.py:149} INFO - [2023-06-17T02:34:40.258+0000] {dag.py:3490} INFO - Setting next_dagrun for example_branch_python_operator_decorator to 2023-06-16T00:00:00+00:00, run_after=2023-06-17T00:00:00+00:00
[2023-06-17T02:34:40.291+0000] {processor.py:179} INFO - Processing /home/airflow/.local/lib/python3.7/site-packages/airflow/example_dags/example_branch_operator_decorator.py took 0.173 seconds
[2023-06-17T02:35:10.775+0000] {processor.py:157} INFO - Started process (PID=1744) to work on /home/airflow/.local/lib/python3.7/site-packages/airflow/example_dags/example_branch_operator_decorator.py
[2023-06-17T02:35:10.862+0000] {processor.py:826} INFO - Processing file /home/airflow/.local/lib/python3.7/site-packages/airflow/example_dags/example_branch_operator_decorator.py for tasks to queue
[2023-06-17T02:35:10.863+0000] {logging_mixin.py:149} INFO - [2023-06-17T02:35:10.863+0000] {dagbag.py:541} INFO - Filling up the DagBag from /home/airflow/.local/lib/python3.7/site-packages/airflow/example_dags/example_branch_operator_decorator.py
[2023-06-17T02:35:10.875+0000] {processor.py:836} INFO - DAG(s) dict_keys(['example_branch_python_operator_decorator']) retrieved from /home/airflow/.local/lib/python3.7/site-packages/airflow/example_dags/example_branch_operator_decorator.py
[2023-06-17T02:35:10.905+0000] {logging_mixin.py:149} INFO - [2023-06-17T02:35:10.905+0000] {dag.py:2726} INFO - Sync 1 DAGs
[2023-06-17T02:35:10.941+0000] {logging_mixin.py:149} INFO - [2023-06-17T02:35:10.941+0000] {dag.py:3490} INFO - Setting next_dagrun for example_branch_python_operator_decorator to 2023-06-16T00:00:00+00:00, run_after=2023-06-17T00:00:00+00:00
[2023-06-17T02:35:10.980+0000] {processor.py:179} INFO - Processing /home/airflow/.local/lib/python3.7/site-packages/airflow/example_dags/example_branch_operator_decorator.py took 0.208 seconds
[2023-06-17T02:35:41.062+0000] {processor.py:157} INFO - Started process (PID=1805) to work on /home/airflow/.local/lib/python3.7/site-packages/airflow/example_dags/example_branch_operator_decorator.py
[2023-06-17T02:35:41.070+0000] {processor.py:826} INFO - Processing file /home/airflow/.local/lib/python3.7/site-packages/airflow/example_dags/example_branch_operator_decorator.py for tasks to queue
[2023-06-17T02:35:41.071+0000] {logging_mixin.py:149} INFO - [2023-06-17T02:35:41.071+0000] {dagbag.py:541} INFO - Filling up the DagBag from /home/airflow/.local/lib/python3.7/site-packages/airflow/example_dags/example_branch_operator_decorator.py
[2023-06-17T02:35:41.083+0000] {processor.py:836} INFO - DAG(s) dict_keys(['example_branch_python_operator_decorator']) retrieved from /home/airflow/.local/lib/python3.7/site-packages/airflow/example_dags/example_branch_operator_decorator.py
[2023-06-17T02:35:41.122+0000] {logging_mixin.py:149} INFO - [2023-06-17T02:35:41.122+0000] {dag.py:2726} INFO - Sync 1 DAGs
[2023-06-17T02:35:41.159+0000] {logging_mixin.py:149} INFO - [2023-06-17T02:35:41.159+0000] {dag.py:3490} INFO - Setting next_dagrun for example_branch_python_operator_decorator to 2023-06-16T00:00:00+00:00, run_after=2023-06-17T00:00:00+00:00
[2023-06-17T02:35:41.189+0000] {processor.py:179} INFO - Processing /home/airflow/.local/lib/python3.7/site-packages/airflow/example_dags/example_branch_operator_decorator.py took 0.131 seconds
[2023-06-17T02:36:11.385+0000] {processor.py:157} INFO - Started process (PID=1866) to work on /home/airflow/.local/lib/python3.7/site-packages/airflow/example_dags/example_branch_operator_decorator.py
[2023-06-17T02:36:11.532+0000] {processor.py:826} INFO - Processing file /home/airflow/.local/lib/python3.7/site-packages/airflow/example_dags/example_branch_operator_decorator.py for tasks to queue
[2023-06-17T02:36:11.532+0000] {logging_mixin.py:149} INFO - [2023-06-17T02:36:11.532+0000] {dagbag.py:541} INFO - Filling up the DagBag from /home/airflow/.local/lib/python3.7/site-packages/airflow/example_dags/example_branch_operator_decorator.py
[2023-06-17T02:36:11.544+0000] {processor.py:836} INFO - DAG(s) dict_keys(['example_branch_python_operator_decorator']) retrieved from /home/airflow/.local/lib/python3.7/site-packages/airflow/example_dags/example_branch_operator_decorator.py
[2023-06-17T02:36:11.573+0000] {logging_mixin.py:149} INFO - [2023-06-17T02:36:11.573+0000] {dag.py:2726} INFO - Sync 1 DAGs
[2023-06-17T02:36:11.613+0000] {logging_mixin.py:149} INFO - [2023-06-17T02:36:11.613+0000] {dag.py:3490} INFO - Setting next_dagrun for example_branch_python_operator_decorator to 2023-06-16T00:00:00+00:00, run_after=2023-06-17T00:00:00+00:00
[2023-06-17T02:36:11.667+0000] {processor.py:179} INFO - Processing /home/airflow/.local/lib/python3.7/site-packages/airflow/example_dags/example_branch_operator_decorator.py took 0.284 seconds
[2023-06-17T02:36:42.019+0000] {processor.py:157} INFO - Started process (PID=1927) to work on /home/airflow/.local/lib/python3.7/site-packages/airflow/example_dags/example_branch_operator_decorator.py
[2023-06-17T02:36:42.047+0000] {processor.py:826} INFO - Processing file /home/airflow/.local/lib/python3.7/site-packages/airflow/example_dags/example_branch_operator_decorator.py for tasks to queue
[2023-06-17T02:36:42.049+0000] {logging_mixin.py:149} INFO - [2023-06-17T02:36:42.049+0000] {dagbag.py:541} INFO - Filling up the DagBag from /home/airflow/.local/lib/python3.7/site-packages/airflow/example_dags/example_branch_operator_decorator.py
[2023-06-17T02:36:42.076+0000] {processor.py:836} INFO - DAG(s) dict_keys(['example_branch_python_operator_decorator']) retrieved from /home/airflow/.local/lib/python3.7/site-packages/airflow/example_dags/example_branch_operator_decorator.py
[2023-06-17T02:36:42.106+0000] {logging_mixin.py:149} INFO - [2023-06-17T02:36:42.106+0000] {dag.py:2726} INFO - Sync 1 DAGs
[2023-06-17T02:36:42.134+0000] {logging_mixin.py:149} INFO - [2023-06-17T02:36:42.134+0000] {dag.py:3490} INFO - Setting next_dagrun for example_branch_python_operator_decorator to 2023-06-16T00:00:00+00:00, run_after=2023-06-17T00:00:00+00:00
[2023-06-17T02:36:42.202+0000] {processor.py:179} INFO - Processing /home/airflow/.local/lib/python3.7/site-packages/airflow/example_dags/example_branch_operator_decorator.py took 0.192 seconds
[2023-06-17T02:37:12.504+0000] {processor.py:157} INFO - Started process (PID=1988) to work on /home/airflow/.local/lib/python3.7/site-packages/airflow/example_dags/example_branch_operator_decorator.py
[2023-06-17T02:37:12.515+0000] {processor.py:826} INFO - Processing file /home/airflow/.local/lib/python3.7/site-packages/airflow/example_dags/example_branch_operator_decorator.py for tasks to queue
[2023-06-17T02:37:12.516+0000] {logging_mixin.py:149} INFO - [2023-06-17T02:37:12.516+0000] {dagbag.py:541} INFO - Filling up the DagBag from /home/airflow/.local/lib/python3.7/site-packages/airflow/example_dags/example_branch_operator_decorator.py
[2023-06-17T02:37:12.529+0000] {processor.py:836} INFO - DAG(s) dict_keys(['example_branch_python_operator_decorator']) retrieved from /home/airflow/.local/lib/python3.7/site-packages/airflow/example_dags/example_branch_operator_decorator.py
[2023-06-17T02:37:12.562+0000] {logging_mixin.py:149} INFO - [2023-06-17T02:37:12.561+0000] {dag.py:2726} INFO - Sync 1 DAGs
[2023-06-17T02:37:12.601+0000] {logging_mixin.py:149} INFO - [2023-06-17T02:37:12.600+0000] {dag.py:3490} INFO - Setting next_dagrun for example_branch_python_operator_decorator to 2023-06-16T00:00:00+00:00, run_after=2023-06-17T00:00:00+00:00
[2023-06-17T02:37:12.629+0000] {processor.py:179} INFO - Processing /home/airflow/.local/lib/python3.7/site-packages/airflow/example_dags/example_branch_operator_decorator.py took 0.130 seconds
[2023-06-17T02:37:43.715+0000] {processor.py:157} INFO - Started process (PID=2049) to work on /home/airflow/.local/lib/python3.7/site-packages/airflow/example_dags/example_branch_operator_decorator.py
[2023-06-17T02:37:43.830+0000] {processor.py:826} INFO - Processing file /home/airflow/.local/lib/python3.7/site-packages/airflow/example_dags/example_branch_operator_decorator.py for tasks to queue
[2023-06-17T02:37:43.832+0000] {logging_mixin.py:149} INFO - [2023-06-17T02:37:43.832+0000] {dagbag.py:541} INFO - Filling up the DagBag from /home/airflow/.local/lib/python3.7/site-packages/airflow/example_dags/example_branch_operator_decorator.py
[2023-06-17T02:37:43.866+0000] {processor.py:836} INFO - DAG(s) dict_keys(['example_branch_python_operator_decorator']) retrieved from /home/airflow/.local/lib/python3.7/site-packages/airflow/example_dags/example_branch_operator_decorator.py
[2023-06-17T02:37:43.897+0000] {logging_mixin.py:149} INFO - [2023-06-17T02:37:43.897+0000] {dag.py:2726} INFO - Sync 1 DAGs
[2023-06-17T02:37:43.924+0000] {logging_mixin.py:149} INFO - [2023-06-17T02:37:43.924+0000] {dag.py:3490} INFO - Setting next_dagrun for example_branch_python_operator_decorator to 2023-06-16T00:00:00+00:00, run_after=2023-06-17T00:00:00+00:00
[2023-06-17T02:37:44.204+0000] {processor.py:179} INFO - Processing /home/airflow/.local/lib/python3.7/site-packages/airflow/example_dags/example_branch_operator_decorator.py took 0.492 seconds
[2023-06-17T03:24:48.575+0000] {processor.py:157} INFO - Started process (PID=2121) to work on /home/airflow/.local/lib/python3.7/site-packages/airflow/example_dags/example_branch_operator_decorator.py
[2023-06-17T03:24:48.815+0000] {processor.py:826} INFO - Processing file /home/airflow/.local/lib/python3.7/site-packages/airflow/example_dags/example_branch_operator_decorator.py for tasks to queue
[2023-06-17T03:24:48.817+0000] {logging_mixin.py:149} INFO - [2023-06-17T03:24:48.816+0000] {dagbag.py:541} INFO - Filling up the DagBag from /home/airflow/.local/lib/python3.7/site-packages/airflow/example_dags/example_branch_operator_decorator.py
[2023-06-17T03:24:48.849+0000] {processor.py:836} INFO - DAG(s) dict_keys(['example_branch_python_operator_decorator']) retrieved from /home/airflow/.local/lib/python3.7/site-packages/airflow/example_dags/example_branch_operator_decorator.py
[2023-06-17T03:24:48.879+0000] {logging_mixin.py:149} INFO - [2023-06-17T03:24:48.879+0000] {dag.py:2726} INFO - Sync 1 DAGs
[2023-06-17T03:24:48.906+0000] {logging_mixin.py:149} INFO - [2023-06-17T03:24:48.906+0000] {dag.py:3490} INFO - Setting next_dagrun for example_branch_python_operator_decorator to 2023-06-16T00:00:00+00:00, run_after=2023-06-17T00:00:00+00:00
[2023-06-17T03:24:49.301+0000] {processor.py:179} INFO - Processing /home/airflow/.local/lib/python3.7/site-packages/airflow/example_dags/example_branch_operator_decorator.py took 0.728 seconds
[2023-06-17T03:25:19.634+0000] {processor.py:157} INFO - Started process (PID=2182) to work on /home/airflow/.local/lib/python3.7/site-packages/airflow/example_dags/example_branch_operator_decorator.py
[2023-06-17T03:25:19.651+0000] {processor.py:826} INFO - Processing file /home/airflow/.local/lib/python3.7/site-packages/airflow/example_dags/example_branch_operator_decorator.py for tasks to queue
[2023-06-17T03:25:19.652+0000] {logging_mixin.py:149} INFO - [2023-06-17T03:25:19.652+0000] {dagbag.py:541} INFO - Filling up the DagBag from /home/airflow/.local/lib/python3.7/site-packages/airflow/example_dags/example_branch_operator_decorator.py
[2023-06-17T03:25:19.676+0000] {processor.py:836} INFO - DAG(s) dict_keys(['example_branch_python_operator_decorator']) retrieved from /home/airflow/.local/lib/python3.7/site-packages/airflow/example_dags/example_branch_operator_decorator.py
[2023-06-17T03:25:19.741+0000] {logging_mixin.py:149} INFO - [2023-06-17T03:25:19.741+0000] {dag.py:2726} INFO - Sync 1 DAGs
[2023-06-17T03:25:19.813+0000] {logging_mixin.py:149} INFO - [2023-06-17T03:25:19.812+0000] {dag.py:3490} INFO - Setting next_dagrun for example_branch_python_operator_decorator to 2023-06-16T00:00:00+00:00, run_after=2023-06-17T00:00:00+00:00
[2023-06-17T03:25:19.874+0000] {processor.py:179} INFO - Processing /home/airflow/.local/lib/python3.7/site-packages/airflow/example_dags/example_branch_operator_decorator.py took 0.246 seconds
[2023-06-17T03:35:52.992+0000] {processor.py:157} INFO - Started process (PID=65) to work on /home/airflow/.local/lib/python3.7/site-packages/airflow/example_dags/example_branch_operator_decorator.py
[2023-06-17T03:35:53.178+0000] {processor.py:826} INFO - Processing file /home/airflow/.local/lib/python3.7/site-packages/airflow/example_dags/example_branch_operator_decorator.py for tasks to queue
[2023-06-17T03:35:53.179+0000] {logging_mixin.py:149} INFO - [2023-06-17T03:35:53.178+0000] {dagbag.py:541} INFO - Filling up the DagBag from /home/airflow/.local/lib/python3.7/site-packages/airflow/example_dags/example_branch_operator_decorator.py
[2023-06-17T03:35:53.189+0000] {processor.py:836} INFO - DAG(s) dict_keys(['example_branch_python_operator_decorator']) retrieved from /home/airflow/.local/lib/python3.7/site-packages/airflow/example_dags/example_branch_operator_decorator.py
[2023-06-17T03:35:53.227+0000] {logging_mixin.py:149} INFO - [2023-06-17T03:35:53.227+0000] {dag.py:2726} INFO - Sync 1 DAGs
[2023-06-17T03:35:53.264+0000] {logging_mixin.py:149} INFO - [2023-06-17T03:35:53.264+0000] {dag.py:3490} INFO - Setting next_dagrun for example_branch_python_operator_decorator to 2023-06-16T00:00:00+00:00, run_after=2023-06-17T00:00:00+00:00
[2023-06-17T03:35:53.432+0000] {processor.py:179} INFO - Processing /home/airflow/.local/lib/python3.7/site-packages/airflow/example_dags/example_branch_operator_decorator.py took 0.442 seconds
[2023-06-17T03:36:26.680+0000] {processor.py:157} INFO - Started process (PID=124) to work on /home/airflow/.local/lib/python3.7/site-packages/airflow/example_dags/example_branch_operator_decorator.py
[2023-06-17T03:36:26.889+0000] {processor.py:826} INFO - Processing file /home/airflow/.local/lib/python3.7/site-packages/airflow/example_dags/example_branch_operator_decorator.py for tasks to queue
[2023-06-17T03:36:26.892+0000] {logging_mixin.py:149} INFO - [2023-06-17T03:36:26.891+0000] {dagbag.py:541} INFO - Filling up the DagBag from /home/airflow/.local/lib/python3.7/site-packages/airflow/example_dags/example_branch_operator_decorator.py
[2023-06-17T03:36:26.925+0000] {processor.py:836} INFO - DAG(s) dict_keys(['example_branch_python_operator_decorator']) retrieved from /home/airflow/.local/lib/python3.7/site-packages/airflow/example_dags/example_branch_operator_decorator.py
[2023-06-17T03:36:26.956+0000] {logging_mixin.py:149} INFO - [2023-06-17T03:36:26.956+0000] {dag.py:2726} INFO - Sync 1 DAGs
[2023-06-17T03:36:26.982+0000] {logging_mixin.py:149} INFO - [2023-06-17T03:36:26.982+0000] {dag.py:3490} INFO - Setting next_dagrun for example_branch_python_operator_decorator to 2023-06-16T00:00:00+00:00, run_after=2023-06-17T00:00:00+00:00
[2023-06-17T03:36:27.348+0000] {processor.py:179} INFO - Processing /home/airflow/.local/lib/python3.7/site-packages/airflow/example_dags/example_branch_operator_decorator.py took 0.670 seconds
[2023-06-17T03:36:57.719+0000] {processor.py:157} INFO - Started process (PID=178) to work on /home/airflow/.local/lib/python3.7/site-packages/airflow/example_dags/example_branch_operator_decorator.py
[2023-06-17T03:36:57.737+0000] {processor.py:826} INFO - Processing file /home/airflow/.local/lib/python3.7/site-packages/airflow/example_dags/example_branch_operator_decorator.py for tasks to queue
[2023-06-17T03:36:57.738+0000] {logging_mixin.py:149} INFO - [2023-06-17T03:36:57.738+0000] {dagbag.py:541} INFO - Filling up the DagBag from /home/airflow/.local/lib/python3.7/site-packages/airflow/example_dags/example_branch_operator_decorator.py
[2023-06-17T03:36:57.749+0000] {processor.py:836} INFO - DAG(s) dict_keys(['example_branch_python_operator_decorator']) retrieved from /home/airflow/.local/lib/python3.7/site-packages/airflow/example_dags/example_branch_operator_decorator.py
[2023-06-17T03:36:57.778+0000] {logging_mixin.py:149} INFO - [2023-06-17T03:36:57.778+0000] {dag.py:2726} INFO - Sync 1 DAGs
[2023-06-17T03:36:57.811+0000] {logging_mixin.py:149} INFO - [2023-06-17T03:36:57.811+0000] {dag.py:3490} INFO - Setting next_dagrun for example_branch_python_operator_decorator to 2023-06-16T00:00:00+00:00, run_after=2023-06-17T00:00:00+00:00
[2023-06-17T03:36:57.956+0000] {processor.py:179} INFO - Processing /home/airflow/.local/lib/python3.7/site-packages/airflow/example_dags/example_branch_operator_decorator.py took 0.239 seconds
[2023-06-17T03:37:28.319+0000] {processor.py:157} INFO - Started process (PID=232) to work on /home/airflow/.local/lib/python3.7/site-packages/airflow/example_dags/example_branch_operator_decorator.py
[2023-06-17T03:37:28.330+0000] {processor.py:826} INFO - Processing file /home/airflow/.local/lib/python3.7/site-packages/airflow/example_dags/example_branch_operator_decorator.py for tasks to queue
[2023-06-17T03:37:28.331+0000] {logging_mixin.py:149} INFO - [2023-06-17T03:37:28.331+0000] {dagbag.py:541} INFO - Filling up the DagBag from /home/airflow/.local/lib/python3.7/site-packages/airflow/example_dags/example_branch_operator_decorator.py
[2023-06-17T03:37:28.341+0000] {processor.py:836} INFO - DAG(s) dict_keys(['example_branch_python_operator_decorator']) retrieved from /home/airflow/.local/lib/python3.7/site-packages/airflow/example_dags/example_branch_operator_decorator.py
[2023-06-17T03:37:28.475+0000] {logging_mixin.py:149} INFO - [2023-06-17T03:37:28.475+0000] {dag.py:2726} INFO - Sync 1 DAGs
[2023-06-17T03:37:28.510+0000] {logging_mixin.py:149} INFO - [2023-06-17T03:37:28.510+0000] {dag.py:3490} INFO - Setting next_dagrun for example_branch_python_operator_decorator to 2023-06-16T00:00:00+00:00, run_after=2023-06-17T00:00:00+00:00
[2023-06-17T03:37:28.655+0000] {processor.py:179} INFO - Processing /home/airflow/.local/lib/python3.7/site-packages/airflow/example_dags/example_branch_operator_decorator.py took 0.340 seconds
[2023-06-17T03:37:59.137+0000] {processor.py:157} INFO - Started process (PID=293) to work on /home/airflow/.local/lib/python3.7/site-packages/airflow/example_dags/example_branch_operator_decorator.py
[2023-06-17T03:37:59.250+0000] {processor.py:826} INFO - Processing file /home/airflow/.local/lib/python3.7/site-packages/airflow/example_dags/example_branch_operator_decorator.py for tasks to queue
[2023-06-17T03:37:59.251+0000] {logging_mixin.py:149} INFO - [2023-06-17T03:37:59.251+0000] {dagbag.py:541} INFO - Filling up the DagBag from /home/airflow/.local/lib/python3.7/site-packages/airflow/example_dags/example_branch_operator_decorator.py
[2023-06-17T03:37:59.264+0000] {processor.py:836} INFO - DAG(s) dict_keys(['example_branch_python_operator_decorator']) retrieved from /home/airflow/.local/lib/python3.7/site-packages/airflow/example_dags/example_branch_operator_decorator.py
[2023-06-17T03:37:59.299+0000] {logging_mixin.py:149} INFO - [2023-06-17T03:37:59.299+0000] {dag.py:2726} INFO - Sync 1 DAGs
[2023-06-17T03:37:59.337+0000] {logging_mixin.py:149} INFO - [2023-06-17T03:37:59.337+0000] {dag.py:3490} INFO - Setting next_dagrun for example_branch_python_operator_decorator to 2023-06-16T00:00:00+00:00, run_after=2023-06-17T00:00:00+00:00
[2023-06-17T03:37:59.367+0000] {processor.py:179} INFO - Processing /home/airflow/.local/lib/python3.7/site-packages/airflow/example_dags/example_branch_operator_decorator.py took 0.234 seconds
[2023-06-17T03:38:29.862+0000] {processor.py:157} INFO - Started process (PID=354) to work on /home/airflow/.local/lib/python3.7/site-packages/airflow/example_dags/example_branch_operator_decorator.py
[2023-06-17T03:38:29.920+0000] {processor.py:826} INFO - Processing file /home/airflow/.local/lib/python3.7/site-packages/airflow/example_dags/example_branch_operator_decorator.py for tasks to queue
[2023-06-17T03:38:29.921+0000] {logging_mixin.py:149} INFO - [2023-06-17T03:38:29.921+0000] {dagbag.py:541} INFO - Filling up the DagBag from /home/airflow/.local/lib/python3.7/site-packages/airflow/example_dags/example_branch_operator_decorator.py
[2023-06-17T03:38:29.933+0000] {processor.py:836} INFO - DAG(s) dict_keys(['example_branch_python_operator_decorator']) retrieved from /home/airflow/.local/lib/python3.7/site-packages/airflow/example_dags/example_branch_operator_decorator.py
[2023-06-17T03:38:29.964+0000] {logging_mixin.py:149} INFO - [2023-06-17T03:38:29.964+0000] {dag.py:2726} INFO - Sync 1 DAGs
[2023-06-17T03:38:30.001+0000] {logging_mixin.py:149} INFO - [2023-06-17T03:38:30.001+0000] {dag.py:3490} INFO - Setting next_dagrun for example_branch_python_operator_decorator to 2023-06-16T00:00:00+00:00, run_after=2023-06-17T00:00:00+00:00
[2023-06-17T03:38:30.030+0000] {processor.py:179} INFO - Processing /home/airflow/.local/lib/python3.7/site-packages/airflow/example_dags/example_branch_operator_decorator.py took 0.171 seconds
[2023-06-17T03:39:00.147+0000] {processor.py:157} INFO - Started process (PID=415) to work on /home/airflow/.local/lib/python3.7/site-packages/airflow/example_dags/example_branch_operator_decorator.py
[2023-06-17T03:39:00.187+0000] {processor.py:826} INFO - Processing file /home/airflow/.local/lib/python3.7/site-packages/airflow/example_dags/example_branch_operator_decorator.py for tasks to queue
[2023-06-17T03:39:00.188+0000] {logging_mixin.py:149} INFO - [2023-06-17T03:39:00.187+0000] {dagbag.py:541} INFO - Filling up the DagBag from /home/airflow/.local/lib/python3.7/site-packages/airflow/example_dags/example_branch_operator_decorator.py
[2023-06-17T03:39:00.200+0000] {processor.py:836} INFO - DAG(s) dict_keys(['example_branch_python_operator_decorator']) retrieved from /home/airflow/.local/lib/python3.7/site-packages/airflow/example_dags/example_branch_operator_decorator.py
[2023-06-17T03:39:00.232+0000] {logging_mixin.py:149} INFO - [2023-06-17T03:39:00.232+0000] {dag.py:2726} INFO - Sync 1 DAGs
[2023-06-17T03:39:00.281+0000] {logging_mixin.py:149} INFO - [2023-06-17T03:39:00.281+0000] {dag.py:3490} INFO - Setting next_dagrun for example_branch_python_operator_decorator to 2023-06-16T00:00:00+00:00, run_after=2023-06-17T00:00:00+00:00
[2023-06-17T03:39:00.324+0000] {processor.py:179} INFO - Processing /home/airflow/.local/lib/python3.7/site-packages/airflow/example_dags/example_branch_operator_decorator.py took 0.179 seconds
[2023-06-17T03:39:30.886+0000] {processor.py:157} INFO - Started process (PID=476) to work on /home/airflow/.local/lib/python3.7/site-packages/airflow/example_dags/example_branch_operator_decorator.py
[2023-06-17T03:39:30.932+0000] {processor.py:826} INFO - Processing file /home/airflow/.local/lib/python3.7/site-packages/airflow/example_dags/example_branch_operator_decorator.py for tasks to queue
[2023-06-17T03:39:30.932+0000] {logging_mixin.py:149} INFO - [2023-06-17T03:39:30.932+0000] {dagbag.py:541} INFO - Filling up the DagBag from /home/airflow/.local/lib/python3.7/site-packages/airflow/example_dags/example_branch_operator_decorator.py
[2023-06-17T03:39:30.942+0000] {processor.py:836} INFO - DAG(s) dict_keys(['example_branch_python_operator_decorator']) retrieved from /home/airflow/.local/lib/python3.7/site-packages/airflow/example_dags/example_branch_operator_decorator.py
[2023-06-17T03:39:30.966+0000] {logging_mixin.py:149} INFO - [2023-06-17T03:39:30.966+0000] {dag.py:2726} INFO - Sync 1 DAGs
[2023-06-17T03:39:30.995+0000] {logging_mixin.py:149} INFO - [2023-06-17T03:39:30.995+0000] {dag.py:3490} INFO - Setting next_dagrun for example_branch_python_operator_decorator to 2023-06-16T00:00:00+00:00, run_after=2023-06-17T00:00:00+00:00
[2023-06-17T03:39:31.179+0000] {processor.py:179} INFO - Processing /home/airflow/.local/lib/python3.7/site-packages/airflow/example_dags/example_branch_operator_decorator.py took 0.295 seconds
[2023-06-17T03:40:01.203+0000] {processor.py:157} INFO - Started process (PID=537) to work on /home/airflow/.local/lib/python3.7/site-packages/airflow/example_dags/example_branch_operator_decorator.py
[2023-06-17T03:40:01.226+0000] {processor.py:826} INFO - Processing file /home/airflow/.local/lib/python3.7/site-packages/airflow/example_dags/example_branch_operator_decorator.py for tasks to queue
[2023-06-17T03:40:01.226+0000] {logging_mixin.py:149} INFO - [2023-06-17T03:40:01.226+0000] {dagbag.py:541} INFO - Filling up the DagBag from /home/airflow/.local/lib/python3.7/site-packages/airflow/example_dags/example_branch_operator_decorator.py
[2023-06-17T03:40:01.235+0000] {processor.py:836} INFO - DAG(s) dict_keys(['example_branch_python_operator_decorator']) retrieved from /home/airflow/.local/lib/python3.7/site-packages/airflow/example_dags/example_branch_operator_decorator.py
[2023-06-17T03:40:01.266+0000] {logging_mixin.py:149} INFO - [2023-06-17T03:40:01.266+0000] {dag.py:2726} INFO - Sync 1 DAGs
[2023-06-17T03:40:01.294+0000] {logging_mixin.py:149} INFO - [2023-06-17T03:40:01.294+0000] {dag.py:3490} INFO - Setting next_dagrun for example_branch_python_operator_decorator to 2023-06-16T00:00:00+00:00, run_after=2023-06-17T00:00:00+00:00
[2023-06-17T03:40:01.321+0000] {processor.py:179} INFO - Processing /home/airflow/.local/lib/python3.7/site-packages/airflow/example_dags/example_branch_operator_decorator.py took 0.121 seconds
[2023-06-17T03:40:31.637+0000] {processor.py:157} INFO - Started process (PID=598) to work on /home/airflow/.local/lib/python3.7/site-packages/airflow/example_dags/example_branch_operator_decorator.py
[2023-06-17T03:40:31.699+0000] {processor.py:826} INFO - Processing file /home/airflow/.local/lib/python3.7/site-packages/airflow/example_dags/example_branch_operator_decorator.py for tasks to queue
[2023-06-17T03:40:31.700+0000] {logging_mixin.py:149} INFO - [2023-06-17T03:40:31.700+0000] {dagbag.py:541} INFO - Filling up the DagBag from /home/airflow/.local/lib/python3.7/site-packages/airflow/example_dags/example_branch_operator_decorator.py
[2023-06-17T03:40:31.713+0000] {processor.py:836} INFO - DAG(s) dict_keys(['example_branch_python_operator_decorator']) retrieved from /home/airflow/.local/lib/python3.7/site-packages/airflow/example_dags/example_branch_operator_decorator.py
[2023-06-17T03:40:31.742+0000] {logging_mixin.py:149} INFO - [2023-06-17T03:40:31.741+0000] {dag.py:2726} INFO - Sync 1 DAGs
[2023-06-17T03:40:31.771+0000] {logging_mixin.py:149} INFO - [2023-06-17T03:40:31.770+0000] {dag.py:3490} INFO - Setting next_dagrun for example_branch_python_operator_decorator to 2023-06-16T00:00:00+00:00, run_after=2023-06-17T00:00:00+00:00
[2023-06-17T03:40:31.916+0000] {processor.py:179} INFO - Processing /home/airflow/.local/lib/python3.7/site-packages/airflow/example_dags/example_branch_operator_decorator.py took 0.281 seconds
[2023-06-17T03:41:02.514+0000] {processor.py:157} INFO - Started process (PID=660) to work on /home/airflow/.local/lib/python3.7/site-packages/airflow/example_dags/example_branch_operator_decorator.py
[2023-06-17T03:41:02.541+0000] {processor.py:826} INFO - Processing file /home/airflow/.local/lib/python3.7/site-packages/airflow/example_dags/example_branch_operator_decorator.py for tasks to queue
[2023-06-17T03:41:02.542+0000] {logging_mixin.py:149} INFO - [2023-06-17T03:41:02.542+0000] {dagbag.py:541} INFO - Filling up the DagBag from /home/airflow/.local/lib/python3.7/site-packages/airflow/example_dags/example_branch_operator_decorator.py
[2023-06-17T03:41:02.554+0000] {processor.py:836} INFO - DAG(s) dict_keys(['example_branch_python_operator_decorator']) retrieved from /home/airflow/.local/lib/python3.7/site-packages/airflow/example_dags/example_branch_operator_decorator.py
[2023-06-17T03:41:02.579+0000] {logging_mixin.py:149} INFO - [2023-06-17T03:41:02.579+0000] {dag.py:2726} INFO - Sync 1 DAGs
[2023-06-17T03:41:02.607+0000] {logging_mixin.py:149} INFO - [2023-06-17T03:41:02.607+0000] {dag.py:3490} INFO - Setting next_dagrun for example_branch_python_operator_decorator to 2023-06-16T00:00:00+00:00, run_after=2023-06-17T00:00:00+00:00
[2023-06-17T03:41:02.641+0000] {processor.py:179} INFO - Processing /home/airflow/.local/lib/python3.7/site-packages/airflow/example_dags/example_branch_operator_decorator.py took 0.129 seconds
[2023-06-17T03:41:32.817+0000] {processor.py:157} INFO - Started process (PID=721) to work on /home/airflow/.local/lib/python3.7/site-packages/airflow/example_dags/example_branch_operator_decorator.py
[2023-06-17T03:41:32.822+0000] {processor.py:826} INFO - Processing file /home/airflow/.local/lib/python3.7/site-packages/airflow/example_dags/example_branch_operator_decorator.py for tasks to queue
[2023-06-17T03:41:32.822+0000] {logging_mixin.py:149} INFO - [2023-06-17T03:41:32.822+0000] {dagbag.py:541} INFO - Filling up the DagBag from /home/airflow/.local/lib/python3.7/site-packages/airflow/example_dags/example_branch_operator_decorator.py
[2023-06-17T03:41:32.832+0000] {processor.py:836} INFO - DAG(s) dict_keys(['example_branch_python_operator_decorator']) retrieved from /home/airflow/.local/lib/python3.7/site-packages/airflow/example_dags/example_branch_operator_decorator.py
[2023-06-17T03:41:32.856+0000] {logging_mixin.py:149} INFO - [2023-06-17T03:41:32.856+0000] {dag.py:2726} INFO - Sync 1 DAGs
[2023-06-17T03:41:32.885+0000] {logging_mixin.py:149} INFO - [2023-06-17T03:41:32.885+0000] {dag.py:3490} INFO - Setting next_dagrun for example_branch_python_operator_decorator to 2023-06-16T00:00:00+00:00, run_after=2023-06-17T00:00:00+00:00
[2023-06-17T03:41:32.917+0000] {processor.py:179} INFO - Processing /home/airflow/.local/lib/python3.7/site-packages/airflow/example_dags/example_branch_operator_decorator.py took 0.102 seconds
[2023-06-17T03:42:03.964+0000] {processor.py:157} INFO - Started process (PID=782) to work on /home/airflow/.local/lib/python3.7/site-packages/airflow/example_dags/example_branch_operator_decorator.py
[2023-06-17T03:42:04.042+0000] {processor.py:826} INFO - Processing file /home/airflow/.local/lib/python3.7/site-packages/airflow/example_dags/example_branch_operator_decorator.py for tasks to queue
[2023-06-17T03:42:04.043+0000] {logging_mixin.py:149} INFO - [2023-06-17T03:42:04.043+0000] {dagbag.py:541} INFO - Filling up the DagBag from /home/airflow/.local/lib/python3.7/site-packages/airflow/example_dags/example_branch_operator_decorator.py
[2023-06-17T03:42:04.056+0000] {processor.py:836} INFO - DAG(s) dict_keys(['example_branch_python_operator_decorator']) retrieved from /home/airflow/.local/lib/python3.7/site-packages/airflow/example_dags/example_branch_operator_decorator.py
[2023-06-17T03:42:04.085+0000] {logging_mixin.py:149} INFO - [2023-06-17T03:42:04.084+0000] {dag.py:2726} INFO - Sync 1 DAGs
[2023-06-17T03:42:04.128+0000] {logging_mixin.py:149} INFO - [2023-06-17T03:42:04.128+0000] {dag.py:3490} INFO - Setting next_dagrun for example_branch_python_operator_decorator to 2023-06-16T00:00:00+00:00, run_after=2023-06-17T00:00:00+00:00
[2023-06-17T03:42:04.171+0000] {processor.py:179} INFO - Processing /home/airflow/.local/lib/python3.7/site-packages/airflow/example_dags/example_branch_operator_decorator.py took 0.209 seconds
[2023-06-17T03:42:34.809+0000] {processor.py:157} INFO - Started process (PID=843) to work on /home/airflow/.local/lib/python3.7/site-packages/airflow/example_dags/example_branch_operator_decorator.py
[2023-06-17T03:42:34.823+0000] {processor.py:826} INFO - Processing file /home/airflow/.local/lib/python3.7/site-packages/airflow/example_dags/example_branch_operator_decorator.py for tasks to queue
[2023-06-17T03:42:34.823+0000] {logging_mixin.py:149} INFO - [2023-06-17T03:42:34.823+0000] {dagbag.py:541} INFO - Filling up the DagBag from /home/airflow/.local/lib/python3.7/site-packages/airflow/example_dags/example_branch_operator_decorator.py
[2023-06-17T03:42:34.832+0000] {processor.py:836} INFO - DAG(s) dict_keys(['example_branch_python_operator_decorator']) retrieved from /home/airflow/.local/lib/python3.7/site-packages/airflow/example_dags/example_branch_operator_decorator.py
[2023-06-17T03:42:34.858+0000] {logging_mixin.py:149} INFO - [2023-06-17T03:42:34.858+0000] {dag.py:2726} INFO - Sync 1 DAGs
[2023-06-17T03:42:34.889+0000] {logging_mixin.py:149} INFO - [2023-06-17T03:42:34.888+0000] {dag.py:3490} INFO - Setting next_dagrun for example_branch_python_operator_decorator to 2023-06-16T00:00:00+00:00, run_after=2023-06-17T00:00:00+00:00
[2023-06-17T03:42:34.915+0000] {processor.py:179} INFO - Processing /home/airflow/.local/lib/python3.7/site-packages/airflow/example_dags/example_branch_operator_decorator.py took 0.108 seconds
[2023-06-17T03:43:05.355+0000] {processor.py:157} INFO - Started process (PID=904) to work on /home/airflow/.local/lib/python3.7/site-packages/airflow/example_dags/example_branch_operator_decorator.py
[2023-06-17T03:43:05.359+0000] {processor.py:826} INFO - Processing file /home/airflow/.local/lib/python3.7/site-packages/airflow/example_dags/example_branch_operator_decorator.py for tasks to queue
[2023-06-17T03:43:05.360+0000] {logging_mixin.py:149} INFO - [2023-06-17T03:43:05.360+0000] {dagbag.py:541} INFO - Filling up the DagBag from /home/airflow/.local/lib/python3.7/site-packages/airflow/example_dags/example_branch_operator_decorator.py
[2023-06-17T03:43:05.370+0000] {processor.py:836} INFO - DAG(s) dict_keys(['example_branch_python_operator_decorator']) retrieved from /home/airflow/.local/lib/python3.7/site-packages/airflow/example_dags/example_branch_operator_decorator.py
[2023-06-17T03:43:05.394+0000] {logging_mixin.py:149} INFO - [2023-06-17T03:43:05.394+0000] {dag.py:2726} INFO - Sync 1 DAGs
[2023-06-17T03:43:05.424+0000] {logging_mixin.py:149} INFO - [2023-06-17T03:43:05.423+0000] {dag.py:3490} INFO - Setting next_dagrun for example_branch_python_operator_decorator to 2023-06-16T00:00:00+00:00, run_after=2023-06-17T00:00:00+00:00
[2023-06-17T03:43:05.451+0000] {processor.py:179} INFO - Processing /home/airflow/.local/lib/python3.7/site-packages/airflow/example_dags/example_branch_operator_decorator.py took 0.098 seconds
[2023-06-17T03:43:36.120+0000] {processor.py:157} INFO - Started process (PID=965) to work on /home/airflow/.local/lib/python3.7/site-packages/airflow/example_dags/example_branch_operator_decorator.py
[2023-06-17T03:43:36.127+0000] {processor.py:826} INFO - Processing file /home/airflow/.local/lib/python3.7/site-packages/airflow/example_dags/example_branch_operator_decorator.py for tasks to queue
[2023-06-17T03:43:36.128+0000] {logging_mixin.py:149} INFO - [2023-06-17T03:43:36.128+0000] {dagbag.py:541} INFO - Filling up the DagBag from /home/airflow/.local/lib/python3.7/site-packages/airflow/example_dags/example_branch_operator_decorator.py
[2023-06-17T03:43:36.141+0000] {processor.py:836} INFO - DAG(s) dict_keys(['example_branch_python_operator_decorator']) retrieved from /home/airflow/.local/lib/python3.7/site-packages/airflow/example_dags/example_branch_operator_decorator.py
[2023-06-17T03:43:36.172+0000] {logging_mixin.py:149} INFO - [2023-06-17T03:43:36.172+0000] {dag.py:2726} INFO - Sync 1 DAGs
[2023-06-17T03:43:36.208+0000] {logging_mixin.py:149} INFO - [2023-06-17T03:43:36.208+0000] {dag.py:3490} INFO - Setting next_dagrun for example_branch_python_operator_decorator to 2023-06-16T00:00:00+00:00, run_after=2023-06-17T00:00:00+00:00
[2023-06-17T03:43:36.243+0000] {processor.py:179} INFO - Processing /home/airflow/.local/lib/python3.7/site-packages/airflow/example_dags/example_branch_operator_decorator.py took 0.126 seconds
[2023-06-17T03:44:06.489+0000] {processor.py:157} INFO - Started process (PID=1026) to work on /home/airflow/.local/lib/python3.7/site-packages/airflow/example_dags/example_branch_operator_decorator.py
[2023-06-17T03:44:06.502+0000] {processor.py:826} INFO - Processing file /home/airflow/.local/lib/python3.7/site-packages/airflow/example_dags/example_branch_operator_decorator.py for tasks to queue
[2023-06-17T03:44:06.503+0000] {logging_mixin.py:149} INFO - [2023-06-17T03:44:06.503+0000] {dagbag.py:541} INFO - Filling up the DagBag from /home/airflow/.local/lib/python3.7/site-packages/airflow/example_dags/example_branch_operator_decorator.py
[2023-06-17T03:44:06.512+0000] {processor.py:836} INFO - DAG(s) dict_keys(['example_branch_python_operator_decorator']) retrieved from /home/airflow/.local/lib/python3.7/site-packages/airflow/example_dags/example_branch_operator_decorator.py
[2023-06-17T03:44:06.537+0000] {logging_mixin.py:149} INFO - [2023-06-17T03:44:06.537+0000] {dag.py:2726} INFO - Sync 1 DAGs
[2023-06-17T03:44:06.567+0000] {logging_mixin.py:149} INFO - [2023-06-17T03:44:06.567+0000] {dag.py:3490} INFO - Setting next_dagrun for example_branch_python_operator_decorator to 2023-06-16T00:00:00+00:00, run_after=2023-06-17T00:00:00+00:00
[2023-06-17T03:44:06.594+0000] {processor.py:179} INFO - Processing /home/airflow/.local/lib/python3.7/site-packages/airflow/example_dags/example_branch_operator_decorator.py took 0.107 seconds
[2023-06-17T03:44:37.063+0000] {processor.py:157} INFO - Started process (PID=1087) to work on /home/airflow/.local/lib/python3.7/site-packages/airflow/example_dags/example_branch_operator_decorator.py
[2023-06-17T03:44:37.074+0000] {processor.py:826} INFO - Processing file /home/airflow/.local/lib/python3.7/site-packages/airflow/example_dags/example_branch_operator_decorator.py for tasks to queue
[2023-06-17T03:44:37.075+0000] {logging_mixin.py:149} INFO - [2023-06-17T03:44:37.075+0000] {dagbag.py:541} INFO - Filling up the DagBag from /home/airflow/.local/lib/python3.7/site-packages/airflow/example_dags/example_branch_operator_decorator.py
[2023-06-17T03:44:37.084+0000] {processor.py:836} INFO - DAG(s) dict_keys(['example_branch_python_operator_decorator']) retrieved from /home/airflow/.local/lib/python3.7/site-packages/airflow/example_dags/example_branch_operator_decorator.py
[2023-06-17T03:44:37.114+0000] {logging_mixin.py:149} INFO - [2023-06-17T03:44:37.114+0000] {dag.py:2726} INFO - Sync 1 DAGs
[2023-06-17T03:44:37.144+0000] {logging_mixin.py:149} INFO - [2023-06-17T03:44:37.144+0000] {dag.py:3490} INFO - Setting next_dagrun for example_branch_python_operator_decorator to 2023-06-16T00:00:00+00:00, run_after=2023-06-17T00:00:00+00:00
[2023-06-17T03:44:37.181+0000] {processor.py:179} INFO - Processing /home/airflow/.local/lib/python3.7/site-packages/airflow/example_dags/example_branch_operator_decorator.py took 0.120 seconds
[2023-06-17T03:45:07.692+0000] {processor.py:157} INFO - Started process (PID=1148) to work on /home/airflow/.local/lib/python3.7/site-packages/airflow/example_dags/example_branch_operator_decorator.py
[2023-06-17T03:45:07.696+0000] {processor.py:826} INFO - Processing file /home/airflow/.local/lib/python3.7/site-packages/airflow/example_dags/example_branch_operator_decorator.py for tasks to queue
[2023-06-17T03:45:07.697+0000] {logging_mixin.py:149} INFO - [2023-06-17T03:45:07.697+0000] {dagbag.py:541} INFO - Filling up the DagBag from /home/airflow/.local/lib/python3.7/site-packages/airflow/example_dags/example_branch_operator_decorator.py
[2023-06-17T03:45:07.708+0000] {processor.py:836} INFO - DAG(s) dict_keys(['example_branch_python_operator_decorator']) retrieved from /home/airflow/.local/lib/python3.7/site-packages/airflow/example_dags/example_branch_operator_decorator.py
[2023-06-17T03:45:07.742+0000] {logging_mixin.py:149} INFO - [2023-06-17T03:45:07.741+0000] {dag.py:2726} INFO - Sync 1 DAGs
[2023-06-17T03:45:07.789+0000] {logging_mixin.py:149} INFO - [2023-06-17T03:45:07.789+0000] {dag.py:3490} INFO - Setting next_dagrun for example_branch_python_operator_decorator to 2023-06-16T00:00:00+00:00, run_after=2023-06-17T00:00:00+00:00
[2023-06-17T03:45:07.836+0000] {processor.py:179} INFO - Processing /home/airflow/.local/lib/python3.7/site-packages/airflow/example_dags/example_branch_operator_decorator.py took 0.147 seconds
[2023-06-17T03:45:38.446+0000] {processor.py:157} INFO - Started process (PID=1209) to work on /home/airflow/.local/lib/python3.7/site-packages/airflow/example_dags/example_branch_operator_decorator.py
[2023-06-17T03:45:38.450+0000] {processor.py:826} INFO - Processing file /home/airflow/.local/lib/python3.7/site-packages/airflow/example_dags/example_branch_operator_decorator.py for tasks to queue
[2023-06-17T03:45:38.451+0000] {logging_mixin.py:149} INFO - [2023-06-17T03:45:38.450+0000] {dagbag.py:541} INFO - Filling up the DagBag from /home/airflow/.local/lib/python3.7/site-packages/airflow/example_dags/example_branch_operator_decorator.py
[2023-06-17T03:45:38.460+0000] {processor.py:836} INFO - DAG(s) dict_keys(['example_branch_python_operator_decorator']) retrieved from /home/airflow/.local/lib/python3.7/site-packages/airflow/example_dags/example_branch_operator_decorator.py
[2023-06-17T03:45:38.484+0000] {logging_mixin.py:149} INFO - [2023-06-17T03:45:38.483+0000] {dag.py:2726} INFO - Sync 1 DAGs
[2023-06-17T03:45:38.512+0000] {logging_mixin.py:149} INFO - [2023-06-17T03:45:38.512+0000] {dag.py:3490} INFO - Setting next_dagrun for example_branch_python_operator_decorator to 2023-06-16T00:00:00+00:00, run_after=2023-06-17T00:00:00+00:00
[2023-06-17T03:45:38.542+0000] {processor.py:179} INFO - Processing /home/airflow/.local/lib/python3.7/site-packages/airflow/example_dags/example_branch_operator_decorator.py took 0.099 seconds
[2023-06-17T03:46:09.139+0000] {processor.py:157} INFO - Started process (PID=1270) to work on /home/airflow/.local/lib/python3.7/site-packages/airflow/example_dags/example_branch_operator_decorator.py
[2023-06-17T03:46:09.148+0000] {processor.py:826} INFO - Processing file /home/airflow/.local/lib/python3.7/site-packages/airflow/example_dags/example_branch_operator_decorator.py for tasks to queue
[2023-06-17T03:46:09.148+0000] {logging_mixin.py:149} INFO - [2023-06-17T03:46:09.148+0000] {dagbag.py:541} INFO - Filling up the DagBag from /home/airflow/.local/lib/python3.7/site-packages/airflow/example_dags/example_branch_operator_decorator.py
[2023-06-17T03:46:09.157+0000] {processor.py:836} INFO - DAG(s) dict_keys(['example_branch_python_operator_decorator']) retrieved from /home/airflow/.local/lib/python3.7/site-packages/airflow/example_dags/example_branch_operator_decorator.py
[2023-06-17T03:46:09.181+0000] {logging_mixin.py:149} INFO - [2023-06-17T03:46:09.181+0000] {dag.py:2726} INFO - Sync 1 DAGs
[2023-06-17T03:46:09.213+0000] {logging_mixin.py:149} INFO - [2023-06-17T03:46:09.213+0000] {dag.py:3490} INFO - Setting next_dagrun for example_branch_python_operator_decorator to 2023-06-16T00:00:00+00:00, run_after=2023-06-17T00:00:00+00:00
[2023-06-17T03:46:09.245+0000] {processor.py:179} INFO - Processing /home/airflow/.local/lib/python3.7/site-packages/airflow/example_dags/example_branch_operator_decorator.py took 0.109 seconds
[2023-06-17T03:46:39.994+0000] {processor.py:157} INFO - Started process (PID=1331) to work on /home/airflow/.local/lib/python3.7/site-packages/airflow/example_dags/example_branch_operator_decorator.py
[2023-06-17T03:46:40.096+0000] {processor.py:826} INFO - Processing file /home/airflow/.local/lib/python3.7/site-packages/airflow/example_dags/example_branch_operator_decorator.py for tasks to queue
[2023-06-17T03:46:40.097+0000] {logging_mixin.py:149} INFO - [2023-06-17T03:46:40.097+0000] {dagbag.py:541} INFO - Filling up the DagBag from /home/airflow/.local/lib/python3.7/site-packages/airflow/example_dags/example_branch_operator_decorator.py
[2023-06-17T03:46:40.107+0000] {processor.py:836} INFO - DAG(s) dict_keys(['example_branch_python_operator_decorator']) retrieved from /home/airflow/.local/lib/python3.7/site-packages/airflow/example_dags/example_branch_operator_decorator.py
[2023-06-17T03:46:40.131+0000] {logging_mixin.py:149} INFO - [2023-06-17T03:46:40.131+0000] {dag.py:2726} INFO - Sync 1 DAGs
[2023-06-17T03:46:40.166+0000] {logging_mixin.py:149} INFO - [2023-06-17T03:46:40.166+0000] {dag.py:3490} INFO - Setting next_dagrun for example_branch_python_operator_decorator to 2023-06-16T00:00:00+00:00, run_after=2023-06-17T00:00:00+00:00
[2023-06-17T03:46:40.204+0000] {processor.py:179} INFO - Processing /home/airflow/.local/lib/python3.7/site-packages/airflow/example_dags/example_branch_operator_decorator.py took 0.212 seconds
[2023-06-17T03:47:10.591+0000] {processor.py:157} INFO - Started process (PID=1392) to work on /home/airflow/.local/lib/python3.7/site-packages/airflow/example_dags/example_branch_operator_decorator.py
[2023-06-17T03:47:10.593+0000] {processor.py:826} INFO - Processing file /home/airflow/.local/lib/python3.7/site-packages/airflow/example_dags/example_branch_operator_decorator.py for tasks to queue
[2023-06-17T03:47:10.594+0000] {logging_mixin.py:149} INFO - [2023-06-17T03:47:10.594+0000] {dagbag.py:541} INFO - Filling up the DagBag from /home/airflow/.local/lib/python3.7/site-packages/airflow/example_dags/example_branch_operator_decorator.py
[2023-06-17T03:47:10.606+0000] {processor.py:836} INFO - DAG(s) dict_keys(['example_branch_python_operator_decorator']) retrieved from /home/airflow/.local/lib/python3.7/site-packages/airflow/example_dags/example_branch_operator_decorator.py
[2023-06-17T03:47:10.637+0000] {logging_mixin.py:149} INFO - [2023-06-17T03:47:10.637+0000] {dag.py:2726} INFO - Sync 1 DAGs
[2023-06-17T03:47:10.682+0000] {logging_mixin.py:149} INFO - [2023-06-17T03:47:10.682+0000] {dag.py:3490} INFO - Setting next_dagrun for example_branch_python_operator_decorator to 2023-06-16T00:00:00+00:00, run_after=2023-06-17T00:00:00+00:00
[2023-06-17T03:47:10.716+0000] {processor.py:179} INFO - Processing /home/airflow/.local/lib/python3.7/site-packages/airflow/example_dags/example_branch_operator_decorator.py took 0.128 seconds
[2023-06-17T03:47:41.560+0000] {processor.py:157} INFO - Started process (PID=1460) to work on /home/airflow/.local/lib/python3.7/site-packages/airflow/example_dags/example_branch_operator_decorator.py
[2023-06-17T03:47:41.574+0000] {processor.py:826} INFO - Processing file /home/airflow/.local/lib/python3.7/site-packages/airflow/example_dags/example_branch_operator_decorator.py for tasks to queue
[2023-06-17T03:47:41.574+0000] {logging_mixin.py:149} INFO - [2023-06-17T03:47:41.574+0000] {dagbag.py:541} INFO - Filling up the DagBag from /home/airflow/.local/lib/python3.7/site-packages/airflow/example_dags/example_branch_operator_decorator.py
[2023-06-17T03:47:41.583+0000] {processor.py:836} INFO - DAG(s) dict_keys(['example_branch_python_operator_decorator']) retrieved from /home/airflow/.local/lib/python3.7/site-packages/airflow/example_dags/example_branch_operator_decorator.py
[2023-06-17T03:47:41.613+0000] {logging_mixin.py:149} INFO - [2023-06-17T03:47:41.613+0000] {dag.py:2726} INFO - Sync 1 DAGs
[2023-06-17T03:47:41.650+0000] {logging_mixin.py:149} INFO - [2023-06-17T03:47:41.649+0000] {dag.py:3490} INFO - Setting next_dagrun for example_branch_python_operator_decorator to 2023-06-16T00:00:00+00:00, run_after=2023-06-17T00:00:00+00:00
[2023-06-17T03:47:41.678+0000] {processor.py:179} INFO - Processing /home/airflow/.local/lib/python3.7/site-packages/airflow/example_dags/example_branch_operator_decorator.py took 0.120 seconds
[2023-06-17T03:48:12.375+0000] {processor.py:157} INFO - Started process (PID=1520) to work on /home/airflow/.local/lib/python3.7/site-packages/airflow/example_dags/example_branch_operator_decorator.py
[2023-06-17T03:48:12.424+0000] {processor.py:826} INFO - Processing file /home/airflow/.local/lib/python3.7/site-packages/airflow/example_dags/example_branch_operator_decorator.py for tasks to queue
[2023-06-17T03:48:12.566+0000] {logging_mixin.py:149} INFO - [2023-06-17T03:48:12.566+0000] {dagbag.py:541} INFO - Filling up the DagBag from /home/airflow/.local/lib/python3.7/site-packages/airflow/example_dags/example_branch_operator_decorator.py
[2023-06-17T03:48:12.577+0000] {processor.py:836} INFO - DAG(s) dict_keys(['example_branch_python_operator_decorator']) retrieved from /home/airflow/.local/lib/python3.7/site-packages/airflow/example_dags/example_branch_operator_decorator.py
[2023-06-17T03:48:12.611+0000] {logging_mixin.py:149} INFO - [2023-06-17T03:48:12.610+0000] {dag.py:2726} INFO - Sync 1 DAGs
[2023-06-17T03:48:12.647+0000] {logging_mixin.py:149} INFO - [2023-06-17T03:48:12.646+0000] {dag.py:3490} INFO - Setting next_dagrun for example_branch_python_operator_decorator to 2023-06-16T00:00:00+00:00, run_after=2023-06-17T00:00:00+00:00
[2023-06-17T03:48:12.839+0000] {processor.py:179} INFO - Processing /home/airflow/.local/lib/python3.7/site-packages/airflow/example_dags/example_branch_operator_decorator.py took 0.468 seconds
[2023-06-17T03:48:43.665+0000] {processor.py:157} INFO - Started process (PID=1575) to work on /home/airflow/.local/lib/python3.7/site-packages/airflow/example_dags/example_branch_operator_decorator.py
[2023-06-17T03:48:43.798+0000] {processor.py:826} INFO - Processing file /home/airflow/.local/lib/python3.7/site-packages/airflow/example_dags/example_branch_operator_decorator.py for tasks to queue
[2023-06-17T03:48:43.800+0000] {logging_mixin.py:149} INFO - [2023-06-17T03:48:43.799+0000] {dagbag.py:541} INFO - Filling up the DagBag from /home/airflow/.local/lib/python3.7/site-packages/airflow/example_dags/example_branch_operator_decorator.py
[2023-06-17T03:48:43.813+0000] {processor.py:836} INFO - DAG(s) dict_keys(['example_branch_python_operator_decorator']) retrieved from /home/airflow/.local/lib/python3.7/site-packages/airflow/example_dags/example_branch_operator_decorator.py
[2023-06-17T03:48:43.837+0000] {logging_mixin.py:149} INFO - [2023-06-17T03:48:43.837+0000] {dag.py:2726} INFO - Sync 1 DAGs
[2023-06-17T03:48:43.866+0000] {logging_mixin.py:149} INFO - [2023-06-17T03:48:43.866+0000] {dag.py:3490} INFO - Setting next_dagrun for example_branch_python_operator_decorator to 2023-06-16T00:00:00+00:00, run_after=2023-06-17T00:00:00+00:00
[2023-06-17T03:48:43.894+0000] {processor.py:179} INFO - Processing /home/airflow/.local/lib/python3.7/site-packages/airflow/example_dags/example_branch_operator_decorator.py took 0.233 seconds
[2023-06-17T03:49:14.002+0000] {processor.py:157} INFO - Started process (PID=1636) to work on /home/airflow/.local/lib/python3.7/site-packages/airflow/example_dags/example_branch_operator_decorator.py
[2023-06-17T03:49:14.009+0000] {processor.py:826} INFO - Processing file /home/airflow/.local/lib/python3.7/site-packages/airflow/example_dags/example_branch_operator_decorator.py for tasks to queue
[2023-06-17T03:49:14.009+0000] {logging_mixin.py:149} INFO - [2023-06-17T03:49:14.009+0000] {dagbag.py:541} INFO - Filling up the DagBag from /home/airflow/.local/lib/python3.7/site-packages/airflow/example_dags/example_branch_operator_decorator.py
[2023-06-17T03:49:14.019+0000] {processor.py:836} INFO - DAG(s) dict_keys(['example_branch_python_operator_decorator']) retrieved from /home/airflow/.local/lib/python3.7/site-packages/airflow/example_dags/example_branch_operator_decorator.py
[2023-06-17T03:49:14.043+0000] {logging_mixin.py:149} INFO - [2023-06-17T03:49:14.043+0000] {dag.py:2726} INFO - Sync 1 DAGs
[2023-06-17T03:49:14.075+0000] {logging_mixin.py:149} INFO - [2023-06-17T03:49:14.075+0000] {dag.py:3490} INFO - Setting next_dagrun for example_branch_python_operator_decorator to 2023-06-16T00:00:00+00:00, run_after=2023-06-17T00:00:00+00:00
[2023-06-17T03:49:14.109+0000] {processor.py:179} INFO - Processing /home/airflow/.local/lib/python3.7/site-packages/airflow/example_dags/example_branch_operator_decorator.py took 0.110 seconds
[2023-06-17T03:49:44.853+0000] {processor.py:157} INFO - Started process (PID=1705) to work on /home/airflow/.local/lib/python3.7/site-packages/airflow/example_dags/example_branch_operator_decorator.py
[2023-06-17T03:49:44.890+0000] {processor.py:826} INFO - Processing file /home/airflow/.local/lib/python3.7/site-packages/airflow/example_dags/example_branch_operator_decorator.py for tasks to queue
[2023-06-17T03:49:44.890+0000] {logging_mixin.py:149} INFO - [2023-06-17T03:49:44.890+0000] {dagbag.py:541} INFO - Filling up the DagBag from /home/airflow/.local/lib/python3.7/site-packages/airflow/example_dags/example_branch_operator_decorator.py
[2023-06-17T03:49:44.902+0000] {processor.py:836} INFO - DAG(s) dict_keys(['example_branch_python_operator_decorator']) retrieved from /home/airflow/.local/lib/python3.7/site-packages/airflow/example_dags/example_branch_operator_decorator.py
[2023-06-17T03:49:44.926+0000] {logging_mixin.py:149} INFO - [2023-06-17T03:49:44.926+0000] {dag.py:2726} INFO - Sync 1 DAGs
[2023-06-17T03:49:44.953+0000] {logging_mixin.py:149} INFO - [2023-06-17T03:49:44.953+0000] {dag.py:3490} INFO - Setting next_dagrun for example_branch_python_operator_decorator to 2023-06-16T00:00:00+00:00, run_after=2023-06-17T00:00:00+00:00
[2023-06-17T03:49:45.104+0000] {processor.py:179} INFO - Processing /home/airflow/.local/lib/python3.7/site-packages/airflow/example_dags/example_branch_operator_decorator.py took 0.254 seconds
