[2023-06-17T02:16:41.820+0000] {processor.py:157} INFO - Started process (PID=40) to work on /home/airflow/.local/lib/python3.7/site-packages/airflow/example_dags/example_xcom.py
[2023-06-17T02:16:41.821+0000] {processor.py:826} INFO - Processing file /home/airflow/.local/lib/python3.7/site-packages/airflow/example_dags/example_xcom.py for tasks to queue
[2023-06-17T02:16:41.822+0000] {logging_mixin.py:149} INFO - [2023-06-17T02:16:41.822+0000] {dagbag.py:541} INFO - Filling up the DagBag from /home/airflow/.local/lib/python3.7/site-packages/airflow/example_dags/example_xcom.py
[2023-06-17T02:16:41.834+0000] {processor.py:836} INFO - DAG(s) dict_keys(['example_xcom']) retrieved from /home/airflow/.local/lib/python3.7/site-packages/airflow/example_dags/example_xcom.py
[2023-06-17T02:16:41.883+0000] {logging_mixin.py:149} INFO - [2023-06-17T02:16:41.883+0000] {dag.py:2726} INFO - Sync 1 DAGs
[2023-06-17T02:16:41.933+0000] {logging_mixin.py:149} INFO - [2023-06-17T02:16:41.933+0000] {dag.py:3490} INFO - Setting next_dagrun for example_xcom to 2021-01-01T00:00:00+00:00, run_after=2021-01-01T00:00:00+00:00
[2023-06-17T02:16:42.009+0000] {processor.py:179} INFO - Processing /home/airflow/.local/lib/python3.7/site-packages/airflow/example_dags/example_xcom.py took 0.193 seconds
[2023-06-17T02:17:25.126+0000] {processor.py:157} INFO - Started process (PID=100) to work on /home/airflow/.local/lib/python3.7/site-packages/airflow/example_dags/example_xcom.py
[2023-06-17T02:17:25.690+0000] {processor.py:826} INFO - Processing file /home/airflow/.local/lib/python3.7/site-packages/airflow/example_dags/example_xcom.py for tasks to queue
[2023-06-17T02:17:25.693+0000] {logging_mixin.py:149} INFO - [2023-06-17T02:17:25.693+0000] {dagbag.py:541} INFO - Filling up the DagBag from /home/airflow/.local/lib/python3.7/site-packages/airflow/example_dags/example_xcom.py
[2023-06-17T02:17:25.748+0000] {processor.py:836} INFO - DAG(s) dict_keys(['example_xcom']) retrieved from /home/airflow/.local/lib/python3.7/site-packages/airflow/example_dags/example_xcom.py
[2023-06-17T02:17:25.782+0000] {logging_mixin.py:149} INFO - [2023-06-17T02:17:25.782+0000] {dag.py:2726} INFO - Sync 1 DAGs
[2023-06-17T02:17:25.807+0000] {logging_mixin.py:149} INFO - [2023-06-17T02:17:25.806+0000] {dag.py:3490} INFO - Setting next_dagrun for example_xcom to 2021-01-01T00:00:00+00:00, run_after=2021-01-01T00:00:00+00:00
[2023-06-17T02:17:26.428+0000] {processor.py:179} INFO - Processing /home/airflow/.local/lib/python3.7/site-packages/airflow/example_dags/example_xcom.py took 1.304 seconds
[2023-06-17T02:18:04.126+0000] {processor.py:157} INFO - Started process (PID=128) to work on /home/airflow/.local/lib/python3.7/site-packages/airflow/example_dags/example_xcom.py
[2023-06-17T02:18:04.302+0000] {processor.py:826} INFO - Processing file /home/airflow/.local/lib/python3.7/site-packages/airflow/example_dags/example_xcom.py for tasks to queue
[2023-06-17T02:18:04.304+0000] {logging_mixin.py:149} INFO - [2023-06-17T02:18:04.304+0000] {dagbag.py:541} INFO - Filling up the DagBag from /home/airflow/.local/lib/python3.7/site-packages/airflow/example_dags/example_xcom.py
[2023-06-17T02:18:04.320+0000] {processor.py:836} INFO - DAG(s) dict_keys(['example_xcom']) retrieved from /home/airflow/.local/lib/python3.7/site-packages/airflow/example_dags/example_xcom.py
[2023-06-17T02:18:04.343+0000] {logging_mixin.py:149} INFO - [2023-06-17T02:18:04.343+0000] {dag.py:2726} INFO - Sync 1 DAGs
[2023-06-17T02:18:04.368+0000] {logging_mixin.py:149} INFO - [2023-06-17T02:18:04.368+0000] {dag.py:3490} INFO - Setting next_dagrun for example_xcom to 2021-01-01T00:00:00+00:00, run_after=2021-01-01T00:00:00+00:00
[2023-06-17T02:18:04.738+0000] {processor.py:179} INFO - Processing /home/airflow/.local/lib/python3.7/site-packages/airflow/example_dags/example_xcom.py took 0.615 seconds
[2023-06-17T02:18:38.360+0000] {processor.py:157} INFO - Started process (PID=187) to work on /home/airflow/.local/lib/python3.7/site-packages/airflow/example_dags/example_xcom.py
[2023-06-17T02:18:38.439+0000] {processor.py:826} INFO - Processing file /home/airflow/.local/lib/python3.7/site-packages/airflow/example_dags/example_xcom.py for tasks to queue
[2023-06-17T02:18:38.443+0000] {logging_mixin.py:149} INFO - [2023-06-17T02:18:38.442+0000] {dagbag.py:541} INFO - Filling up the DagBag from /home/airflow/.local/lib/python3.7/site-packages/airflow/example_dags/example_xcom.py
[2023-06-17T02:18:38.479+0000] {processor.py:836} INFO - DAG(s) dict_keys(['example_xcom']) retrieved from /home/airflow/.local/lib/python3.7/site-packages/airflow/example_dags/example_xcom.py
[2023-06-17T02:18:38.512+0000] {logging_mixin.py:149} INFO - [2023-06-17T02:18:38.512+0000] {dag.py:2726} INFO - Sync 1 DAGs
[2023-06-17T02:18:38.539+0000] {logging_mixin.py:149} INFO - [2023-06-17T02:18:38.539+0000] {dag.py:3490} INFO - Setting next_dagrun for example_xcom to 2021-01-01T00:00:00+00:00, run_after=2021-01-01T00:00:00+00:00
[2023-06-17T02:18:38.750+0000] {processor.py:179} INFO - Processing /home/airflow/.local/lib/python3.7/site-packages/airflow/example_dags/example_xcom.py took 0.393 seconds
[2023-06-17T02:19:08.820+0000] {processor.py:157} INFO - Started process (PID=239) to work on /home/airflow/.local/lib/python3.7/site-packages/airflow/example_dags/example_xcom.py
[2023-06-17T02:19:08.821+0000] {processor.py:826} INFO - Processing file /home/airflow/.local/lib/python3.7/site-packages/airflow/example_dags/example_xcom.py for tasks to queue
[2023-06-17T02:19:08.822+0000] {logging_mixin.py:149} INFO - [2023-06-17T02:19:08.822+0000] {dagbag.py:541} INFO - Filling up the DagBag from /home/airflow/.local/lib/python3.7/site-packages/airflow/example_dags/example_xcom.py
[2023-06-17T02:19:08.838+0000] {processor.py:836} INFO - DAG(s) dict_keys(['example_xcom']) retrieved from /home/airflow/.local/lib/python3.7/site-packages/airflow/example_dags/example_xcom.py
[2023-06-17T02:19:08.899+0000] {logging_mixin.py:149} INFO - [2023-06-17T02:19:08.899+0000] {dag.py:2726} INFO - Sync 1 DAGs
[2023-06-17T02:19:08.963+0000] {logging_mixin.py:149} INFO - [2023-06-17T02:19:08.963+0000] {dag.py:3490} INFO - Setting next_dagrun for example_xcom to 2021-01-01T00:00:00+00:00, run_after=2021-01-01T00:00:00+00:00
[2023-06-17T02:19:09.025+0000] {processor.py:179} INFO - Processing /home/airflow/.local/lib/python3.7/site-packages/airflow/example_dags/example_xcom.py took 0.213 seconds
[2023-06-17T02:19:40.409+0000] {processor.py:157} INFO - Started process (PID=299) to work on /home/airflow/.local/lib/python3.7/site-packages/airflow/example_dags/example_xcom.py
[2023-06-17T02:19:40.523+0000] {processor.py:826} INFO - Processing file /home/airflow/.local/lib/python3.7/site-packages/airflow/example_dags/example_xcom.py for tasks to queue
[2023-06-17T02:19:40.525+0000] {logging_mixin.py:149} INFO - [2023-06-17T02:19:40.524+0000] {dagbag.py:541} INFO - Filling up the DagBag from /home/airflow/.local/lib/python3.7/site-packages/airflow/example_dags/example_xcom.py
[2023-06-17T02:19:40.648+0000] {processor.py:836} INFO - DAG(s) dict_keys(['example_xcom']) retrieved from /home/airflow/.local/lib/python3.7/site-packages/airflow/example_dags/example_xcom.py
[2023-06-17T02:19:40.670+0000] {logging_mixin.py:149} INFO - [2023-06-17T02:19:40.670+0000] {dag.py:2726} INFO - Sync 1 DAGs
[2023-06-17T02:19:40.695+0000] {logging_mixin.py:149} INFO - [2023-06-17T02:19:40.695+0000] {dag.py:3490} INFO - Setting next_dagrun for example_xcom to 2021-01-01T00:00:00+00:00, run_after=2021-01-01T00:00:00+00:00
[2023-06-17T02:19:41.275+0000] {processor.py:179} INFO - Processing /home/airflow/.local/lib/python3.7/site-packages/airflow/example_dags/example_xcom.py took 0.875 seconds
[2023-06-17T02:20:11.433+0000] {processor.py:157} INFO - Started process (PID=360) to work on /home/airflow/.local/lib/python3.7/site-packages/airflow/example_dags/example_xcom.py
[2023-06-17T02:20:11.434+0000] {processor.py:826} INFO - Processing file /home/airflow/.local/lib/python3.7/site-packages/airflow/example_dags/example_xcom.py for tasks to queue
[2023-06-17T02:20:11.434+0000] {logging_mixin.py:149} INFO - [2023-06-17T02:20:11.434+0000] {dagbag.py:541} INFO - Filling up the DagBag from /home/airflow/.local/lib/python3.7/site-packages/airflow/example_dags/example_xcom.py
[2023-06-17T02:20:11.441+0000] {processor.py:836} INFO - DAG(s) dict_keys(['example_xcom']) retrieved from /home/airflow/.local/lib/python3.7/site-packages/airflow/example_dags/example_xcom.py
[2023-06-17T02:20:11.462+0000] {logging_mixin.py:149} INFO - [2023-06-17T02:20:11.462+0000] {dag.py:2726} INFO - Sync 1 DAGs
[2023-06-17T02:20:11.490+0000] {logging_mixin.py:149} INFO - [2023-06-17T02:20:11.490+0000] {dag.py:3490} INFO - Setting next_dagrun for example_xcom to 2021-01-01T00:00:00+00:00, run_after=2021-01-01T00:00:00+00:00
[2023-06-17T02:20:11.583+0000] {processor.py:179} INFO - Processing /home/airflow/.local/lib/python3.7/site-packages/airflow/example_dags/example_xcom.py took 0.152 seconds
[2023-06-17T02:20:43.947+0000] {processor.py:157} INFO - Started process (PID=413) to work on /home/airflow/.local/lib/python3.7/site-packages/airflow/example_dags/example_xcom.py
[2023-06-17T02:20:44.038+0000] {processor.py:826} INFO - Processing file /home/airflow/.local/lib/python3.7/site-packages/airflow/example_dags/example_xcom.py for tasks to queue
[2023-06-17T02:20:44.039+0000] {logging_mixin.py:149} INFO - [2023-06-17T02:20:44.039+0000] {dagbag.py:541} INFO - Filling up the DagBag from /home/airflow/.local/lib/python3.7/site-packages/airflow/example_dags/example_xcom.py
[2023-06-17T02:20:44.046+0000] {processor.py:836} INFO - DAG(s) dict_keys(['example_xcom']) retrieved from /home/airflow/.local/lib/python3.7/site-packages/airflow/example_dags/example_xcom.py
[2023-06-17T02:20:44.068+0000] {logging_mixin.py:149} INFO - [2023-06-17T02:20:44.068+0000] {dag.py:2726} INFO - Sync 1 DAGs
[2023-06-17T02:20:44.093+0000] {logging_mixin.py:149} INFO - [2023-06-17T02:20:44.092+0000] {dag.py:3490} INFO - Setting next_dagrun for example_xcom to 2021-01-01T00:00:00+00:00, run_after=2021-01-01T00:00:00+00:00
[2023-06-17T02:20:44.284+0000] {processor.py:179} INFO - Processing /home/airflow/.local/lib/python3.7/site-packages/airflow/example_dags/example_xcom.py took 0.347 seconds
[2023-06-17T02:21:14.479+0000] {processor.py:157} INFO - Started process (PID=473) to work on /home/airflow/.local/lib/python3.7/site-packages/airflow/example_dags/example_xcom.py
[2023-06-17T02:21:14.519+0000] {processor.py:826} INFO - Processing file /home/airflow/.local/lib/python3.7/site-packages/airflow/example_dags/example_xcom.py for tasks to queue
[2023-06-17T02:21:14.521+0000] {logging_mixin.py:149} INFO - [2023-06-17T02:21:14.520+0000] {dagbag.py:541} INFO - Filling up the DagBag from /home/airflow/.local/lib/python3.7/site-packages/airflow/example_dags/example_xcom.py
[2023-06-17T02:21:14.535+0000] {processor.py:836} INFO - DAG(s) dict_keys(['example_xcom']) retrieved from /home/airflow/.local/lib/python3.7/site-packages/airflow/example_dags/example_xcom.py
[2023-06-17T02:21:14.575+0000] {logging_mixin.py:149} INFO - [2023-06-17T02:21:14.574+0000] {dag.py:2726} INFO - Sync 1 DAGs
[2023-06-17T02:21:14.626+0000] {logging_mixin.py:149} INFO - [2023-06-17T02:21:14.625+0000] {dag.py:3490} INFO - Setting next_dagrun for example_xcom to 2021-01-01T00:00:00+00:00, run_after=2021-01-01T00:00:00+00:00
[2023-06-17T02:21:14.685+0000] {processor.py:179} INFO - Processing /home/airflow/.local/lib/python3.7/site-packages/airflow/example_dags/example_xcom.py took 0.211 seconds
[2023-06-17T02:21:49.670+0000] {processor.py:157} INFO - Started process (PID=533) to work on /home/airflow/.local/lib/python3.7/site-packages/airflow/example_dags/example_xcom.py
[2023-06-17T02:21:49.691+0000] {processor.py:826} INFO - Processing file /home/airflow/.local/lib/python3.7/site-packages/airflow/example_dags/example_xcom.py for tasks to queue
[2023-06-17T02:21:49.692+0000] {logging_mixin.py:149} INFO - [2023-06-17T02:21:49.692+0000] {dagbag.py:541} INFO - Filling up the DagBag from /home/airflow/.local/lib/python3.7/site-packages/airflow/example_dags/example_xcom.py
[2023-06-17T02:21:49.806+0000] {processor.py:836} INFO - DAG(s) dict_keys(['example_xcom']) retrieved from /home/airflow/.local/lib/python3.7/site-packages/airflow/example_dags/example_xcom.py
[2023-06-17T02:21:49.852+0000] {logging_mixin.py:149} INFO - [2023-06-17T02:21:49.851+0000] {dag.py:2726} INFO - Sync 1 DAGs
[2023-06-17T02:21:49.879+0000] {logging_mixin.py:149} INFO - [2023-06-17T02:21:49.879+0000] {dag.py:3490} INFO - Setting next_dagrun for example_xcom to 2021-01-01T00:00:00+00:00, run_after=2021-01-01T00:00:00+00:00
[2023-06-17T02:21:50.082+0000] {processor.py:179} INFO - Processing /home/airflow/.local/lib/python3.7/site-packages/airflow/example_dags/example_xcom.py took 0.417 seconds
[2023-06-17T02:22:20.384+0000] {processor.py:157} INFO - Started process (PID=585) to work on /home/airflow/.local/lib/python3.7/site-packages/airflow/example_dags/example_xcom.py
[2023-06-17T02:22:20.529+0000] {processor.py:826} INFO - Processing file /home/airflow/.local/lib/python3.7/site-packages/airflow/example_dags/example_xcom.py for tasks to queue
[2023-06-17T02:22:20.530+0000] {logging_mixin.py:149} INFO - [2023-06-17T02:22:20.530+0000] {dagbag.py:541} INFO - Filling up the DagBag from /home/airflow/.local/lib/python3.7/site-packages/airflow/example_dags/example_xcom.py
[2023-06-17T02:22:20.539+0000] {processor.py:836} INFO - DAG(s) dict_keys(['example_xcom']) retrieved from /home/airflow/.local/lib/python3.7/site-packages/airflow/example_dags/example_xcom.py
[2023-06-17T02:22:20.643+0000] {logging_mixin.py:149} INFO - [2023-06-17T02:22:20.643+0000] {dag.py:2726} INFO - Sync 1 DAGs
[2023-06-17T02:22:20.704+0000] {logging_mixin.py:149} INFO - [2023-06-17T02:22:20.704+0000] {dag.py:3490} INFO - Setting next_dagrun for example_xcom to 2021-01-01T00:00:00+00:00, run_after=2021-01-01T00:00:00+00:00
[2023-06-17T02:22:20.964+0000] {processor.py:179} INFO - Processing /home/airflow/.local/lib/python3.7/site-packages/airflow/example_dags/example_xcom.py took 0.584 seconds
[2023-06-17T02:22:56.708+0000] {processor.py:157} INFO - Started process (PID=646) to work on /home/airflow/.local/lib/python3.7/site-packages/airflow/example_dags/example_xcom.py
[2023-06-17T02:22:56.753+0000] {processor.py:826} INFO - Processing file /home/airflow/.local/lib/python3.7/site-packages/airflow/example_dags/example_xcom.py for tasks to queue
[2023-06-17T02:22:56.753+0000] {logging_mixin.py:149} INFO - [2023-06-17T02:22:56.753+0000] {dagbag.py:541} INFO - Filling up the DagBag from /home/airflow/.local/lib/python3.7/site-packages/airflow/example_dags/example_xcom.py
[2023-06-17T02:22:56.761+0000] {processor.py:836} INFO - DAG(s) dict_keys(['example_xcom']) retrieved from /home/airflow/.local/lib/python3.7/site-packages/airflow/example_dags/example_xcom.py
[2023-06-17T02:22:56.789+0000] {logging_mixin.py:149} INFO - [2023-06-17T02:22:56.788+0000] {dag.py:2726} INFO - Sync 1 DAGs
[2023-06-17T02:22:56.830+0000] {logging_mixin.py:149} INFO - [2023-06-17T02:22:56.829+0000] {dag.py:3490} INFO - Setting next_dagrun for example_xcom to 2021-01-01T00:00:00+00:00, run_after=2021-01-01T00:00:00+00:00
[2023-06-17T02:22:57.328+0000] {processor.py:179} INFO - Processing /home/airflow/.local/lib/python3.7/site-packages/airflow/example_dags/example_xcom.py took 0.623 seconds
[2023-06-17T02:23:27.600+0000] {processor.py:157} INFO - Started process (PID=705) to work on /home/airflow/.local/lib/python3.7/site-packages/airflow/example_dags/example_xcom.py
[2023-06-17T02:23:27.744+0000] {processor.py:826} INFO - Processing file /home/airflow/.local/lib/python3.7/site-packages/airflow/example_dags/example_xcom.py for tasks to queue
[2023-06-17T02:23:27.747+0000] {logging_mixin.py:149} INFO - [2023-06-17T02:23:27.747+0000] {dagbag.py:541} INFO - Filling up the DagBag from /home/airflow/.local/lib/python3.7/site-packages/airflow/example_dags/example_xcom.py
[2023-06-17T02:23:27.780+0000] {processor.py:836} INFO - DAG(s) dict_keys(['example_xcom']) retrieved from /home/airflow/.local/lib/python3.7/site-packages/airflow/example_dags/example_xcom.py
[2023-06-17T02:23:27.808+0000] {logging_mixin.py:149} INFO - [2023-06-17T02:23:27.808+0000] {dag.py:2726} INFO - Sync 1 DAGs
[2023-06-17T02:23:27.834+0000] {logging_mixin.py:149} INFO - [2023-06-17T02:23:27.834+0000] {dag.py:3490} INFO - Setting next_dagrun for example_xcom to 2021-01-01T00:00:00+00:00, run_after=2021-01-01T00:00:00+00:00
[2023-06-17T02:23:27.992+0000] {processor.py:179} INFO - Processing /home/airflow/.local/lib/python3.7/site-packages/airflow/example_dags/example_xcom.py took 0.396 seconds
[2023-06-17T02:23:58.113+0000] {processor.py:157} INFO - Started process (PID=758) to work on /home/airflow/.local/lib/python3.7/site-packages/airflow/example_dags/example_xcom.py
[2023-06-17T02:23:58.162+0000] {processor.py:826} INFO - Processing file /home/airflow/.local/lib/python3.7/site-packages/airflow/example_dags/example_xcom.py for tasks to queue
[2023-06-17T02:23:58.163+0000] {logging_mixin.py:149} INFO - [2023-06-17T02:23:58.163+0000] {dagbag.py:541} INFO - Filling up the DagBag from /home/airflow/.local/lib/python3.7/site-packages/airflow/example_dags/example_xcom.py
[2023-06-17T02:23:58.173+0000] {processor.py:836} INFO - DAG(s) dict_keys(['example_xcom']) retrieved from /home/airflow/.local/lib/python3.7/site-packages/airflow/example_dags/example_xcom.py
[2023-06-17T02:23:58.214+0000] {logging_mixin.py:149} INFO - [2023-06-17T02:23:58.214+0000] {dag.py:2726} INFO - Sync 1 DAGs
[2023-06-17T02:23:58.261+0000] {logging_mixin.py:149} INFO - [2023-06-17T02:23:58.261+0000] {dag.py:3490} INFO - Setting next_dagrun for example_xcom to 2021-01-01T00:00:00+00:00, run_after=2021-01-01T00:00:00+00:00
[2023-06-17T02:23:58.300+0000] {processor.py:179} INFO - Processing /home/airflow/.local/lib/python3.7/site-packages/airflow/example_dags/example_xcom.py took 0.190 seconds
[2023-06-17T02:24:28.501+0000] {processor.py:157} INFO - Started process (PID=819) to work on /home/airflow/.local/lib/python3.7/site-packages/airflow/example_dags/example_xcom.py
[2023-06-17T02:24:28.507+0000] {processor.py:826} INFO - Processing file /home/airflow/.local/lib/python3.7/site-packages/airflow/example_dags/example_xcom.py for tasks to queue
[2023-06-17T02:24:28.508+0000] {logging_mixin.py:149} INFO - [2023-06-17T02:24:28.508+0000] {dagbag.py:541} INFO - Filling up the DagBag from /home/airflow/.local/lib/python3.7/site-packages/airflow/example_dags/example_xcom.py
[2023-06-17T02:24:28.519+0000] {processor.py:836} INFO - DAG(s) dict_keys(['example_xcom']) retrieved from /home/airflow/.local/lib/python3.7/site-packages/airflow/example_dags/example_xcom.py
[2023-06-17T02:24:28.565+0000] {logging_mixin.py:149} INFO - [2023-06-17T02:24:28.565+0000] {dag.py:2726} INFO - Sync 1 DAGs
[2023-06-17T02:24:28.601+0000] {logging_mixin.py:149} INFO - [2023-06-17T02:24:28.601+0000] {dag.py:3490} INFO - Setting next_dagrun for example_xcom to 2021-01-01T00:00:00+00:00, run_after=2021-01-01T00:00:00+00:00
[2023-06-17T02:24:28.661+0000] {processor.py:179} INFO - Processing /home/airflow/.local/lib/python3.7/site-packages/airflow/example_dags/example_xcom.py took 0.164 seconds
[2023-06-17T02:25:00.574+0000] {processor.py:157} INFO - Started process (PID=880) to work on /home/airflow/.local/lib/python3.7/site-packages/airflow/example_dags/example_xcom.py
[2023-06-17T02:25:00.658+0000] {processor.py:826} INFO - Processing file /home/airflow/.local/lib/python3.7/site-packages/airflow/example_dags/example_xcom.py for tasks to queue
[2023-06-17T02:25:00.659+0000] {logging_mixin.py:149} INFO - [2023-06-17T02:25:00.659+0000] {dagbag.py:541} INFO - Filling up the DagBag from /home/airflow/.local/lib/python3.7/site-packages/airflow/example_dags/example_xcom.py
[2023-06-17T02:25:00.707+0000] {processor.py:836} INFO - DAG(s) dict_keys(['example_xcom']) retrieved from /home/airflow/.local/lib/python3.7/site-packages/airflow/example_dags/example_xcom.py
[2023-06-17T02:25:00.733+0000] {logging_mixin.py:149} INFO - [2023-06-17T02:25:00.733+0000] {dag.py:2726} INFO - Sync 1 DAGs
[2023-06-17T02:25:00.777+0000] {logging_mixin.py:149} INFO - [2023-06-17T02:25:00.777+0000] {dag.py:3490} INFO - Setting next_dagrun for example_xcom to 2021-01-01T00:00:00+00:00, run_after=2021-01-01T00:00:00+00:00
[2023-06-17T02:25:01.137+0000] {processor.py:179} INFO - Processing /home/airflow/.local/lib/python3.7/site-packages/airflow/example_dags/example_xcom.py took 0.566 seconds
[2023-06-17T02:25:33.395+0000] {processor.py:157} INFO - Started process (PID=940) to work on /home/airflow/.local/lib/python3.7/site-packages/airflow/example_dags/example_xcom.py
[2023-06-17T02:25:33.416+0000] {processor.py:826} INFO - Processing file /home/airflow/.local/lib/python3.7/site-packages/airflow/example_dags/example_xcom.py for tasks to queue
[2023-06-17T02:25:33.417+0000] {logging_mixin.py:149} INFO - [2023-06-17T02:25:33.417+0000] {dagbag.py:541} INFO - Filling up the DagBag from /home/airflow/.local/lib/python3.7/site-packages/airflow/example_dags/example_xcom.py
[2023-06-17T02:25:33.427+0000] {processor.py:836} INFO - DAG(s) dict_keys(['example_xcom']) retrieved from /home/airflow/.local/lib/python3.7/site-packages/airflow/example_dags/example_xcom.py
[2023-06-17T02:25:33.459+0000] {logging_mixin.py:149} INFO - [2023-06-17T02:25:33.459+0000] {dag.py:2726} INFO - Sync 1 DAGs
[2023-06-17T02:25:33.499+0000] {logging_mixin.py:149} INFO - [2023-06-17T02:25:33.498+0000] {dag.py:3490} INFO - Setting next_dagrun for example_xcom to 2021-01-01T00:00:00+00:00, run_after=2021-01-01T00:00:00+00:00
[2023-06-17T02:25:33.537+0000] {processor.py:179} INFO - Processing /home/airflow/.local/lib/python3.7/site-packages/airflow/example_dags/example_xcom.py took 0.145 seconds
[2023-06-17T02:26:04.631+0000] {processor.py:157} INFO - Started process (PID=993) to work on /home/airflow/.local/lib/python3.7/site-packages/airflow/example_dags/example_xcom.py
[2023-06-17T02:26:04.755+0000] {processor.py:826} INFO - Processing file /home/airflow/.local/lib/python3.7/site-packages/airflow/example_dags/example_xcom.py for tasks to queue
[2023-06-17T02:26:04.756+0000] {logging_mixin.py:149} INFO - [2023-06-17T02:26:04.756+0000] {dagbag.py:541} INFO - Filling up the DagBag from /home/airflow/.local/lib/python3.7/site-packages/airflow/example_dags/example_xcom.py
[2023-06-17T02:26:04.766+0000] {processor.py:836} INFO - DAG(s) dict_keys(['example_xcom']) retrieved from /home/airflow/.local/lib/python3.7/site-packages/airflow/example_dags/example_xcom.py
[2023-06-17T02:26:04.804+0000] {logging_mixin.py:149} INFO - [2023-06-17T02:26:04.803+0000] {dag.py:2726} INFO - Sync 1 DAGs
[2023-06-17T02:26:04.847+0000] {logging_mixin.py:149} INFO - [2023-06-17T02:26:04.846+0000] {dag.py:3490} INFO - Setting next_dagrun for example_xcom to 2021-01-01T00:00:00+00:00, run_after=2021-01-01T00:00:00+00:00
[2023-06-17T02:26:04.904+0000] {processor.py:179} INFO - Processing /home/airflow/.local/lib/python3.7/site-packages/airflow/example_dags/example_xcom.py took 0.279 seconds
[2023-06-17T02:26:35.006+0000] {processor.py:157} INFO - Started process (PID=1054) to work on /home/airflow/.local/lib/python3.7/site-packages/airflow/example_dags/example_xcom.py
[2023-06-17T02:26:35.011+0000] {processor.py:826} INFO - Processing file /home/airflow/.local/lib/python3.7/site-packages/airflow/example_dags/example_xcom.py for tasks to queue
[2023-06-17T02:26:35.012+0000] {logging_mixin.py:149} INFO - [2023-06-17T02:26:35.012+0000] {dagbag.py:541} INFO - Filling up the DagBag from /home/airflow/.local/lib/python3.7/site-packages/airflow/example_dags/example_xcom.py
[2023-06-17T02:26:35.022+0000] {processor.py:836} INFO - DAG(s) dict_keys(['example_xcom']) retrieved from /home/airflow/.local/lib/python3.7/site-packages/airflow/example_dags/example_xcom.py
[2023-06-17T02:26:35.056+0000] {logging_mixin.py:149} INFO - [2023-06-17T02:26:35.056+0000] {dag.py:2726} INFO - Sync 1 DAGs
[2023-06-17T02:26:35.100+0000] {logging_mixin.py:149} INFO - [2023-06-17T02:26:35.099+0000] {dag.py:3490} INFO - Setting next_dagrun for example_xcom to 2021-01-01T00:00:00+00:00, run_after=2021-01-01T00:00:00+00:00
[2023-06-17T02:26:35.141+0000] {processor.py:179} INFO - Processing /home/airflow/.local/lib/python3.7/site-packages/airflow/example_dags/example_xcom.py took 0.139 seconds
[2023-06-17T02:27:13.125+0000] {processor.py:157} INFO - Started process (PID=1082) to work on /home/airflow/.local/lib/python3.7/site-packages/airflow/example_dags/example_xcom.py
[2023-06-17T02:27:13.191+0000] {processor.py:826} INFO - Processing file /home/airflow/.local/lib/python3.7/site-packages/airflow/example_dags/example_xcom.py for tasks to queue
[2023-06-17T02:27:13.191+0000] {logging_mixin.py:149} INFO - [2023-06-17T02:27:13.191+0000] {dagbag.py:541} INFO - Filling up the DagBag from /home/airflow/.local/lib/python3.7/site-packages/airflow/example_dags/example_xcom.py
[2023-06-17T02:27:13.198+0000] {processor.py:836} INFO - DAG(s) dict_keys(['example_xcom']) retrieved from /home/airflow/.local/lib/python3.7/site-packages/airflow/example_dags/example_xcom.py
[2023-06-17T02:27:13.223+0000] {logging_mixin.py:149} INFO - [2023-06-17T02:27:13.223+0000] {dag.py:2726} INFO - Sync 1 DAGs
[2023-06-17T02:27:13.249+0000] {logging_mixin.py:149} INFO - [2023-06-17T02:27:13.248+0000] {dag.py:3490} INFO - Setting next_dagrun for example_xcom to 2021-01-01T00:00:00+00:00, run_after=2021-01-01T00:00:00+00:00
[2023-06-17T02:27:13.377+0000] {processor.py:179} INFO - Processing /home/airflow/.local/lib/python3.7/site-packages/airflow/example_dags/example_xcom.py took 0.255 seconds
[2023-06-17T02:27:45.160+0000] {processor.py:157} INFO - Started process (PID=1143) to work on /home/airflow/.local/lib/python3.7/site-packages/airflow/example_dags/example_xcom.py
[2023-06-17T02:27:45.202+0000] {processor.py:826} INFO - Processing file /home/airflow/.local/lib/python3.7/site-packages/airflow/example_dags/example_xcom.py for tasks to queue
[2023-06-17T02:27:45.204+0000] {logging_mixin.py:149} INFO - [2023-06-17T02:27:45.203+0000] {dagbag.py:541} INFO - Filling up the DagBag from /home/airflow/.local/lib/python3.7/site-packages/airflow/example_dags/example_xcom.py
[2023-06-17T02:27:45.210+0000] {processor.py:836} INFO - DAG(s) dict_keys(['example_xcom']) retrieved from /home/airflow/.local/lib/python3.7/site-packages/airflow/example_dags/example_xcom.py
[2023-06-17T02:27:45.232+0000] {logging_mixin.py:149} INFO - [2023-06-17T02:27:45.232+0000] {dag.py:2726} INFO - Sync 1 DAGs
[2023-06-17T02:27:45.260+0000] {logging_mixin.py:149} INFO - [2023-06-17T02:27:45.260+0000] {dag.py:3490} INFO - Setting next_dagrun for example_xcom to 2021-01-01T00:00:00+00:00, run_after=2021-01-01T00:00:00+00:00
[2023-06-17T02:27:45.527+0000] {processor.py:179} INFO - Processing /home/airflow/.local/lib/python3.7/site-packages/airflow/example_dags/example_xcom.py took 0.369 seconds
[2023-06-17T02:28:15.673+0000] {processor.py:157} INFO - Started process (PID=1195) to work on /home/airflow/.local/lib/python3.7/site-packages/airflow/example_dags/example_xcom.py
[2023-06-17T02:28:15.673+0000] {processor.py:826} INFO - Processing file /home/airflow/.local/lib/python3.7/site-packages/airflow/example_dags/example_xcom.py for tasks to queue
[2023-06-17T02:28:15.674+0000] {logging_mixin.py:149} INFO - [2023-06-17T02:28:15.674+0000] {dagbag.py:541} INFO - Filling up the DagBag from /home/airflow/.local/lib/python3.7/site-packages/airflow/example_dags/example_xcom.py
[2023-06-17T02:28:15.683+0000] {processor.py:836} INFO - DAG(s) dict_keys(['example_xcom']) retrieved from /home/airflow/.local/lib/python3.7/site-packages/airflow/example_dags/example_xcom.py
[2023-06-17T02:28:15.711+0000] {logging_mixin.py:149} INFO - [2023-06-17T02:28:15.710+0000] {dag.py:2726} INFO - Sync 1 DAGs
[2023-06-17T02:28:15.738+0000] {logging_mixin.py:149} INFO - [2023-06-17T02:28:15.738+0000] {dag.py:3490} INFO - Setting next_dagrun for example_xcom to 2021-01-01T00:00:00+00:00, run_after=2021-01-01T00:00:00+00:00
[2023-06-17T02:28:15.813+0000] {processor.py:179} INFO - Processing /home/airflow/.local/lib/python3.7/site-packages/airflow/example_dags/example_xcom.py took 0.144 seconds
[2023-06-17T02:28:46.468+0000] {processor.py:157} INFO - Started process (PID=1255) to work on /home/airflow/.local/lib/python3.7/site-packages/airflow/example_dags/example_xcom.py
[2023-06-17T02:28:46.521+0000] {processor.py:826} INFO - Processing file /home/airflow/.local/lib/python3.7/site-packages/airflow/example_dags/example_xcom.py for tasks to queue
[2023-06-17T02:28:46.521+0000] {logging_mixin.py:149} INFO - [2023-06-17T02:28:46.521+0000] {dagbag.py:541} INFO - Filling up the DagBag from /home/airflow/.local/lib/python3.7/site-packages/airflow/example_dags/example_xcom.py
[2023-06-17T02:28:46.529+0000] {processor.py:836} INFO - DAG(s) dict_keys(['example_xcom']) retrieved from /home/airflow/.local/lib/python3.7/site-packages/airflow/example_dags/example_xcom.py
[2023-06-17T02:28:46.562+0000] {logging_mixin.py:149} INFO - [2023-06-17T02:28:46.561+0000] {dag.py:2726} INFO - Sync 1 DAGs
[2023-06-17T02:28:46.603+0000] {logging_mixin.py:149} INFO - [2023-06-17T02:28:46.603+0000] {dag.py:3490} INFO - Setting next_dagrun for example_xcom to 2021-01-01T00:00:00+00:00, run_after=2021-01-01T00:00:00+00:00
[2023-06-17T02:28:46.682+0000] {processor.py:179} INFO - Processing /home/airflow/.local/lib/python3.7/site-packages/airflow/example_dags/example_xcom.py took 0.217 seconds
[2023-06-17T02:29:17.831+0000] {processor.py:157} INFO - Started process (PID=1316) to work on /home/airflow/.local/lib/python3.7/site-packages/airflow/example_dags/example_xcom.py
[2023-06-17T02:29:17.956+0000] {processor.py:826} INFO - Processing file /home/airflow/.local/lib/python3.7/site-packages/airflow/example_dags/example_xcom.py for tasks to queue
[2023-06-17T02:29:17.958+0000] {logging_mixin.py:149} INFO - [2023-06-17T02:29:17.958+0000] {dagbag.py:541} INFO - Filling up the DagBag from /home/airflow/.local/lib/python3.7/site-packages/airflow/example_dags/example_xcom.py
[2023-06-17T02:29:17.988+0000] {processor.py:836} INFO - DAG(s) dict_keys(['example_xcom']) retrieved from /home/airflow/.local/lib/python3.7/site-packages/airflow/example_dags/example_xcom.py
[2023-06-17T02:29:18.021+0000] {logging_mixin.py:149} INFO - [2023-06-17T02:29:18.021+0000] {dag.py:2726} INFO - Sync 1 DAGs
[2023-06-17T02:29:18.051+0000] {logging_mixin.py:149} INFO - [2023-06-17T02:29:18.050+0000] {dag.py:3490} INFO - Setting next_dagrun for example_xcom to 2021-01-01T00:00:00+00:00, run_after=2021-01-01T00:00:00+00:00
[2023-06-17T02:29:18.236+0000] {processor.py:179} INFO - Processing /home/airflow/.local/lib/python3.7/site-packages/airflow/example_dags/example_xcom.py took 0.413 seconds
[2023-06-17T02:31:46.210+0000] {processor.py:157} INFO - Started process (PID=1389) to work on /home/airflow/.local/lib/python3.7/site-packages/airflow/example_dags/example_xcom.py
[2023-06-17T02:31:46.483+0000] {processor.py:826} INFO - Processing file /home/airflow/.local/lib/python3.7/site-packages/airflow/example_dags/example_xcom.py for tasks to queue
[2023-06-17T02:31:46.486+0000] {logging_mixin.py:149} INFO - [2023-06-17T02:31:46.486+0000] {dagbag.py:541} INFO - Filling up the DagBag from /home/airflow/.local/lib/python3.7/site-packages/airflow/example_dags/example_xcom.py
[2023-06-17T02:31:46.512+0000] {processor.py:836} INFO - DAG(s) dict_keys(['example_xcom']) retrieved from /home/airflow/.local/lib/python3.7/site-packages/airflow/example_dags/example_xcom.py
[2023-06-17T02:31:46.744+0000] {logging_mixin.py:149} INFO - [2023-06-17T02:31:46.743+0000] {dag.py:2726} INFO - Sync 1 DAGs
[2023-06-17T02:31:46.775+0000] {logging_mixin.py:149} INFO - [2023-06-17T02:31:46.774+0000] {dag.py:3490} INFO - Setting next_dagrun for example_xcom to 2021-01-01T00:00:00+00:00, run_after=2021-01-01T00:00:00+00:00
[2023-06-17T02:31:46.946+0000] {processor.py:179} INFO - Processing /home/airflow/.local/lib/python3.7/site-packages/airflow/example_dags/example_xcom.py took 0.738 seconds
[2023-06-17T02:32:36.037+0000] {processor.py:157} INFO - Started process (PID=1453) to work on /home/airflow/.local/lib/python3.7/site-packages/airflow/example_dags/example_xcom.py
[2023-06-17T02:32:36.120+0000] {processor.py:826} INFO - Processing file /home/airflow/.local/lib/python3.7/site-packages/airflow/example_dags/example_xcom.py for tasks to queue
[2023-06-17T02:32:36.121+0000] {logging_mixin.py:149} INFO - [2023-06-17T02:32:36.121+0000] {dagbag.py:541} INFO - Filling up the DagBag from /home/airflow/.local/lib/python3.7/site-packages/airflow/example_dags/example_xcom.py
[2023-06-17T02:32:36.127+0000] {processor.py:836} INFO - DAG(s) dict_keys(['example_xcom']) retrieved from /home/airflow/.local/lib/python3.7/site-packages/airflow/example_dags/example_xcom.py
[2023-06-17T02:32:36.151+0000] {logging_mixin.py:149} INFO - [2023-06-17T02:32:36.151+0000] {dag.py:2726} INFO - Sync 1 DAGs
[2023-06-17T02:32:36.180+0000] {logging_mixin.py:149} INFO - [2023-06-17T02:32:36.179+0000] {dag.py:3490} INFO - Setting next_dagrun for example_xcom to 2021-01-01T00:00:00+00:00, run_after=2021-01-01T00:00:00+00:00
[2023-06-17T02:32:36.321+0000] {processor.py:179} INFO - Processing /home/airflow/.local/lib/python3.7/site-packages/airflow/example_dags/example_xcom.py took 0.288 seconds
[2023-06-17T02:33:06.392+0000] {processor.py:157} INFO - Started process (PID=1506) to work on /home/airflow/.local/lib/python3.7/site-packages/airflow/example_dags/example_xcom.py
[2023-06-17T02:33:06.444+0000] {processor.py:826} INFO - Processing file /home/airflow/.local/lib/python3.7/site-packages/airflow/example_dags/example_xcom.py for tasks to queue
[2023-06-17T02:33:06.445+0000] {logging_mixin.py:149} INFO - [2023-06-17T02:33:06.445+0000] {dagbag.py:541} INFO - Filling up the DagBag from /home/airflow/.local/lib/python3.7/site-packages/airflow/example_dags/example_xcom.py
[2023-06-17T02:33:06.456+0000] {processor.py:836} INFO - DAG(s) dict_keys(['example_xcom']) retrieved from /home/airflow/.local/lib/python3.7/site-packages/airflow/example_dags/example_xcom.py
[2023-06-17T02:33:06.496+0000] {logging_mixin.py:149} INFO - [2023-06-17T02:33:06.495+0000] {dag.py:2726} INFO - Sync 1 DAGs
[2023-06-17T02:33:06.545+0000] {logging_mixin.py:149} INFO - [2023-06-17T02:33:06.544+0000] {dag.py:3490} INFO - Setting next_dagrun for example_xcom to 2021-01-01T00:00:00+00:00, run_after=2021-01-01T00:00:00+00:00
[2023-06-17T02:33:06.630+0000] {processor.py:179} INFO - Processing /home/airflow/.local/lib/python3.7/site-packages/airflow/example_dags/example_xcom.py took 0.241 seconds
[2023-06-17T02:33:37.295+0000] {processor.py:157} INFO - Started process (PID=1567) to work on /home/airflow/.local/lib/python3.7/site-packages/airflow/example_dags/example_xcom.py
[2023-06-17T02:33:37.304+0000] {processor.py:826} INFO - Processing file /home/airflow/.local/lib/python3.7/site-packages/airflow/example_dags/example_xcom.py for tasks to queue
[2023-06-17T02:33:37.305+0000] {logging_mixin.py:149} INFO - [2023-06-17T02:33:37.304+0000] {dagbag.py:541} INFO - Filling up the DagBag from /home/airflow/.local/lib/python3.7/site-packages/airflow/example_dags/example_xcom.py
[2023-06-17T02:33:37.313+0000] {processor.py:836} INFO - DAG(s) dict_keys(['example_xcom']) retrieved from /home/airflow/.local/lib/python3.7/site-packages/airflow/example_dags/example_xcom.py
[2023-06-17T02:33:37.342+0000] {logging_mixin.py:149} INFO - [2023-06-17T02:33:37.342+0000] {dag.py:2726} INFO - Sync 1 DAGs
[2023-06-17T02:33:37.377+0000] {logging_mixin.py:149} INFO - [2023-06-17T02:33:37.377+0000] {dag.py:3490} INFO - Setting next_dagrun for example_xcom to 2021-01-01T00:00:00+00:00, run_after=2021-01-01T00:00:00+00:00
[2023-06-17T02:33:37.432+0000] {processor.py:179} INFO - Processing /home/airflow/.local/lib/python3.7/site-packages/airflow/example_dags/example_xcom.py took 0.140 seconds
[2023-06-17T02:34:07.451+0000] {processor.py:157} INFO - Started process (PID=1619) to work on /home/airflow/.local/lib/python3.7/site-packages/airflow/example_dags/example_xcom.py
[2023-06-17T02:34:07.473+0000] {processor.py:826} INFO - Processing file /home/airflow/.local/lib/python3.7/site-packages/airflow/example_dags/example_xcom.py for tasks to queue
[2023-06-17T02:34:07.474+0000] {logging_mixin.py:149} INFO - [2023-06-17T02:34:07.473+0000] {dagbag.py:541} INFO - Filling up the DagBag from /home/airflow/.local/lib/python3.7/site-packages/airflow/example_dags/example_xcom.py
[2023-06-17T02:34:07.481+0000] {processor.py:836} INFO - DAG(s) dict_keys(['example_xcom']) retrieved from /home/airflow/.local/lib/python3.7/site-packages/airflow/example_dags/example_xcom.py
[2023-06-17T02:34:07.504+0000] {logging_mixin.py:149} INFO - [2023-06-17T02:34:07.503+0000] {dag.py:2726} INFO - Sync 1 DAGs
[2023-06-17T02:34:07.536+0000] {logging_mixin.py:149} INFO - [2023-06-17T02:34:07.536+0000] {dag.py:3490} INFO - Setting next_dagrun for example_xcom to 2021-01-01T00:00:00+00:00, run_after=2021-01-01T00:00:00+00:00
[2023-06-17T02:34:07.702+0000] {processor.py:179} INFO - Processing /home/airflow/.local/lib/python3.7/site-packages/airflow/example_dags/example_xcom.py took 0.254 seconds
[2023-06-17T02:34:37.758+0000] {processor.py:157} INFO - Started process (PID=1680) to work on /home/airflow/.local/lib/python3.7/site-packages/airflow/example_dags/example_xcom.py
[2023-06-17T02:34:37.776+0000] {processor.py:826} INFO - Processing file /home/airflow/.local/lib/python3.7/site-packages/airflow/example_dags/example_xcom.py for tasks to queue
[2023-06-17T02:34:37.777+0000] {logging_mixin.py:149} INFO - [2023-06-17T02:34:37.777+0000] {dagbag.py:541} INFO - Filling up the DagBag from /home/airflow/.local/lib/python3.7/site-packages/airflow/example_dags/example_xcom.py
[2023-06-17T02:34:37.786+0000] {processor.py:836} INFO - DAG(s) dict_keys(['example_xcom']) retrieved from /home/airflow/.local/lib/python3.7/site-packages/airflow/example_dags/example_xcom.py
[2023-06-17T02:34:37.817+0000] {logging_mixin.py:149} INFO - [2023-06-17T02:34:37.817+0000] {dag.py:2726} INFO - Sync 1 DAGs
[2023-06-17T02:34:37.853+0000] {logging_mixin.py:149} INFO - [2023-06-17T02:34:37.853+0000] {dag.py:3490} INFO - Setting next_dagrun for example_xcom to 2021-01-01T00:00:00+00:00, run_after=2021-01-01T00:00:00+00:00
[2023-06-17T02:34:37.891+0000] {processor.py:179} INFO - Processing /home/airflow/.local/lib/python3.7/site-packages/airflow/example_dags/example_xcom.py took 0.136 seconds
[2023-06-17T02:35:08.547+0000] {processor.py:157} INFO - Started process (PID=1740) to work on /home/airflow/.local/lib/python3.7/site-packages/airflow/example_dags/example_xcom.py
[2023-06-17T02:35:08.551+0000] {processor.py:826} INFO - Processing file /home/airflow/.local/lib/python3.7/site-packages/airflow/example_dags/example_xcom.py for tasks to queue
[2023-06-17T02:35:08.552+0000] {logging_mixin.py:149} INFO - [2023-06-17T02:35:08.552+0000] {dagbag.py:541} INFO - Filling up the DagBag from /home/airflow/.local/lib/python3.7/site-packages/airflow/example_dags/example_xcom.py
[2023-06-17T02:35:08.567+0000] {processor.py:836} INFO - DAG(s) dict_keys(['example_xcom']) retrieved from /home/airflow/.local/lib/python3.7/site-packages/airflow/example_dags/example_xcom.py
[2023-06-17T02:35:08.607+0000] {logging_mixin.py:149} INFO - [2023-06-17T02:35:08.607+0000] {dag.py:2726} INFO - Sync 1 DAGs
[2023-06-17T02:35:08.653+0000] {logging_mixin.py:149} INFO - [2023-06-17T02:35:08.653+0000] {dag.py:3490} INFO - Setting next_dagrun for example_xcom to 2021-01-01T00:00:00+00:00, run_after=2021-01-01T00:00:00+00:00
[2023-06-17T02:35:08.697+0000] {processor.py:179} INFO - Processing /home/airflow/.local/lib/python3.7/site-packages/airflow/example_dags/example_xcom.py took 0.156 seconds
[2023-06-17T02:35:39.636+0000] {processor.py:157} INFO - Started process (PID=1801) to work on /home/airflow/.local/lib/python3.7/site-packages/airflow/example_dags/example_xcom.py
[2023-06-17T02:35:39.646+0000] {processor.py:826} INFO - Processing file /home/airflow/.local/lib/python3.7/site-packages/airflow/example_dags/example_xcom.py for tasks to queue
[2023-06-17T02:35:39.647+0000] {logging_mixin.py:149} INFO - [2023-06-17T02:35:39.647+0000] {dagbag.py:541} INFO - Filling up the DagBag from /home/airflow/.local/lib/python3.7/site-packages/airflow/example_dags/example_xcom.py
[2023-06-17T02:35:39.656+0000] {processor.py:836} INFO - DAG(s) dict_keys(['example_xcom']) retrieved from /home/airflow/.local/lib/python3.7/site-packages/airflow/example_dags/example_xcom.py
[2023-06-17T02:35:39.683+0000] {logging_mixin.py:149} INFO - [2023-06-17T02:35:39.683+0000] {dag.py:2726} INFO - Sync 1 DAGs
[2023-06-17T02:35:39.717+0000] {logging_mixin.py:149} INFO - [2023-06-17T02:35:39.716+0000] {dag.py:3490} INFO - Setting next_dagrun for example_xcom to 2021-01-01T00:00:00+00:00, run_after=2021-01-01T00:00:00+00:00
[2023-06-17T02:35:39.752+0000] {processor.py:179} INFO - Processing /home/airflow/.local/lib/python3.7/site-packages/airflow/example_dags/example_xcom.py took 0.119 seconds
[2023-06-17T02:36:10.216+0000] {processor.py:157} INFO - Started process (PID=1862) to work on /home/airflow/.local/lib/python3.7/site-packages/airflow/example_dags/example_xcom.py
[2023-06-17T02:36:10.221+0000] {processor.py:826} INFO - Processing file /home/airflow/.local/lib/python3.7/site-packages/airflow/example_dags/example_xcom.py for tasks to queue
[2023-06-17T02:36:10.221+0000] {logging_mixin.py:149} INFO - [2023-06-17T02:36:10.221+0000] {dagbag.py:541} INFO - Filling up the DagBag from /home/airflow/.local/lib/python3.7/site-packages/airflow/example_dags/example_xcom.py
[2023-06-17T02:36:10.230+0000] {processor.py:836} INFO - DAG(s) dict_keys(['example_xcom']) retrieved from /home/airflow/.local/lib/python3.7/site-packages/airflow/example_dags/example_xcom.py
[2023-06-17T02:36:10.259+0000] {logging_mixin.py:149} INFO - [2023-06-17T02:36:10.258+0000] {dag.py:2726} INFO - Sync 1 DAGs
[2023-06-17T02:36:10.294+0000] {logging_mixin.py:149} INFO - [2023-06-17T02:36:10.294+0000] {dag.py:3490} INFO - Setting next_dagrun for example_xcom to 2021-01-01T00:00:00+00:00, run_after=2021-01-01T00:00:00+00:00
[2023-06-17T02:36:10.332+0000] {processor.py:179} INFO - Processing /home/airflow/.local/lib/python3.7/site-packages/airflow/example_dags/example_xcom.py took 0.119 seconds
[2023-06-17T02:36:40.644+0000] {processor.py:157} INFO - Started process (PID=1923) to work on /home/airflow/.local/lib/python3.7/site-packages/airflow/example_dags/example_xcom.py
[2023-06-17T02:36:40.693+0000] {processor.py:826} INFO - Processing file /home/airflow/.local/lib/python3.7/site-packages/airflow/example_dags/example_xcom.py for tasks to queue
[2023-06-17T02:36:40.694+0000] {logging_mixin.py:149} INFO - [2023-06-17T02:36:40.693+0000] {dagbag.py:541} INFO - Filling up the DagBag from /home/airflow/.local/lib/python3.7/site-packages/airflow/example_dags/example_xcom.py
[2023-06-17T02:36:40.700+0000] {processor.py:836} INFO - DAG(s) dict_keys(['example_xcom']) retrieved from /home/airflow/.local/lib/python3.7/site-packages/airflow/example_dags/example_xcom.py
[2023-06-17T02:36:40.725+0000] {logging_mixin.py:149} INFO - [2023-06-17T02:36:40.725+0000] {dag.py:2726} INFO - Sync 1 DAGs
[2023-06-17T02:36:40.755+0000] {logging_mixin.py:149} INFO - [2023-06-17T02:36:40.755+0000] {dag.py:3490} INFO - Setting next_dagrun for example_xcom to 2021-01-01T00:00:00+00:00, run_after=2021-01-01T00:00:00+00:00
[2023-06-17T02:36:40.916+0000] {processor.py:179} INFO - Processing /home/airflow/.local/lib/python3.7/site-packages/airflow/example_dags/example_xcom.py took 0.275 seconds
[2023-06-17T02:37:11.203+0000] {processor.py:157} INFO - Started process (PID=1984) to work on /home/airflow/.local/lib/python3.7/site-packages/airflow/example_dags/example_xcom.py
[2023-06-17T02:37:11.223+0000] {processor.py:826} INFO - Processing file /home/airflow/.local/lib/python3.7/site-packages/airflow/example_dags/example_xcom.py for tasks to queue
[2023-06-17T02:37:11.224+0000] {logging_mixin.py:149} INFO - [2023-06-17T02:37:11.224+0000] {dagbag.py:541} INFO - Filling up the DagBag from /home/airflow/.local/lib/python3.7/site-packages/airflow/example_dags/example_xcom.py
[2023-06-17T02:37:11.232+0000] {processor.py:836} INFO - DAG(s) dict_keys(['example_xcom']) retrieved from /home/airflow/.local/lib/python3.7/site-packages/airflow/example_dags/example_xcom.py
[2023-06-17T02:37:11.262+0000] {logging_mixin.py:149} INFO - [2023-06-17T02:37:11.262+0000] {dag.py:2726} INFO - Sync 1 DAGs
[2023-06-17T02:37:11.297+0000] {logging_mixin.py:149} INFO - [2023-06-17T02:37:11.297+0000] {dag.py:3490} INFO - Setting next_dagrun for example_xcom to 2021-01-01T00:00:00+00:00, run_after=2021-01-01T00:00:00+00:00
[2023-06-17T02:37:11.330+0000] {processor.py:179} INFO - Processing /home/airflow/.local/lib/python3.7/site-packages/airflow/example_dags/example_xcom.py took 0.130 seconds
[2023-06-17T02:37:42.053+0000] {processor.py:157} INFO - Started process (PID=2045) to work on /home/airflow/.local/lib/python3.7/site-packages/airflow/example_dags/example_xcom.py
[2023-06-17T02:37:42.263+0000] {processor.py:826} INFO - Processing file /home/airflow/.local/lib/python3.7/site-packages/airflow/example_dags/example_xcom.py for tasks to queue
[2023-06-17T02:37:42.266+0000] {logging_mixin.py:149} INFO - [2023-06-17T02:37:42.265+0000] {dagbag.py:541} INFO - Filling up the DagBag from /home/airflow/.local/lib/python3.7/site-packages/airflow/example_dags/example_xcom.py
[2023-06-17T02:37:42.275+0000] {processor.py:836} INFO - DAG(s) dict_keys(['example_xcom']) retrieved from /home/airflow/.local/lib/python3.7/site-packages/airflow/example_dags/example_xcom.py
[2023-06-17T02:37:42.298+0000] {logging_mixin.py:149} INFO - [2023-06-17T02:37:42.297+0000] {dag.py:2726} INFO - Sync 1 DAGs
[2023-06-17T02:37:42.323+0000] {logging_mixin.py:149} INFO - [2023-06-17T02:37:42.322+0000] {dag.py:3490} INFO - Setting next_dagrun for example_xcom to 2021-01-01T00:00:00+00:00, run_after=2021-01-01T00:00:00+00:00
[2023-06-17T02:37:42.694+0000] {processor.py:179} INFO - Processing /home/airflow/.local/lib/python3.7/site-packages/airflow/example_dags/example_xcom.py took 0.646 seconds
[2023-06-17T02:38:12.723+0000] {processor.py:157} INFO - Started process (PID=2106) to work on /home/airflow/.local/lib/python3.7/site-packages/airflow/example_dags/example_xcom.py
[2023-06-17T02:38:12.756+0000] {processor.py:826} INFO - Processing file /home/airflow/.local/lib/python3.7/site-packages/airflow/example_dags/example_xcom.py for tasks to queue
[2023-06-17T02:38:12.756+0000] {logging_mixin.py:149} INFO - [2023-06-17T02:38:12.756+0000] {dagbag.py:541} INFO - Filling up the DagBag from /home/airflow/.local/lib/python3.7/site-packages/airflow/example_dags/example_xcom.py
[2023-06-17T02:38:12.763+0000] {processor.py:836} INFO - DAG(s) dict_keys(['example_xcom']) retrieved from /home/airflow/.local/lib/python3.7/site-packages/airflow/example_dags/example_xcom.py
[2023-06-17T02:38:12.784+0000] {logging_mixin.py:149} INFO - [2023-06-17T02:38:12.784+0000] {dag.py:2726} INFO - Sync 1 DAGs
[2023-06-17T02:38:12.812+0000] {logging_mixin.py:149} INFO - [2023-06-17T02:38:12.812+0000] {dag.py:3490} INFO - Setting next_dagrun for example_xcom to 2021-01-01T00:00:00+00:00, run_after=2021-01-01T00:00:00+00:00
[2023-06-17T02:38:13.167+0000] {processor.py:179} INFO - Processing /home/airflow/.local/lib/python3.7/site-packages/airflow/example_dags/example_xcom.py took 0.446 seconds
[2023-06-17T03:24:46.749+0000] {processor.py:157} INFO - Started process (PID=2119) to work on /home/airflow/.local/lib/python3.7/site-packages/airflow/example_dags/example_xcom.py
[2023-06-17T03:24:47.033+0000] {processor.py:826} INFO - Processing file /home/airflow/.local/lib/python3.7/site-packages/airflow/example_dags/example_xcom.py for tasks to queue
[2023-06-17T03:24:47.035+0000] {logging_mixin.py:149} INFO - [2023-06-17T03:24:47.035+0000] {dagbag.py:541} INFO - Filling up the DagBag from /home/airflow/.local/lib/python3.7/site-packages/airflow/example_dags/example_xcom.py
[2023-06-17T03:24:47.043+0000] {processor.py:836} INFO - DAG(s) dict_keys(['example_xcom']) retrieved from /home/airflow/.local/lib/python3.7/site-packages/airflow/example_dags/example_xcom.py
[2023-06-17T03:24:47.065+0000] {logging_mixin.py:149} INFO - [2023-06-17T03:24:47.065+0000] {dag.py:2726} INFO - Sync 1 DAGs
[2023-06-17T03:24:47.091+0000] {logging_mixin.py:149} INFO - [2023-06-17T03:24:47.091+0000] {dag.py:3490} INFO - Setting next_dagrun for example_xcom to 2021-01-01T00:00:00+00:00, run_after=2021-01-01T00:00:00+00:00
[2023-06-17T03:24:48.256+0000] {processor.py:179} INFO - Processing /home/airflow/.local/lib/python3.7/site-packages/airflow/example_dags/example_xcom.py took 1.510 seconds
[2023-06-17T03:25:18.348+0000] {processor.py:157} INFO - Started process (PID=2179) to work on /home/airflow/.local/lib/python3.7/site-packages/airflow/example_dags/example_xcom.py
[2023-06-17T03:25:18.440+0000] {processor.py:826} INFO - Processing file /home/airflow/.local/lib/python3.7/site-packages/airflow/example_dags/example_xcom.py for tasks to queue
[2023-06-17T03:25:18.441+0000] {logging_mixin.py:149} INFO - [2023-06-17T03:25:18.441+0000] {dagbag.py:541} INFO - Filling up the DagBag from /home/airflow/.local/lib/python3.7/site-packages/airflow/example_dags/example_xcom.py
[2023-06-17T03:25:18.452+0000] {processor.py:836} INFO - DAG(s) dict_keys(['example_xcom']) retrieved from /home/airflow/.local/lib/python3.7/site-packages/airflow/example_dags/example_xcom.py
[2023-06-17T03:25:18.495+0000] {logging_mixin.py:149} INFO - [2023-06-17T03:25:18.494+0000] {dag.py:2726} INFO - Sync 1 DAGs
[2023-06-17T03:25:18.540+0000] {logging_mixin.py:149} INFO - [2023-06-17T03:25:18.540+0000] {dag.py:3490} INFO - Setting next_dagrun for example_xcom to 2021-01-01T00:00:00+00:00, run_after=2021-01-01T00:00:00+00:00
[2023-06-17T03:25:18.579+0000] {processor.py:179} INFO - Processing /home/airflow/.local/lib/python3.7/site-packages/airflow/example_dags/example_xcom.py took 0.237 seconds
[2023-06-17T03:35:51.423+0000] {processor.py:157} INFO - Started process (PID=54) to work on /home/airflow/.local/lib/python3.7/site-packages/airflow/example_dags/example_xcom.py
[2023-06-17T03:35:51.475+0000] {processor.py:826} INFO - Processing file /home/airflow/.local/lib/python3.7/site-packages/airflow/example_dags/example_xcom.py for tasks to queue
[2023-06-17T03:35:51.476+0000] {logging_mixin.py:149} INFO - [2023-06-17T03:35:51.476+0000] {dagbag.py:541} INFO - Filling up the DagBag from /home/airflow/.local/lib/python3.7/site-packages/airflow/example_dags/example_xcom.py
[2023-06-17T03:35:51.484+0000] {processor.py:836} INFO - DAG(s) dict_keys(['example_xcom']) retrieved from /home/airflow/.local/lib/python3.7/site-packages/airflow/example_dags/example_xcom.py
[2023-06-17T03:35:51.521+0000] {logging_mixin.py:149} INFO - [2023-06-17T03:35:51.520+0000] {dag.py:2726} INFO - Sync 1 DAGs
[2023-06-17T03:35:51.559+0000] {logging_mixin.py:149} INFO - [2023-06-17T03:35:51.559+0000] {dag.py:3490} INFO - Setting next_dagrun for example_xcom to 2021-01-01T00:00:00+00:00, run_after=2021-01-01T00:00:00+00:00
[2023-06-17T03:35:51.667+0000] {processor.py:179} INFO - Processing /home/airflow/.local/lib/python3.7/site-packages/airflow/example_dags/example_xcom.py took 0.248 seconds
[2023-06-17T03:36:24.847+0000] {processor.py:157} INFO - Started process (PID=120) to work on /home/airflow/.local/lib/python3.7/site-packages/airflow/example_dags/example_xcom.py
[2023-06-17T03:36:25.088+0000] {processor.py:826} INFO - Processing file /home/airflow/.local/lib/python3.7/site-packages/airflow/example_dags/example_xcom.py for tasks to queue
[2023-06-17T03:36:25.091+0000] {logging_mixin.py:149} INFO - [2023-06-17T03:36:25.090+0000] {dagbag.py:541} INFO - Filling up the DagBag from /home/airflow/.local/lib/python3.7/site-packages/airflow/example_dags/example_xcom.py
[2023-06-17T03:36:25.115+0000] {processor.py:836} INFO - DAG(s) dict_keys(['example_xcom']) retrieved from /home/airflow/.local/lib/python3.7/site-packages/airflow/example_dags/example_xcom.py
[2023-06-17T03:36:25.162+0000] {logging_mixin.py:149} INFO - [2023-06-17T03:36:25.162+0000] {dag.py:2726} INFO - Sync 1 DAGs
[2023-06-17T03:36:25.191+0000] {logging_mixin.py:149} INFO - [2023-06-17T03:36:25.191+0000] {dag.py:3490} INFO - Setting next_dagrun for example_xcom to 2021-01-01T00:00:00+00:00, run_after=2021-01-01T00:00:00+00:00
[2023-06-17T03:36:25.372+0000] {processor.py:179} INFO - Processing /home/airflow/.local/lib/python3.7/site-packages/airflow/example_dags/example_xcom.py took 0.527 seconds
[2023-06-17T03:36:55.708+0000] {processor.py:157} INFO - Started process (PID=166) to work on /home/airflow/.local/lib/python3.7/site-packages/airflow/example_dags/example_xcom.py
[2023-06-17T03:36:55.722+0000] {processor.py:826} INFO - Processing file /home/airflow/.local/lib/python3.7/site-packages/airflow/example_dags/example_xcom.py for tasks to queue
[2023-06-17T03:36:55.723+0000] {logging_mixin.py:149} INFO - [2023-06-17T03:36:55.723+0000] {dagbag.py:541} INFO - Filling up the DagBag from /home/airflow/.local/lib/python3.7/site-packages/airflow/example_dags/example_xcom.py
[2023-06-17T03:36:55.730+0000] {processor.py:836} INFO - DAG(s) dict_keys(['example_xcom']) retrieved from /home/airflow/.local/lib/python3.7/site-packages/airflow/example_dags/example_xcom.py
[2023-06-17T03:36:55.754+0000] {logging_mixin.py:149} INFO - [2023-06-17T03:36:55.753+0000] {dag.py:2726} INFO - Sync 1 DAGs
[2023-06-17T03:36:55.784+0000] {logging_mixin.py:149} INFO - [2023-06-17T03:36:55.784+0000] {dag.py:3490} INFO - Setting next_dagrun for example_xcom to 2021-01-01T00:00:00+00:00, run_after=2021-01-01T00:00:00+00:00
[2023-06-17T03:36:55.967+0000] {processor.py:179} INFO - Processing /home/airflow/.local/lib/python3.7/site-packages/airflow/example_dags/example_xcom.py took 0.262 seconds
[2023-06-17T03:37:26.230+0000] {processor.py:157} INFO - Started process (PID=228) to work on /home/airflow/.local/lib/python3.7/site-packages/airflow/example_dags/example_xcom.py
[2023-06-17T03:37:26.274+0000] {processor.py:826} INFO - Processing file /home/airflow/.local/lib/python3.7/site-packages/airflow/example_dags/example_xcom.py for tasks to queue
[2023-06-17T03:37:26.275+0000] {logging_mixin.py:149} INFO - [2023-06-17T03:37:26.274+0000] {dagbag.py:541} INFO - Filling up the DagBag from /home/airflow/.local/lib/python3.7/site-packages/airflow/example_dags/example_xcom.py
[2023-06-17T03:37:26.282+0000] {processor.py:836} INFO - DAG(s) dict_keys(['example_xcom']) retrieved from /home/airflow/.local/lib/python3.7/site-packages/airflow/example_dags/example_xcom.py
[2023-06-17T03:37:26.417+0000] {logging_mixin.py:149} INFO - [2023-06-17T03:37:26.417+0000] {dag.py:2726} INFO - Sync 1 DAGs
[2023-06-17T03:37:26.450+0000] {logging_mixin.py:149} INFO - [2023-06-17T03:37:26.450+0000] {dag.py:3490} INFO - Setting next_dagrun for example_xcom to 2021-01-01T00:00:00+00:00, run_after=2021-01-01T00:00:00+00:00
[2023-06-17T03:37:26.585+0000] {processor.py:179} INFO - Processing /home/airflow/.local/lib/python3.7/site-packages/airflow/example_dags/example_xcom.py took 0.358 seconds
[2023-06-17T03:37:56.762+0000] {processor.py:157} INFO - Started process (PID=289) to work on /home/airflow/.local/lib/python3.7/site-packages/airflow/example_dags/example_xcom.py
[2023-06-17T03:37:56.783+0000] {processor.py:826} INFO - Processing file /home/airflow/.local/lib/python3.7/site-packages/airflow/example_dags/example_xcom.py for tasks to queue
[2023-06-17T03:37:56.784+0000] {logging_mixin.py:149} INFO - [2023-06-17T03:37:56.783+0000] {dagbag.py:541} INFO - Filling up the DagBag from /home/airflow/.local/lib/python3.7/site-packages/airflow/example_dags/example_xcom.py
[2023-06-17T03:37:56.798+0000] {processor.py:836} INFO - DAG(s) dict_keys(['example_xcom']) retrieved from /home/airflow/.local/lib/python3.7/site-packages/airflow/example_dags/example_xcom.py
[2023-06-17T03:37:56.845+0000] {logging_mixin.py:149} INFO - [2023-06-17T03:37:56.845+0000] {dag.py:2726} INFO - Sync 1 DAGs
[2023-06-17T03:37:56.902+0000] {logging_mixin.py:149} INFO - [2023-06-17T03:37:56.902+0000] {dag.py:3490} INFO - Setting next_dagrun for example_xcom to 2021-01-01T00:00:00+00:00, run_after=2021-01-01T00:00:00+00:00
[2023-06-17T03:37:56.939+0000] {processor.py:179} INFO - Processing /home/airflow/.local/lib/python3.7/site-packages/airflow/example_dags/example_xcom.py took 0.181 seconds
[2023-06-17T03:38:27.582+0000] {processor.py:157} INFO - Started process (PID=350) to work on /home/airflow/.local/lib/python3.7/site-packages/airflow/example_dags/example_xcom.py
[2023-06-17T03:38:27.617+0000] {processor.py:826} INFO - Processing file /home/airflow/.local/lib/python3.7/site-packages/airflow/example_dags/example_xcom.py for tasks to queue
[2023-06-17T03:38:27.618+0000] {logging_mixin.py:149} INFO - [2023-06-17T03:38:27.618+0000] {dagbag.py:541} INFO - Filling up the DagBag from /home/airflow/.local/lib/python3.7/site-packages/airflow/example_dags/example_xcom.py
[2023-06-17T03:38:27.630+0000] {processor.py:836} INFO - DAG(s) dict_keys(['example_xcom']) retrieved from /home/airflow/.local/lib/python3.7/site-packages/airflow/example_dags/example_xcom.py
[2023-06-17T03:38:27.666+0000] {logging_mixin.py:149} INFO - [2023-06-17T03:38:27.666+0000] {dag.py:2726} INFO - Sync 1 DAGs
[2023-06-17T03:38:27.699+0000] {logging_mixin.py:149} INFO - [2023-06-17T03:38:27.699+0000] {dag.py:3490} INFO - Setting next_dagrun for example_xcom to 2021-01-01T00:00:00+00:00, run_after=2021-01-01T00:00:00+00:00
[2023-06-17T03:38:27.727+0000] {processor.py:179} INFO - Processing /home/airflow/.local/lib/python3.7/site-packages/airflow/example_dags/example_xcom.py took 0.148 seconds
[2023-06-17T03:38:58.687+0000] {processor.py:157} INFO - Started process (PID=411) to work on /home/airflow/.local/lib/python3.7/site-packages/airflow/example_dags/example_xcom.py
[2023-06-17T03:38:58.697+0000] {processor.py:826} INFO - Processing file /home/airflow/.local/lib/python3.7/site-packages/airflow/example_dags/example_xcom.py for tasks to queue
[2023-06-17T03:38:58.698+0000] {logging_mixin.py:149} INFO - [2023-06-17T03:38:58.698+0000] {dagbag.py:541} INFO - Filling up the DagBag from /home/airflow/.local/lib/python3.7/site-packages/airflow/example_dags/example_xcom.py
[2023-06-17T03:38:58.712+0000] {processor.py:836} INFO - DAG(s) dict_keys(['example_xcom']) retrieved from /home/airflow/.local/lib/python3.7/site-packages/airflow/example_dags/example_xcom.py
[2023-06-17T03:38:58.754+0000] {logging_mixin.py:149} INFO - [2023-06-17T03:38:58.753+0000] {dag.py:2726} INFO - Sync 1 DAGs
[2023-06-17T03:38:58.812+0000] {logging_mixin.py:149} INFO - [2023-06-17T03:38:58.812+0000] {dag.py:3490} INFO - Setting next_dagrun for example_xcom to 2021-01-01T00:00:00+00:00, run_after=2021-01-01T00:00:00+00:00
[2023-06-17T03:38:58.876+0000] {processor.py:179} INFO - Processing /home/airflow/.local/lib/python3.7/site-packages/airflow/example_dags/example_xcom.py took 0.194 seconds
[2023-06-17T03:39:29.747+0000] {processor.py:157} INFO - Started process (PID=472) to work on /home/airflow/.local/lib/python3.7/site-packages/airflow/example_dags/example_xcom.py
[2023-06-17T03:39:29.754+0000] {processor.py:826} INFO - Processing file /home/airflow/.local/lib/python3.7/site-packages/airflow/example_dags/example_xcom.py for tasks to queue
[2023-06-17T03:39:29.755+0000] {logging_mixin.py:149} INFO - [2023-06-17T03:39:29.754+0000] {dagbag.py:541} INFO - Filling up the DagBag from /home/airflow/.local/lib/python3.7/site-packages/airflow/example_dags/example_xcom.py
[2023-06-17T03:39:29.760+0000] {processor.py:836} INFO - DAG(s) dict_keys(['example_xcom']) retrieved from /home/airflow/.local/lib/python3.7/site-packages/airflow/example_dags/example_xcom.py
[2023-06-17T03:39:29.781+0000] {logging_mixin.py:149} INFO - [2023-06-17T03:39:29.781+0000] {dag.py:2726} INFO - Sync 1 DAGs
[2023-06-17T03:39:29.809+0000] {logging_mixin.py:149} INFO - [2023-06-17T03:39:29.808+0000] {dag.py:3490} INFO - Setting next_dagrun for example_xcom to 2021-01-01T00:00:00+00:00, run_after=2021-01-01T00:00:00+00:00
[2023-06-17T03:39:29.837+0000] {processor.py:179} INFO - Processing /home/airflow/.local/lib/python3.7/site-packages/airflow/example_dags/example_xcom.py took 0.092 seconds
[2023-06-17T03:40:00.050+0000] {processor.py:157} INFO - Started process (PID=533) to work on /home/airflow/.local/lib/python3.7/site-packages/airflow/example_dags/example_xcom.py
[2023-06-17T03:40:00.058+0000] {processor.py:826} INFO - Processing file /home/airflow/.local/lib/python3.7/site-packages/airflow/example_dags/example_xcom.py for tasks to queue
[2023-06-17T03:40:00.058+0000] {logging_mixin.py:149} INFO - [2023-06-17T03:40:00.058+0000] {dagbag.py:541} INFO - Filling up the DagBag from /home/airflow/.local/lib/python3.7/site-packages/airflow/example_dags/example_xcom.py
[2023-06-17T03:40:00.065+0000] {processor.py:836} INFO - DAG(s) dict_keys(['example_xcom']) retrieved from /home/airflow/.local/lib/python3.7/site-packages/airflow/example_dags/example_xcom.py
[2023-06-17T03:40:00.087+0000] {logging_mixin.py:149} INFO - [2023-06-17T03:40:00.087+0000] {dag.py:2726} INFO - Sync 1 DAGs
[2023-06-17T03:40:00.121+0000] {logging_mixin.py:149} INFO - [2023-06-17T03:40:00.121+0000] {dag.py:3490} INFO - Setting next_dagrun for example_xcom to 2021-01-01T00:00:00+00:00, run_after=2021-01-01T00:00:00+00:00
[2023-06-17T03:40:00.153+0000] {processor.py:179} INFO - Processing /home/airflow/.local/lib/python3.7/site-packages/airflow/example_dags/example_xcom.py took 0.106 seconds
[2023-06-17T03:40:30.988+0000] {processor.py:157} INFO - Started process (PID=594) to work on /home/airflow/.local/lib/python3.7/site-packages/airflow/example_dags/example_xcom.py
[2023-06-17T03:40:31.098+0000] {processor.py:826} INFO - Processing file /home/airflow/.local/lib/python3.7/site-packages/airflow/example_dags/example_xcom.py for tasks to queue
[2023-06-17T03:40:31.099+0000] {logging_mixin.py:149} INFO - [2023-06-17T03:40:31.099+0000] {dagbag.py:541} INFO - Filling up the DagBag from /home/airflow/.local/lib/python3.7/site-packages/airflow/example_dags/example_xcom.py
[2023-06-17T03:40:31.109+0000] {processor.py:836} INFO - DAG(s) dict_keys(['example_xcom']) retrieved from /home/airflow/.local/lib/python3.7/site-packages/airflow/example_dags/example_xcom.py
[2023-06-17T03:40:31.142+0000] {logging_mixin.py:149} INFO - [2023-06-17T03:40:31.141+0000] {dag.py:2726} INFO - Sync 1 DAGs
[2023-06-17T03:40:31.183+0000] {logging_mixin.py:149} INFO - [2023-06-17T03:40:31.183+0000] {dag.py:3490} INFO - Setting next_dagrun for example_xcom to 2021-01-01T00:00:00+00:00, run_after=2021-01-01T00:00:00+00:00
[2023-06-17T03:40:31.333+0000] {processor.py:179} INFO - Processing /home/airflow/.local/lib/python3.7/site-packages/airflow/example_dags/example_xcom.py took 0.348 seconds
[2023-06-17T03:41:02.102+0000] {processor.py:157} INFO - Started process (PID=656) to work on /home/airflow/.local/lib/python3.7/site-packages/airflow/example_dags/example_xcom.py
[2023-06-17T03:41:02.108+0000] {processor.py:826} INFO - Processing file /home/airflow/.local/lib/python3.7/site-packages/airflow/example_dags/example_xcom.py for tasks to queue
[2023-06-17T03:41:02.109+0000] {logging_mixin.py:149} INFO - [2023-06-17T03:41:02.108+0000] {dagbag.py:541} INFO - Filling up the DagBag from /home/airflow/.local/lib/python3.7/site-packages/airflow/example_dags/example_xcom.py
[2023-06-17T03:41:02.115+0000] {processor.py:836} INFO - DAG(s) dict_keys(['example_xcom']) retrieved from /home/airflow/.local/lib/python3.7/site-packages/airflow/example_dags/example_xcom.py
[2023-06-17T03:41:02.137+0000] {logging_mixin.py:149} INFO - [2023-06-17T03:41:02.137+0000] {dag.py:2726} INFO - Sync 1 DAGs
[2023-06-17T03:41:02.164+0000] {logging_mixin.py:149} INFO - [2023-06-17T03:41:02.163+0000] {dag.py:3490} INFO - Setting next_dagrun for example_xcom to 2021-01-01T00:00:00+00:00, run_after=2021-01-01T00:00:00+00:00
[2023-06-17T03:41:02.191+0000] {processor.py:179} INFO - Processing /home/airflow/.local/lib/python3.7/site-packages/airflow/example_dags/example_xcom.py took 0.092 seconds
[2023-06-17T03:41:32.577+0000] {processor.py:157} INFO - Started process (PID=717) to work on /home/airflow/.local/lib/python3.7/site-packages/airflow/example_dags/example_xcom.py
[2023-06-17T03:41:32.582+0000] {processor.py:826} INFO - Processing file /home/airflow/.local/lib/python3.7/site-packages/airflow/example_dags/example_xcom.py for tasks to queue
[2023-06-17T03:41:32.583+0000] {logging_mixin.py:149} INFO - [2023-06-17T03:41:32.582+0000] {dagbag.py:541} INFO - Filling up the DagBag from /home/airflow/.local/lib/python3.7/site-packages/airflow/example_dags/example_xcom.py
[2023-06-17T03:41:32.589+0000] {processor.py:836} INFO - DAG(s) dict_keys(['example_xcom']) retrieved from /home/airflow/.local/lib/python3.7/site-packages/airflow/example_dags/example_xcom.py
[2023-06-17T03:41:32.612+0000] {logging_mixin.py:149} INFO - [2023-06-17T03:41:32.612+0000] {dag.py:2726} INFO - Sync 1 DAGs
[2023-06-17T03:41:32.640+0000] {logging_mixin.py:149} INFO - [2023-06-17T03:41:32.640+0000] {dag.py:3490} INFO - Setting next_dagrun for example_xcom to 2021-01-01T00:00:00+00:00, run_after=2021-01-01T00:00:00+00:00
[2023-06-17T03:41:32.671+0000] {processor.py:179} INFO - Processing /home/airflow/.local/lib/python3.7/site-packages/airflow/example_dags/example_xcom.py took 0.097 seconds
[2023-06-17T03:42:03.315+0000] {processor.py:157} INFO - Started process (PID=778) to work on /home/airflow/.local/lib/python3.7/site-packages/airflow/example_dags/example_xcom.py
[2023-06-17T03:42:03.330+0000] {processor.py:826} INFO - Processing file /home/airflow/.local/lib/python3.7/site-packages/airflow/example_dags/example_xcom.py for tasks to queue
[2023-06-17T03:42:03.331+0000] {logging_mixin.py:149} INFO - [2023-06-17T03:42:03.331+0000] {dagbag.py:541} INFO - Filling up the DagBag from /home/airflow/.local/lib/python3.7/site-packages/airflow/example_dags/example_xcom.py
[2023-06-17T03:42:03.337+0000] {processor.py:836} INFO - DAG(s) dict_keys(['example_xcom']) retrieved from /home/airflow/.local/lib/python3.7/site-packages/airflow/example_dags/example_xcom.py
[2023-06-17T03:42:03.360+0000] {logging_mixin.py:149} INFO - [2023-06-17T03:42:03.360+0000] {dag.py:2726} INFO - Sync 1 DAGs
[2023-06-17T03:42:03.385+0000] {logging_mixin.py:149} INFO - [2023-06-17T03:42:03.385+0000] {dag.py:3490} INFO - Setting next_dagrun for example_xcom to 2021-01-01T00:00:00+00:00, run_after=2021-01-01T00:00:00+00:00
[2023-06-17T03:42:03.666+0000] {processor.py:179} INFO - Processing /home/airflow/.local/lib/python3.7/site-packages/airflow/example_dags/example_xcom.py took 0.356 seconds
[2023-06-17T03:42:34.503+0000] {processor.py:157} INFO - Started process (PID=839) to work on /home/airflow/.local/lib/python3.7/site-packages/airflow/example_dags/example_xcom.py
[2023-06-17T03:42:34.590+0000] {processor.py:826} INFO - Processing file /home/airflow/.local/lib/python3.7/site-packages/airflow/example_dags/example_xcom.py for tasks to queue
[2023-06-17T03:42:34.591+0000] {logging_mixin.py:149} INFO - [2023-06-17T03:42:34.591+0000] {dagbag.py:541} INFO - Filling up the DagBag from /home/airflow/.local/lib/python3.7/site-packages/airflow/example_dags/example_xcom.py
[2023-06-17T03:42:34.598+0000] {processor.py:836} INFO - DAG(s) dict_keys(['example_xcom']) retrieved from /home/airflow/.local/lib/python3.7/site-packages/airflow/example_dags/example_xcom.py
[2023-06-17T03:42:34.620+0000] {logging_mixin.py:149} INFO - [2023-06-17T03:42:34.620+0000] {dag.py:2726} INFO - Sync 1 DAGs
[2023-06-17T03:42:34.647+0000] {logging_mixin.py:149} INFO - [2023-06-17T03:42:34.647+0000] {dag.py:3490} INFO - Setting next_dagrun for example_xcom to 2021-01-01T00:00:00+00:00, run_after=2021-01-01T00:00:00+00:00
[2023-06-17T03:42:34.670+0000] {processor.py:179} INFO - Processing /home/airflow/.local/lib/python3.7/site-packages/airflow/example_dags/example_xcom.py took 0.170 seconds
[2023-06-17T03:43:05.134+0000] {processor.py:157} INFO - Started process (PID=900) to work on /home/airflow/.local/lib/python3.7/site-packages/airflow/example_dags/example_xcom.py
[2023-06-17T03:43:05.138+0000] {processor.py:826} INFO - Processing file /home/airflow/.local/lib/python3.7/site-packages/airflow/example_dags/example_xcom.py for tasks to queue
[2023-06-17T03:43:05.139+0000] {logging_mixin.py:149} INFO - [2023-06-17T03:43:05.139+0000] {dagbag.py:541} INFO - Filling up the DagBag from /home/airflow/.local/lib/python3.7/site-packages/airflow/example_dags/example_xcom.py
[2023-06-17T03:43:05.145+0000] {processor.py:836} INFO - DAG(s) dict_keys(['example_xcom']) retrieved from /home/airflow/.local/lib/python3.7/site-packages/airflow/example_dags/example_xcom.py
[2023-06-17T03:43:05.174+0000] {logging_mixin.py:149} INFO - [2023-06-17T03:43:05.173+0000] {dag.py:2726} INFO - Sync 1 DAGs
[2023-06-17T03:43:05.204+0000] {logging_mixin.py:149} INFO - [2023-06-17T03:43:05.204+0000] {dag.py:3490} INFO - Setting next_dagrun for example_xcom to 2021-01-01T00:00:00+00:00, run_after=2021-01-01T00:00:00+00:00
[2023-06-17T03:43:05.230+0000] {processor.py:179} INFO - Processing /home/airflow/.local/lib/python3.7/site-packages/airflow/example_dags/example_xcom.py took 0.099 seconds
[2023-06-17T03:43:35.821+0000] {processor.py:157} INFO - Started process (PID=961) to work on /home/airflow/.local/lib/python3.7/site-packages/airflow/example_dags/example_xcom.py
[2023-06-17T03:43:35.851+0000] {processor.py:826} INFO - Processing file /home/airflow/.local/lib/python3.7/site-packages/airflow/example_dags/example_xcom.py for tasks to queue
[2023-06-17T03:43:35.852+0000] {logging_mixin.py:149} INFO - [2023-06-17T03:43:35.852+0000] {dagbag.py:541} INFO - Filling up the DagBag from /home/airflow/.local/lib/python3.7/site-packages/airflow/example_dags/example_xcom.py
[2023-06-17T03:43:35.862+0000] {processor.py:836} INFO - DAG(s) dict_keys(['example_xcom']) retrieved from /home/airflow/.local/lib/python3.7/site-packages/airflow/example_dags/example_xcom.py
[2023-06-17T03:43:35.893+0000] {logging_mixin.py:149} INFO - [2023-06-17T03:43:35.893+0000] {dag.py:2726} INFO - Sync 1 DAGs
[2023-06-17T03:43:35.938+0000] {logging_mixin.py:149} INFO - [2023-06-17T03:43:35.937+0000] {dag.py:3490} INFO - Setting next_dagrun for example_xcom to 2021-01-01T00:00:00+00:00, run_after=2021-01-01T00:00:00+00:00
[2023-06-17T03:43:35.978+0000] {processor.py:179} INFO - Processing /home/airflow/.local/lib/python3.7/site-packages/airflow/example_dags/example_xcom.py took 0.161 seconds
[2023-06-17T03:44:06.192+0000] {processor.py:157} INFO - Started process (PID=1022) to work on /home/airflow/.local/lib/python3.7/site-packages/airflow/example_dags/example_xcom.py
[2023-06-17T03:44:06.280+0000] {processor.py:826} INFO - Processing file /home/airflow/.local/lib/python3.7/site-packages/airflow/example_dags/example_xcom.py for tasks to queue
[2023-06-17T03:44:06.281+0000] {logging_mixin.py:149} INFO - [2023-06-17T03:44:06.281+0000] {dagbag.py:541} INFO - Filling up the DagBag from /home/airflow/.local/lib/python3.7/site-packages/airflow/example_dags/example_xcom.py
[2023-06-17T03:44:06.287+0000] {processor.py:836} INFO - DAG(s) dict_keys(['example_xcom']) retrieved from /home/airflow/.local/lib/python3.7/site-packages/airflow/example_dags/example_xcom.py
[2023-06-17T03:44:06.310+0000] {logging_mixin.py:149} INFO - [2023-06-17T03:44:06.310+0000] {dag.py:2726} INFO - Sync 1 DAGs
[2023-06-17T03:44:06.335+0000] {logging_mixin.py:149} INFO - [2023-06-17T03:44:06.335+0000] {dag.py:3490} INFO - Setting next_dagrun for example_xcom to 2021-01-01T00:00:00+00:00, run_after=2021-01-01T00:00:00+00:00
[2023-06-17T03:44:06.360+0000] {processor.py:179} INFO - Processing /home/airflow/.local/lib/python3.7/site-packages/airflow/example_dags/example_xcom.py took 0.171 seconds
[2023-06-17T03:44:36.780+0000] {processor.py:157} INFO - Started process (PID=1083) to work on /home/airflow/.local/lib/python3.7/site-packages/airflow/example_dags/example_xcom.py
[2023-06-17T03:44:36.853+0000] {processor.py:826} INFO - Processing file /home/airflow/.local/lib/python3.7/site-packages/airflow/example_dags/example_xcom.py for tasks to queue
[2023-06-17T03:44:36.853+0000] {logging_mixin.py:149} INFO - [2023-06-17T03:44:36.853+0000] {dagbag.py:541} INFO - Filling up the DagBag from /home/airflow/.local/lib/python3.7/site-packages/airflow/example_dags/example_xcom.py
[2023-06-17T03:44:36.859+0000] {processor.py:836} INFO - DAG(s) dict_keys(['example_xcom']) retrieved from /home/airflow/.local/lib/python3.7/site-packages/airflow/example_dags/example_xcom.py
[2023-06-17T03:44:36.881+0000] {logging_mixin.py:149} INFO - [2023-06-17T03:44:36.881+0000] {dag.py:2726} INFO - Sync 1 DAGs
[2023-06-17T03:44:36.909+0000] {logging_mixin.py:149} INFO - [2023-06-17T03:44:36.909+0000] {dag.py:3490} INFO - Setting next_dagrun for example_xcom to 2021-01-01T00:00:00+00:00, run_after=2021-01-01T00:00:00+00:00
[2023-06-17T03:44:36.936+0000] {processor.py:179} INFO - Processing /home/airflow/.local/lib/python3.7/site-packages/airflow/example_dags/example_xcom.py took 0.158 seconds
[2023-06-17T03:45:07.322+0000] {processor.py:157} INFO - Started process (PID=1144) to work on /home/airflow/.local/lib/python3.7/site-packages/airflow/example_dags/example_xcom.py
[2023-06-17T03:45:07.374+0000] {processor.py:826} INFO - Processing file /home/airflow/.local/lib/python3.7/site-packages/airflow/example_dags/example_xcom.py for tasks to queue
[2023-06-17T03:45:07.375+0000] {logging_mixin.py:149} INFO - [2023-06-17T03:45:07.375+0000] {dagbag.py:541} INFO - Filling up the DagBag from /home/airflow/.local/lib/python3.7/site-packages/airflow/example_dags/example_xcom.py
[2023-06-17T03:45:07.385+0000] {processor.py:836} INFO - DAG(s) dict_keys(['example_xcom']) retrieved from /home/airflow/.local/lib/python3.7/site-packages/airflow/example_dags/example_xcom.py
[2023-06-17T03:45:07.418+0000] {logging_mixin.py:149} INFO - [2023-06-17T03:45:07.417+0000] {dag.py:2726} INFO - Sync 1 DAGs
[2023-06-17T03:45:07.456+0000] {logging_mixin.py:149} INFO - [2023-06-17T03:45:07.456+0000] {dag.py:3490} INFO - Setting next_dagrun for example_xcom to 2021-01-01T00:00:00+00:00, run_after=2021-01-01T00:00:00+00:00
[2023-06-17T03:45:07.505+0000] {processor.py:179} INFO - Processing /home/airflow/.local/lib/python3.7/site-packages/airflow/example_dags/example_xcom.py took 0.185 seconds
[2023-06-17T03:45:38.177+0000] {processor.py:157} INFO - Started process (PID=1205) to work on /home/airflow/.local/lib/python3.7/site-packages/airflow/example_dags/example_xcom.py
[2023-06-17T03:45:38.233+0000] {processor.py:826} INFO - Processing file /home/airflow/.local/lib/python3.7/site-packages/airflow/example_dags/example_xcom.py for tasks to queue
[2023-06-17T03:45:38.234+0000] {logging_mixin.py:149} INFO - [2023-06-17T03:45:38.234+0000] {dagbag.py:541} INFO - Filling up the DagBag from /home/airflow/.local/lib/python3.7/site-packages/airflow/example_dags/example_xcom.py
[2023-06-17T03:45:38.241+0000] {processor.py:836} INFO - DAG(s) dict_keys(['example_xcom']) retrieved from /home/airflow/.local/lib/python3.7/site-packages/airflow/example_dags/example_xcom.py
[2023-06-17T03:45:38.264+0000] {logging_mixin.py:149} INFO - [2023-06-17T03:45:38.264+0000] {dag.py:2726} INFO - Sync 1 DAGs
[2023-06-17T03:45:38.291+0000] {logging_mixin.py:149} INFO - [2023-06-17T03:45:38.290+0000] {dag.py:3490} INFO - Setting next_dagrun for example_xcom to 2021-01-01T00:00:00+00:00, run_after=2021-01-01T00:00:00+00:00
[2023-06-17T03:45:38.319+0000] {processor.py:179} INFO - Processing /home/airflow/.local/lib/python3.7/site-packages/airflow/example_dags/example_xcom.py took 0.145 seconds
[2023-06-17T03:46:08.866+0000] {processor.py:157} INFO - Started process (PID=1266) to work on /home/airflow/.local/lib/python3.7/site-packages/airflow/example_dags/example_xcom.py
[2023-06-17T03:46:08.915+0000] {processor.py:826} INFO - Processing file /home/airflow/.local/lib/python3.7/site-packages/airflow/example_dags/example_xcom.py for tasks to queue
[2023-06-17T03:46:08.915+0000] {logging_mixin.py:149} INFO - [2023-06-17T03:46:08.915+0000] {dagbag.py:541} INFO - Filling up the DagBag from /home/airflow/.local/lib/python3.7/site-packages/airflow/example_dags/example_xcom.py
[2023-06-17T03:46:08.922+0000] {processor.py:836} INFO - DAG(s) dict_keys(['example_xcom']) retrieved from /home/airflow/.local/lib/python3.7/site-packages/airflow/example_dags/example_xcom.py
[2023-06-17T03:46:08.944+0000] {logging_mixin.py:149} INFO - [2023-06-17T03:46:08.944+0000] {dag.py:2726} INFO - Sync 1 DAGs
[2023-06-17T03:46:08.971+0000] {logging_mixin.py:149} INFO - [2023-06-17T03:46:08.970+0000] {dag.py:3490} INFO - Setting next_dagrun for example_xcom to 2021-01-01T00:00:00+00:00, run_after=2021-01-01T00:00:00+00:00
[2023-06-17T03:46:09.001+0000] {processor.py:179} INFO - Processing /home/airflow/.local/lib/python3.7/site-packages/airflow/example_dags/example_xcom.py took 0.137 seconds
[2023-06-17T03:46:39.693+0000] {processor.py:157} INFO - Started process (PID=1327) to work on /home/airflow/.local/lib/python3.7/site-packages/airflow/example_dags/example_xcom.py
[2023-06-17T03:46:39.776+0000] {processor.py:826} INFO - Processing file /home/airflow/.local/lib/python3.7/site-packages/airflow/example_dags/example_xcom.py for tasks to queue
[2023-06-17T03:46:39.776+0000] {logging_mixin.py:149} INFO - [2023-06-17T03:46:39.776+0000] {dagbag.py:541} INFO - Filling up the DagBag from /home/airflow/.local/lib/python3.7/site-packages/airflow/example_dags/example_xcom.py
[2023-06-17T03:46:39.783+0000] {processor.py:836} INFO - DAG(s) dict_keys(['example_xcom']) retrieved from /home/airflow/.local/lib/python3.7/site-packages/airflow/example_dags/example_xcom.py
[2023-06-17T03:46:39.806+0000] {logging_mixin.py:149} INFO - [2023-06-17T03:46:39.806+0000] {dag.py:2726} INFO - Sync 1 DAGs
[2023-06-17T03:46:39.836+0000] {logging_mixin.py:149} INFO - [2023-06-17T03:46:39.836+0000] {dag.py:3490} INFO - Setting next_dagrun for example_xcom to 2021-01-01T00:00:00+00:00, run_after=2021-01-01T00:00:00+00:00
[2023-06-17T03:46:39.867+0000] {processor.py:179} INFO - Processing /home/airflow/.local/lib/python3.7/site-packages/airflow/example_dags/example_xcom.py took 0.176 seconds
[2023-06-17T03:47:10.119+0000] {processor.py:157} INFO - Started process (PID=1388) to work on /home/airflow/.local/lib/python3.7/site-packages/airflow/example_dags/example_xcom.py
[2023-06-17T03:47:10.226+0000] {processor.py:826} INFO - Processing file /home/airflow/.local/lib/python3.7/site-packages/airflow/example_dags/example_xcom.py for tasks to queue
[2023-06-17T03:47:10.226+0000] {logging_mixin.py:149} INFO - [2023-06-17T03:47:10.226+0000] {dagbag.py:541} INFO - Filling up the DagBag from /home/airflow/.local/lib/python3.7/site-packages/airflow/example_dags/example_xcom.py
[2023-06-17T03:47:10.233+0000] {processor.py:836} INFO - DAG(s) dict_keys(['example_xcom']) retrieved from /home/airflow/.local/lib/python3.7/site-packages/airflow/example_dags/example_xcom.py
[2023-06-17T03:47:10.258+0000] {logging_mixin.py:149} INFO - [2023-06-17T03:47:10.257+0000] {dag.py:2726} INFO - Sync 1 DAGs
[2023-06-17T03:47:10.284+0000] {logging_mixin.py:149} INFO - [2023-06-17T03:47:10.284+0000] {dag.py:3490} INFO - Setting next_dagrun for example_xcom to 2021-01-01T00:00:00+00:00, run_after=2021-01-01T00:00:00+00:00
[2023-06-17T03:47:10.458+0000] {processor.py:179} INFO - Processing /home/airflow/.local/lib/python3.7/site-packages/airflow/example_dags/example_xcom.py took 0.342 seconds
[2023-06-17T03:47:41.269+0000] {processor.py:157} INFO - Started process (PID=1456) to work on /home/airflow/.local/lib/python3.7/site-packages/airflow/example_dags/example_xcom.py
[2023-06-17T03:47:41.346+0000] {processor.py:826} INFO - Processing file /home/airflow/.local/lib/python3.7/site-packages/airflow/example_dags/example_xcom.py for tasks to queue
[2023-06-17T03:47:41.347+0000] {logging_mixin.py:149} INFO - [2023-06-17T03:47:41.347+0000] {dagbag.py:541} INFO - Filling up the DagBag from /home/airflow/.local/lib/python3.7/site-packages/airflow/example_dags/example_xcom.py
[2023-06-17T03:47:41.353+0000] {processor.py:836} INFO - DAG(s) dict_keys(['example_xcom']) retrieved from /home/airflow/.local/lib/python3.7/site-packages/airflow/example_dags/example_xcom.py
[2023-06-17T03:47:41.375+0000] {logging_mixin.py:149} INFO - [2023-06-17T03:47:41.375+0000] {dag.py:2726} INFO - Sync 1 DAGs
[2023-06-17T03:47:41.403+0000] {logging_mixin.py:149} INFO - [2023-06-17T03:47:41.403+0000] {dag.py:3490} INFO - Setting next_dagrun for example_xcom to 2021-01-01T00:00:00+00:00, run_after=2021-01-01T00:00:00+00:00
[2023-06-17T03:47:41.432+0000] {processor.py:179} INFO - Processing /home/airflow/.local/lib/python3.7/site-packages/airflow/example_dags/example_xcom.py took 0.166 seconds
[2023-06-17T03:48:11.502+0000] {processor.py:157} INFO - Started process (PID=1516) to work on /home/airflow/.local/lib/python3.7/site-packages/airflow/example_dags/example_xcom.py
[2023-06-17T03:48:11.544+0000] {processor.py:826} INFO - Processing file /home/airflow/.local/lib/python3.7/site-packages/airflow/example_dags/example_xcom.py for tasks to queue
[2023-06-17T03:48:11.547+0000] {logging_mixin.py:149} INFO - [2023-06-17T03:48:11.546+0000] {dagbag.py:541} INFO - Filling up the DagBag from /home/airflow/.local/lib/python3.7/site-packages/airflow/example_dags/example_xcom.py
[2023-06-17T03:48:11.573+0000] {processor.py:836} INFO - DAG(s) dict_keys(['example_xcom']) retrieved from /home/airflow/.local/lib/python3.7/site-packages/airflow/example_dags/example_xcom.py
[2023-06-17T03:48:11.610+0000] {logging_mixin.py:149} INFO - [2023-06-17T03:48:11.609+0000] {dag.py:2726} INFO - Sync 1 DAGs
[2023-06-17T03:48:11.647+0000] {logging_mixin.py:149} INFO - [2023-06-17T03:48:11.647+0000] {dag.py:3490} INFO - Setting next_dagrun for example_xcom to 2021-01-01T00:00:00+00:00, run_after=2021-01-01T00:00:00+00:00
[2023-06-17T03:48:11.953+0000] {processor.py:179} INFO - Processing /home/airflow/.local/lib/python3.7/site-packages/airflow/example_dags/example_xcom.py took 0.457 seconds
[2023-06-17T03:48:42.782+0000] {processor.py:157} INFO - Started process (PID=1571) to work on /home/airflow/.local/lib/python3.7/site-packages/airflow/example_dags/example_xcom.py
[2023-06-17T03:48:42.839+0000] {processor.py:826} INFO - Processing file /home/airflow/.local/lib/python3.7/site-packages/airflow/example_dags/example_xcom.py for tasks to queue
[2023-06-17T03:48:42.840+0000] {logging_mixin.py:149} INFO - [2023-06-17T03:48:42.840+0000] {dagbag.py:541} INFO - Filling up the DagBag from /home/airflow/.local/lib/python3.7/site-packages/airflow/example_dags/example_xcom.py
[2023-06-17T03:48:42.846+0000] {processor.py:836} INFO - DAG(s) dict_keys(['example_xcom']) retrieved from /home/airflow/.local/lib/python3.7/site-packages/airflow/example_dags/example_xcom.py
[2023-06-17T03:48:42.875+0000] {logging_mixin.py:149} INFO - [2023-06-17T03:48:42.875+0000] {dag.py:2726} INFO - Sync 1 DAGs
[2023-06-17T03:48:42.909+0000] {logging_mixin.py:149} INFO - [2023-06-17T03:48:42.909+0000] {dag.py:3490} INFO - Setting next_dagrun for example_xcom to 2021-01-01T00:00:00+00:00, run_after=2021-01-01T00:00:00+00:00
[2023-06-17T03:48:43.367+0000] {processor.py:179} INFO - Processing /home/airflow/.local/lib/python3.7/site-packages/airflow/example_dags/example_xcom.py took 0.587 seconds
[2023-06-17T03:49:13.655+0000] {processor.py:157} INFO - Started process (PID=1632) to work on /home/airflow/.local/lib/python3.7/site-packages/airflow/example_dags/example_xcom.py
[2023-06-17T03:49:13.667+0000] {processor.py:826} INFO - Processing file /home/airflow/.local/lib/python3.7/site-packages/airflow/example_dags/example_xcom.py for tasks to queue
[2023-06-17T03:49:13.668+0000] {logging_mixin.py:149} INFO - [2023-06-17T03:49:13.668+0000] {dagbag.py:541} INFO - Filling up the DagBag from /home/airflow/.local/lib/python3.7/site-packages/airflow/example_dags/example_xcom.py
[2023-06-17T03:49:13.676+0000] {processor.py:836} INFO - DAG(s) dict_keys(['example_xcom']) retrieved from /home/airflow/.local/lib/python3.7/site-packages/airflow/example_dags/example_xcom.py
[2023-06-17T03:49:13.700+0000] {logging_mixin.py:149} INFO - [2023-06-17T03:49:13.700+0000] {dag.py:2726} INFO - Sync 1 DAGs
[2023-06-17T03:49:13.728+0000] {logging_mixin.py:149} INFO - [2023-06-17T03:49:13.728+0000] {dag.py:3490} INFO - Setting next_dagrun for example_xcom to 2021-01-01T00:00:00+00:00, run_after=2021-01-01T00:00:00+00:00
[2023-06-17T03:49:13.752+0000] {processor.py:179} INFO - Processing /home/airflow/.local/lib/python3.7/site-packages/airflow/example_dags/example_xcom.py took 0.099 seconds
[2023-06-17T03:49:44.401+0000] {processor.py:157} INFO - Started process (PID=1701) to work on /home/airflow/.local/lib/python3.7/site-packages/airflow/example_dags/example_xcom.py
[2023-06-17T03:49:44.447+0000] {processor.py:826} INFO - Processing file /home/airflow/.local/lib/python3.7/site-packages/airflow/example_dags/example_xcom.py for tasks to queue
[2023-06-17T03:49:44.448+0000] {logging_mixin.py:149} INFO - [2023-06-17T03:49:44.448+0000] {dagbag.py:541} INFO - Filling up the DagBag from /home/airflow/.local/lib/python3.7/site-packages/airflow/example_dags/example_xcom.py
[2023-06-17T03:49:44.454+0000] {processor.py:836} INFO - DAG(s) dict_keys(['example_xcom']) retrieved from /home/airflow/.local/lib/python3.7/site-packages/airflow/example_dags/example_xcom.py
[2023-06-17T03:49:44.475+0000] {logging_mixin.py:149} INFO - [2023-06-17T03:49:44.475+0000] {dag.py:2726} INFO - Sync 1 DAGs
[2023-06-17T03:49:44.502+0000] {logging_mixin.py:149} INFO - [2023-06-17T03:49:44.502+0000] {dag.py:3490} INFO - Setting next_dagrun for example_xcom to 2021-01-01T00:00:00+00:00, run_after=2021-01-01T00:00:00+00:00
[2023-06-17T03:49:44.636+0000] {processor.py:179} INFO - Processing /home/airflow/.local/lib/python3.7/site-packages/airflow/example_dags/example_xcom.py took 0.237 seconds
