[2023-06-17T02:16:47.378+0000] {processor.py:157} INFO - Started process (PID=66) to work on /home/airflow/.local/lib/python3.7/site-packages/airflow/example_dags/example_latest_only_with_trigger.py
[2023-06-17T02:16:47.380+0000] {processor.py:826} INFO - Processing file /home/airflow/.local/lib/python3.7/site-packages/airflow/example_dags/example_latest_only_with_trigger.py for tasks to queue
[2023-06-17T02:16:47.381+0000] {logging_mixin.py:149} INFO - [2023-06-17T02:16:47.381+0000] {dagbag.py:541} INFO - Filling up the DagBag from /home/airflow/.local/lib/python3.7/site-packages/airflow/example_dags/example_latest_only_with_trigger.py
[2023-06-17T02:16:47.403+0000] {processor.py:836} INFO - DAG(s) dict_keys(['latest_only_with_trigger']) retrieved from /home/airflow/.local/lib/python3.7/site-packages/airflow/example_dags/example_latest_only_with_trigger.py
[2023-06-17T02:16:47.483+0000] {logging_mixin.py:149} INFO - [2023-06-17T02:16:47.482+0000] {dag.py:2726} INFO - Sync 1 DAGs
[2023-06-17T02:16:47.566+0000] {logging_mixin.py:149} INFO - [2023-06-17T02:16:47.565+0000] {dag.py:3490} INFO - Setting next_dagrun for latest_only_with_trigger to 2023-06-16T22:16:47.565301+00:00, run_after=2023-06-17T02:16:47.565301+00:00
[2023-06-17T02:16:47.684+0000] {processor.py:179} INFO - Processing /home/airflow/.local/lib/python3.7/site-packages/airflow/example_dags/example_latest_only_with_trigger.py took 0.335 seconds
[2023-06-17T02:18:10.635+0000] {processor.py:157} INFO - Started process (PID=134) to work on /home/airflow/.local/lib/python3.7/site-packages/airflow/example_dags/example_latest_only_with_trigger.py
[2023-06-17T02:18:10.934+0000] {processor.py:826} INFO - Processing file /home/airflow/.local/lib/python3.7/site-packages/airflow/example_dags/example_latest_only_with_trigger.py for tasks to queue
[2023-06-17T02:18:10.958+0000] {logging_mixin.py:149} INFO - [2023-06-17T02:18:10.957+0000] {dagbag.py:541} INFO - Filling up the DagBag from /home/airflow/.local/lib/python3.7/site-packages/airflow/example_dags/example_latest_only_with_trigger.py
[2023-06-17T02:18:11.269+0000] {processor.py:836} INFO - DAG(s) dict_keys(['latest_only_with_trigger']) retrieved from /home/airflow/.local/lib/python3.7/site-packages/airflow/example_dags/example_latest_only_with_trigger.py
[2023-06-17T02:18:11.335+0000] {logging_mixin.py:149} INFO - [2023-06-17T02:18:11.335+0000] {dag.py:2726} INFO - Sync 1 DAGs
[2023-06-17T02:18:11.362+0000] {logging_mixin.py:149} INFO - [2023-06-17T02:18:11.362+0000] {dag.py:3490} INFO - Setting next_dagrun for latest_only_with_trigger to 2023-06-16T22:18:11.362189+00:00, run_after=2023-06-17T02:18:11.362189+00:00
[2023-06-17T02:18:11.803+0000] {processor.py:179} INFO - Processing /home/airflow/.local/lib/python3.7/site-packages/airflow/example_dags/example_latest_only_with_trigger.py took 1.171 seconds
[2023-06-17T02:18:42.594+0000] {processor.py:157} INFO - Started process (PID=194) to work on /home/airflow/.local/lib/python3.7/site-packages/airflow/example_dags/example_latest_only_with_trigger.py
[2023-06-17T02:18:42.706+0000] {processor.py:826} INFO - Processing file /home/airflow/.local/lib/python3.7/site-packages/airflow/example_dags/example_latest_only_with_trigger.py for tasks to queue
[2023-06-17T02:18:42.708+0000] {logging_mixin.py:149} INFO - [2023-06-17T02:18:42.708+0000] {dagbag.py:541} INFO - Filling up the DagBag from /home/airflow/.local/lib/python3.7/site-packages/airflow/example_dags/example_latest_only_with_trigger.py
[2023-06-17T02:18:42.729+0000] {processor.py:836} INFO - DAG(s) dict_keys(['latest_only_with_trigger']) retrieved from /home/airflow/.local/lib/python3.7/site-packages/airflow/example_dags/example_latest_only_with_trigger.py
[2023-06-17T02:18:42.769+0000] {logging_mixin.py:149} INFO - [2023-06-17T02:18:42.769+0000] {dag.py:2726} INFO - Sync 1 DAGs
[2023-06-17T02:18:42.796+0000] {logging_mixin.py:149} INFO - [2023-06-17T02:18:42.796+0000] {dag.py:3490} INFO - Setting next_dagrun for latest_only_with_trigger to 2023-06-16T22:18:42.796353+00:00, run_after=2023-06-17T02:18:42.796353+00:00
[2023-06-17T02:18:43.008+0000] {processor.py:179} INFO - Processing /home/airflow/.local/lib/python3.7/site-packages/airflow/example_dags/example_latest_only_with_trigger.py took 0.419 seconds
[2023-06-17T02:19:13.985+0000] {processor.py:157} INFO - Started process (PID=246) to work on /home/airflow/.local/lib/python3.7/site-packages/airflow/example_dags/example_latest_only_with_trigger.py
[2023-06-17T02:19:13.986+0000] {processor.py:826} INFO - Processing file /home/airflow/.local/lib/python3.7/site-packages/airflow/example_dags/example_latest_only_with_trigger.py for tasks to queue
[2023-06-17T02:19:13.986+0000] {logging_mixin.py:149} INFO - [2023-06-17T02:19:13.986+0000] {dagbag.py:541} INFO - Filling up the DagBag from /home/airflow/.local/lib/python3.7/site-packages/airflow/example_dags/example_latest_only_with_trigger.py
[2023-06-17T02:19:14.238+0000] {processor.py:836} INFO - DAG(s) dict_keys(['latest_only_with_trigger']) retrieved from /home/airflow/.local/lib/python3.7/site-packages/airflow/example_dags/example_latest_only_with_trigger.py
[2023-06-17T02:19:14.259+0000] {logging_mixin.py:149} INFO - [2023-06-17T02:19:14.259+0000] {dag.py:2726} INFO - Sync 1 DAGs
[2023-06-17T02:19:14.546+0000] {logging_mixin.py:149} INFO - [2023-06-17T02:19:14.546+0000] {dag.py:3490} INFO - Setting next_dagrun for latest_only_with_trigger to 2023-06-16T22:19:14.284602+00:00, run_after=2023-06-17T02:19:14.284602+00:00
[2023-06-17T02:19:14.991+0000] {processor.py:179} INFO - Processing /home/airflow/.local/lib/python3.7/site-packages/airflow/example_dags/example_latest_only_with_trigger.py took 1.009 seconds
[2023-06-17T02:19:45.149+0000] {processor.py:157} INFO - Started process (PID=307) to work on /home/airflow/.local/lib/python3.7/site-packages/airflow/example_dags/example_latest_only_with_trigger.py
[2023-06-17T02:19:45.210+0000] {processor.py:826} INFO - Processing file /home/airflow/.local/lib/python3.7/site-packages/airflow/example_dags/example_latest_only_with_trigger.py for tasks to queue
[2023-06-17T02:19:45.212+0000] {logging_mixin.py:149} INFO - [2023-06-17T02:19:45.212+0000] {dagbag.py:541} INFO - Filling up the DagBag from /home/airflow/.local/lib/python3.7/site-packages/airflow/example_dags/example_latest_only_with_trigger.py
[2023-06-17T02:19:45.231+0000] {processor.py:836} INFO - DAG(s) dict_keys(['latest_only_with_trigger']) retrieved from /home/airflow/.local/lib/python3.7/site-packages/airflow/example_dags/example_latest_only_with_trigger.py
[2023-06-17T02:19:45.270+0000] {logging_mixin.py:149} INFO - [2023-06-17T02:19:45.270+0000] {dag.py:2726} INFO - Sync 1 DAGs
[2023-06-17T02:19:45.295+0000] {logging_mixin.py:149} INFO - [2023-06-17T02:19:45.295+0000] {dag.py:3490} INFO - Setting next_dagrun for latest_only_with_trigger to 2023-06-16T22:19:45.295218+00:00, run_after=2023-06-17T02:19:45.295218+00:00
[2023-06-17T02:19:45.456+0000] {processor.py:179} INFO - Processing /home/airflow/.local/lib/python3.7/site-packages/airflow/example_dags/example_latest_only_with_trigger.py took 0.311 seconds
[2023-06-17T02:20:16.538+0000] {processor.py:157} INFO - Started process (PID=368) to work on /home/airflow/.local/lib/python3.7/site-packages/airflow/example_dags/example_latest_only_with_trigger.py
[2023-06-17T02:20:16.539+0000] {processor.py:826} INFO - Processing file /home/airflow/.local/lib/python3.7/site-packages/airflow/example_dags/example_latest_only_with_trigger.py for tasks to queue
[2023-06-17T02:20:16.539+0000] {logging_mixin.py:149} INFO - [2023-06-17T02:20:16.539+0000] {dagbag.py:541} INFO - Filling up the DagBag from /home/airflow/.local/lib/python3.7/site-packages/airflow/example_dags/example_latest_only_with_trigger.py
[2023-06-17T02:20:16.544+0000] {processor.py:836} INFO - DAG(s) dict_keys(['latest_only_with_trigger']) retrieved from /home/airflow/.local/lib/python3.7/site-packages/airflow/example_dags/example_latest_only_with_trigger.py
[2023-06-17T02:20:16.909+0000] {logging_mixin.py:149} INFO - [2023-06-17T02:20:16.909+0000] {dag.py:2726} INFO - Sync 1 DAGs
[2023-06-17T02:20:16.938+0000] {logging_mixin.py:149} INFO - [2023-06-17T02:20:16.938+0000] {dag.py:3490} INFO - Setting next_dagrun for latest_only_with_trigger to 2023-06-16T22:20:16.938037+00:00, run_after=2023-06-17T02:20:16.938037+00:00
[2023-06-17T02:20:17.168+0000] {processor.py:179} INFO - Processing /home/airflow/.local/lib/python3.7/site-packages/airflow/example_dags/example_latest_only_with_trigger.py took 0.633 seconds
[2023-06-17T02:20:50.351+0000] {processor.py:157} INFO - Started process (PID=428) to work on /home/airflow/.local/lib/python3.7/site-packages/airflow/example_dags/example_latest_only_with_trigger.py
[2023-06-17T02:20:50.587+0000] {processor.py:826} INFO - Processing file /home/airflow/.local/lib/python3.7/site-packages/airflow/example_dags/example_latest_only_with_trigger.py for tasks to queue
[2023-06-17T02:20:50.589+0000] {logging_mixin.py:149} INFO - [2023-06-17T02:20:50.589+0000] {dagbag.py:541} INFO - Filling up the DagBag from /home/airflow/.local/lib/python3.7/site-packages/airflow/example_dags/example_latest_only_with_trigger.py
[2023-06-17T02:20:50.596+0000] {processor.py:836} INFO - DAG(s) dict_keys(['latest_only_with_trigger']) retrieved from /home/airflow/.local/lib/python3.7/site-packages/airflow/example_dags/example_latest_only_with_trigger.py
[2023-06-17T02:20:50.617+0000] {logging_mixin.py:149} INFO - [2023-06-17T02:20:50.617+0000] {dag.py:2726} INFO - Sync 1 DAGs
[2023-06-17T02:20:50.643+0000] {logging_mixin.py:149} INFO - [2023-06-17T02:20:50.642+0000] {dag.py:3490} INFO - Setting next_dagrun for latest_only_with_trigger to 2023-06-16T22:20:50.642751+00:00, run_after=2023-06-17T02:20:50.642751+00:00
[2023-06-17T02:20:51.165+0000] {processor.py:179} INFO - Processing /home/airflow/.local/lib/python3.7/site-packages/airflow/example_dags/example_latest_only_with_trigger.py took 0.817 seconds
[2023-06-17T02:21:21.709+0000] {processor.py:157} INFO - Started process (PID=481) to work on /home/airflow/.local/lib/python3.7/site-packages/airflow/example_dags/example_latest_only_with_trigger.py
[2023-06-17T02:21:21.800+0000] {processor.py:826} INFO - Processing file /home/airflow/.local/lib/python3.7/site-packages/airflow/example_dags/example_latest_only_with_trigger.py for tasks to queue
[2023-06-17T02:21:21.801+0000] {logging_mixin.py:149} INFO - [2023-06-17T02:21:21.801+0000] {dagbag.py:541} INFO - Filling up the DagBag from /home/airflow/.local/lib/python3.7/site-packages/airflow/example_dags/example_latest_only_with_trigger.py
[2023-06-17T02:21:21.805+0000] {processor.py:836} INFO - DAG(s) dict_keys(['latest_only_with_trigger']) retrieved from /home/airflow/.local/lib/python3.7/site-packages/airflow/example_dags/example_latest_only_with_trigger.py
[2023-06-17T02:21:21.827+0000] {logging_mixin.py:149} INFO - [2023-06-17T02:21:21.827+0000] {dag.py:2726} INFO - Sync 1 DAGs
[2023-06-17T02:21:21.863+0000] {logging_mixin.py:149} INFO - [2023-06-17T02:21:21.863+0000] {dag.py:3490} INFO - Setting next_dagrun for latest_only_with_trigger to 2023-06-16T22:21:21.862907+00:00, run_after=2023-06-17T02:21:21.862907+00:00
[2023-06-17T02:21:21.968+0000] {processor.py:179} INFO - Processing /home/airflow/.local/lib/python3.7/site-packages/airflow/example_dags/example_latest_only_with_trigger.py took 0.262 seconds
[2023-06-17T02:21:54.424+0000] {processor.py:157} INFO - Started process (PID=542) to work on /home/airflow/.local/lib/python3.7/site-packages/airflow/example_dags/example_latest_only_with_trigger.py
[2023-06-17T02:21:54.448+0000] {processor.py:826} INFO - Processing file /home/airflow/.local/lib/python3.7/site-packages/airflow/example_dags/example_latest_only_with_trigger.py for tasks to queue
[2023-06-17T02:21:54.448+0000] {logging_mixin.py:149} INFO - [2023-06-17T02:21:54.448+0000] {dagbag.py:541} INFO - Filling up the DagBag from /home/airflow/.local/lib/python3.7/site-packages/airflow/example_dags/example_latest_only_with_trigger.py
[2023-06-17T02:21:54.454+0000] {processor.py:836} INFO - DAG(s) dict_keys(['latest_only_with_trigger']) retrieved from /home/airflow/.local/lib/python3.7/site-packages/airflow/example_dags/example_latest_only_with_trigger.py
[2023-06-17T02:21:54.475+0000] {logging_mixin.py:149} INFO - [2023-06-17T02:21:54.475+0000] {dag.py:2726} INFO - Sync 1 DAGs
[2023-06-17T02:21:54.500+0000] {logging_mixin.py:149} INFO - [2023-06-17T02:21:54.500+0000] {dag.py:3490} INFO - Setting next_dagrun for latest_only_with_trigger to 2023-06-16T22:21:54.500416+00:00, run_after=2023-06-17T02:21:54.500416+00:00
[2023-06-17T02:21:54.689+0000] {processor.py:179} INFO - Processing /home/airflow/.local/lib/python3.7/site-packages/airflow/example_dags/example_latest_only_with_trigger.py took 0.268 seconds
[2023-06-17T02:22:25.083+0000] {processor.py:157} INFO - Started process (PID=594) to work on /home/airflow/.local/lib/python3.7/site-packages/airflow/example_dags/example_latest_only_with_trigger.py
[2023-06-17T02:22:25.272+0000] {processor.py:826} INFO - Processing file /home/airflow/.local/lib/python3.7/site-packages/airflow/example_dags/example_latest_only_with_trigger.py for tasks to queue
[2023-06-17T02:22:25.273+0000] {logging_mixin.py:149} INFO - [2023-06-17T02:22:25.273+0000] {dagbag.py:541} INFO - Filling up the DagBag from /home/airflow/.local/lib/python3.7/site-packages/airflow/example_dags/example_latest_only_with_trigger.py
[2023-06-17T02:22:25.279+0000] {processor.py:836} INFO - DAG(s) dict_keys(['latest_only_with_trigger']) retrieved from /home/airflow/.local/lib/python3.7/site-packages/airflow/example_dags/example_latest_only_with_trigger.py
[2023-06-17T02:22:25.305+0000] {logging_mixin.py:149} INFO - [2023-06-17T02:22:25.305+0000] {dag.py:2726} INFO - Sync 1 DAGs
[2023-06-17T02:22:25.339+0000] {logging_mixin.py:149} INFO - [2023-06-17T02:22:25.339+0000] {dag.py:3490} INFO - Setting next_dagrun for latest_only_with_trigger to 2023-06-16T22:22:25.339485+00:00, run_after=2023-06-17T02:22:25.339485+00:00
[2023-06-17T02:22:25.424+0000] {processor.py:179} INFO - Processing /home/airflow/.local/lib/python3.7/site-packages/airflow/example_dags/example_latest_only_with_trigger.py took 0.344 seconds
[2023-06-17T02:23:17.103+0000] {processor.py:157} INFO - Started process (PID=662) to work on /home/airflow/.local/lib/python3.7/site-packages/airflow/example_dags/example_latest_only_with_trigger.py
[2023-06-17T02:23:17.137+0000] {processor.py:826} INFO - Processing file /home/airflow/.local/lib/python3.7/site-packages/airflow/example_dags/example_latest_only_with_trigger.py for tasks to queue
[2023-06-17T02:23:17.138+0000] {logging_mixin.py:149} INFO - [2023-06-17T02:23:17.138+0000] {dagbag.py:541} INFO - Filling up the DagBag from /home/airflow/.local/lib/python3.7/site-packages/airflow/example_dags/example_latest_only_with_trigger.py
[2023-06-17T02:23:17.148+0000] {processor.py:836} INFO - DAG(s) dict_keys(['latest_only_with_trigger']) retrieved from /home/airflow/.local/lib/python3.7/site-packages/airflow/example_dags/example_latest_only_with_trigger.py
[2023-06-17T02:23:17.179+0000] {logging_mixin.py:149} INFO - [2023-06-17T02:23:17.179+0000] {dag.py:2726} INFO - Sync 1 DAGs
[2023-06-17T02:23:17.207+0000] {logging_mixin.py:149} INFO - [2023-06-17T02:23:17.207+0000] {dag.py:3490} INFO - Setting next_dagrun for latest_only_with_trigger to 2023-06-16T22:23:17.206958+00:00, run_after=2023-06-17T02:23:17.206958+00:00
[2023-06-17T02:23:17.626+0000] {processor.py:179} INFO - Processing /home/airflow/.local/lib/python3.7/site-packages/airflow/example_dags/example_latest_only_with_trigger.py took 0.526 seconds
[2023-06-17T02:23:48.173+0000] {processor.py:157} INFO - Started process (PID=723) to work on /home/airflow/.local/lib/python3.7/site-packages/airflow/example_dags/example_latest_only_with_trigger.py
[2023-06-17T02:23:48.173+0000] {processor.py:826} INFO - Processing file /home/airflow/.local/lib/python3.7/site-packages/airflow/example_dags/example_latest_only_with_trigger.py for tasks to queue
[2023-06-17T02:23:48.174+0000] {logging_mixin.py:149} INFO - [2023-06-17T02:23:48.174+0000] {dagbag.py:541} INFO - Filling up the DagBag from /home/airflow/.local/lib/python3.7/site-packages/airflow/example_dags/example_latest_only_with_trigger.py
[2023-06-17T02:23:48.181+0000] {processor.py:836} INFO - DAG(s) dict_keys(['latest_only_with_trigger']) retrieved from /home/airflow/.local/lib/python3.7/site-packages/airflow/example_dags/example_latest_only_with_trigger.py
[2023-06-17T02:23:48.213+0000] {logging_mixin.py:149} INFO - [2023-06-17T02:23:48.212+0000] {dag.py:2726} INFO - Sync 1 DAGs
[2023-06-17T02:23:48.256+0000] {logging_mixin.py:149} INFO - [2023-06-17T02:23:48.256+0000] {dag.py:3490} INFO - Setting next_dagrun for latest_only_with_trigger to 2023-06-16T22:23:48.255706+00:00, run_after=2023-06-17T02:23:48.255706+00:00
[2023-06-17T02:23:48.350+0000] {processor.py:179} INFO - Processing /home/airflow/.local/lib/python3.7/site-packages/airflow/example_dags/example_latest_only_with_trigger.py took 0.181 seconds
[2023-06-17T02:24:19.643+0000] {processor.py:157} INFO - Started process (PID=786) to work on /home/airflow/.local/lib/python3.7/site-packages/airflow/example_dags/example_latest_only_with_trigger.py
[2023-06-17T02:24:19.655+0000] {processor.py:826} INFO - Processing file /home/airflow/.local/lib/python3.7/site-packages/airflow/example_dags/example_latest_only_with_trigger.py for tasks to queue
[2023-06-17T02:24:19.656+0000] {logging_mixin.py:149} INFO - [2023-06-17T02:24:19.656+0000] {dagbag.py:541} INFO - Filling up the DagBag from /home/airflow/.local/lib/python3.7/site-packages/airflow/example_dags/example_latest_only_with_trigger.py
[2023-06-17T02:24:19.662+0000] {processor.py:836} INFO - DAG(s) dict_keys(['latest_only_with_trigger']) retrieved from /home/airflow/.local/lib/python3.7/site-packages/airflow/example_dags/example_latest_only_with_trigger.py
[2023-06-17T02:24:19.691+0000] {logging_mixin.py:149} INFO - [2023-06-17T02:24:19.691+0000] {dag.py:2726} INFO - Sync 1 DAGs
[2023-06-17T02:24:19.729+0000] {logging_mixin.py:149} INFO - [2023-06-17T02:24:19.728+0000] {dag.py:3490} INFO - Setting next_dagrun for latest_only_with_trigger to 2023-06-16T22:24:19.728551+00:00, run_after=2023-06-17T02:24:19.728551+00:00
[2023-06-17T02:24:19.776+0000] {processor.py:179} INFO - Processing /home/airflow/.local/lib/python3.7/site-packages/airflow/example_dags/example_latest_only_with_trigger.py took 0.137 seconds
[2023-06-17T02:24:54.010+0000] {processor.py:157} INFO - Started process (PID=855) to work on /home/airflow/.local/lib/python3.7/site-packages/airflow/example_dags/example_latest_only_with_trigger.py
[2023-06-17T02:24:54.018+0000] {processor.py:826} INFO - Processing file /home/airflow/.local/lib/python3.7/site-packages/airflow/example_dags/example_latest_only_with_trigger.py for tasks to queue
[2023-06-17T02:24:54.019+0000] {logging_mixin.py:149} INFO - [2023-06-17T02:24:54.019+0000] {dagbag.py:541} INFO - Filling up the DagBag from /home/airflow/.local/lib/python3.7/site-packages/airflow/example_dags/example_latest_only_with_trigger.py
[2023-06-17T02:24:54.028+0000] {processor.py:836} INFO - DAG(s) dict_keys(['latest_only_with_trigger']) retrieved from /home/airflow/.local/lib/python3.7/site-packages/airflow/example_dags/example_latest_only_with_trigger.py
[2023-06-17T02:24:54.069+0000] {logging_mixin.py:149} INFO - [2023-06-17T02:24:54.068+0000] {dag.py:2726} INFO - Sync 1 DAGs
[2023-06-17T02:24:54.113+0000] {logging_mixin.py:149} INFO - [2023-06-17T02:24:54.113+0000] {dag.py:3490} INFO - Setting next_dagrun for latest_only_with_trigger to 2023-06-16T22:24:54.112957+00:00, run_after=2023-06-17T02:24:54.112957+00:00
[2023-06-17T02:24:54.150+0000] {processor.py:179} INFO - Processing /home/airflow/.local/lib/python3.7/site-packages/airflow/example_dags/example_latest_only_with_trigger.py took 0.144 seconds
[2023-06-17T02:25:30.770+0000] {processor.py:157} INFO - Started process (PID=913) to work on /home/airflow/.local/lib/python3.7/site-packages/airflow/example_dags/example_latest_only_with_trigger.py
[2023-06-17T02:25:30.799+0000] {processor.py:826} INFO - Processing file /home/airflow/.local/lib/python3.7/site-packages/airflow/example_dags/example_latest_only_with_trigger.py for tasks to queue
[2023-06-17T02:25:30.801+0000] {logging_mixin.py:149} INFO - [2023-06-17T02:25:30.801+0000] {dagbag.py:541} INFO - Filling up the DagBag from /home/airflow/.local/lib/python3.7/site-packages/airflow/example_dags/example_latest_only_with_trigger.py
[2023-06-17T02:25:30.822+0000] {processor.py:836} INFO - DAG(s) dict_keys(['latest_only_with_trigger']) retrieved from /home/airflow/.local/lib/python3.7/site-packages/airflow/example_dags/example_latest_only_with_trigger.py
[2023-06-17T02:25:30.899+0000] {logging_mixin.py:149} INFO - [2023-06-17T02:25:30.899+0000] {dag.py:2726} INFO - Sync 1 DAGs
[2023-06-17T02:25:30.935+0000] {logging_mixin.py:149} INFO - [2023-06-17T02:25:30.935+0000] {dag.py:3490} INFO - Setting next_dagrun for latest_only_with_trigger to 2023-06-16T22:25:30.934835+00:00, run_after=2023-06-17T02:25:30.934835+00:00
[2023-06-17T02:25:31.000+0000] {processor.py:179} INFO - Processing /home/airflow/.local/lib/python3.7/site-packages/airflow/example_dags/example_latest_only_with_trigger.py took 0.232 seconds
[2023-06-17T02:26:02.346+0000] {processor.py:157} INFO - Started process (PID=974) to work on /home/airflow/.local/lib/python3.7/site-packages/airflow/example_dags/example_latest_only_with_trigger.py
[2023-06-17T02:26:02.357+0000] {processor.py:826} INFO - Processing file /home/airflow/.local/lib/python3.7/site-packages/airflow/example_dags/example_latest_only_with_trigger.py for tasks to queue
[2023-06-17T02:26:02.359+0000] {logging_mixin.py:149} INFO - [2023-06-17T02:26:02.359+0000] {dagbag.py:541} INFO - Filling up the DagBag from /home/airflow/.local/lib/python3.7/site-packages/airflow/example_dags/example_latest_only_with_trigger.py
[2023-06-17T02:26:02.371+0000] {processor.py:836} INFO - DAG(s) dict_keys(['latest_only_with_trigger']) retrieved from /home/airflow/.local/lib/python3.7/site-packages/airflow/example_dags/example_latest_only_with_trigger.py
[2023-06-17T02:26:02.420+0000] {logging_mixin.py:149} INFO - [2023-06-17T02:26:02.419+0000] {dag.py:2726} INFO - Sync 1 DAGs
[2023-06-17T02:26:02.479+0000] {logging_mixin.py:149} INFO - [2023-06-17T02:26:02.478+0000] {dag.py:3490} INFO - Setting next_dagrun for latest_only_with_trigger to 2023-06-16T22:26:02.478210+00:00, run_after=2023-06-17T02:26:02.478210+00:00
[2023-06-17T02:26:02.545+0000] {processor.py:179} INFO - Processing /home/airflow/.local/lib/python3.7/site-packages/airflow/example_dags/example_latest_only_with_trigger.py took 0.205 seconds
[2023-06-17T02:26:33.283+0000] {processor.py:157} INFO - Started process (PID=1035) to work on /home/airflow/.local/lib/python3.7/site-packages/airflow/example_dags/example_latest_only_with_trigger.py
[2023-06-17T02:26:33.289+0000] {processor.py:826} INFO - Processing file /home/airflow/.local/lib/python3.7/site-packages/airflow/example_dags/example_latest_only_with_trigger.py for tasks to queue
[2023-06-17T02:26:33.290+0000] {logging_mixin.py:149} INFO - [2023-06-17T02:26:33.289+0000] {dagbag.py:541} INFO - Filling up the DagBag from /home/airflow/.local/lib/python3.7/site-packages/airflow/example_dags/example_latest_only_with_trigger.py
[2023-06-17T02:26:33.297+0000] {processor.py:836} INFO - DAG(s) dict_keys(['latest_only_with_trigger']) retrieved from /home/airflow/.local/lib/python3.7/site-packages/airflow/example_dags/example_latest_only_with_trigger.py
[2023-06-17T02:26:33.332+0000] {logging_mixin.py:149} INFO - [2023-06-17T02:26:33.331+0000] {dag.py:2726} INFO - Sync 1 DAGs
[2023-06-17T02:26:33.377+0000] {logging_mixin.py:149} INFO - [2023-06-17T02:26:33.376+0000] {dag.py:3490} INFO - Setting next_dagrun for latest_only_with_trigger to 2023-06-16T22:26:33.376644+00:00, run_after=2023-06-17T02:26:33.376644+00:00
[2023-06-17T02:26:33.417+0000] {processor.py:179} INFO - Processing /home/airflow/.local/lib/python3.7/site-packages/airflow/example_dags/example_latest_only_with_trigger.py took 0.138 seconds
[2023-06-17T02:27:19.463+0000] {processor.py:157} INFO - Started process (PID=1099) to work on /home/airflow/.local/lib/python3.7/site-packages/airflow/example_dags/example_latest_only_with_trigger.py
[2023-06-17T02:27:19.785+0000] {processor.py:826} INFO - Processing file /home/airflow/.local/lib/python3.7/site-packages/airflow/example_dags/example_latest_only_with_trigger.py for tasks to queue
[2023-06-17T02:27:19.788+0000] {logging_mixin.py:149} INFO - [2023-06-17T02:27:19.787+0000] {dagbag.py:541} INFO - Filling up the DagBag from /home/airflow/.local/lib/python3.7/site-packages/airflow/example_dags/example_latest_only_with_trigger.py
[2023-06-17T02:27:19.807+0000] {processor.py:836} INFO - DAG(s) dict_keys(['latest_only_with_trigger']) retrieved from /home/airflow/.local/lib/python3.7/site-packages/airflow/example_dags/example_latest_only_with_trigger.py
[2023-06-17T02:27:19.855+0000] {logging_mixin.py:149} INFO - [2023-06-17T02:27:19.854+0000] {dag.py:2726} INFO - Sync 1 DAGs
[2023-06-17T02:27:19.885+0000] {logging_mixin.py:149} INFO - [2023-06-17T02:27:19.884+0000] {dag.py:3490} INFO - Setting next_dagrun for latest_only_with_trigger to 2023-06-16T22:27:19.884743+00:00, run_after=2023-06-17T02:27:19.884743+00:00
[2023-06-17T02:27:20.086+0000] {processor.py:179} INFO - Processing /home/airflow/.local/lib/python3.7/site-packages/airflow/example_dags/example_latest_only_with_trigger.py took 0.627 seconds
[2023-06-17T02:27:50.301+0000] {processor.py:157} INFO - Started process (PID=1160) to work on /home/airflow/.local/lib/python3.7/site-packages/airflow/example_dags/example_latest_only_with_trigger.py
[2023-06-17T02:27:50.328+0000] {processor.py:826} INFO - Processing file /home/airflow/.local/lib/python3.7/site-packages/airflow/example_dags/example_latest_only_with_trigger.py for tasks to queue
[2023-06-17T02:27:50.329+0000] {logging_mixin.py:149} INFO - [2023-06-17T02:27:50.329+0000] {dagbag.py:541} INFO - Filling up the DagBag from /home/airflow/.local/lib/python3.7/site-packages/airflow/example_dags/example_latest_only_with_trigger.py
[2023-06-17T02:27:50.334+0000] {processor.py:836} INFO - DAG(s) dict_keys(['latest_only_with_trigger']) retrieved from /home/airflow/.local/lib/python3.7/site-packages/airflow/example_dags/example_latest_only_with_trigger.py
[2023-06-17T02:27:50.357+0000] {logging_mixin.py:149} INFO - [2023-06-17T02:27:50.357+0000] {dag.py:2726} INFO - Sync 1 DAGs
[2023-06-17T02:27:50.386+0000] {logging_mixin.py:149} INFO - [2023-06-17T02:27:50.386+0000] {dag.py:3490} INFO - Setting next_dagrun for latest_only_with_trigger to 2023-06-16T22:27:50.385874+00:00, run_after=2023-06-17T02:27:50.385874+00:00
[2023-06-17T02:27:50.570+0000] {processor.py:179} INFO - Processing /home/airflow/.local/lib/python3.7/site-packages/airflow/example_dags/example_latest_only_with_trigger.py took 0.273 seconds
[2023-06-17T02:28:20.629+0000] {processor.py:157} INFO - Started process (PID=1221) to work on /home/airflow/.local/lib/python3.7/site-packages/airflow/example_dags/example_latest_only_with_trigger.py
[2023-06-17T02:28:20.630+0000] {processor.py:826} INFO - Processing file /home/airflow/.local/lib/python3.7/site-packages/airflow/example_dags/example_latest_only_with_trigger.py for tasks to queue
[2023-06-17T02:28:20.630+0000] {logging_mixin.py:149} INFO - [2023-06-17T02:28:20.630+0000] {dagbag.py:541} INFO - Filling up the DagBag from /home/airflow/.local/lib/python3.7/site-packages/airflow/example_dags/example_latest_only_with_trigger.py
[2023-06-17T02:28:20.637+0000] {processor.py:836} INFO - DAG(s) dict_keys(['latest_only_with_trigger']) retrieved from /home/airflow/.local/lib/python3.7/site-packages/airflow/example_dags/example_latest_only_with_trigger.py
[2023-06-17T02:28:20.665+0000] {logging_mixin.py:149} INFO - [2023-06-17T02:28:20.665+0000] {dag.py:2726} INFO - Sync 1 DAGs
[2023-06-17T02:28:20.702+0000] {logging_mixin.py:149} INFO - [2023-06-17T02:28:20.701+0000] {dag.py:3490} INFO - Setting next_dagrun for latest_only_with_trigger to 2023-06-16T22:28:20.701598+00:00, run_after=2023-06-17T02:28:20.701598+00:00
[2023-06-17T02:28:20.795+0000] {processor.py:179} INFO - Processing /home/airflow/.local/lib/python3.7/site-packages/airflow/example_dags/example_latest_only_with_trigger.py took 0.169 seconds
[2023-06-17T02:28:52.933+0000] {processor.py:157} INFO - Started process (PID=1282) to work on /home/airflow/.local/lib/python3.7/site-packages/airflow/example_dags/example_latest_only_with_trigger.py
[2023-06-17T02:28:52.943+0000] {processor.py:826} INFO - Processing file /home/airflow/.local/lib/python3.7/site-packages/airflow/example_dags/example_latest_only_with_trigger.py for tasks to queue
[2023-06-17T02:28:52.944+0000] {logging_mixin.py:149} INFO - [2023-06-17T02:28:52.944+0000] {dagbag.py:541} INFO - Filling up the DagBag from /home/airflow/.local/lib/python3.7/site-packages/airflow/example_dags/example_latest_only_with_trigger.py
[2023-06-17T02:28:52.952+0000] {processor.py:836} INFO - DAG(s) dict_keys(['latest_only_with_trigger']) retrieved from /home/airflow/.local/lib/python3.7/site-packages/airflow/example_dags/example_latest_only_with_trigger.py
[2023-06-17T02:28:52.988+0000] {logging_mixin.py:149} INFO - [2023-06-17T02:28:52.987+0000] {dag.py:2726} INFO - Sync 1 DAGs
[2023-06-17T02:28:53.032+0000] {logging_mixin.py:149} INFO - [2023-06-17T02:28:53.031+0000] {dag.py:3490} INFO - Setting next_dagrun for latest_only_with_trigger to 2023-06-16T22:28:53.031468+00:00, run_after=2023-06-17T02:28:53.031468+00:00
[2023-06-17T02:28:53.159+0000] {processor.py:179} INFO - Processing /home/airflow/.local/lib/python3.7/site-packages/airflow/example_dags/example_latest_only_with_trigger.py took 0.230 seconds
[2023-06-17T02:29:23.246+0000] {processor.py:157} INFO - Started process (PID=1334) to work on /home/airflow/.local/lib/python3.7/site-packages/airflow/example_dags/example_latest_only_with_trigger.py
[2023-06-17T02:29:23.305+0000] {processor.py:826} INFO - Processing file /home/airflow/.local/lib/python3.7/site-packages/airflow/example_dags/example_latest_only_with_trigger.py for tasks to queue
[2023-06-17T02:29:23.308+0000] {logging_mixin.py:149} INFO - [2023-06-17T02:29:23.307+0000] {dagbag.py:541} INFO - Filling up the DagBag from /home/airflow/.local/lib/python3.7/site-packages/airflow/example_dags/example_latest_only_with_trigger.py
[2023-06-17T02:29:23.326+0000] {processor.py:836} INFO - DAG(s) dict_keys(['latest_only_with_trigger']) retrieved from /home/airflow/.local/lib/python3.7/site-packages/airflow/example_dags/example_latest_only_with_trigger.py
[2023-06-17T02:29:23.368+0000] {logging_mixin.py:149} INFO - [2023-06-17T02:29:23.368+0000] {dag.py:2726} INFO - Sync 1 DAGs
[2023-06-17T02:29:23.398+0000] {logging_mixin.py:149} INFO - [2023-06-17T02:29:23.398+0000] {dag.py:3490} INFO - Setting next_dagrun for latest_only_with_trigger to 2023-06-16T22:29:23.397997+00:00, run_after=2023-06-17T02:29:23.397997+00:00
[2023-06-17T02:29:23.623+0000] {processor.py:179} INFO - Processing /home/airflow/.local/lib/python3.7/site-packages/airflow/example_dags/example_latest_only_with_trigger.py took 0.380 seconds
[2023-06-17T02:32:21.194+0000] {processor.py:157} INFO - Started process (PID=1415) to work on /home/airflow/.local/lib/python3.7/site-packages/airflow/example_dags/example_latest_only_with_trigger.py
[2023-06-17T02:32:21.431+0000] {processor.py:826} INFO - Processing file /home/airflow/.local/lib/python3.7/site-packages/airflow/example_dags/example_latest_only_with_trigger.py for tasks to queue
[2023-06-17T02:32:21.433+0000] {logging_mixin.py:149} INFO - [2023-06-17T02:32:21.433+0000] {dagbag.py:541} INFO - Filling up the DagBag from /home/airflow/.local/lib/python3.7/site-packages/airflow/example_dags/example_latest_only_with_trigger.py
[2023-06-17T02:32:21.453+0000] {processor.py:836} INFO - DAG(s) dict_keys(['latest_only_with_trigger']) retrieved from /home/airflow/.local/lib/python3.7/site-packages/airflow/example_dags/example_latest_only_with_trigger.py
[2023-06-17T02:32:21.490+0000] {logging_mixin.py:149} INFO - [2023-06-17T02:32:21.490+0000] {dag.py:2726} INFO - Sync 1 DAGs
[2023-06-17T02:32:21.516+0000] {logging_mixin.py:149} INFO - [2023-06-17T02:32:21.515+0000] {dag.py:3490} INFO - Setting next_dagrun for latest_only_with_trigger to 2023-06-16T22:32:21.515736+00:00, run_after=2023-06-17T02:32:21.515736+00:00
[2023-06-17T02:32:21.755+0000] {processor.py:179} INFO - Processing /home/airflow/.local/lib/python3.7/site-packages/airflow/example_dags/example_latest_only_with_trigger.py took 0.564 seconds
[2023-06-17T02:32:52.346+0000] {processor.py:157} INFO - Started process (PID=1474) to work on /home/airflow/.local/lib/python3.7/site-packages/airflow/example_dags/example_latest_only_with_trigger.py
[2023-06-17T02:32:52.382+0000] {processor.py:826} INFO - Processing file /home/airflow/.local/lib/python3.7/site-packages/airflow/example_dags/example_latest_only_with_trigger.py for tasks to queue
[2023-06-17T02:32:52.384+0000] {logging_mixin.py:149} INFO - [2023-06-17T02:32:52.384+0000] {dagbag.py:541} INFO - Filling up the DagBag from /home/airflow/.local/lib/python3.7/site-packages/airflow/example_dags/example_latest_only_with_trigger.py
[2023-06-17T02:32:52.407+0000] {processor.py:836} INFO - DAG(s) dict_keys(['latest_only_with_trigger']) retrieved from /home/airflow/.local/lib/python3.7/site-packages/airflow/example_dags/example_latest_only_with_trigger.py
[2023-06-17T02:32:52.445+0000] {logging_mixin.py:149} INFO - [2023-06-17T02:32:52.445+0000] {dag.py:2726} INFO - Sync 1 DAGs
[2023-06-17T02:32:52.476+0000] {logging_mixin.py:149} INFO - [2023-06-17T02:32:52.476+0000] {dag.py:3490} INFO - Setting next_dagrun for latest_only_with_trigger to 2023-06-16T22:32:52.476178+00:00, run_after=2023-06-17T02:32:52.476178+00:00
[2023-06-17T02:32:52.679+0000] {processor.py:179} INFO - Processing /home/airflow/.local/lib/python3.7/site-packages/airflow/example_dags/example_latest_only_with_trigger.py took 0.342 seconds
[2023-06-17T02:33:23.062+0000] {processor.py:157} INFO - Started process (PID=1527) to work on /home/airflow/.local/lib/python3.7/site-packages/airflow/example_dags/example_latest_only_with_trigger.py
[2023-06-17T02:33:23.099+0000] {processor.py:826} INFO - Processing file /home/airflow/.local/lib/python3.7/site-packages/airflow/example_dags/example_latest_only_with_trigger.py for tasks to queue
[2023-06-17T02:33:23.100+0000] {logging_mixin.py:149} INFO - [2023-06-17T02:33:23.100+0000] {dagbag.py:541} INFO - Filling up the DagBag from /home/airflow/.local/lib/python3.7/site-packages/airflow/example_dags/example_latest_only_with_trigger.py
[2023-06-17T02:33:23.109+0000] {processor.py:836} INFO - DAG(s) dict_keys(['latest_only_with_trigger']) retrieved from /home/airflow/.local/lib/python3.7/site-packages/airflow/example_dags/example_latest_only_with_trigger.py
[2023-06-17T02:33:23.147+0000] {logging_mixin.py:149} INFO - [2023-06-17T02:33:23.147+0000] {dag.py:2726} INFO - Sync 1 DAGs
[2023-06-17T02:33:23.179+0000] {logging_mixin.py:149} INFO - [2023-06-17T02:33:23.179+0000] {dag.py:3490} INFO - Setting next_dagrun for latest_only_with_trigger to 2023-06-16T22:33:23.179580+00:00, run_after=2023-06-17T02:33:23.179580+00:00
[2023-06-17T02:33:23.241+0000] {processor.py:179} INFO - Processing /home/airflow/.local/lib/python3.7/site-packages/airflow/example_dags/example_latest_only_with_trigger.py took 0.182 seconds
[2023-06-17T02:33:53.424+0000] {processor.py:157} INFO - Started process (PID=1588) to work on /home/airflow/.local/lib/python3.7/site-packages/airflow/example_dags/example_latest_only_with_trigger.py
[2023-06-17T02:33:53.434+0000] {processor.py:826} INFO - Processing file /home/airflow/.local/lib/python3.7/site-packages/airflow/example_dags/example_latest_only_with_trigger.py for tasks to queue
[2023-06-17T02:33:53.435+0000] {logging_mixin.py:149} INFO - [2023-06-17T02:33:53.435+0000] {dagbag.py:541} INFO - Filling up the DagBag from /home/airflow/.local/lib/python3.7/site-packages/airflow/example_dags/example_latest_only_with_trigger.py
[2023-06-17T02:33:53.441+0000] {processor.py:836} INFO - DAG(s) dict_keys(['latest_only_with_trigger']) retrieved from /home/airflow/.local/lib/python3.7/site-packages/airflow/example_dags/example_latest_only_with_trigger.py
[2023-06-17T02:33:53.475+0000] {logging_mixin.py:149} INFO - [2023-06-17T02:33:53.474+0000] {dag.py:2726} INFO - Sync 1 DAGs
[2023-06-17T02:33:53.506+0000] {logging_mixin.py:149} INFO - [2023-06-17T02:33:53.506+0000] {dag.py:3490} INFO - Setting next_dagrun for latest_only_with_trigger to 2023-06-16T22:33:53.506403+00:00, run_after=2023-06-17T02:33:53.506403+00:00
[2023-06-17T02:33:53.532+0000] {processor.py:179} INFO - Processing /home/airflow/.local/lib/python3.7/site-packages/airflow/example_dags/example_latest_only_with_trigger.py took 0.111 seconds
[2023-06-17T02:34:23.870+0000] {processor.py:157} INFO - Started process (PID=1649) to work on /home/airflow/.local/lib/python3.7/site-packages/airflow/example_dags/example_latest_only_with_trigger.py
[2023-06-17T02:34:23.885+0000] {processor.py:826} INFO - Processing file /home/airflow/.local/lib/python3.7/site-packages/airflow/example_dags/example_latest_only_with_trigger.py for tasks to queue
[2023-06-17T02:34:23.886+0000] {logging_mixin.py:149} INFO - [2023-06-17T02:34:23.885+0000] {dagbag.py:541} INFO - Filling up the DagBag from /home/airflow/.local/lib/python3.7/site-packages/airflow/example_dags/example_latest_only_with_trigger.py
[2023-06-17T02:34:23.891+0000] {processor.py:836} INFO - DAG(s) dict_keys(['latest_only_with_trigger']) retrieved from /home/airflow/.local/lib/python3.7/site-packages/airflow/example_dags/example_latest_only_with_trigger.py
[2023-06-17T02:34:23.918+0000] {logging_mixin.py:149} INFO - [2023-06-17T02:34:23.918+0000] {dag.py:2726} INFO - Sync 1 DAGs
[2023-06-17T02:34:23.950+0000] {logging_mixin.py:149} INFO - [2023-06-17T02:34:23.949+0000] {dag.py:3490} INFO - Setting next_dagrun for latest_only_with_trigger to 2023-06-16T22:34:23.949740+00:00, run_after=2023-06-17T02:34:23.949740+00:00
[2023-06-17T02:34:23.980+0000] {processor.py:179} INFO - Processing /home/airflow/.local/lib/python3.7/site-packages/airflow/example_dags/example_latest_only_with_trigger.py took 0.112 seconds
[2023-06-17T02:34:54.304+0000] {processor.py:157} INFO - Started process (PID=1710) to work on /home/airflow/.local/lib/python3.7/site-packages/airflow/example_dags/example_latest_only_with_trigger.py
[2023-06-17T02:34:54.339+0000] {processor.py:826} INFO - Processing file /home/airflow/.local/lib/python3.7/site-packages/airflow/example_dags/example_latest_only_with_trigger.py for tasks to queue
[2023-06-17T02:34:54.339+0000] {logging_mixin.py:149} INFO - [2023-06-17T02:34:54.339+0000] {dagbag.py:541} INFO - Filling up the DagBag from /home/airflow/.local/lib/python3.7/site-packages/airflow/example_dags/example_latest_only_with_trigger.py
[2023-06-17T02:34:54.345+0000] {processor.py:836} INFO - DAG(s) dict_keys(['latest_only_with_trigger']) retrieved from /home/airflow/.local/lib/python3.7/site-packages/airflow/example_dags/example_latest_only_with_trigger.py
[2023-06-17T02:34:54.370+0000] {logging_mixin.py:149} INFO - [2023-06-17T02:34:54.370+0000] {dag.py:2726} INFO - Sync 1 DAGs
[2023-06-17T02:34:54.402+0000] {logging_mixin.py:149} INFO - [2023-06-17T02:34:54.402+0000] {dag.py:3490} INFO - Setting next_dagrun for latest_only_with_trigger to 2023-06-16T22:34:54.401917+00:00, run_after=2023-06-17T02:34:54.401917+00:00
[2023-06-17T02:34:54.698+0000] {processor.py:179} INFO - Processing /home/airflow/.local/lib/python3.7/site-packages/airflow/example_dags/example_latest_only_with_trigger.py took 0.399 seconds
[2023-06-17T02:35:24.945+0000] {processor.py:157} INFO - Started process (PID=1770) to work on /home/airflow/.local/lib/python3.7/site-packages/airflow/example_dags/example_latest_only_with_trigger.py
[2023-06-17T02:35:24.979+0000] {processor.py:826} INFO - Processing file /home/airflow/.local/lib/python3.7/site-packages/airflow/example_dags/example_latest_only_with_trigger.py for tasks to queue
[2023-06-17T02:35:24.980+0000] {logging_mixin.py:149} INFO - [2023-06-17T02:35:24.980+0000] {dagbag.py:541} INFO - Filling up the DagBag from /home/airflow/.local/lib/python3.7/site-packages/airflow/example_dags/example_latest_only_with_trigger.py
[2023-06-17T02:35:24.985+0000] {processor.py:836} INFO - DAG(s) dict_keys(['latest_only_with_trigger']) retrieved from /home/airflow/.local/lib/python3.7/site-packages/airflow/example_dags/example_latest_only_with_trigger.py
[2023-06-17T02:35:25.007+0000] {logging_mixin.py:149} INFO - [2023-06-17T02:35:25.007+0000] {dag.py:2726} INFO - Sync 1 DAGs
[2023-06-17T02:35:25.033+0000] {logging_mixin.py:149} INFO - [2023-06-17T02:35:25.033+0000] {dag.py:3490} INFO - Setting next_dagrun for latest_only_with_trigger to 2023-06-16T22:35:25.033085+00:00, run_after=2023-06-17T02:35:25.033085+00:00
[2023-06-17T02:35:25.057+0000] {processor.py:179} INFO - Processing /home/airflow/.local/lib/python3.7/site-packages/airflow/example_dags/example_latest_only_with_trigger.py took 0.114 seconds
[2023-06-17T02:35:55.461+0000] {processor.py:157} INFO - Started process (PID=1831) to work on /home/airflow/.local/lib/python3.7/site-packages/airflow/example_dags/example_latest_only_with_trigger.py
[2023-06-17T02:35:55.566+0000] {processor.py:826} INFO - Processing file /home/airflow/.local/lib/python3.7/site-packages/airflow/example_dags/example_latest_only_with_trigger.py for tasks to queue
[2023-06-17T02:35:55.567+0000] {logging_mixin.py:149} INFO - [2023-06-17T02:35:55.566+0000] {dagbag.py:541} INFO - Filling up the DagBag from /home/airflow/.local/lib/python3.7/site-packages/airflow/example_dags/example_latest_only_with_trigger.py
[2023-06-17T02:35:55.574+0000] {processor.py:836} INFO - DAG(s) dict_keys(['latest_only_with_trigger']) retrieved from /home/airflow/.local/lib/python3.7/site-packages/airflow/example_dags/example_latest_only_with_trigger.py
[2023-06-17T02:35:55.604+0000] {logging_mixin.py:149} INFO - [2023-06-17T02:35:55.604+0000] {dag.py:2726} INFO - Sync 1 DAGs
[2023-06-17T02:35:55.646+0000] {logging_mixin.py:149} INFO - [2023-06-17T02:35:55.645+0000] {dag.py:3490} INFO - Setting next_dagrun for latest_only_with_trigger to 2023-06-16T22:35:55.645663+00:00, run_after=2023-06-17T02:35:55.645663+00:00
[2023-06-17T02:35:55.686+0000] {processor.py:179} INFO - Processing /home/airflow/.local/lib/python3.7/site-packages/airflow/example_dags/example_latest_only_with_trigger.py took 0.229 seconds
[2023-06-17T02:36:25.958+0000] {processor.py:157} INFO - Started process (PID=1892) to work on /home/airflow/.local/lib/python3.7/site-packages/airflow/example_dags/example_latest_only_with_trigger.py
[2023-06-17T02:36:26.020+0000] {processor.py:826} INFO - Processing file /home/airflow/.local/lib/python3.7/site-packages/airflow/example_dags/example_latest_only_with_trigger.py for tasks to queue
[2023-06-17T02:36:26.022+0000] {logging_mixin.py:149} INFO - [2023-06-17T02:36:26.021+0000] {dagbag.py:541} INFO - Filling up the DagBag from /home/airflow/.local/lib/python3.7/site-packages/airflow/example_dags/example_latest_only_with_trigger.py
[2023-06-17T02:36:26.033+0000] {processor.py:836} INFO - DAG(s) dict_keys(['latest_only_with_trigger']) retrieved from /home/airflow/.local/lib/python3.7/site-packages/airflow/example_dags/example_latest_only_with_trigger.py
[2023-06-17T02:36:26.083+0000] {logging_mixin.py:149} INFO - [2023-06-17T02:36:26.082+0000] {dag.py:2726} INFO - Sync 1 DAGs
[2023-06-17T02:36:26.145+0000] {logging_mixin.py:149} INFO - [2023-06-17T02:36:26.145+0000] {dag.py:3490} INFO - Setting next_dagrun for latest_only_with_trigger to 2023-06-16T22:36:26.144912+00:00, run_after=2023-06-17T02:36:26.144912+00:00
[2023-06-17T02:36:26.330+0000] {processor.py:179} INFO - Processing /home/airflow/.local/lib/python3.7/site-packages/airflow/example_dags/example_latest_only_with_trigger.py took 0.376 seconds
[2023-06-17T02:36:56.354+0000] {processor.py:157} INFO - Started process (PID=1953) to work on /home/airflow/.local/lib/python3.7/site-packages/airflow/example_dags/example_latest_only_with_trigger.py
[2023-06-17T02:36:56.364+0000] {processor.py:826} INFO - Processing file /home/airflow/.local/lib/python3.7/site-packages/airflow/example_dags/example_latest_only_with_trigger.py for tasks to queue
[2023-06-17T02:36:56.365+0000] {logging_mixin.py:149} INFO - [2023-06-17T02:36:56.364+0000] {dagbag.py:541} INFO - Filling up the DagBag from /home/airflow/.local/lib/python3.7/site-packages/airflow/example_dags/example_latest_only_with_trigger.py
[2023-06-17T02:36:56.372+0000] {processor.py:836} INFO - DAG(s) dict_keys(['latest_only_with_trigger']) retrieved from /home/airflow/.local/lib/python3.7/site-packages/airflow/example_dags/example_latest_only_with_trigger.py
[2023-06-17T02:36:56.405+0000] {logging_mixin.py:149} INFO - [2023-06-17T02:36:56.405+0000] {dag.py:2726} INFO - Sync 1 DAGs
[2023-06-17T02:36:56.449+0000] {logging_mixin.py:149} INFO - [2023-06-17T02:36:56.449+0000] {dag.py:3490} INFO - Setting next_dagrun for latest_only_with_trigger to 2023-06-16T22:36:56.449427+00:00, run_after=2023-06-17T02:36:56.449427+00:00
[2023-06-17T02:36:56.485+0000] {processor.py:179} INFO - Processing /home/airflow/.local/lib/python3.7/site-packages/airflow/example_dags/example_latest_only_with_trigger.py took 0.134 seconds
[2023-06-17T02:37:27.303+0000] {processor.py:157} INFO - Started process (PID=2014) to work on /home/airflow/.local/lib/python3.7/site-packages/airflow/example_dags/example_latest_only_with_trigger.py
[2023-06-17T02:37:27.354+0000] {processor.py:826} INFO - Processing file /home/airflow/.local/lib/python3.7/site-packages/airflow/example_dags/example_latest_only_with_trigger.py for tasks to queue
[2023-06-17T02:37:27.354+0000] {logging_mixin.py:149} INFO - [2023-06-17T02:37:27.354+0000] {dagbag.py:541} INFO - Filling up the DagBag from /home/airflow/.local/lib/python3.7/site-packages/airflow/example_dags/example_latest_only_with_trigger.py
[2023-06-17T02:37:27.361+0000] {processor.py:836} INFO - DAG(s) dict_keys(['latest_only_with_trigger']) retrieved from /home/airflow/.local/lib/python3.7/site-packages/airflow/example_dags/example_latest_only_with_trigger.py
[2023-06-17T02:37:27.391+0000] {logging_mixin.py:149} INFO - [2023-06-17T02:37:27.391+0000] {dag.py:2726} INFO - Sync 1 DAGs
[2023-06-17T02:37:27.431+0000] {logging_mixin.py:149} INFO - [2023-06-17T02:37:27.431+0000] {dag.py:3490} INFO - Setting next_dagrun for latest_only_with_trigger to 2023-06-16T22:37:27.431420+00:00, run_after=2023-06-17T02:37:27.431420+00:00
[2023-06-17T02:37:27.463+0000] {processor.py:179} INFO - Processing /home/airflow/.local/lib/python3.7/site-packages/airflow/example_dags/example_latest_only_with_trigger.py took 0.163 seconds
[2023-06-17T02:37:57.830+0000] {processor.py:157} INFO - Started process (PID=2075) to work on /home/airflow/.local/lib/python3.7/site-packages/airflow/example_dags/example_latest_only_with_trigger.py
[2023-06-17T02:37:58.151+0000] {processor.py:826} INFO - Processing file /home/airflow/.local/lib/python3.7/site-packages/airflow/example_dags/example_latest_only_with_trigger.py for tasks to queue
[2023-06-17T02:37:58.152+0000] {logging_mixin.py:149} INFO - [2023-06-17T02:37:58.151+0000] {dagbag.py:541} INFO - Filling up the DagBag from /home/airflow/.local/lib/python3.7/site-packages/airflow/example_dags/example_latest_only_with_trigger.py
[2023-06-17T02:37:58.157+0000] {processor.py:836} INFO - DAG(s) dict_keys(['latest_only_with_trigger']) retrieved from /home/airflow/.local/lib/python3.7/site-packages/airflow/example_dags/example_latest_only_with_trigger.py
[2023-06-17T02:37:58.182+0000] {logging_mixin.py:149} INFO - [2023-06-17T02:37:58.182+0000] {dag.py:2726} INFO - Sync 1 DAGs
[2023-06-17T02:37:58.216+0000] {logging_mixin.py:149} INFO - [2023-06-17T02:37:58.216+0000] {dag.py:3490} INFO - Setting next_dagrun for latest_only_with_trigger to 2023-06-16T22:37:58.216517+00:00, run_after=2023-06-17T02:37:58.216517+00:00
[2023-06-17T02:37:58.329+0000] {processor.py:179} INFO - Processing /home/airflow/.local/lib/python3.7/site-packages/airflow/example_dags/example_latest_only_with_trigger.py took 0.503 seconds
[2023-06-17T03:24:54.108+0000] {processor.py:157} INFO - Started process (PID=2136) to work on /home/airflow/.local/lib/python3.7/site-packages/airflow/example_dags/example_latest_only_with_trigger.py
[2023-06-17T03:24:54.261+0000] {processor.py:826} INFO - Processing file /home/airflow/.local/lib/python3.7/site-packages/airflow/example_dags/example_latest_only_with_trigger.py for tasks to queue
[2023-06-17T03:24:54.262+0000] {logging_mixin.py:149} INFO - [2023-06-17T03:24:54.261+0000] {dagbag.py:541} INFO - Filling up the DagBag from /home/airflow/.local/lib/python3.7/site-packages/airflow/example_dags/example_latest_only_with_trigger.py
[2023-06-17T03:24:54.266+0000] {processor.py:836} INFO - DAG(s) dict_keys(['latest_only_with_trigger']) retrieved from /home/airflow/.local/lib/python3.7/site-packages/airflow/example_dags/example_latest_only_with_trigger.py
[2023-06-17T03:24:54.287+0000] {logging_mixin.py:149} INFO - [2023-06-17T03:24:54.287+0000] {dag.py:2726} INFO - Sync 1 DAGs
[2023-06-17T03:24:54.314+0000] {logging_mixin.py:149} INFO - [2023-06-17T03:24:54.314+0000] {dag.py:3490} INFO - Setting next_dagrun for latest_only_with_trigger to 2023-06-16T23:24:54.314289+00:00, run_after=2023-06-17T03:24:54.314289+00:00
[2023-06-17T03:24:54.559+0000] {processor.py:179} INFO - Processing /home/airflow/.local/lib/python3.7/site-packages/airflow/example_dags/example_latest_only_with_trigger.py took 0.454 seconds
[2023-06-17T03:25:24.714+0000] {processor.py:157} INFO - Started process (PID=2197) to work on /home/airflow/.local/lib/python3.7/site-packages/airflow/example_dags/example_latest_only_with_trigger.py
[2023-06-17T03:25:24.717+0000] {processor.py:826} INFO - Processing file /home/airflow/.local/lib/python3.7/site-packages/airflow/example_dags/example_latest_only_with_trigger.py for tasks to queue
[2023-06-17T03:25:24.718+0000] {logging_mixin.py:149} INFO - [2023-06-17T03:25:24.718+0000] {dagbag.py:541} INFO - Filling up the DagBag from /home/airflow/.local/lib/python3.7/site-packages/airflow/example_dags/example_latest_only_with_trigger.py
[2023-06-17T03:25:24.728+0000] {processor.py:836} INFO - DAG(s) dict_keys(['latest_only_with_trigger']) retrieved from /home/airflow/.local/lib/python3.7/site-packages/airflow/example_dags/example_latest_only_with_trigger.py
[2023-06-17T03:25:24.777+0000] {logging_mixin.py:149} INFO - [2023-06-17T03:25:24.776+0000] {dag.py:2726} INFO - Sync 1 DAGs
[2023-06-17T03:25:24.835+0000] {logging_mixin.py:149} INFO - [2023-06-17T03:25:24.835+0000] {dag.py:3490} INFO - Setting next_dagrun for latest_only_with_trigger to 2023-06-16T23:25:24.834656+00:00, run_after=2023-06-17T03:25:24.834656+00:00
[2023-06-17T03:25:24.896+0000] {processor.py:179} INFO - Processing /home/airflow/.local/lib/python3.7/site-packages/airflow/example_dags/example_latest_only_with_trigger.py took 0.188 seconds
[2023-06-17T03:36:01.875+0000] {processor.py:157} INFO - Started process (PID=80) to work on /home/airflow/.local/lib/python3.7/site-packages/airflow/example_dags/example_latest_only_with_trigger.py
[2023-06-17T03:36:01.936+0000] {processor.py:826} INFO - Processing file /home/airflow/.local/lib/python3.7/site-packages/airflow/example_dags/example_latest_only_with_trigger.py for tasks to queue
[2023-06-17T03:36:01.937+0000] {logging_mixin.py:149} INFO - [2023-06-17T03:36:01.937+0000] {dagbag.py:541} INFO - Filling up the DagBag from /home/airflow/.local/lib/python3.7/site-packages/airflow/example_dags/example_latest_only_with_trigger.py
[2023-06-17T03:36:01.941+0000] {processor.py:836} INFO - DAG(s) dict_keys(['latest_only_with_trigger']) retrieved from /home/airflow/.local/lib/python3.7/site-packages/airflow/example_dags/example_latest_only_with_trigger.py
[2023-06-17T03:36:01.971+0000] {logging_mixin.py:149} INFO - [2023-06-17T03:36:01.971+0000] {dag.py:2726} INFO - Sync 1 DAGs
[2023-06-17T03:36:02.006+0000] {logging_mixin.py:149} INFO - [2023-06-17T03:36:02.006+0000] {dag.py:3490} INFO - Setting next_dagrun for latest_only_with_trigger to 2023-06-16T23:36:02.005967+00:00, run_after=2023-06-17T03:36:02.005967+00:00
[2023-06-17T03:36:02.072+0000] {processor.py:179} INFO - Processing /home/airflow/.local/lib/python3.7/site-packages/airflow/example_dags/example_latest_only_with_trigger.py took 0.200 seconds
[2023-06-17T03:36:34.020+0000] {processor.py:157} INFO - Started process (PID=141) to work on /home/airflow/.local/lib/python3.7/site-packages/airflow/example_dags/example_latest_only_with_trigger.py
[2023-06-17T03:36:34.090+0000] {processor.py:826} INFO - Processing file /home/airflow/.local/lib/python3.7/site-packages/airflow/example_dags/example_latest_only_with_trigger.py for tasks to queue
[2023-06-17T03:36:34.091+0000] {logging_mixin.py:149} INFO - [2023-06-17T03:36:34.091+0000] {dagbag.py:541} INFO - Filling up the DagBag from /home/airflow/.local/lib/python3.7/site-packages/airflow/example_dags/example_latest_only_with_trigger.py
[2023-06-17T03:36:34.101+0000] {processor.py:836} INFO - DAG(s) dict_keys(['latest_only_with_trigger']) retrieved from /home/airflow/.local/lib/python3.7/site-packages/airflow/example_dags/example_latest_only_with_trigger.py
[2023-06-17T03:36:34.134+0000] {logging_mixin.py:149} INFO - [2023-06-17T03:36:34.134+0000] {dag.py:2726} INFO - Sync 1 DAGs
[2023-06-17T03:36:34.160+0000] {logging_mixin.py:149} INFO - [2023-06-17T03:36:34.160+0000] {dag.py:3490} INFO - Setting next_dagrun for latest_only_with_trigger to 2023-06-16T23:36:34.159961+00:00, run_after=2023-06-17T03:36:34.159961+00:00
[2023-06-17T03:36:34.293+0000] {processor.py:179} INFO - Processing /home/airflow/.local/lib/python3.7/site-packages/airflow/example_dags/example_latest_only_with_trigger.py took 0.278 seconds
[2023-06-17T03:37:04.590+0000] {processor.py:157} INFO - Started process (PID=203) to work on /home/airflow/.local/lib/python3.7/site-packages/airflow/example_dags/example_latest_only_with_trigger.py
[2023-06-17T03:37:04.625+0000] {processor.py:826} INFO - Processing file /home/airflow/.local/lib/python3.7/site-packages/airflow/example_dags/example_latest_only_with_trigger.py for tasks to queue
[2023-06-17T03:37:04.626+0000] {logging_mixin.py:149} INFO - [2023-06-17T03:37:04.626+0000] {dagbag.py:541} INFO - Filling up the DagBag from /home/airflow/.local/lib/python3.7/site-packages/airflow/example_dags/example_latest_only_with_trigger.py
[2023-06-17T03:37:04.631+0000] {processor.py:836} INFO - DAG(s) dict_keys(['latest_only_with_trigger']) retrieved from /home/airflow/.local/lib/python3.7/site-packages/airflow/example_dags/example_latest_only_with_trigger.py
[2023-06-17T03:37:04.664+0000] {logging_mixin.py:149} INFO - [2023-06-17T03:37:04.663+0000] {dag.py:2726} INFO - Sync 1 DAGs
[2023-06-17T03:37:04.822+0000] {logging_mixin.py:149} INFO - [2023-06-17T03:37:04.821+0000] {dag.py:3490} INFO - Setting next_dagrun for latest_only_with_trigger to 2023-06-16T23:37:04.821650+00:00, run_after=2023-06-17T03:37:04.821650+00:00
[2023-06-17T03:37:04.862+0000] {processor.py:179} INFO - Processing /home/airflow/.local/lib/python3.7/site-packages/airflow/example_dags/example_latest_only_with_trigger.py took 0.275 seconds
[2023-06-17T03:37:35.348+0000] {processor.py:157} INFO - Started process (PID=264) to work on /home/airflow/.local/lib/python3.7/site-packages/airflow/example_dags/example_latest_only_with_trigger.py
[2023-06-17T03:37:35.367+0000] {processor.py:826} INFO - Processing file /home/airflow/.local/lib/python3.7/site-packages/airflow/example_dags/example_latest_only_with_trigger.py for tasks to queue
[2023-06-17T03:37:35.367+0000] {logging_mixin.py:149} INFO - [2023-06-17T03:37:35.367+0000] {dagbag.py:541} INFO - Filling up the DagBag from /home/airflow/.local/lib/python3.7/site-packages/airflow/example_dags/example_latest_only_with_trigger.py
[2023-06-17T03:37:35.372+0000] {processor.py:836} INFO - DAG(s) dict_keys(['latest_only_with_trigger']) retrieved from /home/airflow/.local/lib/python3.7/site-packages/airflow/example_dags/example_latest_only_with_trigger.py
[2023-06-17T03:37:35.395+0000] {logging_mixin.py:149} INFO - [2023-06-17T03:37:35.395+0000] {dag.py:2726} INFO - Sync 1 DAGs
[2023-06-17T03:37:35.445+0000] {logging_mixin.py:149} INFO - [2023-06-17T03:37:35.444+0000] {dag.py:3490} INFO - Setting next_dagrun for latest_only_with_trigger to 2023-06-16T23:37:35.444553+00:00, run_after=2023-06-17T03:37:35.444553+00:00
[2023-06-17T03:37:35.501+0000] {processor.py:179} INFO - Processing /home/airflow/.local/lib/python3.7/site-packages/airflow/example_dags/example_latest_only_with_trigger.py took 0.156 seconds
[2023-06-17T03:38:06.266+0000] {processor.py:157} INFO - Started process (PID=325) to work on /home/airflow/.local/lib/python3.7/site-packages/airflow/example_dags/example_latest_only_with_trigger.py
[2023-06-17T03:38:06.276+0000] {processor.py:826} INFO - Processing file /home/airflow/.local/lib/python3.7/site-packages/airflow/example_dags/example_latest_only_with_trigger.py for tasks to queue
[2023-06-17T03:38:06.277+0000] {logging_mixin.py:149} INFO - [2023-06-17T03:38:06.277+0000] {dagbag.py:541} INFO - Filling up the DagBag from /home/airflow/.local/lib/python3.7/site-packages/airflow/example_dags/example_latest_only_with_trigger.py
[2023-06-17T03:38:06.282+0000] {processor.py:836} INFO - DAG(s) dict_keys(['latest_only_with_trigger']) retrieved from /home/airflow/.local/lib/python3.7/site-packages/airflow/example_dags/example_latest_only_with_trigger.py
[2023-06-17T03:38:06.311+0000] {logging_mixin.py:149} INFO - [2023-06-17T03:38:06.311+0000] {dag.py:2726} INFO - Sync 1 DAGs
[2023-06-17T03:38:06.349+0000] {logging_mixin.py:149} INFO - [2023-06-17T03:38:06.349+0000] {dag.py:3490} INFO - Setting next_dagrun for latest_only_with_trigger to 2023-06-16T23:38:06.349290+00:00, run_after=2023-06-17T03:38:06.349290+00:00
[2023-06-17T03:38:06.382+0000] {processor.py:179} INFO - Processing /home/airflow/.local/lib/python3.7/site-packages/airflow/example_dags/example_latest_only_with_trigger.py took 0.119 seconds
[2023-06-17T03:38:37.070+0000] {processor.py:157} INFO - Started process (PID=386) to work on /home/airflow/.local/lib/python3.7/site-packages/airflow/example_dags/example_latest_only_with_trigger.py
[2023-06-17T03:38:37.100+0000] {processor.py:826} INFO - Processing file /home/airflow/.local/lib/python3.7/site-packages/airflow/example_dags/example_latest_only_with_trigger.py for tasks to queue
[2023-06-17T03:38:37.101+0000] {logging_mixin.py:149} INFO - [2023-06-17T03:38:37.101+0000] {dagbag.py:541} INFO - Filling up the DagBag from /home/airflow/.local/lib/python3.7/site-packages/airflow/example_dags/example_latest_only_with_trigger.py
[2023-06-17T03:38:37.107+0000] {processor.py:836} INFO - DAG(s) dict_keys(['latest_only_with_trigger']) retrieved from /home/airflow/.local/lib/python3.7/site-packages/airflow/example_dags/example_latest_only_with_trigger.py
[2023-06-17T03:38:37.146+0000] {logging_mixin.py:149} INFO - [2023-06-17T03:38:37.146+0000] {dag.py:2726} INFO - Sync 1 DAGs
[2023-06-17T03:38:37.190+0000] {logging_mixin.py:149} INFO - [2023-06-17T03:38:37.189+0000] {dag.py:3490} INFO - Setting next_dagrun for latest_only_with_trigger to 2023-06-16T23:38:37.189470+00:00, run_after=2023-06-17T03:38:37.189470+00:00
[2023-06-17T03:38:37.244+0000] {processor.py:179} INFO - Processing /home/airflow/.local/lib/python3.7/site-packages/airflow/example_dags/example_latest_only_with_trigger.py took 0.176 seconds
[2023-06-17T03:39:07.275+0000] {processor.py:157} INFO - Started process (PID=447) to work on /home/airflow/.local/lib/python3.7/site-packages/airflow/example_dags/example_latest_only_with_trigger.py
[2023-06-17T03:39:07.287+0000] {processor.py:826} INFO - Processing file /home/airflow/.local/lib/python3.7/site-packages/airflow/example_dags/example_latest_only_with_trigger.py for tasks to queue
[2023-06-17T03:39:07.288+0000] {logging_mixin.py:149} INFO - [2023-06-17T03:39:07.287+0000] {dagbag.py:541} INFO - Filling up the DagBag from /home/airflow/.local/lib/python3.7/site-packages/airflow/example_dags/example_latest_only_with_trigger.py
[2023-06-17T03:39:07.292+0000] {processor.py:836} INFO - DAG(s) dict_keys(['latest_only_with_trigger']) retrieved from /home/airflow/.local/lib/python3.7/site-packages/airflow/example_dags/example_latest_only_with_trigger.py
[2023-06-17T03:39:07.314+0000] {logging_mixin.py:149} INFO - [2023-06-17T03:39:07.314+0000] {dag.py:2726} INFO - Sync 1 DAGs
[2023-06-17T03:39:07.341+0000] {logging_mixin.py:149} INFO - [2023-06-17T03:39:07.341+0000] {dag.py:3490} INFO - Setting next_dagrun for latest_only_with_trigger to 2023-06-16T23:39:07.341336+00:00, run_after=2023-06-17T03:39:07.341336+00:00
[2023-06-17T03:39:07.370+0000] {processor.py:179} INFO - Processing /home/airflow/.local/lib/python3.7/site-packages/airflow/example_dags/example_latest_only_with_trigger.py took 0.098 seconds
[2023-06-17T03:39:37.436+0000] {processor.py:157} INFO - Started process (PID=508) to work on /home/airflow/.local/lib/python3.7/site-packages/airflow/example_dags/example_latest_only_with_trigger.py
[2023-06-17T03:39:37.446+0000] {processor.py:826} INFO - Processing file /home/airflow/.local/lib/python3.7/site-packages/airflow/example_dags/example_latest_only_with_trigger.py for tasks to queue
[2023-06-17T03:39:37.447+0000] {logging_mixin.py:149} INFO - [2023-06-17T03:39:37.446+0000] {dagbag.py:541} INFO - Filling up the DagBag from /home/airflow/.local/lib/python3.7/site-packages/airflow/example_dags/example_latest_only_with_trigger.py
[2023-06-17T03:39:37.452+0000] {processor.py:836} INFO - DAG(s) dict_keys(['latest_only_with_trigger']) retrieved from /home/airflow/.local/lib/python3.7/site-packages/airflow/example_dags/example_latest_only_with_trigger.py
[2023-06-17T03:39:37.477+0000] {logging_mixin.py:149} INFO - [2023-06-17T03:39:37.477+0000] {dag.py:2726} INFO - Sync 1 DAGs
[2023-06-17T03:39:37.516+0000] {logging_mixin.py:149} INFO - [2023-06-17T03:39:37.516+0000] {dag.py:3490} INFO - Setting next_dagrun for latest_only_with_trigger to 2023-06-16T23:39:37.515939+00:00, run_after=2023-06-17T03:39:37.515939+00:00
[2023-06-17T03:39:37.542+0000] {processor.py:179} INFO - Processing /home/airflow/.local/lib/python3.7/site-packages/airflow/example_dags/example_latest_only_with_trigger.py took 0.109 seconds
[2023-06-17T03:40:07.945+0000] {processor.py:157} INFO - Started process (PID=569) to work on /home/airflow/.local/lib/python3.7/site-packages/airflow/example_dags/example_latest_only_with_trigger.py
[2023-06-17T03:40:07.951+0000] {processor.py:826} INFO - Processing file /home/airflow/.local/lib/python3.7/site-packages/airflow/example_dags/example_latest_only_with_trigger.py for tasks to queue
[2023-06-17T03:40:07.952+0000] {logging_mixin.py:149} INFO - [2023-06-17T03:40:07.952+0000] {dagbag.py:541} INFO - Filling up the DagBag from /home/airflow/.local/lib/python3.7/site-packages/airflow/example_dags/example_latest_only_with_trigger.py
[2023-06-17T03:40:07.957+0000] {processor.py:836} INFO - DAG(s) dict_keys(['latest_only_with_trigger']) retrieved from /home/airflow/.local/lib/python3.7/site-packages/airflow/example_dags/example_latest_only_with_trigger.py
[2023-06-17T03:40:07.979+0000] {logging_mixin.py:149} INFO - [2023-06-17T03:40:07.978+0000] {dag.py:2726} INFO - Sync 1 DAGs
[2023-06-17T03:40:08.006+0000] {logging_mixin.py:149} INFO - [2023-06-17T03:40:08.006+0000] {dag.py:3490} INFO - Setting next_dagrun for latest_only_with_trigger to 2023-06-16T23:40:08.006114+00:00, run_after=2023-06-17T03:40:08.006114+00:00
[2023-06-17T03:40:08.029+0000] {processor.py:179} INFO - Processing /home/airflow/.local/lib/python3.7/site-packages/airflow/example_dags/example_latest_only_with_trigger.py took 0.086 seconds
[2023-06-17T03:40:39.239+0000] {processor.py:157} INFO - Started process (PID=631) to work on /home/airflow/.local/lib/python3.7/site-packages/airflow/example_dags/example_latest_only_with_trigger.py
[2023-06-17T03:40:39.253+0000] {processor.py:826} INFO - Processing file /home/airflow/.local/lib/python3.7/site-packages/airflow/example_dags/example_latest_only_with_trigger.py for tasks to queue
[2023-06-17T03:40:39.254+0000] {logging_mixin.py:149} INFO - [2023-06-17T03:40:39.253+0000] {dagbag.py:541} INFO - Filling up the DagBag from /home/airflow/.local/lib/python3.7/site-packages/airflow/example_dags/example_latest_only_with_trigger.py
[2023-06-17T03:40:39.258+0000] {processor.py:836} INFO - DAG(s) dict_keys(['latest_only_with_trigger']) retrieved from /home/airflow/.local/lib/python3.7/site-packages/airflow/example_dags/example_latest_only_with_trigger.py
[2023-06-17T03:40:39.281+0000] {logging_mixin.py:149} INFO - [2023-06-17T03:40:39.281+0000] {dag.py:2726} INFO - Sync 1 DAGs
[2023-06-17T03:40:39.309+0000] {logging_mixin.py:149} INFO - [2023-06-17T03:40:39.309+0000] {dag.py:3490} INFO - Setting next_dagrun for latest_only_with_trigger to 2023-06-16T23:40:39.309497+00:00, run_after=2023-06-17T03:40:39.309497+00:00
[2023-06-17T03:40:39.335+0000] {processor.py:179} INFO - Processing /home/airflow/.local/lib/python3.7/site-packages/airflow/example_dags/example_latest_only_with_trigger.py took 0.098 seconds
[2023-06-17T03:41:10.305+0000] {processor.py:157} INFO - Started process (PID=692) to work on /home/airflow/.local/lib/python3.7/site-packages/airflow/example_dags/example_latest_only_with_trigger.py
[2023-06-17T03:41:10.314+0000] {processor.py:826} INFO - Processing file /home/airflow/.local/lib/python3.7/site-packages/airflow/example_dags/example_latest_only_with_trigger.py for tasks to queue
[2023-06-17T03:41:10.315+0000] {logging_mixin.py:149} INFO - [2023-06-17T03:41:10.315+0000] {dagbag.py:541} INFO - Filling up the DagBag from /home/airflow/.local/lib/python3.7/site-packages/airflow/example_dags/example_latest_only_with_trigger.py
[2023-06-17T03:41:10.322+0000] {processor.py:836} INFO - DAG(s) dict_keys(['latest_only_with_trigger']) retrieved from /home/airflow/.local/lib/python3.7/site-packages/airflow/example_dags/example_latest_only_with_trigger.py
[2023-06-17T03:41:10.355+0000] {logging_mixin.py:149} INFO - [2023-06-17T03:41:10.355+0000] {dag.py:2726} INFO - Sync 1 DAGs
[2023-06-17T03:41:10.401+0000] {logging_mixin.py:149} INFO - [2023-06-17T03:41:10.400+0000] {dag.py:3490} INFO - Setting next_dagrun for latest_only_with_trigger to 2023-06-16T23:41:10.400635+00:00, run_after=2023-06-17T03:41:10.400635+00:00
[2023-06-17T03:41:10.527+0000] {processor.py:179} INFO - Processing /home/airflow/.local/lib/python3.7/site-packages/airflow/example_dags/example_latest_only_with_trigger.py took 0.225 seconds
[2023-06-17T03:41:40.661+0000] {processor.py:157} INFO - Started process (PID=753) to work on /home/airflow/.local/lib/python3.7/site-packages/airflow/example_dags/example_latest_only_with_trigger.py
[2023-06-17T03:41:40.668+0000] {processor.py:826} INFO - Processing file /home/airflow/.local/lib/python3.7/site-packages/airflow/example_dags/example_latest_only_with_trigger.py for tasks to queue
[2023-06-17T03:41:40.669+0000] {logging_mixin.py:149} INFO - [2023-06-17T03:41:40.669+0000] {dagbag.py:541} INFO - Filling up the DagBag from /home/airflow/.local/lib/python3.7/site-packages/airflow/example_dags/example_latest_only_with_trigger.py
[2023-06-17T03:41:40.674+0000] {processor.py:836} INFO - DAG(s) dict_keys(['latest_only_with_trigger']) retrieved from /home/airflow/.local/lib/python3.7/site-packages/airflow/example_dags/example_latest_only_with_trigger.py
[2023-06-17T03:41:40.697+0000] {logging_mixin.py:149} INFO - [2023-06-17T03:41:40.697+0000] {dag.py:2726} INFO - Sync 1 DAGs
[2023-06-17T03:41:40.724+0000] {logging_mixin.py:149} INFO - [2023-06-17T03:41:40.723+0000] {dag.py:3490} INFO - Setting next_dagrun for latest_only_with_trigger to 2023-06-16T23:41:40.723749+00:00, run_after=2023-06-17T03:41:40.723749+00:00
[2023-06-17T03:41:40.753+0000] {processor.py:179} INFO - Processing /home/airflow/.local/lib/python3.7/site-packages/airflow/example_dags/example_latest_only_with_trigger.py took 0.095 seconds
[2023-06-17T03:42:11.811+0000] {processor.py:157} INFO - Started process (PID=814) to work on /home/airflow/.local/lib/python3.7/site-packages/airflow/example_dags/example_latest_only_with_trigger.py
[2023-06-17T03:42:11.811+0000] {processor.py:826} INFO - Processing file /home/airflow/.local/lib/python3.7/site-packages/airflow/example_dags/example_latest_only_with_trigger.py for tasks to queue
[2023-06-17T03:42:11.812+0000] {logging_mixin.py:149} INFO - [2023-06-17T03:42:11.812+0000] {dagbag.py:541} INFO - Filling up the DagBag from /home/airflow/.local/lib/python3.7/site-packages/airflow/example_dags/example_latest_only_with_trigger.py
[2023-06-17T03:42:11.817+0000] {processor.py:836} INFO - DAG(s) dict_keys(['latest_only_with_trigger']) retrieved from /home/airflow/.local/lib/python3.7/site-packages/airflow/example_dags/example_latest_only_with_trigger.py
[2023-06-17T03:42:11.840+0000] {logging_mixin.py:149} INFO - [2023-06-17T03:42:11.840+0000] {dag.py:2726} INFO - Sync 1 DAGs
[2023-06-17T03:42:11.870+0000] {logging_mixin.py:149} INFO - [2023-06-17T03:42:11.869+0000] {dag.py:3490} INFO - Setting next_dagrun for latest_only_with_trigger to 2023-06-16T23:42:11.869723+00:00, run_after=2023-06-17T03:42:11.869723+00:00
[2023-06-17T03:42:11.894+0000] {processor.py:179} INFO - Processing /home/airflow/.local/lib/python3.7/site-packages/airflow/example_dags/example_latest_only_with_trigger.py took 0.087 seconds
[2023-06-17T03:42:42.552+0000] {processor.py:157} INFO - Started process (PID=875) to work on /home/airflow/.local/lib/python3.7/site-packages/airflow/example_dags/example_latest_only_with_trigger.py
[2023-06-17T03:42:42.557+0000] {processor.py:826} INFO - Processing file /home/airflow/.local/lib/python3.7/site-packages/airflow/example_dags/example_latest_only_with_trigger.py for tasks to queue
[2023-06-17T03:42:42.558+0000] {logging_mixin.py:149} INFO - [2023-06-17T03:42:42.558+0000] {dagbag.py:541} INFO - Filling up the DagBag from /home/airflow/.local/lib/python3.7/site-packages/airflow/example_dags/example_latest_only_with_trigger.py
[2023-06-17T03:42:42.566+0000] {processor.py:836} INFO - DAG(s) dict_keys(['latest_only_with_trigger']) retrieved from /home/airflow/.local/lib/python3.7/site-packages/airflow/example_dags/example_latest_only_with_trigger.py
[2023-06-17T03:42:42.600+0000] {logging_mixin.py:149} INFO - [2023-06-17T03:42:42.600+0000] {dag.py:2726} INFO - Sync 1 DAGs
[2023-06-17T03:42:42.647+0000] {logging_mixin.py:149} INFO - [2023-06-17T03:42:42.647+0000] {dag.py:3490} INFO - Setting next_dagrun for latest_only_with_trigger to 2023-06-16T23:42:42.647272+00:00, run_after=2023-06-17T03:42:42.647272+00:00
[2023-06-17T03:42:42.682+0000] {processor.py:179} INFO - Processing /home/airflow/.local/lib/python3.7/site-packages/airflow/example_dags/example_latest_only_with_trigger.py took 0.134 seconds
[2023-06-17T03:43:13.162+0000] {processor.py:157} INFO - Started process (PID=936) to work on /home/airflow/.local/lib/python3.7/site-packages/airflow/example_dags/example_latest_only_with_trigger.py
[2023-06-17T03:43:13.175+0000] {processor.py:826} INFO - Processing file /home/airflow/.local/lib/python3.7/site-packages/airflow/example_dags/example_latest_only_with_trigger.py for tasks to queue
[2023-06-17T03:43:13.176+0000] {logging_mixin.py:149} INFO - [2023-06-17T03:43:13.176+0000] {dagbag.py:541} INFO - Filling up the DagBag from /home/airflow/.local/lib/python3.7/site-packages/airflow/example_dags/example_latest_only_with_trigger.py
[2023-06-17T03:43:13.182+0000] {processor.py:836} INFO - DAG(s) dict_keys(['latest_only_with_trigger']) retrieved from /home/airflow/.local/lib/python3.7/site-packages/airflow/example_dags/example_latest_only_with_trigger.py
[2023-06-17T03:43:13.204+0000] {logging_mixin.py:149} INFO - [2023-06-17T03:43:13.203+0000] {dag.py:2726} INFO - Sync 1 DAGs
[2023-06-17T03:43:13.241+0000] {logging_mixin.py:149} INFO - [2023-06-17T03:43:13.241+0000] {dag.py:3490} INFO - Setting next_dagrun for latest_only_with_trigger to 2023-06-16T23:43:13.241091+00:00, run_after=2023-06-17T03:43:13.241091+00:00
[2023-06-17T03:43:13.268+0000] {processor.py:179} INFO - Processing /home/airflow/.local/lib/python3.7/site-packages/airflow/example_dags/example_latest_only_with_trigger.py took 0.109 seconds
[2023-06-17T03:43:43.682+0000] {processor.py:157} INFO - Started process (PID=997) to work on /home/airflow/.local/lib/python3.7/site-packages/airflow/example_dags/example_latest_only_with_trigger.py
[2023-06-17T03:43:43.688+0000] {processor.py:826} INFO - Processing file /home/airflow/.local/lib/python3.7/site-packages/airflow/example_dags/example_latest_only_with_trigger.py for tasks to queue
[2023-06-17T03:43:43.688+0000] {logging_mixin.py:149} INFO - [2023-06-17T03:43:43.688+0000] {dagbag.py:541} INFO - Filling up the DagBag from /home/airflow/.local/lib/python3.7/site-packages/airflow/example_dags/example_latest_only_with_trigger.py
[2023-06-17T03:43:43.694+0000] {processor.py:836} INFO - DAG(s) dict_keys(['latest_only_with_trigger']) retrieved from /home/airflow/.local/lib/python3.7/site-packages/airflow/example_dags/example_latest_only_with_trigger.py
[2023-06-17T03:43:43.716+0000] {logging_mixin.py:149} INFO - [2023-06-17T03:43:43.716+0000] {dag.py:2726} INFO - Sync 1 DAGs
[2023-06-17T03:43:43.744+0000] {logging_mixin.py:149} INFO - [2023-06-17T03:43:43.744+0000] {dag.py:3490} INFO - Setting next_dagrun for latest_only_with_trigger to 2023-06-16T23:43:43.744122+00:00, run_after=2023-06-17T03:43:43.744122+00:00
[2023-06-17T03:43:43.777+0000] {processor.py:179} INFO - Processing /home/airflow/.local/lib/python3.7/site-packages/airflow/example_dags/example_latest_only_with_trigger.py took 0.097 seconds
[2023-06-17T03:44:14.843+0000] {processor.py:157} INFO - Started process (PID=1058) to work on /home/airflow/.local/lib/python3.7/site-packages/airflow/example_dags/example_latest_only_with_trigger.py
[2023-06-17T03:44:14.855+0000] {processor.py:826} INFO - Processing file /home/airflow/.local/lib/python3.7/site-packages/airflow/example_dags/example_latest_only_with_trigger.py for tasks to queue
[2023-06-17T03:44:14.856+0000] {logging_mixin.py:149} INFO - [2023-06-17T03:44:14.856+0000] {dagbag.py:541} INFO - Filling up the DagBag from /home/airflow/.local/lib/python3.7/site-packages/airflow/example_dags/example_latest_only_with_trigger.py
[2023-06-17T03:44:14.864+0000] {processor.py:836} INFO - DAG(s) dict_keys(['latest_only_with_trigger']) retrieved from /home/airflow/.local/lib/python3.7/site-packages/airflow/example_dags/example_latest_only_with_trigger.py
[2023-06-17T03:44:14.897+0000] {logging_mixin.py:149} INFO - [2023-06-17T03:44:14.896+0000] {dag.py:2726} INFO - Sync 1 DAGs
[2023-06-17T03:44:14.938+0000] {logging_mixin.py:149} INFO - [2023-06-17T03:44:14.938+0000] {dag.py:3490} INFO - Setting next_dagrun for latest_only_with_trigger to 2023-06-16T23:44:14.938347+00:00, run_after=2023-06-17T03:44:14.938347+00:00
[2023-06-17T03:44:14.975+0000] {processor.py:179} INFO - Processing /home/airflow/.local/lib/python3.7/site-packages/airflow/example_dags/example_latest_only_with_trigger.py took 0.135 seconds
[2023-06-17T03:44:45.381+0000] {processor.py:157} INFO - Started process (PID=1119) to work on /home/airflow/.local/lib/python3.7/site-packages/airflow/example_dags/example_latest_only_with_trigger.py
[2023-06-17T03:44:45.393+0000] {processor.py:826} INFO - Processing file /home/airflow/.local/lib/python3.7/site-packages/airflow/example_dags/example_latest_only_with_trigger.py for tasks to queue
[2023-06-17T03:44:45.394+0000] {logging_mixin.py:149} INFO - [2023-06-17T03:44:45.394+0000] {dagbag.py:541} INFO - Filling up the DagBag from /home/airflow/.local/lib/python3.7/site-packages/airflow/example_dags/example_latest_only_with_trigger.py
[2023-06-17T03:44:45.398+0000] {processor.py:836} INFO - DAG(s) dict_keys(['latest_only_with_trigger']) retrieved from /home/airflow/.local/lib/python3.7/site-packages/airflow/example_dags/example_latest_only_with_trigger.py
[2023-06-17T03:44:45.421+0000] {logging_mixin.py:149} INFO - [2023-06-17T03:44:45.421+0000] {dag.py:2726} INFO - Sync 1 DAGs
[2023-06-17T03:44:45.448+0000] {logging_mixin.py:149} INFO - [2023-06-17T03:44:45.448+0000] {dag.py:3490} INFO - Setting next_dagrun for latest_only_with_trigger to 2023-06-16T23:44:45.448536+00:00, run_after=2023-06-17T03:44:45.448536+00:00
[2023-06-17T03:44:45.476+0000] {processor.py:179} INFO - Processing /home/airflow/.local/lib/python3.7/site-packages/airflow/example_dags/example_latest_only_with_trigger.py took 0.098 seconds
[2023-06-17T03:45:15.931+0000] {processor.py:157} INFO - Started process (PID=1180) to work on /home/airflow/.local/lib/python3.7/site-packages/airflow/example_dags/example_latest_only_with_trigger.py
[2023-06-17T03:45:15.938+0000] {processor.py:826} INFO - Processing file /home/airflow/.local/lib/python3.7/site-packages/airflow/example_dags/example_latest_only_with_trigger.py for tasks to queue
[2023-06-17T03:45:15.939+0000] {logging_mixin.py:149} INFO - [2023-06-17T03:45:15.939+0000] {dagbag.py:541} INFO - Filling up the DagBag from /home/airflow/.local/lib/python3.7/site-packages/airflow/example_dags/example_latest_only_with_trigger.py
[2023-06-17T03:45:15.947+0000] {processor.py:836} INFO - DAG(s) dict_keys(['latest_only_with_trigger']) retrieved from /home/airflow/.local/lib/python3.7/site-packages/airflow/example_dags/example_latest_only_with_trigger.py
[2023-06-17T03:45:15.971+0000] {logging_mixin.py:149} INFO - [2023-06-17T03:45:15.971+0000] {dag.py:2726} INFO - Sync 1 DAGs
[2023-06-17T03:45:16.013+0000] {logging_mixin.py:149} INFO - [2023-06-17T03:45:16.013+0000] {dag.py:3490} INFO - Setting next_dagrun for latest_only_with_trigger to 2023-06-16T23:45:16.012903+00:00, run_after=2023-06-17T03:45:16.012903+00:00
[2023-06-17T03:45:16.048+0000] {processor.py:179} INFO - Processing /home/airflow/.local/lib/python3.7/site-packages/airflow/example_dags/example_latest_only_with_trigger.py took 0.119 seconds
[2023-06-17T03:45:46.279+0000] {processor.py:157} INFO - Started process (PID=1241) to work on /home/airflow/.local/lib/python3.7/site-packages/airflow/example_dags/example_latest_only_with_trigger.py
[2023-06-17T03:45:46.297+0000] {processor.py:826} INFO - Processing file /home/airflow/.local/lib/python3.7/site-packages/airflow/example_dags/example_latest_only_with_trigger.py for tasks to queue
[2023-06-17T03:45:46.298+0000] {logging_mixin.py:149} INFO - [2023-06-17T03:45:46.298+0000] {dagbag.py:541} INFO - Filling up the DagBag from /home/airflow/.local/lib/python3.7/site-packages/airflow/example_dags/example_latest_only_with_trigger.py
[2023-06-17T03:45:46.304+0000] {processor.py:836} INFO - DAG(s) dict_keys(['latest_only_with_trigger']) retrieved from /home/airflow/.local/lib/python3.7/site-packages/airflow/example_dags/example_latest_only_with_trigger.py
[2023-06-17T03:45:46.328+0000] {logging_mixin.py:149} INFO - [2023-06-17T03:45:46.327+0000] {dag.py:2726} INFO - Sync 1 DAGs
[2023-06-17T03:45:46.357+0000] {logging_mixin.py:149} INFO - [2023-06-17T03:45:46.357+0000] {dag.py:3490} INFO - Setting next_dagrun for latest_only_with_trigger to 2023-06-16T23:45:46.357292+00:00, run_after=2023-06-17T03:45:46.357292+00:00
[2023-06-17T03:45:46.385+0000] {processor.py:179} INFO - Processing /home/airflow/.local/lib/python3.7/site-packages/airflow/example_dags/example_latest_only_with_trigger.py took 0.108 seconds
[2023-06-17T03:46:17.176+0000] {processor.py:157} INFO - Started process (PID=1302) to work on /home/airflow/.local/lib/python3.7/site-packages/airflow/example_dags/example_latest_only_with_trigger.py
[2023-06-17T03:46:17.179+0000] {processor.py:826} INFO - Processing file /home/airflow/.local/lib/python3.7/site-packages/airflow/example_dags/example_latest_only_with_trigger.py for tasks to queue
[2023-06-17T03:46:17.180+0000] {logging_mixin.py:149} INFO - [2023-06-17T03:46:17.179+0000] {dagbag.py:541} INFO - Filling up the DagBag from /home/airflow/.local/lib/python3.7/site-packages/airflow/example_dags/example_latest_only_with_trigger.py
[2023-06-17T03:46:17.185+0000] {processor.py:836} INFO - DAG(s) dict_keys(['latest_only_with_trigger']) retrieved from /home/airflow/.local/lib/python3.7/site-packages/airflow/example_dags/example_latest_only_with_trigger.py
[2023-06-17T03:46:17.206+0000] {logging_mixin.py:149} INFO - [2023-06-17T03:46:17.206+0000] {dag.py:2726} INFO - Sync 1 DAGs
[2023-06-17T03:46:17.232+0000] {logging_mixin.py:149} INFO - [2023-06-17T03:46:17.232+0000] {dag.py:3490} INFO - Setting next_dagrun for latest_only_with_trigger to 2023-06-16T23:46:17.232536+00:00, run_after=2023-06-17T03:46:17.232536+00:00
[2023-06-17T03:46:17.259+0000] {processor.py:179} INFO - Processing /home/airflow/.local/lib/python3.7/site-packages/airflow/example_dags/example_latest_only_with_trigger.py took 0.086 seconds
[2023-06-17T03:46:48.253+0000] {processor.py:157} INFO - Started process (PID=1363) to work on /home/airflow/.local/lib/python3.7/site-packages/airflow/example_dags/example_latest_only_with_trigger.py
[2023-06-17T03:46:48.289+0000] {processor.py:826} INFO - Processing file /home/airflow/.local/lib/python3.7/site-packages/airflow/example_dags/example_latest_only_with_trigger.py for tasks to queue
[2023-06-17T03:46:48.290+0000] {logging_mixin.py:149} INFO - [2023-06-17T03:46:48.290+0000] {dagbag.py:541} INFO - Filling up the DagBag from /home/airflow/.local/lib/python3.7/site-packages/airflow/example_dags/example_latest_only_with_trigger.py
[2023-06-17T03:46:48.296+0000] {processor.py:836} INFO - DAG(s) dict_keys(['latest_only_with_trigger']) retrieved from /home/airflow/.local/lib/python3.7/site-packages/airflow/example_dags/example_latest_only_with_trigger.py
[2023-06-17T03:46:48.320+0000] {logging_mixin.py:149} INFO - [2023-06-17T03:46:48.319+0000] {dag.py:2726} INFO - Sync 1 DAGs
[2023-06-17T03:46:48.347+0000] {logging_mixin.py:149} INFO - [2023-06-17T03:46:48.347+0000] {dag.py:3490} INFO - Setting next_dagrun for latest_only_with_trigger to 2023-06-16T23:46:48.346815+00:00, run_after=2023-06-17T03:46:48.346815+00:00
[2023-06-17T03:46:48.394+0000] {processor.py:179} INFO - Processing /home/airflow/.local/lib/python3.7/site-packages/airflow/example_dags/example_latest_only_with_trigger.py took 0.144 seconds
[2023-06-17T03:47:18.651+0000] {processor.py:157} INFO - Started process (PID=1424) to work on /home/airflow/.local/lib/python3.7/site-packages/airflow/example_dags/example_latest_only_with_trigger.py
[2023-06-17T03:47:18.660+0000] {processor.py:826} INFO - Processing file /home/airflow/.local/lib/python3.7/site-packages/airflow/example_dags/example_latest_only_with_trigger.py for tasks to queue
[2023-06-17T03:47:18.661+0000] {logging_mixin.py:149} INFO - [2023-06-17T03:47:18.661+0000] {dagbag.py:541} INFO - Filling up the DagBag from /home/airflow/.local/lib/python3.7/site-packages/airflow/example_dags/example_latest_only_with_trigger.py
[2023-06-17T03:47:18.665+0000] {processor.py:836} INFO - DAG(s) dict_keys(['latest_only_with_trigger']) retrieved from /home/airflow/.local/lib/python3.7/site-packages/airflow/example_dags/example_latest_only_with_trigger.py
[2023-06-17T03:47:18.689+0000] {logging_mixin.py:149} INFO - [2023-06-17T03:47:18.688+0000] {dag.py:2726} INFO - Sync 1 DAGs
[2023-06-17T03:47:18.716+0000] {logging_mixin.py:149} INFO - [2023-06-17T03:47:18.715+0000] {dag.py:3490} INFO - Setting next_dagrun for latest_only_with_trigger to 2023-06-16T23:47:18.715668+00:00, run_after=2023-06-17T03:47:18.715668+00:00
[2023-06-17T03:47:18.745+0000] {processor.py:179} INFO - Processing /home/airflow/.local/lib/python3.7/site-packages/airflow/example_dags/example_latest_only_with_trigger.py took 0.096 seconds
[2023-06-17T03:47:49.642+0000] {processor.py:157} INFO - Started process (PID=1485) to work on /home/airflow/.local/lib/python3.7/site-packages/airflow/example_dags/example_latest_only_with_trigger.py
[2023-06-17T03:47:49.652+0000] {processor.py:826} INFO - Processing file /home/airflow/.local/lib/python3.7/site-packages/airflow/example_dags/example_latest_only_with_trigger.py for tasks to queue
[2023-06-17T03:47:49.652+0000] {logging_mixin.py:149} INFO - [2023-06-17T03:47:49.652+0000] {dagbag.py:541} INFO - Filling up the DagBag from /home/airflow/.local/lib/python3.7/site-packages/airflow/example_dags/example_latest_only_with_trigger.py
[2023-06-17T03:47:49.658+0000] {processor.py:836} INFO - DAG(s) dict_keys(['latest_only_with_trigger']) retrieved from /home/airflow/.local/lib/python3.7/site-packages/airflow/example_dags/example_latest_only_with_trigger.py
[2023-06-17T03:47:49.685+0000] {logging_mixin.py:149} INFO - [2023-06-17T03:47:49.685+0000] {dag.py:2726} INFO - Sync 1 DAGs
[2023-06-17T03:47:49.720+0000] {logging_mixin.py:149} INFO - [2023-06-17T03:47:49.720+0000] {dag.py:3490} INFO - Setting next_dagrun for latest_only_with_trigger to 2023-06-16T23:47:49.719976+00:00, run_after=2023-06-17T03:47:49.719976+00:00
[2023-06-17T03:47:49.753+0000] {processor.py:179} INFO - Processing /home/airflow/.local/lib/python3.7/site-packages/airflow/example_dags/example_latest_only_with_trigger.py took 0.114 seconds
[2023-06-17T03:48:20.329+0000] {processor.py:157} INFO - Started process (PID=1546) to work on /home/airflow/.local/lib/python3.7/site-packages/airflow/example_dags/example_latest_only_with_trigger.py
[2023-06-17T03:48:20.339+0000] {processor.py:826} INFO - Processing file /home/airflow/.local/lib/python3.7/site-packages/airflow/example_dags/example_latest_only_with_trigger.py for tasks to queue
[2023-06-17T03:48:20.340+0000] {logging_mixin.py:149} INFO - [2023-06-17T03:48:20.339+0000] {dagbag.py:541} INFO - Filling up the DagBag from /home/airflow/.local/lib/python3.7/site-packages/airflow/example_dags/example_latest_only_with_trigger.py
[2023-06-17T03:48:20.346+0000] {processor.py:836} INFO - DAG(s) dict_keys(['latest_only_with_trigger']) retrieved from /home/airflow/.local/lib/python3.7/site-packages/airflow/example_dags/example_latest_only_with_trigger.py
[2023-06-17T03:48:20.374+0000] {logging_mixin.py:149} INFO - [2023-06-17T03:48:20.374+0000] {dag.py:2726} INFO - Sync 1 DAGs
[2023-06-17T03:48:20.405+0000] {logging_mixin.py:149} INFO - [2023-06-17T03:48:20.404+0000] {dag.py:3490} INFO - Setting next_dagrun for latest_only_with_trigger to 2023-06-16T23:48:20.404617+00:00, run_after=2023-06-17T03:48:20.404617+00:00
[2023-06-17T03:48:20.436+0000] {processor.py:179} INFO - Processing /home/airflow/.local/lib/python3.7/site-packages/airflow/example_dags/example_latest_only_with_trigger.py took 0.110 seconds
[2023-06-17T03:48:50.889+0000] {processor.py:157} INFO - Started process (PID=1607) to work on /home/airflow/.local/lib/python3.7/site-packages/airflow/example_dags/example_latest_only_with_trigger.py
[2023-06-17T03:48:50.902+0000] {processor.py:826} INFO - Processing file /home/airflow/.local/lib/python3.7/site-packages/airflow/example_dags/example_latest_only_with_trigger.py for tasks to queue
[2023-06-17T03:48:50.902+0000] {logging_mixin.py:149} INFO - [2023-06-17T03:48:50.902+0000] {dagbag.py:541} INFO - Filling up the DagBag from /home/airflow/.local/lib/python3.7/site-packages/airflow/example_dags/example_latest_only_with_trigger.py
[2023-06-17T03:48:50.908+0000] {processor.py:836} INFO - DAG(s) dict_keys(['latest_only_with_trigger']) retrieved from /home/airflow/.local/lib/python3.7/site-packages/airflow/example_dags/example_latest_only_with_trigger.py
[2023-06-17T03:48:50.932+0000] {logging_mixin.py:149} INFO - [2023-06-17T03:48:50.932+0000] {dag.py:2726} INFO - Sync 1 DAGs
[2023-06-17T03:48:50.970+0000] {logging_mixin.py:149} INFO - [2023-06-17T03:48:50.970+0000] {dag.py:3490} INFO - Setting next_dagrun for latest_only_with_trigger to 2023-06-16T23:48:50.970251+00:00, run_after=2023-06-17T03:48:50.970251+00:00
[2023-06-17T03:48:51.013+0000] {processor.py:179} INFO - Processing /home/airflow/.local/lib/python3.7/site-packages/airflow/example_dags/example_latest_only_with_trigger.py took 0.128 seconds
[2023-06-17T03:49:21.901+0000] {processor.py:157} INFO - Started process (PID=1669) to work on /home/airflow/.local/lib/python3.7/site-packages/airflow/example_dags/example_latest_only_with_trigger.py
[2023-06-17T03:49:21.911+0000] {processor.py:826} INFO - Processing file /home/airflow/.local/lib/python3.7/site-packages/airflow/example_dags/example_latest_only_with_trigger.py for tasks to queue
[2023-06-17T03:49:21.912+0000] {logging_mixin.py:149} INFO - [2023-06-17T03:49:21.912+0000] {dagbag.py:541} INFO - Filling up the DagBag from /home/airflow/.local/lib/python3.7/site-packages/airflow/example_dags/example_latest_only_with_trigger.py
[2023-06-17T03:49:21.917+0000] {processor.py:836} INFO - DAG(s) dict_keys(['latest_only_with_trigger']) retrieved from /home/airflow/.local/lib/python3.7/site-packages/airflow/example_dags/example_latest_only_with_trigger.py
[2023-06-17T03:49:21.940+0000] {logging_mixin.py:149} INFO - [2023-06-17T03:49:21.939+0000] {dag.py:2726} INFO - Sync 1 DAGs
[2023-06-17T03:49:21.969+0000] {logging_mixin.py:149} INFO - [2023-06-17T03:49:21.969+0000] {dag.py:3490} INFO - Setting next_dagrun for latest_only_with_trigger to 2023-06-16T23:49:21.968804+00:00, run_after=2023-06-17T03:49:21.968804+00:00
[2023-06-17T03:49:21.997+0000] {processor.py:179} INFO - Processing /home/airflow/.local/lib/python3.7/site-packages/airflow/example_dags/example_latest_only_with_trigger.py took 0.100 seconds
