[2023-06-17T02:16:44.390+0000] {processor.py:157} INFO - Started process (PID=48) to work on /home/airflow/.local/lib/python3.7/site-packages/airflow/example_dags/example_latest_only.py
[2023-06-17T02:16:44.391+0000] {processor.py:826} INFO - Processing file /home/airflow/.local/lib/python3.7/site-packages/airflow/example_dags/example_latest_only.py for tasks to queue
[2023-06-17T02:16:44.393+0000] {logging_mixin.py:149} INFO - [2023-06-17T02:16:44.393+0000] {dagbag.py:541} INFO - Filling up the DagBag from /home/airflow/.local/lib/python3.7/site-packages/airflow/example_dags/example_latest_only.py
[2023-06-17T02:16:44.408+0000] {processor.py:836} INFO - DAG(s) dict_keys(['latest_only']) retrieved from /home/airflow/.local/lib/python3.7/site-packages/airflow/example_dags/example_latest_only.py
[2023-06-17T02:16:44.526+0000] {logging_mixin.py:149} INFO - [2023-06-17T02:16:44.526+0000] {dag.py:2726} INFO - Sync 1 DAGs
[2023-06-17T02:16:44.611+0000] {logging_mixin.py:149} INFO - [2023-06-17T02:16:44.611+0000] {dag.py:3490} INFO - Setting next_dagrun for latest_only to 2023-06-16T22:16:44.610585+00:00, run_after=2023-06-17T02:16:44.610585+00:00
[2023-06-17T02:16:44.696+0000] {processor.py:179} INFO - Processing /home/airflow/.local/lib/python3.7/site-packages/airflow/example_dags/example_latest_only.py took 0.313 seconds
[2023-06-17T02:17:37.439+0000] {processor.py:157} INFO - Started process (PID=114) to work on /home/airflow/.local/lib/python3.7/site-packages/airflow/example_dags/example_latest_only.py
[2023-06-17T02:17:37.842+0000] {processor.py:826} INFO - Processing file /home/airflow/.local/lib/python3.7/site-packages/airflow/example_dags/example_latest_only.py for tasks to queue
[2023-06-17T02:17:37.852+0000] {logging_mixin.py:149} INFO - [2023-06-17T02:17:37.851+0000] {dagbag.py:541} INFO - Filling up the DagBag from /home/airflow/.local/lib/python3.7/site-packages/airflow/example_dags/example_latest_only.py
[2023-06-17T02:17:38.221+0000] {processor.py:836} INFO - DAG(s) dict_keys(['latest_only']) retrieved from /home/airflow/.local/lib/python3.7/site-packages/airflow/example_dags/example_latest_only.py
[2023-06-17T02:17:38.242+0000] {logging_mixin.py:149} INFO - [2023-06-17T02:17:38.241+0000] {dag.py:2726} INFO - Sync 1 DAGs
[2023-06-17T02:17:38.268+0000] {logging_mixin.py:149} INFO - [2023-06-17T02:17:38.268+0000] {dag.py:3490} INFO - Setting next_dagrun for latest_only to 2023-06-16T22:17:38.268242+00:00, run_after=2023-06-17T02:17:38.268242+00:00
[2023-06-17T02:17:38.548+0000] {processor.py:179} INFO - Processing /home/airflow/.local/lib/python3.7/site-packages/airflow/example_dags/example_latest_only.py took 1.113 seconds
[2023-06-17T02:18:21.644+0000] {processor.py:157} INFO - Started process (PID=173) to work on /home/airflow/.local/lib/python3.7/site-packages/airflow/example_dags/example_latest_only.py
[2023-06-17T02:18:21.905+0000] {processor.py:826} INFO - Processing file /home/airflow/.local/lib/python3.7/site-packages/airflow/example_dags/example_latest_only.py for tasks to queue
[2023-06-17T02:18:21.907+0000] {logging_mixin.py:149} INFO - [2023-06-17T02:18:21.907+0000] {dagbag.py:541} INFO - Filling up the DagBag from /home/airflow/.local/lib/python3.7/site-packages/airflow/example_dags/example_latest_only.py
[2023-06-17T02:18:21.924+0000] {processor.py:836} INFO - DAG(s) dict_keys(['latest_only']) retrieved from /home/airflow/.local/lib/python3.7/site-packages/airflow/example_dags/example_latest_only.py
[2023-06-17T02:18:21.960+0000] {logging_mixin.py:149} INFO - [2023-06-17T02:18:21.960+0000] {dag.py:2726} INFO - Sync 1 DAGs
[2023-06-17T02:18:21.986+0000] {logging_mixin.py:149} INFO - [2023-06-17T02:18:21.985+0000] {dag.py:3490} INFO - Setting next_dagrun for latest_only to 2023-06-16T22:18:21.985632+00:00, run_after=2023-06-17T02:18:21.985632+00:00
[2023-06-17T02:18:22.249+0000] {processor.py:179} INFO - Processing /home/airflow/.local/lib/python3.7/site-packages/airflow/example_dags/example_latest_only.py took 0.609 seconds
[2023-06-17T02:18:52.490+0000] {processor.py:157} INFO - Started process (PID=218) to work on /home/airflow/.local/lib/python3.7/site-packages/airflow/example_dags/example_latest_only.py
[2023-06-17T02:18:52.540+0000] {processor.py:826} INFO - Processing file /home/airflow/.local/lib/python3.7/site-packages/airflow/example_dags/example_latest_only.py for tasks to queue
[2023-06-17T02:18:52.542+0000] {logging_mixin.py:149} INFO - [2023-06-17T02:18:52.542+0000] {dagbag.py:541} INFO - Filling up the DagBag from /home/airflow/.local/lib/python3.7/site-packages/airflow/example_dags/example_latest_only.py
[2023-06-17T02:18:52.558+0000] {processor.py:836} INFO - DAG(s) dict_keys(['latest_only']) retrieved from /home/airflow/.local/lib/python3.7/site-packages/airflow/example_dags/example_latest_only.py
[2023-06-17T02:18:52.604+0000] {logging_mixin.py:149} INFO - [2023-06-17T02:18:52.604+0000] {dag.py:2726} INFO - Sync 1 DAGs
[2023-06-17T02:18:52.629+0000] {logging_mixin.py:149} INFO - [2023-06-17T02:18:52.629+0000] {dag.py:3490} INFO - Setting next_dagrun for latest_only to 2023-06-16T22:18:52.629140+00:00, run_after=2023-06-17T02:18:52.629140+00:00
[2023-06-17T02:18:52.804+0000] {processor.py:179} INFO - Processing /home/airflow/.local/lib/python3.7/site-packages/airflow/example_dags/example_latest_only.py took 0.317 seconds
[2023-06-17T02:19:24.111+0000] {processor.py:157} INFO - Started process (PID=284) to work on /home/airflow/.local/lib/python3.7/site-packages/airflow/example_dags/example_latest_only.py
[2023-06-17T02:19:24.248+0000] {processor.py:826} INFO - Processing file /home/airflow/.local/lib/python3.7/site-packages/airflow/example_dags/example_latest_only.py for tasks to queue
[2023-06-17T02:19:24.248+0000] {logging_mixin.py:149} INFO - [2023-06-17T02:19:24.248+0000] {dagbag.py:541} INFO - Filling up the DagBag from /home/airflow/.local/lib/python3.7/site-packages/airflow/example_dags/example_latest_only.py
[2023-06-17T02:19:24.360+0000] {processor.py:836} INFO - DAG(s) dict_keys(['latest_only']) retrieved from /home/airflow/.local/lib/python3.7/site-packages/airflow/example_dags/example_latest_only.py
[2023-06-17T02:19:24.385+0000] {logging_mixin.py:149} INFO - [2023-06-17T02:19:24.385+0000] {dag.py:2726} INFO - Sync 1 DAGs
[2023-06-17T02:19:24.418+0000] {logging_mixin.py:149} INFO - [2023-06-17T02:19:24.418+0000] {dag.py:3490} INFO - Setting next_dagrun for latest_only to 2023-06-16T22:19:24.418455+00:00, run_after=2023-06-17T02:19:24.418455+00:00
[2023-06-17T02:19:24.535+0000] {processor.py:179} INFO - Processing /home/airflow/.local/lib/python3.7/site-packages/airflow/example_dags/example_latest_only.py took 0.427 seconds
[2023-06-17T02:19:54.735+0000] {processor.py:157} INFO - Started process (PID=331) to work on /home/airflow/.local/lib/python3.7/site-packages/airflow/example_dags/example_latest_only.py
[2023-06-17T02:19:54.934+0000] {processor.py:826} INFO - Processing file /home/airflow/.local/lib/python3.7/site-packages/airflow/example_dags/example_latest_only.py for tasks to queue
[2023-06-17T02:19:54.937+0000] {logging_mixin.py:149} INFO - [2023-06-17T02:19:54.936+0000] {dagbag.py:541} INFO - Filling up the DagBag from /home/airflow/.local/lib/python3.7/site-packages/airflow/example_dags/example_latest_only.py
[2023-06-17T02:19:54.956+0000] {processor.py:836} INFO - DAG(s) dict_keys(['latest_only']) retrieved from /home/airflow/.local/lib/python3.7/site-packages/airflow/example_dags/example_latest_only.py
[2023-06-17T02:19:54.989+0000] {logging_mixin.py:149} INFO - [2023-06-17T02:19:54.989+0000] {dag.py:2726} INFO - Sync 1 DAGs
[2023-06-17T02:19:55.016+0000] {logging_mixin.py:149} INFO - [2023-06-17T02:19:55.016+0000] {dag.py:3490} INFO - Setting next_dagrun for latest_only to 2023-06-16T22:19:55.016241+00:00, run_after=2023-06-17T02:19:55.016241+00:00
[2023-06-17T02:19:55.136+0000] {processor.py:179} INFO - Processing /home/airflow/.local/lib/python3.7/site-packages/airflow/example_dags/example_latest_only.py took 0.404 seconds
[2023-06-17T02:20:27.080+0000] {processor.py:157} INFO - Started process (PID=399) to work on /home/airflow/.local/lib/python3.7/site-packages/airflow/example_dags/example_latest_only.py
[2023-06-17T02:20:27.339+0000] {processor.py:826} INFO - Processing file /home/airflow/.local/lib/python3.7/site-packages/airflow/example_dags/example_latest_only.py for tasks to queue
[2023-06-17T02:20:27.341+0000] {logging_mixin.py:149} INFO - [2023-06-17T02:20:27.341+0000] {dagbag.py:541} INFO - Filling up the DagBag from /home/airflow/.local/lib/python3.7/site-packages/airflow/example_dags/example_latest_only.py
[2023-06-17T02:20:27.354+0000] {processor.py:836} INFO - DAG(s) dict_keys(['latest_only']) retrieved from /home/airflow/.local/lib/python3.7/site-packages/airflow/example_dags/example_latest_only.py
[2023-06-17T02:20:27.403+0000] {logging_mixin.py:149} INFO - [2023-06-17T02:20:27.403+0000] {dag.py:2726} INFO - Sync 1 DAGs
[2023-06-17T02:20:27.434+0000] {logging_mixin.py:149} INFO - [2023-06-17T02:20:27.434+0000] {dag.py:3490} INFO - Setting next_dagrun for latest_only to 2023-06-16T22:20:27.434044+00:00, run_after=2023-06-17T02:20:27.434044+00:00
[2023-06-17T02:20:27.581+0000] {processor.py:179} INFO - Processing /home/airflow/.local/lib/python3.7/site-packages/airflow/example_dags/example_latest_only.py took 0.504 seconds
[2023-06-17T02:21:00.506+0000] {processor.py:157} INFO - Started process (PID=455) to work on /home/airflow/.local/lib/python3.7/site-packages/airflow/example_dags/example_latest_only.py
[2023-06-17T02:21:00.560+0000] {processor.py:826} INFO - Processing file /home/airflow/.local/lib/python3.7/site-packages/airflow/example_dags/example_latest_only.py for tasks to queue
[2023-06-17T02:21:00.561+0000] {logging_mixin.py:149} INFO - [2023-06-17T02:21:00.561+0000] {dagbag.py:541} INFO - Filling up the DagBag from /home/airflow/.local/lib/python3.7/site-packages/airflow/example_dags/example_latest_only.py
[2023-06-17T02:21:00.567+0000] {processor.py:836} INFO - DAG(s) dict_keys(['latest_only']) retrieved from /home/airflow/.local/lib/python3.7/site-packages/airflow/example_dags/example_latest_only.py
[2023-06-17T02:21:00.597+0000] {logging_mixin.py:149} INFO - [2023-06-17T02:21:00.597+0000] {dag.py:2726} INFO - Sync 1 DAGs
[2023-06-17T02:21:00.634+0000] {logging_mixin.py:149} INFO - [2023-06-17T02:21:00.634+0000] {dag.py:3490} INFO - Setting next_dagrun for latest_only to 2023-06-16T22:21:00.634169+00:00, run_after=2023-06-17T02:21:00.634169+00:00
[2023-06-17T02:21:00.747+0000] {processor.py:179} INFO - Processing /home/airflow/.local/lib/python3.7/site-packages/airflow/example_dags/example_latest_only.py took 0.243 seconds
[2023-06-17T02:21:31.837+0000] {processor.py:157} INFO - Started process (PID=507) to work on /home/airflow/.local/lib/python3.7/site-packages/airflow/example_dags/example_latest_only.py
[2023-06-17T02:21:32.138+0000] {processor.py:826} INFO - Processing file /home/airflow/.local/lib/python3.7/site-packages/airflow/example_dags/example_latest_only.py for tasks to queue
[2023-06-17T02:21:32.140+0000] {logging_mixin.py:149} INFO - [2023-06-17T02:21:32.140+0000] {dagbag.py:541} INFO - Filling up the DagBag from /home/airflow/.local/lib/python3.7/site-packages/airflow/example_dags/example_latest_only.py
[2023-06-17T02:21:32.593+0000] {processor.py:836} INFO - DAG(s) dict_keys(['latest_only']) retrieved from /home/airflow/.local/lib/python3.7/site-packages/airflow/example_dags/example_latest_only.py
[2023-06-17T02:21:32.657+0000] {logging_mixin.py:149} INFO - [2023-06-17T02:21:32.657+0000] {dag.py:2726} INFO - Sync 1 DAGs
[2023-06-17T02:21:32.685+0000] {logging_mixin.py:149} INFO - [2023-06-17T02:21:32.685+0000] {dag.py:3490} INFO - Setting next_dagrun for latest_only to 2023-06-16T22:21:32.685514+00:00, run_after=2023-06-17T02:21:32.685514+00:00
[2023-06-17T02:21:33.155+0000] {processor.py:179} INFO - Processing /home/airflow/.local/lib/python3.7/site-packages/airflow/example_dags/example_latest_only.py took 1.322 seconds
[2023-06-17T02:22:03.549+0000] {processor.py:157} INFO - Started process (PID=568) to work on /home/airflow/.local/lib/python3.7/site-packages/airflow/example_dags/example_latest_only.py
[2023-06-17T02:22:03.570+0000] {processor.py:826} INFO - Processing file /home/airflow/.local/lib/python3.7/site-packages/airflow/example_dags/example_latest_only.py for tasks to queue
[2023-06-17T02:22:03.573+0000] {logging_mixin.py:149} INFO - [2023-06-17T02:22:03.572+0000] {dagbag.py:541} INFO - Filling up the DagBag from /home/airflow/.local/lib/python3.7/site-packages/airflow/example_dags/example_latest_only.py
[2023-06-17T02:22:03.588+0000] {processor.py:836} INFO - DAG(s) dict_keys(['latest_only']) retrieved from /home/airflow/.local/lib/python3.7/site-packages/airflow/example_dags/example_latest_only.py
[2023-06-17T02:22:03.617+0000] {logging_mixin.py:149} INFO - [2023-06-17T02:22:03.617+0000] {dag.py:2726} INFO - Sync 1 DAGs
[2023-06-17T02:22:03.642+0000] {logging_mixin.py:149} INFO - [2023-06-17T02:22:03.642+0000] {dag.py:3490} INFO - Setting next_dagrun for latest_only to 2023-06-16T22:22:03.642398+00:00, run_after=2023-06-17T02:22:03.642398+00:00
[2023-06-17T02:22:03.763+0000] {processor.py:179} INFO - Processing /home/airflow/.local/lib/python3.7/site-packages/airflow/example_dags/example_latest_only.py took 0.216 seconds
[2023-06-17T02:22:34.855+0000] {processor.py:157} INFO - Started process (PID=629) to work on /home/airflow/.local/lib/python3.7/site-packages/airflow/example_dags/example_latest_only.py
[2023-06-17T02:22:34.902+0000] {processor.py:826} INFO - Processing file /home/airflow/.local/lib/python3.7/site-packages/airflow/example_dags/example_latest_only.py for tasks to queue
[2023-06-17T02:22:34.905+0000] {logging_mixin.py:149} INFO - [2023-06-17T02:22:34.904+0000] {dagbag.py:541} INFO - Filling up the DagBag from /home/airflow/.local/lib/python3.7/site-packages/airflow/example_dags/example_latest_only.py
[2023-06-17T02:22:34.921+0000] {processor.py:836} INFO - DAG(s) dict_keys(['latest_only']) retrieved from /home/airflow/.local/lib/python3.7/site-packages/airflow/example_dags/example_latest_only.py
[2023-06-17T02:22:34.964+0000] {logging_mixin.py:149} INFO - [2023-06-17T02:22:34.964+0000] {dag.py:2726} INFO - Sync 1 DAGs
[2023-06-17T02:22:34.991+0000] {logging_mixin.py:149} INFO - [2023-06-17T02:22:34.991+0000] {dag.py:3490} INFO - Setting next_dagrun for latest_only to 2023-06-16T22:22:34.990854+00:00, run_after=2023-06-17T02:22:34.990854+00:00
[2023-06-17T02:22:35.260+0000] {processor.py:179} INFO - Processing /home/airflow/.local/lib/python3.7/site-packages/airflow/example_dags/example_latest_only.py took 0.407 seconds
[2023-06-17T02:23:19.405+0000] {processor.py:157} INFO - Started process (PID=677) to work on /home/airflow/.local/lib/python3.7/site-packages/airflow/example_dags/example_latest_only.py
[2023-06-17T02:23:19.512+0000] {processor.py:826} INFO - Processing file /home/airflow/.local/lib/python3.7/site-packages/airflow/example_dags/example_latest_only.py for tasks to queue
[2023-06-17T02:23:19.513+0000] {logging_mixin.py:149} INFO - [2023-06-17T02:23:19.513+0000] {dagbag.py:541} INFO - Filling up the DagBag from /home/airflow/.local/lib/python3.7/site-packages/airflow/example_dags/example_latest_only.py
[2023-06-17T02:23:19.519+0000] {processor.py:836} INFO - DAG(s) dict_keys(['latest_only']) retrieved from /home/airflow/.local/lib/python3.7/site-packages/airflow/example_dags/example_latest_only.py
[2023-06-17T02:23:19.555+0000] {logging_mixin.py:149} INFO - [2023-06-17T02:23:19.555+0000] {dag.py:2726} INFO - Sync 1 DAGs
[2023-06-17T02:23:19.584+0000] {logging_mixin.py:149} INFO - [2023-06-17T02:23:19.584+0000] {dag.py:3490} INFO - Setting next_dagrun for latest_only to 2023-06-16T22:23:19.583921+00:00, run_after=2023-06-17T02:23:19.583921+00:00
[2023-06-17T02:23:19.698+0000] {processor.py:179} INFO - Processing /home/airflow/.local/lib/python3.7/site-packages/airflow/example_dags/example_latest_only.py took 0.296 seconds
[2023-06-17T02:23:49.812+0000] {processor.py:157} INFO - Started process (PID=738) to work on /home/airflow/.local/lib/python3.7/site-packages/airflow/example_dags/example_latest_only.py
[2023-06-17T02:23:49.812+0000] {processor.py:826} INFO - Processing file /home/airflow/.local/lib/python3.7/site-packages/airflow/example_dags/example_latest_only.py for tasks to queue
[2023-06-17T02:23:49.813+0000] {logging_mixin.py:149} INFO - [2023-06-17T02:23:49.813+0000] {dagbag.py:541} INFO - Filling up the DagBag from /home/airflow/.local/lib/python3.7/site-packages/airflow/example_dags/example_latest_only.py
[2023-06-17T02:23:49.817+0000] {processor.py:836} INFO - DAG(s) dict_keys(['latest_only']) retrieved from /home/airflow/.local/lib/python3.7/site-packages/airflow/example_dags/example_latest_only.py
[2023-06-17T02:23:49.837+0000] {logging_mixin.py:149} INFO - [2023-06-17T02:23:49.837+0000] {dag.py:2726} INFO - Sync 1 DAGs
[2023-06-17T02:23:49.863+0000] {logging_mixin.py:149} INFO - [2023-06-17T02:23:49.863+0000] {dag.py:3490} INFO - Setting next_dagrun for latest_only to 2023-06-16T22:23:49.863585+00:00, run_after=2023-06-17T02:23:49.863585+00:00
[2023-06-17T02:23:49.929+0000] {processor.py:179} INFO - Processing /home/airflow/.local/lib/python3.7/site-packages/airflow/example_dags/example_latest_only.py took 0.120 seconds
[2023-06-17T02:24:20.816+0000] {processor.py:157} INFO - Started process (PID=799) to work on /home/airflow/.local/lib/python3.7/site-packages/airflow/example_dags/example_latest_only.py
[2023-06-17T02:24:20.819+0000] {processor.py:826} INFO - Processing file /home/airflow/.local/lib/python3.7/site-packages/airflow/example_dags/example_latest_only.py for tasks to queue
[2023-06-17T02:24:20.820+0000] {logging_mixin.py:149} INFO - [2023-06-17T02:24:20.820+0000] {dagbag.py:541} INFO - Filling up the DagBag from /home/airflow/.local/lib/python3.7/site-packages/airflow/example_dags/example_latest_only.py
[2023-06-17T02:24:20.827+0000] {processor.py:836} INFO - DAG(s) dict_keys(['latest_only']) retrieved from /home/airflow/.local/lib/python3.7/site-packages/airflow/example_dags/example_latest_only.py
[2023-06-17T02:24:20.858+0000] {logging_mixin.py:149} INFO - [2023-06-17T02:24:20.857+0000] {dag.py:2726} INFO - Sync 1 DAGs
[2023-06-17T02:24:20.907+0000] {logging_mixin.py:149} INFO - [2023-06-17T02:24:20.907+0000] {dag.py:3490} INFO - Setting next_dagrun for latest_only to 2023-06-16T22:24:20.907137+00:00, run_after=2023-06-17T02:24:20.907137+00:00
[2023-06-17T02:24:20.944+0000] {processor.py:179} INFO - Processing /home/airflow/.local/lib/python3.7/site-packages/airflow/example_dags/example_latest_only.py took 0.132 seconds
[2023-06-17T02:24:53.408+0000] {processor.py:157} INFO - Started process (PID=852) to work on /home/airflow/.local/lib/python3.7/site-packages/airflow/example_dags/example_latest_only.py
[2023-06-17T02:24:53.420+0000] {processor.py:826} INFO - Processing file /home/airflow/.local/lib/python3.7/site-packages/airflow/example_dags/example_latest_only.py for tasks to queue
[2023-06-17T02:24:53.421+0000] {logging_mixin.py:149} INFO - [2023-06-17T02:24:53.421+0000] {dagbag.py:541} INFO - Filling up the DagBag from /home/airflow/.local/lib/python3.7/site-packages/airflow/example_dags/example_latest_only.py
[2023-06-17T02:24:53.427+0000] {processor.py:836} INFO - DAG(s) dict_keys(['latest_only']) retrieved from /home/airflow/.local/lib/python3.7/site-packages/airflow/example_dags/example_latest_only.py
[2023-06-17T02:24:53.455+0000] {logging_mixin.py:149} INFO - [2023-06-17T02:24:53.455+0000] {dag.py:2726} INFO - Sync 1 DAGs
[2023-06-17T02:24:53.490+0000] {logging_mixin.py:149} INFO - [2023-06-17T02:24:53.490+0000] {dag.py:3490} INFO - Setting next_dagrun for latest_only to 2023-06-16T22:24:53.490195+00:00, run_after=2023-06-17T02:24:53.490195+00:00
[2023-06-17T02:24:53.787+0000] {processor.py:179} INFO - Processing /home/airflow/.local/lib/python3.7/site-packages/airflow/example_dags/example_latest_only.py took 0.382 seconds
[2023-06-17T02:25:29.414+0000] {processor.py:157} INFO - Started process (PID=904) to work on /home/airflow/.local/lib/python3.7/site-packages/airflow/example_dags/example_latest_only.py
[2023-06-17T02:25:29.497+0000] {processor.py:826} INFO - Processing file /home/airflow/.local/lib/python3.7/site-packages/airflow/example_dags/example_latest_only.py for tasks to queue
[2023-06-17T02:25:29.499+0000] {logging_mixin.py:149} INFO - [2023-06-17T02:25:29.499+0000] {dagbag.py:541} INFO - Filling up the DagBag from /home/airflow/.local/lib/python3.7/site-packages/airflow/example_dags/example_latest_only.py
[2023-06-17T02:25:29.516+0000] {processor.py:836} INFO - DAG(s) dict_keys(['latest_only']) retrieved from /home/airflow/.local/lib/python3.7/site-packages/airflow/example_dags/example_latest_only.py
[2023-06-17T02:25:29.552+0000] {logging_mixin.py:149} INFO - [2023-06-17T02:25:29.552+0000] {dag.py:2726} INFO - Sync 1 DAGs
[2023-06-17T02:25:29.578+0000] {logging_mixin.py:149} INFO - [2023-06-17T02:25:29.578+0000] {dag.py:3490} INFO - Setting next_dagrun for latest_only to 2023-06-16T22:25:29.577992+00:00, run_after=2023-06-17T02:25:29.577992+00:00
[2023-06-17T02:25:29.684+0000] {processor.py:179} INFO - Processing /home/airflow/.local/lib/python3.7/site-packages/airflow/example_dags/example_latest_only.py took 0.273 seconds
[2023-06-17T02:26:00.800+0000] {processor.py:157} INFO - Started process (PID=965) to work on /home/airflow/.local/lib/python3.7/site-packages/airflow/example_dags/example_latest_only.py
[2023-06-17T02:26:00.801+0000] {processor.py:826} INFO - Processing file /home/airflow/.local/lib/python3.7/site-packages/airflow/example_dags/example_latest_only.py for tasks to queue
[2023-06-17T02:26:00.803+0000] {logging_mixin.py:149} INFO - [2023-06-17T02:26:00.803+0000] {dagbag.py:541} INFO - Filling up the DagBag from /home/airflow/.local/lib/python3.7/site-packages/airflow/example_dags/example_latest_only.py
[2023-06-17T02:26:00.815+0000] {processor.py:836} INFO - DAG(s) dict_keys(['latest_only']) retrieved from /home/airflow/.local/lib/python3.7/site-packages/airflow/example_dags/example_latest_only.py
[2023-06-17T02:26:00.879+0000] {logging_mixin.py:149} INFO - [2023-06-17T02:26:00.879+0000] {dag.py:2726} INFO - Sync 1 DAGs
[2023-06-17T02:26:00.968+0000] {logging_mixin.py:149} INFO - [2023-06-17T02:26:00.967+0000] {dag.py:3490} INFO - Setting next_dagrun for latest_only to 2023-06-16T22:26:00.967237+00:00, run_after=2023-06-17T02:26:00.967237+00:00
[2023-06-17T02:26:01.059+0000] {processor.py:179} INFO - Processing /home/airflow/.local/lib/python3.7/site-packages/airflow/example_dags/example_latest_only.py took 0.267 seconds
[2023-06-17T02:26:31.369+0000] {processor.py:157} INFO - Started process (PID=1026) to work on /home/airflow/.local/lib/python3.7/site-packages/airflow/example_dags/example_latest_only.py
[2023-06-17T02:26:31.370+0000] {processor.py:826} INFO - Processing file /home/airflow/.local/lib/python3.7/site-packages/airflow/example_dags/example_latest_only.py for tasks to queue
[2023-06-17T02:26:31.371+0000] {logging_mixin.py:149} INFO - [2023-06-17T02:26:31.370+0000] {dagbag.py:541} INFO - Filling up the DagBag from /home/airflow/.local/lib/python3.7/site-packages/airflow/example_dags/example_latest_only.py
[2023-06-17T02:26:31.376+0000] {processor.py:836} INFO - DAG(s) dict_keys(['latest_only']) retrieved from /home/airflow/.local/lib/python3.7/site-packages/airflow/example_dags/example_latest_only.py
[2023-06-17T02:26:31.405+0000] {logging_mixin.py:149} INFO - [2023-06-17T02:26:31.405+0000] {dag.py:2726} INFO - Sync 1 DAGs
[2023-06-17T02:26:31.445+0000] {logging_mixin.py:149} INFO - [2023-06-17T02:26:31.445+0000] {dag.py:3490} INFO - Setting next_dagrun for latest_only to 2023-06-16T22:26:31.444873+00:00, run_after=2023-06-17T02:26:31.444873+00:00
[2023-06-17T02:26:31.488+0000] {processor.py:179} INFO - Processing /home/airflow/.local/lib/python3.7/site-packages/airflow/example_dags/example_latest_only.py took 0.124 seconds
[2023-06-17T02:27:15.775+0000] {processor.py:157} INFO - Started process (PID=1090) to work on /home/airflow/.local/lib/python3.7/site-packages/airflow/example_dags/example_latest_only.py
[2023-06-17T02:27:15.776+0000] {processor.py:826} INFO - Processing file /home/airflow/.local/lib/python3.7/site-packages/airflow/example_dags/example_latest_only.py for tasks to queue
[2023-06-17T02:27:15.777+0000] {logging_mixin.py:149} INFO - [2023-06-17T02:27:15.776+0000] {dagbag.py:541} INFO - Filling up the DagBag from /home/airflow/.local/lib/python3.7/site-packages/airflow/example_dags/example_latest_only.py
[2023-06-17T02:27:15.858+0000] {processor.py:836} INFO - DAG(s) dict_keys(['latest_only']) retrieved from /home/airflow/.local/lib/python3.7/site-packages/airflow/example_dags/example_latest_only.py
[2023-06-17T02:27:15.900+0000] {logging_mixin.py:149} INFO - [2023-06-17T02:27:15.900+0000] {dag.py:2726} INFO - Sync 1 DAGs
[2023-06-17T02:27:15.938+0000] {logging_mixin.py:149} INFO - [2023-06-17T02:27:15.938+0000] {dag.py:3490} INFO - Setting next_dagrun for latest_only to 2023-06-16T22:27:15.938260+00:00, run_after=2023-06-17T02:27:15.938260+00:00
[2023-06-17T02:27:16.017+0000] {processor.py:179} INFO - Processing /home/airflow/.local/lib/python3.7/site-packages/airflow/example_dags/example_latest_only.py took 0.245 seconds
[2023-06-17T02:27:47.860+0000] {processor.py:157} INFO - Started process (PID=1151) to work on /home/airflow/.local/lib/python3.7/site-packages/airflow/example_dags/example_latest_only.py
[2023-06-17T02:27:47.903+0000] {processor.py:826} INFO - Processing file /home/airflow/.local/lib/python3.7/site-packages/airflow/example_dags/example_latest_only.py for tasks to queue
[2023-06-17T02:27:47.906+0000] {logging_mixin.py:149} INFO - [2023-06-17T02:27:47.905+0000] {dagbag.py:541} INFO - Filling up the DagBag from /home/airflow/.local/lib/python3.7/site-packages/airflow/example_dags/example_latest_only.py
[2023-06-17T02:27:47.926+0000] {processor.py:836} INFO - DAG(s) dict_keys(['latest_only']) retrieved from /home/airflow/.local/lib/python3.7/site-packages/airflow/example_dags/example_latest_only.py
[2023-06-17T02:27:47.962+0000] {logging_mixin.py:149} INFO - [2023-06-17T02:27:47.962+0000] {dag.py:2726} INFO - Sync 1 DAGs
[2023-06-17T02:27:47.990+0000] {logging_mixin.py:149} INFO - [2023-06-17T02:27:47.989+0000] {dag.py:3490} INFO - Setting next_dagrun for latest_only to 2023-06-16T22:27:47.989724+00:00, run_after=2023-06-17T02:27:47.989724+00:00
[2023-06-17T02:27:48.117+0000] {processor.py:179} INFO - Processing /home/airflow/.local/lib/python3.7/site-packages/airflow/example_dags/example_latest_only.py took 0.259 seconds
[2023-06-17T02:28:18.708+0000] {processor.py:157} INFO - Started process (PID=1211) to work on /home/airflow/.local/lib/python3.7/site-packages/airflow/example_dags/example_latest_only.py
[2023-06-17T02:28:18.709+0000] {processor.py:826} INFO - Processing file /home/airflow/.local/lib/python3.7/site-packages/airflow/example_dags/example_latest_only.py for tasks to queue
[2023-06-17T02:28:18.710+0000] {logging_mixin.py:149} INFO - [2023-06-17T02:28:18.709+0000] {dagbag.py:541} INFO - Filling up the DagBag from /home/airflow/.local/lib/python3.7/site-packages/airflow/example_dags/example_latest_only.py
[2023-06-17T02:28:18.714+0000] {processor.py:836} INFO - DAG(s) dict_keys(['latest_only']) retrieved from /home/airflow/.local/lib/python3.7/site-packages/airflow/example_dags/example_latest_only.py
[2023-06-17T02:28:18.737+0000] {logging_mixin.py:149} INFO - [2023-06-17T02:28:18.737+0000] {dag.py:2726} INFO - Sync 1 DAGs
[2023-06-17T02:28:18.768+0000] {logging_mixin.py:149} INFO - [2023-06-17T02:28:18.768+0000] {dag.py:3490} INFO - Setting next_dagrun for latest_only to 2023-06-16T22:28:18.768235+00:00, run_after=2023-06-17T02:28:18.768235+00:00
[2023-06-17T02:28:18.792+0000] {processor.py:179} INFO - Processing /home/airflow/.local/lib/python3.7/site-packages/airflow/example_dags/example_latest_only.py took 0.092 seconds
[2023-06-17T02:28:49.659+0000] {processor.py:157} INFO - Started process (PID=1264) to work on /home/airflow/.local/lib/python3.7/site-packages/airflow/example_dags/example_latest_only.py
[2023-06-17T02:28:49.791+0000] {processor.py:826} INFO - Processing file /home/airflow/.local/lib/python3.7/site-packages/airflow/example_dags/example_latest_only.py for tasks to queue
[2023-06-17T02:28:49.792+0000] {logging_mixin.py:149} INFO - [2023-06-17T02:28:49.792+0000] {dagbag.py:541} INFO - Filling up the DagBag from /home/airflow/.local/lib/python3.7/site-packages/airflow/example_dags/example_latest_only.py
[2023-06-17T02:28:49.799+0000] {processor.py:836} INFO - DAG(s) dict_keys(['latest_only']) retrieved from /home/airflow/.local/lib/python3.7/site-packages/airflow/example_dags/example_latest_only.py
[2023-06-17T02:28:49.832+0000] {logging_mixin.py:149} INFO - [2023-06-17T02:28:49.832+0000] {dag.py:2726} INFO - Sync 1 DAGs
[2023-06-17T02:28:49.875+0000] {logging_mixin.py:149} INFO - [2023-06-17T02:28:49.875+0000] {dag.py:3490} INFO - Setting next_dagrun for latest_only to 2023-06-16T22:28:49.875200+00:00, run_after=2023-06-17T02:28:49.875200+00:00
[2023-06-17T02:28:50.014+0000] {processor.py:179} INFO - Processing /home/airflow/.local/lib/python3.7/site-packages/airflow/example_dags/example_latest_only.py took 0.358 seconds
[2023-06-17T02:29:21.620+0000] {processor.py:157} INFO - Started process (PID=1325) to work on /home/airflow/.local/lib/python3.7/site-packages/airflow/example_dags/example_latest_only.py
[2023-06-17T02:29:21.636+0000] {processor.py:826} INFO - Processing file /home/airflow/.local/lib/python3.7/site-packages/airflow/example_dags/example_latest_only.py for tasks to queue
[2023-06-17T02:29:21.637+0000] {logging_mixin.py:149} INFO - [2023-06-17T02:29:21.637+0000] {dagbag.py:541} INFO - Filling up the DagBag from /home/airflow/.local/lib/python3.7/site-packages/airflow/example_dags/example_latest_only.py
[2023-06-17T02:29:21.641+0000] {processor.py:836} INFO - DAG(s) dict_keys(['latest_only']) retrieved from /home/airflow/.local/lib/python3.7/site-packages/airflow/example_dags/example_latest_only.py
[2023-06-17T02:29:21.662+0000] {logging_mixin.py:149} INFO - [2023-06-17T02:29:21.662+0000] {dag.py:2726} INFO - Sync 1 DAGs
[2023-06-17T02:29:21.688+0000] {logging_mixin.py:149} INFO - [2023-06-17T02:29:21.688+0000] {dag.py:3490} INFO - Setting next_dagrun for latest_only to 2023-06-16T22:29:21.688275+00:00, run_after=2023-06-17T02:29:21.688275+00:00
[2023-06-17T02:29:21.837+0000] {processor.py:179} INFO - Processing /home/airflow/.local/lib/python3.7/site-packages/airflow/example_dags/example_latest_only.py took 0.219 seconds
[2023-06-17T02:31:57.302+0000] {processor.py:157} INFO - Started process (PID=1397) to work on /home/airflow/.local/lib/python3.7/site-packages/airflow/example_dags/example_latest_only.py
[2023-06-17T02:31:57.962+0000] {processor.py:826} INFO - Processing file /home/airflow/.local/lib/python3.7/site-packages/airflow/example_dags/example_latest_only.py for tasks to queue
[2023-06-17T02:31:57.964+0000] {logging_mixin.py:149} INFO - [2023-06-17T02:31:57.963+0000] {dagbag.py:541} INFO - Filling up the DagBag from /home/airflow/.local/lib/python3.7/site-packages/airflow/example_dags/example_latest_only.py
[2023-06-17T02:31:57.971+0000] {processor.py:836} INFO - DAG(s) dict_keys(['latest_only']) retrieved from /home/airflow/.local/lib/python3.7/site-packages/airflow/example_dags/example_latest_only.py
[2023-06-17T02:31:57.994+0000] {logging_mixin.py:149} INFO - [2023-06-17T02:31:57.994+0000] {dag.py:2726} INFO - Sync 1 DAGs
[2023-06-17T02:31:58.023+0000] {logging_mixin.py:149} INFO - [2023-06-17T02:31:58.023+0000] {dag.py:3490} INFO - Setting next_dagrun for latest_only to 2023-06-16T22:31:58.023504+00:00, run_after=2023-06-17T02:31:58.023504+00:00
[2023-06-17T02:31:58.943+0000] {processor.py:179} INFO - Processing /home/airflow/.local/lib/python3.7/site-packages/airflow/example_dags/example_latest_only.py took 1.643 seconds
[2023-06-17T02:32:39.040+0000] {processor.py:157} INFO - Started process (PID=1461) to work on /home/airflow/.local/lib/python3.7/site-packages/airflow/example_dags/example_latest_only.py
[2023-06-17T02:32:39.115+0000] {processor.py:826} INFO - Processing file /home/airflow/.local/lib/python3.7/site-packages/airflow/example_dags/example_latest_only.py for tasks to queue
[2023-06-17T02:32:39.115+0000] {logging_mixin.py:149} INFO - [2023-06-17T02:32:39.115+0000] {dagbag.py:541} INFO - Filling up the DagBag from /home/airflow/.local/lib/python3.7/site-packages/airflow/example_dags/example_latest_only.py
[2023-06-17T02:32:39.120+0000] {processor.py:836} INFO - DAG(s) dict_keys(['latest_only']) retrieved from /home/airflow/.local/lib/python3.7/site-packages/airflow/example_dags/example_latest_only.py
[2023-06-17T02:32:39.139+0000] {logging_mixin.py:149} INFO - [2023-06-17T02:32:39.139+0000] {dag.py:2726} INFO - Sync 1 DAGs
[2023-06-17T02:32:39.165+0000] {logging_mixin.py:149} INFO - [2023-06-17T02:32:39.165+0000] {dag.py:3490} INFO - Setting next_dagrun for latest_only to 2023-06-16T22:32:39.165426+00:00, run_after=2023-06-17T02:32:39.165426+00:00
[2023-06-17T02:32:39.327+0000] {processor.py:179} INFO - Processing /home/airflow/.local/lib/python3.7/site-packages/airflow/example_dags/example_latest_only.py took 0.291 seconds
[2023-06-17T02:33:09.470+0000] {processor.py:157} INFO - Started process (PID=1514) to work on /home/airflow/.local/lib/python3.7/site-packages/airflow/example_dags/example_latest_only.py
[2023-06-17T02:33:09.478+0000] {processor.py:826} INFO - Processing file /home/airflow/.local/lib/python3.7/site-packages/airflow/example_dags/example_latest_only.py for tasks to queue
[2023-06-17T02:33:09.479+0000] {logging_mixin.py:149} INFO - [2023-06-17T02:33:09.479+0000] {dagbag.py:541} INFO - Filling up the DagBag from /home/airflow/.local/lib/python3.7/site-packages/airflow/example_dags/example_latest_only.py
[2023-06-17T02:33:09.486+0000] {processor.py:836} INFO - DAG(s) dict_keys(['latest_only']) retrieved from /home/airflow/.local/lib/python3.7/site-packages/airflow/example_dags/example_latest_only.py
[2023-06-17T02:33:09.521+0000] {logging_mixin.py:149} INFO - [2023-06-17T02:33:09.520+0000] {dag.py:2726} INFO - Sync 1 DAGs
[2023-06-17T02:33:09.564+0000] {logging_mixin.py:149} INFO - [2023-06-17T02:33:09.563+0000] {dag.py:3490} INFO - Setting next_dagrun for latest_only to 2023-06-16T22:33:09.563492+00:00, run_after=2023-06-17T02:33:09.563492+00:00
[2023-06-17T02:33:09.609+0000] {processor.py:179} INFO - Processing /home/airflow/.local/lib/python3.7/site-packages/airflow/example_dags/example_latest_only.py took 0.143 seconds
[2023-06-17T02:33:40.401+0000] {processor.py:157} INFO - Started process (PID=1575) to work on /home/airflow/.local/lib/python3.7/site-packages/airflow/example_dags/example_latest_only.py
[2023-06-17T02:33:40.454+0000] {processor.py:826} INFO - Processing file /home/airflow/.local/lib/python3.7/site-packages/airflow/example_dags/example_latest_only.py for tasks to queue
[2023-06-17T02:33:40.455+0000] {logging_mixin.py:149} INFO - [2023-06-17T02:33:40.455+0000] {dagbag.py:541} INFO - Filling up the DagBag from /home/airflow/.local/lib/python3.7/site-packages/airflow/example_dags/example_latest_only.py
[2023-06-17T02:33:40.465+0000] {processor.py:836} INFO - DAG(s) dict_keys(['latest_only']) retrieved from /home/airflow/.local/lib/python3.7/site-packages/airflow/example_dags/example_latest_only.py
[2023-06-17T02:33:40.502+0000] {logging_mixin.py:149} INFO - [2023-06-17T02:33:40.502+0000] {dag.py:2726} INFO - Sync 1 DAGs
[2023-06-17T02:33:40.548+0000] {logging_mixin.py:149} INFO - [2023-06-17T02:33:40.548+0000] {dag.py:3490} INFO - Setting next_dagrun for latest_only to 2023-06-16T22:33:40.547677+00:00, run_after=2023-06-17T02:33:40.547677+00:00
[2023-06-17T02:33:40.722+0000] {processor.py:179} INFO - Processing /home/airflow/.local/lib/python3.7/site-packages/airflow/example_dags/example_latest_only.py took 0.327 seconds
[2023-06-17T02:34:11.202+0000] {processor.py:157} INFO - Started process (PID=1627) to work on /home/airflow/.local/lib/python3.7/site-packages/airflow/example_dags/example_latest_only.py
[2023-06-17T02:34:11.219+0000] {processor.py:826} INFO - Processing file /home/airflow/.local/lib/python3.7/site-packages/airflow/example_dags/example_latest_only.py for tasks to queue
[2023-06-17T02:34:11.220+0000] {logging_mixin.py:149} INFO - [2023-06-17T02:34:11.220+0000] {dagbag.py:541} INFO - Filling up the DagBag from /home/airflow/.local/lib/python3.7/site-packages/airflow/example_dags/example_latest_only.py
[2023-06-17T02:34:11.225+0000] {processor.py:836} INFO - DAG(s) dict_keys(['latest_only']) retrieved from /home/airflow/.local/lib/python3.7/site-packages/airflow/example_dags/example_latest_only.py
[2023-06-17T02:34:11.250+0000] {logging_mixin.py:149} INFO - [2023-06-17T02:34:11.250+0000] {dag.py:2726} INFO - Sync 1 DAGs
[2023-06-17T02:34:11.283+0000] {logging_mixin.py:149} INFO - [2023-06-17T02:34:11.283+0000] {dag.py:3490} INFO - Setting next_dagrun for latest_only to 2023-06-16T22:34:11.283361+00:00, run_after=2023-06-17T02:34:11.283361+00:00
[2023-06-17T02:34:11.327+0000] {processor.py:179} INFO - Processing /home/airflow/.local/lib/python3.7/site-packages/airflow/example_dags/example_latest_only.py took 0.128 seconds
[2023-06-17T02:34:41.502+0000] {processor.py:157} INFO - Started process (PID=1688) to work on /home/airflow/.local/lib/python3.7/site-packages/airflow/example_dags/example_latest_only.py
[2023-06-17T02:34:41.520+0000] {processor.py:826} INFO - Processing file /home/airflow/.local/lib/python3.7/site-packages/airflow/example_dags/example_latest_only.py for tasks to queue
[2023-06-17T02:34:41.521+0000] {logging_mixin.py:149} INFO - [2023-06-17T02:34:41.521+0000] {dagbag.py:541} INFO - Filling up the DagBag from /home/airflow/.local/lib/python3.7/site-packages/airflow/example_dags/example_latest_only.py
[2023-06-17T02:34:41.526+0000] {processor.py:836} INFO - DAG(s) dict_keys(['latest_only']) retrieved from /home/airflow/.local/lib/python3.7/site-packages/airflow/example_dags/example_latest_only.py
[2023-06-17T02:34:41.551+0000] {logging_mixin.py:149} INFO - [2023-06-17T02:34:41.551+0000] {dag.py:2726} INFO - Sync 1 DAGs
[2023-06-17T02:34:41.585+0000] {logging_mixin.py:149} INFO - [2023-06-17T02:34:41.585+0000] {dag.py:3490} INFO - Setting next_dagrun for latest_only to 2023-06-16T22:34:41.584918+00:00, run_after=2023-06-17T02:34:41.584918+00:00
[2023-06-17T02:34:41.618+0000] {processor.py:179} INFO - Processing /home/airflow/.local/lib/python3.7/site-packages/airflow/example_dags/example_latest_only.py took 0.118 seconds
[2023-06-17T02:35:12.131+0000] {processor.py:157} INFO - Started process (PID=1748) to work on /home/airflow/.local/lib/python3.7/site-packages/airflow/example_dags/example_latest_only.py
[2023-06-17T02:35:12.138+0000] {processor.py:826} INFO - Processing file /home/airflow/.local/lib/python3.7/site-packages/airflow/example_dags/example_latest_only.py for tasks to queue
[2023-06-17T02:35:12.139+0000] {logging_mixin.py:149} INFO - [2023-06-17T02:35:12.138+0000] {dagbag.py:541} INFO - Filling up the DagBag from /home/airflow/.local/lib/python3.7/site-packages/airflow/example_dags/example_latest_only.py
[2023-06-17T02:35:12.144+0000] {processor.py:836} INFO - DAG(s) dict_keys(['latest_only']) retrieved from /home/airflow/.local/lib/python3.7/site-packages/airflow/example_dags/example_latest_only.py
[2023-06-17T02:35:12.171+0000] {logging_mixin.py:149} INFO - [2023-06-17T02:35:12.170+0000] {dag.py:2726} INFO - Sync 1 DAGs
[2023-06-17T02:35:12.210+0000] {logging_mixin.py:149} INFO - [2023-06-17T02:35:12.210+0000] {dag.py:3490} INFO - Setting next_dagrun for latest_only to 2023-06-16T22:35:12.209990+00:00, run_after=2023-06-17T02:35:12.209990+00:00
[2023-06-17T02:35:12.247+0000] {processor.py:179} INFO - Processing /home/airflow/.local/lib/python3.7/site-packages/airflow/example_dags/example_latest_only.py took 0.119 seconds
[2023-06-17T02:35:42.489+0000] {processor.py:157} INFO - Started process (PID=1809) to work on /home/airflow/.local/lib/python3.7/site-packages/airflow/example_dags/example_latest_only.py
[2023-06-17T02:35:42.502+0000] {processor.py:826} INFO - Processing file /home/airflow/.local/lib/python3.7/site-packages/airflow/example_dags/example_latest_only.py for tasks to queue
[2023-06-17T02:35:42.503+0000] {logging_mixin.py:149} INFO - [2023-06-17T02:35:42.503+0000] {dagbag.py:541} INFO - Filling up the DagBag from /home/airflow/.local/lib/python3.7/site-packages/airflow/example_dags/example_latest_only.py
[2023-06-17T02:35:42.507+0000] {processor.py:836} INFO - DAG(s) dict_keys(['latest_only']) retrieved from /home/airflow/.local/lib/python3.7/site-packages/airflow/example_dags/example_latest_only.py
[2023-06-17T02:35:42.529+0000] {logging_mixin.py:149} INFO - [2023-06-17T02:35:42.529+0000] {dag.py:2726} INFO - Sync 1 DAGs
[2023-06-17T02:35:42.554+0000] {logging_mixin.py:149} INFO - [2023-06-17T02:35:42.554+0000] {dag.py:3490} INFO - Setting next_dagrun for latest_only to 2023-06-16T22:35:42.554149+00:00, run_after=2023-06-17T02:35:42.554149+00:00
[2023-06-17T02:35:42.960+0000] {processor.py:179} INFO - Processing /home/airflow/.local/lib/python3.7/site-packages/airflow/example_dags/example_latest_only.py took 0.473 seconds
[2023-06-17T02:36:12.992+0000] {processor.py:157} INFO - Started process (PID=1870) to work on /home/airflow/.local/lib/python3.7/site-packages/airflow/example_dags/example_latest_only.py
[2023-06-17T02:36:13.002+0000] {processor.py:826} INFO - Processing file /home/airflow/.local/lib/python3.7/site-packages/airflow/example_dags/example_latest_only.py for tasks to queue
[2023-06-17T02:36:13.003+0000] {logging_mixin.py:149} INFO - [2023-06-17T02:36:13.002+0000] {dagbag.py:541} INFO - Filling up the DagBag from /home/airflow/.local/lib/python3.7/site-packages/airflow/example_dags/example_latest_only.py
[2023-06-17T02:36:13.009+0000] {processor.py:836} INFO - DAG(s) dict_keys(['latest_only']) retrieved from /home/airflow/.local/lib/python3.7/site-packages/airflow/example_dags/example_latest_only.py
[2023-06-17T02:36:13.041+0000] {logging_mixin.py:149} INFO - [2023-06-17T02:36:13.041+0000] {dag.py:2726} INFO - Sync 1 DAGs
[2023-06-17T02:36:13.077+0000] {logging_mixin.py:149} INFO - [2023-06-17T02:36:13.077+0000] {dag.py:3490} INFO - Setting next_dagrun for latest_only to 2023-06-16T22:36:13.076813+00:00, run_after=2023-06-17T02:36:13.076813+00:00
[2023-06-17T02:36:13.105+0000] {processor.py:179} INFO - Processing /home/airflow/.local/lib/python3.7/site-packages/airflow/example_dags/example_latest_only.py took 0.117 seconds
[2023-06-17T02:36:43.238+0000] {processor.py:157} INFO - Started process (PID=1931) to work on /home/airflow/.local/lib/python3.7/site-packages/airflow/example_dags/example_latest_only.py
[2023-06-17T02:36:43.246+0000] {processor.py:826} INFO - Processing file /home/airflow/.local/lib/python3.7/site-packages/airflow/example_dags/example_latest_only.py for tasks to queue
[2023-06-17T02:36:43.246+0000] {logging_mixin.py:149} INFO - [2023-06-17T02:36:43.246+0000] {dagbag.py:541} INFO - Filling up the DagBag from /home/airflow/.local/lib/python3.7/site-packages/airflow/example_dags/example_latest_only.py
[2023-06-17T02:36:43.251+0000] {processor.py:836} INFO - DAG(s) dict_keys(['latest_only']) retrieved from /home/airflow/.local/lib/python3.7/site-packages/airflow/example_dags/example_latest_only.py
[2023-06-17T02:36:43.279+0000] {logging_mixin.py:149} INFO - [2023-06-17T02:36:43.279+0000] {dag.py:2726} INFO - Sync 1 DAGs
[2023-06-17T02:36:43.310+0000] {logging_mixin.py:149} INFO - [2023-06-17T02:36:43.310+0000] {dag.py:3490} INFO - Setting next_dagrun for latest_only to 2023-06-16T22:36:43.310029+00:00, run_after=2023-06-17T02:36:43.310029+00:00
[2023-06-17T02:36:43.343+0000] {processor.py:179} INFO - Processing /home/airflow/.local/lib/python3.7/site-packages/airflow/example_dags/example_latest_only.py took 0.108 seconds
[2023-06-17T02:37:13.774+0000] {processor.py:157} INFO - Started process (PID=1992) to work on /home/airflow/.local/lib/python3.7/site-packages/airflow/example_dags/example_latest_only.py
[2023-06-17T02:37:13.782+0000] {processor.py:826} INFO - Processing file /home/airflow/.local/lib/python3.7/site-packages/airflow/example_dags/example_latest_only.py for tasks to queue
[2023-06-17T02:37:13.783+0000] {logging_mixin.py:149} INFO - [2023-06-17T02:37:13.783+0000] {dagbag.py:541} INFO - Filling up the DagBag from /home/airflow/.local/lib/python3.7/site-packages/airflow/example_dags/example_latest_only.py
[2023-06-17T02:37:13.789+0000] {processor.py:836} INFO - DAG(s) dict_keys(['latest_only']) retrieved from /home/airflow/.local/lib/python3.7/site-packages/airflow/example_dags/example_latest_only.py
[2023-06-17T02:37:13.817+0000] {logging_mixin.py:149} INFO - [2023-06-17T02:37:13.817+0000] {dag.py:2726} INFO - Sync 1 DAGs
[2023-06-17T02:37:13.852+0000] {logging_mixin.py:149} INFO - [2023-06-17T02:37:13.852+0000] {dag.py:3490} INFO - Setting next_dagrun for latest_only to 2023-06-16T22:37:13.852339+00:00, run_after=2023-06-17T02:37:13.852339+00:00
[2023-06-17T02:37:13.888+0000] {processor.py:179} INFO - Processing /home/airflow/.local/lib/python3.7/site-packages/airflow/example_dags/example_latest_only.py took 0.117 seconds
[2023-06-17T02:37:44.958+0000] {processor.py:157} INFO - Started process (PID=2053) to work on /home/airflow/.local/lib/python3.7/site-packages/airflow/example_dags/example_latest_only.py
[2023-06-17T02:37:45.418+0000] {processor.py:826} INFO - Processing file /home/airflow/.local/lib/python3.7/site-packages/airflow/example_dags/example_latest_only.py for tasks to queue
[2023-06-17T02:37:45.632+0000] {logging_mixin.py:149} INFO - [2023-06-17T02:37:45.631+0000] {dagbag.py:541} INFO - Filling up the DagBag from /home/airflow/.local/lib/python3.7/site-packages/airflow/example_dags/example_latest_only.py
[2023-06-17T02:37:45.636+0000] {processor.py:836} INFO - DAG(s) dict_keys(['latest_only']) retrieved from /home/airflow/.local/lib/python3.7/site-packages/airflow/example_dags/example_latest_only.py
[2023-06-17T02:37:45.658+0000] {logging_mixin.py:149} INFO - [2023-06-17T02:37:45.658+0000] {dag.py:2726} INFO - Sync 1 DAGs
[2023-06-17T02:37:45.686+0000] {logging_mixin.py:149} INFO - [2023-06-17T02:37:45.686+0000] {dag.py:3490} INFO - Setting next_dagrun for latest_only to 2023-06-16T22:37:45.686308+00:00, run_after=2023-06-17T02:37:45.686308+00:00
[2023-06-17T02:37:46.046+0000] {processor.py:179} INFO - Processing /home/airflow/.local/lib/python3.7/site-packages/airflow/example_dags/example_latest_only.py took 1.090 seconds
[2023-06-17T03:24:50.097+0000] {processor.py:157} INFO - Started process (PID=2125) to work on /home/airflow/.local/lib/python3.7/site-packages/airflow/example_dags/example_latest_only.py
[2023-06-17T03:24:50.213+0000] {processor.py:826} INFO - Processing file /home/airflow/.local/lib/python3.7/site-packages/airflow/example_dags/example_latest_only.py for tasks to queue
[2023-06-17T03:24:50.215+0000] {logging_mixin.py:149} INFO - [2023-06-17T03:24:50.214+0000] {dagbag.py:541} INFO - Filling up the DagBag from /home/airflow/.local/lib/python3.7/site-packages/airflow/example_dags/example_latest_only.py
[2023-06-17T03:24:50.222+0000] {processor.py:836} INFO - DAG(s) dict_keys(['latest_only']) retrieved from /home/airflow/.local/lib/python3.7/site-packages/airflow/example_dags/example_latest_only.py
[2023-06-17T03:24:50.246+0000] {logging_mixin.py:149} INFO - [2023-06-17T03:24:50.246+0000] {dag.py:2726} INFO - Sync 1 DAGs
[2023-06-17T03:24:50.272+0000] {logging_mixin.py:149} INFO - [2023-06-17T03:24:50.272+0000] {dag.py:3490} INFO - Setting next_dagrun for latest_only to 2023-06-16T23:24:50.271810+00:00, run_after=2023-06-17T03:24:50.271810+00:00
[2023-06-17T03:24:50.524+0000] {processor.py:179} INFO - Processing /home/airflow/.local/lib/python3.7/site-packages/airflow/example_dags/example_latest_only.py took 0.430 seconds
[2023-06-17T03:25:20.670+0000] {processor.py:157} INFO - Started process (PID=2186) to work on /home/airflow/.local/lib/python3.7/site-packages/airflow/example_dags/example_latest_only.py
[2023-06-17T03:25:20.678+0000] {processor.py:826} INFO - Processing file /home/airflow/.local/lib/python3.7/site-packages/airflow/example_dags/example_latest_only.py for tasks to queue
[2023-06-17T03:25:20.679+0000] {logging_mixin.py:149} INFO - [2023-06-17T03:25:20.679+0000] {dagbag.py:541} INFO - Filling up the DagBag from /home/airflow/.local/lib/python3.7/site-packages/airflow/example_dags/example_latest_only.py
[2023-06-17T03:25:20.691+0000] {processor.py:836} INFO - DAG(s) dict_keys(['latest_only']) retrieved from /home/airflow/.local/lib/python3.7/site-packages/airflow/example_dags/example_latest_only.py
[2023-06-17T03:25:20.753+0000] {logging_mixin.py:149} INFO - [2023-06-17T03:25:20.752+0000] {dag.py:2726} INFO - Sync 1 DAGs
[2023-06-17T03:25:20.835+0000] {logging_mixin.py:149} INFO - [2023-06-17T03:25:20.835+0000] {dag.py:3490} INFO - Setting next_dagrun for latest_only to 2023-06-16T23:25:20.834780+00:00, run_after=2023-06-17T03:25:20.834780+00:00
[2023-06-17T03:25:20.893+0000] {processor.py:179} INFO - Processing /home/airflow/.local/lib/python3.7/site-packages/airflow/example_dags/example_latest_only.py took 0.229 seconds
[2023-06-17T03:35:54.901+0000] {processor.py:157} INFO - Started process (PID=69) to work on /home/airflow/.local/lib/python3.7/site-packages/airflow/example_dags/example_latest_only.py
[2023-06-17T03:35:54.953+0000] {processor.py:826} INFO - Processing file /home/airflow/.local/lib/python3.7/site-packages/airflow/example_dags/example_latest_only.py for tasks to queue
[2023-06-17T03:35:54.954+0000] {logging_mixin.py:149} INFO - [2023-06-17T03:35:54.953+0000] {dagbag.py:541} INFO - Filling up the DagBag from /home/airflow/.local/lib/python3.7/site-packages/airflow/example_dags/example_latest_only.py
[2023-06-17T03:35:54.958+0000] {processor.py:836} INFO - DAG(s) dict_keys(['latest_only']) retrieved from /home/airflow/.local/lib/python3.7/site-packages/airflow/example_dags/example_latest_only.py
[2023-06-17T03:35:54.989+0000] {logging_mixin.py:149} INFO - [2023-06-17T03:35:54.989+0000] {dag.py:2726} INFO - Sync 1 DAGs
[2023-06-17T03:35:55.021+0000] {logging_mixin.py:149} INFO - [2023-06-17T03:35:55.021+0000] {dag.py:3490} INFO - Setting next_dagrun for latest_only to 2023-06-16T23:35:55.020937+00:00, run_after=2023-06-17T03:35:55.020937+00:00
[2023-06-17T03:35:55.107+0000] {processor.py:179} INFO - Processing /home/airflow/.local/lib/python3.7/site-packages/airflow/example_dags/example_latest_only.py took 0.209 seconds
[2023-06-17T03:36:28.082+0000] {processor.py:157} INFO - Started process (PID=128) to work on /home/airflow/.local/lib/python3.7/site-packages/airflow/example_dags/example_latest_only.py
[2023-06-17T03:36:28.156+0000] {processor.py:826} INFO - Processing file /home/airflow/.local/lib/python3.7/site-packages/airflow/example_dags/example_latest_only.py for tasks to queue
[2023-06-17T03:36:28.157+0000] {logging_mixin.py:149} INFO - [2023-06-17T03:36:28.156+0000] {dagbag.py:541} INFO - Filling up the DagBag from /home/airflow/.local/lib/python3.7/site-packages/airflow/example_dags/example_latest_only.py
[2023-06-17T03:36:28.162+0000] {processor.py:836} INFO - DAG(s) dict_keys(['latest_only']) retrieved from /home/airflow/.local/lib/python3.7/site-packages/airflow/example_dags/example_latest_only.py
[2023-06-17T03:36:28.190+0000] {logging_mixin.py:149} INFO - [2023-06-17T03:36:28.189+0000] {dag.py:2726} INFO - Sync 1 DAGs
[2023-06-17T03:36:28.218+0000] {logging_mixin.py:149} INFO - [2023-06-17T03:36:28.217+0000] {dag.py:3490} INFO - Setting next_dagrun for latest_only to 2023-06-16T23:36:28.217698+00:00, run_after=2023-06-17T03:36:28.217698+00:00
[2023-06-17T03:36:28.493+0000] {processor.py:179} INFO - Processing /home/airflow/.local/lib/python3.7/site-packages/airflow/example_dags/example_latest_only.py took 0.413 seconds
[2023-06-17T03:36:59.021+0000] {processor.py:157} INFO - Started process (PID=182) to work on /home/airflow/.local/lib/python3.7/site-packages/airflow/example_dags/example_latest_only.py
[2023-06-17T03:36:59.074+0000] {processor.py:826} INFO - Processing file /home/airflow/.local/lib/python3.7/site-packages/airflow/example_dags/example_latest_only.py for tasks to queue
[2023-06-17T03:36:59.075+0000] {logging_mixin.py:149} INFO - [2023-06-17T03:36:59.075+0000] {dagbag.py:541} INFO - Filling up the DagBag from /home/airflow/.local/lib/python3.7/site-packages/airflow/example_dags/example_latest_only.py
[2023-06-17T03:36:59.079+0000] {processor.py:836} INFO - DAG(s) dict_keys(['latest_only']) retrieved from /home/airflow/.local/lib/python3.7/site-packages/airflow/example_dags/example_latest_only.py
[2023-06-17T03:36:59.102+0000] {logging_mixin.py:149} INFO - [2023-06-17T03:36:59.102+0000] {dag.py:2726} INFO - Sync 1 DAGs
[2023-06-17T03:36:59.233+0000] {logging_mixin.py:149} INFO - [2023-06-17T03:36:59.233+0000] {dag.py:3490} INFO - Setting next_dagrun for latest_only to 2023-06-16T23:36:59.232903+00:00, run_after=2023-06-17T03:36:59.232903+00:00
[2023-06-17T03:36:59.679+0000] {processor.py:179} INFO - Processing /home/airflow/.local/lib/python3.7/site-packages/airflow/example_dags/example_latest_only.py took 0.661 seconds
[2023-06-17T03:37:30.037+0000] {processor.py:157} INFO - Started process (PID=236) to work on /home/airflow/.local/lib/python3.7/site-packages/airflow/example_dags/example_latest_only.py
[2023-06-17T03:37:30.042+0000] {processor.py:826} INFO - Processing file /home/airflow/.local/lib/python3.7/site-packages/airflow/example_dags/example_latest_only.py for tasks to queue
[2023-06-17T03:37:30.043+0000] {logging_mixin.py:149} INFO - [2023-06-17T03:37:30.042+0000] {dagbag.py:541} INFO - Filling up the DagBag from /home/airflow/.local/lib/python3.7/site-packages/airflow/example_dags/example_latest_only.py
[2023-06-17T03:37:30.136+0000] {processor.py:836} INFO - DAG(s) dict_keys(['latest_only']) retrieved from /home/airflow/.local/lib/python3.7/site-packages/airflow/example_dags/example_latest_only.py
[2023-06-17T03:37:30.155+0000] {logging_mixin.py:149} INFO - [2023-06-17T03:37:30.155+0000] {dag.py:2726} INFO - Sync 1 DAGs
[2023-06-17T03:37:30.183+0000] {logging_mixin.py:149} INFO - [2023-06-17T03:37:30.183+0000] {dag.py:3490} INFO - Setting next_dagrun for latest_only to 2023-06-16T23:37:30.182877+00:00, run_after=2023-06-17T03:37:30.182877+00:00
[2023-06-17T03:37:30.339+0000] {processor.py:179} INFO - Processing /home/airflow/.local/lib/python3.7/site-packages/airflow/example_dags/example_latest_only.py took 0.305 seconds
[2023-06-17T03:38:00.530+0000] {processor.py:157} INFO - Started process (PID=297) to work on /home/airflow/.local/lib/python3.7/site-packages/airflow/example_dags/example_latest_only.py
[2023-06-17T03:38:00.539+0000] {processor.py:826} INFO - Processing file /home/airflow/.local/lib/python3.7/site-packages/airflow/example_dags/example_latest_only.py for tasks to queue
[2023-06-17T03:38:00.540+0000] {logging_mixin.py:149} INFO - [2023-06-17T03:38:00.540+0000] {dagbag.py:541} INFO - Filling up the DagBag from /home/airflow/.local/lib/python3.7/site-packages/airflow/example_dags/example_latest_only.py
[2023-06-17T03:38:00.546+0000] {processor.py:836} INFO - DAG(s) dict_keys(['latest_only']) retrieved from /home/airflow/.local/lib/python3.7/site-packages/airflow/example_dags/example_latest_only.py
[2023-06-17T03:38:00.573+0000] {logging_mixin.py:149} INFO - [2023-06-17T03:38:00.573+0000] {dag.py:2726} INFO - Sync 1 DAGs
[2023-06-17T03:38:00.610+0000] {logging_mixin.py:149} INFO - [2023-06-17T03:38:00.610+0000] {dag.py:3490} INFO - Setting next_dagrun for latest_only to 2023-06-16T23:38:00.609976+00:00, run_after=2023-06-17T03:38:00.609976+00:00
[2023-06-17T03:38:00.644+0000] {processor.py:179} INFO - Processing /home/airflow/.local/lib/python3.7/site-packages/airflow/example_dags/example_latest_only.py took 0.118 seconds
[2023-06-17T03:38:31.437+0000] {processor.py:157} INFO - Started process (PID=358) to work on /home/airflow/.local/lib/python3.7/site-packages/airflow/example_dags/example_latest_only.py
[2023-06-17T03:38:31.565+0000] {processor.py:826} INFO - Processing file /home/airflow/.local/lib/python3.7/site-packages/airflow/example_dags/example_latest_only.py for tasks to queue
[2023-06-17T03:38:31.566+0000] {logging_mixin.py:149} INFO - [2023-06-17T03:38:31.566+0000] {dagbag.py:541} INFO - Filling up the DagBag from /home/airflow/.local/lib/python3.7/site-packages/airflow/example_dags/example_latest_only.py
[2023-06-17T03:38:31.571+0000] {processor.py:836} INFO - DAG(s) dict_keys(['latest_only']) retrieved from /home/airflow/.local/lib/python3.7/site-packages/airflow/example_dags/example_latest_only.py
[2023-06-17T03:38:31.595+0000] {logging_mixin.py:149} INFO - [2023-06-17T03:38:31.595+0000] {dag.py:2726} INFO - Sync 1 DAGs
[2023-06-17T03:38:31.629+0000] {logging_mixin.py:149} INFO - [2023-06-17T03:38:31.628+0000] {dag.py:3490} INFO - Setting next_dagrun for latest_only to 2023-06-16T23:38:31.628550+00:00, run_after=2023-06-17T03:38:31.628550+00:00
[2023-06-17T03:38:31.729+0000] {processor.py:179} INFO - Processing /home/airflow/.local/lib/python3.7/site-packages/airflow/example_dags/example_latest_only.py took 0.295 seconds
[2023-06-17T03:39:01.907+0000] {processor.py:157} INFO - Started process (PID=419) to work on /home/airflow/.local/lib/python3.7/site-packages/airflow/example_dags/example_latest_only.py
[2023-06-17T03:39:01.920+0000] {processor.py:826} INFO - Processing file /home/airflow/.local/lib/python3.7/site-packages/airflow/example_dags/example_latest_only.py for tasks to queue
[2023-06-17T03:39:01.921+0000] {logging_mixin.py:149} INFO - [2023-06-17T03:39:01.921+0000] {dagbag.py:541} INFO - Filling up the DagBag from /home/airflow/.local/lib/python3.7/site-packages/airflow/example_dags/example_latest_only.py
[2023-06-17T03:39:01.927+0000] {processor.py:836} INFO - DAG(s) dict_keys(['latest_only']) retrieved from /home/airflow/.local/lib/python3.7/site-packages/airflow/example_dags/example_latest_only.py
[2023-06-17T03:39:01.950+0000] {logging_mixin.py:149} INFO - [2023-06-17T03:39:01.950+0000] {dag.py:2726} INFO - Sync 1 DAGs
[2023-06-17T03:39:01.979+0000] {logging_mixin.py:149} INFO - [2023-06-17T03:39:01.979+0000] {dag.py:3490} INFO - Setting next_dagrun for latest_only to 2023-06-16T23:39:01.978935+00:00, run_after=2023-06-17T03:39:01.978935+00:00
[2023-06-17T03:39:02.009+0000] {processor.py:179} INFO - Processing /home/airflow/.local/lib/python3.7/site-packages/airflow/example_dags/example_latest_only.py took 0.104 seconds
[2023-06-17T03:39:32.451+0000] {processor.py:157} INFO - Started process (PID=480) to work on /home/airflow/.local/lib/python3.7/site-packages/airflow/example_dags/example_latest_only.py
[2023-06-17T03:39:32.452+0000] {processor.py:826} INFO - Processing file /home/airflow/.local/lib/python3.7/site-packages/airflow/example_dags/example_latest_only.py for tasks to queue
[2023-06-17T03:39:32.453+0000] {logging_mixin.py:149} INFO - [2023-06-17T03:39:32.453+0000] {dagbag.py:541} INFO - Filling up the DagBag from /home/airflow/.local/lib/python3.7/site-packages/airflow/example_dags/example_latest_only.py
[2023-06-17T03:39:32.458+0000] {processor.py:836} INFO - DAG(s) dict_keys(['latest_only']) retrieved from /home/airflow/.local/lib/python3.7/site-packages/airflow/example_dags/example_latest_only.py
[2023-06-17T03:39:32.480+0000] {logging_mixin.py:149} INFO - [2023-06-17T03:39:32.480+0000] {dag.py:2726} INFO - Sync 1 DAGs
[2023-06-17T03:39:32.506+0000] {logging_mixin.py:149} INFO - [2023-06-17T03:39:32.506+0000] {dag.py:3490} INFO - Setting next_dagrun for latest_only to 2023-06-16T23:39:32.506366+00:00, run_after=2023-06-17T03:39:32.506366+00:00
[2023-06-17T03:39:32.546+0000] {processor.py:179} INFO - Processing /home/airflow/.local/lib/python3.7/site-packages/airflow/example_dags/example_latest_only.py took 0.098 seconds
[2023-06-17T03:40:03.495+0000] {processor.py:157} INFO - Started process (PID=541) to work on /home/airflow/.local/lib/python3.7/site-packages/airflow/example_dags/example_latest_only.py
[2023-06-17T03:40:03.503+0000] {processor.py:826} INFO - Processing file /home/airflow/.local/lib/python3.7/site-packages/airflow/example_dags/example_latest_only.py for tasks to queue
[2023-06-17T03:40:03.504+0000] {logging_mixin.py:149} INFO - [2023-06-17T03:40:03.504+0000] {dagbag.py:541} INFO - Filling up the DagBag from /home/airflow/.local/lib/python3.7/site-packages/airflow/example_dags/example_latest_only.py
[2023-06-17T03:40:03.509+0000] {processor.py:836} INFO - DAG(s) dict_keys(['latest_only']) retrieved from /home/airflow/.local/lib/python3.7/site-packages/airflow/example_dags/example_latest_only.py
[2023-06-17T03:40:03.531+0000] {logging_mixin.py:149} INFO - [2023-06-17T03:40:03.531+0000] {dag.py:2726} INFO - Sync 1 DAGs
[2023-06-17T03:40:03.560+0000] {logging_mixin.py:149} INFO - [2023-06-17T03:40:03.560+0000] {dag.py:3490} INFO - Setting next_dagrun for latest_only to 2023-06-16T23:40:03.559858+00:00, run_after=2023-06-17T03:40:03.559858+00:00
[2023-06-17T03:40:03.588+0000] {processor.py:179} INFO - Processing /home/airflow/.local/lib/python3.7/site-packages/airflow/example_dags/example_latest_only.py took 0.095 seconds
[2023-06-17T03:40:34.068+0000] {processor.py:157} INFO - Started process (PID=602) to work on /home/airflow/.local/lib/python3.7/site-packages/airflow/example_dags/example_latest_only.py
[2023-06-17T03:40:34.068+0000] {processor.py:826} INFO - Processing file /home/airflow/.local/lib/python3.7/site-packages/airflow/example_dags/example_latest_only.py for tasks to queue
[2023-06-17T03:40:34.069+0000] {logging_mixin.py:149} INFO - [2023-06-17T03:40:34.069+0000] {dagbag.py:541} INFO - Filling up the DagBag from /home/airflow/.local/lib/python3.7/site-packages/airflow/example_dags/example_latest_only.py
[2023-06-17T03:40:34.073+0000] {processor.py:836} INFO - DAG(s) dict_keys(['latest_only']) retrieved from /home/airflow/.local/lib/python3.7/site-packages/airflow/example_dags/example_latest_only.py
[2023-06-17T03:40:34.094+0000] {logging_mixin.py:149} INFO - [2023-06-17T03:40:34.093+0000] {dag.py:2726} INFO - Sync 1 DAGs
[2023-06-17T03:40:34.120+0000] {logging_mixin.py:149} INFO - [2023-06-17T03:40:34.120+0000] {dag.py:3490} INFO - Setting next_dagrun for latest_only to 2023-06-16T23:40:34.120467+00:00, run_after=2023-06-17T03:40:34.120467+00:00
[2023-06-17T03:40:34.152+0000] {processor.py:179} INFO - Processing /home/airflow/.local/lib/python3.7/site-packages/airflow/example_dags/example_latest_only.py took 0.087 seconds
[2023-06-17T03:41:04.858+0000] {processor.py:157} INFO - Started process (PID=664) to work on /home/airflow/.local/lib/python3.7/site-packages/airflow/example_dags/example_latest_only.py
[2023-06-17T03:41:04.863+0000] {processor.py:826} INFO - Processing file /home/airflow/.local/lib/python3.7/site-packages/airflow/example_dags/example_latest_only.py for tasks to queue
[2023-06-17T03:41:04.864+0000] {logging_mixin.py:149} INFO - [2023-06-17T03:41:04.864+0000] {dagbag.py:541} INFO - Filling up the DagBag from /home/airflow/.local/lib/python3.7/site-packages/airflow/example_dags/example_latest_only.py
[2023-06-17T03:41:04.868+0000] {processor.py:836} INFO - DAG(s) dict_keys(['latest_only']) retrieved from /home/airflow/.local/lib/python3.7/site-packages/airflow/example_dags/example_latest_only.py
[2023-06-17T03:41:04.887+0000] {logging_mixin.py:149} INFO - [2023-06-17T03:41:04.887+0000] {dag.py:2726} INFO - Sync 1 DAGs
[2023-06-17T03:41:04.913+0000] {logging_mixin.py:149} INFO - [2023-06-17T03:41:04.913+0000] {dag.py:3490} INFO - Setting next_dagrun for latest_only to 2023-06-16T23:41:04.913352+00:00, run_after=2023-06-17T03:41:04.913352+00:00
[2023-06-17T03:41:04.944+0000] {processor.py:179} INFO - Processing /home/airflow/.local/lib/python3.7/site-packages/airflow/example_dags/example_latest_only.py took 0.089 seconds
[2023-06-17T03:41:35.090+0000] {processor.py:157} INFO - Started process (PID=725) to work on /home/airflow/.local/lib/python3.7/site-packages/airflow/example_dags/example_latest_only.py
[2023-06-17T03:41:35.099+0000] {processor.py:826} INFO - Processing file /home/airflow/.local/lib/python3.7/site-packages/airflow/example_dags/example_latest_only.py for tasks to queue
[2023-06-17T03:41:35.100+0000] {logging_mixin.py:149} INFO - [2023-06-17T03:41:35.100+0000] {dagbag.py:541} INFO - Filling up the DagBag from /home/airflow/.local/lib/python3.7/site-packages/airflow/example_dags/example_latest_only.py
[2023-06-17T03:41:35.105+0000] {processor.py:836} INFO - DAG(s) dict_keys(['latest_only']) retrieved from /home/airflow/.local/lib/python3.7/site-packages/airflow/example_dags/example_latest_only.py
[2023-06-17T03:41:35.125+0000] {logging_mixin.py:149} INFO - [2023-06-17T03:41:35.125+0000] {dag.py:2726} INFO - Sync 1 DAGs
[2023-06-17T03:41:35.154+0000] {logging_mixin.py:149} INFO - [2023-06-17T03:41:35.154+0000] {dag.py:3490} INFO - Setting next_dagrun for latest_only to 2023-06-16T23:41:35.154380+00:00, run_after=2023-06-17T03:41:35.154380+00:00
[2023-06-17T03:41:35.190+0000] {processor.py:179} INFO - Processing /home/airflow/.local/lib/python3.7/site-packages/airflow/example_dags/example_latest_only.py took 0.103 seconds
[2023-06-17T03:42:05.359+0000] {processor.py:157} INFO - Started process (PID=786) to work on /home/airflow/.local/lib/python3.7/site-packages/airflow/example_dags/example_latest_only.py
[2023-06-17T03:42:05.364+0000] {processor.py:826} INFO - Processing file /home/airflow/.local/lib/python3.7/site-packages/airflow/example_dags/example_latest_only.py for tasks to queue
[2023-06-17T03:42:05.365+0000] {logging_mixin.py:149} INFO - [2023-06-17T03:42:05.365+0000] {dagbag.py:541} INFO - Filling up the DagBag from /home/airflow/.local/lib/python3.7/site-packages/airflow/example_dags/example_latest_only.py
[2023-06-17T03:42:05.372+0000] {processor.py:836} INFO - DAG(s) dict_keys(['latest_only']) retrieved from /home/airflow/.local/lib/python3.7/site-packages/airflow/example_dags/example_latest_only.py
[2023-06-17T03:42:05.406+0000] {logging_mixin.py:149} INFO - [2023-06-17T03:42:05.406+0000] {dag.py:2726} INFO - Sync 1 DAGs
[2023-06-17T03:42:05.436+0000] {logging_mixin.py:149} INFO - [2023-06-17T03:42:05.436+0000] {dag.py:3490} INFO - Setting next_dagrun for latest_only to 2023-06-16T23:42:05.436014+00:00, run_after=2023-06-17T03:42:05.436014+00:00
[2023-06-17T03:42:05.484+0000] {processor.py:179} INFO - Processing /home/airflow/.local/lib/python3.7/site-packages/airflow/example_dags/example_latest_only.py took 0.128 seconds
[2023-06-17T03:42:36.100+0000] {processor.py:157} INFO - Started process (PID=847) to work on /home/airflow/.local/lib/python3.7/site-packages/airflow/example_dags/example_latest_only.py
[2023-06-17T03:42:36.101+0000] {processor.py:826} INFO - Processing file /home/airflow/.local/lib/python3.7/site-packages/airflow/example_dags/example_latest_only.py for tasks to queue
[2023-06-17T03:42:36.102+0000] {logging_mixin.py:149} INFO - [2023-06-17T03:42:36.101+0000] {dagbag.py:541} INFO - Filling up the DagBag from /home/airflow/.local/lib/python3.7/site-packages/airflow/example_dags/example_latest_only.py
[2023-06-17T03:42:36.106+0000] {processor.py:836} INFO - DAG(s) dict_keys(['latest_only']) retrieved from /home/airflow/.local/lib/python3.7/site-packages/airflow/example_dags/example_latest_only.py
[2023-06-17T03:42:36.130+0000] {logging_mixin.py:149} INFO - [2023-06-17T03:42:36.130+0000] {dag.py:2726} INFO - Sync 1 DAGs
[2023-06-17T03:42:36.172+0000] {logging_mixin.py:149} INFO - [2023-06-17T03:42:36.172+0000] {dag.py:3490} INFO - Setting next_dagrun for latest_only to 2023-06-16T23:42:36.172302+00:00, run_after=2023-06-17T03:42:36.172302+00:00
[2023-06-17T03:42:36.206+0000] {processor.py:179} INFO - Processing /home/airflow/.local/lib/python3.7/site-packages/airflow/example_dags/example_latest_only.py took 0.109 seconds
[2023-06-17T03:43:06.653+0000] {processor.py:157} INFO - Started process (PID=908) to work on /home/airflow/.local/lib/python3.7/site-packages/airflow/example_dags/example_latest_only.py
[2023-06-17T03:43:06.659+0000] {processor.py:826} INFO - Processing file /home/airflow/.local/lib/python3.7/site-packages/airflow/example_dags/example_latest_only.py for tasks to queue
[2023-06-17T03:43:06.660+0000] {logging_mixin.py:149} INFO - [2023-06-17T03:43:06.660+0000] {dagbag.py:541} INFO - Filling up the DagBag from /home/airflow/.local/lib/python3.7/site-packages/airflow/example_dags/example_latest_only.py
[2023-06-17T03:43:06.666+0000] {processor.py:836} INFO - DAG(s) dict_keys(['latest_only']) retrieved from /home/airflow/.local/lib/python3.7/site-packages/airflow/example_dags/example_latest_only.py
[2023-06-17T03:43:06.691+0000] {logging_mixin.py:149} INFO - [2023-06-17T03:43:06.691+0000] {dag.py:2726} INFO - Sync 1 DAGs
[2023-06-17T03:43:06.721+0000] {logging_mixin.py:149} INFO - [2023-06-17T03:43:06.721+0000] {dag.py:3490} INFO - Setting next_dagrun for latest_only to 2023-06-16T23:43:06.721516+00:00, run_after=2023-06-17T03:43:06.721516+00:00
[2023-06-17T03:43:06.745+0000] {processor.py:179} INFO - Processing /home/airflow/.local/lib/python3.7/site-packages/airflow/example_dags/example_latest_only.py took 0.096 seconds
[2023-06-17T03:43:37.499+0000] {processor.py:157} INFO - Started process (PID=969) to work on /home/airflow/.local/lib/python3.7/site-packages/airflow/example_dags/example_latest_only.py
[2023-06-17T03:43:37.507+0000] {processor.py:826} INFO - Processing file /home/airflow/.local/lib/python3.7/site-packages/airflow/example_dags/example_latest_only.py for tasks to queue
[2023-06-17T03:43:37.507+0000] {logging_mixin.py:149} INFO - [2023-06-17T03:43:37.507+0000] {dagbag.py:541} INFO - Filling up the DagBag from /home/airflow/.local/lib/python3.7/site-packages/airflow/example_dags/example_latest_only.py
[2023-06-17T03:43:37.513+0000] {processor.py:836} INFO - DAG(s) dict_keys(['latest_only']) retrieved from /home/airflow/.local/lib/python3.7/site-packages/airflow/example_dags/example_latest_only.py
[2023-06-17T03:43:37.544+0000] {logging_mixin.py:149} INFO - [2023-06-17T03:43:37.544+0000] {dag.py:2726} INFO - Sync 1 DAGs
[2023-06-17T03:43:37.584+0000] {logging_mixin.py:149} INFO - [2023-06-17T03:43:37.584+0000] {dag.py:3490} INFO - Setting next_dagrun for latest_only to 2023-06-16T23:43:37.584201+00:00, run_after=2023-06-17T03:43:37.584201+00:00
[2023-06-17T03:43:37.625+0000] {processor.py:179} INFO - Processing /home/airflow/.local/lib/python3.7/site-packages/airflow/example_dags/example_latest_only.py took 0.130 seconds
[2023-06-17T03:44:07.743+0000] {processor.py:157} INFO - Started process (PID=1030) to work on /home/airflow/.local/lib/python3.7/site-packages/airflow/example_dags/example_latest_only.py
[2023-06-17T03:44:07.744+0000] {processor.py:826} INFO - Processing file /home/airflow/.local/lib/python3.7/site-packages/airflow/example_dags/example_latest_only.py for tasks to queue
[2023-06-17T03:44:07.744+0000] {logging_mixin.py:149} INFO - [2023-06-17T03:44:07.744+0000] {dagbag.py:541} INFO - Filling up the DagBag from /home/airflow/.local/lib/python3.7/site-packages/airflow/example_dags/example_latest_only.py
[2023-06-17T03:44:07.748+0000] {processor.py:836} INFO - DAG(s) dict_keys(['latest_only']) retrieved from /home/airflow/.local/lib/python3.7/site-packages/airflow/example_dags/example_latest_only.py
[2023-06-17T03:44:07.769+0000] {logging_mixin.py:149} INFO - [2023-06-17T03:44:07.769+0000] {dag.py:2726} INFO - Sync 1 DAGs
[2023-06-17T03:44:07.797+0000] {logging_mixin.py:149} INFO - [2023-06-17T03:44:07.797+0000] {dag.py:3490} INFO - Setting next_dagrun for latest_only to 2023-06-16T23:44:07.796980+00:00, run_after=2023-06-17T03:44:07.796980+00:00
[2023-06-17T03:44:07.828+0000] {processor.py:179} INFO - Processing /home/airflow/.local/lib/python3.7/site-packages/airflow/example_dags/example_latest_only.py took 0.088 seconds
[2023-06-17T03:44:38.462+0000] {processor.py:157} INFO - Started process (PID=1091) to work on /home/airflow/.local/lib/python3.7/site-packages/airflow/example_dags/example_latest_only.py
[2023-06-17T03:44:38.476+0000] {processor.py:826} INFO - Processing file /home/airflow/.local/lib/python3.7/site-packages/airflow/example_dags/example_latest_only.py for tasks to queue
[2023-06-17T03:44:38.476+0000] {logging_mixin.py:149} INFO - [2023-06-17T03:44:38.476+0000] {dagbag.py:541} INFO - Filling up the DagBag from /home/airflow/.local/lib/python3.7/site-packages/airflow/example_dags/example_latest_only.py
[2023-06-17T03:44:38.481+0000] {processor.py:836} INFO - DAG(s) dict_keys(['latest_only']) retrieved from /home/airflow/.local/lib/python3.7/site-packages/airflow/example_dags/example_latest_only.py
[2023-06-17T03:44:38.502+0000] {logging_mixin.py:149} INFO - [2023-06-17T03:44:38.502+0000] {dag.py:2726} INFO - Sync 1 DAGs
[2023-06-17T03:44:38.531+0000] {logging_mixin.py:149} INFO - [2023-06-17T03:44:38.531+0000] {dag.py:3490} INFO - Setting next_dagrun for latest_only to 2023-06-16T23:44:38.531502+00:00, run_after=2023-06-17T03:44:38.531502+00:00
[2023-06-17T03:44:38.558+0000] {processor.py:179} INFO - Processing /home/airflow/.local/lib/python3.7/site-packages/airflow/example_dags/example_latest_only.py took 0.099 seconds
[2023-06-17T03:45:09.009+0000] {processor.py:157} INFO - Started process (PID=1152) to work on /home/airflow/.local/lib/python3.7/site-packages/airflow/example_dags/example_latest_only.py
[2023-06-17T03:45:09.040+0000] {processor.py:826} INFO - Processing file /home/airflow/.local/lib/python3.7/site-packages/airflow/example_dags/example_latest_only.py for tasks to queue
[2023-06-17T03:45:09.041+0000] {logging_mixin.py:149} INFO - [2023-06-17T03:45:09.041+0000] {dagbag.py:541} INFO - Filling up the DagBag from /home/airflow/.local/lib/python3.7/site-packages/airflow/example_dags/example_latest_only.py
[2023-06-17T03:45:09.045+0000] {processor.py:836} INFO - DAG(s) dict_keys(['latest_only']) retrieved from /home/airflow/.local/lib/python3.7/site-packages/airflow/example_dags/example_latest_only.py
[2023-06-17T03:45:09.073+0000] {logging_mixin.py:149} INFO - [2023-06-17T03:45:09.072+0000] {dag.py:2726} INFO - Sync 1 DAGs
[2023-06-17T03:45:09.103+0000] {logging_mixin.py:149} INFO - [2023-06-17T03:45:09.103+0000] {dag.py:3490} INFO - Setting next_dagrun for latest_only to 2023-06-16T23:45:09.103592+00:00, run_after=2023-06-17T03:45:09.103592+00:00
[2023-06-17T03:45:09.129+0000] {processor.py:179} INFO - Processing /home/airflow/.local/lib/python3.7/site-packages/airflow/example_dags/example_latest_only.py took 0.122 seconds
[2023-06-17T03:45:39.748+0000] {processor.py:157} INFO - Started process (PID=1213) to work on /home/airflow/.local/lib/python3.7/site-packages/airflow/example_dags/example_latest_only.py
[2023-06-17T03:45:39.749+0000] {processor.py:826} INFO - Processing file /home/airflow/.local/lib/python3.7/site-packages/airflow/example_dags/example_latest_only.py for tasks to queue
[2023-06-17T03:45:39.749+0000] {logging_mixin.py:149} INFO - [2023-06-17T03:45:39.749+0000] {dagbag.py:541} INFO - Filling up the DagBag from /home/airflow/.local/lib/python3.7/site-packages/airflow/example_dags/example_latest_only.py
[2023-06-17T03:45:39.754+0000] {processor.py:836} INFO - DAG(s) dict_keys(['latest_only']) retrieved from /home/airflow/.local/lib/python3.7/site-packages/airflow/example_dags/example_latest_only.py
[2023-06-17T03:45:39.780+0000] {logging_mixin.py:149} INFO - [2023-06-17T03:45:39.779+0000] {dag.py:2726} INFO - Sync 1 DAGs
[2023-06-17T03:45:39.818+0000] {logging_mixin.py:149} INFO - [2023-06-17T03:45:39.818+0000] {dag.py:3490} INFO - Setting next_dagrun for latest_only to 2023-06-16T23:45:39.818433+00:00, run_after=2023-06-17T03:45:39.818433+00:00
[2023-06-17T03:45:39.843+0000] {processor.py:179} INFO - Processing /home/airflow/.local/lib/python3.7/site-packages/airflow/example_dags/example_latest_only.py took 0.097 seconds
[2023-06-17T03:46:10.454+0000] {processor.py:157} INFO - Started process (PID=1281) to work on /home/airflow/.local/lib/python3.7/site-packages/airflow/example_dags/example_latest_only.py
[2023-06-17T03:46:10.483+0000] {processor.py:826} INFO - Processing file /home/airflow/.local/lib/python3.7/site-packages/airflow/example_dags/example_latest_only.py for tasks to queue
[2023-06-17T03:46:10.484+0000] {logging_mixin.py:149} INFO - [2023-06-17T03:46:10.484+0000] {dagbag.py:541} INFO - Filling up the DagBag from /home/airflow/.local/lib/python3.7/site-packages/airflow/example_dags/example_latest_only.py
[2023-06-17T03:46:10.488+0000] {processor.py:836} INFO - DAG(s) dict_keys(['latest_only']) retrieved from /home/airflow/.local/lib/python3.7/site-packages/airflow/example_dags/example_latest_only.py
[2023-06-17T03:46:10.512+0000] {logging_mixin.py:149} INFO - [2023-06-17T03:46:10.512+0000] {dag.py:2726} INFO - Sync 1 DAGs
[2023-06-17T03:46:10.543+0000] {logging_mixin.py:149} INFO - [2023-06-17T03:46:10.543+0000] {dag.py:3490} INFO - Setting next_dagrun for latest_only to 2023-06-16T23:46:10.543516+00:00, run_after=2023-06-17T03:46:10.543516+00:00
[2023-06-17T03:46:10.575+0000] {processor.py:179} INFO - Processing /home/airflow/.local/lib/python3.7/site-packages/airflow/example_dags/example_latest_only.py took 0.123 seconds
[2023-06-17T03:46:41.362+0000] {processor.py:157} INFO - Started process (PID=1342) to work on /home/airflow/.local/lib/python3.7/site-packages/airflow/example_dags/example_latest_only.py
[2023-06-17T03:46:41.375+0000] {processor.py:826} INFO - Processing file /home/airflow/.local/lib/python3.7/site-packages/airflow/example_dags/example_latest_only.py for tasks to queue
[2023-06-17T03:46:41.376+0000] {logging_mixin.py:149} INFO - [2023-06-17T03:46:41.376+0000] {dagbag.py:541} INFO - Filling up the DagBag from /home/airflow/.local/lib/python3.7/site-packages/airflow/example_dags/example_latest_only.py
[2023-06-17T03:46:41.380+0000] {processor.py:836} INFO - DAG(s) dict_keys(['latest_only']) retrieved from /home/airflow/.local/lib/python3.7/site-packages/airflow/example_dags/example_latest_only.py
[2023-06-17T03:46:41.406+0000] {logging_mixin.py:149} INFO - [2023-06-17T03:46:41.406+0000] {dag.py:2726} INFO - Sync 1 DAGs
[2023-06-17T03:46:41.437+0000] {logging_mixin.py:149} INFO - [2023-06-17T03:46:41.437+0000] {dag.py:3490} INFO - Setting next_dagrun for latest_only to 2023-06-16T23:46:41.436849+00:00, run_after=2023-06-17T03:46:41.436849+00:00
[2023-06-17T03:46:41.459+0000] {processor.py:179} INFO - Processing /home/airflow/.local/lib/python3.7/site-packages/airflow/example_dags/example_latest_only.py took 0.099 seconds
[2023-06-17T03:47:11.940+0000] {processor.py:157} INFO - Started process (PID=1403) to work on /home/airflow/.local/lib/python3.7/site-packages/airflow/example_dags/example_latest_only.py
[2023-06-17T03:47:11.949+0000] {processor.py:826} INFO - Processing file /home/airflow/.local/lib/python3.7/site-packages/airflow/example_dags/example_latest_only.py for tasks to queue
[2023-06-17T03:47:11.949+0000] {logging_mixin.py:149} INFO - [2023-06-17T03:47:11.949+0000] {dagbag.py:541} INFO - Filling up the DagBag from /home/airflow/.local/lib/python3.7/site-packages/airflow/example_dags/example_latest_only.py
[2023-06-17T03:47:11.954+0000] {processor.py:836} INFO - DAG(s) dict_keys(['latest_only']) retrieved from /home/airflow/.local/lib/python3.7/site-packages/airflow/example_dags/example_latest_only.py
[2023-06-17T03:47:11.982+0000] {logging_mixin.py:149} INFO - [2023-06-17T03:47:11.982+0000] {dag.py:2726} INFO - Sync 1 DAGs
[2023-06-17T03:47:12.015+0000] {logging_mixin.py:149} INFO - [2023-06-17T03:47:12.015+0000] {dag.py:3490} INFO - Setting next_dagrun for latest_only to 2023-06-16T23:47:12.015230+00:00, run_after=2023-06-17T03:47:12.015230+00:00
[2023-06-17T03:47:12.045+0000] {processor.py:179} INFO - Processing /home/airflow/.local/lib/python3.7/site-packages/airflow/example_dags/example_latest_only.py took 0.107 seconds
[2023-06-17T03:47:42.864+0000] {processor.py:157} INFO - Started process (PID=1464) to work on /home/airflow/.local/lib/python3.7/site-packages/airflow/example_dags/example_latest_only.py
[2023-06-17T03:47:42.867+0000] {processor.py:826} INFO - Processing file /home/airflow/.local/lib/python3.7/site-packages/airflow/example_dags/example_latest_only.py for tasks to queue
[2023-06-17T03:47:42.867+0000] {logging_mixin.py:149} INFO - [2023-06-17T03:47:42.867+0000] {dagbag.py:541} INFO - Filling up the DagBag from /home/airflow/.local/lib/python3.7/site-packages/airflow/example_dags/example_latest_only.py
[2023-06-17T03:47:42.872+0000] {processor.py:836} INFO - DAG(s) dict_keys(['latest_only']) retrieved from /home/airflow/.local/lib/python3.7/site-packages/airflow/example_dags/example_latest_only.py
[2023-06-17T03:47:42.899+0000] {logging_mixin.py:149} INFO - [2023-06-17T03:47:42.899+0000] {dag.py:2726} INFO - Sync 1 DAGs
[2023-06-17T03:47:42.939+0000] {logging_mixin.py:149} INFO - [2023-06-17T03:47:42.938+0000] {dag.py:3490} INFO - Setting next_dagrun for latest_only to 2023-06-16T23:47:42.938546+00:00, run_after=2023-06-17T03:47:42.938546+00:00
[2023-06-17T03:47:42.972+0000] {processor.py:179} INFO - Processing /home/airflow/.local/lib/python3.7/site-packages/airflow/example_dags/example_latest_only.py took 0.111 seconds
[2023-06-17T03:48:13.408+0000] {processor.py:157} INFO - Started process (PID=1525) to work on /home/airflow/.local/lib/python3.7/site-packages/airflow/example_dags/example_latest_only.py
[2023-06-17T03:48:13.502+0000] {processor.py:826} INFO - Processing file /home/airflow/.local/lib/python3.7/site-packages/airflow/example_dags/example_latest_only.py for tasks to queue
[2023-06-17T03:48:13.505+0000] {logging_mixin.py:149} INFO - [2023-06-17T03:48:13.504+0000] {dagbag.py:541} INFO - Filling up the DagBag from /home/airflow/.local/lib/python3.7/site-packages/airflow/example_dags/example_latest_only.py
[2023-06-17T03:48:13.520+0000] {processor.py:836} INFO - DAG(s) dict_keys(['latest_only']) retrieved from /home/airflow/.local/lib/python3.7/site-packages/airflow/example_dags/example_latest_only.py
[2023-06-17T03:48:13.549+0000] {logging_mixin.py:149} INFO - [2023-06-17T03:48:13.549+0000] {dag.py:2726} INFO - Sync 1 DAGs
[2023-06-17T03:48:13.579+0000] {logging_mixin.py:149} INFO - [2023-06-17T03:48:13.579+0000] {dag.py:3490} INFO - Setting next_dagrun for latest_only to 2023-06-16T23:48:13.579036+00:00, run_after=2023-06-17T03:48:13.579036+00:00
[2023-06-17T03:48:13.797+0000] {processor.py:179} INFO - Processing /home/airflow/.local/lib/python3.7/site-packages/airflow/example_dags/example_latest_only.py took 0.391 seconds
[2023-06-17T03:48:44.077+0000] {processor.py:157} INFO - Started process (PID=1586) to work on /home/airflow/.local/lib/python3.7/site-packages/airflow/example_dags/example_latest_only.py
[2023-06-17T03:48:44.078+0000] {processor.py:826} INFO - Processing file /home/airflow/.local/lib/python3.7/site-packages/airflow/example_dags/example_latest_only.py for tasks to queue
[2023-06-17T03:48:44.079+0000] {logging_mixin.py:149} INFO - [2023-06-17T03:48:44.079+0000] {dagbag.py:541} INFO - Filling up the DagBag from /home/airflow/.local/lib/python3.7/site-packages/airflow/example_dags/example_latest_only.py
[2023-06-17T03:48:44.084+0000] {processor.py:836} INFO - DAG(s) dict_keys(['latest_only']) retrieved from /home/airflow/.local/lib/python3.7/site-packages/airflow/example_dags/example_latest_only.py
[2023-06-17T03:48:44.111+0000] {logging_mixin.py:149} INFO - [2023-06-17T03:48:44.111+0000] {dag.py:2726} INFO - Sync 1 DAGs
[2023-06-17T03:48:44.151+0000] {logging_mixin.py:149} INFO - [2023-06-17T03:48:44.151+0000] {dag.py:3490} INFO - Setting next_dagrun for latest_only to 2023-06-16T23:48:44.150780+00:00, run_after=2023-06-17T03:48:44.150780+00:00
[2023-06-17T03:48:44.191+0000] {processor.py:179} INFO - Processing /home/airflow/.local/lib/python3.7/site-packages/airflow/example_dags/example_latest_only.py took 0.117 seconds
[2023-06-17T03:49:14.276+0000] {processor.py:157} INFO - Started process (PID=1648) to work on /home/airflow/.local/lib/python3.7/site-packages/airflow/example_dags/example_latest_only.py
[2023-06-17T03:49:14.302+0000] {processor.py:826} INFO - Processing file /home/airflow/.local/lib/python3.7/site-packages/airflow/example_dags/example_latest_only.py for tasks to queue
[2023-06-17T03:49:14.303+0000] {logging_mixin.py:149} INFO - [2023-06-17T03:49:14.302+0000] {dagbag.py:541} INFO - Filling up the DagBag from /home/airflow/.local/lib/python3.7/site-packages/airflow/example_dags/example_latest_only.py
[2023-06-17T03:49:14.307+0000] {processor.py:836} INFO - DAG(s) dict_keys(['latest_only']) retrieved from /home/airflow/.local/lib/python3.7/site-packages/airflow/example_dags/example_latest_only.py
[2023-06-17T03:49:14.328+0000] {logging_mixin.py:149} INFO - [2023-06-17T03:49:14.328+0000] {dag.py:2726} INFO - Sync 1 DAGs
[2023-06-17T03:49:14.358+0000] {logging_mixin.py:149} INFO - [2023-06-17T03:49:14.358+0000] {dag.py:3490} INFO - Setting next_dagrun for latest_only to 2023-06-16T23:49:14.358358+00:00, run_after=2023-06-17T03:49:14.358358+00:00
[2023-06-17T03:49:14.392+0000] {processor.py:179} INFO - Processing /home/airflow/.local/lib/python3.7/site-packages/airflow/example_dags/example_latest_only.py took 0.118 seconds
[2023-06-17T03:49:45.325+0000] {processor.py:157} INFO - Started process (PID=1709) to work on /home/airflow/.local/lib/python3.7/site-packages/airflow/example_dags/example_latest_only.py
[2023-06-17T03:49:45.380+0000] {processor.py:826} INFO - Processing file /home/airflow/.local/lib/python3.7/site-packages/airflow/example_dags/example_latest_only.py for tasks to queue
[2023-06-17T03:49:45.382+0000] {logging_mixin.py:149} INFO - [2023-06-17T03:49:45.381+0000] {dagbag.py:541} INFO - Filling up the DagBag from /home/airflow/.local/lib/python3.7/site-packages/airflow/example_dags/example_latest_only.py
[2023-06-17T03:49:45.387+0000] {processor.py:836} INFO - DAG(s) dict_keys(['latest_only']) retrieved from /home/airflow/.local/lib/python3.7/site-packages/airflow/example_dags/example_latest_only.py
[2023-06-17T03:49:45.411+0000] {logging_mixin.py:149} INFO - [2023-06-17T03:49:45.410+0000] {dag.py:2726} INFO - Sync 1 DAGs
[2023-06-17T03:49:45.438+0000] {logging_mixin.py:149} INFO - [2023-06-17T03:49:45.438+0000] {dag.py:3490} INFO - Setting next_dagrun for latest_only to 2023-06-16T23:49:45.437831+00:00, run_after=2023-06-17T03:49:45.437831+00:00
[2023-06-17T03:49:45.471+0000] {processor.py:179} INFO - Processing /home/airflow/.local/lib/python3.7/site-packages/airflow/example_dags/example_latest_only.py took 0.148 seconds
