[2023-06-17T02:16:41.204+0000] {processor.py:157} INFO - Started process (PID=36) to work on /home/airflow/.local/lib/python3.7/site-packages/airflow/example_dags/tutorial.py
[2023-06-17T02:16:41.205+0000] {processor.py:826} INFO - Processing file /home/airflow/.local/lib/python3.7/site-packages/airflow/example_dags/tutorial.py for tasks to queue
[2023-06-17T02:16:41.206+0000] {logging_mixin.py:149} INFO - [2023-06-17T02:16:41.206+0000] {dagbag.py:541} INFO - Filling up the DagBag from /home/airflow/.local/lib/python3.7/site-packages/airflow/example_dags/tutorial.py
[2023-06-17T02:16:41.217+0000] {processor.py:836} INFO - DAG(s) dict_keys(['tutorial']) retrieved from /home/airflow/.local/lib/python3.7/site-packages/airflow/example_dags/tutorial.py
[2023-06-17T02:16:41.263+0000] {logging_mixin.py:149} INFO - [2023-06-17T02:16:41.263+0000] {dag.py:2726} INFO - Sync 1 DAGs
[2023-06-17T02:16:41.317+0000] {logging_mixin.py:149} INFO - [2023-06-17T02:16:41.317+0000] {dag.py:3490} INFO - Setting next_dagrun for tutorial to 2023-06-16T02:16:41.316961+00:00, run_after=2023-06-17T02:16:41.316961+00:00
[2023-06-17T02:16:41.384+0000] {processor.py:179} INFO - Processing /home/airflow/.local/lib/python3.7/site-packages/airflow/example_dags/tutorial.py took 0.184 seconds
[2023-06-17T02:17:18.709+0000] {processor.py:157} INFO - Started process (PID=96) to work on /home/airflow/.local/lib/python3.7/site-packages/airflow/example_dags/tutorial.py
[2023-06-17T02:17:18.712+0000] {processor.py:826} INFO - Processing file /home/airflow/.local/lib/python3.7/site-packages/airflow/example_dags/tutorial.py for tasks to queue
[2023-06-17T02:17:18.714+0000] {logging_mixin.py:149} INFO - [2023-06-17T02:17:18.713+0000] {dagbag.py:541} INFO - Filling up the DagBag from /home/airflow/.local/lib/python3.7/site-packages/airflow/example_dags/tutorial.py
[2023-06-17T02:17:19.461+0000] {processor.py:836} INFO - DAG(s) dict_keys(['tutorial']) retrieved from /home/airflow/.local/lib/python3.7/site-packages/airflow/example_dags/tutorial.py
[2023-06-17T02:17:19.483+0000] {logging_mixin.py:149} INFO - [2023-06-17T02:17:19.483+0000] {dag.py:2726} INFO - Sync 1 DAGs
[2023-06-17T02:17:19.512+0000] {logging_mixin.py:149} INFO - [2023-06-17T02:17:19.512+0000] {dag.py:3490} INFO - Setting next_dagrun for tutorial to 2023-06-16T02:17:19.512340+00:00, run_after=2023-06-17T02:17:19.512340+00:00
[2023-06-17T02:17:20.518+0000] {processor.py:179} INFO - Processing /home/airflow/.local/lib/python3.7/site-packages/airflow/example_dags/tutorial.py took 1.819 seconds
[2023-06-17T02:18:01.987+0000] {processor.py:157} INFO - Started process (PID=125) to work on /home/airflow/.local/lib/python3.7/site-packages/airflow/example_dags/tutorial.py
[2023-06-17T02:18:02.395+0000] {processor.py:826} INFO - Processing file /home/airflow/.local/lib/python3.7/site-packages/airflow/example_dags/tutorial.py for tasks to queue
[2023-06-17T02:18:02.397+0000] {logging_mixin.py:149} INFO - [2023-06-17T02:18:02.397+0000] {dagbag.py:541} INFO - Filling up the DagBag from /home/airflow/.local/lib/python3.7/site-packages/airflow/example_dags/tutorial.py
[2023-06-17T02:18:02.418+0000] {processor.py:836} INFO - DAG(s) dict_keys(['tutorial']) retrieved from /home/airflow/.local/lib/python3.7/site-packages/airflow/example_dags/tutorial.py
[2023-06-17T02:18:02.462+0000] {logging_mixin.py:149} INFO - [2023-06-17T02:18:02.462+0000] {dag.py:2726} INFO - Sync 1 DAGs
[2023-06-17T02:18:02.492+0000] {logging_mixin.py:149} INFO - [2023-06-17T02:18:02.492+0000] {dag.py:3490} INFO - Setting next_dagrun for tutorial to 2023-06-16T02:18:02.492369+00:00, run_after=2023-06-17T02:18:02.492369+00:00
[2023-06-17T02:18:02.919+0000] {processor.py:179} INFO - Processing /home/airflow/.local/lib/python3.7/site-packages/airflow/example_dags/tutorial.py took 0.935 seconds
[2023-06-17T02:18:36.543+0000] {processor.py:157} INFO - Started process (PID=184) to work on /home/airflow/.local/lib/python3.7/site-packages/airflow/example_dags/tutorial.py
[2023-06-17T02:18:36.641+0000] {processor.py:826} INFO - Processing file /home/airflow/.local/lib/python3.7/site-packages/airflow/example_dags/tutorial.py for tasks to queue
[2023-06-17T02:18:36.643+0000] {logging_mixin.py:149} INFO - [2023-06-17T02:18:36.643+0000] {dagbag.py:541} INFO - Filling up the DagBag from /home/airflow/.local/lib/python3.7/site-packages/airflow/example_dags/tutorial.py
[2023-06-17T02:18:36.661+0000] {processor.py:836} INFO - DAG(s) dict_keys(['tutorial']) retrieved from /home/airflow/.local/lib/python3.7/site-packages/airflow/example_dags/tutorial.py
[2023-06-17T02:18:36.695+0000] {logging_mixin.py:149} INFO - [2023-06-17T02:18:36.695+0000] {dag.py:2726} INFO - Sync 1 DAGs
[2023-06-17T02:18:36.722+0000] {logging_mixin.py:149} INFO - [2023-06-17T02:18:36.722+0000] {dag.py:3490} INFO - Setting next_dagrun for tutorial to 2023-06-16T02:18:36.722170+00:00, run_after=2023-06-17T02:18:36.722170+00:00
[2023-06-17T02:18:37.330+0000] {processor.py:179} INFO - Processing /home/airflow/.local/lib/python3.7/site-packages/airflow/example_dags/tutorial.py took 0.790 seconds
[2023-06-17T02:19:07.362+0000] {processor.py:157} INFO - Started process (PID=236) to work on /home/airflow/.local/lib/python3.7/site-packages/airflow/example_dags/tutorial.py
[2023-06-17T02:19:07.421+0000] {processor.py:826} INFO - Processing file /home/airflow/.local/lib/python3.7/site-packages/airflow/example_dags/tutorial.py for tasks to queue
[2023-06-17T02:19:07.422+0000] {logging_mixin.py:149} INFO - [2023-06-17T02:19:07.422+0000] {dagbag.py:541} INFO - Filling up the DagBag from /home/airflow/.local/lib/python3.7/site-packages/airflow/example_dags/tutorial.py
[2023-06-17T02:19:07.426+0000] {processor.py:836} INFO - DAG(s) dict_keys(['tutorial']) retrieved from /home/airflow/.local/lib/python3.7/site-packages/airflow/example_dags/tutorial.py
[2023-06-17T02:19:07.450+0000] {logging_mixin.py:149} INFO - [2023-06-17T02:19:07.450+0000] {dag.py:2726} INFO - Sync 1 DAGs
[2023-06-17T02:19:07.475+0000] {logging_mixin.py:149} INFO - [2023-06-17T02:19:07.475+0000] {dag.py:3490} INFO - Setting next_dagrun for tutorial to 2023-06-16T02:19:07.475323+00:00, run_after=2023-06-17T02:19:07.475323+00:00
[2023-06-17T02:19:07.558+0000] {processor.py:179} INFO - Processing /home/airflow/.local/lib/python3.7/site-packages/airflow/example_dags/tutorial.py took 0.199 seconds
[2023-06-17T02:19:39.346+0000] {processor.py:157} INFO - Started process (PID=296) to work on /home/airflow/.local/lib/python3.7/site-packages/airflow/example_dags/tutorial.py
[2023-06-17T02:19:39.538+0000] {processor.py:826} INFO - Processing file /home/airflow/.local/lib/python3.7/site-packages/airflow/example_dags/tutorial.py for tasks to queue
[2023-06-17T02:19:39.539+0000] {logging_mixin.py:149} INFO - [2023-06-17T02:19:39.539+0000] {dagbag.py:541} INFO - Filling up the DagBag from /home/airflow/.local/lib/python3.7/site-packages/airflow/example_dags/tutorial.py
[2023-06-17T02:19:39.798+0000] {processor.py:836} INFO - DAG(s) dict_keys(['tutorial']) retrieved from /home/airflow/.local/lib/python3.7/site-packages/airflow/example_dags/tutorial.py
[2023-06-17T02:19:39.824+0000] {logging_mixin.py:149} INFO - [2023-06-17T02:19:39.824+0000] {dag.py:2726} INFO - Sync 1 DAGs
[2023-06-17T02:19:39.850+0000] {logging_mixin.py:149} INFO - [2023-06-17T02:19:39.850+0000] {dag.py:3490} INFO - Setting next_dagrun for tutorial to 2023-06-16T02:19:39.850260+00:00, run_after=2023-06-17T02:19:39.850260+00:00
[2023-06-17T02:19:40.095+0000] {processor.py:179} INFO - Processing /home/airflow/.local/lib/python3.7/site-packages/airflow/example_dags/tutorial.py took 0.753 seconds
[2023-06-17T02:20:10.211+0000] {processor.py:157} INFO - Started process (PID=357) to work on /home/airflow/.local/lib/python3.7/site-packages/airflow/example_dags/tutorial.py
[2023-06-17T02:20:10.242+0000] {processor.py:826} INFO - Processing file /home/airflow/.local/lib/python3.7/site-packages/airflow/example_dags/tutorial.py for tasks to queue
[2023-06-17T02:20:10.243+0000] {logging_mixin.py:149} INFO - [2023-06-17T02:20:10.242+0000] {dagbag.py:541} INFO - Filling up the DagBag from /home/airflow/.local/lib/python3.7/site-packages/airflow/example_dags/tutorial.py
[2023-06-17T02:20:10.249+0000] {processor.py:836} INFO - DAG(s) dict_keys(['tutorial']) retrieved from /home/airflow/.local/lib/python3.7/site-packages/airflow/example_dags/tutorial.py
[2023-06-17T02:20:10.276+0000] {logging_mixin.py:149} INFO - [2023-06-17T02:20:10.276+0000] {dag.py:2726} INFO - Sync 1 DAGs
[2023-06-17T02:20:10.315+0000] {logging_mixin.py:149} INFO - [2023-06-17T02:20:10.315+0000] {dag.py:3490} INFO - Setting next_dagrun for tutorial to 2023-06-16T02:20:10.314920+00:00, run_after=2023-06-17T02:20:10.314920+00:00
[2023-06-17T02:20:10.404+0000] {processor.py:179} INFO - Processing /home/airflow/.local/lib/python3.7/site-packages/airflow/example_dags/tutorial.py took 0.197 seconds
[2023-06-17T02:20:41.148+0000] {processor.py:157} INFO - Started process (PID=408) to work on /home/airflow/.local/lib/python3.7/site-packages/airflow/example_dags/tutorial.py
[2023-06-17T02:20:41.259+0000] {processor.py:826} INFO - Processing file /home/airflow/.local/lib/python3.7/site-packages/airflow/example_dags/tutorial.py for tasks to queue
[2023-06-17T02:20:41.260+0000] {logging_mixin.py:149} INFO - [2023-06-17T02:20:41.260+0000] {dagbag.py:541} INFO - Filling up the DagBag from /home/airflow/.local/lib/python3.7/site-packages/airflow/example_dags/tutorial.py
[2023-06-17T02:20:41.265+0000] {processor.py:836} INFO - DAG(s) dict_keys(['tutorial']) retrieved from /home/airflow/.local/lib/python3.7/site-packages/airflow/example_dags/tutorial.py
[2023-06-17T02:20:41.286+0000] {logging_mixin.py:149} INFO - [2023-06-17T02:20:41.286+0000] {dag.py:2726} INFO - Sync 1 DAGs
[2023-06-17T02:20:41.311+0000] {logging_mixin.py:149} INFO - [2023-06-17T02:20:41.311+0000] {dag.py:3490} INFO - Setting next_dagrun for tutorial to 2023-06-16T02:20:41.310918+00:00, run_after=2023-06-17T02:20:41.310918+00:00
[2023-06-17T02:20:41.795+0000] {processor.py:179} INFO - Processing /home/airflow/.local/lib/python3.7/site-packages/airflow/example_dags/tutorial.py took 0.650 seconds
[2023-06-17T02:21:12.810+0000] {processor.py:157} INFO - Started process (PID=468) to work on /home/airflow/.local/lib/python3.7/site-packages/airflow/example_dags/tutorial.py
[2023-06-17T02:21:12.824+0000] {processor.py:826} INFO - Processing file /home/airflow/.local/lib/python3.7/site-packages/airflow/example_dags/tutorial.py for tasks to queue
[2023-06-17T02:21:12.825+0000] {logging_mixin.py:149} INFO - [2023-06-17T02:21:12.824+0000] {dagbag.py:541} INFO - Filling up the DagBag from /home/airflow/.local/lib/python3.7/site-packages/airflow/example_dags/tutorial.py
[2023-06-17T02:21:12.830+0000] {processor.py:836} INFO - DAG(s) dict_keys(['tutorial']) retrieved from /home/airflow/.local/lib/python3.7/site-packages/airflow/example_dags/tutorial.py
[2023-06-17T02:21:12.858+0000] {logging_mixin.py:149} INFO - [2023-06-17T02:21:12.857+0000] {dag.py:2726} INFO - Sync 1 DAGs
[2023-06-17T02:21:12.900+0000] {logging_mixin.py:149} INFO - [2023-06-17T02:21:12.899+0000] {dag.py:3490} INFO - Setting next_dagrun for tutorial to 2023-06-16T02:21:12.899492+00:00, run_after=2023-06-17T02:21:12.899492+00:00
[2023-06-17T02:21:12.941+0000] {processor.py:179} INFO - Processing /home/airflow/.local/lib/python3.7/site-packages/airflow/example_dags/tutorial.py took 0.135 seconds
[2023-06-17T02:21:47.449+0000] {processor.py:157} INFO - Started process (PID=528) to work on /home/airflow/.local/lib/python3.7/site-packages/airflow/example_dags/tutorial.py
[2023-06-17T02:21:47.571+0000] {processor.py:826} INFO - Processing file /home/airflow/.local/lib/python3.7/site-packages/airflow/example_dags/tutorial.py for tasks to queue
[2023-06-17T02:21:47.572+0000] {logging_mixin.py:149} INFO - [2023-06-17T02:21:47.572+0000] {dagbag.py:541} INFO - Filling up the DagBag from /home/airflow/.local/lib/python3.7/site-packages/airflow/example_dags/tutorial.py
[2023-06-17T02:21:47.586+0000] {processor.py:836} INFO - DAG(s) dict_keys(['tutorial']) retrieved from /home/airflow/.local/lib/python3.7/site-packages/airflow/example_dags/tutorial.py
[2023-06-17T02:21:47.637+0000] {logging_mixin.py:149} INFO - [2023-06-17T02:21:47.636+0000] {dag.py:2726} INFO - Sync 1 DAGs
[2023-06-17T02:21:47.665+0000] {logging_mixin.py:149} INFO - [2023-06-17T02:21:47.665+0000] {dag.py:3490} INFO - Setting next_dagrun for tutorial to 2023-06-16T02:21:47.664831+00:00, run_after=2023-06-17T02:21:47.664831+00:00
[2023-06-17T02:21:47.720+0000] {processor.py:179} INFO - Processing /home/airflow/.local/lib/python3.7/site-packages/airflow/example_dags/tutorial.py took 0.274 seconds
[2023-06-17T02:22:18.275+0000] {processor.py:157} INFO - Started process (PID=581) to work on /home/airflow/.local/lib/python3.7/site-packages/airflow/example_dags/tutorial.py
[2023-06-17T02:22:18.330+0000] {processor.py:826} INFO - Processing file /home/airflow/.local/lib/python3.7/site-packages/airflow/example_dags/tutorial.py for tasks to queue
[2023-06-17T02:22:18.331+0000] {logging_mixin.py:149} INFO - [2023-06-17T02:22:18.330+0000] {dagbag.py:541} INFO - Filling up the DagBag from /home/airflow/.local/lib/python3.7/site-packages/airflow/example_dags/tutorial.py
[2023-06-17T02:22:18.336+0000] {processor.py:836} INFO - DAG(s) dict_keys(['tutorial']) retrieved from /home/airflow/.local/lib/python3.7/site-packages/airflow/example_dags/tutorial.py
[2023-06-17T02:22:18.361+0000] {logging_mixin.py:149} INFO - [2023-06-17T02:22:18.360+0000] {dag.py:2726} INFO - Sync 1 DAGs
[2023-06-17T02:22:18.391+0000] {logging_mixin.py:149} INFO - [2023-06-17T02:22:18.390+0000] {dag.py:3490} INFO - Setting next_dagrun for tutorial to 2023-06-16T02:22:18.390654+00:00, run_after=2023-06-17T02:22:18.390654+00:00
[2023-06-17T02:22:18.506+0000] {processor.py:179} INFO - Processing /home/airflow/.local/lib/python3.7/site-packages/airflow/example_dags/tutorial.py took 0.233 seconds
[2023-06-17T02:22:49.087+0000] {processor.py:157} INFO - Started process (PID=642) to work on /home/airflow/.local/lib/python3.7/site-packages/airflow/example_dags/tutorial.py
[2023-06-17T02:22:49.189+0000] {processor.py:826} INFO - Processing file /home/airflow/.local/lib/python3.7/site-packages/airflow/example_dags/tutorial.py for tasks to queue
[2023-06-17T02:22:49.189+0000] {logging_mixin.py:149} INFO - [2023-06-17T02:22:49.189+0000] {dagbag.py:541} INFO - Filling up the DagBag from /home/airflow/.local/lib/python3.7/site-packages/airflow/example_dags/tutorial.py
[2023-06-17T02:22:49.195+0000] {processor.py:836} INFO - DAG(s) dict_keys(['tutorial']) retrieved from /home/airflow/.local/lib/python3.7/site-packages/airflow/example_dags/tutorial.py
[2023-06-17T02:22:49.215+0000] {logging_mixin.py:149} INFO - [2023-06-17T02:22:49.215+0000] {dag.py:2726} INFO - Sync 1 DAGs
[2023-06-17T02:22:49.241+0000] {logging_mixin.py:149} INFO - [2023-06-17T02:22:49.241+0000] {dag.py:3490} INFO - Setting next_dagrun for tutorial to 2023-06-16T02:22:49.241262+00:00, run_after=2023-06-17T02:22:49.241262+00:00
[2023-06-17T02:22:49.425+0000] {processor.py:179} INFO - Processing /home/airflow/.local/lib/python3.7/site-packages/airflow/example_dags/tutorial.py took 0.344 seconds
[2023-06-17T02:23:23.625+0000] {processor.py:157} INFO - Started process (PID=702) to work on /home/airflow/.local/lib/python3.7/site-packages/airflow/example_dags/tutorial.py
[2023-06-17T02:23:23.697+0000] {processor.py:826} INFO - Processing file /home/airflow/.local/lib/python3.7/site-packages/airflow/example_dags/tutorial.py for tasks to queue
[2023-06-17T02:23:23.699+0000] {logging_mixin.py:149} INFO - [2023-06-17T02:23:23.699+0000] {dagbag.py:541} INFO - Filling up the DagBag from /home/airflow/.local/lib/python3.7/site-packages/airflow/example_dags/tutorial.py
[2023-06-17T02:23:23.719+0000] {processor.py:836} INFO - DAG(s) dict_keys(['tutorial']) retrieved from /home/airflow/.local/lib/python3.7/site-packages/airflow/example_dags/tutorial.py
[2023-06-17T02:23:23.757+0000] {logging_mixin.py:149} INFO - [2023-06-17T02:23:23.757+0000] {dag.py:2726} INFO - Sync 1 DAGs
[2023-06-17T02:23:23.785+0000] {logging_mixin.py:149} INFO - [2023-06-17T02:23:23.784+0000] {dag.py:3490} INFO - Setting next_dagrun for tutorial to 2023-06-16T02:23:23.784721+00:00, run_after=2023-06-17T02:23:23.784721+00:00
[2023-06-17T02:23:24.423+0000] {processor.py:179} INFO - Processing /home/airflow/.local/lib/python3.7/site-packages/airflow/example_dags/tutorial.py took 0.800 seconds
[2023-06-17T02:23:54.959+0000] {processor.py:157} INFO - Started process (PID=755) to work on /home/airflow/.local/lib/python3.7/site-packages/airflow/example_dags/tutorial.py
[2023-06-17T02:23:54.960+0000] {processor.py:826} INFO - Processing file /home/airflow/.local/lib/python3.7/site-packages/airflow/example_dags/tutorial.py for tasks to queue
[2023-06-17T02:23:54.960+0000] {logging_mixin.py:149} INFO - [2023-06-17T02:23:54.960+0000] {dagbag.py:541} INFO - Filling up the DagBag from /home/airflow/.local/lib/python3.7/site-packages/airflow/example_dags/tutorial.py
[2023-06-17T02:23:54.965+0000] {processor.py:836} INFO - DAG(s) dict_keys(['tutorial']) retrieved from /home/airflow/.local/lib/python3.7/site-packages/airflow/example_dags/tutorial.py
[2023-06-17T02:23:54.987+0000] {logging_mixin.py:149} INFO - [2023-06-17T02:23:54.987+0000] {dag.py:2726} INFO - Sync 1 DAGs
[2023-06-17T02:23:55.017+0000] {logging_mixin.py:149} INFO - [2023-06-17T02:23:55.016+0000] {dag.py:3490} INFO - Setting next_dagrun for tutorial to 2023-06-16T02:23:55.016482+00:00, run_after=2023-06-17T02:23:55.016482+00:00
[2023-06-17T02:23:55.076+0000] {processor.py:179} INFO - Processing /home/airflow/.local/lib/python3.7/site-packages/airflow/example_dags/tutorial.py took 0.119 seconds
[2023-06-17T02:24:25.218+0000] {processor.py:157} INFO - Started process (PID=816) to work on /home/airflow/.local/lib/python3.7/site-packages/airflow/example_dags/tutorial.py
[2023-06-17T02:24:25.249+0000] {processor.py:826} INFO - Processing file /home/airflow/.local/lib/python3.7/site-packages/airflow/example_dags/tutorial.py for tasks to queue
[2023-06-17T02:24:25.250+0000] {logging_mixin.py:149} INFO - [2023-06-17T02:24:25.250+0000] {dagbag.py:541} INFO - Filling up the DagBag from /home/airflow/.local/lib/python3.7/site-packages/airflow/example_dags/tutorial.py
[2023-06-17T02:24:25.256+0000] {processor.py:836} INFO - DAG(s) dict_keys(['tutorial']) retrieved from /home/airflow/.local/lib/python3.7/site-packages/airflow/example_dags/tutorial.py
[2023-06-17T02:24:25.282+0000] {logging_mixin.py:149} INFO - [2023-06-17T02:24:25.282+0000] {dag.py:2726} INFO - Sync 1 DAGs
[2023-06-17T02:24:25.319+0000] {logging_mixin.py:149} INFO - [2023-06-17T02:24:25.318+0000] {dag.py:3490} INFO - Setting next_dagrun for tutorial to 2023-06-16T02:24:25.318672+00:00, run_after=2023-06-17T02:24:25.318672+00:00
[2023-06-17T02:24:25.345+0000] {processor.py:179} INFO - Processing /home/airflow/.local/lib/python3.7/site-packages/airflow/example_dags/tutorial.py took 0.130 seconds
[2023-06-17T02:24:56.109+0000] {processor.py:157} INFO - Started process (PID=877) to work on /home/airflow/.local/lib/python3.7/site-packages/airflow/example_dags/tutorial.py
[2023-06-17T02:24:56.113+0000] {processor.py:826} INFO - Processing file /home/airflow/.local/lib/python3.7/site-packages/airflow/example_dags/tutorial.py for tasks to queue
[2023-06-17T02:24:56.114+0000] {logging_mixin.py:149} INFO - [2023-06-17T02:24:56.114+0000] {dagbag.py:541} INFO - Filling up the DagBag from /home/airflow/.local/lib/python3.7/site-packages/airflow/example_dags/tutorial.py
[2023-06-17T02:24:56.119+0000] {processor.py:836} INFO - DAG(s) dict_keys(['tutorial']) retrieved from /home/airflow/.local/lib/python3.7/site-packages/airflow/example_dags/tutorial.py
[2023-06-17T02:24:56.140+0000] {logging_mixin.py:149} INFO - [2023-06-17T02:24:56.140+0000] {dag.py:2726} INFO - Sync 1 DAGs
[2023-06-17T02:24:56.168+0000] {logging_mixin.py:149} INFO - [2023-06-17T02:24:56.168+0000] {dag.py:3490} INFO - Setting next_dagrun for tutorial to 2023-06-16T02:24:56.168467+00:00, run_after=2023-06-17T02:24:56.168467+00:00
[2023-06-17T02:24:56.198+0000] {processor.py:179} INFO - Processing /home/airflow/.local/lib/python3.7/site-packages/airflow/example_dags/tutorial.py took 0.092 seconds
[2023-06-17T02:25:28.067+0000] {processor.py:157} INFO - Started process (PID=896) to work on /home/airflow/.local/lib/python3.7/site-packages/airflow/example_dags/tutorial.py
[2023-06-17T02:25:28.131+0000] {processor.py:826} INFO - Processing file /home/airflow/.local/lib/python3.7/site-packages/airflow/example_dags/tutorial.py for tasks to queue
[2023-06-17T02:25:28.132+0000] {logging_mixin.py:149} INFO - [2023-06-17T02:25:28.131+0000] {dagbag.py:541} INFO - Filling up the DagBag from /home/airflow/.local/lib/python3.7/site-packages/airflow/example_dags/tutorial.py
[2023-06-17T02:25:28.140+0000] {processor.py:836} INFO - DAG(s) dict_keys(['tutorial']) retrieved from /home/airflow/.local/lib/python3.7/site-packages/airflow/example_dags/tutorial.py
[2023-06-17T02:25:28.172+0000] {logging_mixin.py:149} INFO - [2023-06-17T02:25:28.172+0000] {dag.py:2726} INFO - Sync 1 DAGs
[2023-06-17T02:25:28.204+0000] {logging_mixin.py:149} INFO - [2023-06-17T02:25:28.203+0000] {dag.py:3490} INFO - Setting next_dagrun for tutorial to 2023-06-16T02:25:28.203684+00:00, run_after=2023-06-17T02:25:28.203684+00:00
[2023-06-17T02:25:28.346+0000] {processor.py:179} INFO - Processing /home/airflow/.local/lib/python3.7/site-packages/airflow/example_dags/tutorial.py took 0.281 seconds
[2023-06-17T02:25:58.489+0000] {processor.py:157} INFO - Started process (PID=957) to work on /home/airflow/.local/lib/python3.7/site-packages/airflow/example_dags/tutorial.py
[2023-06-17T02:25:58.500+0000] {processor.py:826} INFO - Processing file /home/airflow/.local/lib/python3.7/site-packages/airflow/example_dags/tutorial.py for tasks to queue
[2023-06-17T02:25:58.501+0000] {logging_mixin.py:149} INFO - [2023-06-17T02:25:58.501+0000] {dagbag.py:541} INFO - Filling up the DagBag from /home/airflow/.local/lib/python3.7/site-packages/airflow/example_dags/tutorial.py
[2023-06-17T02:25:58.508+0000] {processor.py:836} INFO - DAG(s) dict_keys(['tutorial']) retrieved from /home/airflow/.local/lib/python3.7/site-packages/airflow/example_dags/tutorial.py
[2023-06-17T02:25:58.540+0000] {logging_mixin.py:149} INFO - [2023-06-17T02:25:58.539+0000] {dag.py:2726} INFO - Sync 1 DAGs
[2023-06-17T02:25:58.583+0000] {logging_mixin.py:149} INFO - [2023-06-17T02:25:58.583+0000] {dag.py:3490} INFO - Setting next_dagrun for tutorial to 2023-06-16T02:25:58.582958+00:00, run_after=2023-06-17T02:25:58.582958+00:00
[2023-06-17T02:25:58.628+0000] {processor.py:179} INFO - Processing /home/airflow/.local/lib/python3.7/site-packages/airflow/example_dags/tutorial.py took 0.142 seconds
[2023-06-17T02:26:30.073+0000] {processor.py:157} INFO - Started process (PID=1018) to work on /home/airflow/.local/lib/python3.7/site-packages/airflow/example_dags/tutorial.py
[2023-06-17T02:26:30.207+0000] {processor.py:826} INFO - Processing file /home/airflow/.local/lib/python3.7/site-packages/airflow/example_dags/tutorial.py for tasks to queue
[2023-06-17T02:26:30.207+0000] {logging_mixin.py:149} INFO - [2023-06-17T02:26:30.207+0000] {dagbag.py:541} INFO - Filling up the DagBag from /home/airflow/.local/lib/python3.7/site-packages/airflow/example_dags/tutorial.py
[2023-06-17T02:26:30.213+0000] {processor.py:836} INFO - DAG(s) dict_keys(['tutorial']) retrieved from /home/airflow/.local/lib/python3.7/site-packages/airflow/example_dags/tutorial.py
[2023-06-17T02:26:30.235+0000] {logging_mixin.py:149} INFO - [2023-06-17T02:26:30.235+0000] {dag.py:2726} INFO - Sync 1 DAGs
[2023-06-17T02:26:30.282+0000] {logging_mixin.py:149} INFO - [2023-06-17T02:26:30.282+0000] {dag.py:3490} INFO - Setting next_dagrun for tutorial to 2023-06-16T02:26:30.282424+00:00, run_after=2023-06-17T02:26:30.282424+00:00
[2023-06-17T02:26:30.408+0000] {processor.py:179} INFO - Processing /home/airflow/.local/lib/python3.7/site-packages/airflow/example_dags/tutorial.py took 0.338 seconds
[2023-06-17T02:27:01.913+0000] {processor.py:157} INFO - Started process (PID=1077) to work on /home/airflow/.local/lib/python3.7/site-packages/airflow/example_dags/tutorial.py
[2023-06-17T02:27:02.105+0000] {processor.py:826} INFO - Processing file /home/airflow/.local/lib/python3.7/site-packages/airflow/example_dags/tutorial.py for tasks to queue
[2023-06-17T02:27:02.106+0000] {logging_mixin.py:149} INFO - [2023-06-17T02:27:02.106+0000] {dagbag.py:541} INFO - Filling up the DagBag from /home/airflow/.local/lib/python3.7/site-packages/airflow/example_dags/tutorial.py
[2023-06-17T02:27:02.116+0000] {processor.py:836} INFO - DAG(s) dict_keys(['tutorial']) retrieved from /home/airflow/.local/lib/python3.7/site-packages/airflow/example_dags/tutorial.py
[2023-06-17T02:27:02.154+0000] {logging_mixin.py:149} INFO - [2023-06-17T02:27:02.153+0000] {dag.py:2726} INFO - Sync 1 DAGs
[2023-06-17T02:27:02.194+0000] {logging_mixin.py:149} INFO - [2023-06-17T02:27:02.194+0000] {dag.py:3490} INFO - Setting next_dagrun for tutorial to 2023-06-16T02:27:02.194022+00:00, run_after=2023-06-17T02:27:02.194022+00:00
[2023-06-17T02:27:02.429+0000] {processor.py:179} INFO - Processing /home/airflow/.local/lib/python3.7/site-packages/airflow/example_dags/tutorial.py took 0.519 seconds
[2023-06-17T02:27:33.575+0000] {processor.py:157} INFO - Started process (PID=1136) to work on /home/airflow/.local/lib/python3.7/site-packages/airflow/example_dags/tutorial.py
[2023-06-17T02:27:33.638+0000] {processor.py:826} INFO - Processing file /home/airflow/.local/lib/python3.7/site-packages/airflow/example_dags/tutorial.py for tasks to queue
[2023-06-17T02:27:33.640+0000] {logging_mixin.py:149} INFO - [2023-06-17T02:27:33.640+0000] {dagbag.py:541} INFO - Filling up the DagBag from /home/airflow/.local/lib/python3.7/site-packages/airflow/example_dags/tutorial.py
[2023-06-17T02:27:33.661+0000] {processor.py:836} INFO - DAG(s) dict_keys(['tutorial']) retrieved from /home/airflow/.local/lib/python3.7/site-packages/airflow/example_dags/tutorial.py
[2023-06-17T02:27:33.740+0000] {logging_mixin.py:149} INFO - [2023-06-17T02:27:33.739+0000] {dag.py:2726} INFO - Sync 1 DAGs
[2023-06-17T02:27:33.776+0000] {logging_mixin.py:149} INFO - [2023-06-17T02:27:33.776+0000] {dag.py:3490} INFO - Setting next_dagrun for tutorial to 2023-06-16T02:27:33.775917+00:00, run_after=2023-06-17T02:27:33.775917+00:00
[2023-06-17T02:27:33.928+0000] {processor.py:179} INFO - Processing /home/airflow/.local/lib/python3.7/site-packages/airflow/example_dags/tutorial.py took 0.357 seconds
[2023-06-17T02:28:04.081+0000] {processor.py:157} INFO - Started process (PID=1189) to work on /home/airflow/.local/lib/python3.7/site-packages/airflow/example_dags/tutorial.py
[2023-06-17T02:28:04.082+0000] {processor.py:826} INFO - Processing file /home/airflow/.local/lib/python3.7/site-packages/airflow/example_dags/tutorial.py for tasks to queue
[2023-06-17T02:28:04.083+0000] {logging_mixin.py:149} INFO - [2023-06-17T02:28:04.083+0000] {dagbag.py:541} INFO - Filling up the DagBag from /home/airflow/.local/lib/python3.7/site-packages/airflow/example_dags/tutorial.py
[2023-06-17T02:28:04.089+0000] {processor.py:836} INFO - DAG(s) dict_keys(['tutorial']) retrieved from /home/airflow/.local/lib/python3.7/site-packages/airflow/example_dags/tutorial.py
[2023-06-17T02:28:04.113+0000] {logging_mixin.py:149} INFO - [2023-06-17T02:28:04.113+0000] {dag.py:2726} INFO - Sync 1 DAGs
[2023-06-17T02:28:04.139+0000] {logging_mixin.py:149} INFO - [2023-06-17T02:28:04.138+0000] {dag.py:3490} INFO - Setting next_dagrun for tutorial to 2023-06-16T02:28:04.138658+00:00, run_after=2023-06-17T02:28:04.138658+00:00
[2023-06-17T02:28:04.278+0000] {processor.py:179} INFO - Processing /home/airflow/.local/lib/python3.7/site-packages/airflow/example_dags/tutorial.py took 0.200 seconds
[2023-06-17T02:28:35.195+0000] {processor.py:157} INFO - Started process (PID=1250) to work on /home/airflow/.local/lib/python3.7/site-packages/airflow/example_dags/tutorial.py
[2023-06-17T02:28:35.275+0000] {processor.py:826} INFO - Processing file /home/airflow/.local/lib/python3.7/site-packages/airflow/example_dags/tutorial.py for tasks to queue
[2023-06-17T02:28:35.277+0000] {logging_mixin.py:149} INFO - [2023-06-17T02:28:35.276+0000] {dagbag.py:541} INFO - Filling up the DagBag from /home/airflow/.local/lib/python3.7/site-packages/airflow/example_dags/tutorial.py
[2023-06-17T02:28:35.295+0000] {processor.py:836} INFO - DAG(s) dict_keys(['tutorial']) retrieved from /home/airflow/.local/lib/python3.7/site-packages/airflow/example_dags/tutorial.py
[2023-06-17T02:28:35.338+0000] {logging_mixin.py:149} INFO - [2023-06-17T02:28:35.338+0000] {dag.py:2726} INFO - Sync 1 DAGs
[2023-06-17T02:28:35.366+0000] {logging_mixin.py:149} INFO - [2023-06-17T02:28:35.366+0000] {dag.py:3490} INFO - Setting next_dagrun for tutorial to 2023-06-16T02:28:35.366223+00:00, run_after=2023-06-17T02:28:35.366223+00:00
[2023-06-17T02:28:35.694+0000] {processor.py:179} INFO - Processing /home/airflow/.local/lib/python3.7/site-packages/airflow/example_dags/tutorial.py took 0.502 seconds
[2023-06-17T02:29:05.949+0000] {processor.py:157} INFO - Started process (PID=1311) to work on /home/airflow/.local/lib/python3.7/site-packages/airflow/example_dags/tutorial.py
[2023-06-17T02:29:06.069+0000] {processor.py:826} INFO - Processing file /home/airflow/.local/lib/python3.7/site-packages/airflow/example_dags/tutorial.py for tasks to queue
[2023-06-17T02:29:06.159+0000] {logging_mixin.py:149} INFO - [2023-06-17T02:29:06.158+0000] {dagbag.py:541} INFO - Filling up the DagBag from /home/airflow/.local/lib/python3.7/site-packages/airflow/example_dags/tutorial.py
[2023-06-17T02:29:06.178+0000] {processor.py:836} INFO - DAG(s) dict_keys(['tutorial']) retrieved from /home/airflow/.local/lib/python3.7/site-packages/airflow/example_dags/tutorial.py
[2023-06-17T02:29:06.207+0000] {logging_mixin.py:149} INFO - [2023-06-17T02:29:06.207+0000] {dag.py:2726} INFO - Sync 1 DAGs
[2023-06-17T02:29:06.235+0000] {logging_mixin.py:149} INFO - [2023-06-17T02:29:06.235+0000] {dag.py:3490} INFO - Setting next_dagrun for tutorial to 2023-06-16T02:29:06.234813+00:00, run_after=2023-06-17T02:29:06.234813+00:00
[2023-06-17T02:29:06.901+0000] {processor.py:179} INFO - Processing /home/airflow/.local/lib/python3.7/site-packages/airflow/example_dags/tutorial.py took 0.955 seconds
[2023-06-17T02:31:37.565+0000] {processor.py:157} INFO - Started process (PID=1385) to work on /home/airflow/.local/lib/python3.7/site-packages/airflow/example_dags/tutorial.py
[2023-06-17T02:31:37.788+0000] {processor.py:826} INFO - Processing file /home/airflow/.local/lib/python3.7/site-packages/airflow/example_dags/tutorial.py for tasks to queue
[2023-06-17T02:31:37.790+0000] {logging_mixin.py:149} INFO - [2023-06-17T02:31:37.790+0000] {dagbag.py:541} INFO - Filling up the DagBag from /home/airflow/.local/lib/python3.7/site-packages/airflow/example_dags/tutorial.py
[2023-06-17T02:31:38.101+0000] {processor.py:836} INFO - DAG(s) dict_keys(['tutorial']) retrieved from /home/airflow/.local/lib/python3.7/site-packages/airflow/example_dags/tutorial.py
[2023-06-17T02:31:38.141+0000] {logging_mixin.py:149} INFO - [2023-06-17T02:31:38.140+0000] {dag.py:2726} INFO - Sync 1 DAGs
[2023-06-17T02:31:38.171+0000] {logging_mixin.py:149} INFO - [2023-06-17T02:31:38.170+0000] {dag.py:3490} INFO - Setting next_dagrun for tutorial to 2023-06-16T02:31:38.170746+00:00, run_after=2023-06-17T02:31:38.170746+00:00
[2023-06-17T02:31:38.671+0000] {processor.py:179} INFO - Processing /home/airflow/.local/lib/python3.7/site-packages/airflow/example_dags/tutorial.py took 1.109 seconds
[2023-06-17T02:32:34.815+0000] {processor.py:157} INFO - Started process (PID=1443) to work on /home/airflow/.local/lib/python3.7/site-packages/airflow/example_dags/tutorial.py
[2023-06-17T02:32:34.925+0000] {processor.py:826} INFO - Processing file /home/airflow/.local/lib/python3.7/site-packages/airflow/example_dags/tutorial.py for tasks to queue
[2023-06-17T02:32:34.927+0000] {logging_mixin.py:149} INFO - [2023-06-17T02:32:34.927+0000] {dagbag.py:541} INFO - Filling up the DagBag from /home/airflow/.local/lib/python3.7/site-packages/airflow/example_dags/tutorial.py
[2023-06-17T02:32:34.948+0000] {processor.py:836} INFO - DAG(s) dict_keys(['tutorial']) retrieved from /home/airflow/.local/lib/python3.7/site-packages/airflow/example_dags/tutorial.py
[2023-06-17T02:32:35.044+0000] {logging_mixin.py:149} INFO - [2023-06-17T02:32:35.043+0000] {dag.py:2726} INFO - Sync 1 DAGs
[2023-06-17T02:32:35.091+0000] {logging_mixin.py:149} INFO - [2023-06-17T02:32:35.090+0000] {dag.py:3490} INFO - Setting next_dagrun for tutorial to 2023-06-16T02:32:35.090717+00:00, run_after=2023-06-17T02:32:35.090717+00:00
[2023-06-17T02:32:35.241+0000] {processor.py:179} INFO - Processing /home/airflow/.local/lib/python3.7/site-packages/airflow/example_dags/tutorial.py took 0.435 seconds
[2023-06-17T02:33:05.648+0000] {processor.py:157} INFO - Started process (PID=1496) to work on /home/airflow/.local/lib/python3.7/site-packages/airflow/example_dags/tutorial.py
[2023-06-17T02:33:05.674+0000] {processor.py:826} INFO - Processing file /home/airflow/.local/lib/python3.7/site-packages/airflow/example_dags/tutorial.py for tasks to queue
[2023-06-17T02:33:05.675+0000] {logging_mixin.py:149} INFO - [2023-06-17T02:33:05.675+0000] {dagbag.py:541} INFO - Filling up the DagBag from /home/airflow/.local/lib/python3.7/site-packages/airflow/example_dags/tutorial.py
[2023-06-17T02:33:05.683+0000] {processor.py:836} INFO - DAG(s) dict_keys(['tutorial']) retrieved from /home/airflow/.local/lib/python3.7/site-packages/airflow/example_dags/tutorial.py
[2023-06-17T02:33:05.726+0000] {logging_mixin.py:149} INFO - [2023-06-17T02:33:05.726+0000] {dag.py:2726} INFO - Sync 1 DAGs
[2023-06-17T02:33:05.775+0000] {logging_mixin.py:149} INFO - [2023-06-17T02:33:05.774+0000] {dag.py:3490} INFO - Setting next_dagrun for tutorial to 2023-06-16T02:33:05.774632+00:00, run_after=2023-06-17T02:33:05.774632+00:00
[2023-06-17T02:33:05.880+0000] {processor.py:179} INFO - Processing /home/airflow/.local/lib/python3.7/site-packages/airflow/example_dags/tutorial.py took 0.236 seconds
[2023-06-17T02:33:36.336+0000] {processor.py:157} INFO - Started process (PID=1557) to work on /home/airflow/.local/lib/python3.7/site-packages/airflow/example_dags/tutorial.py
[2023-06-17T02:33:36.564+0000] {processor.py:826} INFO - Processing file /home/airflow/.local/lib/python3.7/site-packages/airflow/example_dags/tutorial.py for tasks to queue
[2023-06-17T02:33:36.565+0000] {logging_mixin.py:149} INFO - [2023-06-17T02:33:36.565+0000] {dagbag.py:541} INFO - Filling up the DagBag from /home/airflow/.local/lib/python3.7/site-packages/airflow/example_dags/tutorial.py
[2023-06-17T02:33:36.572+0000] {processor.py:836} INFO - DAG(s) dict_keys(['tutorial']) retrieved from /home/airflow/.local/lib/python3.7/site-packages/airflow/example_dags/tutorial.py
[2023-06-17T02:33:36.597+0000] {logging_mixin.py:149} INFO - [2023-06-17T02:33:36.597+0000] {dag.py:2726} INFO - Sync 1 DAGs
[2023-06-17T02:33:36.632+0000] {logging_mixin.py:149} INFO - [2023-06-17T02:33:36.632+0000] {dag.py:3490} INFO - Setting next_dagrun for tutorial to 2023-06-16T02:33:36.631823+00:00, run_after=2023-06-17T02:33:36.631823+00:00
[2023-06-17T02:33:36.714+0000] {processor.py:179} INFO - Processing /home/airflow/.local/lib/python3.7/site-packages/airflow/example_dags/tutorial.py took 0.381 seconds
[2023-06-17T02:34:07.099+0000] {processor.py:157} INFO - Started process (PID=1616) to work on /home/airflow/.local/lib/python3.7/site-packages/airflow/example_dags/tutorial.py
[2023-06-17T02:34:07.128+0000] {processor.py:826} INFO - Processing file /home/airflow/.local/lib/python3.7/site-packages/airflow/example_dags/tutorial.py for tasks to queue
[2023-06-17T02:34:07.131+0000] {logging_mixin.py:149} INFO - [2023-06-17T02:34:07.130+0000] {dagbag.py:541} INFO - Filling up the DagBag from /home/airflow/.local/lib/python3.7/site-packages/airflow/example_dags/tutorial.py
[2023-06-17T02:34:07.151+0000] {processor.py:836} INFO - DAG(s) dict_keys(['tutorial']) retrieved from /home/airflow/.local/lib/python3.7/site-packages/airflow/example_dags/tutorial.py
[2023-06-17T02:34:07.183+0000] {logging_mixin.py:149} INFO - [2023-06-17T02:34:07.183+0000] {dag.py:2726} INFO - Sync 1 DAGs
[2023-06-17T02:34:07.211+0000] {logging_mixin.py:149} INFO - [2023-06-17T02:34:07.211+0000] {dag.py:3490} INFO - Setting next_dagrun for tutorial to 2023-06-16T02:34:07.211637+00:00, run_after=2023-06-17T02:34:07.211637+00:00
[2023-06-17T02:34:07.261+0000] {processor.py:179} INFO - Processing /home/airflow/.local/lib/python3.7/site-packages/airflow/example_dags/tutorial.py took 0.168 seconds
[2023-06-17T02:34:37.438+0000] {processor.py:157} INFO - Started process (PID=1677) to work on /home/airflow/.local/lib/python3.7/site-packages/airflow/example_dags/tutorial.py
[2023-06-17T02:34:37.450+0000] {processor.py:826} INFO - Processing file /home/airflow/.local/lib/python3.7/site-packages/airflow/example_dags/tutorial.py for tasks to queue
[2023-06-17T02:34:37.451+0000] {logging_mixin.py:149} INFO - [2023-06-17T02:34:37.451+0000] {dagbag.py:541} INFO - Filling up the DagBag from /home/airflow/.local/lib/python3.7/site-packages/airflow/example_dags/tutorial.py
[2023-06-17T02:34:37.460+0000] {processor.py:836} INFO - DAG(s) dict_keys(['tutorial']) retrieved from /home/airflow/.local/lib/python3.7/site-packages/airflow/example_dags/tutorial.py
[2023-06-17T02:34:37.494+0000] {logging_mixin.py:149} INFO - [2023-06-17T02:34:37.494+0000] {dag.py:2726} INFO - Sync 1 DAGs
[2023-06-17T02:34:37.535+0000] {logging_mixin.py:149} INFO - [2023-06-17T02:34:37.535+0000] {dag.py:3490} INFO - Setting next_dagrun for tutorial to 2023-06-16T02:34:37.534739+00:00, run_after=2023-06-17T02:34:37.534739+00:00
[2023-06-17T02:34:37.566+0000] {processor.py:179} INFO - Processing /home/airflow/.local/lib/python3.7/site-packages/airflow/example_dags/tutorial.py took 0.131 seconds
[2023-06-17T02:35:07.941+0000] {processor.py:157} INFO - Started process (PID=1737) to work on /home/airflow/.local/lib/python3.7/site-packages/airflow/example_dags/tutorial.py
[2023-06-17T02:35:08.009+0000] {processor.py:826} INFO - Processing file /home/airflow/.local/lib/python3.7/site-packages/airflow/example_dags/tutorial.py for tasks to queue
[2023-06-17T02:35:08.011+0000] {logging_mixin.py:149} INFO - [2023-06-17T02:35:08.011+0000] {dagbag.py:541} INFO - Filling up the DagBag from /home/airflow/.local/lib/python3.7/site-packages/airflow/example_dags/tutorial.py
[2023-06-17T02:35:08.021+0000] {processor.py:836} INFO - DAG(s) dict_keys(['tutorial']) retrieved from /home/airflow/.local/lib/python3.7/site-packages/airflow/example_dags/tutorial.py
[2023-06-17T02:35:08.067+0000] {logging_mixin.py:149} INFO - [2023-06-17T02:35:08.067+0000] {dag.py:2726} INFO - Sync 1 DAGs
[2023-06-17T02:35:08.131+0000] {logging_mixin.py:149} INFO - [2023-06-17T02:35:08.131+0000] {dag.py:3490} INFO - Setting next_dagrun for tutorial to 2023-06-16T02:35:08.130641+00:00, run_after=2023-06-17T02:35:08.130641+00:00
[2023-06-17T02:35:08.179+0000] {processor.py:179} INFO - Processing /home/airflow/.local/lib/python3.7/site-packages/airflow/example_dags/tutorial.py took 0.243 seconds
[2023-06-17T02:35:38.374+0000] {processor.py:157} INFO - Started process (PID=1798) to work on /home/airflow/.local/lib/python3.7/site-packages/airflow/example_dags/tutorial.py
[2023-06-17T02:35:38.389+0000] {processor.py:826} INFO - Processing file /home/airflow/.local/lib/python3.7/site-packages/airflow/example_dags/tutorial.py for tasks to queue
[2023-06-17T02:35:38.390+0000] {logging_mixin.py:149} INFO - [2023-06-17T02:35:38.390+0000] {dagbag.py:541} INFO - Filling up the DagBag from /home/airflow/.local/lib/python3.7/site-packages/airflow/example_dags/tutorial.py
[2023-06-17T02:35:38.397+0000] {processor.py:836} INFO - DAG(s) dict_keys(['tutorial']) retrieved from /home/airflow/.local/lib/python3.7/site-packages/airflow/example_dags/tutorial.py
[2023-06-17T02:35:38.423+0000] {logging_mixin.py:149} INFO - [2023-06-17T02:35:38.422+0000] {dag.py:2726} INFO - Sync 1 DAGs
[2023-06-17T02:35:38.457+0000] {logging_mixin.py:149} INFO - [2023-06-17T02:35:38.457+0000] {dag.py:3490} INFO - Setting next_dagrun for tutorial to 2023-06-16T02:35:38.456977+00:00, run_after=2023-06-17T02:35:38.456977+00:00
[2023-06-17T02:35:38.495+0000] {processor.py:179} INFO - Processing /home/airflow/.local/lib/python3.7/site-packages/airflow/example_dags/tutorial.py took 0.124 seconds
[2023-06-17T02:36:08.750+0000] {processor.py:157} INFO - Started process (PID=1859) to work on /home/airflow/.local/lib/python3.7/site-packages/airflow/example_dags/tutorial.py
[2023-06-17T02:36:08.841+0000] {processor.py:826} INFO - Processing file /home/airflow/.local/lib/python3.7/site-packages/airflow/example_dags/tutorial.py for tasks to queue
[2023-06-17T02:36:08.842+0000] {logging_mixin.py:149} INFO - [2023-06-17T02:36:08.842+0000] {dagbag.py:541} INFO - Filling up the DagBag from /home/airflow/.local/lib/python3.7/site-packages/airflow/example_dags/tutorial.py
[2023-06-17T02:36:08.850+0000] {processor.py:836} INFO - DAG(s) dict_keys(['tutorial']) retrieved from /home/airflow/.local/lib/python3.7/site-packages/airflow/example_dags/tutorial.py
[2023-06-17T02:36:08.881+0000] {logging_mixin.py:149} INFO - [2023-06-17T02:36:08.881+0000] {dag.py:2726} INFO - Sync 1 DAGs
[2023-06-17T02:36:08.924+0000] {logging_mixin.py:149} INFO - [2023-06-17T02:36:08.923+0000] {dag.py:3490} INFO - Setting next_dagrun for tutorial to 2023-06-16T02:36:08.923560+00:00, run_after=2023-06-17T02:36:08.923560+00:00
[2023-06-17T02:36:08.989+0000] {processor.py:179} INFO - Processing /home/airflow/.local/lib/python3.7/site-packages/airflow/example_dags/tutorial.py took 0.243 seconds
[2023-06-17T02:36:39.322+0000] {processor.py:157} INFO - Started process (PID=1920) to work on /home/airflow/.local/lib/python3.7/site-packages/airflow/example_dags/tutorial.py
[2023-06-17T02:36:39.340+0000] {processor.py:826} INFO - Processing file /home/airflow/.local/lib/python3.7/site-packages/airflow/example_dags/tutorial.py for tasks to queue
[2023-06-17T02:36:39.341+0000] {logging_mixin.py:149} INFO - [2023-06-17T02:36:39.340+0000] {dagbag.py:541} INFO - Filling up the DagBag from /home/airflow/.local/lib/python3.7/site-packages/airflow/example_dags/tutorial.py
[2023-06-17T02:36:39.347+0000] {processor.py:836} INFO - DAG(s) dict_keys(['tutorial']) retrieved from /home/airflow/.local/lib/python3.7/site-packages/airflow/example_dags/tutorial.py
[2023-06-17T02:36:39.373+0000] {logging_mixin.py:149} INFO - [2023-06-17T02:36:39.373+0000] {dag.py:2726} INFO - Sync 1 DAGs
[2023-06-17T02:36:39.407+0000] {logging_mixin.py:149} INFO - [2023-06-17T02:36:39.407+0000] {dag.py:3490} INFO - Setting next_dagrun for tutorial to 2023-06-16T02:36:39.406821+00:00, run_after=2023-06-17T02:36:39.406821+00:00
[2023-06-17T02:36:39.440+0000] {processor.py:179} INFO - Processing /home/airflow/.local/lib/python3.7/site-packages/airflow/example_dags/tutorial.py took 0.121 seconds
[2023-06-17T02:37:09.708+0000] {processor.py:157} INFO - Started process (PID=1981) to work on /home/airflow/.local/lib/python3.7/site-packages/airflow/example_dags/tutorial.py
[2023-06-17T02:37:09.755+0000] {processor.py:826} INFO - Processing file /home/airflow/.local/lib/python3.7/site-packages/airflow/example_dags/tutorial.py for tasks to queue
[2023-06-17T02:37:09.755+0000] {logging_mixin.py:149} INFO - [2023-06-17T02:37:09.755+0000] {dagbag.py:541} INFO - Filling up the DagBag from /home/airflow/.local/lib/python3.7/site-packages/airflow/example_dags/tutorial.py
[2023-06-17T02:37:09.762+0000] {processor.py:836} INFO - DAG(s) dict_keys(['tutorial']) retrieved from /home/airflow/.local/lib/python3.7/site-packages/airflow/example_dags/tutorial.py
[2023-06-17T02:37:09.789+0000] {logging_mixin.py:149} INFO - [2023-06-17T02:37:09.789+0000] {dag.py:2726} INFO - Sync 1 DAGs
[2023-06-17T02:37:09.831+0000] {logging_mixin.py:149} INFO - [2023-06-17T02:37:09.830+0000] {dag.py:3490} INFO - Setting next_dagrun for tutorial to 2023-06-16T02:37:09.830556+00:00, run_after=2023-06-17T02:37:09.830556+00:00
[2023-06-17T02:37:09.880+0000] {processor.py:179} INFO - Processing /home/airflow/.local/lib/python3.7/site-packages/airflow/example_dags/tutorial.py took 0.175 seconds
[2023-06-17T02:37:40.443+0000] {processor.py:157} INFO - Started process (PID=2042) to work on /home/airflow/.local/lib/python3.7/site-packages/airflow/example_dags/tutorial.py
[2023-06-17T02:37:40.493+0000] {processor.py:826} INFO - Processing file /home/airflow/.local/lib/python3.7/site-packages/airflow/example_dags/tutorial.py for tasks to queue
[2023-06-17T02:37:40.494+0000] {logging_mixin.py:149} INFO - [2023-06-17T02:37:40.494+0000] {dagbag.py:541} INFO - Filling up the DagBag from /home/airflow/.local/lib/python3.7/site-packages/airflow/example_dags/tutorial.py
[2023-06-17T02:37:40.500+0000] {processor.py:836} INFO - DAG(s) dict_keys(['tutorial']) retrieved from /home/airflow/.local/lib/python3.7/site-packages/airflow/example_dags/tutorial.py
[2023-06-17T02:37:40.521+0000] {logging_mixin.py:149} INFO - [2023-06-17T02:37:40.521+0000] {dag.py:2726} INFO - Sync 1 DAGs
[2023-06-17T02:37:40.547+0000] {logging_mixin.py:149} INFO - [2023-06-17T02:37:40.547+0000] {dag.py:3490} INFO - Setting next_dagrun for tutorial to 2023-06-16T02:37:40.547114+00:00, run_after=2023-06-17T02:37:40.547114+00:00
[2023-06-17T02:37:40.626+0000] {processor.py:179} INFO - Processing /home/airflow/.local/lib/python3.7/site-packages/airflow/example_dags/tutorial.py took 0.185 seconds
[2023-06-17T02:38:11.203+0000] {processor.py:157} INFO - Started process (PID=2102) to work on /home/airflow/.local/lib/python3.7/site-packages/airflow/example_dags/tutorial.py
[2023-06-17T02:38:11.343+0000] {processor.py:826} INFO - Processing file /home/airflow/.local/lib/python3.7/site-packages/airflow/example_dags/tutorial.py for tasks to queue
[2023-06-17T02:38:11.343+0000] {logging_mixin.py:149} INFO - [2023-06-17T02:38:11.343+0000] {dagbag.py:541} INFO - Filling up the DagBag from /home/airflow/.local/lib/python3.7/site-packages/airflow/example_dags/tutorial.py
[2023-06-17T02:38:11.350+0000] {processor.py:836} INFO - DAG(s) dict_keys(['tutorial']) retrieved from /home/airflow/.local/lib/python3.7/site-packages/airflow/example_dags/tutorial.py
[2023-06-17T02:38:11.374+0000] {logging_mixin.py:149} INFO - [2023-06-17T02:38:11.374+0000] {dag.py:2726} INFO - Sync 1 DAGs
[2023-06-17T02:38:11.412+0000] {logging_mixin.py:149} INFO - [2023-06-17T02:38:11.411+0000] {dag.py:3490} INFO - Setting next_dagrun for tutorial to 2023-06-16T02:38:11.411589+00:00, run_after=2023-06-17T02:38:11.411589+00:00
[2023-06-17T02:38:11.621+0000] {processor.py:179} INFO - Processing /home/airflow/.local/lib/python3.7/site-packages/airflow/example_dags/tutorial.py took 0.421 seconds
[2023-06-17T03:24:43.275+0000] {processor.py:157} INFO - Started process (PID=2115) to work on /home/airflow/.local/lib/python3.7/site-packages/airflow/example_dags/tutorial.py
[2023-06-17T03:24:43.553+0000] {processor.py:826} INFO - Processing file /home/airflow/.local/lib/python3.7/site-packages/airflow/example_dags/tutorial.py for tasks to queue
[2023-06-17T03:24:43.730+0000] {logging_mixin.py:149} INFO - [2023-06-17T03:24:43.729+0000] {dagbag.py:541} INFO - Filling up the DagBag from /home/airflow/.local/lib/python3.7/site-packages/airflow/example_dags/tutorial.py
[2023-06-17T03:24:43.740+0000] {processor.py:836} INFO - DAG(s) dict_keys(['tutorial']) retrieved from /home/airflow/.local/lib/python3.7/site-packages/airflow/example_dags/tutorial.py
[2023-06-17T03:24:43.760+0000] {logging_mixin.py:149} INFO - [2023-06-17T03:24:43.760+0000] {dag.py:2726} INFO - Sync 1 DAGs
[2023-06-17T03:24:43.785+0000] {logging_mixin.py:149} INFO - [2023-06-17T03:24:43.785+0000] {dag.py:3490} INFO - Setting next_dagrun for tutorial to 2023-06-16T03:24:43.785399+00:00, run_after=2023-06-17T03:24:43.785399+00:00
[2023-06-17T03:24:45.782+0000] {processor.py:179} INFO - Processing /home/airflow/.local/lib/python3.7/site-packages/airflow/example_dags/tutorial.py took 2.509 seconds
[2023-06-17T03:25:16.427+0000] {processor.py:157} INFO - Started process (PID=2176) to work on /home/airflow/.local/lib/python3.7/site-packages/airflow/example_dags/tutorial.py
[2023-06-17T03:25:16.558+0000] {processor.py:826} INFO - Processing file /home/airflow/.local/lib/python3.7/site-packages/airflow/example_dags/tutorial.py for tasks to queue
[2023-06-17T03:25:16.559+0000] {logging_mixin.py:149} INFO - [2023-06-17T03:25:16.558+0000] {dagbag.py:541} INFO - Filling up the DagBag from /home/airflow/.local/lib/python3.7/site-packages/airflow/example_dags/tutorial.py
[2023-06-17T03:25:16.564+0000] {processor.py:836} INFO - DAG(s) dict_keys(['tutorial']) retrieved from /home/airflow/.local/lib/python3.7/site-packages/airflow/example_dags/tutorial.py
[2023-06-17T03:25:16.586+0000] {logging_mixin.py:149} INFO - [2023-06-17T03:25:16.586+0000] {dag.py:2726} INFO - Sync 1 DAGs
[2023-06-17T03:25:16.614+0000] {logging_mixin.py:149} INFO - [2023-06-17T03:25:16.614+0000] {dag.py:3490} INFO - Setting next_dagrun for tutorial to 2023-06-16T03:25:16.614026+00:00, run_after=2023-06-17T03:25:16.614026+00:00
[2023-06-17T03:25:16.772+0000] {processor.py:179} INFO - Processing /home/airflow/.local/lib/python3.7/site-packages/airflow/example_dags/tutorial.py took 0.348 seconds
                                                                                                                                                                                                                                                                                                                                                                                                                                                                                                                                                                                                                                                                                                                                                                                                                                                                                                                                                                                                                                                                                                                                                                                                                                                                                                                                [2023-06-17T03:35:50.530+0000] {processor.py:157} INFO - Started process (PID=50) to work on /home/airflow/.local/lib/python3.7/site-packages/airflow/example_dags/tutorial.py
[2023-06-17T03:35:50.645+0000] {processor.py:826} INFO - Processing file /home/airflow/.local/lib/python3.7/site-packages/airflow/example_dags/tutorial.py for tasks to queue
[2023-06-17T03:35:50.646+0000] {logging_mixin.py:149} INFO - [2023-06-17T03:35:50.646+0000] {dagbag.py:541} INFO - Filling up the DagBag from /home/airflow/.local/lib/python3.7/site-packages/airflow/example_dags/tutorial.py
[2023-06-17T03:35:50.657+0000] {processor.py:836} INFO - DAG(s) dict_keys(['tutorial']) retrieved from /home/airflow/.local/lib/python3.7/site-packages/airflow/example_dags/tutorial.py
[2023-06-17T03:35:50.696+0000] {logging_mixin.py:149} INFO - [2023-06-17T03:35:50.696+0000] {dag.py:2726} INFO - Sync 1 DAGs
[2023-06-17T03:35:50.734+0000] {logging_mixin.py:149} INFO - [2023-06-17T03:35:50.733+0000] {dag.py:3490} INFO - Setting next_dagrun for tutorial to 2023-06-16T03:35:50.733664+00:00, run_after=2023-06-17T03:35:50.733664+00:00
[2023-06-17T03:35:50.813+0000] {processor.py:179} INFO - Processing /home/airflow/.local/lib/python3.7/site-packages/airflow/example_dags/tutorial.py took 0.285 seconds
[2023-06-17T03:36:23.729+0000] {processor.py:157} INFO - Started process (PID=117) to work on /home/airflow/.local/lib/python3.7/site-packages/airflow/example_dags/tutorial.py
[2023-06-17T03:36:23.798+0000] {processor.py:826} INFO - Processing file /home/airflow/.local/lib/python3.7/site-packages/airflow/example_dags/tutorial.py for tasks to queue
[2023-06-17T03:36:23.801+0000] {logging_mixin.py:149} INFO - [2023-06-17T03:36:23.800+0000] {dagbag.py:541} INFO - Filling up the DagBag from /home/airflow/.local/lib/python3.7/site-packages/airflow/example_dags/tutorial.py
[2023-06-17T03:36:23.826+0000] {processor.py:836} INFO - DAG(s) dict_keys(['tutorial']) retrieved from /home/airflow/.local/lib/python3.7/site-packages/airflow/example_dags/tutorial.py
[2023-06-17T03:36:23.861+0000] {logging_mixin.py:149} INFO - [2023-06-17T03:36:23.861+0000] {dag.py:2726} INFO - Sync 1 DAGs
[2023-06-17T03:36:23.889+0000] {logging_mixin.py:149} INFO - [2023-06-17T03:36:23.889+0000] {dag.py:3490} INFO - Setting next_dagrun for tutorial to 2023-06-16T03:36:23.889465+00:00, run_after=2023-06-17T03:36:23.889465+00:00
[2023-06-17T03:36:24.008+0000] {processor.py:179} INFO - Processing /home/airflow/.local/lib/python3.7/site-packages/airflow/example_dags/tutorial.py took 0.283 seconds
[2023-06-17T03:36:54.104+0000] {processor.py:157} INFO - Started process (PID=163) to work on /home/airflow/.local/lib/python3.7/site-packages/airflow/example_dags/tutorial.py
[2023-06-17T03:36:54.132+0000] {processor.py:826} INFO - Processing file /home/airflow/.local/lib/python3.7/site-packages/airflow/example_dags/tutorial.py for tasks to queue
[2023-06-17T03:36:54.133+0000] {logging_mixin.py:149} INFO - [2023-06-17T03:36:54.133+0000] {dagbag.py:541} INFO - Filling up the DagBag from /home/airflow/.local/lib/python3.7/site-packages/airflow/example_dags/tutorial.py
[2023-06-17T03:36:54.138+0000] {processor.py:836} INFO - DAG(s) dict_keys(['tutorial']) retrieved from /home/airflow/.local/lib/python3.7/site-packages/airflow/example_dags/tutorial.py
[2023-06-17T03:36:54.165+0000] {logging_mixin.py:149} INFO - [2023-06-17T03:36:54.165+0000] {dag.py:2726} INFO - Sync 1 DAGs
[2023-06-17T03:36:54.205+0000] {logging_mixin.py:149} INFO - [2023-06-17T03:36:54.205+0000] {dag.py:3490} INFO - Setting next_dagrun for tutorial to 2023-06-16T03:36:54.204882+00:00, run_after=2023-06-17T03:36:54.204882+00:00
[2023-06-17T03:36:54.355+0000] {processor.py:179} INFO - Processing /home/airflow/.local/lib/python3.7/site-packages/airflow/example_dags/tutorial.py took 0.254 seconds
[2023-06-17T03:37:24.869+0000] {processor.py:157} INFO - Started process (PID=225) to work on /home/airflow/.local/lib/python3.7/site-packages/airflow/example_dags/tutorial.py
[2023-06-17T03:37:24.879+0000] {processor.py:826} INFO - Processing file /home/airflow/.local/lib/python3.7/site-packages/airflow/example_dags/tutorial.py for tasks to queue
[2023-06-17T03:37:24.880+0000] {logging_mixin.py:149} INFO - [2023-06-17T03:37:24.880+0000] {dagbag.py:541} INFO - Filling up the DagBag from /home/airflow/.local/lib/python3.7/site-packages/airflow/example_dags/tutorial.py
[2023-06-17T03:37:24.888+0000] {processor.py:836} INFO - DAG(s) dict_keys(['tutorial']) retrieved from /home/airflow/.local/lib/python3.7/site-packages/airflow/example_dags/tutorial.py
[2023-06-17T03:37:25.017+0000] {logging_mixin.py:149} INFO - [2023-06-17T03:37:25.016+0000] {dag.py:2726} INFO - Sync 1 DAGs
[2023-06-17T03:37:25.048+0000] {logging_mixin.py:149} INFO - [2023-06-17T03:37:25.048+0000] {dag.py:3490} INFO - Setting next_dagrun for tutorial to 2023-06-16T03:37:25.047883+00:00, run_after=2023-06-17T03:37:25.047883+00:00
[2023-06-17T03:37:25.202+0000] {processor.py:179} INFO - Processing /home/airflow/.local/lib/python3.7/site-packages/airflow/example_dags/tutorial.py took 0.336 seconds
[2023-06-17T03:37:55.344+0000] {processor.py:157} INFO - Started process (PID=286) to work on /home/airflow/.local/lib/python3.7/site-packages/airflow/example_dags/tutorial.py
[2023-06-17T03:37:55.467+0000] {processor.py:826} INFO - Processing file /home/airflow/.local/lib/python3.7/site-packages/airflow/example_dags/tutorial.py for tasks to queue
[2023-06-17T03:37:55.469+0000] {logging_mixin.py:149} INFO - [2023-06-17T03:37:55.468+0000] {dagbag.py:541} INFO - Filling up the DagBag from /home/airflow/.local/lib/python3.7/site-packages/airflow/example_dags/tutorial.py
[2023-06-17T03:37:55.487+0000] {processor.py:836} INFO - DAG(s) dict_keys(['tutorial']) retrieved from /home/airflow/.local/lib/python3.7/site-packages/airflow/example_dags/tutorial.py
[2023-06-17T03:37:55.539+0000] {logging_mixin.py:149} INFO - [2023-06-17T03:37:55.539+0000] {dag.py:2726} INFO - Sync 1 DAGs
[2023-06-17T03:37:55.574+0000] {logging_mixin.py:149} INFO - [2023-06-17T03:37:55.574+0000] {dag.py:3490} INFO - Setting next_dagrun for tutorial to 2023-06-16T03:37:55.574012+00:00, run_after=2023-06-17T03:37:55.574012+00:00
[2023-06-17T03:37:55.723+0000] {processor.py:179} INFO - Processing /home/airflow/.local/lib/python3.7/site-packages/airflow/example_dags/tutorial.py took 0.382 seconds
[2023-06-17T03:38:26.536+0000] {processor.py:157} INFO - Started process (PID=347) to work on /home/airflow/.local/lib/python3.7/site-packages/airflow/example_dags/tutorial.py
[2023-06-17T03:38:26.603+0000] {processor.py:826} INFO - Processing file /home/airflow/.local/lib/python3.7/site-packages/airflow/example_dags/tutorial.py for tasks to queue
[2023-06-17T03:38:26.604+0000] {logging_mixin.py:149} INFO - [2023-06-17T03:38:26.604+0000] {dagbag.py:541} INFO - Filling up the DagBag from /home/airflow/.local/lib/python3.7/site-packages/airflow/example_dags/tutorial.py
[2023-06-17T03:38:26.610+0000] {processor.py:836} INFO - DAG(s) dict_keys(['tutorial']) retrieved from /home/airflow/.local/lib/python3.7/site-packages/airflow/example_dags/tutorial.py
[2023-06-17T03:38:26.633+0000] {logging_mixin.py:149} INFO - [2023-06-17T03:38:26.633+0000] {dag.py:2726} INFO - Sync 1 DAGs
[2023-06-17T03:38:26.664+0000] {logging_mixin.py:149} INFO - [2023-06-17T03:38:26.664+0000] {dag.py:3490} INFO - Setting next_dagrun for tutorial to 2023-06-16T03:38:26.663972+00:00, run_after=2023-06-17T03:38:26.663972+00:00
[2023-06-17T03:38:27.160+0000] {processor.py:179} INFO - Processing /home/airflow/.local/lib/python3.7/site-packages/airflow/example_dags/tutorial.py took 0.629 seconds
[2023-06-17T03:38:58.204+0000] {processor.py:157} INFO - Started process (PID=408) to work on /home/airflow/.local/lib/python3.7/site-packages/airflow/example_dags/tutorial.py
[2023-06-17T03:38:58.214+0000] {processor.py:826} INFO - Processing file /home/airflow/.local/lib/python3.7/site-packages/airflow/example_dags/tutorial.py for tasks to queue
[2023-06-17T03:38:58.215+0000] {logging_mixin.py:149} INFO - [2023-06-17T03:38:58.214+0000] {dagbag.py:541} INFO - Filling up the DagBag from /home/airflow/.local/lib/python3.7/site-packages/airflow/example_dags/tutorial.py
[2023-06-17T03:38:58.222+0000] {processor.py:836} INFO - DAG(s) dict_keys(['tutorial']) retrieved from /home/airflow/.local/lib/python3.7/site-packages/airflow/example_dags/tutorial.py
[2023-06-17T03:38:58.258+0000] {logging_mixin.py:149} INFO - [2023-06-17T03:38:58.258+0000] {dag.py:2726} INFO - Sync 1 DAGs
[2023-06-17T03:38:58.313+0000] {logging_mixin.py:149} INFO - [2023-06-17T03:38:58.312+0000] {dag.py:3490} INFO - Setting next_dagrun for tutorial to 2023-06-16T03:38:58.312416+00:00, run_after=2023-06-17T03:38:58.312416+00:00
[2023-06-17T03:38:58.357+0000] {processor.py:179} INFO - Processing /home/airflow/.local/lib/python3.7/site-packages/airflow/example_dags/tutorial.py took 0.158 seconds
[2023-06-17T03:39:28.450+0000] {processor.py:157} INFO - Started process (PID=469) to work on /home/airflow/.local/lib/python3.7/site-packages/airflow/example_dags/tutorial.py
[2023-06-17T03:39:28.463+0000] {processor.py:826} INFO - Processing file /home/airflow/.local/lib/python3.7/site-packages/airflow/example_dags/tutorial.py for tasks to queue
[2023-06-17T03:39:28.463+0000] {logging_mixin.py:149} INFO - [2023-06-17T03:39:28.463+0000] {dagbag.py:541} INFO - Filling up the DagBag from /home/airflow/.local/lib/python3.7/site-packages/airflow/example_dags/tutorial.py
[2023-06-17T03:39:28.468+0000] {processor.py:836} INFO - DAG(s) dict_keys(['tutorial']) retrieved from /home/airflow/.local/lib/python3.7/site-packages/airflow/example_dags/tutorial.py
[2023-06-17T03:39:28.489+0000] {logging_mixin.py:149} INFO - [2023-06-17T03:39:28.489+0000] {dag.py:2726} INFO - Sync 1 DAGs
[2023-06-17T03:39:28.516+0000] {logging_mixin.py:149} INFO - [2023-06-17T03:39:28.516+0000] {dag.py:3490} INFO - Setting next_dagrun for tutorial to 2023-06-16T03:39:28.516472+00:00, run_after=2023-06-17T03:39:28.516472+00:00
[2023-06-17T03:39:28.546+0000] {processor.py:179} INFO - Processing /home/airflow/.local/lib/python3.7/site-packages/airflow/example_dags/tutorial.py took 0.099 seconds
[2023-06-17T03:39:58.814+0000] {processor.py:157} INFO - Started process (PID=530) to work on /home/airflow/.local/lib/python3.7/site-packages/airflow/example_dags/tutorial.py
[2023-06-17T03:39:58.825+0000] {processor.py:826} INFO - Processing file /home/airflow/.local/lib/python3.7/site-packages/airflow/example_dags/tutorial.py for tasks to queue
[2023-06-17T03:39:58.825+0000] {logging_mixin.py:149} INFO - [2023-06-17T03:39:58.825+0000] {dagbag.py:541} INFO - Filling up the DagBag from /home/airflow/.local/lib/python3.7/site-packages/airflow/example_dags/tutorial.py
[2023-06-17T03:39:58.830+0000] {processor.py:836} INFO - DAG(s) dict_keys(['tutorial']) retrieved from /home/airflow/.local/lib/python3.7/site-packages/airflow/example_dags/tutorial.py
[2023-06-17T03:39:58.857+0000] {logging_mixin.py:149} INFO - [2023-06-17T03:39:58.857+0000] {dag.py:2726} INFO - Sync 1 DAGs
[2023-06-17T03:39:58.891+0000] {logging_mixin.py:149} INFO - [2023-06-17T03:39:58.890+0000] {dag.py:3490} INFO - Setting next_dagrun for tutorial to 2023-06-16T03:39:58.890776+00:00, run_after=2023-06-17T03:39:58.890776+00:00
[2023-06-17T03:39:58.917+0000] {processor.py:179} INFO - Processing /home/airflow/.local/lib/python3.7/site-packages/airflow/example_dags/tutorial.py took 0.105 seconds
[2023-06-17T03:40:29.548+0000] {processor.py:157} INFO - Started process (PID=591) to work on /home/airflow/.local/lib/python3.7/site-packages/airflow/example_dags/tutorial.py
[2023-06-17T03:40:29.598+0000] {processor.py:826} INFO - Processing file /home/airflow/.local/lib/python3.7/site-packages/airflow/example_dags/tutorial.py for tasks to queue
[2023-06-17T03:40:29.598+0000] {logging_mixin.py:149} INFO - [2023-06-17T03:40:29.598+0000] {dagbag.py:541} INFO - Filling up the DagBag from /home/airflow/.local/lib/python3.7/site-packages/airflow/example_dags/tutorial.py
[2023-06-17T03:40:29.605+0000] {processor.py:836} INFO - DAG(s) dict_keys(['tutorial']) retrieved from /home/airflow/.local/lib/python3.7/site-packages/airflow/example_dags/tutorial.py
[2023-06-17T03:40:29.637+0000] {logging_mixin.py:149} INFO - [2023-06-17T03:40:29.636+0000] {dag.py:2726} INFO - Sync 1 DAGs
[2023-06-17T03:40:29.679+0000] {logging_mixin.py:149} INFO - [2023-06-17T03:40:29.679+0000] {dag.py:3490} INFO - Setting next_dagrun for tutorial to 2023-06-16T03:40:29.678971+00:00, run_after=2023-06-17T03:40:29.678971+00:00
[2023-06-17T03:40:29.810+0000] {processor.py:179} INFO - Processing /home/airflow/.local/lib/python3.7/site-packages/airflow/example_dags/tutorial.py took 0.266 seconds
[2023-06-17T03:40:59.887+0000] {processor.py:157} INFO - Started process (PID=653) to work on /home/airflow/.local/lib/python3.7/site-packages/airflow/example_dags/tutorial.py
[2023-06-17T03:40:59.893+0000] {processor.py:826} INFO - Processing file /home/airflow/.local/lib/python3.7/site-packages/airflow/example_dags/tutorial.py for tasks to queue
[2023-06-17T03:40:59.894+0000] {logging_mixin.py:149} INFO - [2023-06-17T03:40:59.894+0000] {dagbag.py:541} INFO - Filling up the DagBag from /home/airflow/.local/lib/python3.7/site-packages/airflow/example_dags/tutorial.py
[2023-06-17T03:40:59.898+0000] {processor.py:836} INFO - DAG(s) dict_keys(['tutorial']) retrieved from /home/airflow/.local/lib/python3.7/site-packages/airflow/example_dags/tutorial.py
[2023-06-17T03:40:59.918+0000] {logging_mixin.py:149} INFO - [2023-06-17T03:40:59.918+0000] {dag.py:2726} INFO - Sync 1 DAGs
[2023-06-17T03:40:59.943+0000] {logging_mixin.py:149} INFO - [2023-06-17T03:40:59.943+0000] {dag.py:3490} INFO - Setting next_dagrun for tutorial to 2023-06-16T03:40:59.943021+00:00, run_after=2023-06-17T03:40:59.943021+00:00
[2023-06-17T03:40:59.972+0000] {processor.py:179} INFO - Processing /home/airflow/.local/lib/python3.7/site-packages/airflow/example_dags/tutorial.py took 0.087 seconds
[2023-06-17T03:41:30.280+0000] {processor.py:157} INFO - Started process (PID=714) to work on /home/airflow/.local/lib/python3.7/site-packages/airflow/example_dags/tutorial.py
[2023-06-17T03:41:30.315+0000] {processor.py:826} INFO - Processing file /home/airflow/.local/lib/python3.7/site-packages/airflow/example_dags/tutorial.py for tasks to queue
[2023-06-17T03:41:30.316+0000] {logging_mixin.py:149} INFO - [2023-06-17T03:41:30.315+0000] {dagbag.py:541} INFO - Filling up the DagBag from /home/airflow/.local/lib/python3.7/site-packages/airflow/example_dags/tutorial.py
[2023-06-17T03:41:30.323+0000] {processor.py:836} INFO - DAG(s) dict_keys(['tutorial']) retrieved from /home/airflow/.local/lib/python3.7/site-packages/airflow/example_dags/tutorial.py
[2023-06-17T03:41:30.354+0000] {logging_mixin.py:149} INFO - [2023-06-17T03:41:30.353+0000] {dag.py:2726} INFO - Sync 1 DAGs
[2023-06-17T03:41:30.395+0000] {logging_mixin.py:149} INFO - [2023-06-17T03:41:30.395+0000] {dag.py:3490} INFO - Setting next_dagrun for tutorial to 2023-06-16T03:41:30.395411+00:00, run_after=2023-06-17T03:41:30.395411+00:00
[2023-06-17T03:41:30.424+0000] {processor.py:179} INFO - Processing /home/airflow/.local/lib/python3.7/site-packages/airflow/example_dags/tutorial.py took 0.147 seconds
[2023-06-17T03:42:00.951+0000] {processor.py:157} INFO - Started process (PID=775) to work on /home/airflow/.local/lib/python3.7/site-packages/airflow/example_dags/tutorial.py
[2023-06-17T03:42:00.985+0000] {processor.py:826} INFO - Processing file /home/airflow/.local/lib/python3.7/site-packages/airflow/example_dags/tutorial.py for tasks to queue
[2023-06-17T03:42:00.986+0000] {logging_mixin.py:149} INFO - [2023-06-17T03:42:00.986+0000] {dagbag.py:541} INFO - Filling up the DagBag from /home/airflow/.local/lib/python3.7/site-packages/airflow/example_dags/tutorial.py
[2023-06-17T03:42:00.991+0000] {processor.py:836} INFO - DAG(s) dict_keys(['tutorial']) retrieved from /home/airflow/.local/lib/python3.7/site-packages/airflow/example_dags/tutorial.py
[2023-06-17T03:42:01.011+0000] {logging_mixin.py:149} INFO - [2023-06-17T03:42:01.011+0000] {dag.py:2726} INFO - Sync 1 DAGs
[2023-06-17T03:42:01.037+0000] {logging_mixin.py:149} INFO - [2023-06-17T03:42:01.037+0000] {dag.py:3490} INFO - Setting next_dagrun for tutorial to 2023-06-16T03:42:01.037291+00:00, run_after=2023-06-17T03:42:01.037291+00:00
[2023-06-17T03:42:01.061+0000] {processor.py:179} INFO - Processing /home/airflow/.local/lib/python3.7/site-packages/airflow/example_dags/tutorial.py took 0.113 seconds
[2023-06-17T03:42:31.222+0000] {processor.py:157} INFO - Started process (PID=836) to work on /home/airflow/.local/lib/python3.7/site-packages/airflow/example_dags/tutorial.py
[2023-06-17T03:42:31.236+0000] {processor.py:826} INFO - Processing file /home/airflow/.local/lib/python3.7/site-packages/airflow/example_dags/tutorial.py for tasks to queue
[2023-06-17T03:42:31.236+0000] {logging_mixin.py:149} INFO - [2023-06-17T03:42:31.236+0000] {dagbag.py:541} INFO - Filling up the DagBag from /home/airflow/.local/lib/python3.7/site-packages/airflow/example_dags/tutorial.py
[2023-06-17T03:42:31.241+0000] {processor.py:836} INFO - DAG(s) dict_keys(['tutorial']) retrieved from /home/airflow/.local/lib/python3.7/site-packages/airflow/example_dags/tutorial.py
[2023-06-17T03:42:31.264+0000] {logging_mixin.py:149} INFO - [2023-06-17T03:42:31.264+0000] {dag.py:2726} INFO - Sync 1 DAGs
[2023-06-17T03:42:31.291+0000] {logging_mixin.py:149} INFO - [2023-06-17T03:42:31.291+0000] {dag.py:3490} INFO - Setting next_dagrun for tutorial to 2023-06-16T03:42:31.291545+00:00, run_after=2023-06-17T03:42:31.291545+00:00
[2023-06-17T03:42:31.315+0000] {processor.py:179} INFO - Processing /home/airflow/.local/lib/python3.7/site-packages/airflow/example_dags/tutorial.py took 0.095 seconds
[2023-06-17T03:43:01.883+0000] {processor.py:157} INFO - Started process (PID=897) to work on /home/airflow/.local/lib/python3.7/site-packages/airflow/example_dags/tutorial.py
[2023-06-17T03:43:01.893+0000] {processor.py:826} INFO - Processing file /home/airflow/.local/lib/python3.7/site-packages/airflow/example_dags/tutorial.py for tasks to queue
[2023-06-17T03:43:01.894+0000] {logging_mixin.py:149} INFO - [2023-06-17T03:43:01.894+0000] {dagbag.py:541} INFO - Filling up the DagBag from /home/airflow/.local/lib/python3.7/site-packages/airflow/example_dags/tutorial.py
[2023-06-17T03:43:01.899+0000] {processor.py:836} INFO - DAG(s) dict_keys(['tutorial']) retrieved from /home/airflow/.local/lib/python3.7/site-packages/airflow/example_dags/tutorial.py
[2023-06-17T03:43:01.921+0000] {logging_mixin.py:149} INFO - [2023-06-17T03:43:01.920+0000] {dag.py:2726} INFO - Sync 1 DAGs
[2023-06-17T03:43:01.948+0000] {logging_mixin.py:149} INFO - [2023-06-17T03:43:01.948+0000] {dag.py:3490} INFO - Setting next_dagrun for tutorial to 2023-06-16T03:43:01.947852+00:00, run_after=2023-06-17T03:43:01.947852+00:00
[2023-06-17T03:43:01.975+0000] {processor.py:179} INFO - Processing /home/airflow/.local/lib/python3.7/site-packages/airflow/example_dags/tutorial.py took 0.095 seconds
[2023-06-17T03:43:32.574+0000] {processor.py:157} INFO - Started process (PID=958) to work on /home/airflow/.local/lib/python3.7/site-packages/airflow/example_dags/tutorial.py
[2023-06-17T03:43:32.583+0000] {processor.py:826} INFO - Processing file /home/airflow/.local/lib/python3.7/site-packages/airflow/example_dags/tutorial.py for tasks to queue
[2023-06-17T03:43:32.584+0000] {logging_mixin.py:149} INFO - [2023-06-17T03:43:32.584+0000] {dagbag.py:541} INFO - Filling up the DagBag from /home/airflow/.local/lib/python3.7/site-packages/airflow/example_dags/tutorial.py
[2023-06-17T03:43:32.589+0000] {processor.py:836} INFO - DAG(s) dict_keys(['tutorial']) retrieved from /home/airflow/.local/lib/python3.7/site-packages/airflow/example_dags/tutorial.py
[2023-06-17T03:43:32.610+0000] {logging_mixin.py:149} INFO - [2023-06-17T03:43:32.610+0000] {dag.py:2726} INFO - Sync 1 DAGs
[2023-06-17T03:43:32.637+0000] {logging_mixin.py:149} INFO - [2023-06-17T03:43:32.637+0000] {dag.py:3490} INFO - Setting next_dagrun for tutorial to 2023-06-16T03:43:32.637262+00:00, run_after=2023-06-17T03:43:32.637262+00:00
[2023-06-17T03:43:32.665+0000] {processor.py:179} INFO - Processing /home/airflow/.local/lib/python3.7/site-packages/airflow/example_dags/tutorial.py took 0.093 seconds
[2023-06-17T03:44:02.975+0000] {processor.py:157} INFO - Started process (PID=1019) to work on /home/airflow/.local/lib/python3.7/site-packages/airflow/example_dags/tutorial.py
[2023-06-17T03:44:02.987+0000] {processor.py:826} INFO - Processing file /home/airflow/.local/lib/python3.7/site-packages/airflow/example_dags/tutorial.py for tasks to queue
[2023-06-17T03:44:02.988+0000] {logging_mixin.py:149} INFO - [2023-06-17T03:44:02.988+0000] {dagbag.py:541} INFO - Filling up the DagBag from /home/airflow/.local/lib/python3.7/site-packages/airflow/example_dags/tutorial.py
[2023-06-17T03:44:02.995+0000] {processor.py:836} INFO - DAG(s) dict_keys(['tutorial']) retrieved from /home/airflow/.local/lib/python3.7/site-packages/airflow/example_dags/tutorial.py
[2023-06-17T03:44:03.036+0000] {logging_mixin.py:149} INFO - [2023-06-17T03:44:03.035+0000] {dag.py:2726} INFO - Sync 1 DAGs
[2023-06-17T03:44:03.076+0000] {logging_mixin.py:149} INFO - [2023-06-17T03:44:03.075+0000] {dag.py:3490} INFO - Setting next_dagrun for tutorial to 2023-06-16T03:44:03.075598+00:00, run_after=2023-06-17T03:44:03.075598+00:00
[2023-06-17T03:44:03.109+0000] {processor.py:179} INFO - Processing /home/airflow/.local/lib/python3.7/site-packages/airflow/example_dags/tutorial.py took 0.138 seconds
[2023-06-17T03:44:33.506+0000] {processor.py:157} INFO - Started process (PID=1080) to work on /home/airflow/.local/lib/python3.7/site-packages/airflow/example_dags/tutorial.py
[2023-06-17T03:44:33.520+0000] {processor.py:826} INFO - Processing file /home/airflow/.local/lib/python3.7/site-packages/airflow/example_dags/tutorial.py for tasks to queue
[2023-06-17T03:44:33.521+0000] {logging_mixin.py:149} INFO - [2023-06-17T03:44:33.520+0000] {dagbag.py:541} INFO - Filling up the DagBag from /home/airflow/.local/lib/python3.7/site-packages/airflow/example_dags/tutorial.py
[2023-06-17T03:44:33.527+0000] {processor.py:836} INFO - DAG(s) dict_keys(['tutorial']) retrieved from /home/airflow/.local/lib/python3.7/site-packages/airflow/example_dags/tutorial.py
[2023-06-17T03:44:33.564+0000] {logging_mixin.py:149} INFO - [2023-06-17T03:44:33.564+0000] {dag.py:2726} INFO - Sync 1 DAGs
[2023-06-17T03:44:33.599+0000] {logging_mixin.py:149} INFO - [2023-06-17T03:44:33.598+0000] {dag.py:3490} INFO - Setting next_dagrun for tutorial to 2023-06-16T03:44:33.598513+00:00, run_after=2023-06-17T03:44:33.598513+00:00
[2023-06-17T03:44:33.636+0000] {processor.py:179} INFO - Processing /home/airflow/.local/lib/python3.7/site-packages/airflow/example_dags/tutorial.py took 0.134 seconds
[2023-06-17T03:45:03.669+0000] {processor.py:157} INFO - Started process (PID=1141) to work on /home/airflow/.local/lib/python3.7/site-packages/airflow/example_dags/tutorial.py
[2023-06-17T03:45:03.684+0000] {processor.py:826} INFO - Processing file /home/airflow/.local/lib/python3.7/site-packages/airflow/example_dags/tutorial.py for tasks to queue
[2023-06-17T03:45:03.684+0000] {logging_mixin.py:149} INFO - [2023-06-17T03:45:03.684+0000] {dagbag.py:541} INFO - Filling up the DagBag from /home/airflow/.local/lib/python3.7/site-packages/airflow/example_dags/tutorial.py
[2023-06-17T03:45:03.689+0000] {processor.py:836} INFO - DAG(s) dict_keys(['tutorial']) retrieved from /home/airflow/.local/lib/python3.7/site-packages/airflow/example_dags/tutorial.py
[2023-06-17T03:45:03.710+0000] {logging_mixin.py:149} INFO - [2023-06-17T03:45:03.710+0000] {dag.py:2726} INFO - Sync 1 DAGs
[2023-06-17T03:45:03.737+0000] {logging_mixin.py:149} INFO - [2023-06-17T03:45:03.737+0000] {dag.py:3490} INFO - Setting next_dagrun for tutorial to 2023-06-16T03:45:03.737049+00:00, run_after=2023-06-17T03:45:03.737049+00:00
[2023-06-17T03:45:03.776+0000] {processor.py:179} INFO - Processing /home/airflow/.local/lib/python3.7/site-packages/airflow/example_dags/tutorial.py took 0.110 seconds
[2023-06-17T03:45:33.981+0000] {processor.py:157} INFO - Started process (PID=1202) to work on /home/airflow/.local/lib/python3.7/site-packages/airflow/example_dags/tutorial.py
[2023-06-17T03:45:33.988+0000] {processor.py:826} INFO - Processing file /home/airflow/.local/lib/python3.7/site-packages/airflow/example_dags/tutorial.py for tasks to queue
[2023-06-17T03:45:33.989+0000] {logging_mixin.py:149} INFO - [2023-06-17T03:45:33.989+0000] {dagbag.py:541} INFO - Filling up the DagBag from /home/airflow/.local/lib/python3.7/site-packages/airflow/example_dags/tutorial.py
[2023-06-17T03:45:33.994+0000] {processor.py:836} INFO - DAG(s) dict_keys(['tutorial']) retrieved from /home/airflow/.local/lib/python3.7/site-packages/airflow/example_dags/tutorial.py
[2023-06-17T03:45:34.022+0000] {logging_mixin.py:149} INFO - [2023-06-17T03:45:34.021+0000] {dag.py:2726} INFO - Sync 1 DAGs
[2023-06-17T03:45:34.049+0000] {logging_mixin.py:149} INFO - [2023-06-17T03:45:34.049+0000] {dag.py:3490} INFO - Setting next_dagrun for tutorial to 2023-06-16T03:45:34.049405+00:00, run_after=2023-06-17T03:45:34.049405+00:00
[2023-06-17T03:45:34.074+0000] {processor.py:179} INFO - Processing /home/airflow/.local/lib/python3.7/site-packages/airflow/example_dags/tutorial.py took 0.095 seconds
[2023-06-17T03:46:04.653+0000] {processor.py:157} INFO - Started process (PID=1263) to work on /home/airflow/.local/lib/python3.7/site-packages/airflow/example_dags/tutorial.py
[2023-06-17T03:46:04.659+0000] {processor.py:826} INFO - Processing file /home/airflow/.local/lib/python3.7/site-packages/airflow/example_dags/tutorial.py for tasks to queue
[2023-06-17T03:46:04.660+0000] {logging_mixin.py:149} INFO - [2023-06-17T03:46:04.660+0000] {dagbag.py:541} INFO - Filling up the DagBag from /home/airflow/.local/lib/python3.7/site-packages/airflow/example_dags/tutorial.py
[2023-06-17T03:46:04.667+0000] {processor.py:836} INFO - DAG(s) dict_keys(['tutorial']) retrieved from /home/airflow/.local/lib/python3.7/site-packages/airflow/example_dags/tutorial.py
[2023-06-17T03:46:04.696+0000] {logging_mixin.py:149} INFO - [2023-06-17T03:46:04.696+0000] {dag.py:2726} INFO - Sync 1 DAGs
[2023-06-17T03:46:04.736+0000] {logging_mixin.py:149} INFO - [2023-06-17T03:46:04.736+0000] {dag.py:3490} INFO - Setting next_dagrun for tutorial to 2023-06-16T03:46:04.736169+00:00, run_after=2023-06-17T03:46:04.736169+00:00
[2023-06-17T03:46:04.767+0000] {processor.py:179} INFO - Processing /home/airflow/.local/lib/python3.7/site-packages/airflow/example_dags/tutorial.py took 0.117 seconds
[2023-06-17T03:46:35.534+0000] {processor.py:157} INFO - Started process (PID=1324) to work on /home/airflow/.local/lib/python3.7/site-packages/airflow/example_dags/tutorial.py
[2023-06-17T03:46:35.543+0000] {processor.py:826} INFO - Processing file /home/airflow/.local/lib/python3.7/site-packages/airflow/example_dags/tutorial.py for tasks to queue
[2023-06-17T03:46:35.543+0000] {logging_mixin.py:149} INFO - [2023-06-17T03:46:35.543+0000] {dagbag.py:541} INFO - Filling up the DagBag from /home/airflow/.local/lib/python3.7/site-packages/airflow/example_dags/tutorial.py
[2023-06-17T03:46:35.548+0000] {processor.py:836} INFO - DAG(s) dict_keys(['tutorial']) retrieved from /home/airflow/.local/lib/python3.7/site-packages/airflow/example_dags/tutorial.py
[2023-06-17T03:46:35.570+0000] {logging_mixin.py:149} INFO - [2023-06-17T03:46:35.570+0000] {dag.py:2726} INFO - Sync 1 DAGs
[2023-06-17T03:46:35.597+0000] {logging_mixin.py:149} INFO - [2023-06-17T03:46:35.597+0000] {dag.py:3490} INFO - Setting next_dagrun for tutorial to 2023-06-16T03:46:35.597232+00:00, run_after=2023-06-17T03:46:35.597232+00:00
[2023-06-17T03:46:35.620+0000] {processor.py:179} INFO - Processing /home/airflow/.local/lib/python3.7/site-packages/airflow/example_dags/tutorial.py took 0.088 seconds
[2023-06-17T03:47:05.808+0000] {processor.py:157} INFO - Started process (PID=1385) to work on /home/airflow/.local/lib/python3.7/site-packages/airflow/example_dags/tutorial.py
[2023-06-17T03:47:05.821+0000] {processor.py:826} INFO - Processing file /home/airflow/.local/lib/python3.7/site-packages/airflow/example_dags/tutorial.py for tasks to queue
[2023-06-17T03:47:05.822+0000] {logging_mixin.py:149} INFO - [2023-06-17T03:47:05.822+0000] {dagbag.py:541} INFO - Filling up the DagBag from /home/airflow/.local/lib/python3.7/site-packages/airflow/example_dags/tutorial.py
[2023-06-17T03:47:05.827+0000] {processor.py:836} INFO - DAG(s) dict_keys(['tutorial']) retrieved from /home/airflow/.local/lib/python3.7/site-packages/airflow/example_dags/tutorial.py
[2023-06-17T03:47:05.850+0000] {logging_mixin.py:149} INFO - [2023-06-17T03:47:05.850+0000] {dag.py:2726} INFO - Sync 1 DAGs
[2023-06-17T03:47:05.881+0000] {logging_mixin.py:149} INFO - [2023-06-17T03:47:05.881+0000] {dag.py:3490} INFO - Setting next_dagrun for tutorial to 2023-06-16T03:47:05.881152+00:00, run_after=2023-06-17T03:47:05.881152+00:00
[2023-06-17T03:47:05.901+0000] {processor.py:179} INFO - Processing /home/airflow/.local/lib/python3.7/site-packages/airflow/example_dags/tutorial.py took 0.096 seconds
[2023-06-17T03:47:36.037+0000] {processor.py:157} INFO - Started process (PID=1446) to work on /home/airflow/.local/lib/python3.7/site-packages/airflow/example_dags/tutorial.py
[2023-06-17T03:47:36.046+0000] {processor.py:826} INFO - Processing file /home/airflow/.local/lib/python3.7/site-packages/airflow/example_dags/tutorial.py for tasks to queue
[2023-06-17T03:47:36.047+0000] {logging_mixin.py:149} INFO - [2023-06-17T03:47:36.047+0000] {dagbag.py:541} INFO - Filling up the DagBag from /home/airflow/.local/lib/python3.7/site-packages/airflow/example_dags/tutorial.py
[2023-06-17T03:47:36.052+0000] {processor.py:836} INFO - DAG(s) dict_keys(['tutorial']) retrieved from /home/airflow/.local/lib/python3.7/site-packages/airflow/example_dags/tutorial.py
[2023-06-17T03:47:36.078+0000] {logging_mixin.py:149} INFO - [2023-06-17T03:47:36.078+0000] {dag.py:2726} INFO - Sync 1 DAGs
[2023-06-17T03:47:36.105+0000] {logging_mixin.py:149} INFO - [2023-06-17T03:47:36.105+0000] {dag.py:3490} INFO - Setting next_dagrun for tutorial to 2023-06-16T03:47:36.105376+00:00, run_after=2023-06-17T03:47:36.105376+00:00
[2023-06-17T03:47:36.126+0000] {processor.py:179} INFO - Processing /home/airflow/.local/lib/python3.7/site-packages/airflow/example_dags/tutorial.py took 0.092 seconds
[2023-06-17T03:48:07.655+0000] {processor.py:157} INFO - Started process (PID=1507) to work on /home/airflow/.local/lib/python3.7/site-packages/airflow/example_dags/tutorial.py
[2023-06-17T03:48:07.731+0000] {processor.py:826} INFO - Processing file /home/airflow/.local/lib/python3.7/site-packages/airflow/example_dags/tutorial.py for tasks to queue
[2023-06-17T03:48:07.732+0000] {logging_mixin.py:149} INFO - [2023-06-17T03:48:07.732+0000] {dagbag.py:541} INFO - Filling up the DagBag from /home/airflow/.local/lib/python3.7/site-packages/airflow/example_dags/tutorial.py
[2023-06-17T03:48:07.738+0000] {processor.py:836} INFO - DAG(s) dict_keys(['tutorial']) retrieved from /home/airflow/.local/lib/python3.7/site-packages/airflow/example_dags/tutorial.py
[2023-06-17T03:48:07.767+0000] {logging_mixin.py:149} INFO - [2023-06-17T03:48:07.767+0000] {dag.py:2726} INFO - Sync 1 DAGs
[2023-06-17T03:48:07.793+0000] {logging_mixin.py:149} INFO - [2023-06-17T03:48:07.793+0000] {dag.py:3490} INFO - Setting next_dagrun for tutorial to 2023-06-16T03:48:07.793521+00:00, run_after=2023-06-17T03:48:07.793521+00:00
[2023-06-17T03:48:07.982+0000] {processor.py:179} INFO - Processing /home/airflow/.local/lib/python3.7/site-packages/airflow/example_dags/tutorial.py took 0.329 seconds
[2023-06-17T03:48:38.039+0000] {processor.py:157} INFO - Started process (PID=1568) to work on /home/airflow/.local/lib/python3.7/site-packages/airflow/example_dags/tutorial.py
[2023-06-17T03:48:38.074+0000] {processor.py:826} INFO - Processing file /home/airflow/.local/lib/python3.7/site-packages/airflow/example_dags/tutorial.py for tasks to queue
[2023-06-17T03:48:38.075+0000] {logging_mixin.py:149} INFO - [2023-06-17T03:48:38.075+0000] {dagbag.py:541} INFO - Filling up the DagBag from /home/airflow/.local/lib/python3.7/site-packages/airflow/example_dags/tutorial.py
[2023-06-17T03:48:38.083+0000] {processor.py:836} INFO - DAG(s) dict_keys(['tutorial']) retrieved from /home/airflow/.local/lib/python3.7/site-packages/airflow/example_dags/tutorial.py
[2023-06-17T03:48:38.117+0000] {logging_mixin.py:149} INFO - [2023-06-17T03:48:38.117+0000] {dag.py:2726} INFO - Sync 1 DAGs
[2023-06-17T03:48:38.166+0000] {logging_mixin.py:149} INFO - [2023-06-17T03:48:38.165+0000] {dag.py:3490} INFO - Setting next_dagrun for tutorial to 2023-06-16T03:48:38.165516+00:00, run_after=2023-06-17T03:48:38.165516+00:00
[2023-06-17T03:48:38.513+0000] {processor.py:179} INFO - Processing /home/airflow/.local/lib/python3.7/site-packages/airflow/example_dags/tutorial.py took 0.478 seconds
[2023-06-17T03:49:09.328+0000] {processor.py:157} INFO - Started process (PID=1629) to work on /home/airflow/.local/lib/python3.7/site-packages/airflow/example_dags/tutorial.py
[2023-06-17T03:49:09.434+0000] {processor.py:826} INFO - Processing file /home/airflow/.local/lib/python3.7/site-packages/airflow/example_dags/tutorial.py for tasks to queue
[2023-06-17T03:49:09.436+0000] {logging_mixin.py:149} INFO - [2023-06-17T03:49:09.436+0000] {dagbag.py:541} INFO - Filling up the DagBag from /home/airflow/.local/lib/python3.7/site-packages/airflow/example_dags/tutorial.py
[2023-06-17T03:49:09.441+0000] {processor.py:836} INFO - DAG(s) dict_keys(['tutorial']) retrieved from /home/airflow/.local/lib/python3.7/site-packages/airflow/example_dags/tutorial.py
[2023-06-17T03:49:09.461+0000] {logging_mixin.py:149} INFO - [2023-06-17T03:49:09.461+0000] {dag.py:2726} INFO - Sync 1 DAGs
[2023-06-17T03:49:09.487+0000] {logging_mixin.py:149} INFO - [2023-06-17T03:49:09.487+0000] {dag.py:3490} INFO - Setting next_dagrun for tutorial to 2023-06-16T03:49:09.487302+00:00, run_after=2023-06-17T03:49:09.487302+00:00
[2023-06-17T03:49:09.556+0000] {processor.py:179} INFO - Processing /home/airflow/.local/lib/python3.7/site-packages/airflow/example_dags/tutorial.py took 0.231 seconds
[2023-06-17T03:49:40.203+0000] {processor.py:157} INFO - Started process (PID=1691) to work on /home/airflow/.local/lib/python3.7/site-packages/airflow/example_dags/tutorial.py
[2023-06-17T03:49:40.268+0000] {processor.py:826} INFO - Processing file /home/airflow/.local/lib/python3.7/site-packages/airflow/example_dags/tutorial.py for tasks to queue
[2023-06-17T03:49:40.269+0000] {logging_mixin.py:149} INFO - [2023-06-17T03:49:40.269+0000] {dagbag.py:541} INFO - Filling up the DagBag from /home/airflow/.local/lib/python3.7/site-packages/airflow/example_dags/tutorial.py
[2023-06-17T03:49:40.274+0000] {processor.py:836} INFO - DAG(s) dict_keys(['tutorial']) retrieved from /home/airflow/.local/lib/python3.7/site-packages/airflow/example_dags/tutorial.py
[2023-06-17T03:49:40.295+0000] {logging_mixin.py:149} INFO - [2023-06-17T03:49:40.294+0000] {dag.py:2726} INFO - Sync 1 DAGs
[2023-06-17T03:49:40.321+0000] {logging_mixin.py:149} INFO - [2023-06-17T03:49:40.321+0000] {dag.py:3490} INFO - Setting next_dagrun for tutorial to 2023-06-16T03:49:40.321230+00:00, run_after=2023-06-17T03:49:40.321230+00:00
[2023-06-17T03:49:40.350+0000] {processor.py:179} INFO - Processing /home/airflow/.local/lib/python3.7/site-packages/airflow/example_dags/tutorial.py took 0.149 seconds
