[2023-06-16T22:30:08.976+0000] {taskinstance.py:1103} INFO - Dependencies all met for dep_context=non-requeueable deps ti=<TaskInstance: demo_dag.executor_task scheduled__2023-06-16T21:00:00+00:00 [queued]>
[2023-06-16T22:30:09.151+0000] {taskinstance.py:1103} INFO - Dependencies all met for dep_context=requeueable deps ti=<TaskInstance: demo_dag.executor_task scheduled__2023-06-16T21:00:00+00:00 [queued]>
[2023-06-16T22:30:09.151+0000] {taskinstance.py:1308} INFO - Starting attempt 3 of 4
[2023-06-16T22:30:09.239+0000] {taskinstance.py:1327} INFO - Executing <Task(BashOperator): executor_task> on 2023-06-16 21:00:00+00:00
[2023-06-16T22:30:09.254+0000] {standard_task_runner.py:57} INFO - Started process 4027 to run task
[2023-06-16T22:30:09.261+0000] {standard_task_runner.py:84} INFO - Running: ['***', 'tasks', 'run', 'demo_dag', 'executor_task', 'scheduled__2023-06-16T21:00:00+00:00', '--job-id', '111', '--raw', '--subdir', 'DAGS_FOLDER/demo_dag.py', '--cfg-path', '/tmp/tmp7j2w5zcv']
[2023-06-16T22:30:09.266+0000] {standard_task_runner.py:85} INFO - Job 111: Subtask executor_task
[2023-06-16T22:30:09.561+0000] {task_command.py:410} INFO - Running <TaskInstance: demo_dag.executor_task scheduled__2023-06-16T21:00:00+00:00 [running]> on host 31a6f4abb1ec
[2023-06-16T22:30:10.070+0000] {warnings.py:110} WARNING - /home/***/.local/lib/python3.7/site-packages/***/utils/context.py:205: AirflowContextDeprecationWarning: Accessing 'execution_date' from the template is deprecated and will be removed in a future version. Please use 'data_interval_start' or 'logical_date' instead.
  warnings.warn(_create_deprecation_warning(key, self._deprecation_replacements[key]))

[2023-06-16T22:30:10.168+0000] {taskinstance.py:1547} INFO - Exporting env vars: AIRFLOW_CTX_DAG_EMAIL='personaltraingcp@gmail.com' AIRFLOW_CTX_DAG_OWNER='Leyner_Bejarano' AIRFLOW_CTX_DAG_ID='demo_dag' AIRFLOW_CTX_TASK_ID='executor_task' AIRFLOW_CTX_EXECUTION_DATE='2023-06-16T21:00:00+00:00' AIRFLOW_CTX_TRY_NUMBER='3' AIRFLOW_CTX_DAG_RUN_ID='scheduled__2023-06-16T21:00:00+00:00'
[2023-06-16T22:30:10.171+0000] {subprocess.py:63} INFO - Tmp dir root location: 
 /tmp
[2023-06-16T22:30:10.172+0000] {subprocess.py:75} INFO - Running command: ['/bin/bash', '-c', ' \n        cd /opt/***/dags/scripts &&\n        pip install -r requirements.txt &&\n        python lambdaExecutor.py -dt 2023-06-16 -dh 21 -q https://sqs.us-east-2.amazonaws.com/147929168898/lokaInterviewSQS -ak AKIASE4KD7QBGVHE4G7U -sk *** &&\n        pip freeze\n        ']
[2023-06-16T22:30:10.263+0000] {subprocess.py:86} INFO - Output:
[2023-06-16T22:30:12.221+0000] {subprocess.py:93} INFO - Defaulting to user installation because normal site-packages is not writeable
[2023-06-16T22:30:12.567+0000] {subprocess.py:93} INFO - WARNING: Ignoring invalid distribution - (/home/***/.local/lib/python3.7/site-packages)
[2023-06-16T22:30:12.569+0000] {subprocess.py:93} INFO - Requirement already satisfied: boto3==1.26.151 in /home/***/.local/lib/python3.7/site-packages (from -r requirements.txt (line 1)) (1.26.151)
[2023-06-16T22:30:12.585+0000] {subprocess.py:93} INFO - Requirement already satisfied: botocore<1.30.0,>=1.29.151 in /home/***/.local/lib/python3.7/site-packages (from boto3==1.26.151->-r requirements.txt (line 1)) (1.29.155)
[2023-06-16T22:30:12.587+0000] {subprocess.py:93} INFO - Requirement already satisfied: jmespath<2.0.0,>=0.7.1 in /home/***/.local/lib/python3.7/site-packages (from boto3==1.26.151->-r requirements.txt (line 1)) (0.10.0)
[2023-06-16T22:30:12.589+0000] {subprocess.py:93} INFO - Requirement already satisfied: s3transfer<0.7.0,>=0.6.0 in /home/***/.local/lib/python3.7/site-packages (from boto3==1.26.151->-r requirements.txt (line 1)) (0.6.1)
[2023-06-16T22:30:12.602+0000] {subprocess.py:93} INFO - Requirement already satisfied: python-dateutil<3.0.0,>=2.1 in /home/***/.local/lib/python3.7/site-packages (from botocore<1.30.0,>=1.29.151->boto3==1.26.151->-r requirements.txt (line 1)) (2.8.2)
[2023-06-16T22:30:12.604+0000] {subprocess.py:93} INFO - Requirement already satisfied: urllib3<1.27,>=1.25.4 in /home/***/.local/lib/python3.7/site-packages (from botocore<1.30.0,>=1.29.151->boto3==1.26.151->-r requirements.txt (line 1)) (1.26.15)
[2023-06-16T22:30:12.622+0000] {subprocess.py:93} INFO - Requirement already satisfied: six>=1.5 in /home/***/.local/lib/python3.7/site-packages (from python-dateutil<3.0.0,>=2.1->botocore<1.30.0,>=1.29.151->boto3==1.26.151->-r requirements.txt (line 1)) (1.16.0)
