[2023-06-18T19:01:20.229+0000] {taskinstance.py:1103} INFO - Dependencies all met for dep_context=non-requeueable deps ti=<TaskInstance: demo_dag.executor_task scheduled__2023-06-18T18:00:00+00:00 [queued]>
[2023-06-18T19:01:20.988+0000] {taskinstance.py:1103} INFO - Dependencies all met for dep_context=requeueable deps ti=<TaskInstance: demo_dag.executor_task scheduled__2023-06-18T18:00:00+00:00 [queued]>
[2023-06-18T19:01:20.988+0000] {taskinstance.py:1308} INFO - Starting attempt 1 of 4
[2023-06-18T19:01:21.147+0000] {taskinstance.py:1327} INFO - Executing <Task(BashOperator): executor_task> on 2023-06-18 18:00:00+00:00
[2023-06-18T19:01:21.166+0000] {standard_task_runner.py:57} INFO - Started process 68 to run task
[2023-06-18T19:01:21.175+0000] {standard_task_runner.py:84} INFO - Running: ['***', 'tasks', 'run', 'demo_dag', 'executor_task', 'scheduled__2023-06-18T18:00:00+00:00', '--job-id', '155', '--raw', '--subdir', 'DAGS_FOLDER/demo_dag.py', '--cfg-path', '/tmp/tmp6f_qv_w2']
[2023-06-18T19:01:21.180+0000] {standard_task_runner.py:85} INFO - Job 155: Subtask executor_task
[2023-06-18T19:01:21.427+0000] {task_command.py:410} INFO - Running <TaskInstance: demo_dag.executor_task scheduled__2023-06-18T18:00:00+00:00 [running]> on host c60d5dd7e288
[2023-06-18T19:01:21.695+0000] {warnings.py:110} WARNING - /home/***/.local/lib/python3.7/site-packages/***/utils/context.py:205: AirflowContextDeprecationWarning: Accessing 'execution_date' from the template is deprecated and will be removed in a future version. Please use 'data_interval_start' or 'logical_date' instead.
  warnings.warn(_create_deprecation_warning(key, self._deprecation_replacements[key]))

[2023-06-18T19:01:21.994+0000] {taskinstance.py:1547} INFO - Exporting env vars: AIRFLOW_CTX_DAG_EMAIL='personaltraingcp@gmail.com' AIRFLOW_CTX_DAG_OWNER='Leyner_Bejarano' AIRFLOW_CTX_DAG_ID='demo_dag' AIRFLOW_CTX_TASK_ID='executor_task' AIRFLOW_CTX_EXECUTION_DATE='2023-06-18T18:00:00+00:00' AIRFLOW_CTX_TRY_NUMBER='1' AIRFLOW_CTX_DAG_RUN_ID='scheduled__2023-06-18T18:00:00+00:00'
[2023-06-18T19:01:22.004+0000] {subprocess.py:63} INFO - Tmp dir root location: 
 /tmp
[2023-06-18T19:01:22.005+0000] {subprocess.py:75} INFO - Running command: ['/bin/bash', '-c', ' \n        cd /opt/***/dags/scripts &&\n        pip install -r requirements.txt &&\n        python lambdaExecutor.py -dt 2023-06-18 -dh 18 -q https://sqs.us-east-2.amazonaws.com/147929168898/lokaInterviewSQS -ak AKIASE4KD7QBGVHE4G7U -sk *** &&\n        pip freeze\n        ']
[2023-06-18T19:01:22.117+0000] {subprocess.py:86} INFO - Output:
[2023-06-18T19:01:51.450+0000] {subprocess.py:93} INFO - Defaulting to user installation because normal site-packages is not writeable
[2023-06-18T19:02:04.686+0000] {subprocess.py:93} INFO - Collecting boto3==1.26.151 (from -r requirements.txt (line 1))
[2023-06-18T19:02:05.243+0000] {subprocess.py:93} INFO -   Downloading boto3-1.26.151-py3-none-any.whl (135 kB)
[2023-06-18T19:02:05.773+0000] {subprocess.py:93} INFO -      ━━━━━━━━━━━━━━━━━━━━━━━━━━━━━━━━━━━━━ 135.6/135.6 kB 243.7 kB/s eta 0:00:00
[2023-06-18T19:02:07.225+0000] {subprocess.py:93} INFO - Collecting botocore<1.30.0,>=1.29.151 (from boto3==1.26.151->-r requirements.txt (line 1))
[2023-06-18T19:02:07.265+0000] {subprocess.py:93} INFO -   Downloading botocore-1.29.155-py3-none-any.whl (10.9 MB)
[2023-06-18T19:02:11.415+0000] {subprocess.py:93} INFO -      ━━━━━━━━━━━━━━━━━━━━━━━━━━━━━━━━━━━━━━━━ 10.9/10.9 MB 2.6 MB/s eta 0:00:00
[2023-06-18T19:02:11.476+0000] {subprocess.py:93} INFO - Requirement already satisfied: jmespath<2.0.0,>=0.7.1 in /home/***/.local/lib/python3.7/site-packages (from boto3==1.26.151->-r requirements.txt (line 1)) (0.10.0)
[2023-06-18T19:02:11.476+0000] {subprocess.py:93} INFO - Requirement already satisfied: s3transfer<0.7.0,>=0.6.0 in /home/***/.local/lib/python3.7/site-packages (from boto3==1.26.151->-r requirements.txt (line 1)) (0.6.1)
[2023-06-18T19:02:11.479+0000] {subprocess.py:93} INFO - Requirement already satisfied: python-dateutil<3.0.0,>=2.1 in /home/***/.local/lib/python3.7/site-packages (from botocore<1.30.0,>=1.29.151->boto3==1.26.151->-r requirements.txt (line 1)) (2.8.2)
[2023-06-18T19:02:11.479+0000] {subprocess.py:93} INFO - Requirement already satisfied: urllib3<1.27,>=1.25.4 in /home/***/.local/lib/python3.7/site-packages (from botocore<1.30.0,>=1.29.151->boto3==1.26.151->-r requirements.txt (line 1)) (1.26.15)
[2023-06-18T19:02:12.177+0000] {subprocess.py:93} INFO - Requirement already satisfied: six>=1.5 in /home/***/.local/lib/python3.7/site-packages (from python-dateutil<3.0.0,>=2.1->botocore<1.30.0,>=1.29.151->boto3==1.26.151->-r requirements.txt (line 1)) (1.16.0)
[2023-06-18T19:02:28.929+0000] {subprocess.py:93} INFO - Installing collected packages: botocore, boto3
[2023-06-18T19:02:28.929+0000] {subprocess.py:93} INFO -   Attempting uninstall: botocore
[2023-06-18T19:02:28.931+0000] {subprocess.py:93} INFO -     Found existing installation: botocore 1.29.76
[2023-06-18T19:02:35.871+0000] {subprocess.py:93} INFO -     Uninstalling botocore-1.29.76:
[2023-06-18T19:04:14.911+0000] {subprocess.py:93} INFO -       Successfully uninstalled botocore-1.29.76
[2023-06-18T19:04:18.867+0000] {subprocess.py:93} INFO -   Attempting uninstall: boto3
[2023-06-18T19:04:18.869+0000] {subprocess.py:93} INFO -     Found existing installation: boto3 1.26.76
[2023-06-18T19:04:18.922+0000] {subprocess.py:93} INFO -     Uninstalling boto3-1.26.76:
[2023-06-18T19:04:19.166+0000] {subprocess.py:93} INFO -       Successfully uninstalled boto3-1.26.76
[2023-06-18T19:04:19.468+0000] {subprocess.py:93} INFO - ERROR: pip's dependency resolver does not currently take into account all the packages that are installed. This behaviour is the source of the following dependency conflicts.
[2023-06-18T19:04:19.469+0000] {subprocess.py:93} INFO - aiobotocore 2.5.0 requires botocore<1.29.77,>=1.29.76, but you have botocore 1.29.155 which is incompatible.
[2023-06-18T19:04:19.469+0000] {subprocess.py:93} INFO - Successfully installed boto3-1.26.151 botocore-1.29.155
[2023-06-18T19:06:13.234+0000] {subprocess.py:93} INFO - adal==1.2.7
[2023-06-18T19:06:13.281+0000] {subprocess.py:93} INFO - aiobotocore==2.5.0
[2023-06-18T19:06:13.282+0000] {subprocess.py:93} INFO - aiofiles==23.1.0
[2023-06-18T19:06:13.282+0000] {subprocess.py:93} INFO - aiohttp==3.8.4
[2023-06-18T19:06:13.282+0000] {subprocess.py:93} INFO - aioitertools==0.11.0
[2023-06-18T19:06:13.282+0000] {subprocess.py:93} INFO - aiosignal==1.3.1
[2023-06-18T19:06:13.282+0000] {subprocess.py:93} INFO - alembic==1.10.4
[2023-06-18T19:06:13.283+0000] {subprocess.py:93} INFO - amqp==5.1.1
[2023-06-18T19:06:13.283+0000] {subprocess.py:93} INFO - anyio==3.6.2
[2023-06-18T19:06:13.283+0000] {subprocess.py:93} INFO - apache-***==2.6.1
[2023-06-18T19:06:13.283+0000] {subprocess.py:93} INFO - apache-***-providers-amazon==8.0.0
[2023-06-18T19:06:13.283+0000] {subprocess.py:93} INFO - apache-***-providers-celery==3.1.0
[2023-06-18T19:06:13.284+0000] {subprocess.py:93} INFO - apache-***-providers-cncf-kubernetes==6.1.0
[2023-06-18T19:06:13.284+0000] {subprocess.py:93} INFO - apache-***-providers-common-sql==1.4.0
[2023-06-18T19:06:13.284+0000] {subprocess.py:93} INFO - apache-***-providers-docker==3.6.0
[2023-06-18T19:06:13.284+0000] {subprocess.py:93} INFO - apache-***-providers-elasticsearch==4.4.0
[2023-06-18T19:06:13.284+0000] {subprocess.py:93} INFO - apache-***-providers-ftp==3.3.1
[2023-06-18T19:06:13.284+0000] {subprocess.py:93} INFO - apache-***-providers-google==10.0.0
[2023-06-18T19:06:13.285+0000] {subprocess.py:93} INFO - apache-***-providers-grpc==3.1.0
[2023-06-18T19:06:13.285+0000] {subprocess.py:93} INFO - apache-***-providers-hashicorp==3.3.1
[2023-06-18T19:06:13.285+0000] {subprocess.py:93} INFO - apache-***-providers-http==4.3.0
[2023-06-18T19:06:13.285+0000] {subprocess.py:93} INFO - apache-***-providers-imap==3.1.1
[2023-06-18T19:06:13.285+0000] {subprocess.py:93} INFO - apache-***-providers-microsoft-azure==6.0.0
[2023-06-18T19:06:13.286+0000] {subprocess.py:93} INFO - apache-***-providers-mysql==5.0.0
[2023-06-18T19:06:13.286+0000] {subprocess.py:93} INFO - apache-***-providers-odbc==3.2.1
[2023-06-18T19:06:13.286+0000] {subprocess.py:93} INFO - apache-***-providers-postgres==5.4.0
[2023-06-18T19:06:13.286+0000] {subprocess.py:93} INFO - apache-***-providers-redis==3.1.0
[2023-06-18T19:06:13.286+0000] {subprocess.py:93} INFO - apache-***-providers-sendgrid==3.1.0
[2023-06-18T19:06:13.287+0000] {subprocess.py:93} INFO - apache-***-providers-sftp==4.2.4
[2023-06-18T19:06:13.287+0000] {subprocess.py:93} INFO - apache-***-providers-slack==7.2.0
[2023-06-18T19:06:13.287+0000] {subprocess.py:93} INFO - apache-***-providers-snowflake==4.0.5
[2023-06-18T19:06:13.287+0000] {subprocess.py:93} INFO - apache-***-providers-sqlite==3.3.2
[2023-06-18T19:06:13.287+0000] {subprocess.py:93} INFO - apache-***-providers-ssh==3.6.0
[2023-06-18T19:06:13.287+0000] {subprocess.py:93} INFO - apispec==5.2.2
[2023-06-18T19:06:13.288+0000] {subprocess.py:93} INFO - argcomplete==3.0.8
[2023-06-18T19:06:13.288+0000] {subprocess.py:93} INFO - asgiref==3.6.0
[2023-06-18T19:06:13.288+0000] {subprocess.py:93} INFO - asn1crypto==1.5.1
[2023-06-18T19:06:13.288+0000] {subprocess.py:93} INFO - async-timeout==4.0.2
[2023-06-18T19:06:13.288+0000] {subprocess.py:93} INFO - asynctest==0.13.0
[2023-06-18T19:06:13.288+0000] {subprocess.py:93} INFO - attrs==23.1.0
[2023-06-18T19:06:13.289+0000] {subprocess.py:93} INFO - Authlib==1.2.0
[2023-06-18T19:06:13.289+0000] {subprocess.py:93} INFO - azure-batch==13.0.0
[2023-06-18T19:06:13.289+0000] {subprocess.py:93} INFO - azure-common==1.1.28
[2023-06-18T19:06:13.289+0000] {subprocess.py:93} INFO - azure-core==1.26.4
[2023-06-18T19:06:13.289+0000] {subprocess.py:93} INFO - azure-cosmos==4.3.1
[2023-06-18T19:06:13.290+0000] {subprocess.py:93} INFO - azure-datalake-store==0.0.53
[2023-06-18T19:06:13.290+0000] {subprocess.py:93} INFO - azure-identity==1.13.0
[2023-06-18T19:06:13.290+0000] {subprocess.py:93} INFO - azure-keyvault-secrets==4.7.0
[2023-06-18T19:06:13.290+0000] {subprocess.py:93} INFO - azure-kusto-data==0.0.45
[2023-06-18T19:06:13.290+0000] {subprocess.py:93} INFO - azure-mgmt-containerinstance==1.5.0
[2023-06-18T19:06:13.290+0000] {subprocess.py:93} INFO - azure-mgmt-core==1.4.0
[2023-06-18T19:06:13.291+0000] {subprocess.py:93} INFO - azure-mgmt-datafactory==1.1.0
[2023-06-18T19:06:13.291+0000] {subprocess.py:93} INFO - azure-mgmt-datalake-nspkg==3.0.1
[2023-06-18T19:06:13.291+0000] {subprocess.py:93} INFO - azure-mgmt-datalake-store==0.5.0
[2023-06-18T19:06:13.291+0000] {subprocess.py:93} INFO - azure-mgmt-nspkg==3.0.2
[2023-06-18T19:06:13.291+0000] {subprocess.py:93} INFO - azure-mgmt-resource==23.0.0
[2023-06-18T19:06:13.291+0000] {subprocess.py:93} INFO - azure-nspkg==3.0.2
[2023-06-18T19:06:13.292+0000] {subprocess.py:93} INFO - azure-servicebus==7.10.0
[2023-06-18T19:06:13.292+0000] {subprocess.py:93} INFO - azure-storage-blob==12.16.0
[2023-06-18T19:06:13.292+0000] {subprocess.py:93} INFO - azure-storage-common==2.1.0
[2023-06-18T19:06:13.292+0000] {subprocess.py:93} INFO - azure-storage-file==2.1.0
[2023-06-18T19:06:13.292+0000] {subprocess.py:93} INFO - azure-storage-file-datalake==12.11.0
[2023-06-18T19:06:13.292+0000] {subprocess.py:93} INFO - azure-synapse-spark==0.7.0
[2023-06-18T19:06:13.293+0000] {subprocess.py:93} INFO - Babel==2.12.1
[2023-06-18T19:06:13.293+0000] {subprocess.py:93} INFO - backoff==1.10.0
[2023-06-18T19:06:13.293+0000] {subprocess.py:93} INFO - bcrypt==4.0.1
[2023-06-18T19:06:13.293+0000] {subprocess.py:93} INFO - beautifulsoup4==4.12.2
[2023-06-18T19:06:13.293+0000] {subprocess.py:93} INFO - billiard==3.6.4.0
[2023-06-18T19:06:13.293+0000] {subprocess.py:93} INFO - blinker==1.6.2
[2023-06-18T19:06:13.294+0000] {subprocess.py:93} INFO - boto3==1.26.151
[2023-06-18T19:06:13.294+0000] {subprocess.py:93} INFO - botocore==1.29.155
[2023-06-18T19:06:13.294+0000] {subprocess.py:93} INFO - cached-property==1.5.2
[2023-06-18T19:06:13.294+0000] {subprocess.py:93} INFO - cachelib==0.9.0
[2023-06-18T19:06:13.294+0000] {subprocess.py:93} INFO - cachetools==5.3.0
[2023-06-18T19:06:13.294+0000] {subprocess.py:93} INFO - cattrs==22.2.0
[2023-06-18T19:06:13.295+0000] {subprocess.py:93} INFO - celery==5.2.7
[2023-06-18T19:06:13.295+0000] {subprocess.py:93} INFO - certifi==2023.5.7
[2023-06-18T19:06:13.295+0000] {subprocess.py:93} INFO - cffi==1.15.1
[2023-06-18T19:06:13.295+0000] {subprocess.py:93} INFO - chardet==5.1.0
[2023-06-18T19:06:13.295+0000] {subprocess.py:93} INFO - charset-normalizer==2.1.1
[2023-06-18T19:06:13.295+0000] {subprocess.py:93} INFO - click==8.1.3
[2023-06-18T19:06:13.295+0000] {subprocess.py:93} INFO - click-didyoumean==0.3.0
[2023-06-18T19:06:13.296+0000] {subprocess.py:93} INFO - click-plugins==1.1.1
[2023-06-18T19:06:13.296+0000] {subprocess.py:93} INFO - click-repl==0.2.0
[2023-06-18T19:06:13.296+0000] {subprocess.py:93} INFO - clickclick==20.10.2
[2023-06-18T19:06:13.296+0000] {subprocess.py:93} INFO - cloudpickle==2.2.1
[2023-06-18T19:06:13.296+0000] {subprocess.py:93} INFO - colorama==0.4.6
[2023-06-18T19:06:13.296+0000] {subprocess.py:93} INFO - colorlog==4.8.0
[2023-06-18T19:06:13.297+0000] {subprocess.py:93} INFO - ConfigUpdater==3.1.1
[2023-06-18T19:06:13.297+0000] {subprocess.py:93} INFO - connexion==2.14.2
[2023-06-18T19:06:13.297+0000] {subprocess.py:93} INFO - cron-descriptor==1.3.0
[2023-06-18T19:06:13.297+0000] {subprocess.py:93} INFO - croniter==1.3.14
[2023-06-18T19:06:13.297+0000] {subprocess.py:93} INFO - cryptography==40.0.2
[2023-06-18T19:06:13.297+0000] {subprocess.py:93} INFO - dask==2022.2.0
[2023-06-18T19:06:13.297+0000] {subprocess.py:93} INFO - db-dtypes==1.1.1
[2023-06-18T19:06:13.298+0000] {subprocess.py:93} INFO - decorator==5.1.1
[2023-06-18T19:06:13.298+0000] {subprocess.py:93} INFO - Deprecated==1.2.13
[2023-06-18T19:06:13.298+0000] {subprocess.py:93} INFO - dill==0.3.1.1
[2023-06-18T19:06:13.298+0000] {subprocess.py:93} INFO - distlib==0.3.6
[2023-06-18T19:06:13.298+0000] {subprocess.py:93} INFO - distributed==2022.2.0
[2023-06-18T19:06:13.298+0000] {subprocess.py:93} INFO - dnspython==2.3.0
[2023-06-18T19:06:13.298+0000] {subprocess.py:93} INFO - docker==6.1.2
[2023-06-18T19:06:13.299+0000] {subprocess.py:93} INFO - docutils==0.20
[2023-06-18T19:06:13.299+0000] {subprocess.py:93} INFO - elasticsearch==7.13.4
[2023-06-18T19:06:13.299+0000] {subprocess.py:93} INFO - elasticsearch-dbapi==0.2.10
[2023-06-18T19:06:13.299+0000] {subprocess.py:93} INFO - elasticsearch-dsl==7.4.1
[2023-06-18T19:06:13.299+0000] {subprocess.py:93} INFO - email-validator==1.3.1
[2023-06-18T19:06:13.299+0000] {subprocess.py:93} INFO - eventlet==0.33.3
[2023-06-18T19:06:13.299+0000] {subprocess.py:93} INFO - exceptiongroup==1.1.1
[2023-06-18T19:06:13.300+0000] {subprocess.py:93} INFO - filelock==3.12.0
[2023-06-18T19:06:13.300+0000] {subprocess.py:93} INFO - Flask==2.2.5
[2023-06-18T19:06:13.300+0000] {subprocess.py:93} INFO - Flask-AppBuilder==4.3.0
[2023-06-18T19:06:13.300+0000] {subprocess.py:93} INFO - Flask-Babel==2.0.0
[2023-06-18T19:06:13.300+0000] {subprocess.py:93} INFO - Flask-Caching==2.0.2
[2023-06-18T19:06:13.300+0000] {subprocess.py:93} INFO - Flask-JWT-Extended==4.4.4
[2023-06-18T19:06:13.300+0000] {subprocess.py:93} INFO - Flask-Limiter==3.3.1
[2023-06-18T19:06:13.300+0000] {subprocess.py:93} INFO - Flask-Login==0.6.2
[2023-06-18T19:06:13.301+0000] {subprocess.py:93} INFO - Flask-Session==0.5.0
[2023-06-18T19:06:13.301+0000] {subprocess.py:93} INFO - Flask-SQLAlchemy==2.5.1
[2023-06-18T19:06:13.301+0000] {subprocess.py:93} INFO - Flask-WTF==1.1.1
[2023-06-18T19:06:13.301+0000] {subprocess.py:93} INFO - flower==1.2.0
[2023-06-18T19:06:13.301+0000] {subprocess.py:93} INFO - frozenlist==1.3.3
[2023-06-18T19:06:13.301+0000] {subprocess.py:93} INFO - fsspec==2023.1.0
[2023-06-18T19:06:13.301+0000] {subprocess.py:93} INFO - future==0.18.3
[2023-06-18T19:06:13.301+0000] {subprocess.py:93} INFO - gcloud-aio-auth==4.2.1
[2023-06-18T19:06:13.302+0000] {subprocess.py:93} INFO - gcloud-aio-bigquery==6.3.0
[2023-06-18T19:06:13.302+0000] {subprocess.py:93} INFO - gcloud-aio-storage==8.2.0
[2023-06-18T19:06:13.302+0000] {subprocess.py:93} INFO - gevent==22.10.2
[2023-06-18T19:06:13.302+0000] {subprocess.py:93} INFO - google-api-core==2.8.2
[2023-06-18T19:06:13.302+0000] {subprocess.py:93} INFO - google-api-python-client==1.12.11
[2023-06-18T19:06:13.302+0000] {subprocess.py:93} INFO - google-auth==2.18.0
[2023-06-18T19:06:13.302+0000] {subprocess.py:93} INFO - google-auth-httplib2==0.1.0
[2023-06-18T19:06:13.302+0000] {subprocess.py:93} INFO - google-auth-oauthlib==0.8.0
[2023-06-18T19:06:13.303+0000] {subprocess.py:93} INFO - google-cloud-aiplatform==1.16.1
[2023-06-18T19:06:13.303+0000] {subprocess.py:93} INFO - google-cloud-appengine-logging==1.1.3
[2023-06-18T19:06:13.303+0000] {subprocess.py:93} INFO - google-cloud-audit-log==0.2.4
[2023-06-18T19:06:13.303+0000] {subprocess.py:93} INFO - google-cloud-automl==2.8.0
[2023-06-18T19:06:13.303+0000] {subprocess.py:93} INFO - google-cloud-bigquery==2.34.4
[2023-06-18T19:06:13.303+0000] {subprocess.py:93} INFO - google-cloud-bigquery-datatransfer==3.7.0
[2023-06-18T19:06:13.303+0000] {subprocess.py:93} INFO - google-cloud-bigquery-storage==2.14.1
[2023-06-18T19:06:13.303+0000] {subprocess.py:93} INFO - google-cloud-bigtable==2.11.1
[2023-06-18T19:06:13.303+0000] {subprocess.py:93} INFO - google-cloud-build==3.9.0
[2023-06-18T19:06:13.304+0000] {subprocess.py:93} INFO - google-cloud-compute==0.7.0
[2023-06-18T19:06:13.304+0000] {subprocess.py:93} INFO - google-cloud-container==2.11.1
[2023-06-18T19:06:13.304+0000] {subprocess.py:93} INFO - google-cloud-core==2.3.2
[2023-06-18T19:06:13.304+0000] {subprocess.py:93} INFO - google-cloud-datacatalog==3.9.0
[2023-06-18T19:06:13.304+0000] {subprocess.py:93} INFO - google-cloud-dataflow-client==0.5.4
[2023-06-18T19:06:13.304+0000] {subprocess.py:93} INFO - google-cloud-dataform==0.2.0
[2023-06-18T19:06:13.304+0000] {subprocess.py:93} INFO - google-cloud-dataplex==1.1.0
[2023-06-18T19:06:13.304+0000] {subprocess.py:93} INFO - google-cloud-dataproc==5.0.0
[2023-06-18T19:06:13.304+0000] {subprocess.py:93} INFO - google-cloud-dataproc-metastore==1.6.0
[2023-06-18T19:06:13.304+0000] {subprocess.py:93} INFO - google-cloud-dlp==3.8.0
[2023-06-18T19:06:13.304+0000] {subprocess.py:93} INFO - google-cloud-kms==2.12.0
[2023-06-18T19:06:13.305+0000] {subprocess.py:93} INFO - google-cloud-language==1.3.2
[2023-06-18T19:06:13.305+0000] {subprocess.py:93} INFO - google-cloud-logging==3.2.1
[2023-06-18T19:06:13.305+0000] {subprocess.py:93} INFO - google-cloud-memcache==1.4.1
[2023-06-18T19:06:13.305+0000] {subprocess.py:93} INFO - google-cloud-monitoring==2.11.0
[2023-06-18T19:06:13.305+0000] {subprocess.py:93} INFO - google-cloud-orchestration-***==1.4.1
[2023-06-18T19:06:13.305+0000] {subprocess.py:93} INFO - google-cloud-os-login==2.7.1
[2023-06-18T19:06:13.305+0000] {subprocess.py:93} INFO - google-cloud-pubsub==2.13.5
[2023-06-18T19:06:13.305+0000] {subprocess.py:93} INFO - google-cloud-redis==2.9.0
[2023-06-18T19:06:13.305+0000] {subprocess.py:93} INFO - google-cloud-resource-manager==1.6.0
[2023-06-18T19:06:13.305+0000] {subprocess.py:93} INFO - google-cloud-secret-manager==1.0.2
[2023-06-18T19:06:13.306+0000] {subprocess.py:93} INFO - google-cloud-spanner==1.19.3
[2023-06-18T19:06:13.306+0000] {subprocess.py:93} INFO - google-cloud-speech==1.3.4
[2023-06-18T19:06:13.306+0000] {subprocess.py:93} INFO - google-cloud-storage==2.9.0
[2023-06-18T19:06:13.306+0000] {subprocess.py:93} INFO - google-cloud-tasks==2.10.1
[2023-06-18T19:06:13.306+0000] {subprocess.py:93} INFO - google-cloud-texttospeech==1.0.3
[2023-06-18T19:06:13.306+0000] {subprocess.py:93} INFO - google-cloud-translate==1.7.2
[2023-06-18T19:06:13.306+0000] {subprocess.py:93} INFO - google-cloud-videointelligence==1.16.3
[2023-06-18T19:06:13.306+0000] {subprocess.py:93} INFO - google-cloud-vision==1.0.2
[2023-06-18T19:06:13.306+0000] {subprocess.py:93} INFO - google-cloud-workflows==1.7.1
[2023-06-18T19:06:13.306+0000] {subprocess.py:93} INFO - google-crc32c==1.5.0
[2023-06-18T19:06:13.306+0000] {subprocess.py:93} INFO - google-resumable-media==2.5.0
[2023-06-18T19:06:13.307+0000] {subprocess.py:93} INFO - googleapis-common-protos==1.56.4
[2023-06-18T19:06:13.307+0000] {subprocess.py:93} INFO - graphviz==0.20.1
[2023-06-18T19:06:13.307+0000] {subprocess.py:93} INFO - greenlet==2.0.2
[2023-06-18T19:06:13.307+0000] {subprocess.py:93} INFO - grpc-google-iam-v1==0.12.4
[2023-06-18T19:06:13.307+0000] {subprocess.py:93} INFO - grpcio==1.54.2
[2023-06-18T19:06:13.307+0000] {subprocess.py:93} INFO - grpcio-gcp==0.2.2
[2023-06-18T19:06:13.307+0000] {subprocess.py:93} INFO - grpcio-status==1.48.2
[2023-06-18T19:06:13.307+0000] {subprocess.py:93} INFO - gunicorn==20.1.0
[2023-06-18T19:06:13.307+0000] {subprocess.py:93} INFO - h11==0.14.0
[2023-06-18T19:06:13.307+0000] {subprocess.py:93} INFO - HeapDict==1.0.1
[2023-06-18T19:06:13.307+0000] {subprocess.py:93} INFO - httpcore==0.16.3
[2023-06-18T19:06:13.308+0000] {subprocess.py:93} INFO - httplib2==0.21.0
[2023-06-18T19:06:13.308+0000] {subprocess.py:93} INFO - httpx==0.23.3
[2023-06-18T19:06:13.308+0000] {subprocess.py:93} INFO - humanize==4.6.0
[2023-06-18T19:06:13.308+0000] {subprocess.py:93} INFO - hvac==1.1.0
[2023-06-18T19:06:13.308+0000] {subprocess.py:93} INFO - idna==3.4
[2023-06-18T19:06:13.308+0000] {subprocess.py:93} INFO - importlib-metadata==4.13.0
[2023-06-18T19:06:13.308+0000] {subprocess.py:93} INFO - importlib-resources==5.12.0
[2023-06-18T19:06:13.308+0000] {subprocess.py:93} INFO - inflection==0.5.1
[2023-06-18T19:06:13.308+0000] {subprocess.py:93} INFO - isodate==0.6.1
[2023-06-18T19:06:13.308+0000] {subprocess.py:93} INFO - itsdangerous==2.1.2
[2023-06-18T19:06:13.309+0000] {subprocess.py:93} INFO - Jinja2==3.1.2
[2023-06-18T19:06:13.309+0000] {subprocess.py:93} INFO - jmespath==0.10.0
[2023-06-18T19:06:13.309+0000] {subprocess.py:93} INFO - json-merge-patch==0.2
[2023-06-18T19:06:13.309+0000] {subprocess.py:93} INFO - jsonpath-ng==1.5.3
[2023-06-18T19:06:13.309+0000] {subprocess.py:93} INFO - jsonschema==4.17.3
[2023-06-18T19:06:13.309+0000] {subprocess.py:93} INFO - kombu==5.2.4
[2023-06-18T19:06:13.309+0000] {subprocess.py:93} INFO - kubernetes==23.6.0
[2023-06-18T19:06:13.309+0000] {subprocess.py:93} INFO - kubernetes-asyncio==24.2.3
[2023-06-18T19:06:13.309+0000] {subprocess.py:93} INFO - lazy-object-proxy==1.9.0
[2023-06-18T19:06:13.309+0000] {subprocess.py:93} INFO - ldap3==2.9.1
[2023-06-18T19:06:13.309+0000] {subprocess.py:93} INFO - limits==3.4.0
[2023-06-18T19:06:13.310+0000] {subprocess.py:93} INFO - linkify-it-py==2.0.2
[2023-06-18T19:06:13.310+0000] {subprocess.py:93} INFO - locket==1.0.0
[2023-06-18T19:06:13.310+0000] {subprocess.py:93} INFO - lockfile==0.12.2
[2023-06-18T19:06:13.310+0000] {subprocess.py:93} INFO - looker-sdk==23.8.1
[2023-06-18T19:06:13.310+0000] {subprocess.py:93} INFO - lxml==4.9.2
[2023-06-18T19:06:13.310+0000] {subprocess.py:93} INFO - Mako==1.2.4
[2023-06-18T19:06:13.310+0000] {subprocess.py:93} INFO - Markdown==3.4.3
[2023-06-18T19:06:13.310+0000] {subprocess.py:93} INFO - markdown-it-py==2.2.0
[2023-06-18T19:06:13.310+0000] {subprocess.py:93} INFO - MarkupSafe==2.1.2
[2023-06-18T19:06:13.310+0000] {subprocess.py:93} INFO - marshmallow==3.19.0
[2023-06-18T19:06:13.311+0000] {subprocess.py:93} INFO - marshmallow-enum==1.5.1
[2023-06-18T19:06:13.311+0000] {subprocess.py:93} INFO - marshmallow-oneofschema==3.0.1
[2023-06-18T19:06:13.311+0000] {subprocess.py:93} INFO - marshmallow-sqlalchemy==0.26.1
[2023-06-18T19:06:13.311+0000] {subprocess.py:93} INFO - mdit-py-plugins==0.3.5
[2023-06-18T19:06:13.311+0000] {subprocess.py:93} INFO - mdurl==0.1.2
[2023-06-18T19:06:13.311+0000] {subprocess.py:93} INFO - msal==1.22.0
[2023-06-18T19:06:13.311+0000] {subprocess.py:93} INFO - msal-extensions==1.0.0
[2023-06-18T19:06:13.311+0000] {subprocess.py:93} INFO - msgpack==1.0.5
[2023-06-18T19:06:13.311+0000] {subprocess.py:93} INFO - msrest==0.7.1
[2023-06-18T19:06:13.311+0000] {subprocess.py:93} INFO - msrestazure==0.6.4
[2023-06-18T19:06:13.311+0000] {subprocess.py:93} INFO - multidict==6.0.4
[2023-06-18T19:06:13.312+0000] {subprocess.py:93} INFO - mypy-boto3-appflow==1.26.125
[2023-06-18T19:06:13.312+0000] {subprocess.py:93} INFO - mypy-boto3-rds==1.26.132
[2023-06-18T19:06:13.312+0000] {subprocess.py:93} INFO - mypy-boto3-redshift-data==1.26.109
[2023-06-18T19:06:13.312+0000] {subprocess.py:93} INFO - mysqlclient==2.1.1
[2023-06-18T19:06:13.312+0000] {subprocess.py:93} INFO - numpy==1.21.6
[2023-06-18T19:06:13.312+0000] {subprocess.py:93} INFO - oauthlib==3.2.2
[2023-06-18T19:06:13.312+0000] {subprocess.py:93} INFO - ordered-set==4.1.0
[2023-06-18T19:06:13.312+0000] {subprocess.py:93} INFO - oscrypto==1.3.0
[2023-06-18T19:06:13.312+0000] {subprocess.py:93} INFO - packaging==21.3
[2023-06-18T19:06:13.312+0000] {subprocess.py:93} INFO - pandas==1.3.5
[2023-06-18T19:06:13.312+0000] {subprocess.py:93} INFO - pandas-gbq==0.17.9
[2023-06-18T19:06:13.313+0000] {subprocess.py:93} INFO - paramiko==3.1.0
[2023-06-18T19:06:13.313+0000] {subprocess.py:93} INFO - partd==1.4.0
[2023-06-18T19:06:13.313+0000] {subprocess.py:93} INFO - pathspec==0.9.0
[2023-06-18T19:06:13.313+0000] {subprocess.py:93} INFO - pendulum==2.1.2
[2023-06-18T19:06:13.313+0000] {subprocess.py:93} INFO - pkgutil_resolve_name==1.3.10
[2023-06-18T19:06:13.313+0000] {subprocess.py:93} INFO - platformdirs==3.5.1
[2023-06-18T19:06:13.313+0000] {subprocess.py:93} INFO - pluggy==1.0.0
[2023-06-18T19:06:13.313+0000] {subprocess.py:93} INFO - ply==3.11
[2023-06-18T19:06:13.313+0000] {subprocess.py:93} INFO - portalocker==2.7.0
[2023-06-18T19:06:13.313+0000] {subprocess.py:93} INFO - prison==0.2.1
[2023-06-18T19:06:13.314+0000] {subprocess.py:93} INFO - prometheus-client==0.16.0
[2023-06-18T19:06:13.314+0000] {subprocess.py:93} INFO - prompt-toolkit==3.0.38
[2023-06-18T19:06:13.314+0000] {subprocess.py:93} INFO - proto-plus==1.19.6
[2023-06-18T19:06:13.314+0000] {subprocess.py:93} INFO - protobuf==3.20.0
[2023-06-18T19:06:13.314+0000] {subprocess.py:93} INFO - psutil==5.9.5
[2023-06-18T19:06:13.314+0000] {subprocess.py:93} INFO - psycopg2-binary==2.9.6
[2023-06-18T19:06:13.314+0000] {subprocess.py:93} INFO - pyarrow==9.0.0
[2023-06-18T19:06:13.314+0000] {subprocess.py:93} INFO - pyasn1==0.4.8
[2023-06-18T19:06:13.314+0000] {subprocess.py:93} INFO - pyasn1-modules==0.2.8
[2023-06-18T19:06:13.314+0000] {subprocess.py:93} INFO - pycparser==2.21
[2023-06-18T19:06:13.314+0000] {subprocess.py:93} INFO - pycryptodomex==3.17
[2023-06-18T19:06:13.315+0000] {subprocess.py:93} INFO - pydantic==1.10.7
[2023-06-18T19:06:13.315+0000] {subprocess.py:93} INFO - pydata-google-auth==1.8.0
[2023-06-18T19:06:13.315+0000] {subprocess.py:93} INFO - Pygments==2.15.1
[2023-06-18T19:06:13.315+0000] {subprocess.py:93} INFO - pyhcl==0.4.4
[2023-06-18T19:06:13.315+0000] {subprocess.py:93} INFO - PyJWT==2.7.0
[2023-06-18T19:06:13.315+0000] {subprocess.py:93} INFO - PyNaCl==1.5.0
[2023-06-18T19:06:13.315+0000] {subprocess.py:93} INFO - pyodbc==4.0.39
[2023-06-18T19:06:13.315+0000] {subprocess.py:93} INFO - pyOpenSSL==23.1.1
[2023-06-18T19:06:13.315+0000] {subprocess.py:93} INFO - pyparsing==3.0.9
[2023-06-18T19:06:13.315+0000] {subprocess.py:93} INFO - pyrsistent==0.19.3
[2023-06-18T19:06:13.315+0000] {subprocess.py:93} INFO - python-daemon==3.0.1
[2023-06-18T19:06:13.316+0000] {subprocess.py:93} INFO - python-dateutil==2.8.2
[2023-06-18T19:06:13.316+0000] {subprocess.py:93} INFO - python-dotenv==0.21.1
[2023-06-18T19:06:13.316+0000] {subprocess.py:93} INFO - python-http-client==3.3.7
[2023-06-18T19:06:13.316+0000] {subprocess.py:93} INFO - python-ldap==3.4.3
[2023-06-18T19:06:13.316+0000] {subprocess.py:93} INFO - python-nvd3==0.15.0
[2023-06-18T19:06:13.316+0000] {subprocess.py:93} INFO - python-slugify==8.0.1
[2023-06-18T19:06:13.316+0000] {subprocess.py:93} INFO - pytz==2023.3
[2023-06-18T19:06:13.316+0000] {subprocess.py:93} INFO - pytzdata==2020.1
[2023-06-18T19:06:13.316+0000] {subprocess.py:93} INFO - PyYAML==6.0
[2023-06-18T19:06:13.316+0000] {subprocess.py:93} INFO - redis==3.5.3
[2023-06-18T19:06:13.317+0000] {subprocess.py:93} INFO - redshift-connector==2.0.910
[2023-06-18T19:06:13.317+0000] {subprocess.py:93} INFO - requests==2.30.0
[2023-06-18T19:06:13.317+0000] {subprocess.py:93} INFO - requests-oauthlib==1.3.1
[2023-06-18T19:06:13.317+0000] {subprocess.py:93} INFO - requests-toolbelt==1.0.0
[2023-06-18T19:06:13.317+0000] {subprocess.py:93} INFO - rfc3339-validator==0.1.4
[2023-06-18T19:06:13.317+0000] {subprocess.py:93} INFO - rfc3986==1.5.0
[2023-06-18T19:06:13.317+0000] {subprocess.py:93} INFO - rich==13.3.5
[2023-06-18T19:06:13.317+0000] {subprocess.py:93} INFO - rich_argparse==1.1.0
[2023-06-18T19:06:13.317+0000] {subprocess.py:93} INFO - rsa==4.9
[2023-06-18T19:06:13.317+0000] {subprocess.py:93} INFO - s3transfer==0.6.1
[2023-06-18T19:06:13.317+0000] {subprocess.py:93} INFO - scramp==1.4.4
[2023-06-18T19:06:13.318+0000] {subprocess.py:93} INFO - sendgrid==6.10.0
[2023-06-18T19:06:13.318+0000] {subprocess.py:93} INFO - setproctitle==1.3.2
[2023-06-18T19:06:13.318+0000] {subprocess.py:93} INFO - six==1.16.0
[2023-06-18T19:06:13.318+0000] {subprocess.py:93} INFO - slack-sdk==3.21.3
[2023-06-18T19:06:13.318+0000] {subprocess.py:93} INFO - sniffio==1.3.0
[2023-06-18T19:06:13.318+0000] {subprocess.py:93} INFO - snowflake-connector-python==3.0.3
[2023-06-18T19:06:13.318+0000] {subprocess.py:93} INFO - snowflake-sqlalchemy==1.4.7
[2023-06-18T19:06:13.318+0000] {subprocess.py:93} INFO - sortedcontainers==2.4.0
[2023-06-18T19:06:13.318+0000] {subprocess.py:93} INFO - soupsieve==2.4.1
[2023-06-18T19:06:13.318+0000] {subprocess.py:93} INFO - SQLAlchemy==1.4.48
[2023-06-18T19:06:13.318+0000] {subprocess.py:93} INFO - sqlalchemy-bigquery==1.6.1
[2023-06-18T19:06:13.319+0000] {subprocess.py:93} INFO - SQLAlchemy-JSONField==1.0.1.post0
[2023-06-18T19:06:13.319+0000] {subprocess.py:93} INFO - sqlalchemy-redshift==0.8.14
[2023-06-18T19:06:13.319+0000] {subprocess.py:93} INFO - SQLAlchemy-Utils==0.41.1
[2023-06-18T19:06:13.319+0000] {subprocess.py:93} INFO - sqlparse==0.4.4
[2023-06-18T19:06:13.319+0000] {subprocess.py:93} INFO - sshtunnel==0.4.0
[2023-06-18T19:06:13.319+0000] {subprocess.py:93} INFO - starkbank-ecdsa==2.2.0
[2023-06-18T19:06:13.319+0000] {subprocess.py:93} INFO - statsd==4.0.1
[2023-06-18T19:06:13.319+0000] {subprocess.py:93} INFO - tabulate==0.9.0
[2023-06-18T19:06:13.319+0000] {subprocess.py:93} INFO - tblib==1.7.0
[2023-06-18T19:06:13.319+0000] {subprocess.py:93} INFO - tenacity==8.2.2
[2023-06-18T19:06:13.319+0000] {subprocess.py:93} INFO - termcolor==2.3.0
[2023-06-18T19:06:13.320+0000] {subprocess.py:93} INFO - text-unidecode==1.3
[2023-06-18T19:06:13.320+0000] {subprocess.py:93} INFO - toolz==0.12.0
[2023-06-18T19:06:13.320+0000] {subprocess.py:93} INFO - tornado==6.2
[2023-06-18T19:06:13.320+0000] {subprocess.py:93} INFO - typing_extensions==4.5.0
[2023-06-18T19:06:13.320+0000] {subprocess.py:93} INFO - uc-micro-py==1.0.2
[2023-06-18T19:06:13.320+0000] {subprocess.py:93} INFO - unicodecsv==0.14.1
[2023-06-18T19:06:13.320+0000] {subprocess.py:93} INFO - uritemplate==3.0.1
[2023-06-18T19:06:13.320+0000] {subprocess.py:93} INFO - urllib3==1.26.15
[2023-06-18T19:06:13.320+0000] {subprocess.py:93} INFO - vine==5.0.0
[2023-06-18T19:06:13.320+0000] {subprocess.py:93} INFO - virtualenv==20.21.1
[2023-06-18T19:06:13.321+0000] {subprocess.py:93} INFO - watchtower==2.0.1
[2023-06-18T19:06:13.321+0000] {subprocess.py:93} INFO - wcwidth==0.2.6
[2023-06-18T19:06:13.321+0000] {subprocess.py:93} INFO - websocket-client==1.5.1
[2023-06-18T19:06:13.321+0000] {subprocess.py:93} INFO - Werkzeug==2.2.3
[2023-06-18T19:06:13.321+0000] {subprocess.py:93} INFO - wrapt==1.15.0
[2023-06-18T19:06:13.321+0000] {subprocess.py:93} INFO - WTForms==3.0.1
[2023-06-18T19:06:13.321+0000] {subprocess.py:93} INFO - yarl==1.9.2
[2023-06-18T19:06:13.321+0000] {subprocess.py:93} INFO - zict==2.2.0
[2023-06-18T19:06:13.321+0000] {subprocess.py:93} INFO - zipp==3.15.0
[2023-06-18T19:06:13.321+0000] {subprocess.py:93} INFO - zope.event==4.6
[2023-06-18T19:06:13.321+0000] {subprocess.py:93} INFO - zope.interface==6.0
[2023-06-18T19:06:13.339+0000] {subprocess.py:97} INFO - Command exited with return code 0
[2023-06-18T19:06:13.567+0000] {taskinstance.py:1350} INFO - Marking task as SUCCESS. dag_id=demo_dag, task_id=executor_task, execution_date=20230618T180000, start_date=20230618T190120, end_date=20230618T190613
[2023-06-18T19:06:13.738+0000] {local_task_job_runner.py:225} INFO - Task exited with return code 0
[2023-06-18T19:06:13.765+0000] {taskinstance.py:2651} INFO - 0 downstream tasks scheduled from follow-on schedule check
